[0.022s] Invoking command in '/home/autoware/Autoware/build/vehicle_description': /usr/bin/cmake --build /home/autoware/Autoware/build/vehicle_description -- -j32 -l32
[0.101s] Built target vehicle_description_xacro_generated_to_devel_space_
[0.117s] Invoked command in '/home/autoware/Autoware/build/vehicle_description' returned '0': /usr/bin/cmake --build /home/autoware/Autoware/build/vehicle_description -- -j32 -l32
[0.170s] Invoking command in '/home/autoware/Autoware/build/vehicle_description': /usr/bin/cmake --build /home/autoware/Autoware/build/vehicle_description --target tests -- -j32 -l32
[0.277s] Built target tests
[0.295s] Invoked command in '/home/autoware/Autoware/build/vehicle_description' returned '0': /usr/bin/cmake --build /home/autoware/Autoware/build/vehicle_description --target tests -- -j32 -l32
[0.383s] Invoking command in '/home/autoware/Autoware/build/vehicle_description': /usr/bin/cmake --build /home/autoware/Autoware/build/vehicle_description --target install -- -j32 -l32
[0.468s] Built target vehicle_description_xacro_generated_to_devel_space_
[0.500s] [36mInstall the project...[0m
[0.516s] -- Install configuration: "Release"
[0.516s] -- Up-to-date: /home/autoware/Autoware/install/vehicle_description/lib/pkgconfig/vehicle_description.pc
[0.517s] -- Up-to-date: /home/autoware/Autoware/install/vehicle_description/share/vehicle_description/cmake/vehicle_descriptionConfig.cmake
[0.517s] -- Up-to-date: /home/autoware/Autoware/install/vehicle_description/share/vehicle_description/cmake/vehicle_descriptionConfig-version.cmake
[0.517s] -- Up-to-date: /home/autoware/Autoware/install/vehicle_description/share/vehicle_description/package.xml
[0.517s] -- Up-to-date: /home/autoware/Autoware/install/vehicle_description/share/vehicle_description/launch
[0.517s] -- Up-to-date: /home/autoware/Autoware/install/vehicle_description/share/vehicle_description/launch/estima_white.launch
[0.517s] -- Up-to-date: /home/autoware/Autoware/install/vehicle_description/share/vehicle_description/launch/estima_black.launch
[0.517s] -- Up-to-date: /home/autoware/Autoware/install/vehicle_description/share/vehicle_description/launch/lexus.launch
[0.517s] -- Up-to-date: /home/autoware/Autoware/install/vehicle_description/share/vehicle_description/launch/vehicle_model.launch
[0.517s] -- Up-to-date: /home/autoware/Autoware/install/vehicle_description/share/vehicle_description/launch/milee.launch
[0.517s] -- Up-to-date: /home/autoware/Autoware/install/vehicle_description/share/vehicle_description/launch/estima_gray.launch
[0.517s] -- Up-to-date: /home/autoware/Autoware/install/vehicle_description/share/vehicle_description/mesh
[0.517s] -- Up-to-date: /home/autoware/Autoware/install/vehicle_description/share/vehicle_description/mesh/CAR_original.stl
[0.518s] -- Up-to-date: /home/autoware/Autoware/install/vehicle_description/share/vehicle_description/mesh/estima_bg_black.jpg
[0.518s] -- Up-to-date: /home/autoware/Autoware/install/vehicle_description/share/vehicle_description/mesh/CAR_original.dae
[0.518s] -- Up-to-date: /home/autoware/Autoware/install/vehicle_description/share/vehicle_description/mesh/estima_right_gray.jpg
[0.518s] -- Up-to-date: /home/autoware/Autoware/install/vehicle_description/share/vehicle_description/mesh/xe.dae
[0.518s] -- Up-to-date: /home/autoware/Autoware/install/vehicle_description/share/vehicle_description/mesh/default.dae
[0.518s] -- Up-to-date: /home/autoware/Autoware/install/vehicle_description/share/vehicle_description/mesh/estima_left_gray.jpg
[0.518s] -- Up-to-date: /home/autoware/Autoware/install/vehicle_description/share/vehicle_description/mesh/estima_right_black.jpg
[0.518s] -- Up-to-date: /home/autoware/Autoware/install/vehicle_description/share/vehicle_description/mesh/estima_white.dae
[0.518s] -- Up-to-date: /home/autoware/Autoware/install/vehicle_description/share/vehicle_description/mesh/estima_gray.dae
[0.518s] -- Up-to-date: /home/autoware/Autoware/install/vehicle_description/share/vehicle_description/mesh/estima_right_white.jpg
[0.518s] -- Up-to-date: /home/autoware/Autoware/install/vehicle_description/share/vehicle_description/mesh/_51225ex2diffuse.jpeg
[0.518s] -- Up-to-date: /home/autoware/Autoware/install/vehicle_description/share/vehicle_description/mesh/lexus.dae
[0.518s] -- Up-to-date: /home/autoware/Autoware/install/vehicle_description/share/vehicle_description/mesh/milee.dae
[0.518s] -- Up-to-date: /home/autoware/Autoware/install/vehicle_description/share/vehicle_description/mesh/estima_left_black.jpg
[0.519s] -- Up-to-date: /home/autoware/Autoware/install/vehicle_description/share/vehicle_description/mesh/prius.dae
[0.519s] -- Up-to-date: /home/autoware/Autoware/install/vehicle_description/share/vehicle_description/mesh/estima_black.dae
[0.519s] -- Up-to-date: /home/autoware/Autoware/install/vehicle_description/share/vehicle_description/mesh/estima_bg_white.jpg
[0.519s] -- Up-to-date: /home/autoware/Autoware/install/vehicle_description/share/vehicle_description/mesh/lexus.jpg
[0.519s] -- Up-to-date: /home/autoware/Autoware/install/vehicle_description/share/vehicle_description/mesh/estima_left_white.jpg
[0.519s] -- Up-to-date: /home/autoware/Autoware/install/vehicle_description/share/vehicle_description/mesh/estima_bg_gray.jpg
[0.519s] -- Up-to-date: /home/autoware/Autoware/install/vehicle_description/share/vehicle_description/mesh/_51225ex1diffuse.jpeg
[0.519s] -- Up-to-date: /home/autoware/Autoware/install/vehicle_description/share/vehicle_description/urdf
[0.521s] -- Installing: /home/autoware/Autoware/install/vehicle_description/share/vehicle_description/urdf/prius.urdf
[0.521s] -- Up-to-date: /home/autoware/Autoware/install/vehicle_description/share/vehicle_description/urdf/estima_white.urdf
[0.521s] -- Up-to-date: /home/autoware/Autoware/install/vehicle_description/share/vehicle_description/urdf/estima_gray.urdf
[0.521s] -- Up-to-date: /home/autoware/Autoware/install/vehicle_description/share/vehicle_description/urdf/lexus.urdf
[0.521s] -- Up-to-date: /home/autoware/Autoware/install/vehicle_description/share/vehicle_description/urdf/sim_default.urdf
[0.521s] -- Up-to-date: /home/autoware/Autoware/install/vehicle_description/share/vehicle_description/urdf/default.urdf
[0.522s] -- Up-to-date: /home/autoware/Autoware/install/vehicle_description/share/vehicle_description/urdf/estima_black.urdf
[0.522s] -- Up-to-date: /home/autoware/Autoware/install/vehicle_description/share/vehicle_description/urdf/xe.urdf
[0.522s] -- Up-to-date: /home/autoware/Autoware/install/vehicle_description/share/vehicle_description/urdf/milee.urdf
[0.522s] Invoked command in '/home/autoware/Autoware/build/vehicle_description' returned '0': /usr/bin/cmake --build /home/autoware/Autoware/build/vehicle_description --target install -- -j32 -l32
