Determining if the pthread_create exist failed with the following output:
Change Dir: /home/autoware/Autoware/build/decision_maker/CMakeFiles/CMakeTmp

Run Build Command:"/usr/bin/make" "cmTC_200c8/fast"
/usr/bin/make -f CMakeFiles/cmTC_200c8.dir/build.make CMakeFiles/cmTC_200c8.dir/build
make[1]: Entering directory '/home/autoware/Autoware/build/decision_maker/CMakeFiles/CMakeTmp'
Building C object CMakeFiles/cmTC_200c8.dir/CheckSymbolExists.c.o
/usr/bin/cc    -o CMakeFiles/cmTC_200c8.dir/CheckSymbolExists.c.o   -c /home/autoware/Autoware/build/decision_maker/CMakeFiles/CMakeTmp/CheckSymbolExists.c
Linking C executable cmTC_200c8
/usr/bin/cmake -E cmake_link_script CMakeFiles/cmTC_200c8.dir/link.txt --verbose=1
/usr/bin/cc      -rdynamic CMakeFiles/cmTC_200c8.dir/CheckSymbolExists.c.o  -o cmTC_200c8 
CMakeFiles/cmTC_200c8.dir/CheckSymbolExists.c.o: In function `main':
CheckSymbolExists.c:(.text+0x1b): undefined reference to `pthread_create'
collect2: error: ld returned 1 exit status
CMakeFiles/cmTC_200c8.dir/build.make:97: recipe for target 'cmTC_200c8' failed
make[1]: *** [cmTC_200c8] Error 1
make[1]: Leaving directory '/home/autoware/Autoware/build/decision_maker/CMakeFiles/CMakeTmp'
Makefile:126: recipe for target 'cmTC_200c8/fast' failed
make: *** [cmTC_200c8/fast] Error 2

File /home/autoware/Autoware/build/decision_maker/CMakeFiles/CMakeTmp/CheckSymbolExists.c:
/* */
#include <pthread.h>

int main(int argc, char** argv)
{
  (void)argv;
#ifndef pthread_create
  return ((int*)(&pthread_create))[argc];
#else
  (void)argc;
  return 0;
#endif
}

Determining if the function pthread_create exists in the pthreads failed with the following output:
Change Dir: /home/autoware/Autoware/build/decision_maker/CMakeFiles/CMakeTmp

Run Build Command:"/usr/bin/make" "cmTC_413ba/fast"
/usr/bin/make -f CMakeFiles/cmTC_413ba.dir/build.make CMakeFiles/cmTC_413ba.dir/build
make[1]: Entering directory '/home/autoware/Autoware/build/decision_maker/CMakeFiles/CMakeTmp'
Building C object CMakeFiles/cmTC_413ba.dir/CheckFunctionExists.c.o
/usr/bin/cc   -DCHECK_FUNCTION_EXISTS=pthread_create   -o CMakeFiles/cmTC_413ba.dir/CheckFunctionExists.c.o   -c /usr/share/cmake-3.10/Modules/CheckFunctionExists.c
Linking C executable cmTC_413ba
/usr/bin/cmake -E cmake_link_script CMakeFiles/cmTC_413ba.dir/link.txt --verbose=1
/usr/bin/cc  -DCHECK_FUNCTION_EXISTS=pthread_create    -rdynamic CMakeFiles/cmTC_413ba.dir/CheckFunctionExists.c.o  -o cmTC_413ba -lpthreads 
/usr/bin/ld: cannot find -lpthreads
collect2: error: ld returned 1 exit status
CMakeFiles/cmTC_413ba.dir/build.make:97: recipe for target 'cmTC_413ba' failed
make[1]: *** [cmTC_413ba] Error 1
make[1]: Leaving directory '/home/autoware/Autoware/build/decision_maker/CMakeFiles/CMakeTmp'
Makefile:126: recipe for target 'cmTC_413ba/fast' failed
make: *** [cmTC_413ba/fast] Error 2


