[0.463s] Invoking command in '/home/autoware/Autoware/build/gnss_localizer': CMAKE_PREFIX_PATH=/home/autoware/Autoware/install/gnss:/home/autoware/Autoware/install/autoware_build_flags:${CMAKE_PREFIX_PATH} LD_LIBRARY_PATH=/home/autoware/Autoware/install/gnss/lib:${LD_LIBRARY_PATH} PKG_CONFIG_PATH=/home/autoware/Autoware/install/gnss/lib/x86_64-linux-gnu/pkgconfig:/home/autoware/Autoware/install/gnss/lib/pkgconfig:/home/autoware/Autoware/install/autoware_build_flags/lib/x86_64-linux-gnu/pkgconfig:/home/autoware/Autoware/install/autoware_build_flags/lib/pkgconfig:${PKG_CONFIG_PATH} ROS_PACKAGE_PATH=/home/autoware/Autoware/install/gnss/share:/home/autoware/Autoware/install/autoware_build_flags/share:${ROS_PACKAGE_PATH} /usr/bin/cmake --build /home/autoware/Autoware/build/gnss_localizer -- -j32 -l32
[0.612s] [  0%] Built target actionlib_generate_messages_lisp
[0.612s] [  0%] Built target tf2_msgs_generate_messages_py
[0.684s] [  0%] Built target tf2_msgs_generate_messages_nodejs
[0.684s] [  0%] Built target actionlib_generate_messages_py
[0.684s] [  0%] Built target actionlib_generate_messages_nodejs
[0.684s] [  0%] Built target actionlib_msgs_generate_messages_cpp
[0.684s] [  0%] Built target rosgraph_msgs_generate_messages_lisp
[0.684s] [  0%] Built target sensor_msgs_generate_messages_py
[0.684s] [  0%] Built target std_msgs_generate_messages_eus
[0.685s] [  0%] Built target actionlib_generate_messages_eus
[0.685s] [  0%] Built target std_msgs_generate_messages_py
[0.685s] [  0%] Built target std_msgs_generate_messages_lisp
[0.685s] [  0%] Built target actionlib_generate_messages_cpp
[0.685s] [  0%] Built target tf_generate_messages_py
[0.685s] [  0%] Built target tf2_msgs_generate_messages_lisp
[0.685s] [  0%] Built target tf2_msgs_generate_messages_cpp
[0.685s] [  0%] Built target tf2_msgs_generate_messages_eus
[0.685s] [  0%] Built target actionlib_msgs_generate_messages_eus
[0.685s] [  0%] Built target roscpp_generate_messages_cpp
[0.685s] [  0%] Built target rosgraph_msgs_generate_messages_nodejs
[0.685s] [  0%] Built target tf_generate_messages_cpp
[0.686s] [  0%] Built target sensor_msgs_generate_messages_nodejs
[0.686s] [  0%] Built target actionlib_msgs_generate_messages_py
[0.686s] [  0%] Built target sensor_msgs_generate_messages_cpp
[0.686s] [  0%] Built target roscpp_generate_messages_py
[0.686s] [  0%] Built target actionlib_msgs_generate_messages_lisp
[0.686s] [  0%] Built target nmea_msgs_generate_messages_eus
[0.686s] [  0%] Built target actionlib_msgs_generate_messages_nodejs
[0.686s] [  0%] Built target roscpp_generate_messages_lisp
[0.686s] [  0%] Built target geometry_msgs_generate_messages_py
[0.686s] [  0%] Built target std_msgs_generate_messages_cpp
[0.686s] [  0%] Built target tf_generate_messages_lisp
[0.686s] [  0%] Built target sensor_msgs_generate_messages_eus
[0.686s] [  0%] Built target rosgraph_msgs_generate_messages_py
[0.687s] [  0%] Built target geometry_msgs_generate_messages_nodejs
[0.687s] [  0%] Built target tf_generate_messages_nodejs
[0.687s] [  0%] Built target nmea_msgs_generate_messages_lisp
[0.687s] [  0%] Built target geometry_msgs_generate_messages_cpp
[0.687s] [  0%] Built target std_msgs_generate_messages_nodejs
[0.687s] [  0%] Built target nmea_msgs_generate_messages_cpp
[0.687s] [  0%] Built target nmea_msgs_generate_messages_py
[0.687s] [  0%] Built target geometry_msgs_generate_messages_lisp
[0.687s] [  0%] Built target geometry_msgs_generate_messages_eus
[0.687s] [  0%] Built target sensor_msgs_generate_messages_lisp
[0.687s] [  0%] Built target nmea_msgs_generate_messages_nodejs
[0.687s] [  0%] Built target rosgraph_msgs_generate_messages_cpp
[0.688s] [  0%] Built target rosgraph_msgs_generate_messages_eus
[0.688s] [  0%] Built target roscpp_generate_messages_nodejs
[0.688s] [  0%] Built target roscpp_generate_messages_eus
[0.688s] [  0%] Built target tf_generate_messages_eus
[0.744s] [ 60%] Built target nmea2tfpose
[0.744s] [100%] Built target fix2tfpose
[0.809s] Invoked command in '/home/autoware/Autoware/build/gnss_localizer' returned '0': CMAKE_PREFIX_PATH=/home/autoware/Autoware/install/gnss:/home/autoware/Autoware/install/autoware_build_flags:${CMAKE_PREFIX_PATH} LD_LIBRARY_PATH=/home/autoware/Autoware/install/gnss/lib:${LD_LIBRARY_PATH} PKG_CONFIG_PATH=/home/autoware/Autoware/install/gnss/lib/x86_64-linux-gnu/pkgconfig:/home/autoware/Autoware/install/gnss/lib/pkgconfig:/home/autoware/Autoware/install/autoware_build_flags/lib/x86_64-linux-gnu/pkgconfig:/home/autoware/Autoware/install/autoware_build_flags/lib/pkgconfig:${PKG_CONFIG_PATH} ROS_PACKAGE_PATH=/home/autoware/Autoware/install/gnss/share:/home/autoware/Autoware/install/autoware_build_flags/share:${ROS_PACKAGE_PATH} /usr/bin/cmake --build /home/autoware/Autoware/build/gnss_localizer -- -j32 -l32
[0.994s] Invoking command in '/home/autoware/Autoware/build/gnss_localizer': CMAKE_PREFIX_PATH=/home/autoware/Autoware/install/gnss:/home/autoware/Autoware/install/autoware_build_flags:${CMAKE_PREFIX_PATH} LD_LIBRARY_PATH=/home/autoware/Autoware/install/gnss/lib:${LD_LIBRARY_PATH} PKG_CONFIG_PATH=/home/autoware/Autoware/install/gnss/lib/x86_64-linux-gnu/pkgconfig:/home/autoware/Autoware/install/gnss/lib/pkgconfig:/home/autoware/Autoware/install/autoware_build_flags/lib/x86_64-linux-gnu/pkgconfig:/home/autoware/Autoware/install/autoware_build_flags/lib/pkgconfig:${PKG_CONFIG_PATH} ROS_PACKAGE_PATH=/home/autoware/Autoware/install/gnss/share:/home/autoware/Autoware/install/autoware_build_flags/share:${ROS_PACKAGE_PATH} /usr/bin/cmake --build /home/autoware/Autoware/build/gnss_localizer --target tests -- -j32 -l32
[1.180s] [ 50%] Built target gtest
[1.181s] [ 50%] Built target nmea_msgs_generate_messages_eus
[1.181s] [ 50%] Built target std_msgs_generate_messages_cpp
[1.182s] [ 50%] Built target std_msgs_generate_messages_py
[1.184s] [ 50%] Built target geometry_msgs_generate_messages_py
[1.184s] [ 50%] Built target std_msgs_generate_messages_lisp
[1.184s] [ 50%] Built target actionlib_msgs_generate_messages_cpp
[1.185s] [ 50%] Built target actionlib_generate_messages_eus
[1.185s] [ 50%] Built target tf_generate_messages_lisp
[1.186s] [ 50%] Built target rosgraph_msgs_generate_messages_nodejs
[1.188s] [ 50%] Built target actionlib_msgs_generate_messages_py
[1.188s] [ 50%] Built target actionlib_msgs_generate_messages_lisp
[1.188s] [ 50%] Built target actionlib_generate_messages_py
[1.188s] [ 50%] Built target tf_generate_messages_cpp
[1.188s] [ 50%] Built target tf2_msgs_generate_messages_nodejs
[1.189s] [ 50%] Built target tf2_msgs_generate_messages_lisp
[1.189s] [ 50%] Built target roscpp_generate_messages_lisp
[1.189s] [ 50%] Built target tf2_msgs_generate_messages_cpp
[1.189s] [ 50%] Built target actionlib_msgs_generate_messages_eus
[1.189s] [ 50%] Built target tf2_msgs_generate_messages_eus
[1.190s] [ 50%] Built target sensor_msgs_generate_messages_py
[1.190s] [ 50%] Built target roscpp_generate_messages_cpp
[1.190s] [ 50%] Built target actionlib_generate_messages_lisp
[1.190s] [ 50%] Built target actionlib_generate_messages_nodejs
[1.190s] [ 50%] Built target actionlib_msgs_generate_messages_nodejs
[1.190s] [ 50%] Built target actionlib_generate_messages_cpp
[1.190s] [ 50%] Built target tf2_msgs_generate_messages_py
[1.190s] [ 50%] Built target tf_generate_messages_py
[1.191s] [ 50%] Built target std_msgs_generate_messages_eus
[1.191s] [ 50%] Built target roscpp_generate_messages_py
[1.191s] [ 50%] Built target sensor_msgs_generate_messages_cpp
[1.191s] [ 50%] Built target sensor_msgs_generate_messages_nodejs
[1.192s] [ 50%] Built target sensor_msgs_generate_messages_lisp
[1.193s] [ 50%] Built target geometry_msgs_generate_messages_lisp
[1.194s] [ 50%] Built target rosgraph_msgs_generate_messages_py
[1.195s] [ 50%] Built target nmea_msgs_generate_messages_py
[1.195s] [ 50%] Built target nmea_msgs_generate_messages_nodejs
[1.195s] [ 50%] Built target geometry_msgs_generate_messages_nodejs
[1.195s] [ 50%] Built target roscpp_generate_messages_nodejs
[1.195s] [ 50%] Built target nmea_msgs_generate_messages_cpp
[1.196s] [ 50%] Built target tf_generate_messages_nodejs
[1.196s] [ 50%] Built target geometry_msgs_generate_messages_cpp
[1.198s] [ 50%] Built target sensor_msgs_generate_messages_eus
[1.198s] [ 50%] Built target std_msgs_generate_messages_nodejs
[1.198s] [ 50%] Built target geometry_msgs_generate_messages_eus
[1.198s] [ 50%] Built target nmea_msgs_generate_messages_lisp
[1.198s] [ 50%] Built target tf_generate_messages_eus
[1.198s] [ 50%] Built target rosgraph_msgs_generate_messages_lisp
[1.199s] [ 50%] Built target rosgraph_msgs_generate_messages_cpp
[1.204s] [ 50%] Built target roscpp_generate_messages_eus
[1.205s] [ 50%] Built target rosgraph_msgs_generate_messages_eus
[1.237s] [100%] Built target nmea_test
[1.256s] [100%] Built target tests
[1.305s] Invoked command in '/home/autoware/Autoware/build/gnss_localizer' returned '0': CMAKE_PREFIX_PATH=/home/autoware/Autoware/install/gnss:/home/autoware/Autoware/install/autoware_build_flags:${CMAKE_PREFIX_PATH} LD_LIBRARY_PATH=/home/autoware/Autoware/install/gnss/lib:${LD_LIBRARY_PATH} PKG_CONFIG_PATH=/home/autoware/Autoware/install/gnss/lib/x86_64-linux-gnu/pkgconfig:/home/autoware/Autoware/install/gnss/lib/pkgconfig:/home/autoware/Autoware/install/autoware_build_flags/lib/x86_64-linux-gnu/pkgconfig:/home/autoware/Autoware/install/autoware_build_flags/lib/pkgconfig:${PKG_CONFIG_PATH} ROS_PACKAGE_PATH=/home/autoware/Autoware/install/gnss/share:/home/autoware/Autoware/install/autoware_build_flags/share:${ROS_PACKAGE_PATH} /usr/bin/cmake --build /home/autoware/Autoware/build/gnss_localizer --target tests -- -j32 -l32
[2.096s] Invoking command in '/home/autoware/Autoware/build/gnss_localizer': CMAKE_PREFIX_PATH=/home/autoware/Autoware/install/gnss:/home/autoware/Autoware/install/autoware_build_flags:${CMAKE_PREFIX_PATH} LD_LIBRARY_PATH=/home/autoware/Autoware/install/gnss/lib:${LD_LIBRARY_PATH} PKG_CONFIG_PATH=/home/autoware/Autoware/install/gnss/lib/x86_64-linux-gnu/pkgconfig:/home/autoware/Autoware/install/gnss/lib/pkgconfig:/home/autoware/Autoware/install/autoware_build_flags/lib/x86_64-linux-gnu/pkgconfig:/home/autoware/Autoware/install/autoware_build_flags/lib/pkgconfig:${PKG_CONFIG_PATH} ROS_PACKAGE_PATH=/home/autoware/Autoware/install/gnss/share:/home/autoware/Autoware/install/autoware_build_flags/share:${ROS_PACKAGE_PATH} /usr/bin/cmake --build /home/autoware/Autoware/build/gnss_localizer --target install -- -j32 -l32
[2.317s] [  0%] Built target actionlib_generate_messages_eus
[2.317s] [  0%] Built target tf_generate_messages_cpp
[2.318s] [  0%] Built target actionlib_msgs_generate_messages_eus
[2.318s] [  0%] Built target std_msgs_generate_messages_py
[2.318s] [  0%] Built target nmea_msgs_generate_messages_eus
[2.320s] [  0%] Built target rosgraph_msgs_generate_messages_lisp
[2.321s] [  0%] Built target tf2_msgs_generate_messages_nodejs
[2.321s] [  0%] Built target actionlib_msgs_generate_messages_lisp
[2.321s] [  0%] Built target sensor_msgs_generate_messages_nodejs
[2.321s] [  0%] Built target tf2_msgs_generate_messages_cpp
[2.321s] [  0%] Built target tf2_msgs_generate_messages_eus
[2.322s] [  0%] Built target tf2_msgs_generate_messages_py
[2.322s] [  0%] Built target actionlib_msgs_generate_messages_cpp
[2.322s] [  0%] Built target tf2_msgs_generate_messages_lisp
[2.322s] [  0%] Built target actionlib_generate_messages_lisp
[2.322s] [  0%] Built target actionlib_generate_messages_nodejs
[2.322s] [  0%] Built target std_msgs_generate_messages_lisp
[2.322s] [  0%] Built target roscpp_generate_messages_cpp
[2.322s] [  0%] Built target std_msgs_generate_messages_eus
[2.322s] [  0%] Built target geometry_msgs_generate_messages_py
[2.322s] [  0%] Built target actionlib_msgs_generate_messages_py
[2.322s] [  0%] Built target roscpp_generate_messages_lisp
[2.323s] [  0%] Built target rosgraph_msgs_generate_messages_nodejs
[2.323s] [  0%] Built target actionlib_generate_messages_py
[2.323s] [  0%] Built target tf_generate_messages_lisp
[2.323s] [  0%] Built target std_msgs_generate_messages_cpp
[2.323s] [  0%] Built target actionlib_msgs_generate_messages_nodejs
[2.323s] [  0%] Built target roscpp_generate_messages_py
[2.323s] [  0%] Built target actionlib_generate_messages_cpp
[2.323s] [  0%] Built target sensor_msgs_generate_messages_cpp
[2.323s] [  0%] Built target sensor_msgs_generate_messages_py
[2.323s] [  0%] Built target tf_generate_messages_py
[2.323s] [  0%] Built target sensor_msgs_generate_messages_eus
[2.323s] [  0%] Built target geometry_msgs_generate_messages_nodejs
[2.324s] [  0%] Built target nmea_msgs_generate_messages_lisp
[2.324s] [  0%] Built target geometry_msgs_generate_messages_lisp
[2.325s] [  0%] Built target sensor_msgs_generate_messages_lisp
[2.325s] [  0%] Built target nmea_msgs_generate_messages_nodejs
[2.326s] [  0%] Built target tf_generate_messages_nodejs
[2.326s] [  0%] Built target geometry_msgs_generate_messages_cpp
[2.326s] [  0%] Built target nmea_msgs_generate_messages_cpp
[2.326s] [  0%] Built target rosgraph_msgs_generate_messages_py
[2.326s] [  0%] Built target geometry_msgs_generate_messages_eus
[2.327s] [  0%] Built target tf_generate_messages_eus
[2.327s] [  0%] Built target std_msgs_generate_messages_nodejs
[2.328s] [  0%] Built target rosgraph_msgs_generate_messages_cpp
[2.330s] [  0%] Built target roscpp_generate_messages_nodejs
[2.331s] [  0%] Built target roscpp_generate_messages_eus
[2.331s] [  0%] Built target nmea_msgs_generate_messages_py
[2.331s] [  0%] Built target rosgraph_msgs_generate_messages_eus
[2.331s] [ 80%] Built target fix2tfpose
[2.331s] [100%] Built target nmea2tfpose
[2.461s] Install the project...
[2.462s] -- Install configuration: "Release"
[2.462s] -- Up-to-date: /home/autoware/Autoware/install/gnss_localizer/lib/pkgconfig/gnss_localizer.pc
[2.462s] -- Up-to-date: /home/autoware/Autoware/install/gnss_localizer/share/gnss_localizer/cmake/gnss_localizerConfig.cmake
[2.462s] -- Up-to-date: /home/autoware/Autoware/install/gnss_localizer/share/gnss_localizer/cmake/gnss_localizerConfig-version.cmake
[2.462s] -- Up-to-date: /home/autoware/Autoware/install/gnss_localizer/share/gnss_localizer/package.xml
[2.462s] -- Up-to-date: /home/autoware/Autoware/install/gnss_localizer/lib/gnss_localizer/nmea2tfpose
[2.462s] -- Up-to-date: /home/autoware/Autoware/install/gnss_localizer/lib/gnss_localizer/fix2tfpose
[2.462s] -- Up-to-date: /home/autoware/Autoware/install/gnss_localizer/share/gnss_localizer/launch
[2.463s] -- Up-to-date: /home/autoware/Autoware/install/gnss_localizer/share/gnss_localizer/launch/nmea2tfpose.launch
[2.463s] -- Up-to-date: /home/autoware/Autoware/install/gnss_localizer/share/gnss_localizer/launch/fix2tfpose.launch
[2.737s] Invoked command in '/home/autoware/Autoware/build/gnss_localizer' returned '0': CMAKE_PREFIX_PATH=/home/autoware/Autoware/install/gnss:/home/autoware/Autoware/install/autoware_build_flags:${CMAKE_PREFIX_PATH} LD_LIBRARY_PATH=/home/autoware/Autoware/install/gnss/lib:${LD_LIBRARY_PATH} PKG_CONFIG_PATH=/home/autoware/Autoware/install/gnss/lib/x86_64-linux-gnu/pkgconfig:/home/autoware/Autoware/install/gnss/lib/pkgconfig:/home/autoware/Autoware/install/autoware_build_flags/lib/x86_64-linux-gnu/pkgconfig:/home/autoware/Autoware/install/autoware_build_flags/lib/pkgconfig:${PKG_CONFIG_PATH} ROS_PACKAGE_PATH=/home/autoware/Autoware/install/gnss/share:/home/autoware/Autoware/install/autoware_build_flags/share:${ROS_PACKAGE_PATH} /usr/bin/cmake --build /home/autoware/Autoware/build/gnss_localizer --target install -- -j32 -l32
