[0.618s] Invoking command in '/home/autoware/Autoware/build/sick_lms5xx': /usr/bin/cmake --build /home/autoware/Autoware/build/sick_lms5xx -- -j32 -l32
[0.799s] [  0%] Built target actionlib_generate_messages_py
[0.799s] [  0%] Built target rosgraph_msgs_generate_messages_cpp
[0.799s] [  0%] Built target roscpp_generate_messages_py
[0.799s] [  0%] Built target actionlib_msgs_generate_messages_nodejs
[0.799s] [  0%] Built target rosgraph_msgs_generate_messages_eus
[0.800s] [  0%] Built target geometry_msgs_generate_messages_nodejs
[0.800s] [  0%] Built target roscpp_generate_messages_nodejs
[0.800s] [  0%] Built target actionlib_generate_messages_eus
[0.803s] [  0%] Built target roscpp_generate_messages_eus
[0.804s] [  0%] Built target actionlib_generate_messages_lisp
[0.804s] [  0%] Built target actionlib_msgs_generate_messages_eus
[0.804s] [  0%] Built target tf2_msgs_generate_messages_lisp
[0.804s] [  0%] Built target actionlib_msgs_generate_messages_lisp
[0.804s] [  0%] Built target rosgraph_msgs_generate_messages_nodejs
[0.804s] [  0%] Built target tf_generate_messages_lisp
[0.805s] [  0%] Built target std_msgs_generate_messages_py
[0.805s] [  0%] Built target geometry_msgs_generate_messages_py
[0.805s] [  0%] Built target tf2_msgs_generate_messages_cpp
[0.805s] [  0%] Built target actionlib_generate_messages_nodejs
[0.805s] [  0%] Built target tf2_msgs_generate_messages_nodejs
[0.805s] [  0%] Built target tf2_msgs_generate_messages_eus
[0.805s] [  0%] Built target std_msgs_generate_messages_eus
[0.808s] [  0%] Built target rosgraph_msgs_generate_messages_py
[0.808s] [  0%] Built target rosgraph_msgs_generate_messages_lisp
[0.808s] [  0%] Built target actionlib_msgs_generate_messages_cpp
[0.808s] [  0%] Built target tf_generate_messages_eus
[0.808s] [  0%] Built target actionlib_msgs_generate_messages_py
[0.808s] [  0%] Built target tf_generate_messages_py
[0.808s] [  0%] Built target tf2_msgs_generate_messages_py
[0.809s] [  0%] Built target geometry_msgs_generate_messages_eus
[0.809s] [  0%] Built target roscpp_generate_messages_lisp
[0.809s] [  0%] Built target std_msgs_generate_messages_cpp
[0.809s] [  0%] Built target std_msgs_generate_messages_nodejs
[0.809s] [  0%] Built target geometry_msgs_generate_messages_cpp
[0.809s] [  0%] Built target tf_generate_messages_cpp
[0.809s] [  0%] Built target tf_generate_messages_nodejs
[0.809s] [  0%] Built target sensor_msgs_generate_messages_lisp
[0.809s] [  0%] Built target sensor_msgs_generate_messages_py
[0.810s] [  0%] Built target roscpp_generate_messages_cpp
[0.810s] [  0%] Built target std_msgs_generate_messages_lisp
[0.810s] [  0%] Built target sensor_msgs_generate_messages_cpp
[0.810s] [  0%] Built target actionlib_generate_messages_cpp
[0.811s] [  0%] Built target sensor_msgs_generate_messages_eus
[0.811s] [  0%] Built target geometry_msgs_generate_messages_lisp
[0.811s] [  0%] Built target sensor_msgs_generate_messages_nodejs
[0.813s] [100%] Built target lms511_node
[0.936s] Invoked command in '/home/autoware/Autoware/build/sick_lms5xx' returned '0': /usr/bin/cmake --build /home/autoware/Autoware/build/sick_lms5xx -- -j32 -l32
[1.169s] Invoking command in '/home/autoware/Autoware/build/sick_lms5xx': /usr/bin/cmake --build /home/autoware/Autoware/build/sick_lms5xx --target tests -- -j32 -l32
[1.300s] Built target tests
[1.345s] Invoked command in '/home/autoware/Autoware/build/sick_lms5xx' returned '0': /usr/bin/cmake --build /home/autoware/Autoware/build/sick_lms5xx --target tests -- -j32 -l32
[1.560s] Invoking command in '/home/autoware/Autoware/build/sick_lms5xx': /usr/bin/cmake --build /home/autoware/Autoware/build/sick_lms5xx --target install -- -j32 -l32
[1.717s] [  0%] Built target rosgraph_msgs_generate_messages_nodejs
[1.717s] [  0%] Built target tf_generate_messages_eus
[1.721s] [  0%] Built target tf2_msgs_generate_messages_nodejs
[1.722s] [  0%] Built target actionlib_generate_messages_lisp
[1.722s] [  0%] Built target actionlib_generate_messages_eus
[1.722s] [  0%] Built target actionlib_generate_messages_nodejs
[1.722s] [  0%] Built target rosgraph_msgs_generate_messages_eus
[1.722s] [  0%] Built target tf2_msgs_generate_messages_py
[1.722s] [  0%] Built target actionlib_generate_messages_py
[1.722s] [  0%] Built target std_msgs_generate_messages_py
[1.722s] [  0%] Built target actionlib_msgs_generate_messages_cpp
[1.722s] [  0%] Built target actionlib_msgs_generate_messages_py
[1.722s] [  0%] Built target geometry_msgs_generate_messages_py
[1.723s] [  0%] Built target tf2_msgs_generate_messages_cpp
[1.723s] [  0%] Built target geometry_msgs_generate_messages_eus
[1.723s] [  0%] Built target actionlib_msgs_generate_messages_lisp
[1.724s] [  0%] Built target rosgraph_msgs_generate_messages_py
[1.727s] [  0%] Built target actionlib_msgs_generate_messages_eus
[1.727s] [  0%] Built target roscpp_generate_messages_nodejs
[1.727s] [  0%] Built target roscpp_generate_messages_py
[1.727s] [  0%] Built target tf2_msgs_generate_messages_lisp
[1.728s] [  0%] Built target rosgraph_msgs_generate_messages_cpp
[1.728s] [  0%] Built target tf_generate_messages_lisp
[1.728s] [  0%] Built target rosgraph_msgs_generate_messages_lisp
[1.728s] [  0%] Built target tf2_msgs_generate_messages_eus
[1.728s] [  0%] Built target tf_generate_messages_py
[1.729s] [  0%] Built target std_msgs_generate_messages_cpp
[1.729s] [  0%] Built target roscpp_generate_messages_lisp
[1.729s] [  0%] Built target roscpp_generate_messages_eus
[1.729s] [  0%] Built target geometry_msgs_generate_messages_nodejs
[1.729s] [  0%] Built target std_msgs_generate_messages_eus
[1.729s] [  0%] Built target actionlib_msgs_generate_messages_nodejs
[1.730s] [  0%] Built target sensor_msgs_generate_messages_cpp
[1.730s] [  0%] Built target sensor_msgs_generate_messages_py
[1.730s] [  0%] Built target tf_generate_messages_nodejs
[1.730s] [  0%] Built target sensor_msgs_generate_messages_lisp
[1.730s] [  0%] Built target std_msgs_generate_messages_lisp
[1.730s] [  0%] Built target std_msgs_generate_messages_nodejs
[1.730s] [  0%] Built target actionlib_generate_messages_cpp
[1.731s] [  0%] Built target roscpp_generate_messages_cpp
[1.731s] [  0%] Built target geometry_msgs_generate_messages_lisp
[1.731s] [  0%] Built target tf_generate_messages_cpp
[1.731s] [  0%] Built target sensor_msgs_generate_messages_nodejs
[1.731s] [  0%] Built target geometry_msgs_generate_messages_cpp
[1.731s] [  0%] Built target sensor_msgs_generate_messages_eus
[1.946s] [100%] Built target lms511_node
[1.946s] Install the project...
[1.946s] -- Install configuration: "Release"
[1.947s] -- Up-to-date: /home/autoware/Autoware/install/sick_lms5xx/lib/pkgconfig/sick_lms5xx.pc
[1.947s] -- Up-to-date: /home/autoware/Autoware/install/sick_lms5xx/share/sick_lms5xx/cmake/sick_lms5xxConfig.cmake
[1.947s] -- Up-to-date: /home/autoware/Autoware/install/sick_lms5xx/share/sick_lms5xx/cmake/sick_lms5xxConfig-version.cmake
[1.948s] -- Up-to-date: /home/autoware/Autoware/install/sick_lms5xx/share/sick_lms5xx/package.xml
[1.948s] -- Up-to-date: /home/autoware/Autoware/install/sick_lms5xx/lib/sick_lms5xx/lms511_node
[2.105s] Invoked command in '/home/autoware/Autoware/build/sick_lms5xx' returned '0': /usr/bin/cmake --build /home/autoware/Autoware/build/sick_lms5xx --target install -- -j32 -l32
