[0.555s] Invoking command in '/home/autoware/Autoware/build/lidar_fake_perception': CMAKE_PREFIX_PATH=/home/autoware/Autoware/install/autoware_msgs:/home/autoware/Autoware/install/autoware_build_flags:${CMAKE_PREFIX_PATH} PKG_CONFIG_PATH=/home/autoware/Autoware/install/autoware_msgs/lib/x86_64-linux-gnu/pkgconfig:/home/autoware/Autoware/install/autoware_msgs/lib/pkgconfig:/home/autoware/Autoware/install/autoware_build_flags/lib/x86_64-linux-gnu/pkgconfig:/home/autoware/Autoware/install/autoware_build_flags/lib/pkgconfig:${PKG_CONFIG_PATH} PYTHONPATH=/home/autoware/Autoware/install/autoware_msgs/lib/python2.7/dist-packages:${PYTHONPATH} ROS_PACKAGE_PATH=/home/autoware/Autoware/install/autoware_msgs/share:/home/autoware/Autoware/install/autoware_build_flags/share:${ROS_PACKAGE_PATH} /usr/bin/cmake --build /home/autoware/Autoware/build/lidar_fake_perception -- -j32 -l32
[1.206s] [  0%] Built target sensor_msgs_generate_messages_eus
[1.207s] [  0%] Built target std_srvs_generate_messages_lisp
[1.207s] [  0%] Built target std_msgs_generate_messages_nodejs
[1.207s] [  0%] Built target tf_generate_messages_lisp
[1.207s] [  0%] Built target roscpp_generate_messages_cpp
[1.207s] [  0%] Built target actionlib_generate_messages_cpp
[1.207s] [  0%] Built target tf2_msgs_generate_messages_nodejs
[1.207s] [  0%] Built target tf2_msgs_generate_messages_py
[1.207s] [  0%] Built target sensor_msgs_generate_messages_cpp
[1.207s] [  0%] Built target jsk_recognition_msgs_generate_messages_eus
[1.207s] [  0%] Built target topic_tools_generate_messages_eus
[1.207s] [  0%] Built target actionlib_generate_messages_py
[1.207s] [  0%] Built target autoware_msgs_generate_messages_cpp
[1.208s] [  0%] Built target pcl_msgs_generate_messages_eus
[1.208s] [  0%] Built target pcl_msgs_generate_messages_nodejs
[1.208s] [  0%] Built target jsk_recognition_msgs_generate_messages_py
[1.296s] [  0%] Built target tf_generate_messages_py
[1.296s] [  0%] Built target tf2_msgs_generate_messages_eus
[1.296s] [  0%] Built target sensor_msgs_generate_messages_nodejs
[1.296s] [  0%] Built target sensor_msgs_generate_messages_lisp
[1.296s] [  0%] Built target jsk_recognition_msgs_generate_messages_lisp
[1.296s] [  0%] Built target std_srvs_generate_messages_py
[1.296s] [  0%] Built target std_msgs_generate_messages_py
[1.296s] [  0%] Built target topic_tools_generate_messages_nodejs
[1.297s] [  0%] Built target tf_generate_messages_nodejs
[1.297s] [  0%] Built target roscpp_generate_messages_nodejs
[1.297s] [  0%] Built target nodelet_generate_messages_nodejs
[1.297s] [  0%] Built target rosgraph_msgs_generate_messages_cpp
[1.297s] [  0%] Built target bond_generate_messages_lisp
[1.297s] [  0%] Built target std_msgs_generate_messages_cpp
[1.297s] [  0%] Built target actionlib_generate_messages_eus
[1.297s] [  0%] Built target geometry_msgs_generate_messages_py
[1.297s] [  0%] Built target tf2_msgs_generate_messages_cpp
[1.297s] [  0%] Built target sensor_msgs_generate_messages_py
[1.297s] [  0%] Built target nodelet_generate_messages_py
[1.297s] [  0%] Built target jsk_footstep_msgs_generate_messages_py
[1.298s] [  0%] Built target actionlib_generate_messages_lisp
[1.298s] [  0%] Built target pcl_msgs_generate_messages_py
[1.298s] [  0%] Built target rosgraph_msgs_generate_messages_eus
[1.298s] [  0%] Built target jsk_recognition_msgs_generate_messages_cpp
[1.298s] [  0%] Built target tf_generate_messages_cpp
[1.298s] [  0%] Built target topic_tools_generate_messages_cpp
[1.298s] [  0%] Built target nodelet_generate_messages_lisp
[1.298s] [  0%] Built target geometry_msgs_generate_messages_lisp
[1.363s] [  0%] Built target dynamic_reconfigure_generate_messages_cpp
[1.364s] [  0%] Built target pcl_msgs_generate_messages_lisp
[1.364s] [  0%] Built target jsk_footstep_msgs_generate_messages_eus
[1.364s] [  0%] Built target autoware_msgs_generate_messages_eus
[1.364s] [  0%] Built target jsk_footstep_msgs_generate_messages_nodejs
[1.404s] [  0%] Built target std_srvs_generate_messages_cpp
[1.404s] [  0%] Built target std_msgs_generate_messages_eus
[1.405s] [  0%] Built target dynamic_reconfigure_generate_messages_eus
[1.405s] [  0%] Built target autoware_msgs_generate_messages_py
[1.405s] [  0%] Built target std_msgs_generate_messages_lisp
[1.405s] [  0%] Built target geometry_msgs_generate_messages_nodejs
[1.405s] [  0%] Built target autoware_msgs_generate_messages_nodejs
[1.405s] [  0%] Built target autoware_msgs_generate_messages_lisp
[1.405s] [  0%] Built target jsk_footstep_msgs_generate_messages_cpp
[1.405s] [  0%] Built target geometry_msgs_generate_messages_cpp
[1.405s] [  0%] Built target geometry_msgs_generate_messages_eus
[1.405s] [  0%] Built target dynamic_reconfigure_generate_messages_lisp
[1.467s] [  0%] Built target actionlib_msgs_generate_messages_lisp
[1.467s] [  0%] Built target actionlib_msgs_generate_messages_py
[1.467s] [  0%] Built target jsk_footstep_msgs_generate_messages_lisp
[1.467s] [  0%] Built target dynamic_reconfigure_generate_messages_nodejs
[1.467s] [  0%] Built target dynamic_reconfigure_generate_messages_py
[1.470s] [  0%] Built target pcl_ros_gencfg
[1.470s] [  0%] Built target actionlib_msgs_generate_messages_cpp
[1.471s] [  0%] Built target topic_tools_generate_messages_lisp
[1.603s] [  0%] Built target tf2_msgs_generate_messages_lisp
[1.603s] [  0%] Built target rosgraph_msgs_generate_messages_nodejs
[1.603s] [  0%] Built target pcl_msgs_generate_messages_cpp
[1.604s] [  0%] Built target dynamic_reconfigure_gencfg
[1.604s] [  0%] Built target topic_tools_generate_messages_py
[1.604s] [  0%] Built target bond_generate_messages_eus
[1.604s] [  0%] Built target roscpp_generate_messages_py
[1.604s] [  0%] Built target rosgraph_msgs_generate_messages_py
[1.604s] [  0%] Built target roscpp_generate_messages_lisp
[1.604s] [  0%] Built target actionlib_generate_messages_nodejs
[1.604s] [  0%] Built target jsk_recognition_msgs_generate_messages_nodejs
[1.604s] [  0%] Built target bond_generate_messages_py
[1.604s] [  0%] Built target tf_generate_messages_eus
[1.604s] [  0%] Built target std_srvs_generate_messages_eus
[1.623s] [  0%] Built target actionlib_msgs_generate_messages_eus
[1.623s] [  0%] Built target std_srvs_generate_messages_nodejs
[1.624s] [  0%] Built target roscpp_generate_messages_eus
[1.625s] [  0%] Built target bond_generate_messages_cpp
[1.625s] [  0%] Built target nodelet_generate_messages_cpp
[1.625s] [  0%] Built target rosgraph_msgs_generate_messages_lisp
[1.649s] [  0%] Built target actionlib_msgs_generate_messages_nodejs
[1.666s] [  0%] Built target _catkin_empty_exported_target
[1.676s] [  0%] Built target bond_generate_messages_nodejs
[1.676s] [  0%] Built target nodelet_generate_messages_eus
[1.685s] [  0%] Built target nodelet_topic_tools_gencfg
[2.044s] [100%] Built target lidar_fake_perception_node
[2.075s] Invoked command in '/home/autoware/Autoware/build/lidar_fake_perception' returned '0': CMAKE_PREFIX_PATH=/home/autoware/Autoware/install/autoware_msgs:/home/autoware/Autoware/install/autoware_build_flags:${CMAKE_PREFIX_PATH} PKG_CONFIG_PATH=/home/autoware/Autoware/install/autoware_msgs/lib/x86_64-linux-gnu/pkgconfig:/home/autoware/Autoware/install/autoware_msgs/lib/pkgconfig:/home/autoware/Autoware/install/autoware_build_flags/lib/x86_64-linux-gnu/pkgconfig:/home/autoware/Autoware/install/autoware_build_flags/lib/pkgconfig:${PKG_CONFIG_PATH} PYTHONPATH=/home/autoware/Autoware/install/autoware_msgs/lib/python2.7/dist-packages:${PYTHONPATH} ROS_PACKAGE_PATH=/home/autoware/Autoware/install/autoware_msgs/share:/home/autoware/Autoware/install/autoware_build_flags/share:${ROS_PACKAGE_PATH} /usr/bin/cmake --build /home/autoware/Autoware/build/lidar_fake_perception -- -j32 -l32
[2.554s] Invoking command in '/home/autoware/Autoware/build/lidar_fake_perception': CMAKE_PREFIX_PATH=/home/autoware/Autoware/install/autoware_msgs:/home/autoware/Autoware/install/autoware_build_flags:${CMAKE_PREFIX_PATH} PKG_CONFIG_PATH=/home/autoware/Autoware/install/autoware_msgs/lib/x86_64-linux-gnu/pkgconfig:/home/autoware/Autoware/install/autoware_msgs/lib/pkgconfig:/home/autoware/Autoware/install/autoware_build_flags/lib/x86_64-linux-gnu/pkgconfig:/home/autoware/Autoware/install/autoware_build_flags/lib/pkgconfig:${PKG_CONFIG_PATH} PYTHONPATH=/home/autoware/Autoware/install/autoware_msgs/lib/python2.7/dist-packages:${PYTHONPATH} ROS_PACKAGE_PATH=/home/autoware/Autoware/install/autoware_msgs/share:/home/autoware/Autoware/install/autoware_build_flags/share:${ROS_PACKAGE_PATH} /usr/bin/cmake --build /home/autoware/Autoware/build/lidar_fake_perception --target tests -- -j32 -l32
[2.706s] Built target tests
[2.751s] Invoked command in '/home/autoware/Autoware/build/lidar_fake_perception' returned '0': CMAKE_PREFIX_PATH=/home/autoware/Autoware/install/autoware_msgs:/home/autoware/Autoware/install/autoware_build_flags:${CMAKE_PREFIX_PATH} PKG_CONFIG_PATH=/home/autoware/Autoware/install/autoware_msgs/lib/x86_64-linux-gnu/pkgconfig:/home/autoware/Autoware/install/autoware_msgs/lib/pkgconfig:/home/autoware/Autoware/install/autoware_build_flags/lib/x86_64-linux-gnu/pkgconfig:/home/autoware/Autoware/install/autoware_build_flags/lib/pkgconfig:${PKG_CONFIG_PATH} PYTHONPATH=/home/autoware/Autoware/install/autoware_msgs/lib/python2.7/dist-packages:${PYTHONPATH} ROS_PACKAGE_PATH=/home/autoware/Autoware/install/autoware_msgs/share:/home/autoware/Autoware/install/autoware_build_flags/share:${ROS_PACKAGE_PATH} /usr/bin/cmake --build /home/autoware/Autoware/build/lidar_fake_perception --target tests -- -j32 -l32
[3.807s] Invoking command in '/home/autoware/Autoware/build/lidar_fake_perception': CMAKE_PREFIX_PATH=/home/autoware/Autoware/install/autoware_msgs:/home/autoware/Autoware/install/autoware_build_flags:${CMAKE_PREFIX_PATH} PKG_CONFIG_PATH=/home/autoware/Autoware/install/autoware_msgs/lib/x86_64-linux-gnu/pkgconfig:/home/autoware/Autoware/install/autoware_msgs/lib/pkgconfig:/home/autoware/Autoware/install/autoware_build_flags/lib/x86_64-linux-gnu/pkgconfig:/home/autoware/Autoware/install/autoware_build_flags/lib/pkgconfig:${PKG_CONFIG_PATH} PYTHONPATH=/home/autoware/Autoware/install/autoware_msgs/lib/python2.7/dist-packages:${PYTHONPATH} ROS_PACKAGE_PATH=/home/autoware/Autoware/install/autoware_msgs/share:/home/autoware/Autoware/install/autoware_build_flags/share:${ROS_PACKAGE_PATH} /usr/bin/cmake --build /home/autoware/Autoware/build/lidar_fake_perception --target install -- -j32 -l32
[4.214s] [  0%] Built target tf2_msgs_generate_messages_eus
[4.214s] [  0%] Built target tf_generate_messages_py
[4.215s] [  0%] Built target topic_tools_generate_messages_eus
[4.215s] [  0%] Built target topic_tools_generate_messages_cpp
[4.215s] [  0%] Built target jsk_recognition_msgs_generate_messages_eus
[4.215s] [  0%] Built target tf2_msgs_generate_messages_py
[4.215s] [  0%] Built target std_msgs_generate_messages_py
[4.215s] [  0%] Built target nodelet_generate_messages_nodejs
[4.215s] [  0%] Built target std_srvs_generate_messages_py
[4.215s] [  0%] Built target rosgraph_msgs_generate_messages_cpp
[4.215s] [  0%] Built target rosgraph_msgs_generate_messages_eus
[4.215s] [  0%] Built target sensor_msgs_generate_messages_eus
[4.215s] [  0%] Built target actionlib_generate_messages_cpp
[4.215s] [  0%] Built target pcl_msgs_generate_messages_nodejs
[4.216s] [  0%] Built target roscpp_generate_messages_cpp
[4.216s] [  0%] Built target jsk_recognition_msgs_generate_messages_lisp
[4.216s] [  0%] Built target autoware_msgs_generate_messages_cpp
[4.220s] [  0%] Built target tf2_msgs_generate_messages_nodejs
[4.220s] [  0%] Built target geometry_msgs_generate_messages_py
[4.220s] [  0%] Built target actionlib_generate_messages_py
[4.220s] [  0%] Built target tf_generate_messages_nodejs
[4.220s] [  0%] Built target dynamic_reconfigure_generate_messages_cpp
[4.220s] [  0%] Built target tf_generate_messages_lisp
[4.220s] [  0%] Built target bond_generate_messages_lisp
[4.221s] [  0%] Built target topic_tools_generate_messages_nodejs
[4.221s] [  0%] Built target jsk_recognition_msgs_generate_messages_py
[4.221s] [  0%] Built target sensor_msgs_generate_messages_cpp
[4.221s] [  0%] Built target std_msgs_generate_messages_nodejs
[4.221s] [  0%] Built target tf2_msgs_generate_messages_cpp
[4.221s] [  0%] Built target pcl_msgs_generate_messages_eus
[4.221s] [  0%] Built target sensor_msgs_generate_messages_nodejs
[4.221s] [  0%] Built target jsk_footstep_msgs_generate_messages_py
[4.221s] [  0%] Built target actionlib_generate_messages_nodejs
[4.221s] [  0%] Built target std_srvs_generate_messages_lisp
[4.221s] [  0%] Built target actionlib_generate_messages_lisp
[4.221s] [  0%] Built target geometry_msgs_generate_messages_lisp
[4.222s] [  0%] Built target actionlib_generate_messages_eus
[4.222s] [  0%] Built target topic_tools_generate_messages_lisp
[4.222s] [  0%] Built target sensor_msgs_generate_messages_py
[4.222s] [  0%] Built target geometry_msgs_generate_messages_nodejs
[4.222s] [  0%] Built target std_msgs_generate_messages_cpp
[4.222s] [  0%] Built target jsk_recognition_msgs_generate_messages_cpp
[4.222s] [  0%] Built target pcl_msgs_generate_messages_py
[4.222s] [  0%] Built target std_msgs_generate_messages_eus
[4.222s] [  0%] Built target autoware_msgs_generate_messages_eus
[4.222s] [  0%] Built target dynamic_reconfigure_generate_messages_lisp
[4.222s] [  0%] Built target tf_generate_messages_cpp
[4.222s] [  0%] Built target autoware_msgs_generate_messages_lisp
[4.222s] [  0%] Built target autoware_msgs_generate_messages_py
[4.223s] [  0%] Built target roscpp_generate_messages_nodejs
[4.223s] [  0%] Built target sensor_msgs_generate_messages_lisp
[4.223s] [  0%] Built target nodelet_generate_messages_lisp
[4.223s] [  0%] Built target std_msgs_generate_messages_lisp
[4.223s] [  0%] Built target nodelet_generate_messages_py
[4.223s] [  0%] Built target actionlib_msgs_generate_messages_py
[4.223s] [  0%] Built target geometry_msgs_generate_messages_eus
[4.223s] [  0%] Built target geometry_msgs_generate_messages_cpp
[4.223s] [  0%] Built target pcl_msgs_generate_messages_cpp
[4.223s] [  0%] Built target jsk_footstep_msgs_generate_messages_nodejs
[4.223s] [  0%] Built target pcl_msgs_generate_messages_lisp
[4.223s] [  0%] Built target tf_generate_messages_eus
[4.223s] [  0%] Built target jsk_footstep_msgs_generate_messages_eus
[4.224s] [  0%] Built target autoware_msgs_generate_messages_nodejs
[4.224s] [  0%] Built target tf2_msgs_generate_messages_lisp
[4.224s] [  0%] Built target rosgraph_msgs_generate_messages_lisp
[4.224s] [  0%] Built target jsk_footstep_msgs_generate_messages_cpp
[4.224s] [  0%] Built target actionlib_msgs_generate_messages_lisp
[4.224s] [  0%] Built target pcl_ros_gencfg
[4.224s] [  0%] Built target dynamic_reconfigure_generate_messages_eus
[4.224s] [  0%] Built target roscpp_generate_messages_eus
[4.225s] [  0%] Built target dynamic_reconfigure_generate_messages_nodejs
[4.225s] [  0%] Built target std_srvs_generate_messages_eus
[4.225s] [  0%] Built target actionlib_msgs_generate_messages_eus
[4.225s] [  0%] Built target nodelet_generate_messages_cpp
[4.225s] [  0%] Built target bond_generate_messages_cpp
[4.225s] [  0%] Built target std_srvs_generate_messages_cpp
[4.225s] [  0%] Built target bond_generate_messages_eus
[4.225s] [  0%] Built target jsk_footstep_msgs_generate_messages_lisp
[4.225s] [  0%] Built target roscpp_generate_messages_py
[4.225s] [  0%] Built target nodelet_topic_tools_gencfg
[4.225s] [  0%] Built target dynamic_reconfigure_generate_messages_py
[4.225s] [  0%] Built target topic_tools_generate_messages_py
[4.226s] [  0%] Built target rosgraph_msgs_generate_messages_py
[4.409s] [  0%] Built target actionlib_msgs_generate_messages_nodejs
[4.409s] [  0%] Built target actionlib_msgs_generate_messages_cpp
[4.409s] [  0%] Built target rosgraph_msgs_generate_messages_nodejs
[4.409s] [  0%] Built target jsk_recognition_msgs_generate_messages_nodejs
[4.409s] [  0%] Built target roscpp_generate_messages_lisp
[4.409s] [  0%] Built target bond_generate_messages_nodejs
[4.409s] [  0%] Built target nodelet_generate_messages_eus
[4.409s] [  0%] Built target bond_generate_messages_py
[4.409s] [  0%] Built target dynamic_reconfigure_gencfg
[4.409s] [  0%] Built target _catkin_empty_exported_target
[4.409s] [  0%] Built target std_srvs_generate_messages_nodejs
[4.576s] [100%] Built target lidar_fake_perception_node
[4.625s] Install the project...
[4.692s] -- Install configuration: "Release"
[4.692s] -- Up-to-date: /home/autoware/Autoware/install/lidar_fake_perception/lib/pkgconfig/lidar_fake_perception.pc
[4.692s] -- Up-to-date: /home/autoware/Autoware/install/lidar_fake_perception/share/lidar_fake_perception/cmake/lidar_fake_perceptionConfig.cmake
[4.693s] -- Up-to-date: /home/autoware/Autoware/install/lidar_fake_perception/share/lidar_fake_perception/cmake/lidar_fake_perceptionConfig-version.cmake
[4.693s] -- Up-to-date: /home/autoware/Autoware/install/lidar_fake_perception/share/lidar_fake_perception/package.xml
[4.693s] -- Up-to-date: /home/autoware/Autoware/install/lidar_fake_perception/lib/lidar_fake_perception/lidar_fake_perception_node
[4.857s] -- Up-to-date: /home/autoware/Autoware/install/lidar_fake_perception/share/lidar_fake_perception/launch
[4.857s] -- Up-to-date: /home/autoware/Autoware/install/lidar_fake_perception/share/lidar_fake_perception/launch/lidar_fake_perception.launch
[5.012s] Invoked command in '/home/autoware/Autoware/build/lidar_fake_perception' returned '0': CMAKE_PREFIX_PATH=/home/autoware/Autoware/install/autoware_msgs:/home/autoware/Autoware/install/autoware_build_flags:${CMAKE_PREFIX_PATH} PKG_CONFIG_PATH=/home/autoware/Autoware/install/autoware_msgs/lib/x86_64-linux-gnu/pkgconfig:/home/autoware/Autoware/install/autoware_msgs/lib/pkgconfig:/home/autoware/Autoware/install/autoware_build_flags/lib/x86_64-linux-gnu/pkgconfig:/home/autoware/Autoware/install/autoware_build_flags/lib/pkgconfig:${PKG_CONFIG_PATH} PYTHONPATH=/home/autoware/Autoware/install/autoware_msgs/lib/python2.7/dist-packages:${PYTHONPATH} ROS_PACKAGE_PATH=/home/autoware/Autoware/install/autoware_msgs/share:/home/autoware/Autoware/install/autoware_build_flags/share:${ROS_PACKAGE_PATH} /usr/bin/cmake --build /home/autoware/Autoware/build/lidar_fake_perception --target install -- -j32 -l32
