Determining if the pthread_create exist failed with the following output:
Change Dir: /home/autoware/Autoware/build/integrated_viewer/CMakeFiles/CMakeTmp

Run Build Command:"/usr/bin/make" "cmTC_658de/fast"
/usr/bin/make -f CMakeFiles/cmTC_658de.dir/build.make CMakeFiles/cmTC_658de.dir/build
make[1]: Entering directory '/home/autoware/Autoware/build/integrated_viewer/CMakeFiles/CMakeTmp'
Building C object CMakeFiles/cmTC_658de.dir/CheckSymbolExists.c.o
/usr/bin/cc    -o CMakeFiles/cmTC_658de.dir/CheckSymbolExists.c.o   -c /home/autoware/Autoware/build/integrated_viewer/CMakeFiles/CMakeTmp/CheckSymbolExists.c
Linking C executable cmTC_658de
/usr/bin/cmake -E cmake_link_script CMakeFiles/cmTC_658de.dir/link.txt --verbose=1
/usr/bin/cc      -rdynamic CMakeFiles/cmTC_658de.dir/CheckSymbolExists.c.o  -o cmTC_658de 
CMakeFiles/cmTC_658de.dir/CheckSymbolExists.c.o: In function `main':
CheckSymbolExists.c:(.text+0x1b): undefined reference to `pthread_create'
collect2: error: ld returned 1 exit status
CMakeFiles/cmTC_658de.dir/build.make:97: recipe for target 'cmTC_658de' failed
make[1]: *** [cmTC_658de] Error 1
make[1]: Leaving directory '/home/autoware/Autoware/build/integrated_viewer/CMakeFiles/CMakeTmp'
Makefile:126: recipe for target 'cmTC_658de/fast' failed
make: *** [cmTC_658de/fast] Error 2

File /home/autoware/Autoware/build/integrated_viewer/CMakeFiles/CMakeTmp/CheckSymbolExists.c:
/* */
#include <pthread.h>

int main(int argc, char** argv)
{
  (void)argv;
#ifndef pthread_create
  return ((int*)(&pthread_create))[argc];
#else
  (void)argc;
  return 0;
#endif
}

Determining if the function pthread_create exists in the pthreads failed with the following output:
Change Dir: /home/autoware/Autoware/build/integrated_viewer/CMakeFiles/CMakeTmp

Run Build Command:"/usr/bin/make" "cmTC_cf012/fast"
/usr/bin/make -f CMakeFiles/cmTC_cf012.dir/build.make CMakeFiles/cmTC_cf012.dir/build
make[1]: Entering directory '/home/autoware/Autoware/build/integrated_viewer/CMakeFiles/CMakeTmp'
Building C object CMakeFiles/cmTC_cf012.dir/CheckFunctionExists.c.o
/usr/bin/cc   -DCHECK_FUNCTION_EXISTS=pthread_create   -o CMakeFiles/cmTC_cf012.dir/CheckFunctionExists.c.o   -c /usr/share/cmake-3.10/Modules/CheckFunctionExists.c
Linking C executable cmTC_cf012
/usr/bin/cmake -E cmake_link_script CMakeFiles/cmTC_cf012.dir/link.txt --verbose=1
/usr/bin/cc  -DCHECK_FUNCTION_EXISTS=pthread_create    -rdynamic CMakeFiles/cmTC_cf012.dir/CheckFunctionExists.c.o  -o cmTC_cf012 -lpthreads 
/usr/bin/ld: cannot find -lpthreads
collect2: error: ld returned 1 exit status
CMakeFiles/cmTC_cf012.dir/build.make:97: recipe for target 'cmTC_cf012' failed
make[1]: *** [cmTC_cf012] Error 1
make[1]: Leaving directory '/home/autoware/Autoware/build/integrated_viewer/CMakeFiles/CMakeTmp'
Makefile:126: recipe for target 'cmTC_cf012/fast' failed
make: *** [cmTC_cf012/fast] Error 2


