[0.227s] Invoking command in '/home/autoware/Autoware/build/sick_ldmrs_msgs': /usr/bin/cmake --build /home/autoware/Autoware/build/sick_ldmrs_msgs -- -j32 -l32
[0.784s] [  0%] Built target geometry_msgs_generate_messages_py
[0.784s] [  0%] Built target std_msgs_generate_messages_nodejs
[0.785s] [  0%] Built target std_msgs_generate_messages_eus
[0.785s] [  0%] Built target std_msgs_generate_messages_cpp
[0.785s] [  0%] Built target std_msgs_generate_messages_lisp
[0.785s] [  0%] Built target std_msgs_generate_messages_py
[0.785s] [  0%] Built target geometry_msgs_generate_messages_lisp
[0.785s] [  0%] Built target geometry_msgs_generate_messages_eus
[0.785s] [  0%] Built target geometry_msgs_generate_messages_nodejs
[0.785s] [  0%] Built target geometry_msgs_generate_messages_cpp
[0.785s] [  0%] Built target _sick_ldmrs_msgs_generate_messages_check_deps_ObjectArray
[0.785s] [  0%] Built target _sick_ldmrs_msgs_generate_messages_check_deps_Object
[0.785s] [ 25%] Built target sick_ldmrs_msgs_generate_messages_eus
[0.806s] [ 41%] Built target sick_ldmrs_msgs_generate_messages_nodejs
[0.807s] [ 58%] Built target sick_ldmrs_msgs_generate_messages_cpp
[0.807s] [ 83%] Built target sick_ldmrs_msgs_generate_messages_py
[0.807s] [100%] Built target sick_ldmrs_msgs_generate_messages_lisp
[0.908s] [100%] Built target sick_ldmrs_msgs_generate_messages
[0.931s] Invoked command in '/home/autoware/Autoware/build/sick_ldmrs_msgs' returned '0': /usr/bin/cmake --build /home/autoware/Autoware/build/sick_ldmrs_msgs -- -j32 -l32
[1.057s] Invoking command in '/home/autoware/Autoware/build/sick_ldmrs_msgs': /usr/bin/cmake --build /home/autoware/Autoware/build/sick_ldmrs_msgs --target tests -- -j32 -l32
[1.157s] Built target tests
[1.222s] Invoked command in '/home/autoware/Autoware/build/sick_ldmrs_msgs' returned '0': /usr/bin/cmake --build /home/autoware/Autoware/build/sick_ldmrs_msgs --target tests -- -j32 -l32
[1.352s] Invoking command in '/home/autoware/Autoware/build/sick_ldmrs_msgs': /usr/bin/cmake --build /home/autoware/Autoware/build/sick_ldmrs_msgs --target install -- -j32 -l32
[1.656s] [  0%] Built target std_msgs_generate_messages_lisp
[1.657s] [  0%] Built target geometry_msgs_generate_messages_lisp
[1.657s] [  0%] Built target std_msgs_generate_messages_cpp
[1.657s] [  0%] Built target std_msgs_generate_messages_nodejs
[1.657s] [  0%] Built target std_msgs_generate_messages_py
[1.657s] [  0%] Built target std_msgs_generate_messages_eus
[1.658s] [  0%] Built target geometry_msgs_generate_messages_eus
[1.658s] [  0%] Built target geometry_msgs_generate_messages_cpp
[1.658s] [  0%] Built target geometry_msgs_generate_messages_nodejs
[1.658s] [  0%] Built target geometry_msgs_generate_messages_py
[1.658s] [  0%] Built target _sick_ldmrs_msgs_generate_messages_check_deps_ObjectArray
[1.658s] [  0%] Built target _sick_ldmrs_msgs_generate_messages_check_deps_Object
[1.658s] [ 16%] Built target sick_ldmrs_msgs_generate_messages_nodejs
[1.660s] [ 33%] Built target sick_ldmrs_msgs_generate_messages_lisp
[1.661s] [ 58%] Built target sick_ldmrs_msgs_generate_messages_eus
[1.661s] [ 75%] Built target sick_ldmrs_msgs_generate_messages_cpp
[1.661s] [100%] Built target sick_ldmrs_msgs_generate_messages_py
[1.661s] [100%] Built target sick_ldmrs_msgs_generate_messages
[1.781s] Install the project...
[1.781s] -- Install configuration: "Release"
[1.781s] -- Up-to-date: /home/autoware/Autoware/install/sick_ldmrs_msgs/share/sick_ldmrs_msgs/msg/Object.msg
[1.781s] -- Up-to-date: /home/autoware/Autoware/install/sick_ldmrs_msgs/share/sick_ldmrs_msgs/msg/ObjectArray.msg
[1.781s] -- Up-to-date: /home/autoware/Autoware/install/sick_ldmrs_msgs/share/sick_ldmrs_msgs/cmake/sick_ldmrs_msgs-msg-paths.cmake
[1.781s] -- Up-to-date: /home/autoware/Autoware/install/sick_ldmrs_msgs/include/sick_ldmrs_msgs
[1.781s] -- Up-to-date: /home/autoware/Autoware/install/sick_ldmrs_msgs/include/sick_ldmrs_msgs/ObjectArray.h
[1.781s] -- Up-to-date: /home/autoware/Autoware/install/sick_ldmrs_msgs/include/sick_ldmrs_msgs/Object.h
[1.782s] -- Up-to-date: /home/autoware/Autoware/install/sick_ldmrs_msgs/share/roseus/ros/sick_ldmrs_msgs
[1.784s] -- Up-to-date: /home/autoware/Autoware/install/sick_ldmrs_msgs/share/roseus/ros/sick_ldmrs_msgs/manifest.l
[1.785s] -- Up-to-date: /home/autoware/Autoware/install/sick_ldmrs_msgs/share/roseus/ros/sick_ldmrs_msgs/msg
[1.785s] -- Up-to-date: /home/autoware/Autoware/install/sick_ldmrs_msgs/share/roseus/ros/sick_ldmrs_msgs/msg/ObjectArray.l
[1.785s] -- Up-to-date: /home/autoware/Autoware/install/sick_ldmrs_msgs/share/roseus/ros/sick_ldmrs_msgs/msg/Object.l
[1.785s] -- Up-to-date: /home/autoware/Autoware/install/sick_ldmrs_msgs/share/common-lisp/ros/sick_ldmrs_msgs
[1.785s] -- Up-to-date: /home/autoware/Autoware/install/sick_ldmrs_msgs/share/common-lisp/ros/sick_ldmrs_msgs/msg
[1.785s] -- Up-to-date: /home/autoware/Autoware/install/sick_ldmrs_msgs/share/common-lisp/ros/sick_ldmrs_msgs/msg/_package.lisp
[1.786s] -- Up-to-date: /home/autoware/Autoware/install/sick_ldmrs_msgs/share/common-lisp/ros/sick_ldmrs_msgs/msg/Object.lisp
[1.786s] -- Up-to-date: /home/autoware/Autoware/install/sick_ldmrs_msgs/share/common-lisp/ros/sick_ldmrs_msgs/msg/_package_Object.lisp
[1.786s] -- Up-to-date: /home/autoware/Autoware/install/sick_ldmrs_msgs/share/common-lisp/ros/sick_ldmrs_msgs/msg/sick_ldmrs_msgs-msg.asd
[1.786s] -- Up-to-date: /home/autoware/Autoware/install/sick_ldmrs_msgs/share/common-lisp/ros/sick_ldmrs_msgs/msg/_package_ObjectArray.lisp
[1.786s] -- Up-to-date: /home/autoware/Autoware/install/sick_ldmrs_msgs/share/common-lisp/ros/sick_ldmrs_msgs/msg/ObjectArray.lisp
[1.788s] -- Up-to-date: /home/autoware/Autoware/install/sick_ldmrs_msgs/share/gennodejs/ros/sick_ldmrs_msgs
[1.788s] -- Up-to-date: /home/autoware/Autoware/install/sick_ldmrs_msgs/share/gennodejs/ros/sick_ldmrs_msgs/msg
[1.789s] -- Up-to-date: /home/autoware/Autoware/install/sick_ldmrs_msgs/share/gennodejs/ros/sick_ldmrs_msgs/msg/Object.js
[1.789s] -- Up-to-date: /home/autoware/Autoware/install/sick_ldmrs_msgs/share/gennodejs/ros/sick_ldmrs_msgs/msg/ObjectArray.js
[1.789s] -- Up-to-date: /home/autoware/Autoware/install/sick_ldmrs_msgs/share/gennodejs/ros/sick_ldmrs_msgs/msg/_index.js
[1.789s] -- Up-to-date: /home/autoware/Autoware/install/sick_ldmrs_msgs/share/gennodejs/ros/sick_ldmrs_msgs/_index.js
[1.789s] Listing /home/autoware/Autoware/build/sick_ldmrs_msgs/devel/lib/python2.7/dist-packages/sick_ldmrs_msgs ...
[1.789s] Listing /home/autoware/Autoware/build/sick_ldmrs_msgs/devel/lib/python2.7/dist-packages/sick_ldmrs_msgs/msg ...
[1.789s] -- Up-to-date: /home/autoware/Autoware/install/sick_ldmrs_msgs/lib/python2.7/dist-packages/sick_ldmrs_msgs
[1.789s] -- Up-to-date: /home/autoware/Autoware/install/sick_ldmrs_msgs/lib/python2.7/dist-packages/sick_ldmrs_msgs/__init__.py
[1.789s] -- Up-to-date: /home/autoware/Autoware/install/sick_ldmrs_msgs/lib/python2.7/dist-packages/sick_ldmrs_msgs/msg
[1.790s] -- Up-to-date: /home/autoware/Autoware/install/sick_ldmrs_msgs/lib/python2.7/dist-packages/sick_ldmrs_msgs/msg/__init__.py
[1.790s] -- Up-to-date: /home/autoware/Autoware/install/sick_ldmrs_msgs/lib/python2.7/dist-packages/sick_ldmrs_msgs/msg/_Object.pyc
[1.790s] -- Up-to-date: /home/autoware/Autoware/install/sick_ldmrs_msgs/lib/python2.7/dist-packages/sick_ldmrs_msgs/msg/_Object.py
[1.790s] -- Up-to-date: /home/autoware/Autoware/install/sick_ldmrs_msgs/lib/python2.7/dist-packages/sick_ldmrs_msgs/msg/_ObjectArray.py
[1.790s] -- Up-to-date: /home/autoware/Autoware/install/sick_ldmrs_msgs/lib/python2.7/dist-packages/sick_ldmrs_msgs/msg/_ObjectArray.pyc
[1.791s] -- Up-to-date: /home/autoware/Autoware/install/sick_ldmrs_msgs/lib/python2.7/dist-packages/sick_ldmrs_msgs/msg/__init__.pyc
[1.792s] -- Up-to-date: /home/autoware/Autoware/install/sick_ldmrs_msgs/lib/python2.7/dist-packages/sick_ldmrs_msgs/__init__.pyc
[1.792s] -- Up-to-date: /home/autoware/Autoware/install/sick_ldmrs_msgs/lib/pkgconfig/sick_ldmrs_msgs.pc
[1.792s] -- Up-to-date: /home/autoware/Autoware/install/sick_ldmrs_msgs/share/sick_ldmrs_msgs/cmake/sick_ldmrs_msgs-msg-extras.cmake
[1.792s] -- Up-to-date: /home/autoware/Autoware/install/sick_ldmrs_msgs/share/sick_ldmrs_msgs/cmake/sick_ldmrs_msgsConfig.cmake
[1.792s] -- Up-to-date: /home/autoware/Autoware/install/sick_ldmrs_msgs/share/sick_ldmrs_msgs/cmake/sick_ldmrs_msgsConfig-version.cmake
[1.792s] -- Up-to-date: /home/autoware/Autoware/install/sick_ldmrs_msgs/share/sick_ldmrs_msgs/package.xml
[1.792s] -- Up-to-date: /home/autoware/Autoware/install/sick_ldmrs_msgs/include/sick_ldmrs_msgs
[1.792s] -- Up-to-date: /home/autoware/Autoware/install/sick_ldmrs_msgs/include/sick_ldmrs_msgs/sick_ldmrs_point_type.h
[2.035s] Invoked command in '/home/autoware/Autoware/build/sick_ldmrs_msgs' returned '0': /usr/bin/cmake --build /home/autoware/Autoware/build/sick_ldmrs_msgs --target install -- -j32 -l32
