In file included from [01m[K/home/autoware/Autoware/src/autoware/visualization/detected_objects_visualizer/src/visualize_rects_main.cpp:20:0[m[K:
[01m[K/home/autoware/Autoware/src/autoware/visualization/detected_objects_visualizer/include/visualize_rects.h:74:42:[m[K [01;31m[Kerror: [m[K‘[01m[KInt64[m[K’ in namespace ‘[01m[Kstd_msgs[m[K’ does not name a type
   void fit_flag_callback(const std_msgs::[01;31m[KInt64[m[K& fault_msg);
                                          [01;31m[K^~~~~[m[K
In file included from [01m[K/home/autoware/Autoware/src/autoware/visualization/detected_objects_visualizer/src/visualize_rects.cpp:20:0[m[K:
[01m[K/home/autoware/Autoware/src/autoware/visualization/detected_objects_visualizer/include/visualize_rects.h:74:42:[m[K [01;31m[Kerror: [m[K‘[01m[KInt64[m[K’ in namespace ‘[01m[Kstd_msgs[m[K’ does not name a type
   void fit_flag_callback(const std_msgs::[01;31m[KInt64[m[K& fault_msg);
                                          [01;31m[K^~~~~[m[K
[01m[K/home/autoware/Autoware/src/autoware/visualization/detected_objects_visualizer/src/visualize_rects.cpp:[m[K In constructor ‘[01m[KVisualizeRects::VisualizeRects()[m[K’:
[01m[K/home/autoware/Autoware/src/autoware/visualization/detected_objects_visualizer/src/visualize_rects.cpp:34:3:[m[K [01;31m[Kerror: [m[Kexpected initializer before ‘[01m[Kfault_flag_[m[K’
   [01;31m[Kfault_flag_[m[K = 0;
   [01;31m[K^~~~~~~~~~~[m[K
[01m[K/home/autoware/Autoware/src/autoware/visualization/detected_objects_visualizer/src/visualize_rects.cpp:35:57:[m[K [01;31m[Kerror: [m[K‘[01m[KYolo3DetectorNode[m[K’ has not been declared
   subscriber_fit_flag_ = nh.subscribe("fault_flag", 1, &[01;31m[KYolo3DetectorNode[m[K::fit_flag_callback, this);
                                                         [01;31m[K^~~~~~~~~~~~~~~~~[m[K
[01m[K/home/autoware/Autoware/src/autoware/visualization/detected_objects_visualizer/src/visualize_rects.cpp:36:6:[m[K [01;31m[Kerror: [m[Kexpected ‘[01m[K([m[K’ before ‘[01m[Kfault_flag_[m[K’
   if [01;31m[Kfault_flag_[m[K == 0
      [01;31m[K^~~~~~~~~~~[m[K
[01m[K/home/autoware/Autoware/src/autoware/visualization/detected_objects_visualizer/src/visualize_rects.cpp:71:3:[m[K [01;31m[Kerror: [m[K‘[01m[Kelse[m[K’ without a previous ‘[01m[Kif[m[K’
   [01;31m[Kelse[m[K
   [01;31m[K^~~~[m[K
[01m[K/home/autoware/Autoware/src/autoware/visualization/detected_objects_visualizer/src/visualize_rects.cpp:[m[K At global scope:
[01m[K/home/autoware/Autoware/src/autoware/visualization/detected_objects_visualizer/src/visualize_rects.cpp:144:56:[m[K [01;31m[Kerror: [m[K‘[01m[KInt64[m[K’ in namespace ‘[01m[Kstd_msgs[m[K’ does not name a type
 void VisualizeRects::fit_flag_callback(const std_msgs::[01;31m[KInt64[m[K& fault_msg)
                                                        [01;31m[K^~~~~[m[K
[01m[K/home/autoware/Autoware/src/autoware/visualization/detected_objects_visualizer/src/visualize_rects.cpp:[m[K In member function ‘[01m[Kvoid VisualizeRects::fit_flag_callback(const int&)[m[K’:
[01m[K/home/autoware/Autoware/src/autoware/visualization/detected_objects_visualizer/src/visualize_rects.cpp:147:19:[m[K [01;31m[Kerror: [m[Krequest for member ‘[01m[Kdata[m[K’ in ‘[01m[Kfault_msg[m[K’, which is of non-class type ‘[01m[Kconst int[m[K’
     if (fault_msg.[01;31m[Kdata[m[K == 1)
                   [01;31m[K^~~~[m[K
make[2]: *** [CMakeFiles/visualize_rects.dir/src/visualize_rects_main.cpp.o] Error 1
make[2]: *** Waiting for unfinished jobs....
make[2]: *** [CMakeFiles/visualize_rects.dir/src/visualize_rects.cpp.o] Error 1
make[1]: *** [CMakeFiles/visualize_rects.dir/all] Error 2
make: *** [all] Error 2
