[0.132s] Invoking command in '/home/autoware/Autoware/build/costmap_generator': CMAKE_PREFIX_PATH=/home/autoware/Autoware/install/object_map:/home/autoware/Autoware/install/lanelet2_extension:/home/autoware/Autoware/install/vector_map:/home/autoware/Autoware/install/amathutils_lib:/home/autoware/Autoware/install/vector_map_msgs:/home/autoware/Autoware/install/autoware_msgs:/home/autoware/Autoware/install/autoware_lanelet2_msgs:/home/autoware/Autoware/install/autoware_build_flags:${CMAKE_PREFIX_PATH} LD_LIBRARY_PATH=/home/autoware/Autoware/install/object_map/lib:/home/autoware/Autoware/install/lanelet2_extension/lib:/home/autoware/Autoware/install/vector_map/lib:/home/autoware/Autoware/install/amathutils_lib/lib:${LD_LIBRARY_PATH} PKG_CONFIG_PATH=/home/autoware/Autoware/install/object_map/lib/x86_64-linux-gnu/pkgconfig:/home/autoware/Autoware/install/object_map/lib/pkgconfig:/home/autoware/Autoware/install/lanelet2_extension/lib/x86_64-linux-gnu/pkgconfig:/home/autoware/Autoware/install/lanelet2_extension/lib/pkgconfig:/home/autoware/Autoware/install/vector_map/lib/x86_64-linux-gnu/pkgconfig:/home/autoware/Autoware/install/vector_map/lib/pkgconfig:/home/autoware/Autoware/install/amathutils_lib/lib/x86_64-linux-gnu/pkgconfig:/home/autoware/Autoware/install/amathutils_lib/lib/pkgconfig:/home/autoware/Autoware/install/vector_map_msgs/lib/x86_64-linux-gnu/pkgconfig:/home/autoware/Autoware/install/vector_map_msgs/lib/pkgconfig:/home/autoware/Autoware/install/autoware_msgs/lib/x86_64-linux-gnu/pkgconfig:/home/autoware/Autoware/install/autoware_msgs/lib/pkgconfig:/home/autoware/Autoware/install/autoware_lanelet2_msgs/lib/x86_64-linux-gnu/pkgconfig:/home/autoware/Autoware/install/autoware_lanelet2_msgs/lib/pkgconfig:/home/autoware/Autoware/install/autoware_build_flags/lib/x86_64-linux-gnu/pkgconfig:/home/autoware/Autoware/install/autoware_build_flags/lib/pkgconfig:${PKG_CONFIG_PATH} PYTHONPATH=/home/autoware/Autoware/install/vector_map_msgs/lib/python2.7/dist-packages:/home/autoware/Autoware/install/autoware_msgs/lib/python2.7/dist-packages:/home/autoware/Autoware/install/autoware_lanelet2_msgs/lib/python2.7/dist-packages:${PYTHONPATH} ROS_PACKAGE_PATH=/home/autoware/Autoware/install/object_map/share:/home/autoware/Autoware/install/lanelet2_extension/share:/home/autoware/Autoware/install/vector_map/share:/home/autoware/Autoware/install/amathutils_lib/share:/home/autoware/Autoware/install/vector_map_msgs/share:/home/autoware/Autoware/install/autoware_msgs/share:/home/autoware/Autoware/install/autoware_lanelet2_msgs/share:/home/autoware/Autoware/install/autoware_build_flags/share:${ROS_PACKAGE_PATH} /usr/bin/cmake --build /home/autoware/Autoware/build/costmap_generator -- -j32 -l32
[0.358s] [  0%] Built target geometry_msgs_generate_messages_lisp
[0.358s] [  0%] Built target autoware_msgs_generate_messages_nodejs
[0.361s] [  0%] Built target geometry_msgs_generate_messages_eus
[0.365s] [  0%] Built target geometry_msgs_generate_messages_nodejs
[0.366s] [  0%] Built target autoware_msgs_generate_messages_py
[0.367s] [  0%] Built target std_msgs_generate_messages_lisp
[0.369s] [  0%] Built target nodelet_generate_messages_lisp
[0.369s] [  0%] Built target nodelet_generate_messages_py
[0.371s] [  0%] Built target sensor_msgs_generate_messages_py
[0.377s] [  0%] Built target sensor_msgs_generate_messages_eus
[0.378s] [  0%] Built target autoware_msgs_generate_messages_cpp
[0.378s] [  0%] Built target jsk_recognition_msgs_generate_messages_py
[0.385s] [  0%] Built target roscpp_generate_messages_nodejs
[0.393s] [  0%] Built target geometry_msgs_generate_messages_cpp
[0.393s] [  0%] Built target actionlib_generate_messages_lisp
[0.393s] [  0%] Built target jsk_footstep_msgs_generate_messages_py
[0.394s] [  0%] Built target autoware_msgs_generate_messages_lisp
[0.394s] [  0%] Built target actionlib_generate_messages_eus
[0.395s] [  0%] Built target rosgraph_msgs_generate_messages_cpp
[0.395s] [  0%] Built target visualization_msgs_generate_messages_lisp
[0.396s] [  0%] Built target pcl_msgs_generate_messages_cpp
[0.398s] [  0%] Built target nav_msgs_generate_messages_nodejs
[0.406s] [  0%] Built target topic_tools_generate_messages_cpp
[0.409s] [  0%] Built target pcl_msgs_generate_messages_py
[0.410s] [  0%] Built target std_msgs_generate_messages_eus
[0.415s] [  0%] Built target actionlib_msgs_generate_messages_py
[0.416s] [  0%] Built target jsk_footstep_msgs_generate_messages_eus
[0.417s] [  0%] Built target sensor_msgs_generate_messages_cpp
[0.422s] [  0%] Built target std_msgs_generate_messages_cpp
[0.422s] [  0%] Built target topic_tools_generate_messages_eus
[0.459s] [  0%] Built target autoware_msgs_generate_messages_eus
[0.459s] [  0%] Built target std_msgs_generate_messages_nodejs
[0.487s] [  0%] Built target std_srvs_generate_messages_eus
[0.489s] [  0%] Built target jsk_footstep_msgs_generate_messages_nodejs
[0.490s] [  0%] Built target nav_msgs_generate_messages_eus
[0.506s] [  0%] Built target nav_msgs_generate_messages_lisp
[0.506s] [  0%] Built target rosgraph_msgs_generate_messages_nodejs
[0.506s] [  0%] Built target grid_map_msgs_generate_messages_nodejs
[0.509s] [  0%] Built target actionlib_msgs_generate_messages_lisp
[0.512s] [  0%] Built target jsk_recognition_msgs_generate_messages_nodejs
[0.519s] [  0%] Built target visualization_msgs_generate_messages_cpp
[0.520s] [  0%] Built target autoware_lanelet2_msgs_generate_messages_py
[0.520s] [  0%] Built target sensor_msgs_generate_messages_lisp
[0.523s] [  0%] Built target roscpp_generate_messages_py
[0.526s] [  0%] Built target tf2_msgs_generate_messages_eus
[0.528s] [  0%] Built target grid_map_msgs_generate_messages_eus
[0.528s] [  0%] Built target grid_map_msgs_generate_messages_lisp
[0.536s] [  0%] Built target grid_map_msgs_generate_messages_py
[0.536s] [  0%] Built target std_srvs_generate_messages_cpp
[0.537s] [  0%] Built target jsk_footstep_msgs_generate_messages_lisp
[0.538s] [  0%] Built target nav_msgs_generate_messages_cpp
[0.544s] [  0%] Built target grid_map_msgs_generate_messages_cpp
[0.545s] [  0%] Built target dynamic_reconfigure_gencfg
[0.547s] [  0%] Built target actionlib_msgs_generate_messages_eus
[0.548s] [  0%] Built target autoware_lanelet2_msgs_generate_messages_nodejs
[0.553s] [  0%] Built target nav_msgs_generate_messages_py
[0.557s] [  0%] Built target pcl_msgs_generate_messages_nodejs
[0.563s] [  0%] Built target roscpp_generate_messages_lisp
[0.572s] [  0%] Built target jsk_recognition_msgs_generate_messages_cpp
[0.578s] [  0%] Built target tf2_msgs_generate_messages_lisp
[0.579s] [  0%] Built target rosgraph_msgs_generate_messages_lisp
[0.588s] [  0%] Built target rosgraph_msgs_generate_messages_py
[0.589s] [  0%] Built target roscpp_generate_messages_eus
[0.604s] [  0%] Built target topic_tools_generate_messages_nodejs
[0.605s] [  0%] Built target _catkin_empty_exported_target
[0.610s] [  0%] Built target tf_generate_messages_cpp
[0.612s] [  0%] Built target std_srvs_generate_messages_nodejs
[0.615s] [  0%] Built target nodelet_topic_tools_gencfg
[0.616s] [  0%] Built target topic_tools_generate_messages_lisp
[0.619s] [  0%] Built target std_srvs_generate_messages_lisp
[0.620s] [  0%] Built target tf_generate_messages_eus
[0.628s] [  0%] Built target topic_tools_generate_messages_py
[0.632s] [  0%] Built target vector_map_msgs_generate_messages_eus
[0.638s] [  0%] Built target bond_generate_messages_eus
[0.643s] [  0%] Built target pcl_msgs_generate_messages_lisp
[0.645s] [  0%] Built target actionlib_generate_messages_nodejs
[0.651s] [  0%] Built target vector_map_msgs_generate_messages_nodejs
[0.652s] [  0%] Built target vector_map_msgs_generate_messages_cpp
[0.653s] [  0%] Built target autoware_lanelet2_msgs_generate_messages_lisp
[0.657s] [  0%] Built target autoware_lanelet2_msgs_generate_messages_eus
[0.666s] [  0%] Built target vector_map_msgs_generate_messages_lisp
[0.667s] [  0%] Built target actionlib_msgs_generate_messages_nodejs
[0.671s] [  0%] Built target nodelet_generate_messages_nodejs
[0.671s] [  0%] Built target jsk_footstep_msgs_generate_messages_cpp
[0.672s] [  0%] Built target bond_generate_messages_lisp
[0.672s] [  0%] Built target actionlib_msgs_generate_messages_cpp
[0.672s] [  0%] Built target autoware_lanelet2_msgs_generate_messages_cpp
[0.674s] [  0%] Built target bond_generate_messages_nodejs
[0.675s] [  0%] Built target bond_generate_messages_py
[0.676s] [  0%] Built target std_srvs_generate_messages_py
[0.683s] [  0%] Built target dynamic_reconfigure_generate_messages_eus
[0.698s] [  0%] Built target vector_map_msgs_generate_messages_py
[0.702s] [  0%] Built target dynamic_reconfigure_generate_messages_nodejs
[0.707s] [  0%] Built target tf2_msgs_generate_messages_cpp
[0.709s] [  0%] Built target nodelet_generate_messages_cpp
[0.709s] [  0%] Built target visualization_msgs_generate_messages_nodejs
[0.714s] [  0%] Built target tf2_msgs_generate_messages_py
[0.714s] [  0%] Built target dynamic_reconfigure_generate_messages_lisp
[0.718s] [  0%] Built target nodelet_generate_messages_eus
[0.722s] [  0%] Built target bond_generate_messages_cpp
[0.725s] [  0%] Built target pcl_ros_gencfg
[0.731s] [  0%] Built target tf2_msgs_generate_messages_nodejs
[0.736s] [  0%] Built target actionlib_generate_messages_cpp
[0.738s] [  0%] Built target visualization_msgs_generate_messages_eus
[0.746s] [  0%] Built target dynamic_reconfigure_generate_messages_py
[0.750s] [  0%] Built target visualization_msgs_generate_messages_py
[0.751s] [  0%] Built target pcl_msgs_generate_messages_eus
[0.753s] [  0%] Built target jsk_recognition_msgs_generate_messages_lisp
[0.757s] [  0%] Built target tf_generate_messages_lisp
[0.757s] [  0%] Built target tf_generate_messages_nodejs
[0.758s] [  0%] Built target actionlib_generate_messages_py
[0.761s] [  0%] Built target jsk_recognition_msgs_generate_messages_eus
[0.766s] [  0%] Built target sensor_msgs_generate_messages_nodejs
[0.769s] [  0%] Built target dynamic_reconfigure_generate_messages_cpp
[0.772s] [  0%] Built target roscpp_generate_messages_cpp
[0.774s] [  0%] Built target tf_generate_messages_py
[0.775s] [  0%] Built target geometry_msgs_generate_messages_py
[0.776s] [  0%] Built target std_msgs_generate_messages_py
[0.785s] [  0%] Built target rosgraph_msgs_generate_messages_eus
[0.847s] [ 33%] Built target costmap_generator
[0.855s] [ 66%] Built target costmap_generator_lanelet2
[0.855s] [100%] Built target costmap_generator_lib
[0.866s] Invoked command in '/home/autoware/Autoware/build/costmap_generator' returned '0': CMAKE_PREFIX_PATH=/home/autoware/Autoware/install/object_map:/home/autoware/Autoware/install/lanelet2_extension:/home/autoware/Autoware/install/vector_map:/home/autoware/Autoware/install/amathutils_lib:/home/autoware/Autoware/install/vector_map_msgs:/home/autoware/Autoware/install/autoware_msgs:/home/autoware/Autoware/install/autoware_lanelet2_msgs:/home/autoware/Autoware/install/autoware_build_flags:${CMAKE_PREFIX_PATH} LD_LIBRARY_PATH=/home/autoware/Autoware/install/object_map/lib:/home/autoware/Autoware/install/lanelet2_extension/lib:/home/autoware/Autoware/install/vector_map/lib:/home/autoware/Autoware/install/amathutils_lib/lib:${LD_LIBRARY_PATH} PKG_CONFIG_PATH=/home/autoware/Autoware/install/object_map/lib/x86_64-linux-gnu/pkgconfig:/home/autoware/Autoware/install/object_map/lib/pkgconfig:/home/autoware/Autoware/install/lanelet2_extension/lib/x86_64-linux-gnu/pkgconfig:/home/autoware/Autoware/install/lanelet2_extension/lib/pkgconfig:/home/autoware/Autoware/install/vector_map/lib/x86_64-linux-gnu/pkgconfig:/home/autoware/Autoware/install/vector_map/lib/pkgconfig:/home/autoware/Autoware/install/amathutils_lib/lib/x86_64-linux-gnu/pkgconfig:/home/autoware/Autoware/install/amathutils_lib/lib/pkgconfig:/home/autoware/Autoware/install/vector_map_msgs/lib/x86_64-linux-gnu/pkgconfig:/home/autoware/Autoware/install/vector_map_msgs/lib/pkgconfig:/home/autoware/Autoware/install/autoware_msgs/lib/x86_64-linux-gnu/pkgconfig:/home/autoware/Autoware/install/autoware_msgs/lib/pkgconfig:/home/autoware/Autoware/install/autoware_lanelet2_msgs/lib/x86_64-linux-gnu/pkgconfig:/home/autoware/Autoware/install/autoware_lanelet2_msgs/lib/pkgconfig:/home/autoware/Autoware/install/autoware_build_flags/lib/x86_64-linux-gnu/pkgconfig:/home/autoware/Autoware/install/autoware_build_flags/lib/pkgconfig:${PKG_CONFIG_PATH} PYTHONPATH=/home/autoware/Autoware/install/vector_map_msgs/lib/python2.7/dist-packages:/home/autoware/Autoware/install/autoware_msgs/lib/python2.7/dist-packages:/home/autoware/Autoware/install/autoware_lanelet2_msgs/lib/python2.7/dist-packages:${PYTHONPATH} ROS_PACKAGE_PATH=/home/autoware/Autoware/install/object_map/share:/home/autoware/Autoware/install/lanelet2_extension/share:/home/autoware/Autoware/install/vector_map/share:/home/autoware/Autoware/install/amathutils_lib/share:/home/autoware/Autoware/install/vector_map_msgs/share:/home/autoware/Autoware/install/autoware_msgs/share:/home/autoware/Autoware/install/autoware_lanelet2_msgs/share:/home/autoware/Autoware/install/autoware_build_flags/share:${ROS_PACKAGE_PATH} /usr/bin/cmake --build /home/autoware/Autoware/build/costmap_generator -- -j32 -l32
[1.010s] Invoking command in '/home/autoware/Autoware/build/costmap_generator': CMAKE_PREFIX_PATH=/home/autoware/Autoware/install/object_map:/home/autoware/Autoware/install/lanelet2_extension:/home/autoware/Autoware/install/vector_map:/home/autoware/Autoware/install/amathutils_lib:/home/autoware/Autoware/install/vector_map_msgs:/home/autoware/Autoware/install/autoware_msgs:/home/autoware/Autoware/install/autoware_lanelet2_msgs:/home/autoware/Autoware/install/autoware_build_flags:${CMAKE_PREFIX_PATH} LD_LIBRARY_PATH=/home/autoware/Autoware/install/object_map/lib:/home/autoware/Autoware/install/lanelet2_extension/lib:/home/autoware/Autoware/install/vector_map/lib:/home/autoware/Autoware/install/amathutils_lib/lib:${LD_LIBRARY_PATH} PKG_CONFIG_PATH=/home/autoware/Autoware/install/object_map/lib/x86_64-linux-gnu/pkgconfig:/home/autoware/Autoware/install/object_map/lib/pkgconfig:/home/autoware/Autoware/install/lanelet2_extension/lib/x86_64-linux-gnu/pkgconfig:/home/autoware/Autoware/install/lanelet2_extension/lib/pkgconfig:/home/autoware/Autoware/install/vector_map/lib/x86_64-linux-gnu/pkgconfig:/home/autoware/Autoware/install/vector_map/lib/pkgconfig:/home/autoware/Autoware/install/amathutils_lib/lib/x86_64-linux-gnu/pkgconfig:/home/autoware/Autoware/install/amathutils_lib/lib/pkgconfig:/home/autoware/Autoware/install/vector_map_msgs/lib/x86_64-linux-gnu/pkgconfig:/home/autoware/Autoware/install/vector_map_msgs/lib/pkgconfig:/home/autoware/Autoware/install/autoware_msgs/lib/x86_64-linux-gnu/pkgconfig:/home/autoware/Autoware/install/autoware_msgs/lib/pkgconfig:/home/autoware/Autoware/install/autoware_lanelet2_msgs/lib/x86_64-linux-gnu/pkgconfig:/home/autoware/Autoware/install/autoware_lanelet2_msgs/lib/pkgconfig:/home/autoware/Autoware/install/autoware_build_flags/lib/x86_64-linux-gnu/pkgconfig:/home/autoware/Autoware/install/autoware_build_flags/lib/pkgconfig:${PKG_CONFIG_PATH} PYTHONPATH=/home/autoware/Autoware/install/vector_map_msgs/lib/python2.7/dist-packages:/home/autoware/Autoware/install/autoware_msgs/lib/python2.7/dist-packages:/home/autoware/Autoware/install/autoware_lanelet2_msgs/lib/python2.7/dist-packages:${PYTHONPATH} ROS_PACKAGE_PATH=/home/autoware/Autoware/install/object_map/share:/home/autoware/Autoware/install/lanelet2_extension/share:/home/autoware/Autoware/install/vector_map/share:/home/autoware/Autoware/install/amathutils_lib/share:/home/autoware/Autoware/install/vector_map_msgs/share:/home/autoware/Autoware/install/autoware_msgs/share:/home/autoware/Autoware/install/autoware_lanelet2_msgs/share:/home/autoware/Autoware/install/autoware_build_flags/share:${ROS_PACKAGE_PATH} /usr/bin/cmake --build /home/autoware/Autoware/build/costmap_generator --target tests -- -j32 -l32
[1.145s] [  0%] Built target roscpp_generate_messages_nodejs
[1.149s] [  0%] Built target autoware_msgs_generate_messages_cpp
[1.151s] [  0%] Built target nav_msgs_generate_messages_nodejs
[1.153s] [  0%] Built target geometry_msgs_generate_messages_nodejs
[1.153s] [  0%] Built target sensor_msgs_generate_messages_py
[1.155s] [  0%] Built target jsk_footstep_msgs_generate_messages_eus
[1.155s] [  0%] Built target actionlib_generate_messages_eus
[1.156s] [  0%] Built target jsk_footstep_msgs_generate_messages_py
[1.157s] [  0%] Built target topic_tools_generate_messages_eus
[1.158s] [  0%] Built target autoware_msgs_generate_messages_lisp
[1.159s] [  0%] Built target std_msgs_generate_messages_nodejs
[1.160s] [  0%] Built target autoware_msgs_generate_messages_py
[1.160s] [  0%] Built target visualization_msgs_generate_messages_lisp
[1.161s] [  0%] Built target geometry_msgs_generate_messages_lisp
[1.161s] [  0%] Built target nodelet_generate_messages_lisp
[1.162s] [  0%] Built target jsk_recognition_msgs_generate_messages_py
[1.162s] [  0%] Built target nodelet_generate_messages_py
[1.164s] [  0%] Built target geometry_msgs_generate_messages_cpp
[1.165s] [  0%] Built target actionlib_msgs_generate_messages_py
[1.165s] [  0%] Built target rosgraph_msgs_generate_messages_cpp
[1.168s] [  0%] Built target topic_tools_generate_messages_cpp
[1.170s] [  0%] Built target sensor_msgs_generate_messages_eus
[1.170s] [  0%] Built target std_msgs_generate_messages_eus
[1.170s] [  0%] Built target geometry_msgs_generate_messages_eus
[1.175s] [  0%] Built target actionlib_generate_messages_lisp
[1.178s] [  0%] Built target autoware_msgs_generate_messages_eus
[1.179s] [  0%] Built target pcl_msgs_generate_messages_py
[1.179s] [  0%] Built target autoware_msgs_generate_messages_nodejs
[1.180s] [  0%] Built target sensor_msgs_generate_messages_cpp
[1.180s] [  0%] Built target std_msgs_generate_messages_cpp
[1.181s] [  0%] Built target pcl_msgs_generate_messages_cpp
[1.205s] [  0%] Built target std_srvs_generate_messages_eus
[1.207s] [  0%] Built target tf2_msgs_generate_messages_eus
[1.208s] [  0%] Built target std_msgs_generate_messages_lisp
[1.216s] [  0%] Built target jsk_footstep_msgs_generate_messages_lisp
[1.221s] [  0%] Built target std_srvs_generate_messages_cpp
[1.223s] [  0%] Built target grid_map_msgs_generate_messages_py
[1.224s] [  0%] Built target jsk_recognition_msgs_generate_messages_nodejs
[1.224s] [  0%] Built target roscpp_generate_messages_eus
[1.224s] [  0%] Built target grid_map_msgs_generate_messages_eus
[1.225s] [  0%] Built target tf2_msgs_generate_messages_lisp
[1.227s] [  0%] Built target grid_map_msgs_generate_messages_lisp
[1.231s] [  0%] Built target autoware_lanelet2_msgs_generate_messages_nodejs
[1.236s] [  0%] Built target autoware_lanelet2_msgs_generate_messages_py
[1.236s] [  0%] Built target nav_msgs_generate_messages_eus
[1.240s] [  0%] Built target visualization_msgs_generate_messages_cpp
[1.240s] [  0%] Built target grid_map_msgs_generate_messages_cpp
[1.242s] [  0%] Built target pcl_msgs_generate_messages_nodejs
[1.243s] [  0%] Built target _catkin_empty_exported_target
[1.244s] [  0%] Built target jsk_footstep_msgs_generate_messages_nodejs
[1.245s] [  0%] Built target actionlib_msgs_generate_messages_eus
[1.246s] [  0%] Built target grid_map_msgs_generate_messages_nodejs
[1.248s] [  0%] Built target dynamic_reconfigure_gencfg
[1.248s] [  0%] Built target sensor_msgs_generate_messages_lisp
[1.256s] [  0%] Built target jsk_recognition_msgs_generate_messages_cpp
[1.256s] [  0%] Built target rosgraph_msgs_generate_messages_nodejs
[1.259s] [  0%] Built target rosgraph_msgs_generate_messages_py
[1.259s] [  0%] Built target rosgraph_msgs_generate_messages_lisp
[1.261s] [  0%] Built target nav_msgs_generate_messages_py
[1.261s] [  0%] Built target roscpp_generate_messages_lisp
[1.261s] [  0%] Built target nav_msgs_generate_messages_lisp
[1.262s] [  0%] Built target nav_msgs_generate_messages_cpp
[1.268s] [  0%] Built target roscpp_generate_messages_py
[1.271s] [  0%] Built target actionlib_msgs_generate_messages_lisp
[1.272s] [  0%] Built target topic_tools_generate_messages_lisp
[1.272s] [  0%] Built target actionlib_msgs_generate_messages_nodejs
[1.274s] [  0%] Built target pcl_msgs_generate_messages_lisp
[1.275s] [  0%] Built target std_srvs_generate_messages_lisp
[1.279s] [  0%] Built target actionlib_generate_messages_nodejs
[1.291s] [  0%] Built target std_srvs_generate_messages_py
[1.292s] [  0%] Built target nodelet_topic_tools_gencfg
[1.294s] [  0%] Built target vector_map_msgs_generate_messages_eus
[1.296s] [  0%] Built target actionlib_msgs_generate_messages_cpp
[1.297s] [  0%] Built target jsk_footstep_msgs_generate_messages_cpp
[1.298s] [  0%] Built target topic_tools_generate_messages_py
[1.303s] [  0%] Built target tf_generate_messages_eus
[1.303s] [  0%] Built target vector_map_msgs_generate_messages_py
[1.303s] [  0%] Built target vector_map_msgs_generate_messages_cpp
[1.304s] [  0%] Built target autoware_lanelet2_msgs_generate_messages_lisp
[1.305s] [  0%] Built target vector_map_msgs_generate_messages_nodejs
[1.308s] [  0%] Built target bond_generate_messages_nodejs
[1.310s] [  0%] Built target autoware_lanelet2_msgs_generate_messages_cpp
[1.311s] [  0%] Built target topic_tools_generate_messages_nodejs
[1.312s] [  0%] Built target nodelet_generate_messages_cpp
[1.312s] [  0%] Built target autoware_lanelet2_msgs_generate_messages_eus
[1.313s] [  0%] Built target bond_generate_messages_eus
[1.315s] [  0%] Built target std_srvs_generate_messages_nodejs
[1.315s] [  0%] Built target nodelet_generate_messages_nodejs
[1.316s] [  0%] Built target dynamic_reconfigure_generate_messages_nodejs
[1.316s] [  0%] Built target tf_generate_messages_cpp
[1.319s] [  0%] Built target bond_generate_messages_cpp
[1.319s] [  0%] Built target vector_map_msgs_generate_messages_lisp
[1.320s] [  0%] Built target pcl_ros_gencfg
[1.325s] [  0%] Built target dynamic_reconfigure_generate_messages_py
[1.327s] [  0%] Built target dynamic_reconfigure_generate_messages_lisp
[1.328s] [  0%] Built target nodelet_generate_messages_eus
[1.328s] [  0%] Built target visualization_msgs_generate_messages_py
[1.329s] [  0%] Built target bond_generate_messages_py
[1.331s] [  0%] Built target bond_generate_messages_lisp
[1.336s] [  0%] Built target tf2_msgs_generate_messages_cpp
[1.337s] [  0%] Built target visualization_msgs_generate_messages_nodejs
[1.337s] [  0%] Built target visualization_msgs_generate_messages_eus
[1.338s] [  0%] Built target dynamic_reconfigure_generate_messages_eus
[1.340s] [  0%] Built target tf2_msgs_generate_messages_py
[1.341s] [  0%] Built target tf2_msgs_generate_messages_nodejs
[1.342s] [  0%] Built target actionlib_generate_messages_cpp
[1.342s] [  0%] Built target tf_generate_messages_py
[1.343s] [  0%] Built target tf_generate_messages_lisp
[1.346s] [  0%] Built target roscpp_generate_messages_cpp
[1.346s] [  0%] Built target pcl_msgs_generate_messages_eus
[1.347s] [  0%] Built target sensor_msgs_generate_messages_nodejs
[1.347s] [  0%] Built target dynamic_reconfigure_generate_messages_cpp
[1.347s] [  0%] Built target geometry_msgs_generate_messages_py
[1.348s] [  0%] Built target actionlib_generate_messages_py
[1.348s] [ 11%] Built target tf_generate_messages_nodejs
[1.348s] [ 22%] Built target gtest
[1.350s] [ 22%] Built target std_msgs_generate_messages_py
[1.350s] [ 22%] Built target jsk_recognition_msgs_generate_messages_eus
[1.351s] [ 22%] Built target jsk_recognition_msgs_generate_messages_lisp
[1.352s] [ 22%] Built target rosgraph_msgs_generate_messages_eus
[1.409s] [ 77%] Built target costmap_generator_lib
[1.478s] [100%] Built target test-costmap_generator
[1.492s] [100%] Built target tests
[1.511s] Invoked command in '/home/autoware/Autoware/build/costmap_generator' returned '0': CMAKE_PREFIX_PATH=/home/autoware/Autoware/install/object_map:/home/autoware/Autoware/install/lanelet2_extension:/home/autoware/Autoware/install/vector_map:/home/autoware/Autoware/install/amathutils_lib:/home/autoware/Autoware/install/vector_map_msgs:/home/autoware/Autoware/install/autoware_msgs:/home/autoware/Autoware/install/autoware_lanelet2_msgs:/home/autoware/Autoware/install/autoware_build_flags:${CMAKE_PREFIX_PATH} LD_LIBRARY_PATH=/home/autoware/Autoware/install/object_map/lib:/home/autoware/Autoware/install/lanelet2_extension/lib:/home/autoware/Autoware/install/vector_map/lib:/home/autoware/Autoware/install/amathutils_lib/lib:${LD_LIBRARY_PATH} PKG_CONFIG_PATH=/home/autoware/Autoware/install/object_map/lib/x86_64-linux-gnu/pkgconfig:/home/autoware/Autoware/install/object_map/lib/pkgconfig:/home/autoware/Autoware/install/lanelet2_extension/lib/x86_64-linux-gnu/pkgconfig:/home/autoware/Autoware/install/lanelet2_extension/lib/pkgconfig:/home/autoware/Autoware/install/vector_map/lib/x86_64-linux-gnu/pkgconfig:/home/autoware/Autoware/install/vector_map/lib/pkgconfig:/home/autoware/Autoware/install/amathutils_lib/lib/x86_64-linux-gnu/pkgconfig:/home/autoware/Autoware/install/amathutils_lib/lib/pkgconfig:/home/autoware/Autoware/install/vector_map_msgs/lib/x86_64-linux-gnu/pkgconfig:/home/autoware/Autoware/install/vector_map_msgs/lib/pkgconfig:/home/autoware/Autoware/install/autoware_msgs/lib/x86_64-linux-gnu/pkgconfig:/home/autoware/Autoware/install/autoware_msgs/lib/pkgconfig:/home/autoware/Autoware/install/autoware_lanelet2_msgs/lib/x86_64-linux-gnu/pkgconfig:/home/autoware/Autoware/install/autoware_lanelet2_msgs/lib/pkgconfig:/home/autoware/Autoware/install/autoware_build_flags/lib/x86_64-linux-gnu/pkgconfig:/home/autoware/Autoware/install/autoware_build_flags/lib/pkgconfig:${PKG_CONFIG_PATH} PYTHONPATH=/home/autoware/Autoware/install/vector_map_msgs/lib/python2.7/dist-packages:/home/autoware/Autoware/install/autoware_msgs/lib/python2.7/dist-packages:/home/autoware/Autoware/install/autoware_lanelet2_msgs/lib/python2.7/dist-packages:${PYTHONPATH} ROS_PACKAGE_PATH=/home/autoware/Autoware/install/object_map/share:/home/autoware/Autoware/install/lanelet2_extension/share:/home/autoware/Autoware/install/vector_map/share:/home/autoware/Autoware/install/amathutils_lib/share:/home/autoware/Autoware/install/vector_map_msgs/share:/home/autoware/Autoware/install/autoware_msgs/share:/home/autoware/Autoware/install/autoware_lanelet2_msgs/share:/home/autoware/Autoware/install/autoware_build_flags/share:${ROS_PACKAGE_PATH} /usr/bin/cmake --build /home/autoware/Autoware/build/costmap_generator --target tests -- -j32 -l32
[2.126s] Invoking command in '/home/autoware/Autoware/build/costmap_generator': CMAKE_PREFIX_PATH=/home/autoware/Autoware/install/object_map:/home/autoware/Autoware/install/lanelet2_extension:/home/autoware/Autoware/install/vector_map:/home/autoware/Autoware/install/amathutils_lib:/home/autoware/Autoware/install/vector_map_msgs:/home/autoware/Autoware/install/autoware_msgs:/home/autoware/Autoware/install/autoware_lanelet2_msgs:/home/autoware/Autoware/install/autoware_build_flags:${CMAKE_PREFIX_PATH} LD_LIBRARY_PATH=/home/autoware/Autoware/install/object_map/lib:/home/autoware/Autoware/install/lanelet2_extension/lib:/home/autoware/Autoware/install/vector_map/lib:/home/autoware/Autoware/install/amathutils_lib/lib:${LD_LIBRARY_PATH} PKG_CONFIG_PATH=/home/autoware/Autoware/install/object_map/lib/x86_64-linux-gnu/pkgconfig:/home/autoware/Autoware/install/object_map/lib/pkgconfig:/home/autoware/Autoware/install/lanelet2_extension/lib/x86_64-linux-gnu/pkgconfig:/home/autoware/Autoware/install/lanelet2_extension/lib/pkgconfig:/home/autoware/Autoware/install/vector_map/lib/x86_64-linux-gnu/pkgconfig:/home/autoware/Autoware/install/vector_map/lib/pkgconfig:/home/autoware/Autoware/install/amathutils_lib/lib/x86_64-linux-gnu/pkgconfig:/home/autoware/Autoware/install/amathutils_lib/lib/pkgconfig:/home/autoware/Autoware/install/vector_map_msgs/lib/x86_64-linux-gnu/pkgconfig:/home/autoware/Autoware/install/vector_map_msgs/lib/pkgconfig:/home/autoware/Autoware/install/autoware_msgs/lib/x86_64-linux-gnu/pkgconfig:/home/autoware/Autoware/install/autoware_msgs/lib/pkgconfig:/home/autoware/Autoware/install/autoware_lanelet2_msgs/lib/x86_64-linux-gnu/pkgconfig:/home/autoware/Autoware/install/autoware_lanelet2_msgs/lib/pkgconfig:/home/autoware/Autoware/install/autoware_build_flags/lib/x86_64-linux-gnu/pkgconfig:/home/autoware/Autoware/install/autoware_build_flags/lib/pkgconfig:${PKG_CONFIG_PATH} PYTHONPATH=/home/autoware/Autoware/install/vector_map_msgs/lib/python2.7/dist-packages:/home/autoware/Autoware/install/autoware_msgs/lib/python2.7/dist-packages:/home/autoware/Autoware/install/autoware_lanelet2_msgs/lib/python2.7/dist-packages:${PYTHONPATH} ROS_PACKAGE_PATH=/home/autoware/Autoware/install/object_map/share:/home/autoware/Autoware/install/lanelet2_extension/share:/home/autoware/Autoware/install/vector_map/share:/home/autoware/Autoware/install/amathutils_lib/share:/home/autoware/Autoware/install/vector_map_msgs/share:/home/autoware/Autoware/install/autoware_msgs/share:/home/autoware/Autoware/install/autoware_lanelet2_msgs/share:/home/autoware/Autoware/install/autoware_build_flags/share:${ROS_PACKAGE_PATH} /usr/bin/cmake --build /home/autoware/Autoware/build/costmap_generator --target install -- -j32 -l32
[2.249s] [  0%] Built target geometry_msgs_generate_messages_nodejs
[2.249s] [  0%] Built target actionlib_msgs_generate_messages_py
[2.249s] [  0%] Built target autoware_msgs_generate_messages_py
[2.249s] [  0%] Built target std_msgs_generate_messages_eus
[2.249s] [  0%] Built target geometry_msgs_generate_messages_cpp
[2.249s] [  0%] Built target sensor_msgs_generate_messages_py
[2.249s] [  0%] Built target pcl_msgs_generate_messages_py
[2.249s] [  0%] Built target visualization_msgs_generate_messages_lisp
[2.249s] [  0%] Built target jsk_recognition_msgs_generate_messages_py
[2.250s] [  0%] Built target autoware_msgs_generate_messages_lisp
[2.250s] [  0%] Built target jsk_footstep_msgs_generate_messages_eus
[2.250s] [  0%] Built target geometry_msgs_generate_messages_lisp
[2.253s] [  0%] Built target nodelet_generate_messages_py
[2.253s] [  0%] Built target topic_tools_generate_messages_cpp
[2.253s] [  0%] Built target std_msgs_generate_messages_cpp
[2.253s] [  0%] Built target rosgraph_msgs_generate_messages_cpp
[2.254s] [  0%] Built target nodelet_generate_messages_lisp
[2.254s] [  0%] Built target actionlib_generate_messages_eus
[2.262s] [  0%] Built target topic_tools_generate_messages_eus
[2.262s] [  0%] Built target roscpp_generate_messages_nodejs
[2.262s] [  0%] Built target std_msgs_generate_messages_lisp
[2.264s] [  0%] Built target nav_msgs_generate_messages_nodejs
[2.264s] [  0%] Built target actionlib_generate_messages_lisp
[2.264s] [  0%] Built target std_msgs_generate_messages_nodejs
[2.265s] [  0%] Built target geometry_msgs_generate_messages_eus
[2.265s] [  0%] Built target jsk_footstep_msgs_generate_messages_py
[2.265s] [  0%] Built target sensor_msgs_generate_messages_eus
[2.266s] [  0%] Built target autoware_msgs_generate_messages_eus
[2.267s] [  0%] Built target pcl_msgs_generate_messages_cpp
[2.267s] [  0%] Built target autoware_msgs_generate_messages_cpp
[2.272s] [  0%] Built target sensor_msgs_generate_messages_cpp
[2.272s] [  0%] Built target autoware_msgs_generate_messages_nodejs
[2.283s] [  0%] Built target jsk_footstep_msgs_generate_messages_lisp
[2.285s] [  0%] Built target grid_map_msgs_generate_messages_lisp
[2.286s] [  0%] Built target actionlib_msgs_generate_messages_lisp
[2.287s] [  0%] Built target visualization_msgs_generate_messages_cpp
[2.289s] [  0%] Built target nav_msgs_generate_messages_eus
[2.291s] [  0%] Built target tf2_msgs_generate_messages_eus
[2.293s] [  0%] Built target roscpp_generate_messages_lisp
[2.294s] [  0%] Built target autoware_lanelet2_msgs_generate_messages_py
[2.295s] [  0%] Built target roscpp_generate_messages_py
[2.295s] [  0%] Built target actionlib_msgs_generate_messages_eus
[2.296s] [  0%] Built target jsk_recognition_msgs_generate_messages_nodejs
[2.297s] [  0%] Built target rosgraph_msgs_generate_messages_py
[2.297s] [  0%] Built target rosgraph_msgs_generate_messages_lisp
[2.298s] [  0%] Built target std_srvs_generate_messages_cpp
[2.298s] [  0%] Built target grid_map_msgs_generate_messages_eus
[2.299s] [  0%] Built target grid_map_msgs_generate_messages_nodejs
[2.307s] [  0%] Built target rosgraph_msgs_generate_messages_nodejs
[2.307s] [  0%] Built target autoware_lanelet2_msgs_generate_messages_nodejs
[2.307s] [  0%] Built target sensor_msgs_generate_messages_lisp
[2.307s] [  0%] Built target std_srvs_generate_messages_eus
[2.307s] [  0%] Built target jsk_footstep_msgs_generate_messages_nodejs
[2.307s] [  0%] Built target roscpp_generate_messages_eus
[2.308s] [  0%] Built target nav_msgs_generate_messages_lisp
[2.308s] [  0%] Built target grid_map_msgs_generate_messages_py
[2.308s] [  0%] Built target grid_map_msgs_generate_messages_cpp
[2.308s] [  0%] Built target tf2_msgs_generate_messages_lisp
[2.308s] [  0%] Built target dynamic_reconfigure_gencfg
[2.308s] [  0%] Built target pcl_msgs_generate_messages_nodejs
[2.308s] [  0%] Built target std_srvs_generate_messages_lisp
[2.310s] [  0%] Built target nav_msgs_generate_messages_py
[2.310s] [  0%] Built target nav_msgs_generate_messages_cpp
[2.317s] [  0%] Built target _catkin_empty_exported_target
[2.319s] [  0%] Built target jsk_recognition_msgs_generate_messages_cpp
[2.323s] [  0%] Built target std_srvs_generate_messages_nodejs
[2.326s] [  0%] Built target topic_tools_generate_messages_lisp
[2.327s] [  0%] Built target nodelet_topic_tools_gencfg
[2.327s] [  0%] Built target topic_tools_generate_messages_py
[2.334s] [  0%] Built target topic_tools_generate_messages_nodejs
[2.334s] [  0%] Built target actionlib_generate_messages_nodejs
[2.335s] [  0%] Built target pcl_msgs_generate_messages_lisp
[2.335s] [  0%] Built target std_srvs_generate_messages_py
[2.335s] [  0%] Built target tf_generate_messages_cpp
[2.335s] [  0%] Built target jsk_footstep_msgs_generate_messages_cpp
[2.336s] [  0%] Built target autoware_lanelet2_msgs_generate_messages_lisp
[2.336s] [  0%] Built target tf_generate_messages_eus
[2.336s] [  0%] Built target autoware_lanelet2_msgs_generate_messages_eus
[2.337s] [  0%] Built target vector_map_msgs_generate_messages_nodejs
[2.337s] [  0%] Built target vector_map_msgs_generate_messages_py
[2.337s] [  0%] Built target bond_generate_messages_nodejs
[2.337s] [  0%] Built target vector_map_msgs_generate_messages_cpp
[2.337s] [  0%] Built target actionlib_msgs_generate_messages_nodejs
[2.337s] [  0%] Built target nodelet_generate_messages_nodejs
[2.338s] [  0%] Built target vector_map_msgs_generate_messages_lisp
[2.338s] [  0%] Built target actionlib_msgs_generate_messages_cpp
[2.338s] [  0%] Built target bond_generate_messages_py
[2.339s] [  0%] Built target vector_map_msgs_generate_messages_eus
[2.340s] [  0%] Built target nodelet_generate_messages_eus
[2.344s] [  0%] Built target nodelet_generate_messages_cpp
[2.344s] [  0%] Built target bond_generate_messages_cpp
[2.345s] [  0%] Built target autoware_lanelet2_msgs_generate_messages_cpp
[2.347s] [  0%] Built target bond_generate_messages_eus
[2.349s] [  0%] Built target dynamic_reconfigure_generate_messages_py
[2.349s] [  0%] Built target bond_generate_messages_lisp
[2.352s] [  0%] Built target dynamic_reconfigure_generate_messages_nodejs
[2.353s] [  0%] Built target dynamic_reconfigure_generate_messages_lisp
[2.357s] [  0%] Built target dynamic_reconfigure_generate_messages_eus
[2.358s] [  0%] Built target pcl_ros_gencfg
[2.359s] [  0%] Built target visualization_msgs_generate_messages_nodejs
[2.361s] [  0%] Built target tf2_msgs_generate_messages_nodejs
[2.361s] [  0%] Built target visualization_msgs_generate_messages_py
[2.362s] [  0%] Built target tf2_msgs_generate_messages_py
[2.366s] [  0%] Built target visualization_msgs_generate_messages_eus
[2.366s] [  0%] Built target tf2_msgs_generate_messages_cpp
[2.367s] [  0%] Built target actionlib_generate_messages_cpp
[2.367s] [  0%] Built target actionlib_generate_messages_py
[2.367s] [  0%] Built target tf_generate_messages_lisp
[2.368s] [  0%] Built target geometry_msgs_generate_messages_py
[2.368s] [  0%] Built target tf_generate_messages_nodejs
[2.368s] [  0%] Built target jsk_recognition_msgs_generate_messages_lisp
[2.368s] [  0%] Built target sensor_msgs_generate_messages_nodejs
[2.369s] [  0%] Built target rosgraph_msgs_generate_messages_eus
[2.369s] [  0%] Built target std_msgs_generate_messages_py
[2.369s] [  0%] Built target roscpp_generate_messages_cpp
[2.369s] [  0%] Built target dynamic_reconfigure_generate_messages_cpp
[2.369s] [  0%] Built target tf_generate_messages_py
[2.369s] [  0%] Built target pcl_msgs_generate_messages_eus
[2.370s] [  0%] Built target jsk_recognition_msgs_generate_messages_eus
[2.425s] [ 33%] Built target costmap_generator_lanelet2
[2.427s] [ 66%] Built target costmap_generator_lib
[2.430s] [100%] Built target costmap_generator
[2.461s] Install the project...
[2.470s] -- Install configuration: "Release"
[2.470s] -- Up-to-date: /home/autoware/Autoware/install/costmap_generator/lib/pkgconfig/costmap_generator.pc
[2.471s] -- Up-to-date: /home/autoware/Autoware/install/costmap_generator/share/costmap_generator/cmake/costmap_generatorConfig.cmake
[2.471s] -- Up-to-date: /home/autoware/Autoware/install/costmap_generator/share/costmap_generator/cmake/costmap_generatorConfig-version.cmake
[2.471s] -- Up-to-date: /home/autoware/Autoware/install/costmap_generator/share/costmap_generator/package.xml
[2.472s] -- Up-to-date: /home/autoware/Autoware/install/costmap_generator/lib/costmap_generator/costmap_generator
[2.497s] -- Up-to-date: /home/autoware/Autoware/install/costmap_generator/lib/costmap_generator/costmap_generator_lanelet2
[2.497s] -- Up-to-date: /home/autoware/Autoware/install/costmap_generator/share/costmap_generator/launch
[2.498s] -- Up-to-date: /home/autoware/Autoware/install/costmap_generator/share/costmap_generator/launch/costmap_generator.launch
[2.498s] -- Up-to-date: /home/autoware/Autoware/install/costmap_generator/share/costmap_generator/launch/costmap_generator_lanelet2.launch
[2.498s] -- Up-to-date: /home/autoware/Autoware/install/costmap_generator/share/costmap_generator/launch/costmap_generator_option.launch
[2.498s] -- Up-to-date: /home/autoware/Autoware/install/costmap_generator/include/costmap_generator
[2.499s] -- Up-to-date: /home/autoware/Autoware/install/costmap_generator/include/costmap_generator/costmap_generator_lanelet2.h
[2.499s] -- Up-to-date: /home/autoware/Autoware/install/costmap_generator/include/costmap_generator/objects_to_costmap.h
[2.499s] -- Up-to-date: /home/autoware/Autoware/install/costmap_generator/include/costmap_generator/costmap_generator.h
[2.499s] -- Up-to-date: /home/autoware/Autoware/install/costmap_generator/include/costmap_generator/points_to_costmap.h
[2.504s] Invoked command in '/home/autoware/Autoware/build/costmap_generator' returned '0': CMAKE_PREFIX_PATH=/home/autoware/Autoware/install/object_map:/home/autoware/Autoware/install/lanelet2_extension:/home/autoware/Autoware/install/vector_map:/home/autoware/Autoware/install/amathutils_lib:/home/autoware/Autoware/install/vector_map_msgs:/home/autoware/Autoware/install/autoware_msgs:/home/autoware/Autoware/install/autoware_lanelet2_msgs:/home/autoware/Autoware/install/autoware_build_flags:${CMAKE_PREFIX_PATH} LD_LIBRARY_PATH=/home/autoware/Autoware/install/object_map/lib:/home/autoware/Autoware/install/lanelet2_extension/lib:/home/autoware/Autoware/install/vector_map/lib:/home/autoware/Autoware/install/amathutils_lib/lib:${LD_LIBRARY_PATH} PKG_CONFIG_PATH=/home/autoware/Autoware/install/object_map/lib/x86_64-linux-gnu/pkgconfig:/home/autoware/Autoware/install/object_map/lib/pkgconfig:/home/autoware/Autoware/install/lanelet2_extension/lib/x86_64-linux-gnu/pkgconfig:/home/autoware/Autoware/install/lanelet2_extension/lib/pkgconfig:/home/autoware/Autoware/install/vector_map/lib/x86_64-linux-gnu/pkgconfig:/home/autoware/Autoware/install/vector_map/lib/pkgconfig:/home/autoware/Autoware/install/amathutils_lib/lib/x86_64-linux-gnu/pkgconfig:/home/autoware/Autoware/install/amathutils_lib/lib/pkgconfig:/home/autoware/Autoware/install/vector_map_msgs/lib/x86_64-linux-gnu/pkgconfig:/home/autoware/Autoware/install/vector_map_msgs/lib/pkgconfig:/home/autoware/Autoware/install/autoware_msgs/lib/x86_64-linux-gnu/pkgconfig:/home/autoware/Autoware/install/autoware_msgs/lib/pkgconfig:/home/autoware/Autoware/install/autoware_lanelet2_msgs/lib/x86_64-linux-gnu/pkgconfig:/home/autoware/Autoware/install/autoware_lanelet2_msgs/lib/pkgconfig:/home/autoware/Autoware/install/autoware_build_flags/lib/x86_64-linux-gnu/pkgconfig:/home/autoware/Autoware/install/autoware_build_flags/lib/pkgconfig:${PKG_CONFIG_PATH} PYTHONPATH=/home/autoware/Autoware/install/vector_map_msgs/lib/python2.7/dist-packages:/home/autoware/Autoware/install/autoware_msgs/lib/python2.7/dist-packages:/home/autoware/Autoware/install/autoware_lanelet2_msgs/lib/python2.7/dist-packages:${PYTHONPATH} ROS_PACKAGE_PATH=/home/autoware/Autoware/install/object_map/share:/home/autoware/Autoware/install/lanelet2_extension/share:/home/autoware/Autoware/install/vector_map/share:/home/autoware/Autoware/install/amathutils_lib/share:/home/autoware/Autoware/install/vector_map_msgs/share:/home/autoware/Autoware/install/autoware_msgs/share:/home/autoware/Autoware/install/autoware_lanelet2_msgs/share:/home/autoware/Autoware/install/autoware_build_flags/share:${ROS_PACKAGE_PATH} /usr/bin/cmake --build /home/autoware/Autoware/build/costmap_generator --target install -- -j32 -l32
