[0.647s] Invoking command in '/home/autoware/Autoware/build/pixel_cloud_fusion': CMAKE_PREFIX_PATH=/home/autoware/Autoware/install/autoware_build_flags:${CMAKE_PREFIX_PATH} PKG_CONFIG_PATH=/home/autoware/Autoware/install/autoware_build_flags/lib/x86_64-linux-gnu/pkgconfig:/home/autoware/Autoware/install/autoware_build_flags/lib/pkgconfig:${PKG_CONFIG_PATH} ROS_PACKAGE_PATH=/home/autoware/Autoware/install/autoware_build_flags/share:${ROS_PACKAGE_PATH} /usr/bin/cmake --build /home/autoware/Autoware/build/pixel_cloud_fusion -- -j32 -l32
[1.374s] [  0%] Built target bond_generate_messages_lisp
[1.374s] [  0%] Built target tf2_msgs_generate_messages_nodejs
[1.374s] [  0%] Built target pcl_msgs_generate_messages_eus
[1.374s] [  0%] Built target rosgraph_msgs_generate_messages_cpp
[1.375s] [  0%] Built target actionlib_msgs_generate_messages_py
[1.375s] [  0%] Built target pcl_msgs_generate_messages_nodejs
[1.375s] [  0%] Built target nodelet_generate_messages_py
[1.375s] [  0%] Built target tf2_msgs_generate_messages_cpp
[1.375s] [  0%] Built target geometry_msgs_generate_messages_nodejs
[1.375s] [  0%] Built target rosgraph_msgs_generate_messages_lisp
[1.375s] [  0%] Built target tf2_msgs_generate_messages_eus
[1.375s] [  0%] Built target geometry_msgs_generate_messages_eus
[1.375s] [  0%] Built target topic_tools_generate_messages_eus
[1.375s] [  0%] Built target sensor_msgs_generate_messages_nodejs
[1.375s] [  0%] Built target nodelet_generate_messages_nodejs
[1.375s] [  0%] Built target roscpp_generate_messages_py
[1.375s] [  0%] Built target std_msgs_generate_messages_nodejs
[1.376s] [  0%] Built target bond_generate_messages_eus
[1.376s] [  0%] Built target rosgraph_msgs_generate_messages_eus
[1.376s] [  0%] Built target std_msgs_generate_messages_cpp
[1.376s] [  0%] Built target sensor_msgs_generate_messages_py
[1.376s] [  0%] Built target dynamic_reconfigure_generate_messages_lisp
[1.376s] [  0%] Built target topic_tools_generate_messages_cpp
[1.376s] [  0%] Built target pcl_msgs_generate_messages_cpp
[1.409s] [  0%] Built target sensor_msgs_generate_messages_lisp
[1.409s] [  0%] Built target std_srvs_generate_messages_eus
[1.411s] [  0%] Built target rosgraph_msgs_generate_messages_nodejs
[1.411s] [  0%] Built target actionlib_generate_messages_cpp
[1.422s] [  0%] Built target std_msgs_generate_messages_py
[1.423s] [  0%] Built target sensor_msgs_generate_messages_cpp
[1.427s] [  0%] Built target std_msgs_generate_messages_eus
[1.442s] [  0%] Built target roscpp_generate_messages_cpp
[1.445s] [  0%] Built target topic_tools_generate_messages_nodejs
[1.445s] [  0%] Built target roscpp_generate_messages_lisp
[1.445s] [  0%] Built target roscpp_generate_messages_nodejs
[1.446s] [  0%] Built target geometry_msgs_generate_messages_lisp
[1.458s] [  0%] Built target pcl_ros_gencfg
[1.460s] [  0%] Built target dynamic_reconfigure_generate_messages_nodejs
[1.464s] [  0%] Built target tf2_msgs_generate_messages_py
[1.475s] [  0%] Built target dynamic_reconfigure_generate_messages_cpp
[1.511s] [  0%] Built target tf2_msgs_generate_messages_lisp
[1.564s] [  0%] Built target std_srvs_generate_messages_nodejs
[1.564s] [  0%] Built target nodelet_generate_messages_eus
[1.566s] [  0%] Built target sensor_msgs_generate_messages_eus
[1.591s] [  0%] Built target geometry_msgs_generate_messages_cpp
[1.592s] [  0%] Built target actionlib_generate_messages_lisp
[1.592s] [  0%] Built target roscpp_generate_messages_eus
[1.600s] [  0%] Built target nodelet_generate_messages_lisp
[1.605s] [  0%] Built target topic_tools_generate_messages_lisp
[1.610s] [  0%] Built target actionlib_generate_messages_py
[1.612s] [  0%] Built target dynamic_reconfigure_generate_messages_eus
[1.615s] [  0%] Built target std_msgs_generate_messages_lisp
[1.618s] [  0%] Built target nodelet_generate_messages_cpp
[1.623s] [  0%] Built target dynamic_reconfigure_generate_messages_py
[1.635s] [  0%] Built target rosgraph_msgs_generate_messages_py
[1.636s] [  0%] Built target dynamic_reconfigure_gencfg
[1.653s] [  0%] Built target std_srvs_generate_messages_py
[1.660s] [  0%] Built target actionlib_msgs_generate_messages_eus
[1.660s] [  0%] Built target tf_generate_messages_lisp
[1.660s] [  0%] Built target geometry_msgs_generate_messages_py
[1.660s] [  0%] Built target bond_generate_messages_py
[1.660s] [  0%] Built target topic_tools_generate_messages_py
[1.674s] [  0%] Built target bond_generate_messages_cpp
[1.679s] [  0%] Built target bond_generate_messages_nodejs
[1.690s] [  0%] Built target nodelet_topic_tools_gencfg
[1.696s] [  0%] Built target tf_generate_messages_eus
[1.697s] [  0%] Built target actionlib_msgs_generate_messages_nodejs
[1.697s] [  0%] Built target tf_generate_messages_py
[1.698s] [  0%] Built target actionlib_generate_messages_eus
[1.706s] [  0%] Built target std_srvs_generate_messages_cpp
[1.711s] [  0%] Built target actionlib_msgs_generate_messages_cpp
[1.718s] [  0%] Built target tf_generate_messages_nodejs
[1.726s] [  0%] Built target actionlib_msgs_generate_messages_lisp
[1.726s] [  0%] Built target std_srvs_generate_messages_lisp
[1.741s] [  0%] Built target pcl_msgs_generate_messages_py
[1.741s] [  0%] Built target actionlib_generate_messages_nodejs
[1.741s] [  0%] Built target tf_generate_messages_cpp
[1.748s] [  0%] Built target pcl_msgs_generate_messages_lisp
[1.886s] [ 50%] Built target pixel_cloud_fusion_lib
[1.996s] [100%] Built target pixel_cloud_fusion
[2.142s] Invoked command in '/home/autoware/Autoware/build/pixel_cloud_fusion' returned '0': CMAKE_PREFIX_PATH=/home/autoware/Autoware/install/autoware_build_flags:${CMAKE_PREFIX_PATH} PKG_CONFIG_PATH=/home/autoware/Autoware/install/autoware_build_flags/lib/x86_64-linux-gnu/pkgconfig:/home/autoware/Autoware/install/autoware_build_flags/lib/pkgconfig:${PKG_CONFIG_PATH} ROS_PACKAGE_PATH=/home/autoware/Autoware/install/autoware_build_flags/share:${ROS_PACKAGE_PATH} /usr/bin/cmake --build /home/autoware/Autoware/build/pixel_cloud_fusion -- -j32 -l32
[2.458s] Invoking command in '/home/autoware/Autoware/build/pixel_cloud_fusion': CMAKE_PREFIX_PATH=/home/autoware/Autoware/install/autoware_build_flags:${CMAKE_PREFIX_PATH} PKG_CONFIG_PATH=/home/autoware/Autoware/install/autoware_build_flags/lib/x86_64-linux-gnu/pkgconfig:/home/autoware/Autoware/install/autoware_build_flags/lib/pkgconfig:${PKG_CONFIG_PATH} ROS_PACKAGE_PATH=/home/autoware/Autoware/install/autoware_build_flags/share:${ROS_PACKAGE_PATH} /usr/bin/cmake --build /home/autoware/Autoware/build/pixel_cloud_fusion --target tests -- -j32 -l32
[2.788s] Built target tests
[2.928s] Invoked command in '/home/autoware/Autoware/build/pixel_cloud_fusion' returned '0': CMAKE_PREFIX_PATH=/home/autoware/Autoware/install/autoware_build_flags:${CMAKE_PREFIX_PATH} PKG_CONFIG_PATH=/home/autoware/Autoware/install/autoware_build_flags/lib/x86_64-linux-gnu/pkgconfig:/home/autoware/Autoware/install/autoware_build_flags/lib/pkgconfig:${PKG_CONFIG_PATH} ROS_PACKAGE_PATH=/home/autoware/Autoware/install/autoware_build_flags/share:${ROS_PACKAGE_PATH} /usr/bin/cmake --build /home/autoware/Autoware/build/pixel_cloud_fusion --target tests -- -j32 -l32
[3.594s] Invoking command in '/home/autoware/Autoware/build/pixel_cloud_fusion': CMAKE_PREFIX_PATH=/home/autoware/Autoware/install/autoware_build_flags:${CMAKE_PREFIX_PATH} PKG_CONFIG_PATH=/home/autoware/Autoware/install/autoware_build_flags/lib/x86_64-linux-gnu/pkgconfig:/home/autoware/Autoware/install/autoware_build_flags/lib/pkgconfig:${PKG_CONFIG_PATH} ROS_PACKAGE_PATH=/home/autoware/Autoware/install/autoware_build_flags/share:${ROS_PACKAGE_PATH} /usr/bin/cmake --build /home/autoware/Autoware/build/pixel_cloud_fusion --target install -- -j32 -l32
[4.093s] [  0%] Built target tf2_msgs_generate_messages_cpp
[4.093s] [  0%] Built target std_msgs_generate_messages_eus
[4.093s] [  0%] Built target roscpp_generate_messages_lisp
[4.093s] [  0%] Built target nodelet_generate_messages_nodejs
[4.093s] [  0%] Built target rosgraph_msgs_generate_messages_lisp
[4.093s] [  0%] Built target rosgraph_msgs_generate_messages_nodejs
[4.093s] [  0%] Built target std_msgs_generate_messages_nodejs
[4.093s] [  0%] Built target actionlib_msgs_generate_messages_py
[4.093s] [  0%] Built target topic_tools_generate_messages_eus
[4.093s] [  0%] Built target std_msgs_generate_messages_py
[4.094s] [  0%] Built target tf2_msgs_generate_messages_nodejs
[4.094s] [  0%] Built target bond_generate_messages_lisp
[4.094s] [  0%] Built target nodelet_generate_messages_py
[4.094s] [  0%] Built target geometry_msgs_generate_messages_eus
[4.094s] [  0%] Built target sensor_msgs_generate_messages_lisp
[4.094s] [  0%] Built target roscpp_generate_messages_cpp
[4.094s] [  0%] Built target pcl_msgs_generate_messages_cpp
[4.094s] [  0%] Built target topic_tools_generate_messages_cpp
[4.094s] [  0%] Built target geometry_msgs_generate_messages_nodejs
[4.094s] [  0%] Built target rosgraph_msgs_generate_messages_cpp
[4.094s] [  0%] Built target pcl_msgs_generate_messages_eus
[4.094s] [  0%] Built target dynamic_reconfigure_generate_messages_lisp
[4.095s] [  0%] Built target bond_generate_messages_eus
[4.095s] [  0%] Built target sensor_msgs_generate_messages_py
[4.095s] [  0%] Built target roscpp_generate_messages_py
[4.095s] [  0%] Built target std_msgs_generate_messages_cpp
[4.095s] [  0%] Built target pcl_msgs_generate_messages_nodejs
[4.095s] [  0%] Built target actionlib_generate_messages_cpp
[4.095s] [  0%] Built target dynamic_reconfigure_generate_messages_cpp
[4.095s] [  0%] Built target tf2_msgs_generate_messages_eus
[4.095s] [  0%] Built target std_srvs_generate_messages_eus
[4.095s] [  0%] Built target tf_generate_messages_py
[4.095s] [  0%] Built target actionlib_generate_messages_py
[4.095s] [  0%] Built target sensor_msgs_generate_messages_nodejs
[4.096s] [  0%] Built target rosgraph_msgs_generate_messages_eus
[4.112s] [  0%] Built target geometry_msgs_generate_messages_py
[4.113s] [  0%] Built target tf2_msgs_generate_messages_py
[4.113s] [  0%] Built target std_msgs_generate_messages_lisp
[4.113s] [  0%] Built target dynamic_reconfigure_generate_messages_py
[4.113s] [  0%] Built target roscpp_generate_messages_nodejs
[4.113s] [  0%] Built target geometry_msgs_generate_messages_lisp
[4.113s] [  0%] Built target dynamic_reconfigure_generate_messages_eus
[4.113s] [  0%] Built target dynamic_reconfigure_gencfg
[4.113s] [  0%] Built target topic_tools_generate_messages_nodejs
[4.113s] [  0%] Built target actionlib_generate_messages_lisp
[4.113s] [  0%] Built target pcl_ros_gencfg
[4.113s] [  0%] Built target sensor_msgs_generate_messages_cpp
[4.114s] [  0%] Built target roscpp_generate_messages_eus
[4.114s] [  0%] Built target rosgraph_msgs_generate_messages_py
[4.114s] [  0%] Built target sensor_msgs_generate_messages_eus
[4.114s] [  0%] Built target nodelet_generate_messages_cpp
[4.114s] [  0%] Built target bond_generate_messages_nodejs
[4.114s] [  0%] Built target actionlib_msgs_generate_messages_nodejs
[4.114s] [  0%] Built target std_srvs_generate_messages_lisp
[4.114s] [  0%] Built target bond_generate_messages_py
[4.114s] [  0%] Built target tf_generate_messages_eus
[4.114s] [  0%] Built target std_srvs_generate_messages_cpp
[4.114s] [  0%] Built target nodelet_generate_messages_lisp
[4.115s] [  0%] Built target nodelet_generate_messages_eus
[4.115s] [  0%] Built target dynamic_reconfigure_generate_messages_nodejs
[4.189s] [  0%] Built target nodelet_topic_tools_gencfg
[4.189s] [  0%] Built target std_srvs_generate_messages_nodejs
[4.189s] [  0%] Built target tf2_msgs_generate_messages_lisp
[4.190s] [  0%] Built target geometry_msgs_generate_messages_cpp
[4.190s] [  0%] Built target actionlib_msgs_generate_messages_eus
[4.190s] [  0%] Built target tf_generate_messages_lisp
[4.190s] [  0%] Built target actionlib_msgs_generate_messages_cpp
[4.190s] [  0%] Built target pcl_msgs_generate_messages_lisp
[4.190s] [  0%] Built target topic_tools_generate_messages_lisp
[4.190s] [  0%] Built target tf_generate_messages_cpp
[4.190s] [  0%] Built target tf_generate_messages_nodejs
[4.190s] [  0%] Built target actionlib_generate_messages_nodejs
[4.190s] [  0%] Built target pcl_msgs_generate_messages_py
[4.190s] [  0%] Built target topic_tools_generate_messages_py
[4.190s] [  0%] Built target bond_generate_messages_cpp
[4.190s] [  0%] Built target std_srvs_generate_messages_py
[4.191s] [  0%] Built target actionlib_msgs_generate_messages_lisp
[4.191s] [  0%] Built target actionlib_generate_messages_eus
[4.405s] [ 50%] Built target pixel_cloud_fusion_lib
[4.474s] [100%] Built target pixel_cloud_fusion
[4.722s] Install the project...
[4.722s] -- Install configuration: "Release"
[4.722s] -- Up-to-date: /home/autoware/Autoware/install/pixel_cloud_fusion/lib/pkgconfig/pixel_cloud_fusion.pc
[4.753s] -- Up-to-date: /home/autoware/Autoware/install/pixel_cloud_fusion/share/pixel_cloud_fusion/cmake/pixel_cloud_fusionConfig.cmake
[4.760s] -- Up-to-date: /home/autoware/Autoware/install/pixel_cloud_fusion/share/pixel_cloud_fusion/cmake/pixel_cloud_fusionConfig-version.cmake
[4.761s] -- Up-to-date: /home/autoware/Autoware/install/pixel_cloud_fusion/share/pixel_cloud_fusion/package.xml
[4.761s] -- Up-to-date: /home/autoware/Autoware/install/pixel_cloud_fusion/lib/pixel_cloud_fusion/pixel_cloud_fusion
[4.761s] -- Up-to-date: /home/autoware/Autoware/install/pixel_cloud_fusion/lib/libpixel_cloud_fusion_lib.so
[4.761s] -- Up-to-date: /home/autoware/Autoware/install/pixel_cloud_fusion/include/pixel_cloud_fusion
[4.761s] -- Up-to-date: /home/autoware/Autoware/install/pixel_cloud_fusion/include/pixel_cloud_fusion/pixel_cloud_fusion.h
[4.761s] -- Up-to-date: /home/autoware/Autoware/install/pixel_cloud_fusion/share/pixel_cloud_fusion/launch
[4.761s] -- Up-to-date: /home/autoware/Autoware/install/pixel_cloud_fusion/share/pixel_cloud_fusion/launch/pixel_cloud_fusion.launch
[4.952s] Invoked command in '/home/autoware/Autoware/build/pixel_cloud_fusion' returned '0': CMAKE_PREFIX_PATH=/home/autoware/Autoware/install/autoware_build_flags:${CMAKE_PREFIX_PATH} PKG_CONFIG_PATH=/home/autoware/Autoware/install/autoware_build_flags/lib/x86_64-linux-gnu/pkgconfig:/home/autoware/Autoware/install/autoware_build_flags/lib/pkgconfig:${PKG_CONFIG_PATH} ROS_PACKAGE_PATH=/home/autoware/Autoware/install/autoware_build_flags/share:${ROS_PACKAGE_PATH} /usr/bin/cmake --build /home/autoware/Autoware/build/pixel_cloud_fusion --target install -- -j32 -l32
