[0.459s] Invoking command in '/home/autoware/Autoware/build/freespace_planner': CMAKE_PREFIX_PATH=/home/autoware/Autoware/install/astar_search:/home/autoware/Autoware/install/autoware_msgs:/home/autoware/Autoware/install/autoware_build_flags:${CMAKE_PREFIX_PATH} LD_LIBRARY_PATH=/home/autoware/Autoware/install/astar_search/lib:${LD_LIBRARY_PATH} PKG_CONFIG_PATH=/home/autoware/Autoware/install/astar_search/lib/x86_64-linux-gnu/pkgconfig:/home/autoware/Autoware/install/astar_search/lib/pkgconfig:/home/autoware/Autoware/install/autoware_msgs/lib/x86_64-linux-gnu/pkgconfig:/home/autoware/Autoware/install/autoware_msgs/lib/pkgconfig:/home/autoware/Autoware/install/autoware_build_flags/lib/x86_64-linux-gnu/pkgconfig:/home/autoware/Autoware/install/autoware_build_flags/lib/pkgconfig:${PKG_CONFIG_PATH} PYTHONPATH=/home/autoware/Autoware/install/autoware_msgs/lib/python2.7/dist-packages:${PYTHONPATH} ROS_PACKAGE_PATH=/home/autoware/Autoware/install/astar_search/share:/home/autoware/Autoware/install/autoware_msgs/share:/home/autoware/Autoware/install/autoware_build_flags/share:${ROS_PACKAGE_PATH} /usr/bin/cmake --build /home/autoware/Autoware/build/freespace_planner -- -j32 -l32
[0.724s] [  0%] Built target jsk_recognition_msgs_generate_messages_lisp
[0.724s] [  0%] Built target visualization_msgs_generate_messages_py
[0.724s] [  0%] Built target visualization_msgs_generate_messages_eus
[0.724s] [  0%] Built target visualization_msgs_generate_messages_nodejs
[0.724s] [  0%] Built target pcl_msgs_generate_messages_eus
[0.724s] [  0%] Built target jsk_recognition_msgs_generate_messages_eus
[0.724s] [  0%] Built target rosgraph_msgs_generate_messages_eus
[0.725s] [  0%] Built target autoware_msgs_generate_messages_cpp
[0.725s] [  0%] Built target roscpp_generate_messages_cpp
[0.725s] [  0%] Built target sensor_msgs_generate_messages_nodejs
[0.725s] [  0%] Built target geometry_msgs_generate_messages_eus
[0.725s] [  0%] Built target geometry_msgs_generate_messages_nodejs
[0.725s] [  0%] Built target std_msgs_generate_messages_py
[0.725s] [  0%] Built target autoware_msgs_generate_messages_py
[0.725s] [  0%] Built target sensor_msgs_generate_messages_eus
[0.725s] [  0%] Built target nav_msgs_generate_messages_nodejs
[0.725s] [  0%] Built target jsk_recognition_msgs_generate_messages_py
[0.725s] [  0%] Built target rosgraph_msgs_generate_messages_cpp
[0.726s] [  0%] Built target sensor_msgs_generate_messages_cpp
[0.726s] [  0%] Built target std_msgs_generate_messages_nodejs
[0.726s] [  0%] Built target geometry_msgs_generate_messages_py
[0.726s] [  0%] Built target std_msgs_generate_messages_lisp
[0.726s] [  0%] Built target tf2_msgs_generate_messages_cpp
[0.726s] [  0%] Built target jsk_footstep_msgs_generate_messages_py
[0.726s] [  0%] Built target actionlib_generate_messages_cpp
[0.726s] [  0%] Built target actionlib_msgs_generate_messages_nodejs
[0.726s] [  0%] Built target tf_generate_messages_py
[0.726s] [  0%] Built target roscpp_generate_messages_nodejs
[0.726s] [  0%] Built target std_msgs_generate_messages_cpp
[0.727s] [  0%] Built target geometry_msgs_generate_messages_lisp
[0.727s] [  0%] Built target _catkin_empty_exported_target
[0.727s] [  0%] Built target sensor_msgs_generate_messages_py
[0.727s] [  0%] Built target autoware_msgs_generate_messages_eus
[0.727s] [  0%] Built target jsk_recognition_msgs_generate_messages_cpp
[0.727s] [  0%] Built target pcl_msgs_generate_messages_cpp
[0.727s] [  0%] Built target actionlib_msgs_generate_messages_py
[0.727s] [  0%] Built target jsk_footstep_msgs_generate_messages_nodejs
[0.727s] [  0%] Built target rosgraph_msgs_generate_messages_nodejs
[0.727s] [  0%] Built target autoware_msgs_generate_messages_nodejs
[0.728s] [  0%] Built target visualization_msgs_generate_messages_lisp
[0.728s] [  0%] Built target autoware_msgs_generate_messages_lisp
[0.728s] [  0%] Built target nav_msgs_generate_messages_cpp
[0.728s] [  0%] Built target roscpp_generate_messages_lisp
[0.728s] [  0%] Built target jsk_footstep_msgs_generate_messages_eus
[0.728s] [  0%] Built target sensor_msgs_generate_messages_lisp
[0.728s] [  0%] Built target std_msgs_generate_messages_eus
[0.728s] [  0%] Built target jsk_recognition_msgs_generate_messages_nodejs
[0.728s] [  0%] Built target roscpp_generate_messages_eus
[0.728s] [  0%] Built target actionlib_msgs_generate_messages_eus
[0.729s] [  0%] Built target jsk_footstep_msgs_generate_messages_cpp
[0.729s] [  0%] Built target rosgraph_msgs_generate_messages_lisp
[0.729s] [  0%] Built target jsk_footstep_msgs_generate_messages_lisp
[0.729s] [  0%] Built target nav_msgs_generate_messages_lisp
[0.729s] [  0%] Built target rosgraph_msgs_generate_messages_py
[0.729s] [  0%] Built target actionlib_msgs_generate_messages_cpp
[0.729s] [  0%] Built target tf_generate_messages_eus
[0.729s] [  0%] Built target actionlib_msgs_generate_messages_lisp
[0.729s] [  0%] Built target tf_generate_messages_lisp
[0.729s] [  0%] Built target roscpp_generate_messages_py
[0.729s] [  0%] Built target actionlib_generate_messages_eus
[0.730s] [  0%] Built target pcl_msgs_generate_messages_py
[0.730s] [  0%] Built target tf_generate_messages_nodejs
[0.730s] [  0%] Built target pcl_msgs_generate_messages_nodejs
[0.730s] [  0%] Built target geometry_msgs_generate_messages_cpp
[0.730s] [  0%] Built target actionlib_generate_messages_lisp
[0.730s] [  0%] Built target tf_generate_messages_cpp
[0.730s] [  0%] Built target actionlib_generate_messages_nodejs
[0.730s] [  0%] Built target tf2_msgs_generate_messages_nodejs
[0.730s] [  0%] Built target nav_msgs_generate_messages_py
[0.730s] [  0%] Built target tf2_msgs_generate_messages_py
[0.730s] [  0%] Built target tf2_msgs_generate_messages_lisp
[0.731s] [  0%] Built target nav_msgs_generate_messages_eus
[0.731s] [  0%] Built target pcl_msgs_generate_messages_lisp
[0.731s] [  0%] Built target tf2_msgs_generate_messages_eus
[0.731s] [  0%] Built target actionlib_generate_messages_py
[0.732s] [  0%] Built target visualization_msgs_generate_messages_cpp
[0.732s] [100%] Built target astar_navi
[0.916s] Invoked command in '/home/autoware/Autoware/build/freespace_planner' returned '0': CMAKE_PREFIX_PATH=/home/autoware/Autoware/install/astar_search:/home/autoware/Autoware/install/autoware_msgs:/home/autoware/Autoware/install/autoware_build_flags:${CMAKE_PREFIX_PATH} LD_LIBRARY_PATH=/home/autoware/Autoware/install/astar_search/lib:${LD_LIBRARY_PATH} PKG_CONFIG_PATH=/home/autoware/Autoware/install/astar_search/lib/x86_64-linux-gnu/pkgconfig:/home/autoware/Autoware/install/astar_search/lib/pkgconfig:/home/autoware/Autoware/install/autoware_msgs/lib/x86_64-linux-gnu/pkgconfig:/home/autoware/Autoware/install/autoware_msgs/lib/pkgconfig:/home/autoware/Autoware/install/autoware_build_flags/lib/x86_64-linux-gnu/pkgconfig:/home/autoware/Autoware/install/autoware_build_flags/lib/pkgconfig:${PKG_CONFIG_PATH} PYTHONPATH=/home/autoware/Autoware/install/autoware_msgs/lib/python2.7/dist-packages:${PYTHONPATH} ROS_PACKAGE_PATH=/home/autoware/Autoware/install/astar_search/share:/home/autoware/Autoware/install/autoware_msgs/share:/home/autoware/Autoware/install/autoware_build_flags/share:${ROS_PACKAGE_PATH} /usr/bin/cmake --build /home/autoware/Autoware/build/freespace_planner -- -j32 -l32
[1.859s] Invoking command in '/home/autoware/Autoware/build/freespace_planner': CMAKE_PREFIX_PATH=/home/autoware/Autoware/install/astar_search:/home/autoware/Autoware/install/autoware_msgs:/home/autoware/Autoware/install/autoware_build_flags:${CMAKE_PREFIX_PATH} LD_LIBRARY_PATH=/home/autoware/Autoware/install/astar_search/lib:${LD_LIBRARY_PATH} PKG_CONFIG_PATH=/home/autoware/Autoware/install/astar_search/lib/x86_64-linux-gnu/pkgconfig:/home/autoware/Autoware/install/astar_search/lib/pkgconfig:/home/autoware/Autoware/install/autoware_msgs/lib/x86_64-linux-gnu/pkgconfig:/home/autoware/Autoware/install/autoware_msgs/lib/pkgconfig:/home/autoware/Autoware/install/autoware_build_flags/lib/x86_64-linux-gnu/pkgconfig:/home/autoware/Autoware/install/autoware_build_flags/lib/pkgconfig:${PKG_CONFIG_PATH} PYTHONPATH=/home/autoware/Autoware/install/autoware_msgs/lib/python2.7/dist-packages:${PYTHONPATH} ROS_PACKAGE_PATH=/home/autoware/Autoware/install/astar_search/share:/home/autoware/Autoware/install/autoware_msgs/share:/home/autoware/Autoware/install/autoware_build_flags/share:${ROS_PACKAGE_PATH} /usr/bin/cmake --build /home/autoware/Autoware/build/freespace_planner --target tests -- -j32 -l32
[2.200s] Built target tests
[2.310s] Invoked command in '/home/autoware/Autoware/build/freespace_planner' returned '0': CMAKE_PREFIX_PATH=/home/autoware/Autoware/install/astar_search:/home/autoware/Autoware/install/autoware_msgs:/home/autoware/Autoware/install/autoware_build_flags:${CMAKE_PREFIX_PATH} LD_LIBRARY_PATH=/home/autoware/Autoware/install/astar_search/lib:${LD_LIBRARY_PATH} PKG_CONFIG_PATH=/home/autoware/Autoware/install/astar_search/lib/x86_64-linux-gnu/pkgconfig:/home/autoware/Autoware/install/astar_search/lib/pkgconfig:/home/autoware/Autoware/install/autoware_msgs/lib/x86_64-linux-gnu/pkgconfig:/home/autoware/Autoware/install/autoware_msgs/lib/pkgconfig:/home/autoware/Autoware/install/autoware_build_flags/lib/x86_64-linux-gnu/pkgconfig:/home/autoware/Autoware/install/autoware_build_flags/lib/pkgconfig:${PKG_CONFIG_PATH} PYTHONPATH=/home/autoware/Autoware/install/autoware_msgs/lib/python2.7/dist-packages:${PYTHONPATH} ROS_PACKAGE_PATH=/home/autoware/Autoware/install/astar_search/share:/home/autoware/Autoware/install/autoware_msgs/share:/home/autoware/Autoware/install/autoware_build_flags/share:${ROS_PACKAGE_PATH} /usr/bin/cmake --build /home/autoware/Autoware/build/freespace_planner --target tests -- -j32 -l32
[3.076s] Invoking command in '/home/autoware/Autoware/build/freespace_planner': CMAKE_PREFIX_PATH=/home/autoware/Autoware/install/astar_search:/home/autoware/Autoware/install/autoware_msgs:/home/autoware/Autoware/install/autoware_build_flags:${CMAKE_PREFIX_PATH} LD_LIBRARY_PATH=/home/autoware/Autoware/install/astar_search/lib:${LD_LIBRARY_PATH} PKG_CONFIG_PATH=/home/autoware/Autoware/install/astar_search/lib/x86_64-linux-gnu/pkgconfig:/home/autoware/Autoware/install/astar_search/lib/pkgconfig:/home/autoware/Autoware/install/autoware_msgs/lib/x86_64-linux-gnu/pkgconfig:/home/autoware/Autoware/install/autoware_msgs/lib/pkgconfig:/home/autoware/Autoware/install/autoware_build_flags/lib/x86_64-linux-gnu/pkgconfig:/home/autoware/Autoware/install/autoware_build_flags/lib/pkgconfig:${PKG_CONFIG_PATH} PYTHONPATH=/home/autoware/Autoware/install/autoware_msgs/lib/python2.7/dist-packages:${PYTHONPATH} ROS_PACKAGE_PATH=/home/autoware/Autoware/install/astar_search/share:/home/autoware/Autoware/install/autoware_msgs/share:/home/autoware/Autoware/install/autoware_build_flags/share:${ROS_PACKAGE_PATH} /usr/bin/cmake --build /home/autoware/Autoware/build/freespace_planner --target install -- -j32 -l32
[3.420s] [  0%] Built target jsk_recognition_msgs_generate_messages_eus
[3.421s] [  0%] Built target geometry_msgs_generate_messages_nodejs
[3.421s] [  0%] Built target rosgraph_msgs_generate_messages_eus
[3.421s] [  0%] Built target sensor_msgs_generate_messages_cpp
[3.421s] [  0%] Built target rosgraph_msgs_generate_messages_cpp
[3.421s] [  0%] Built target actionlib_generate_messages_cpp
[3.421s] [  0%] Built target roscpp_generate_messages_cpp
[3.421s] [  0%] Built target autoware_msgs_generate_messages_cpp
[3.421s] [  0%] Built target visualization_msgs_generate_messages_eus
[3.421s] [  0%] Built target visualization_msgs_generate_messages_nodejs
[3.421s] [  0%] Built target nav_msgs_generate_messages_nodejs
[3.421s] [  0%] Built target geometry_msgs_generate_messages_py
[3.421s] [  0%] Built target jsk_footstep_msgs_generate_messages_py
[3.421s] [  0%] Built target geometry_msgs_generate_messages_lisp
[3.422s] [  0%] Built target sensor_msgs_generate_messages_nodejs
[3.422s] [  0%] Built target sensor_msgs_generate_messages_eus
[3.422s] [  0%] Built target tf2_msgs_generate_messages_cpp
[3.422s] [  0%] Built target pcl_msgs_generate_messages_eus
[3.422s] [  0%] Built target tf_generate_messages_py
[3.422s] [  0%] Built target std_msgs_generate_messages_py
[3.422s] [  0%] Built target actionlib_msgs_generate_messages_nodejs
[3.422s] [  0%] Built target geometry_msgs_generate_messages_eus
[3.422s] [  0%] Built target sensor_msgs_generate_messages_py
[3.422s] [  0%] Built target jsk_recognition_msgs_generate_messages_py
[3.422s] [  0%] Built target visualization_msgs_generate_messages_py
[3.422s] [  0%] Built target roscpp_generate_messages_nodejs
[3.423s] [  0%] Built target jsk_recognition_msgs_generate_messages_lisp
[3.423s] [  0%] Built target std_msgs_generate_messages_cpp
[3.423s] [  0%] Built target std_msgs_generate_messages_nodejs
[3.423s] [  0%] Built target autoware_msgs_generate_messages_py
[3.423s] [  0%] Built target autoware_msgs_generate_messages_nodejs
[3.423s] [  0%] Built target pcl_msgs_generate_messages_cpp
[3.423s] [  0%] Built target visualization_msgs_generate_messages_lisp
[3.423s] [  0%] Built target std_msgs_generate_messages_lisp
[3.423s] [  0%] Built target nav_msgs_generate_messages_lisp
[3.423s] [  0%] Built target _catkin_empty_exported_target
[3.423s] [  0%] Built target rosgraph_msgs_generate_messages_nodejs
[3.424s] [  0%] Built target autoware_msgs_generate_messages_lisp
[3.424s] [  0%] Built target actionlib_msgs_generate_messages_py
[3.424s] [  0%] Built target jsk_footstep_msgs_generate_messages_eus
[3.424s] [  0%] Built target jsk_recognition_msgs_generate_messages_cpp
[3.424s] [  0%] Built target std_msgs_generate_messages_eus
[3.424s] [  0%] Built target actionlib_msgs_generate_messages_eus
[3.424s] [  0%] Built target roscpp_generate_messages_lisp
[3.424s] [  0%] Built target rosgraph_msgs_generate_messages_lisp
[3.424s] [  0%] Built target rosgraph_msgs_generate_messages_py
[3.424s] [  0%] Built target actionlib_msgs_generate_messages_lisp
[3.424s] [  0%] Built target actionlib_generate_messages_eus
[3.424s] [  0%] Built target autoware_msgs_generate_messages_eus
[3.424s] [  0%] Built target tf_generate_messages_nodejs
[3.425s] [  0%] Built target jsk_footstep_msgs_generate_messages_nodejs
[3.425s] [  0%] Built target pcl_msgs_generate_messages_nodejs
[3.425s] [  0%] Built target pcl_msgs_generate_messages_py
[3.434s] [  0%] Built target nav_msgs_generate_messages_cpp
[3.435s] [  0%] Built target tf_generate_messages_eus
[3.435s] [  0%] Built target jsk_footstep_msgs_generate_messages_cpp
[3.435s] [  0%] Built target pcl_msgs_generate_messages_lisp
[3.435s] [  0%] Built target jsk_footstep_msgs_generate_messages_lisp
[3.450s] [  0%] Built target visualization_msgs_generate_messages_cpp
[3.460s] [  0%] Built target roscpp_generate_messages_py
[3.465s] [  0%] Built target tf2_msgs_generate_messages_lisp
[3.465s] [  0%] Built target sensor_msgs_generate_messages_lisp
[3.466s] [  0%] Built target nav_msgs_generate_messages_py
[3.474s] [  0%] Built target jsk_recognition_msgs_generate_messages_nodejs
[3.474s] [  0%] Built target actionlib_generate_messages_nodejs
[3.488s] [  0%] Built target roscpp_generate_messages_eus
[3.489s] [  0%] Built target actionlib_msgs_generate_messages_cpp
[3.500s] [  0%] Built target actionlib_generate_messages_py
[3.506s] [  0%] Built target actionlib_generate_messages_lisp
[3.511s] [  0%] Built target tf_generate_messages_cpp
[3.512s] [  0%] Built target tf2_msgs_generate_messages_py
[3.512s] [  0%] Built target tf_generate_messages_lisp
[3.606s] [  0%] Built target tf2_msgs_generate_messages_nodejs
[3.606s] [  0%] Built target nav_msgs_generate_messages_eus
[3.634s] [  0%] Built target geometry_msgs_generate_messages_cpp
[3.680s] [  0%] Built target tf2_msgs_generate_messages_eus
[4.282s] [100%] Built target astar_navi
[4.369s] Install the project...
[4.410s] -- Install configuration: "Release"
[4.410s] -- Up-to-date: /home/autoware/Autoware/install/freespace_planner/lib/pkgconfig/freespace_planner.pc
[4.438s] -- Up-to-date: /home/autoware/Autoware/install/freespace_planner/share/freespace_planner/cmake/freespace_plannerConfig.cmake
[4.441s] -- Up-to-date: /home/autoware/Autoware/install/freespace_planner/share/freespace_planner/cmake/freespace_plannerConfig-version.cmake
[4.442s] -- Up-to-date: /home/autoware/Autoware/install/freespace_planner/share/freespace_planner/package.xml
[4.443s] -- Up-to-date: /home/autoware/Autoware/install/freespace_planner/lib/freespace_planner/astar_navi
[4.445s] -- Up-to-date: /home/autoware/Autoware/install/freespace_planner/share/freespace_planner/launch
[4.445s] -- Up-to-date: /home/autoware/Autoware/install/freespace_planner/share/freespace_planner/launch/astar_navi.launch
[4.455s] Invoked command in '/home/autoware/Autoware/build/freespace_planner' returned '0': CMAKE_PREFIX_PATH=/home/autoware/Autoware/install/astar_search:/home/autoware/Autoware/install/autoware_msgs:/home/autoware/Autoware/install/autoware_build_flags:${CMAKE_PREFIX_PATH} LD_LIBRARY_PATH=/home/autoware/Autoware/install/astar_search/lib:${LD_LIBRARY_PATH} PKG_CONFIG_PATH=/home/autoware/Autoware/install/astar_search/lib/x86_64-linux-gnu/pkgconfig:/home/autoware/Autoware/install/astar_search/lib/pkgconfig:/home/autoware/Autoware/install/autoware_msgs/lib/x86_64-linux-gnu/pkgconfig:/home/autoware/Autoware/install/autoware_msgs/lib/pkgconfig:/home/autoware/Autoware/install/autoware_build_flags/lib/x86_64-linux-gnu/pkgconfig:/home/autoware/Autoware/install/autoware_build_flags/lib/pkgconfig:${PKG_CONFIG_PATH} PYTHONPATH=/home/autoware/Autoware/install/autoware_msgs/lib/python2.7/dist-packages:${PYTHONPATH} ROS_PACKAGE_PATH=/home/autoware/Autoware/install/astar_search/share:/home/autoware/Autoware/install/autoware_msgs/share:/home/autoware/Autoware/install/autoware_build_flags/share:${ROS_PACKAGE_PATH} /usr/bin/cmake --build /home/autoware/Autoware/build/freespace_planner --target install -- -j32 -l32
