[0.221s] Invoking command in '/home/autoware/Autoware/build/op_utility': CMAKE_PREFIX_PATH=/home/autoware/Autoware/install/vector_map_server:/home/autoware/Autoware/install/vector_map:/home/autoware/Autoware/install/vector_map_msgs:/home/autoware/Autoware/install/autoware_msgs:/home/autoware/Autoware/install/autoware_build_flags:${CMAKE_PREFIX_PATH} LD_LIBRARY_PATH=/home/autoware/Autoware/install/vector_map/lib:${LD_LIBRARY_PATH} PKG_CONFIG_PATH=/home/autoware/Autoware/install/vector_map_server/lib/x86_64-linux-gnu/pkgconfig:/home/autoware/Autoware/install/vector_map_server/lib/pkgconfig:/home/autoware/Autoware/install/vector_map/lib/x86_64-linux-gnu/pkgconfig:/home/autoware/Autoware/install/vector_map/lib/pkgconfig:/home/autoware/Autoware/install/vector_map_msgs/lib/x86_64-linux-gnu/pkgconfig:/home/autoware/Autoware/install/vector_map_msgs/lib/pkgconfig:/home/autoware/Autoware/install/autoware_msgs/lib/x86_64-linux-gnu/pkgconfig:/home/autoware/Autoware/install/autoware_msgs/lib/pkgconfig:/home/autoware/Autoware/install/autoware_build_flags/lib/x86_64-linux-gnu/pkgconfig:/home/autoware/Autoware/install/autoware_build_flags/lib/pkgconfig:${PKG_CONFIG_PATH} PYTHONPATH=/home/autoware/Autoware/install/vector_map_server/lib/python2.7/dist-packages:/home/autoware/Autoware/install/vector_map_msgs/lib/python2.7/dist-packages:/home/autoware/Autoware/install/autoware_msgs/lib/python2.7/dist-packages:${PYTHONPATH} ROS_PACKAGE_PATH=/home/autoware/Autoware/install/vector_map_server/share:/home/autoware/Autoware/install/vector_map/share:/home/autoware/Autoware/install/vector_map_msgs/share:/home/autoware/Autoware/install/autoware_msgs/share:/home/autoware/Autoware/install/autoware_build_flags/share:${ROS_PACKAGE_PATH} /usr/bin/cmake --build /home/autoware/Autoware/build/op_utility -- -j32 -l32
[0.545s] [100%] Built target op_utility
[0.644s] Invoked command in '/home/autoware/Autoware/build/op_utility' returned '0': CMAKE_PREFIX_PATH=/home/autoware/Autoware/install/vector_map_server:/home/autoware/Autoware/install/vector_map:/home/autoware/Autoware/install/vector_map_msgs:/home/autoware/Autoware/install/autoware_msgs:/home/autoware/Autoware/install/autoware_build_flags:${CMAKE_PREFIX_PATH} LD_LIBRARY_PATH=/home/autoware/Autoware/install/vector_map/lib:${LD_LIBRARY_PATH} PKG_CONFIG_PATH=/home/autoware/Autoware/install/vector_map_server/lib/x86_64-linux-gnu/pkgconfig:/home/autoware/Autoware/install/vector_map_server/lib/pkgconfig:/home/autoware/Autoware/install/vector_map/lib/x86_64-linux-gnu/pkgconfig:/home/autoware/Autoware/install/vector_map/lib/pkgconfig:/home/autoware/Autoware/install/vector_map_msgs/lib/x86_64-linux-gnu/pkgconfig:/home/autoware/Autoware/install/vector_map_msgs/lib/pkgconfig:/home/autoware/Autoware/install/autoware_msgs/lib/x86_64-linux-gnu/pkgconfig:/home/autoware/Autoware/install/autoware_msgs/lib/pkgconfig:/home/autoware/Autoware/install/autoware_build_flags/lib/x86_64-linux-gnu/pkgconfig:/home/autoware/Autoware/install/autoware_build_flags/lib/pkgconfig:${PKG_CONFIG_PATH} PYTHONPATH=/home/autoware/Autoware/install/vector_map_server/lib/python2.7/dist-packages:/home/autoware/Autoware/install/vector_map_msgs/lib/python2.7/dist-packages:/home/autoware/Autoware/install/autoware_msgs/lib/python2.7/dist-packages:${PYTHONPATH} ROS_PACKAGE_PATH=/home/autoware/Autoware/install/vector_map_server/share:/home/autoware/Autoware/install/vector_map/share:/home/autoware/Autoware/install/vector_map_msgs/share:/home/autoware/Autoware/install/autoware_msgs/share:/home/autoware/Autoware/install/autoware_build_flags/share:${ROS_PACKAGE_PATH} /usr/bin/cmake --build /home/autoware/Autoware/build/op_utility -- -j32 -l32
[1.469s] Invoking command in '/home/autoware/Autoware/build/op_utility': CMAKE_PREFIX_PATH=/home/autoware/Autoware/install/vector_map_server:/home/autoware/Autoware/install/vector_map:/home/autoware/Autoware/install/vector_map_msgs:/home/autoware/Autoware/install/autoware_msgs:/home/autoware/Autoware/install/autoware_build_flags:${CMAKE_PREFIX_PATH} LD_LIBRARY_PATH=/home/autoware/Autoware/install/vector_map/lib:${LD_LIBRARY_PATH} PKG_CONFIG_PATH=/home/autoware/Autoware/install/vector_map_server/lib/x86_64-linux-gnu/pkgconfig:/home/autoware/Autoware/install/vector_map_server/lib/pkgconfig:/home/autoware/Autoware/install/vector_map/lib/x86_64-linux-gnu/pkgconfig:/home/autoware/Autoware/install/vector_map/lib/pkgconfig:/home/autoware/Autoware/install/vector_map_msgs/lib/x86_64-linux-gnu/pkgconfig:/home/autoware/Autoware/install/vector_map_msgs/lib/pkgconfig:/home/autoware/Autoware/install/autoware_msgs/lib/x86_64-linux-gnu/pkgconfig:/home/autoware/Autoware/install/autoware_msgs/lib/pkgconfig:/home/autoware/Autoware/install/autoware_build_flags/lib/x86_64-linux-gnu/pkgconfig:/home/autoware/Autoware/install/autoware_build_flags/lib/pkgconfig:${PKG_CONFIG_PATH} PYTHONPATH=/home/autoware/Autoware/install/vector_map_server/lib/python2.7/dist-packages:/home/autoware/Autoware/install/vector_map_msgs/lib/python2.7/dist-packages:/home/autoware/Autoware/install/autoware_msgs/lib/python2.7/dist-packages:${PYTHONPATH} ROS_PACKAGE_PATH=/home/autoware/Autoware/install/vector_map_server/share:/home/autoware/Autoware/install/vector_map/share:/home/autoware/Autoware/install/vector_map_msgs/share:/home/autoware/Autoware/install/autoware_msgs/share:/home/autoware/Autoware/install/autoware_build_flags/share:${ROS_PACKAGE_PATH} /usr/bin/cmake --build /home/autoware/Autoware/build/op_utility --target tests -- -j32 -l32
[1.798s] [  0%] Built target geometry_msgs_generate_messages_eus
[1.798s] [  0%] Built target autoware_msgs_generate_messages_cpp
[1.798s] [  0%] Built target visualization_msgs_generate_messages_py
[1.798s] [  0%] Built target std_msgs_generate_messages_eus
[1.798s] [ 28%] Built target gtest
[1.798s] [ 28%] Built target tf2_msgs_generate_messages_nodejs
[1.798s] [ 28%] Built target autoware_msgs_generate_messages_nodejs
[1.799s] [ 28%] Built target rosgraph_msgs_generate_messages_cpp
[1.812s] [ 28%] Built target jsk_footstep_msgs_generate_messages_py
[1.812s] [ 28%] Built target rosgraph_msgs_generate_messages_eus
[1.812s] [ 28%] Built target autoware_msgs_generate_messages_py
[1.812s] [ 28%] Built target autoware_msgs_generate_messages_lisp
[1.813s] [ 28%] Built target vector_map_msgs_generate_messages_cpp
[1.814s] [ 28%] Built target std_msgs_generate_messages_cpp
[1.814s] [ 28%] Built target geometry_msgs_generate_messages_py
[1.818s] [ 28%] Built target std_msgs_generate_messages_py
[1.822s] [ 28%] Built target vector_map_msgs_generate_messages_lisp
[1.824s] [ 28%] Built target vector_map_msgs_generate_messages_nodejs
[1.827s] [ 28%] Built target autoware_msgs_generate_messages_eus
[1.832s] [ 28%] Built target visualization_msgs_generate_messages_eus
[1.846s] [ 28%] Built target visualization_msgs_generate_messages_nodejs
[1.851s] [ 28%] Built target tf2_msgs_generate_messages_cpp
[1.853s] [ 28%] Built target jsk_recognition_msgs_generate_messages_cpp
[1.855s] [ 28%] Built target vector_map_server_generate_messages_cpp
[1.855s] [ 28%] Built target jsk_recognition_msgs_generate_messages_eus
[1.861s] [ 28%] Built target vector_map_msgs_generate_messages_eus
[1.863s] [ 28%] Built target jsk_recognition_msgs_generate_messages_py
[1.870s] [ 28%] Built target sensor_msgs_generate_messages_lisp
[1.876s] [ 28%] Built target tf_generate_messages_nodejs
[1.877s] [ 28%] Built target vector_map_msgs_generate_messages_py
[1.889s] [ 28%] Built target pcl_msgs_generate_messages_cpp
[1.894s] [ 28%] Built target sensor_msgs_generate_messages_nodejs
[1.899s] [ 28%] Built target geometry_msgs_generate_messages_lisp
[1.915s] [ 28%] Built target visualization_msgs_generate_messages_lisp
[1.926s] [ 28%] Built target jsk_recognition_msgs_generate_messages_lisp
[1.934s] [ 28%] Built target actionlib_msgs_generate_messages_nodejs
[1.969s] [ 28%] Built target sensor_msgs_generate_messages_cpp
[1.970s] [ 28%] Built target std_msgs_generate_messages_lisp
[1.970s] [ 28%] Built target vector_map_server_generate_messages_nodejs
[1.970s] [ 28%] Built target pcl_msgs_generate_messages_eus
[1.970s] [ 28%] Built target sensor_msgs_generate_messages_py
[1.971s] [ 28%] Built target sensor_msgs_generate_messages_eus
[1.990s] [ 28%] Built target actionlib_generate_messages_cpp
[1.990s] [ 28%] Built target roscpp_generate_messages_cpp
[2.007s] [ 28%] Built target geometry_msgs_generate_messages_nodejs
[2.010s] [ 28%] Built target roscpp_generate_messages_nodejs
[2.030s] [ 28%] Built target tf_generate_messages_py
[2.043s] [ 28%] Built target std_msgs_generate_messages_nodejs
[2.050s] [ 28%] Built target vector_map_server_generate_messages_lisp
[2.060s] [ 28%] Built target jsk_footstep_msgs_generate_messages_eus
[2.080s] [ 71%] Built target op_utility
[2.091s] [ 71%] Built target vector_map_server_generate_messages_eus
[2.113s] [ 71%] Built target tf_generate_messages_eus
[2.114s] [ 71%] Built target actionlib_msgs_generate_messages_lisp
[2.115s] [ 71%] Built target vector_map_server_generate_messages_py
[2.118s] [ 71%] Built target rosgraph_msgs_generate_messages_lisp
[2.122s] [ 71%] Built target actionlib_msgs_generate_messages_cpp
[2.129s] [ 71%] Built target jsk_footstep_msgs_generate_messages_lisp
[2.129s] [ 71%] Built target jsk_footstep_msgs_generate_messages_cpp
[2.137s] [ 71%] Built target pcl_msgs_generate_messages_nodejs
[2.156s] [ 71%] Built target rosgraph_msgs_generate_messages_nodejs
[2.170s] [ 71%] Built target tf2_msgs_generate_messages_py
[2.172s] [ 71%] Built target roscpp_generate_messages_lisp
[2.174s] [ 71%] Built target tf2_msgs_generate_messages_eus
[2.235s] [ 71%] Built target roscpp_generate_messages_py
[2.239s] [ 71%] Built target jsk_recognition_msgs_generate_messages_nodejs
[2.239s] [ 71%] Built target tf_generate_messages_lisp
[2.252s] [ 71%] Built target pcl_msgs_generate_messages_py
[2.265s] [ 71%] Built target roscpp_generate_messages_eus
[2.270s] [ 71%] Built target rosgraph_msgs_generate_messages_py
[2.271s] [ 71%] Built target actionlib_generate_messages_py
[2.282s] [ 71%] Built target actionlib_msgs_generate_messages_py
[2.284s] [ 71%] Built target actionlib_generate_messages_lisp
[2.295s] [ 71%] Built target tf_generate_messages_cpp
[2.300s] [ 71%] Built target jsk_footstep_msgs_generate_messages_nodejs
[2.300s] [ 71%] Built target actionlib_msgs_generate_messages_eus
[2.354s] [ 71%] Built target geometry_msgs_generate_messages_cpp
[2.354s] [ 71%] Built target pcl_msgs_generate_messages_lisp
[2.596s] [ 71%] Built target tf2_msgs_generate_messages_lisp
[2.596s] [ 71%] Built target actionlib_generate_messages_nodejs
[2.596s] [ 71%] Built target visualization_msgs_generate_messages_cpp
[2.596s] [ 71%] Built target actionlib_generate_messages_eus
[2.596s] [100%] Built target test-op_utility
[2.677s] [100%] Built target tests
[2.683s] Invoked command in '/home/autoware/Autoware/build/op_utility' returned '0': CMAKE_PREFIX_PATH=/home/autoware/Autoware/install/vector_map_server:/home/autoware/Autoware/install/vector_map:/home/autoware/Autoware/install/vector_map_msgs:/home/autoware/Autoware/install/autoware_msgs:/home/autoware/Autoware/install/autoware_build_flags:${CMAKE_PREFIX_PATH} LD_LIBRARY_PATH=/home/autoware/Autoware/install/vector_map/lib:${LD_LIBRARY_PATH} PKG_CONFIG_PATH=/home/autoware/Autoware/install/vector_map_server/lib/x86_64-linux-gnu/pkgconfig:/home/autoware/Autoware/install/vector_map_server/lib/pkgconfig:/home/autoware/Autoware/install/vector_map/lib/x86_64-linux-gnu/pkgconfig:/home/autoware/Autoware/install/vector_map/lib/pkgconfig:/home/autoware/Autoware/install/vector_map_msgs/lib/x86_64-linux-gnu/pkgconfig:/home/autoware/Autoware/install/vector_map_msgs/lib/pkgconfig:/home/autoware/Autoware/install/autoware_msgs/lib/x86_64-linux-gnu/pkgconfig:/home/autoware/Autoware/install/autoware_msgs/lib/pkgconfig:/home/autoware/Autoware/install/autoware_build_flags/lib/x86_64-linux-gnu/pkgconfig:/home/autoware/Autoware/install/autoware_build_flags/lib/pkgconfig:${PKG_CONFIG_PATH} PYTHONPATH=/home/autoware/Autoware/install/vector_map_server/lib/python2.7/dist-packages:/home/autoware/Autoware/install/vector_map_msgs/lib/python2.7/dist-packages:/home/autoware/Autoware/install/autoware_msgs/lib/python2.7/dist-packages:${PYTHONPATH} ROS_PACKAGE_PATH=/home/autoware/Autoware/install/vector_map_server/share:/home/autoware/Autoware/install/vector_map/share:/home/autoware/Autoware/install/vector_map_msgs/share:/home/autoware/Autoware/install/autoware_msgs/share:/home/autoware/Autoware/install/autoware_build_flags/share:${ROS_PACKAGE_PATH} /usr/bin/cmake --build /home/autoware/Autoware/build/op_utility --target tests -- -j32 -l32
[3.129s] Invoking command in '/home/autoware/Autoware/build/op_utility': CMAKE_PREFIX_PATH=/home/autoware/Autoware/install/vector_map_server:/home/autoware/Autoware/install/vector_map:/home/autoware/Autoware/install/vector_map_msgs:/home/autoware/Autoware/install/autoware_msgs:/home/autoware/Autoware/install/autoware_build_flags:${CMAKE_PREFIX_PATH} LD_LIBRARY_PATH=/home/autoware/Autoware/install/vector_map/lib:${LD_LIBRARY_PATH} PKG_CONFIG_PATH=/home/autoware/Autoware/install/vector_map_server/lib/x86_64-linux-gnu/pkgconfig:/home/autoware/Autoware/install/vector_map_server/lib/pkgconfig:/home/autoware/Autoware/install/vector_map/lib/x86_64-linux-gnu/pkgconfig:/home/autoware/Autoware/install/vector_map/lib/pkgconfig:/home/autoware/Autoware/install/vector_map_msgs/lib/x86_64-linux-gnu/pkgconfig:/home/autoware/Autoware/install/vector_map_msgs/lib/pkgconfig:/home/autoware/Autoware/install/autoware_msgs/lib/x86_64-linux-gnu/pkgconfig:/home/autoware/Autoware/install/autoware_msgs/lib/pkgconfig:/home/autoware/Autoware/install/autoware_build_flags/lib/x86_64-linux-gnu/pkgconfig:/home/autoware/Autoware/install/autoware_build_flags/lib/pkgconfig:${PKG_CONFIG_PATH} PYTHONPATH=/home/autoware/Autoware/install/vector_map_server/lib/python2.7/dist-packages:/home/autoware/Autoware/install/vector_map_msgs/lib/python2.7/dist-packages:/home/autoware/Autoware/install/autoware_msgs/lib/python2.7/dist-packages:${PYTHONPATH} ROS_PACKAGE_PATH=/home/autoware/Autoware/install/vector_map_server/share:/home/autoware/Autoware/install/vector_map/share:/home/autoware/Autoware/install/vector_map_msgs/share:/home/autoware/Autoware/install/autoware_msgs/share:/home/autoware/Autoware/install/autoware_build_flags/share:${ROS_PACKAGE_PATH} /usr/bin/cmake --build /home/autoware/Autoware/build/op_utility --target install -- -j32 -l32
[3.373s] [100%] Built target op_utility
[3.437s] Install the project...
[3.487s] -- Install configuration: "Release"
[3.487s] -- Up-to-date: /home/autoware/Autoware/install/op_utility/lib/pkgconfig/op_utility.pc
[3.508s] -- Up-to-date: /home/autoware/Autoware/install/op_utility/share/op_utility/cmake/op_utilityConfig.cmake
[3.513s] -- Up-to-date: /home/autoware/Autoware/install/op_utility/share/op_utility/cmake/op_utilityConfig-version.cmake
[3.514s] -- Up-to-date: /home/autoware/Autoware/install/op_utility/share/op_utility/package.xml
[3.517s] -- Up-to-date: /home/autoware/Autoware/install/op_utility/include/op_utility
[3.517s] -- Up-to-date: /home/autoware/Autoware/install/op_utility/include/op_utility/DataRW.h
[3.518s] -- Up-to-date: /home/autoware/Autoware/install/op_utility/include/op_utility/UtilityH.h
[3.519s] -- Up-to-date: /home/autoware/Autoware/install/op_utility/lib/libop_utility.so
[3.530s] Invoked command in '/home/autoware/Autoware/build/op_utility' returned '0': CMAKE_PREFIX_PATH=/home/autoware/Autoware/install/vector_map_server:/home/autoware/Autoware/install/vector_map:/home/autoware/Autoware/install/vector_map_msgs:/home/autoware/Autoware/install/autoware_msgs:/home/autoware/Autoware/install/autoware_build_flags:${CMAKE_PREFIX_PATH} LD_LIBRARY_PATH=/home/autoware/Autoware/install/vector_map/lib:${LD_LIBRARY_PATH} PKG_CONFIG_PATH=/home/autoware/Autoware/install/vector_map_server/lib/x86_64-linux-gnu/pkgconfig:/home/autoware/Autoware/install/vector_map_server/lib/pkgconfig:/home/autoware/Autoware/install/vector_map/lib/x86_64-linux-gnu/pkgconfig:/home/autoware/Autoware/install/vector_map/lib/pkgconfig:/home/autoware/Autoware/install/vector_map_msgs/lib/x86_64-linux-gnu/pkgconfig:/home/autoware/Autoware/install/vector_map_msgs/lib/pkgconfig:/home/autoware/Autoware/install/autoware_msgs/lib/x86_64-linux-gnu/pkgconfig:/home/autoware/Autoware/install/autoware_msgs/lib/pkgconfig:/home/autoware/Autoware/install/autoware_build_flags/lib/x86_64-linux-gnu/pkgconfig:/home/autoware/Autoware/install/autoware_build_flags/lib/pkgconfig:${PKG_CONFIG_PATH} PYTHONPATH=/home/autoware/Autoware/install/vector_map_server/lib/python2.7/dist-packages:/home/autoware/Autoware/install/vector_map_msgs/lib/python2.7/dist-packages:/home/autoware/Autoware/install/autoware_msgs/lib/python2.7/dist-packages:${PYTHONPATH} ROS_PACKAGE_PATH=/home/autoware/Autoware/install/vector_map_server/share:/home/autoware/Autoware/install/vector_map/share:/home/autoware/Autoware/install/vector_map_msgs/share:/home/autoware/Autoware/install/autoware_msgs/share:/home/autoware/Autoware/install/autoware_build_flags/share:${ROS_PACKAGE_PATH} /usr/bin/cmake --build /home/autoware/Autoware/build/op_utility --target install -- -j32 -l32
