Determining if the pthread_create exist failed with the following output:
Change Dir: /home/autoware/Autoware/build/gazebo_world_description/CMakeFiles/CMakeTmp

Run Build Command:"/usr/bin/make" "cmTC_cbdcd/fast"
/usr/bin/make -f CMakeFiles/cmTC_cbdcd.dir/build.make CMakeFiles/cmTC_cbdcd.dir/build
make[1]: Entering directory '/home/autoware/Autoware/build/gazebo_world_description/CMakeFiles/CMakeTmp'
Building C object CMakeFiles/cmTC_cbdcd.dir/CheckSymbolExists.c.o
/usr/bin/cc    -o CMakeFiles/cmTC_cbdcd.dir/CheckSymbolExists.c.o   -c /home/autoware/Autoware/build/gazebo_world_description/CMakeFiles/CMakeTmp/CheckSymbolExists.c
Linking C executable cmTC_cbdcd
/usr/bin/cmake -E cmake_link_script CMakeFiles/cmTC_cbdcd.dir/link.txt --verbose=1
/usr/bin/cc      -rdynamic CMakeFiles/cmTC_cbdcd.dir/CheckSymbolExists.c.o  -o cmTC_cbdcd 
CMakeFiles/cmTC_cbdcd.dir/CheckSymbolExists.c.o: In function `main':
CheckSymbolExists.c:(.text+0x1b): undefined reference to `pthread_create'
collect2: error: ld returned 1 exit status
CMakeFiles/cmTC_cbdcd.dir/build.make:97: recipe for target 'cmTC_cbdcd' failed
make[1]: *** [cmTC_cbdcd] Error 1
make[1]: Leaving directory '/home/autoware/Autoware/build/gazebo_world_description/CMakeFiles/CMakeTmp'
Makefile:126: recipe for target 'cmTC_cbdcd/fast' failed
make: *** [cmTC_cbdcd/fast] Error 2

File /home/autoware/Autoware/build/gazebo_world_description/CMakeFiles/CMakeTmp/CheckSymbolExists.c:
/* */
#include <pthread.h>

int main(int argc, char** argv)
{
  (void)argv;
#ifndef pthread_create
  return ((int*)(&pthread_create))[argc];
#else
  (void)argc;
  return 0;
#endif
}

Determining if the function pthread_create exists in the pthreads failed with the following output:
Change Dir: /home/autoware/Autoware/build/gazebo_world_description/CMakeFiles/CMakeTmp

Run Build Command:"/usr/bin/make" "cmTC_491ec/fast"
/usr/bin/make -f CMakeFiles/cmTC_491ec.dir/build.make CMakeFiles/cmTC_491ec.dir/build
make[1]: Entering directory '/home/autoware/Autoware/build/gazebo_world_description/CMakeFiles/CMakeTmp'
Building C object CMakeFiles/cmTC_491ec.dir/CheckFunctionExists.c.o
/usr/bin/cc   -DCHECK_FUNCTION_EXISTS=pthread_create   -o CMakeFiles/cmTC_491ec.dir/CheckFunctionExists.c.o   -c /usr/share/cmake-3.10/Modules/CheckFunctionExists.c
Linking C executable cmTC_491ec
/usr/bin/cmake -E cmake_link_script CMakeFiles/cmTC_491ec.dir/link.txt --verbose=1
/usr/bin/cc  -DCHECK_FUNCTION_EXISTS=pthread_create    -rdynamic CMakeFiles/cmTC_491ec.dir/CheckFunctionExists.c.o  -o cmTC_491ec -lpthreads 
/usr/bin/ld: cannot find -lpthreads
collect2: error: ld returned 1 exit status
CMakeFiles/cmTC_491ec.dir/build.make:97: recipe for target 'cmTC_491ec' failed
make[1]: *** [cmTC_491ec] Error 1
make[1]: Leaving directory '/home/autoware/Autoware/build/gazebo_world_description/CMakeFiles/CMakeTmp'
Makefile:126: recipe for target 'cmTC_491ec/fast' failed
make: *** [cmTC_491ec/fast] Error 2


