[0.812s] Invoking command in '/home/autoware/Autoware/build/kitti_player': CMAKE_PREFIX_PATH=/home/autoware/Autoware/install/autoware_build_flags:${CMAKE_PREFIX_PATH} PKG_CONFIG_PATH=/home/autoware/Autoware/install/autoware_build_flags/lib/x86_64-linux-gnu/pkgconfig:/home/autoware/Autoware/install/autoware_build_flags/lib/pkgconfig:${PKG_CONFIG_PATH} ROS_PACKAGE_PATH=/home/autoware/Autoware/install/autoware_build_flags/share:${ROS_PACKAGE_PATH} /usr/bin/cmake --build /home/autoware/Autoware/build/kitti_player -- -j32 -l32
[1.061s] [  0%] Built target rosgraph_msgs_generate_messages_eus
[1.063s] [  0%] Built target stereo_msgs_generate_messages_lisp
[1.063s] [  0%] Built target stereo_msgs_generate_messages_nodejs
[1.063s] [  0%] Built target stereo_msgs_generate_messages_cpp
[1.063s] [  0%] Built target sensor_msgs_generate_messages_lisp
[1.064s] [  0%] Built target dynamic_reconfigure_generate_messages_lisp
[1.064s] [  0%] Built target actionlib_msgs_generate_messages_py
[1.064s] [  0%] Built target rosgraph_msgs_generate_messages_lisp
[1.064s] [  0%] Built target std_msgs_generate_messages_py
[1.064s] [  0%] Built target stereo_msgs_generate_messages_eus
[1.064s] [  0%] Built target pcl_msgs_generate_messages_cpp
[1.065s] [  0%] Built target std_msgs_generate_messages_nodejs
[1.065s] [  0%] Built target dynamic_reconfigure_generate_messages_nodejs
[1.065s] [  0%] Built target tf2_msgs_generate_messages_nodejs
[1.066s] [  0%] Built target tf2_msgs_generate_messages_cpp
[1.066s] [  0%] Built target roscpp_generate_messages_py
[1.066s] [  0%] Built target geometry_msgs_generate_messages_eus
[1.066s] [  0%] Built target tf2_msgs_generate_messages_eus
[1.067s] [  0%] Built target topic_tools_generate_messages_cpp
[1.067s] [  0%] Built target std_msgs_generate_messages_eus
[1.067s] [  0%] Built target rosgraph_msgs_generate_messages_cpp
[1.067s] [  0%] Built target stereo_msgs_generate_messages_py
[1.067s] [  0%] Built target roscpp_generate_messages_cpp
[1.067s] [  0%] Built target dynamic_reconfigure_generate_messages_eus
[1.068s] [  0%] Built target bond_generate_messages_lisp
[1.068s] [  0%] Built target std_srvs_generate_messages_eus
[1.068s] [  0%] Built target actionlib_generate_messages_cpp
[1.068s] [  0%] Built target bond_generate_messages_eus
[1.068s] [  0%] Built target rosgraph_msgs_generate_messages_nodejs
[1.068s] [  0%] Built target sensor_msgs_generate_messages_nodejs
[1.068s] [  0%] Built target std_msgs_generate_messages_cpp
[1.068s] [  0%] Built target roscpp_generate_messages_lisp
[1.068s] [  0%] Built target sensor_msgs_generate_messages_py
[1.068s] [  0%] Built target nodelet_generate_messages_py
[1.069s] [  0%] Built target tf_generate_messages_py
[1.069s] [  0%] Built target dynamic_reconfigure_generate_messages_cpp
[1.069s] [  0%] Built target sensor_msgs_generate_messages_eus
[1.069s] [  0%] Built target geometry_msgs_generate_messages_lisp
[1.069s] [  0%] Built target sensor_msgs_generate_messages_cpp
[1.069s] [  0%] Built target topic_tools_generate_messages_nodejs
[1.069s] [  0%] Built target std_msgs_generate_messages_lisp
[1.069s] [  0%] Built target actionlib_generate_messages_py
[1.069s] [  0%] Built target geometry_msgs_generate_messages_nodejs
[1.069s] [  0%] Built target dynamic_reconfigure_generate_messages_py
[1.069s] [  0%] Built target roscpp_generate_messages_nodejs
[1.070s] [  0%] Built target nodelet_generate_messages_cpp
[1.071s] [  0%] Built target geometry_msgs_generate_messages_cpp
[1.073s] [  0%] Built target tf2_msgs_generate_messages_lisp
[1.074s] [  0%] Built target geometry_msgs_generate_messages_py
[1.074s] [  0%] Built target nodelet_generate_messages_eus
[1.074s] [  0%] Built target roscpp_generate_messages_eus
[1.074s] [  0%] Built target actionlib_generate_messages_lisp
[1.074s] [  0%] Built target actionlib_msgs_generate_messages_eus
[1.074s] [  0%] Built target pcl_ros_gencfg
[1.074s] [  0%] Built target nodelet_generate_messages_lisp
[1.075s] [  0%] Built target bond_generate_messages_py
[1.075s] [  0%] Built target pcl_msgs_generate_messages_nodejs
[1.075s] [  0%] Built target rosgraph_msgs_generate_messages_py
[1.075s] [  0%] Built target dynamic_reconfigure_gencfg
[1.075s] [  0%] Built target tf2_msgs_generate_messages_py
[1.075s] [  0%] Built target nodelet_generate_messages_nodejs
[1.075s] [  0%] Built target std_srvs_generate_messages_nodejs
[1.075s] [  0%] Built target bond_generate_messages_cpp
[1.075s] [  0%] Built target topic_tools_generate_messages_py
[1.075s] [  0%] Built target actionlib_msgs_generate_messages_nodejs
[1.075s] [  0%] Built target bond_generate_messages_nodejs
[1.076s] [  0%] Built target std_srvs_generate_messages_cpp
[1.076s] [  0%] Built target tf_generate_messages_eus
[1.076s] [  0%] Built target nodelet_topic_tools_gencfg
[1.076s] [  0%] Built target topic_tools_generate_messages_eus
[1.076s] [  0%] Built target topic_tools_generate_messages_lisp
[1.076s] [  0%] Built target std_srvs_generate_messages_lisp
[1.076s] [  0%] Built target pcl_msgs_generate_messages_py
[1.076s] [  0%] Built target pcl_msgs_generate_messages_eus
[1.076s] [  0%] Built target tf_generate_messages_lisp
[1.076s] [  0%] Built target pcl_msgs_generate_messages_lisp
[1.076s] [  0%] Built target actionlib_generate_messages_nodejs
[1.076s] [  0%] Built target tf_generate_messages_nodejs
[1.076s] [  0%] Built target tf_generate_messages_cpp
[1.077s] [  0%] Built target actionlib_generate_messages_eus
[1.077s] [  0%] Built target actionlib_msgs_generate_messages_cpp
[1.077s] [ 33%] Built target kitti_player_gencfg
[1.077s] [ 33%] Built target std_srvs_generate_messages_py
[1.077s] [ 33%] Built target actionlib_msgs_generate_messages_lisp
[1.155s] [100%] Built target kitti_player
[1.270s] Invoked command in '/home/autoware/Autoware/build/kitti_player' returned '0': CMAKE_PREFIX_PATH=/home/autoware/Autoware/install/autoware_build_flags:${CMAKE_PREFIX_PATH} PKG_CONFIG_PATH=/home/autoware/Autoware/install/autoware_build_flags/lib/x86_64-linux-gnu/pkgconfig:/home/autoware/Autoware/install/autoware_build_flags/lib/pkgconfig:${PKG_CONFIG_PATH} ROS_PACKAGE_PATH=/home/autoware/Autoware/install/autoware_build_flags/share:${ROS_PACKAGE_PATH} /usr/bin/cmake --build /home/autoware/Autoware/build/kitti_player -- -j32 -l32
[1.607s] Invoking command in '/home/autoware/Autoware/build/kitti_player': CMAKE_PREFIX_PATH=/home/autoware/Autoware/install/autoware_build_flags:${CMAKE_PREFIX_PATH} PKG_CONFIG_PATH=/home/autoware/Autoware/install/autoware_build_flags/lib/x86_64-linux-gnu/pkgconfig:/home/autoware/Autoware/install/autoware_build_flags/lib/pkgconfig:${PKG_CONFIG_PATH} ROS_PACKAGE_PATH=/home/autoware/Autoware/install/autoware_build_flags/share:${ROS_PACKAGE_PATH} /usr/bin/cmake --build /home/autoware/Autoware/build/kitti_player --target tests -- -j32 -l32
[1.746s] Built target tests
[1.795s] Invoked command in '/home/autoware/Autoware/build/kitti_player' returned '0': CMAKE_PREFIX_PATH=/home/autoware/Autoware/install/autoware_build_flags:${CMAKE_PREFIX_PATH} PKG_CONFIG_PATH=/home/autoware/Autoware/install/autoware_build_flags/lib/x86_64-linux-gnu/pkgconfig:/home/autoware/Autoware/install/autoware_build_flags/lib/pkgconfig:${PKG_CONFIG_PATH} ROS_PACKAGE_PATH=/home/autoware/Autoware/install/autoware_build_flags/share:${ROS_PACKAGE_PATH} /usr/bin/cmake --build /home/autoware/Autoware/build/kitti_player --target tests -- -j32 -l32
[2.068s] Invoking command in '/home/autoware/Autoware/build/kitti_player': CMAKE_PREFIX_PATH=/home/autoware/Autoware/install/autoware_build_flags:${CMAKE_PREFIX_PATH} PKG_CONFIG_PATH=/home/autoware/Autoware/install/autoware_build_flags/lib/x86_64-linux-gnu/pkgconfig:/home/autoware/Autoware/install/autoware_build_flags/lib/pkgconfig:${PKG_CONFIG_PATH} ROS_PACKAGE_PATH=/home/autoware/Autoware/install/autoware_build_flags/share:${ROS_PACKAGE_PATH} /usr/bin/cmake --build /home/autoware/Autoware/build/kitti_player --target install -- -j32 -l32
[2.328s] [  0%] Built target stereo_msgs_generate_messages_lisp
[2.330s] [  0%] Built target stereo_msgs_generate_messages_eus
[2.331s] [  0%] Built target dynamic_reconfigure_generate_messages_eus
[2.331s] [  0%] Built target rosgraph_msgs_generate_messages_lisp
[2.331s] [  0%] Built target topic_tools_generate_messages_cpp
[2.331s] [  0%] Built target rosgraph_msgs_generate_messages_cpp
[2.331s] [  0%] Built target actionlib_msgs_generate_messages_py
[2.332s] [  0%] Built target stereo_msgs_generate_messages_py
[2.332s] [  0%] Built target tf2_msgs_generate_messages_cpp
[2.332s] [  0%] Built target std_srvs_generate_messages_eus
[2.332s] [  0%] Built target tf2_msgs_generate_messages_eus
[2.332s] [  0%] Built target stereo_msgs_generate_messages_cpp
[2.332s] [  0%] Built target rosgraph_msgs_generate_messages_eus
[2.333s] [  0%] Built target std_msgs_generate_messages_cpp
[2.333s] [  0%] Built target roscpp_generate_messages_lisp
[2.334s] [  0%] Built target geometry_msgs_generate_messages_eus
[2.334s] [  0%] Built target dynamic_reconfigure_generate_messages_nodejs
[2.335s] [  0%] Built target tf2_msgs_generate_messages_nodejs
[2.335s] [  0%] Built target sensor_msgs_generate_messages_lisp
[2.335s] [  0%] Built target dynamic_reconfigure_generate_messages_lisp
[2.335s] [  0%] Built target stereo_msgs_generate_messages_nodejs
[2.336s] [  0%] Built target roscpp_generate_messages_cpp
[2.336s] [  0%] Built target std_msgs_generate_messages_nodejs
[2.337s] [  0%] Built target sensor_msgs_generate_messages_nodejs
[2.339s] [  0%] Built target pcl_msgs_generate_messages_cpp
[2.340s] [  0%] Built target std_msgs_generate_messages_py
[2.343s] [  0%] Built target roscpp_generate_messages_py
[2.344s] [  0%] Built target std_msgs_generate_messages_eus
[2.344s] [  0%] Built target bond_generate_messages_lisp
[2.344s] [  0%] Built target actionlib_generate_messages_cpp
[2.344s] [  0%] Built target geometry_msgs_generate_messages_nodejs
[2.345s] [  0%] Built target bond_generate_messages_eus
[2.345s] [  0%] Built target rosgraph_msgs_generate_messages_nodejs
[2.345s] [  0%] Built target nodelet_generate_messages_py
[2.346s] [  0%] Built target geometry_msgs_generate_messages_lisp
[2.346s] [  0%] Built target dynamic_reconfigure_generate_messages_cpp
[2.347s] [  0%] Built target dynamic_reconfigure_generate_messages_py
[2.347s] [  0%] Built target roscpp_generate_messages_nodejs
[2.347s] [  0%] Built target topic_tools_generate_messages_nodejs
[2.348s] [  0%] Built target std_msgs_generate_messages_lisp
[2.348s] [  0%] Built target sensor_msgs_generate_messages_cpp
[2.348s] [  0%] Built target sensor_msgs_generate_messages_py
[2.348s] [  0%] Built target tf2_msgs_generate_messages_py
[2.348s] [  0%] Built target bond_generate_messages_py
[2.348s] [  0%] Built target geometry_msgs_generate_messages_py
[2.348s] [  0%] Built target tf2_msgs_generate_messages_lisp
[2.349s] [  0%] Built target geometry_msgs_generate_messages_cpp
[2.350s] [  0%] Built target pcl_ros_gencfg
[2.350s] [  0%] Built target nodelet_generate_messages_eus
[2.350s] [  0%] Built target dynamic_reconfigure_gencfg
[2.350s] [  0%] Built target roscpp_generate_messages_eus
[2.351s] [  0%] Built target sensor_msgs_generate_messages_eus
[2.352s] [  0%] Built target actionlib_generate_messages_py
[2.352s] [  0%] Built target tf_generate_messages_py
[2.352s] [  0%] Built target rosgraph_msgs_generate_messages_py
[2.352s] [  0%] Built target nodelet_generate_messages_nodejs
[2.352s] [  0%] Built target nodelet_generate_messages_lisp
[2.353s] [  0%] Built target nodelet_generate_messages_cpp
[2.353s] [  0%] Built target std_srvs_generate_messages_nodejs
[2.353s] [  0%] Built target actionlib_generate_messages_lisp
[2.353s] [  0%] Built target topic_tools_generate_messages_py
[2.354s] [  0%] Built target actionlib_msgs_generate_messages_eus
[2.354s] [  0%] Built target bond_generate_messages_cpp
[2.354s] [  0%] Built target pcl_msgs_generate_messages_nodejs
[2.354s] [  0%] Built target bond_generate_messages_nodejs
[2.356s] [  0%] Built target actionlib_msgs_generate_messages_nodejs
[2.356s] [  0%] Built target nodelet_topic_tools_gencfg
[2.356s] [  0%] Built target pcl_msgs_generate_messages_eus
[2.356s] [  0%] Built target std_srvs_generate_messages_lisp
[2.356s] [  0%] Built target topic_tools_generate_messages_eus
[2.356s] [  0%] Built target tf_generate_messages_lisp
[2.357s] [  0%] Built target actionlib_msgs_generate_messages_cpp
[2.357s] [  0%] Built target tf_generate_messages_eus
[2.357s] [  0%] Built target topic_tools_generate_messages_lisp
[2.357s] [  0%] Built target actionlib_generate_messages_eus
[2.357s] [  0%] Built target pcl_msgs_generate_messages_lisp
[2.357s] [  0%] Built target std_srvs_generate_messages_cpp
[2.357s] [  0%] Built target tf_generate_messages_cpp
[2.357s] [  0%] Built target tf_generate_messages_nodejs
[2.357s] [  0%] Built target std_srvs_generate_messages_py
[2.357s] [  0%] Built target actionlib_msgs_generate_messages_lisp
[2.357s] [ 33%] Built target kitti_player_gencfg
[2.357s] [ 33%] Built target actionlib_generate_messages_nodejs
[2.357s] [ 33%] Built target pcl_msgs_generate_messages_py
[2.502s] [100%] Built target kitti_player
[2.503s] Install the project...
[2.503s] -- Install configuration: "Release"
[2.503s] -- Up-to-date: /home/autoware/Autoware/install/kitti_player/include/kitti_player/kitti_playerConfig.h
[2.504s] -- Up-to-date: /home/autoware/Autoware/install/kitti_player/lib/python2.7/dist-packages/kitti_player/__init__.py
[2.505s] Listing /home/autoware/Autoware/build/kitti_player/devel/lib/python2.7/dist-packages/kitti_player/cfg ...
[2.505s] -- Up-to-date: /home/autoware/Autoware/install/kitti_player/lib/python2.7/dist-packages/kitti_player/cfg
[2.505s] -- Up-to-date: /home/autoware/Autoware/install/kitti_player/lib/python2.7/dist-packages/kitti_player/cfg/__init__.py
[2.505s] -- Up-to-date: /home/autoware/Autoware/install/kitti_player/lib/python2.7/dist-packages/kitti_player/cfg/kitti_playerConfig.pyc
[2.505s] -- Up-to-date: /home/autoware/Autoware/install/kitti_player/lib/python2.7/dist-packages/kitti_player/cfg/kitti_playerConfig.py
[2.506s] -- Up-to-date: /home/autoware/Autoware/install/kitti_player/lib/python2.7/dist-packages/kitti_player/cfg/__init__.pyc
[2.506s] -- Up-to-date: /home/autoware/Autoware/install/kitti_player/lib/pkgconfig/kitti_player.pc
[2.507s] -- Up-to-date: /home/autoware/Autoware/install/kitti_player/share/kitti_player/cmake/kitti_playerConfig.cmake
[2.510s] -- Up-to-date: /home/autoware/Autoware/install/kitti_player/share/kitti_player/cmake/kitti_playerConfig-version.cmake
[2.510s] -- Up-to-date: /home/autoware/Autoware/install/kitti_player/share/kitti_player/package.xml
[2.510s] -- Up-to-date: /home/autoware/Autoware/install/kitti_player/lib/kitti_player/kitti_player
[2.511s] -- Up-to-date: /home/autoware/Autoware/install/kitti_player/share/kitti_player/launch
[2.511s] -- Up-to-date: /home/autoware/Autoware/install/kitti_player/share/kitti_player/launch/kittiplayer_libviso2.launch
[2.511s] -- Up-to-date: /home/autoware/Autoware/install/kitti_player/share/kitti_player/cfg
[2.511s] -- Up-to-date: /home/autoware/Autoware/install/kitti_player/share/kitti_player/cfg/kitti_player.cfg
[2.512s] -- Up-to-date: /home/autoware/Autoware/install/kitti_player/share/kitti_player/cfg/rviz_kitti_player.rviz
[2.734s] Invoked command in '/home/autoware/Autoware/build/kitti_player' returned '0': CMAKE_PREFIX_PATH=/home/autoware/Autoware/install/autoware_build_flags:${CMAKE_PREFIX_PATH} PKG_CONFIG_PATH=/home/autoware/Autoware/install/autoware_build_flags/lib/x86_64-linux-gnu/pkgconfig:/home/autoware/Autoware/install/autoware_build_flags/lib/pkgconfig:${PKG_CONFIG_PATH} ROS_PACKAGE_PATH=/home/autoware/Autoware/install/autoware_build_flags/share:${ROS_PACKAGE_PATH} /usr/bin/cmake --build /home/autoware/Autoware/build/kitti_player --target install -- -j32 -l32
