[0.275s] Invoking command in '/home/autoware/Autoware/build/object_map': CMAKE_PREFIX_PATH=/home/autoware/Autoware/install/lanelet2_extension:/home/autoware/Autoware/install/vector_map:/home/autoware/Autoware/install/amathutils_lib:/home/autoware/Autoware/install/vector_map_msgs:/home/autoware/Autoware/install/autoware_msgs:/home/autoware/Autoware/install/autoware_lanelet2_msgs:/home/autoware/Autoware/install/autoware_build_flags:${CMAKE_PREFIX_PATH} LD_LIBRARY_PATH=/home/autoware/Autoware/install/lanelet2_extension/lib:/home/autoware/Autoware/install/vector_map/lib:/home/autoware/Autoware/install/amathutils_lib/lib:${LD_LIBRARY_PATH} PKG_CONFIG_PATH=/home/autoware/Autoware/install/lanelet2_extension/lib/x86_64-linux-gnu/pkgconfig:/home/autoware/Autoware/install/lanelet2_extension/lib/pkgconfig:/home/autoware/Autoware/install/vector_map/lib/x86_64-linux-gnu/pkgconfig:/home/autoware/Autoware/install/vector_map/lib/pkgconfig:/home/autoware/Autoware/install/amathutils_lib/lib/x86_64-linux-gnu/pkgconfig:/home/autoware/Autoware/install/amathutils_lib/lib/pkgconfig:/home/autoware/Autoware/install/vector_map_msgs/lib/x86_64-linux-gnu/pkgconfig:/home/autoware/Autoware/install/vector_map_msgs/lib/pkgconfig:/home/autoware/Autoware/install/autoware_msgs/lib/x86_64-linux-gnu/pkgconfig:/home/autoware/Autoware/install/autoware_msgs/lib/pkgconfig:/home/autoware/Autoware/install/autoware_lanelet2_msgs/lib/x86_64-linux-gnu/pkgconfig:/home/autoware/Autoware/install/autoware_lanelet2_msgs/lib/pkgconfig:/home/autoware/Autoware/install/autoware_build_flags/lib/x86_64-linux-gnu/pkgconfig:/home/autoware/Autoware/install/autoware_build_flags/lib/pkgconfig:${PKG_CONFIG_PATH} PYTHONPATH=/home/autoware/Autoware/install/vector_map_msgs/lib/python2.7/dist-packages:/home/autoware/Autoware/install/autoware_msgs/lib/python2.7/dist-packages:/home/autoware/Autoware/install/autoware_lanelet2_msgs/lib/python2.7/dist-packages:${PYTHONPATH} ROS_PACKAGE_PATH=/home/autoware/Autoware/install/lanelet2_extension/share:/home/autoware/Autoware/install/vector_map/share:/home/autoware/Autoware/install/amathutils_lib/share:/home/autoware/Autoware/install/vector_map_msgs/share:/home/autoware/Autoware/install/autoware_msgs/share:/home/autoware/Autoware/install/autoware_lanelet2_msgs/share:/home/autoware/Autoware/install/autoware_build_flags/share:${ROS_PACKAGE_PATH} /usr/bin/cmake --build /home/autoware/Autoware/build/object_map -- -j32 -l32
[0.565s] [  0%] Built target nodelet_generate_messages_cpp
[0.589s] [  0%] Built target pcl_ros_gencfg
[0.595s] [  0%] Built target dynamic_reconfigure_generate_messages_nodejs
[0.596s] [  0%] Built target bond_generate_messages_nodejs
[0.618s] [  0%] Built target tf_generate_messages_eus
[0.626s] [  0%] Built target dynamic_reconfigure_generate_messages_eus
[0.628s] [  0%] Built target vector_map_msgs_generate_messages_cpp
[0.641s] [  0%] Built target actionlib_generate_messages_cpp
[0.641s] [  0%] Built target dynamic_reconfigure_generate_messages_py
[0.644s] [  0%] Built target bond_generate_messages_eus
[0.646s] [  0%] Built target bond_generate_messages_lisp
[0.647s] [  0%] Built target autoware_lanelet2_msgs_generate_messages_cpp
[0.661s] [  0%] Built target nodelet_generate_messages_nodejs
[0.668s] [  0%] Built target bond_generate_messages_py
[0.668s] [  0%] Built target nodelet_generate_messages_eus
[0.670s] [  0%] Built target tf2_msgs_generate_messages_py
[0.674s] [  0%] Built target vector_map_msgs_generate_messages_nodejs
[0.674s] [  0%] Built target visualization_msgs_generate_messages_nodejs
[0.675s] [  0%] Built target tf2_msgs_generate_messages_nodejs
[0.679s] [  0%] Built target vector_map_msgs_generate_messages_py
[0.687s] [  0%] Built target vector_map_msgs_generate_messages_eus
[0.719s] [  0%] Built target bond_generate_messages_cpp
[0.719s] [  0%] Built target visualization_msgs_generate_messages_py
[0.733s] [  0%] Built target tf2_msgs_generate_messages_cpp
[0.741s] [ 11%] Built target object_map_utils_lib
[0.751s] [ 11%] Built target visualization_msgs_generate_messages_eus
[0.774s] [ 11%] Built target vector_map_msgs_generate_messages_lisp
[0.777s] [ 11%] Built target autoware_lanelet2_msgs_generate_messages_eus
[0.782s] [ 11%] Built target dynamic_reconfigure_generate_messages_lisp
[0.783s] [ 11%] Built target autoware_lanelet2_msgs_generate_messages_lisp
[0.824s] [ 22%] Built target laserscan2costmap
[0.832s] [ 22%] Built target tf_generate_messages_nodejs
[0.848s] [ 22%] Built target topic_tools_generate_messages_cpp
[0.848s] [ 22%] Built target nodelet_generate_messages_lisp
[0.852s] [ 22%] Built target jsk_recognition_msgs_generate_messages_eus
[0.855s] [ 22%] Built target actionlib_generate_messages_py
[0.863s] [ 22%] Built target jsk_recognition_msgs_generate_messages_py
[0.864s] [ 22%] Built target sensor_msgs_generate_messages_cpp
[0.878s] [ 22%] Built target dynamic_reconfigure_generate_messages_cpp
[0.905s] [ 22%] Built target tf_generate_messages_py
[0.914s] [ 22%] Built target jsk_footstep_msgs_generate_messages_py
[0.930s] [ 22%] Built target autoware_msgs_generate_messages_cpp
[0.932s] [ 22%] Built target std_msgs_generate_messages_nodejs
[0.941s] [ 22%] Built target pcl_msgs_generate_messages_eus
[0.959s] [ 22%] Built target geometry_msgs_generate_messages_py
[0.959s] [ 22%] Built target rosgraph_msgs_generate_messages_cpp
[0.981s] [ 22%] Built target sensor_msgs_generate_messages_nodejs
[0.984s] [ 22%] Built target std_msgs_generate_messages_py
[1.010s] [ 22%] Built target rosgraph_msgs_generate_messages_eus
[1.016s] [ 22%] Built target std_msgs_generate_messages_lisp
[1.037s] [ 22%] Built target geometry_msgs_generate_messages_eus
[1.044s] [ 22%] Built target tf_generate_messages_lisp
[1.052s] [ 22%] Built target roscpp_generate_messages_cpp
[1.100s] [ 22%] Built target pcl_msgs_generate_messages_cpp
[1.100s] [ 22%] Built target autoware_msgs_generate_messages_py
[1.100s] [ 22%] Built target geometry_msgs_generate_messages_nodejs
[1.100s] [ 22%] Built target actionlib_generate_messages_lisp
[1.100s] [ 22%] Built target jsk_recognition_msgs_generate_messages_lisp
[1.100s] [ 22%] Built target roscpp_generate_messages_nodejs
[1.108s] [ 22%] Built target geometry_msgs_generate_messages_cpp
[1.109s] [ 22%] Built target std_msgs_generate_messages_cpp
[1.306s] [ 22%] Built target autoware_msgs_generate_messages_nodejs
[1.361s] [ 22%] Built target jsk_footstep_msgs_generate_messages_nodejs
[1.361s] [ 22%] Built target sensor_msgs_generate_messages_eus
[1.370s] [ 22%] Built target nav_msgs_generate_messages_nodejs
[1.371s] [ 22%] Built target topic_tools_generate_messages_eus
[1.371s] [ 22%] Built target geometry_msgs_generate_messages_lisp
[1.371s] [ 22%] Built target jsk_footstep_msgs_generate_messages_eus
[1.371s] [ 22%] Built target pcl_msgs_generate_messages_py
[1.371s] [ 22%] Built target visualization_msgs_generate_messages_cpp
[1.371s] [ 22%] Built target autoware_msgs_generate_messages_lisp
[1.371s] [ 22%] Built target sensor_msgs_generate_messages_py
[1.371s] [ 22%] Built target std_msgs_generate_messages_eus
[1.372s] [ 22%] Built target actionlib_generate_messages_eus
[1.372s] [ 22%] Built target actionlib_msgs_generate_messages_py
[1.372s] [ 22%] Built target actionlib_msgs_generate_messages_eus
[1.372s] [ 22%] Built target autoware_msgs_generate_messages_eus
[1.372s] [ 22%] Built target autoware_lanelet2_msgs_generate_messages_py
[1.372s] [ 22%] Built target rosgraph_msgs_generate_messages_py
[1.372s] [ 22%] Built target autoware_lanelet2_msgs_generate_messages_nodejs
[1.372s] [ 22%] Built target grid_map_msgs_generate_messages_cpp
[1.372s] [ 22%] Built target roscpp_generate_messages_py
[1.372s] [ 22%] Built target rosgraph_msgs_generate_messages_lisp
[1.372s] [ 22%] Built target grid_map_msgs_generate_messages_eus
[1.373s] [ 22%] Built target rosgraph_msgs_generate_messages_nodejs
[1.373s] [ 22%] Built target grid_map_msgs_generate_messages_nodejs
[1.373s] [ 22%] Built target jsk_footstep_msgs_generate_messages_lisp
[1.373s] [ 22%] Built target nodelet_generate_messages_py
[1.373s] [ 22%] Built target nav_msgs_generate_messages_cpp
[1.373s] [ 22%] Built target tf2_msgs_generate_messages_eus
[1.373s] [ 22%] Built target visualization_msgs_generate_messages_lisp
[1.413s] [ 22%] Built target roscpp_generate_messages_eus
[1.414s] [ 22%] Built target roscpp_generate_messages_lisp
[1.414s] [ 22%] Built target nav_msgs_generate_messages_lisp
[1.426s] [ 22%] Built target nav_msgs_generate_messages_py
[1.426s] [ 22%] Built target grid_map_msgs_generate_messages_lisp
[1.426s] [ 22%] Built target nav_msgs_generate_messages_eus
[1.427s] [ 22%] Built target grid_map_msgs_generate_messages_py
[1.427s] [ 22%] Built target jsk_recognition_msgs_generate_messages_cpp
[1.427s] [ 22%] Built target _catkin_empty_exported_target
[1.427s] [ 22%] Built target std_srvs_generate_messages_lisp
[1.427s] [ 22%] Built target std_srvs_generate_messages_cpp
[1.427s] [ 22%] Built target sensor_msgs_generate_messages_lisp
[1.427s] [ 22%] Built target std_srvs_generate_messages_nodejs
[1.427s] [ 22%] Built target topic_tools_generate_messages_py
[1.427s] [ 22%] Built target jsk_recognition_msgs_generate_messages_nodejs
[1.428s] [ 22%] Built target tf2_msgs_generate_messages_lisp
[1.429s] [ 22%] Built target dynamic_reconfigure_gencfg
[1.430s] [ 22%] Built target pcl_msgs_generate_messages_lisp
[1.431s] [ 22%] Built target actionlib_msgs_generate_messages_lisp
[1.431s] [ 22%] Built target pcl_msgs_generate_messages_nodejs
[1.432s] [ 22%] Built target actionlib_msgs_generate_messages_nodejs
[1.433s] [ 22%] Built target actionlib_generate_messages_nodejs
[1.444s] [ 22%] Built target tf_generate_messages_cpp
[1.461s] [ 22%] Built target nodelet_topic_tools_gencfg
[1.461s] [ 22%] Built target topic_tools_generate_messages_lisp
[1.462s] [ 22%] Built target actionlib_msgs_generate_messages_cpp
[1.463s] [ 22%] Built target std_srvs_generate_messages_py
[1.463s] [ 22%] Built target std_srvs_generate_messages_eus
[1.466s] [ 22%] Built target topic_tools_generate_messages_nodejs
[1.502s] [ 33%] Built target wayarea2grid_lanelet2_lib
[1.502s] [ 33%] Built target jsk_footstep_msgs_generate_messages_cpp
[1.546s] [ 44%] Built target wayarea2grid_lib
[1.547s] [ 55%] Built target grid_map_filter_lib
[1.636s] [ 66%] Built target wayarea2grid_lanelet2
[1.637s] [ 77%] Built target potential_field
[1.664s] [ 88%] Built target wayarea2grid
[1.690s] [100%] Built target grid_map_filter
[1.752s] Invoked command in '/home/autoware/Autoware/build/object_map' returned '0': CMAKE_PREFIX_PATH=/home/autoware/Autoware/install/lanelet2_extension:/home/autoware/Autoware/install/vector_map:/home/autoware/Autoware/install/amathutils_lib:/home/autoware/Autoware/install/vector_map_msgs:/home/autoware/Autoware/install/autoware_msgs:/home/autoware/Autoware/install/autoware_lanelet2_msgs:/home/autoware/Autoware/install/autoware_build_flags:${CMAKE_PREFIX_PATH} LD_LIBRARY_PATH=/home/autoware/Autoware/install/lanelet2_extension/lib:/home/autoware/Autoware/install/vector_map/lib:/home/autoware/Autoware/install/amathutils_lib/lib:${LD_LIBRARY_PATH} PKG_CONFIG_PATH=/home/autoware/Autoware/install/lanelet2_extension/lib/x86_64-linux-gnu/pkgconfig:/home/autoware/Autoware/install/lanelet2_extension/lib/pkgconfig:/home/autoware/Autoware/install/vector_map/lib/x86_64-linux-gnu/pkgconfig:/home/autoware/Autoware/install/vector_map/lib/pkgconfig:/home/autoware/Autoware/install/amathutils_lib/lib/x86_64-linux-gnu/pkgconfig:/home/autoware/Autoware/install/amathutils_lib/lib/pkgconfig:/home/autoware/Autoware/install/vector_map_msgs/lib/x86_64-linux-gnu/pkgconfig:/home/autoware/Autoware/install/vector_map_msgs/lib/pkgconfig:/home/autoware/Autoware/install/autoware_msgs/lib/x86_64-linux-gnu/pkgconfig:/home/autoware/Autoware/install/autoware_msgs/lib/pkgconfig:/home/autoware/Autoware/install/autoware_lanelet2_msgs/lib/x86_64-linux-gnu/pkgconfig:/home/autoware/Autoware/install/autoware_lanelet2_msgs/lib/pkgconfig:/home/autoware/Autoware/install/autoware_build_flags/lib/x86_64-linux-gnu/pkgconfig:/home/autoware/Autoware/install/autoware_build_flags/lib/pkgconfig:${PKG_CONFIG_PATH} PYTHONPATH=/home/autoware/Autoware/install/vector_map_msgs/lib/python2.7/dist-packages:/home/autoware/Autoware/install/autoware_msgs/lib/python2.7/dist-packages:/home/autoware/Autoware/install/autoware_lanelet2_msgs/lib/python2.7/dist-packages:${PYTHONPATH} ROS_PACKAGE_PATH=/home/autoware/Autoware/install/lanelet2_extension/share:/home/autoware/Autoware/install/vector_map/share:/home/autoware/Autoware/install/amathutils_lib/share:/home/autoware/Autoware/install/vector_map_msgs/share:/home/autoware/Autoware/install/autoware_msgs/share:/home/autoware/Autoware/install/autoware_lanelet2_msgs/share:/home/autoware/Autoware/install/autoware_build_flags/share:${ROS_PACKAGE_PATH} /usr/bin/cmake --build /home/autoware/Autoware/build/object_map -- -j32 -l32
[2.624s] Invoking command in '/home/autoware/Autoware/build/object_map': CMAKE_PREFIX_PATH=/home/autoware/Autoware/install/lanelet2_extension:/home/autoware/Autoware/install/vector_map:/home/autoware/Autoware/install/amathutils_lib:/home/autoware/Autoware/install/vector_map_msgs:/home/autoware/Autoware/install/autoware_msgs:/home/autoware/Autoware/install/autoware_lanelet2_msgs:/home/autoware/Autoware/install/autoware_build_flags:${CMAKE_PREFIX_PATH} LD_LIBRARY_PATH=/home/autoware/Autoware/install/lanelet2_extension/lib:/home/autoware/Autoware/install/vector_map/lib:/home/autoware/Autoware/install/amathutils_lib/lib:${LD_LIBRARY_PATH} PKG_CONFIG_PATH=/home/autoware/Autoware/install/lanelet2_extension/lib/x86_64-linux-gnu/pkgconfig:/home/autoware/Autoware/install/lanelet2_extension/lib/pkgconfig:/home/autoware/Autoware/install/vector_map/lib/x86_64-linux-gnu/pkgconfig:/home/autoware/Autoware/install/vector_map/lib/pkgconfig:/home/autoware/Autoware/install/amathutils_lib/lib/x86_64-linux-gnu/pkgconfig:/home/autoware/Autoware/install/amathutils_lib/lib/pkgconfig:/home/autoware/Autoware/install/vector_map_msgs/lib/x86_64-linux-gnu/pkgconfig:/home/autoware/Autoware/install/vector_map_msgs/lib/pkgconfig:/home/autoware/Autoware/install/autoware_msgs/lib/x86_64-linux-gnu/pkgconfig:/home/autoware/Autoware/install/autoware_msgs/lib/pkgconfig:/home/autoware/Autoware/install/autoware_lanelet2_msgs/lib/x86_64-linux-gnu/pkgconfig:/home/autoware/Autoware/install/autoware_lanelet2_msgs/lib/pkgconfig:/home/autoware/Autoware/install/autoware_build_flags/lib/x86_64-linux-gnu/pkgconfig:/home/autoware/Autoware/install/autoware_build_flags/lib/pkgconfig:${PKG_CONFIG_PATH} PYTHONPATH=/home/autoware/Autoware/install/vector_map_msgs/lib/python2.7/dist-packages:/home/autoware/Autoware/install/autoware_msgs/lib/python2.7/dist-packages:/home/autoware/Autoware/install/autoware_lanelet2_msgs/lib/python2.7/dist-packages:${PYTHONPATH} ROS_PACKAGE_PATH=/home/autoware/Autoware/install/lanelet2_extension/share:/home/autoware/Autoware/install/vector_map/share:/home/autoware/Autoware/install/amathutils_lib/share:/home/autoware/Autoware/install/vector_map_msgs/share:/home/autoware/Autoware/install/autoware_msgs/share:/home/autoware/Autoware/install/autoware_lanelet2_msgs/share:/home/autoware/Autoware/install/autoware_build_flags/share:${ROS_PACKAGE_PATH} /usr/bin/cmake --build /home/autoware/Autoware/build/object_map --target tests -- -j32 -l32
[2.765s] Built target tests
[2.785s] Invoked command in '/home/autoware/Autoware/build/object_map' returned '0': CMAKE_PREFIX_PATH=/home/autoware/Autoware/install/lanelet2_extension:/home/autoware/Autoware/install/vector_map:/home/autoware/Autoware/install/amathutils_lib:/home/autoware/Autoware/install/vector_map_msgs:/home/autoware/Autoware/install/autoware_msgs:/home/autoware/Autoware/install/autoware_lanelet2_msgs:/home/autoware/Autoware/install/autoware_build_flags:${CMAKE_PREFIX_PATH} LD_LIBRARY_PATH=/home/autoware/Autoware/install/lanelet2_extension/lib:/home/autoware/Autoware/install/vector_map/lib:/home/autoware/Autoware/install/amathutils_lib/lib:${LD_LIBRARY_PATH} PKG_CONFIG_PATH=/home/autoware/Autoware/install/lanelet2_extension/lib/x86_64-linux-gnu/pkgconfig:/home/autoware/Autoware/install/lanelet2_extension/lib/pkgconfig:/home/autoware/Autoware/install/vector_map/lib/x86_64-linux-gnu/pkgconfig:/home/autoware/Autoware/install/vector_map/lib/pkgconfig:/home/autoware/Autoware/install/amathutils_lib/lib/x86_64-linux-gnu/pkgconfig:/home/autoware/Autoware/install/amathutils_lib/lib/pkgconfig:/home/autoware/Autoware/install/vector_map_msgs/lib/x86_64-linux-gnu/pkgconfig:/home/autoware/Autoware/install/vector_map_msgs/lib/pkgconfig:/home/autoware/Autoware/install/autoware_msgs/lib/x86_64-linux-gnu/pkgconfig:/home/autoware/Autoware/install/autoware_msgs/lib/pkgconfig:/home/autoware/Autoware/install/autoware_lanelet2_msgs/lib/x86_64-linux-gnu/pkgconfig:/home/autoware/Autoware/install/autoware_lanelet2_msgs/lib/pkgconfig:/home/autoware/Autoware/install/autoware_build_flags/lib/x86_64-linux-gnu/pkgconfig:/home/autoware/Autoware/install/autoware_build_flags/lib/pkgconfig:${PKG_CONFIG_PATH} PYTHONPATH=/home/autoware/Autoware/install/vector_map_msgs/lib/python2.7/dist-packages:/home/autoware/Autoware/install/autoware_msgs/lib/python2.7/dist-packages:/home/autoware/Autoware/install/autoware_lanelet2_msgs/lib/python2.7/dist-packages:${PYTHONPATH} ROS_PACKAGE_PATH=/home/autoware/Autoware/install/lanelet2_extension/share:/home/autoware/Autoware/install/vector_map/share:/home/autoware/Autoware/install/amathutils_lib/share:/home/autoware/Autoware/install/vector_map_msgs/share:/home/autoware/Autoware/install/autoware_msgs/share:/home/autoware/Autoware/install/autoware_lanelet2_msgs/share:/home/autoware/Autoware/install/autoware_build_flags/share:${ROS_PACKAGE_PATH} /usr/bin/cmake --build /home/autoware/Autoware/build/object_map --target tests -- -j32 -l32
[3.395s] Invoking command in '/home/autoware/Autoware/build/object_map': CMAKE_PREFIX_PATH=/home/autoware/Autoware/install/lanelet2_extension:/home/autoware/Autoware/install/vector_map:/home/autoware/Autoware/install/amathutils_lib:/home/autoware/Autoware/install/vector_map_msgs:/home/autoware/Autoware/install/autoware_msgs:/home/autoware/Autoware/install/autoware_lanelet2_msgs:/home/autoware/Autoware/install/autoware_build_flags:${CMAKE_PREFIX_PATH} LD_LIBRARY_PATH=/home/autoware/Autoware/install/lanelet2_extension/lib:/home/autoware/Autoware/install/vector_map/lib:/home/autoware/Autoware/install/amathutils_lib/lib:${LD_LIBRARY_PATH} PKG_CONFIG_PATH=/home/autoware/Autoware/install/lanelet2_extension/lib/x86_64-linux-gnu/pkgconfig:/home/autoware/Autoware/install/lanelet2_extension/lib/pkgconfig:/home/autoware/Autoware/install/vector_map/lib/x86_64-linux-gnu/pkgconfig:/home/autoware/Autoware/install/vector_map/lib/pkgconfig:/home/autoware/Autoware/install/amathutils_lib/lib/x86_64-linux-gnu/pkgconfig:/home/autoware/Autoware/install/amathutils_lib/lib/pkgconfig:/home/autoware/Autoware/install/vector_map_msgs/lib/x86_64-linux-gnu/pkgconfig:/home/autoware/Autoware/install/vector_map_msgs/lib/pkgconfig:/home/autoware/Autoware/install/autoware_msgs/lib/x86_64-linux-gnu/pkgconfig:/home/autoware/Autoware/install/autoware_msgs/lib/pkgconfig:/home/autoware/Autoware/install/autoware_lanelet2_msgs/lib/x86_64-linux-gnu/pkgconfig:/home/autoware/Autoware/install/autoware_lanelet2_msgs/lib/pkgconfig:/home/autoware/Autoware/install/autoware_build_flags/lib/x86_64-linux-gnu/pkgconfig:/home/autoware/Autoware/install/autoware_build_flags/lib/pkgconfig:${PKG_CONFIG_PATH} PYTHONPATH=/home/autoware/Autoware/install/vector_map_msgs/lib/python2.7/dist-packages:/home/autoware/Autoware/install/autoware_msgs/lib/python2.7/dist-packages:/home/autoware/Autoware/install/autoware_lanelet2_msgs/lib/python2.7/dist-packages:${PYTHONPATH} ROS_PACKAGE_PATH=/home/autoware/Autoware/install/lanelet2_extension/share:/home/autoware/Autoware/install/vector_map/share:/home/autoware/Autoware/install/amathutils_lib/share:/home/autoware/Autoware/install/vector_map_msgs/share:/home/autoware/Autoware/install/autoware_msgs/share:/home/autoware/Autoware/install/autoware_lanelet2_msgs/share:/home/autoware/Autoware/install/autoware_build_flags/share:${ROS_PACKAGE_PATH} /usr/bin/cmake --build /home/autoware/Autoware/build/object_map --target install -- -j32 -l32
[3.537s] [  0%] Built target dynamic_reconfigure_generate_messages_eus
[3.548s] [  0%] Built target bond_generate_messages_lisp
[3.555s] [  0%] Built target bond_generate_messages_cpp
[3.559s] [  0%] Built target visualization_msgs_generate_messages_py
[3.560s] [  0%] Built target nodelet_generate_messages_nodejs
[3.560s] [  0%] Built target vector_map_msgs_generate_messages_eus
[3.561s] [  0%] Built target tf2_msgs_generate_messages_cpp
[3.562s] [  0%] Built target vector_map_msgs_generate_messages_nodejs
[3.565s] [  0%] Built target pcl_ros_gencfg
[3.567s] [  0%] Built target dynamic_reconfigure_generate_messages_py
[3.567s] [  0%] Built target nodelet_generate_messages_eus
[3.567s] [  0%] Built target tf2_msgs_generate_messages_py
[3.568s] [  0%] Built target autoware_lanelet2_msgs_generate_messages_lisp
[3.570s] [  0%] Built target nodelet_generate_messages_cpp
[3.571s] [  0%] Built target visualization_msgs_generate_messages_eus
[3.571s] [  0%] Built target tf2_msgs_generate_messages_nodejs
[3.571s] [  0%] Built target autoware_lanelet2_msgs_generate_messages_cpp
[3.576s] [  0%] Built target vector_map_msgs_generate_messages_cpp
[3.577s] [  0%] Built target vector_map_msgs_generate_messages_lisp
[3.583s] [  0%] Built target autoware_lanelet2_msgs_generate_messages_eus
[3.584s] [  0%] Built target bond_generate_messages_eus
[3.585s] [  0%] Built target bond_generate_messages_py
[3.590s] [  0%] Built target actionlib_generate_messages_cpp
[3.590s] [  0%] Built target dynamic_reconfigure_generate_messages_nodejs
[3.594s] [  0%] Built target tf_generate_messages_eus
[3.602s] [  0%] Built target bond_generate_messages_nodejs
[3.602s] [  0%] Built target visualization_msgs_generate_messages_nodejs
[3.605s] [ 11%] Built target object_map_utils_lib
[3.605s] [ 11%] Built target vector_map_msgs_generate_messages_py
[3.608s] [ 22%] Built target laserscan2costmap
[3.611s] [ 22%] Built target dynamic_reconfigure_generate_messages_lisp
[3.619s] [ 22%] Built target actionlib_generate_messages_py
[3.619s] [ 22%] Built target dynamic_reconfigure_generate_messages_cpp
[3.642s] [ 22%] Built target rosgraph_msgs_generate_messages_eus
[3.643s] [ 22%] Built target tf_generate_messages_nodejs
[3.643s] [ 22%] Built target tf_generate_messages_py
[3.643s] [ 22%] Built target geometry_msgs_generate_messages_py
[3.643s] [ 22%] Built target std_msgs_generate_messages_py
[3.643s] [ 22%] Built target roscpp_generate_messages_cpp
[3.643s] [ 22%] Built target autoware_msgs_generate_messages_py
[3.643s] [ 22%] Built target tf_generate_messages_lisp
[3.656s] [ 22%] Built target std_msgs_generate_messages_nodejs
[3.656s] [ 22%] Built target jsk_recognition_msgs_generate_messages_lisp
[3.656s] [ 22%] Built target sensor_msgs_generate_messages_cpp
[3.656s] [ 22%] Built target jsk_recognition_msgs_generate_messages_eus
[3.656s] [ 22%] Built target sensor_msgs_generate_messages_nodejs
[3.656s] [ 22%] Built target autoware_msgs_generate_messages_cpp
[3.656s] [ 22%] Built target std_msgs_generate_messages_lisp
[3.659s] [ 22%] Built target nodelet_generate_messages_lisp
[3.661s] [ 22%] Built target topic_tools_generate_messages_cpp
[3.662s] [ 22%] Built target pcl_msgs_generate_messages_eus
[3.663s] [ 22%] Built target rosgraph_msgs_generate_messages_cpp
[3.664s] [ 22%] Built target jsk_recognition_msgs_generate_messages_py
[3.664s] [ 22%] Built target pcl_msgs_generate_messages_py
[3.664s] [ 22%] Built target geometry_msgs_generate_messages_nodejs
[3.669s] [ 22%] Built target nav_msgs_generate_messages_nodejs
[3.671s] [ 22%] Built target nodelet_generate_messages_py
[3.672s] [ 22%] Built target sensor_msgs_generate_messages_py
[3.677s] [ 22%] Built target jsk_footstep_msgs_generate_messages_py
[3.679s] [ 22%] Built target geometry_msgs_generate_messages_eus
[3.688s] [ 22%] Built target geometry_msgs_generate_messages_lisp
[3.690s] [ 22%] Built target pcl_msgs_generate_messages_cpp
[3.691s] [ 22%] Built target actionlib_generate_messages_lisp
[3.691s] [ 22%] Built target sensor_msgs_generate_messages_eus
[3.698s] [ 22%] Built target std_msgs_generate_messages_cpp
[3.703s] [ 22%] Built target actionlib_generate_messages_eus
[3.704s] [ 22%] Built target jsk_footstep_msgs_generate_messages_lisp
[3.704s] [ 22%] Built target visualization_msgs_generate_messages_lisp
[3.707s] [ 22%] Built target roscpp_generate_messages_nodejs
[3.710s] [ 22%] Built target geometry_msgs_generate_messages_cpp
[3.712s] [ 22%] Built target autoware_msgs_generate_messages_nodejs
[3.713s] [ 22%] Built target autoware_msgs_generate_messages_lisp
[3.714s] [ 22%] Built target std_msgs_generate_messages_eus
[3.715s] [ 22%] Built target jsk_footstep_msgs_generate_messages_eus
[3.716s] [ 22%] Built target autoware_msgs_generate_messages_eus
[3.720s] [ 22%] Built target grid_map_msgs_generate_messages_lisp
[3.721s] [ 22%] Built target jsk_recognition_msgs_generate_messages_nodejs
[3.722s] [ 22%] Built target topic_tools_generate_messages_eus
[3.722s] [ 22%] Built target tf2_msgs_generate_messages_eus
[3.729s] [ 22%] Built target grid_map_msgs_generate_messages_eus
[3.730s] [ 22%] Built target visualization_msgs_generate_messages_cpp
[3.732s] [ 22%] Built target jsk_footstep_msgs_generate_messages_nodejs
[3.733s] [ 22%] Built target nav_msgs_generate_messages_eus
[3.736s] [ 22%] Built target roscpp_generate_messages_lisp
[3.737s] [ 22%] Built target autoware_lanelet2_msgs_generate_messages_py
[3.741s] [ 22%] Built target rosgraph_msgs_generate_messages_nodejs
[3.743s] [ 22%] Built target actionlib_msgs_generate_messages_eus
[3.745s] [ 22%] Built target actionlib_msgs_generate_messages_py
[3.748s] [ 22%] Built target autoware_lanelet2_msgs_generate_messages_nodejs
[3.749s] [ 22%] Built target std_srvs_generate_messages_eus
[3.752s] [ 22%] Built target actionlib_msgs_generate_messages_lisp
[3.761s] [ 22%] Built target grid_map_msgs_generate_messages_nodejs
[3.761s] [ 22%] Built target std_srvs_generate_messages_cpp
[3.762s] [ 22%] Built target roscpp_generate_messages_py
[3.763s] [ 22%] Built target grid_map_msgs_generate_messages_cpp
[3.767s] [ 22%] Built target rosgraph_msgs_generate_messages_py
[3.767s] [ 22%] Built target rosgraph_msgs_generate_messages_lisp
[3.776s] [ 22%] Built target roscpp_generate_messages_eus
[3.778s] [ 22%] Built target nav_msgs_generate_messages_py
[3.781s] [ 22%] Built target dynamic_reconfigure_gencfg
[3.784s] [ 22%] Built target std_srvs_generate_messages_lisp
[3.784s] [ 22%] Built target pcl_msgs_generate_messages_nodejs
[3.786s] [ 22%] Built target grid_map_msgs_generate_messages_py
[3.788s] [ 22%] Built target nav_msgs_generate_messages_cpp
[3.791s] [ 22%] Built target sensor_msgs_generate_messages_lisp
[3.799s] [ 22%] Built target tf_generate_messages_cpp
[3.799s] [ 22%] Built target nav_msgs_generate_messages_lisp
[3.800s] [ 22%] Built target topic_tools_generate_messages_lisp
[3.803s] [ 22%] Built target std_srvs_generate_messages_nodejs
[3.803s] [ 22%] Built target tf2_msgs_generate_messages_lisp
[3.809s] [ 22%] Built target std_srvs_generate_messages_py
[3.813s] [ 22%] Built target pcl_msgs_generate_messages_lisp
[3.816s] [ 22%] Built target jsk_footstep_msgs_generate_messages_cpp
[3.816s] [ 22%] Built target _catkin_empty_exported_target
[3.816s] [ 22%] Built target topic_tools_generate_messages_py
[3.822s] [ 22%] Built target actionlib_msgs_generate_messages_nodejs
[3.828s] [ 22%] Built target actionlib_generate_messages_nodejs
[3.829s] [ 22%] Built target actionlib_msgs_generate_messages_cpp
[3.830s] [ 22%] Built target nodelet_topic_tools_gencfg
[3.840s] [ 22%] Built target topic_tools_generate_messages_nodejs
[3.847s] [ 22%] Built target jsk_recognition_msgs_generate_messages_cpp
[3.862s] [ 33%] Built target grid_map_filter_lib
[3.871s] [ 44%] Built target wayarea2grid_lanelet2_lib
[3.914s] [ 55%] Built target wayarea2grid_lib
[3.932s] [ 66%] Built target potential_field
[3.940s] [ 77%] Built target grid_map_filter
[3.952s] [ 88%] Built target wayarea2grid_lanelet2
[3.993s] [100%] Built target wayarea2grid
[4.036s] Install the project...
[4.037s] -- Install configuration: "Release"
[4.037s] -- Up-to-date: /home/autoware/Autoware/install/object_map/lib/pkgconfig/object_map.pc
[4.037s] -- Up-to-date: /home/autoware/Autoware/install/object_map/share/object_map/cmake/object_mapConfig.cmake
[4.039s] -- Up-to-date: /home/autoware/Autoware/install/object_map/share/object_map/cmake/object_mapConfig-version.cmake
[4.039s] -- Up-to-date: /home/autoware/Autoware/install/object_map/share/object_map/package.xml
[4.041s] -- Up-to-date: /home/autoware/Autoware/install/object_map/lib/object_map/wayarea2grid
[4.041s] -- Up-to-date: /home/autoware/Autoware/install/object_map/lib/libwayarea2grid_lib.so
[4.042s] -- Up-to-date: /home/autoware/Autoware/install/object_map/lib/object_map/wayarea2grid_lanelet2
[4.043s] -- Up-to-date: /home/autoware/Autoware/install/object_map/lib/libwayarea2grid_lanelet2_lib.so
[4.047s] -- Up-to-date: /home/autoware/Autoware/install/object_map/lib/libgrid_map_filter_lib.so
[4.048s] -- Up-to-date: /home/autoware/Autoware/install/object_map/lib/object_map/grid_map_filter
[4.055s] -- Up-to-date: /home/autoware/Autoware/install/object_map/lib/object_map/potential_field
[4.056s] -- Up-to-date: /home/autoware/Autoware/install/object_map/lib/object_map/laserscan2costmap
[4.063s] -- Up-to-date: /home/autoware/Autoware/install/object_map/lib/libobject_map_utils_lib.so
[4.063s] -- Up-to-date: /home/autoware/Autoware/install/object_map/share/object_map/launch
[4.064s] -- Up-to-date: /home/autoware/Autoware/install/object_map/share/object_map/launch/potential_field.launch
[4.066s] -- Up-to-date: /home/autoware/Autoware/install/object_map/share/object_map/launch/wayarea2grid.launch
[4.066s] -- Up-to-date: /home/autoware/Autoware/install/object_map/share/object_map/launch/laserscan2costmap.launch
[4.066s] -- Up-to-date: /home/autoware/Autoware/install/object_map/share/object_map/launch/grid_map_filter.launch
[4.069s] -- Up-to-date: /home/autoware/Autoware/install/object_map/share/object_map/launch/wayarea2grid_option.launch
[4.069s] -- Up-to-date: /home/autoware/Autoware/install/object_map/share/object_map/launch/wayarea2grid_lanelet2.launch
[4.069s] -- Up-to-date: /home/autoware/Autoware/install/object_map/include/object_map
[4.069s] -- Up-to-date: /home/autoware/Autoware/install/object_map/include/object_map/object_map_utils.hpp
[4.069s] -- Up-to-date: /home/autoware/Autoware/install/object_map/share/object_map/config
[4.069s] -- Up-to-date: /home/autoware/Autoware/install/object_map/share/object_map/config/potential.yaml
[4.070s] -- Up-to-date: /home/autoware/Autoware/install/object_map/share/object_map/config/grid_map_filter.yaml
[4.112s] Invoked command in '/home/autoware/Autoware/build/object_map' returned '0': CMAKE_PREFIX_PATH=/home/autoware/Autoware/install/lanelet2_extension:/home/autoware/Autoware/install/vector_map:/home/autoware/Autoware/install/amathutils_lib:/home/autoware/Autoware/install/vector_map_msgs:/home/autoware/Autoware/install/autoware_msgs:/home/autoware/Autoware/install/autoware_lanelet2_msgs:/home/autoware/Autoware/install/autoware_build_flags:${CMAKE_PREFIX_PATH} LD_LIBRARY_PATH=/home/autoware/Autoware/install/lanelet2_extension/lib:/home/autoware/Autoware/install/vector_map/lib:/home/autoware/Autoware/install/amathutils_lib/lib:${LD_LIBRARY_PATH} PKG_CONFIG_PATH=/home/autoware/Autoware/install/lanelet2_extension/lib/x86_64-linux-gnu/pkgconfig:/home/autoware/Autoware/install/lanelet2_extension/lib/pkgconfig:/home/autoware/Autoware/install/vector_map/lib/x86_64-linux-gnu/pkgconfig:/home/autoware/Autoware/install/vector_map/lib/pkgconfig:/home/autoware/Autoware/install/amathutils_lib/lib/x86_64-linux-gnu/pkgconfig:/home/autoware/Autoware/install/amathutils_lib/lib/pkgconfig:/home/autoware/Autoware/install/vector_map_msgs/lib/x86_64-linux-gnu/pkgconfig:/home/autoware/Autoware/install/vector_map_msgs/lib/pkgconfig:/home/autoware/Autoware/install/autoware_msgs/lib/x86_64-linux-gnu/pkgconfig:/home/autoware/Autoware/install/autoware_msgs/lib/pkgconfig:/home/autoware/Autoware/install/autoware_lanelet2_msgs/lib/x86_64-linux-gnu/pkgconfig:/home/autoware/Autoware/install/autoware_lanelet2_msgs/lib/pkgconfig:/home/autoware/Autoware/install/autoware_build_flags/lib/x86_64-linux-gnu/pkgconfig:/home/autoware/Autoware/install/autoware_build_flags/lib/pkgconfig:${PKG_CONFIG_PATH} PYTHONPATH=/home/autoware/Autoware/install/vector_map_msgs/lib/python2.7/dist-packages:/home/autoware/Autoware/install/autoware_msgs/lib/python2.7/dist-packages:/home/autoware/Autoware/install/autoware_lanelet2_msgs/lib/python2.7/dist-packages:${PYTHONPATH} ROS_PACKAGE_PATH=/home/autoware/Autoware/install/lanelet2_extension/share:/home/autoware/Autoware/install/vector_map/share:/home/autoware/Autoware/install/amathutils_lib/share:/home/autoware/Autoware/install/vector_map_msgs/share:/home/autoware/Autoware/install/autoware_msgs/share:/home/autoware/Autoware/install/autoware_lanelet2_msgs/share:/home/autoware/Autoware/install/autoware_build_flags/share:${ROS_PACKAGE_PATH} /usr/bin/cmake --build /home/autoware/Autoware/build/object_map --target install -- -j32 -l32
