[0.234s] Invoking command in '/home/autoware/Autoware/build/autoware_can_msgs': /usr/bin/cmake --build /home/autoware/Autoware/build/autoware_can_msgs -- -j32 -l32
[0.808s] [  0%] Built target std_msgs_generate_messages_py
[0.808s] [  0%] Built target std_msgs_generate_messages_nodejs
[0.808s] [  0%] Built target std_msgs_generate_messages_cpp
[0.808s] [  0%] Built target std_msgs_generate_messages_lisp
[0.808s] [  0%] Built target _autoware_can_msgs_generate_messages_check_deps_CANInfo
[0.808s] [  0%] Built target std_msgs_generate_messages_eus
[0.808s] [  0%] Built target _autoware_can_msgs_generate_messages_check_deps_CANData
[0.809s] [  0%] Built target _autoware_can_msgs_generate_messages_check_deps_CANPacket
[0.902s] [ 17%] Built target autoware_can_msgs_generate_messages_lisp
[0.902s] [ 35%] Built target autoware_can_msgs_generate_messages_nodejs
[0.902s] [ 58%] Built target autoware_can_msgs_generate_messages_py
[0.902s] [ 76%] Built target autoware_can_msgs_generate_messages_cpp
[0.904s] [100%] Built target autoware_can_msgs_generate_messages_eus
[0.905s] [100%] Built target autoware_can_msgs_generate_messages
[0.963s] Invoked command in '/home/autoware/Autoware/build/autoware_can_msgs' returned '0': /usr/bin/cmake --build /home/autoware/Autoware/build/autoware_can_msgs -- -j32 -l32
[1.086s] Invoking command in '/home/autoware/Autoware/build/autoware_can_msgs': /usr/bin/cmake --build /home/autoware/Autoware/build/autoware_can_msgs --target tests -- -j32 -l32
[1.183s] Built target tests
[1.244s] Invoked command in '/home/autoware/Autoware/build/autoware_can_msgs' returned '0': /usr/bin/cmake --build /home/autoware/Autoware/build/autoware_can_msgs --target tests -- -j32 -l32
[1.377s] Invoking command in '/home/autoware/Autoware/build/autoware_can_msgs': /usr/bin/cmake --build /home/autoware/Autoware/build/autoware_can_msgs --target install -- -j32 -l32
[1.677s] [  0%] Built target std_msgs_generate_messages_py
[1.677s] [  0%] Built target std_msgs_generate_messages_eus
[1.678s] [  0%] Built target std_msgs_generate_messages_lisp
[1.679s] [  0%] Built target std_msgs_generate_messages_cpp
[1.679s] [  0%] Built target std_msgs_generate_messages_nodejs
[1.679s] [  0%] Built target _autoware_can_msgs_generate_messages_check_deps_CANData
[1.679s] [  0%] Built target _autoware_can_msgs_generate_messages_check_deps_CANPacket
[1.679s] [  0%] Built target _autoware_can_msgs_generate_messages_check_deps_CANInfo
[1.679s] [ 23%] Built target autoware_can_msgs_generate_messages_py
[1.681s] [ 41%] Built target autoware_can_msgs_generate_messages_cpp
[1.681s] [ 58%] Built target autoware_can_msgs_generate_messages_nodejs
[1.682s] [ 82%] Built target autoware_can_msgs_generate_messages_eus
[1.682s] [100%] Built target autoware_can_msgs_generate_messages_lisp
[1.764s] [100%] Built target autoware_can_msgs_generate_messages
[1.765s] Install the project...
[1.765s] -- Install configuration: "Release"
[1.765s] -- Up-to-date: /home/autoware/Autoware/install/autoware_can_msgs/share/autoware_can_msgs/msg/CANData.msg
[1.765s] -- Up-to-date: /home/autoware/Autoware/install/autoware_can_msgs/share/autoware_can_msgs/msg/CANInfo.msg
[1.765s] -- Up-to-date: /home/autoware/Autoware/install/autoware_can_msgs/share/autoware_can_msgs/msg/CANPacket.msg
[1.765s] -- Up-to-date: /home/autoware/Autoware/install/autoware_can_msgs/share/autoware_can_msgs/cmake/autoware_can_msgs-msg-paths.cmake
[1.765s] -- Up-to-date: /home/autoware/Autoware/install/autoware_can_msgs/include/autoware_can_msgs
[1.765s] -- Up-to-date: /home/autoware/Autoware/install/autoware_can_msgs/include/autoware_can_msgs/CANInfo.h
[1.765s] -- Up-to-date: /home/autoware/Autoware/install/autoware_can_msgs/include/autoware_can_msgs/CANData.h
[1.765s] -- Up-to-date: /home/autoware/Autoware/install/autoware_can_msgs/include/autoware_can_msgs/CANPacket.h
[1.765s] -- Up-to-date: /home/autoware/Autoware/install/autoware_can_msgs/share/roseus/ros/autoware_can_msgs
[1.765s] -- Up-to-date: /home/autoware/Autoware/install/autoware_can_msgs/share/roseus/ros/autoware_can_msgs/manifest.l
[1.765s] -- Up-to-date: /home/autoware/Autoware/install/autoware_can_msgs/share/roseus/ros/autoware_can_msgs/msg
[1.765s] -- Up-to-date: /home/autoware/Autoware/install/autoware_can_msgs/share/roseus/ros/autoware_can_msgs/msg/CANInfo.l
[1.766s] -- Up-to-date: /home/autoware/Autoware/install/autoware_can_msgs/share/roseus/ros/autoware_can_msgs/msg/CANData.l
[1.766s] -- Up-to-date: /home/autoware/Autoware/install/autoware_can_msgs/share/roseus/ros/autoware_can_msgs/msg/CANPacket.l
[1.766s] -- Up-to-date: /home/autoware/Autoware/install/autoware_can_msgs/share/common-lisp/ros/autoware_can_msgs
[1.766s] -- Up-to-date: /home/autoware/Autoware/install/autoware_can_msgs/share/common-lisp/ros/autoware_can_msgs/msg
[1.766s] -- Up-to-date: /home/autoware/Autoware/install/autoware_can_msgs/share/common-lisp/ros/autoware_can_msgs/msg/_package.lisp
[1.766s] -- Up-to-date: /home/autoware/Autoware/install/autoware_can_msgs/share/common-lisp/ros/autoware_can_msgs/msg/_package_CANPacket.lisp
[1.766s] -- Up-to-date: /home/autoware/Autoware/install/autoware_can_msgs/share/common-lisp/ros/autoware_can_msgs/msg/CANPacket.lisp
[1.766s] -- Up-to-date: /home/autoware/Autoware/install/autoware_can_msgs/share/common-lisp/ros/autoware_can_msgs/msg/_package_CANInfo.lisp
[1.766s] -- Up-to-date: /home/autoware/Autoware/install/autoware_can_msgs/share/common-lisp/ros/autoware_can_msgs/msg/CANInfo.lisp
[1.766s] -- Up-to-date: /home/autoware/Autoware/install/autoware_can_msgs/share/common-lisp/ros/autoware_can_msgs/msg/_package_CANData.lisp
[1.766s] -- Up-to-date: /home/autoware/Autoware/install/autoware_can_msgs/share/common-lisp/ros/autoware_can_msgs/msg/autoware_can_msgs-msg.asd
[1.766s] -- Up-to-date: /home/autoware/Autoware/install/autoware_can_msgs/share/common-lisp/ros/autoware_can_msgs/msg/CANData.lisp
[1.768s] -- Up-to-date: /home/autoware/Autoware/install/autoware_can_msgs/share/gennodejs/ros/autoware_can_msgs
[1.768s] -- Up-to-date: /home/autoware/Autoware/install/autoware_can_msgs/share/gennodejs/ros/autoware_can_msgs/msg
[1.768s] -- Up-to-date: /home/autoware/Autoware/install/autoware_can_msgs/share/gennodejs/ros/autoware_can_msgs/msg/CANData.js
[1.768s] -- Up-to-date: /home/autoware/Autoware/install/autoware_can_msgs/share/gennodejs/ros/autoware_can_msgs/msg/CANPacket.js
[1.768s] -- Up-to-date: /home/autoware/Autoware/install/autoware_can_msgs/share/gennodejs/ros/autoware_can_msgs/msg/CANInfo.js
[1.769s] -- Up-to-date: /home/autoware/Autoware/install/autoware_can_msgs/share/gennodejs/ros/autoware_can_msgs/msg/_index.js
[1.769s] -- Up-to-date: /home/autoware/Autoware/install/autoware_can_msgs/share/gennodejs/ros/autoware_can_msgs/_index.js
[1.769s] Listing /home/autoware/Autoware/build/autoware_can_msgs/devel/lib/python2.7/dist-packages/autoware_can_msgs ...
[1.769s] Listing /home/autoware/Autoware/build/autoware_can_msgs/devel/lib/python2.7/dist-packages/autoware_can_msgs/msg ...
[1.769s] -- Up-to-date: /home/autoware/Autoware/install/autoware_can_msgs/lib/python2.7/dist-packages/autoware_can_msgs
[1.769s] -- Up-to-date: /home/autoware/Autoware/install/autoware_can_msgs/lib/python2.7/dist-packages/autoware_can_msgs/__init__.py
[1.770s] -- Up-to-date: /home/autoware/Autoware/install/autoware_can_msgs/lib/python2.7/dist-packages/autoware_can_msgs/msg
[1.771s] -- Up-to-date: /home/autoware/Autoware/install/autoware_can_msgs/lib/python2.7/dist-packages/autoware_can_msgs/msg/__init__.py
[1.771s] -- Up-to-date: /home/autoware/Autoware/install/autoware_can_msgs/lib/python2.7/dist-packages/autoware_can_msgs/msg/_CANData.py
[1.771s] -- Up-to-date: /home/autoware/Autoware/install/autoware_can_msgs/lib/python2.7/dist-packages/autoware_can_msgs/msg/_CANData.pyc
[1.772s] -- Up-to-date: /home/autoware/Autoware/install/autoware_can_msgs/lib/python2.7/dist-packages/autoware_can_msgs/msg/_CANPacket.pyc
[1.772s] -- Up-to-date: /home/autoware/Autoware/install/autoware_can_msgs/lib/python2.7/dist-packages/autoware_can_msgs/msg/__init__.pyc
[1.772s] -- Up-to-date: /home/autoware/Autoware/install/autoware_can_msgs/lib/python2.7/dist-packages/autoware_can_msgs/msg/_CANInfo.pyc
[1.773s] -- Up-to-date: /home/autoware/Autoware/install/autoware_can_msgs/lib/python2.7/dist-packages/autoware_can_msgs/msg/_CANInfo.py
[1.773s] -- Up-to-date: /home/autoware/Autoware/install/autoware_can_msgs/lib/python2.7/dist-packages/autoware_can_msgs/msg/_CANPacket.py
[1.773s] -- Up-to-date: /home/autoware/Autoware/install/autoware_can_msgs/lib/python2.7/dist-packages/autoware_can_msgs/__init__.pyc
[1.774s] -- Up-to-date: /home/autoware/Autoware/install/autoware_can_msgs/lib/pkgconfig/autoware_can_msgs.pc
[1.775s] -- Up-to-date: /home/autoware/Autoware/install/autoware_can_msgs/share/autoware_can_msgs/cmake/autoware_can_msgs-msg-extras.cmake
[1.776s] -- Up-to-date: /home/autoware/Autoware/install/autoware_can_msgs/share/autoware_can_msgs/cmake/autoware_can_msgsConfig.cmake
[1.776s] -- Up-to-date: /home/autoware/Autoware/install/autoware_can_msgs/share/autoware_can_msgs/cmake/autoware_can_msgsConfig-version.cmake
[1.776s] -- Up-to-date: /home/autoware/Autoware/install/autoware_can_msgs/share/autoware_can_msgs/package.xml
[2.081s] Invoked command in '/home/autoware/Autoware/build/autoware_can_msgs' returned '0': /usr/bin/cmake --build /home/autoware/Autoware/build/autoware_can_msgs --target install -- -j32 -l32
