Determining if the pthread_create exist failed with the following output:
Change Dir: /home/autoware/Autoware/build/waypoint_maker/CMakeFiles/CMakeTmp

Run Build Command:"/usr/bin/make" "cmTC_fbefa/fast"
/usr/bin/make -f CMakeFiles/cmTC_fbefa.dir/build.make CMakeFiles/cmTC_fbefa.dir/build
make[1]: Entering directory '/home/autoware/Autoware/build/waypoint_maker/CMakeFiles/CMakeTmp'
Building C object CMakeFiles/cmTC_fbefa.dir/CheckSymbolExists.c.o
/usr/bin/cc    -o CMakeFiles/cmTC_fbefa.dir/CheckSymbolExists.c.o   -c /home/autoware/Autoware/build/waypoint_maker/CMakeFiles/CMakeTmp/CheckSymbolExists.c
Linking C executable cmTC_fbefa
/usr/bin/cmake -E cmake_link_script CMakeFiles/cmTC_fbefa.dir/link.txt --verbose=1
/usr/bin/cc      -rdynamic CMakeFiles/cmTC_fbefa.dir/CheckSymbolExists.c.o  -o cmTC_fbefa 
CMakeFiles/cmTC_fbefa.dir/CheckSymbolExists.c.o: In function `main':
CheckSymbolExists.c:(.text+0x1b): undefined reference to `pthread_create'
collect2: error: ld returned 1 exit status
CMakeFiles/cmTC_fbefa.dir/build.make:97: recipe for target 'cmTC_fbefa' failed
make[1]: *** [cmTC_fbefa] Error 1
make[1]: Leaving directory '/home/autoware/Autoware/build/waypoint_maker/CMakeFiles/CMakeTmp'
Makefile:126: recipe for target 'cmTC_fbefa/fast' failed
make: *** [cmTC_fbefa/fast] Error 2

File /home/autoware/Autoware/build/waypoint_maker/CMakeFiles/CMakeTmp/CheckSymbolExists.c:
/* */
#include <pthread.h>

int main(int argc, char** argv)
{
  (void)argv;
#ifndef pthread_create
  return ((int*)(&pthread_create))[argc];
#else
  (void)argc;
  return 0;
#endif
}

Determining if the function pthread_create exists in the pthreads failed with the following output:
Change Dir: /home/autoware/Autoware/build/waypoint_maker/CMakeFiles/CMakeTmp

Run Build Command:"/usr/bin/make" "cmTC_98764/fast"
/usr/bin/make -f CMakeFiles/cmTC_98764.dir/build.make CMakeFiles/cmTC_98764.dir/build
make[1]: Entering directory '/home/autoware/Autoware/build/waypoint_maker/CMakeFiles/CMakeTmp'
Building C object CMakeFiles/cmTC_98764.dir/CheckFunctionExists.c.o
/usr/bin/cc   -DCHECK_FUNCTION_EXISTS=pthread_create   -o CMakeFiles/cmTC_98764.dir/CheckFunctionExists.c.o   -c /usr/share/cmake-3.10/Modules/CheckFunctionExists.c
Linking C executable cmTC_98764
/usr/bin/cmake -E cmake_link_script CMakeFiles/cmTC_98764.dir/link.txt --verbose=1
/usr/bin/cc  -DCHECK_FUNCTION_EXISTS=pthread_create    -rdynamic CMakeFiles/cmTC_98764.dir/CheckFunctionExists.c.o  -o cmTC_98764 -lpthreads 
/usr/bin/ld: cannot find -lpthreads
collect2: error: ld returned 1 exit status
CMakeFiles/cmTC_98764.dir/build.make:97: recipe for target 'cmTC_98764' failed
make[1]: *** [cmTC_98764] Error 1
make[1]: Leaving directory '/home/autoware/Autoware/build/waypoint_maker/CMakeFiles/CMakeTmp'
Makefile:126: recipe for target 'cmTC_98764/fast' failed
make: *** [cmTC_98764/fast] Error 2


