[0.456s] Invoking command in '/home/autoware/Autoware/build/points2image': CMAKE_PREFIX_PATH=/home/autoware/Autoware/install/rosinterface:/home/autoware/Autoware/install/fastvirtualscan:/home/autoware/Autoware/install/autoware_msgs:/home/autoware/Autoware/install/autoware_build_flags:${CMAKE_PREFIX_PATH} LD_LIBRARY_PATH=/home/autoware/Autoware/install/rosinterface/lib:/home/autoware/Autoware/install/fastvirtualscan/lib:${LD_LIBRARY_PATH} PKG_CONFIG_PATH=/home/autoware/Autoware/install/rosinterface/lib/x86_64-linux-gnu/pkgconfig:/home/autoware/Autoware/install/rosinterface/lib/pkgconfig:/home/autoware/Autoware/install/fastvirtualscan/lib/x86_64-linux-gnu/pkgconfig:/home/autoware/Autoware/install/fastvirtualscan/lib/pkgconfig:/home/autoware/Autoware/install/autoware_msgs/lib/x86_64-linux-gnu/pkgconfig:/home/autoware/Autoware/install/autoware_msgs/lib/pkgconfig:/home/autoware/Autoware/install/autoware_build_flags/lib/x86_64-linux-gnu/pkgconfig:/home/autoware/Autoware/install/autoware_build_flags/lib/pkgconfig:${PKG_CONFIG_PATH} PYTHONPATH=/home/autoware/Autoware/install/autoware_msgs/lib/python2.7/dist-packages:${PYTHONPATH} ROS_PACKAGE_PATH=/home/autoware/Autoware/install/rosinterface/share:/home/autoware/Autoware/install/fastvirtualscan/share:/home/autoware/Autoware/install/autoware_msgs/share:/home/autoware/Autoware/install/autoware_build_flags/share:${ROS_PACKAGE_PATH} /usr/bin/cmake --build /home/autoware/Autoware/build/points2image -- -j32 -l32
[0.738s] [  0%] Built target tf2_msgs_generate_messages_cpp
[0.738s] [  0%] Built target sensor_msgs_generate_messages_eus
[0.738s] [  0%] Built target std_msgs_generate_messages_py
[0.738s] [  0%] Built target std_msgs_generate_messages_nodejs
[0.738s] [  0%] Built target rosgraph_msgs_generate_messages_cpp
[0.738s] [  0%] Built target tf_generate_messages_lisp
[0.738s] [  0%] Built target tf_generate_messages_nodejs
[0.739s] [  0%] Built target nodelet_generate_messages_nodejs
[0.739s] [  0%] Built target topic_tools_generate_messages_nodejs
[0.739s] [  0%] Built target geometry_msgs_generate_messages_py
[0.739s] [  0%] Built target std_srvs_generate_messages_py
[0.739s] [  0%] Built target dynamic_reconfigure_generate_messages_cpp
[0.739s] [  0%] Built target jsk_recognition_msgs_generate_messages_lisp
[0.739s] [  0%] Built target rosgraph_msgs_generate_messages_eus
[0.739s] [  0%] Built target pcl_msgs_generate_messages_eus
[0.739s] [  0%] Built target topic_tools_generate_messages_cpp
[0.739s] [  0%] Built target std_srvs_generate_messages_lisp
[0.739s] [  0%] Built target sensor_msgs_generate_messages_nodejs
[0.740s] [  0%] Built target jsk_recognition_msgs_generate_messages_eus
[0.740s] [  0%] Built target autoware_msgs_generate_messages_cpp
[0.766s] [  0%] Built target tf_generate_messages_py
[0.766s] [  0%] Built target actionlib_generate_messages_py
[0.766s] [  0%] Built target topic_tools_generate_messages_eus
[0.766s] [  0%] Built target bond_generate_messages_lisp
[0.766s] [  0%] Built target pcl_msgs_generate_messages_nodejs
[0.766s] [  0%] Built target tf2_msgs_generate_messages_nodejs
[0.766s] [  0%] Built target roscpp_generate_messages_cpp
[0.766s] [  0%] Built target actionlib_generate_messages_cpp
[0.766s] [  0%] Built target tf2_msgs_generate_messages_eus
[0.766s] [  0%] Built target jsk_recognition_msgs_generate_messages_py
[0.766s] [  0%] Built target jsk_footstep_msgs_generate_messages_py
[0.767s] [  0%] Built target sensor_msgs_generate_messages_cpp
[0.767s] [  0%] Built target pcl_msgs_generate_messages_cpp
[0.767s] [  0%] Built target tf2_msgs_generate_messages_py
[0.767s] [  0%] Built target pcl_msgs_generate_messages_py
[0.767s] [  0%] Built target roscpp_generate_messages_nodejs
[0.767s] [  0%] Built target sensor_msgs_generate_messages_py
[0.851s] [  0%] Built target autoware_msgs_generate_messages_lisp
[0.852s] [  0%] Built target geometry_msgs_generate_messages_nodejs
[0.852s] [  0%] Built target geometry_msgs_generate_messages_eus
[0.888s] [  0%] Built target sensor_msgs_generate_messages_lisp
[0.888s] [  0%] Built target nodelet_generate_messages_lisp
[0.903s] [  0%] Built target actionlib_generate_messages_eus
[0.904s] [  0%] Built target std_msgs_generate_messages_eus
[0.904s] [  0%] Built target nodelet_generate_messages_py
[0.904s] [  0%] Built target actionlib_generate_messages_lisp
[0.904s] [  0%] Built target dynamic_reconfigure_generate_messages_lisp
[0.904s] [  0%] Built target std_msgs_generate_messages_cpp
[0.904s] [  0%] Built target topic_tools_generate_messages_lisp
[0.904s] [  0%] Built target geometry_msgs_generate_messages_lisp
[0.904s] [  0%] Built target jsk_footstep_msgs_generate_messages_cpp
[0.905s] [  0%] Built target autoware_msgs_generate_messages_py
[0.905s] [  0%] Built target jsk_footstep_msgs_generate_messages_eus
[0.905s] [  0%] Built target tf_generate_messages_cpp
[0.905s] [  0%] Built target autoware_msgs_generate_messages_eus
[0.905s] [  0%] Built target jsk_recognition_msgs_generate_messages_cpp
[0.905s] [  0%] Built target pcl_msgs_generate_messages_lisp
[1.015s] [  0%] Built target tf_generate_messages_eus
[1.015s] [  0%] Built target actionlib_msgs_generate_messages_cpp
[1.015s] [  0%] Built target jsk_footstep_msgs_generate_messages_lisp
[1.015s] [  0%] Built target geometry_msgs_generate_messages_cpp
[1.018s] [  0%] Built target roscpp_generate_messages_lisp
[1.018s] [  0%] Built target rosgraph_msgs_generate_messages_lisp
[1.018s] [  0%] Built target autoware_msgs_generate_messages_nodejs
[1.018s] [  0%] Built target jsk_footstep_msgs_generate_messages_nodejs
[1.018s] [  0%] Built target std_msgs_generate_messages_lisp
[1.018s] [  0%] Built target roscpp_generate_messages_eus
[1.018s] [  0%] Built target actionlib_msgs_generate_messages_lisp
[1.018s] [  0%] Built target actionlib_msgs_generate_messages_eus
[1.018s] [  0%] Built target nodelet_generate_messages_cpp
[1.018s] [  0%] Built target std_srvs_generate_messages_cpp
[1.019s] [  0%] Built target actionlib_generate_messages_nodejs
[1.082s] [  0%] Built target actionlib_msgs_generate_messages_py
[1.082s] [  0%] Built target jsk_recognition_msgs_generate_messages_nodejs
[1.082s] [  0%] Built target dynamic_reconfigure_generate_messages_eus
[1.082s] [  0%] Built target pcl_ros_gencfg
[1.083s] [  0%] Built target rosgraph_msgs_generate_messages_py
[1.083s] [  0%] Built target dynamic_reconfigure_generate_messages_py
[1.083s] [  0%] Built target _catkin_empty_exported_target
[1.123s] [  0%] Built target dynamic_reconfigure_gencfg
[1.123s] [  0%] Built target rosgraph_msgs_generate_messages_nodejs
[1.123s] [  0%] Built target nodelet_generate_messages_eus
[1.123s] [  0%] Built target actionlib_msgs_generate_messages_nodejs
[1.123s] [  0%] Built target bond_generate_messages_eus
[1.123s] [  0%] Built target roscpp_generate_messages_py
[1.123s] [  0%] Built target bond_generate_messages_cpp
[1.124s] [  0%] Built target bond_generate_messages_nodejs
[1.124s] [  0%] Built target dynamic_reconfigure_generate_messages_nodejs
[1.124s] [  0%] Built target nodelet_topic_tools_gencfg
[1.124s] [  0%] Built target bond_generate_messages_py
[1.124s] [  0%] Built target std_srvs_generate_messages_eus
[1.124s] [  0%] Built target tf2_msgs_generate_messages_lisp
[1.124s] [  0%] Built target topic_tools_generate_messages_py
[1.155s] [  4%] Automatic MOC for target vscan2linelist
[1.155s] [  4%] Built target std_srvs_generate_messages_nodejs
[1.276s] [  4%] Built target vscan2linelist_autogen
[1.276s] [  9%] Automatic MOC for target points_image
[1.306s] [ 22%] Built target vscan2linelist
[1.306s] [ 22%] Built target points_image_autogen
[1.353s] [ 36%] Built target points_image
[1.353s] [ 40%] Automatic MOC for target points2image
[1.353s] [ 45%] Automatic MOC for target vscan2image
[1.353s] [ 50%] Automatic MOC for target points2vscan
[1.402s] [ 50%] Built target points2image_autogen
[1.402s] [ 50%] Built target points2vscan_autogen
[1.402s] [ 50%] Built target vscan2image_autogen
[1.631s] [ 63%] Built target points2image
[1.631s] [ 77%] Built target vscan2image
[1.632s] [100%] Built target points2vscan
[1.763s] Invoked command in '/home/autoware/Autoware/build/points2image' returned '0': CMAKE_PREFIX_PATH=/home/autoware/Autoware/install/rosinterface:/home/autoware/Autoware/install/fastvirtualscan:/home/autoware/Autoware/install/autoware_msgs:/home/autoware/Autoware/install/autoware_build_flags:${CMAKE_PREFIX_PATH} LD_LIBRARY_PATH=/home/autoware/Autoware/install/rosinterface/lib:/home/autoware/Autoware/install/fastvirtualscan/lib:${LD_LIBRARY_PATH} PKG_CONFIG_PATH=/home/autoware/Autoware/install/rosinterface/lib/x86_64-linux-gnu/pkgconfig:/home/autoware/Autoware/install/rosinterface/lib/pkgconfig:/home/autoware/Autoware/install/fastvirtualscan/lib/x86_64-linux-gnu/pkgconfig:/home/autoware/Autoware/install/fastvirtualscan/lib/pkgconfig:/home/autoware/Autoware/install/autoware_msgs/lib/x86_64-linux-gnu/pkgconfig:/home/autoware/Autoware/install/autoware_msgs/lib/pkgconfig:/home/autoware/Autoware/install/autoware_build_flags/lib/x86_64-linux-gnu/pkgconfig:/home/autoware/Autoware/install/autoware_build_flags/lib/pkgconfig:${PKG_CONFIG_PATH} PYTHONPATH=/home/autoware/Autoware/install/autoware_msgs/lib/python2.7/dist-packages:${PYTHONPATH} ROS_PACKAGE_PATH=/home/autoware/Autoware/install/rosinterface/share:/home/autoware/Autoware/install/fastvirtualscan/share:/home/autoware/Autoware/install/autoware_msgs/share:/home/autoware/Autoware/install/autoware_build_flags/share:${ROS_PACKAGE_PATH} /usr/bin/cmake --build /home/autoware/Autoware/build/points2image -- -j32 -l32
[2.786s] Invoking command in '/home/autoware/Autoware/build/points2image': CMAKE_PREFIX_PATH=/home/autoware/Autoware/install/rosinterface:/home/autoware/Autoware/install/fastvirtualscan:/home/autoware/Autoware/install/autoware_msgs:/home/autoware/Autoware/install/autoware_build_flags:${CMAKE_PREFIX_PATH} LD_LIBRARY_PATH=/home/autoware/Autoware/install/rosinterface/lib:/home/autoware/Autoware/install/fastvirtualscan/lib:${LD_LIBRARY_PATH} PKG_CONFIG_PATH=/home/autoware/Autoware/install/rosinterface/lib/x86_64-linux-gnu/pkgconfig:/home/autoware/Autoware/install/rosinterface/lib/pkgconfig:/home/autoware/Autoware/install/fastvirtualscan/lib/x86_64-linux-gnu/pkgconfig:/home/autoware/Autoware/install/fastvirtualscan/lib/pkgconfig:/home/autoware/Autoware/install/autoware_msgs/lib/x86_64-linux-gnu/pkgconfig:/home/autoware/Autoware/install/autoware_msgs/lib/pkgconfig:/home/autoware/Autoware/install/autoware_build_flags/lib/x86_64-linux-gnu/pkgconfig:/home/autoware/Autoware/install/autoware_build_flags/lib/pkgconfig:${PKG_CONFIG_PATH} PYTHONPATH=/home/autoware/Autoware/install/autoware_msgs/lib/python2.7/dist-packages:${PYTHONPATH} ROS_PACKAGE_PATH=/home/autoware/Autoware/install/rosinterface/share:/home/autoware/Autoware/install/fastvirtualscan/share:/home/autoware/Autoware/install/autoware_msgs/share:/home/autoware/Autoware/install/autoware_build_flags/share:${ROS_PACKAGE_PATH} /usr/bin/cmake --build /home/autoware/Autoware/build/points2image --target tests -- -j32 -l32
[3.384s] Built target tests
[3.525s] Invoked command in '/home/autoware/Autoware/build/points2image' returned '0': CMAKE_PREFIX_PATH=/home/autoware/Autoware/install/rosinterface:/home/autoware/Autoware/install/fastvirtualscan:/home/autoware/Autoware/install/autoware_msgs:/home/autoware/Autoware/install/autoware_build_flags:${CMAKE_PREFIX_PATH} LD_LIBRARY_PATH=/home/autoware/Autoware/install/rosinterface/lib:/home/autoware/Autoware/install/fastvirtualscan/lib:${LD_LIBRARY_PATH} PKG_CONFIG_PATH=/home/autoware/Autoware/install/rosinterface/lib/x86_64-linux-gnu/pkgconfig:/home/autoware/Autoware/install/rosinterface/lib/pkgconfig:/home/autoware/Autoware/install/fastvirtualscan/lib/x86_64-linux-gnu/pkgconfig:/home/autoware/Autoware/install/fastvirtualscan/lib/pkgconfig:/home/autoware/Autoware/install/autoware_msgs/lib/x86_64-linux-gnu/pkgconfig:/home/autoware/Autoware/install/autoware_msgs/lib/pkgconfig:/home/autoware/Autoware/install/autoware_build_flags/lib/x86_64-linux-gnu/pkgconfig:/home/autoware/Autoware/install/autoware_build_flags/lib/pkgconfig:${PKG_CONFIG_PATH} PYTHONPATH=/home/autoware/Autoware/install/autoware_msgs/lib/python2.7/dist-packages:${PYTHONPATH} ROS_PACKAGE_PATH=/home/autoware/Autoware/install/rosinterface/share:/home/autoware/Autoware/install/fastvirtualscan/share:/home/autoware/Autoware/install/autoware_msgs/share:/home/autoware/Autoware/install/autoware_build_flags/share:${ROS_PACKAGE_PATH} /usr/bin/cmake --build /home/autoware/Autoware/build/points2image --target tests -- -j32 -l32
[4.423s] Invoking command in '/home/autoware/Autoware/build/points2image': CMAKE_PREFIX_PATH=/home/autoware/Autoware/install/rosinterface:/home/autoware/Autoware/install/fastvirtualscan:/home/autoware/Autoware/install/autoware_msgs:/home/autoware/Autoware/install/autoware_build_flags:${CMAKE_PREFIX_PATH} LD_LIBRARY_PATH=/home/autoware/Autoware/install/rosinterface/lib:/home/autoware/Autoware/install/fastvirtualscan/lib:${LD_LIBRARY_PATH} PKG_CONFIG_PATH=/home/autoware/Autoware/install/rosinterface/lib/x86_64-linux-gnu/pkgconfig:/home/autoware/Autoware/install/rosinterface/lib/pkgconfig:/home/autoware/Autoware/install/fastvirtualscan/lib/x86_64-linux-gnu/pkgconfig:/home/autoware/Autoware/install/fastvirtualscan/lib/pkgconfig:/home/autoware/Autoware/install/autoware_msgs/lib/x86_64-linux-gnu/pkgconfig:/home/autoware/Autoware/install/autoware_msgs/lib/pkgconfig:/home/autoware/Autoware/install/autoware_build_flags/lib/x86_64-linux-gnu/pkgconfig:/home/autoware/Autoware/install/autoware_build_flags/lib/pkgconfig:${PKG_CONFIG_PATH} PYTHONPATH=/home/autoware/Autoware/install/autoware_msgs/lib/python2.7/dist-packages:${PYTHONPATH} ROS_PACKAGE_PATH=/home/autoware/Autoware/install/rosinterface/share:/home/autoware/Autoware/install/fastvirtualscan/share:/home/autoware/Autoware/install/autoware_msgs/share:/home/autoware/Autoware/install/autoware_build_flags/share:${ROS_PACKAGE_PATH} /usr/bin/cmake --build /home/autoware/Autoware/build/points2image --target install -- -j32 -l32
[4.682s] [  0%] Built target tf2_msgs_generate_messages_cpp
[4.685s] [  0%] Built target std_srvs_generate_messages_lisp
[4.685s] [  0%] Built target tf2_msgs_generate_messages_py
[4.757s] [  0%] Built target bond_generate_messages_lisp
[4.758s] [  0%] Built target actionlib_generate_messages_cpp
[4.758s] [  0%] Built target jsk_recognition_msgs_generate_messages_lisp
[4.758s] [  0%] Built target tf_generate_messages_nodejs
[4.758s] [  0%] Built target pcl_msgs_generate_messages_eus
[4.758s] [  0%] Built target pcl_msgs_generate_messages_nodejs
[4.758s] [  0%] Built target topic_tools_generate_messages_nodejs
[4.758s] [  0%] Built target sensor_msgs_generate_messages_eus
[4.758s] [  0%] Built target tf_generate_messages_py
[4.758s] [  0%] Built target sensor_msgs_generate_messages_nodejs
[4.758s] [  0%] Built target std_msgs_generate_messages_py
[4.758s] [  0%] Built target topic_tools_generate_messages_eus
[4.758s] [  0%] Built target std_msgs_generate_messages_nodejs
[4.759s] [  0%] Built target tf_generate_messages_lisp
[4.762s] [  0%] Built target tf2_msgs_generate_messages_nodejs
[4.762s] [  0%] Built target rosgraph_msgs_generate_messages_eus
[4.762s] [  0%] Built target tf2_msgs_generate_messages_eus
[4.762s] [  0%] Built target roscpp_generate_messages_cpp
[4.762s] [  0%] Built target jsk_recognition_msgs_generate_messages_py
[4.763s] [  0%] Built target sensor_msgs_generate_messages_cpp
[4.763s] [  0%] Built target std_srvs_generate_messages_py
[4.763s] [  0%] Built target jsk_recognition_msgs_generate_messages_eus
[4.763s] [  0%] Built target nodelet_generate_messages_nodejs
[4.793s] [  0%] Built target geometry_msgs_generate_messages_eus
[4.793s] [  0%] Built target std_msgs_generate_messages_cpp
[4.793s] [  0%] Built target sensor_msgs_generate_messages_lisp
[4.793s] [  0%] Built target geometry_msgs_generate_messages_py
[4.794s] [  0%] Built target topic_tools_generate_messages_cpp
[4.794s] [  0%] Built target rosgraph_msgs_generate_messages_cpp
[4.794s] [  0%] Built target dynamic_reconfigure_generate_messages_cpp
[4.794s] [  0%] Built target actionlib_generate_messages_py
[4.794s] [  0%] Built target nodelet_generate_messages_py
[4.810s] [  0%] Built target jsk_footstep_msgs_generate_messages_py
[4.810s] [  0%] Built target nodelet_generate_messages_lisp
[4.810s] [  0%] Built target jsk_recognition_msgs_generate_messages_cpp
[4.811s] [  0%] Built target autoware_msgs_generate_messages_cpp
[4.811s] [  0%] Built target actionlib_generate_messages_lisp
[4.818s] [  0%] Built target geometry_msgs_generate_messages_nodejs
[4.818s] [  0%] Built target topic_tools_generate_messages_lisp
[4.818s] [  0%] Built target autoware_msgs_generate_messages_py
[4.818s] [  0%] Built target pcl_msgs_generate_messages_py
[4.819s] [  0%] Built target geometry_msgs_generate_messages_cpp
[4.819s] [  0%] Built target sensor_msgs_generate_messages_py
[4.820s] [  0%] Built target pcl_msgs_generate_messages_cpp
[4.821s] [  0%] Built target actionlib_msgs_generate_messages_py
[4.823s] [  0%] Built target std_msgs_generate_messages_lisp
[4.824s] [  0%] Built target actionlib_generate_messages_eus
[4.826s] [  0%] Built target pcl_msgs_generate_messages_lisp
[4.826s] [  0%] Built target std_msgs_generate_messages_eus
[4.828s] [  0%] Built target autoware_msgs_generate_messages_eus
[4.830s] [  0%] Built target geometry_msgs_generate_messages_lisp
[4.831s] [  0%] Built target actionlib_msgs_generate_messages_cpp
[4.833s] [  0%] Built target tf_generate_messages_eus
[4.839s] [  0%] Built target jsk_footstep_msgs_generate_messages_lisp
[4.841s] [  0%] Built target roscpp_generate_messages_nodejs
[4.845s] [  0%] Built target tf_generate_messages_cpp
[4.845s] [  0%] Built target dynamic_reconfigure_generate_messages_lisp
[4.854s] [  0%] Built target roscpp_generate_messages_lisp
[4.857s] [  0%] Built target autoware_msgs_generate_messages_lisp
[4.859s] [  0%] Built target rosgraph_msgs_generate_messages_lisp
[4.859s] [  0%] Built target autoware_msgs_generate_messages_nodejs
[4.860s] [  0%] Built target std_srvs_generate_messages_eus
[4.864s] [  0%] Built target jsk_footstep_msgs_generate_messages_nodejs
[4.865s] [  0%] Built target jsk_footstep_msgs_generate_messages_cpp
[4.866s] [  0%] Built target jsk_footstep_msgs_generate_messages_eus
[4.869s] [  0%] Built target rosgraph_msgs_generate_messages_nodejs
[4.900s] [  0%] Built target actionlib_generate_messages_nodejs
[4.900s] [  0%] Built target rosgraph_msgs_generate_messages_py
[4.900s] [  0%] Built target std_srvs_generate_messages_nodejs
[4.900s] [  0%] Built target roscpp_generate_messages_eus
[4.900s] [  0%] Built target nodelet_generate_messages_cpp
[4.901s] [  0%] Built target std_srvs_generate_messages_cpp
[4.901s] [  0%] Built target roscpp_generate_messages_py
[4.901s] [  0%] Built target jsk_recognition_msgs_generate_messages_nodejs
[4.901s] [  0%] Built target actionlib_msgs_generate_messages_lisp
[4.901s] [  0%] Built target nodelet_generate_messages_eus
[4.901s] [  0%] Built target dynamic_reconfigure_generate_messages_py
[4.901s] [  0%] Built target dynamic_reconfigure_gencfg
[4.901s] [  0%] Built target bond_generate_messages_eus
[4.907s] [  0%] Built target pcl_ros_gencfg
[4.912s] [  0%] Built target actionlib_msgs_generate_messages_nodejs
[4.912s] [  0%] Built target bond_generate_messages_py
[4.913s] [  0%] Built target dynamic_reconfigure_generate_messages_nodejs
[4.913s] [  0%] Built target actionlib_msgs_generate_messages_eus
[4.913s] [  0%] Built target dynamic_reconfigure_generate_messages_eus
[4.921s] [  4%] Automatic MOC for target vscan2linelist
[4.921s] [  4%] Built target nodelet_topic_tools_gencfg
[4.922s] [  4%] Built target bond_generate_messages_cpp
[4.922s] [  4%] Built target topic_tools_generate_messages_py
[4.924s] [  4%] Built target _catkin_empty_exported_target
[4.925s] [  4%] Built target bond_generate_messages_nodejs
[4.929s] [  4%] Built target tf2_msgs_generate_messages_lisp
[4.959s] [  4%] Built target vscan2linelist_autogen
[4.971s] [  9%] Automatic MOC for target points_image
[5.005s] [  9%] Built target points_image_autogen
[5.018s] [ 22%] Built target vscan2linelist
[5.041s] [ 36%] Built target points_image
[5.082s] [ 40%] Automatic MOC for target points2image
[5.082s] [ 45%] Automatic MOC for target vscan2image
[5.082s] [ 50%] Automatic MOC for target points2vscan
[5.116s] [ 50%] Built target points2vscan_autogen
[5.117s] [ 50%] Built target vscan2image_autogen
[5.117s] [ 50%] Built target points2image_autogen
[5.180s] [ 63%] Built target vscan2image
[5.181s] [ 77%] Built target points2image
[5.183s] [100%] Built target points2vscan
[5.247s] Install the project...
[5.248s] -- Install configuration: "Release"
[5.252s] -- Up-to-date: /home/autoware/Autoware/install/points2image/lib/pkgconfig/points2image.pc
[5.253s] -- Up-to-date: /home/autoware/Autoware/install/points2image/share/points2image/cmake/points2imageConfig.cmake
[5.253s] -- Up-to-date: /home/autoware/Autoware/install/points2image/share/points2image/cmake/points2imageConfig-version.cmake
[5.253s] -- Up-to-date: /home/autoware/Autoware/install/points2image/share/points2image/package.xml
[5.254s] -- Up-to-date: /home/autoware/Autoware/install/points2image/lib/libpoints_image.so
[5.254s] -- Up-to-date: /home/autoware/Autoware/install/points2image/lib/points2image/vscan2linelist
[5.254s] -- Up-to-date: /home/autoware/Autoware/install/points2image/lib/points2image/vscan2image
[5.254s] -- Up-to-date: /home/autoware/Autoware/install/points2image/lib/points2image/points2image
[5.254s] -- Up-to-date: /home/autoware/Autoware/install/points2image/lib/points2image/points2vscan
[5.270s] Invoked command in '/home/autoware/Autoware/build/points2image' returned '0': CMAKE_PREFIX_PATH=/home/autoware/Autoware/install/rosinterface:/home/autoware/Autoware/install/fastvirtualscan:/home/autoware/Autoware/install/autoware_msgs:/home/autoware/Autoware/install/autoware_build_flags:${CMAKE_PREFIX_PATH} LD_LIBRARY_PATH=/home/autoware/Autoware/install/rosinterface/lib:/home/autoware/Autoware/install/fastvirtualscan/lib:${LD_LIBRARY_PATH} PKG_CONFIG_PATH=/home/autoware/Autoware/install/rosinterface/lib/x86_64-linux-gnu/pkgconfig:/home/autoware/Autoware/install/rosinterface/lib/pkgconfig:/home/autoware/Autoware/install/fastvirtualscan/lib/x86_64-linux-gnu/pkgconfig:/home/autoware/Autoware/install/fastvirtualscan/lib/pkgconfig:/home/autoware/Autoware/install/autoware_msgs/lib/x86_64-linux-gnu/pkgconfig:/home/autoware/Autoware/install/autoware_msgs/lib/pkgconfig:/home/autoware/Autoware/install/autoware_build_flags/lib/x86_64-linux-gnu/pkgconfig:/home/autoware/Autoware/install/autoware_build_flags/lib/pkgconfig:${PKG_CONFIG_PATH} PYTHONPATH=/home/autoware/Autoware/install/autoware_msgs/lib/python2.7/dist-packages:${PYTHONPATH} ROS_PACKAGE_PATH=/home/autoware/Autoware/install/rosinterface/share:/home/autoware/Autoware/install/fastvirtualscan/share:/home/autoware/Autoware/install/autoware_msgs/share:/home/autoware/Autoware/install/autoware_build_flags/share:${ROS_PACKAGE_PATH} /usr/bin/cmake --build /home/autoware/Autoware/build/points2image --target install -- -j32 -l32
