[  0%] Built target tablet_socket_msgs_generate_messages_lisp
[  0%] Built target std_msgs_generate_messages_lisp
[  0%] Built target rosgraph_msgs_generate_messages_py
[  0%] Built target roscpp_generate_messages_eus
[  0%] Built target std_msgs_generate_messages_py
[  0%] Built target tablet_socket_msgs_generate_messages_eus
[ 33%] Built target udon
[ 33%] Built target rosgraph_msgs_generate_messages_cpp
[ 33%] Built target std_msgs_generate_messages_cpp
[ 33%] Built target tablet_socket_msgs_generate_messages_nodejs
[ 33%] Built target tablet_socket_msgs_generate_messages_py
[ 33%] Built target roscpp_generate_messages_cpp
[ 33%] Built target rosgraph_msgs_generate_messages_eus
[ 33%] Built target rosgraph_msgs_generate_messages_nodejs
[ 33%] Built target roscpp_generate_messages_lisp
[ 33%] Built target tablet_socket_msgs_generate_messages_cpp
[ 33%] Built target std_msgs_generate_messages_eus
[ 33%] Built target roscpp_generate_messages_py
[ 33%] Built target std_msgs_generate_messages_nodejs
[ 33%] Built target roscpp_generate_messages_nodejs
[ 33%] Built target rosgraph_msgs_generate_messages_lisp
[ 66%] Built target udon_receiver
[100%] Built target udon_sender
Built target tests
[ 33%] Built target udon
[ 33%] Built target roscpp_generate_messages_py
[ 33%] Built target rosgraph_msgs_generate_messages_cpp
[ 33%] Built target rosgraph_msgs_generate_messages_nodejs
[ 33%] Built target roscpp_generate_messages_cpp
[ 33%] Built target rosgraph_msgs_generate_messages_py
[ 33%] Built target tablet_socket_msgs_generate_messages_nodejs
[ 33%] Built target std_msgs_generate_messages_lisp
[ 33%] Built target std_msgs_generate_messages_nodejs
[ 33%] Built target tablet_socket_msgs_generate_messages_cpp
[ 33%] Built target rosgraph_msgs_generate_messages_lisp
[ 33%] Built target roscpp_generate_messages_lisp
[ 33%] Built target std_msgs_generate_messages_py
[ 33%] Built target tablet_socket_msgs_generate_messages_py
[ 33%] Built target std_msgs_generate_messages_cpp
[ 33%] Built target tablet_socket_msgs_generate_messages_lisp
[ 33%] Built target std_msgs_generate_messages_eus
[ 33%] Built target tablet_socket_msgs_generate_messages_eus
[ 33%] Built target roscpp_generate_messages_nodejs
[ 33%] Built target rosgraph_msgs_generate_messages_eus
[ 33%] Built target roscpp_generate_messages_eus
[ 66%] Built target udon_receiver
[100%] Built target udon_sender
Install the project...
-- Install configuration: "Release"
-- Up-to-date: /home/autoware/Autoware/install/udon_socket/lib/pkgconfig/udon_socket.pc
-- Up-to-date: /home/autoware/Autoware/install/udon_socket/share/udon_socket/cmake/udon_socketConfig.cmake
-- Up-to-date: /home/autoware/Autoware/install/udon_socket/share/udon_socket/cmake/udon_socketConfig-version.cmake
-- Up-to-date: /home/autoware/Autoware/install/udon_socket/share/udon_socket/package.xml
-- Up-to-date: /home/autoware/Autoware/install/udon_socket/lib/libudon.so
-- Up-to-date: /home/autoware/Autoware/install/udon_socket/lib/udon_socket/udon_receiver
-- Up-to-date: /home/autoware/Autoware/install/udon_socket/lib/udon_socket/udon_sender
