[0.493s] Invoking command in '/home/autoware/Autoware/build/udon_socket': CMAKE_PREFIX_PATH=/home/autoware/Autoware/install/tablet_socket_msgs:/home/autoware/Autoware/install/autoware_build_flags:${CMAKE_PREFIX_PATH} PKG_CONFIG_PATH=/home/autoware/Autoware/install/tablet_socket_msgs/lib/x86_64-linux-gnu/pkgconfig:/home/autoware/Autoware/install/tablet_socket_msgs/lib/pkgconfig:/home/autoware/Autoware/install/autoware_build_flags/lib/x86_64-linux-gnu/pkgconfig:/home/autoware/Autoware/install/autoware_build_flags/lib/pkgconfig:${PKG_CONFIG_PATH} PYTHONPATH=/home/autoware/Autoware/install/tablet_socket_msgs/lib/python2.7/dist-packages:${PYTHONPATH} ROS_PACKAGE_PATH=/home/autoware/Autoware/install/tablet_socket_msgs/share:/home/autoware/Autoware/install/autoware_build_flags/share:${ROS_PACKAGE_PATH} /usr/bin/cmake --build /home/autoware/Autoware/build/udon_socket -- -j32 -l32
[1.003s] [  0%] Built target tablet_socket_msgs_generate_messages_lisp
[1.003s] [  0%] Built target std_msgs_generate_messages_lisp
[1.003s] [  0%] Built target rosgraph_msgs_generate_messages_py
[1.003s] [  0%] Built target roscpp_generate_messages_eus
[1.009s] [  0%] Built target std_msgs_generate_messages_py
[1.009s] [  0%] Built target tablet_socket_msgs_generate_messages_eus
[1.009s] [ 33%] Built target udon
[1.009s] [ 33%] Built target rosgraph_msgs_generate_messages_cpp
[1.009s] [ 33%] Built target std_msgs_generate_messages_cpp
[1.010s] [ 33%] Built target tablet_socket_msgs_generate_messages_nodejs
[1.010s] [ 33%] Built target tablet_socket_msgs_generate_messages_py
[1.010s] [ 33%] Built target roscpp_generate_messages_cpp
[1.010s] [ 33%] Built target rosgraph_msgs_generate_messages_eus
[1.010s] [ 33%] Built target rosgraph_msgs_generate_messages_nodejs
[1.010s] [ 33%] Built target roscpp_generate_messages_lisp
[1.010s] [ 33%] Built target tablet_socket_msgs_generate_messages_cpp
[1.010s] [ 33%] Built target std_msgs_generate_messages_eus
[1.010s] [ 33%] Built target roscpp_generate_messages_py
[1.010s] [ 33%] Built target std_msgs_generate_messages_nodejs
[1.010s] [ 33%] Built target roscpp_generate_messages_nodejs
[1.010s] [ 33%] Built target rosgraph_msgs_generate_messages_lisp
[1.010s] [ 66%] Built target udon_receiver
[1.222s] [100%] Built target udon_sender
[1.338s] Invoked command in '/home/autoware/Autoware/build/udon_socket' returned '0': CMAKE_PREFIX_PATH=/home/autoware/Autoware/install/tablet_socket_msgs:/home/autoware/Autoware/install/autoware_build_flags:${CMAKE_PREFIX_PATH} PKG_CONFIG_PATH=/home/autoware/Autoware/install/tablet_socket_msgs/lib/x86_64-linux-gnu/pkgconfig:/home/autoware/Autoware/install/tablet_socket_msgs/lib/pkgconfig:/home/autoware/Autoware/install/autoware_build_flags/lib/x86_64-linux-gnu/pkgconfig:/home/autoware/Autoware/install/autoware_build_flags/lib/pkgconfig:${PKG_CONFIG_PATH} PYTHONPATH=/home/autoware/Autoware/install/tablet_socket_msgs/lib/python2.7/dist-packages:${PYTHONPATH} ROS_PACKAGE_PATH=/home/autoware/Autoware/install/tablet_socket_msgs/share:/home/autoware/Autoware/install/autoware_build_flags/share:${ROS_PACKAGE_PATH} /usr/bin/cmake --build /home/autoware/Autoware/build/udon_socket -- -j32 -l32
[2.014s] Invoking command in '/home/autoware/Autoware/build/udon_socket': CMAKE_PREFIX_PATH=/home/autoware/Autoware/install/tablet_socket_msgs:/home/autoware/Autoware/install/autoware_build_flags:${CMAKE_PREFIX_PATH} PKG_CONFIG_PATH=/home/autoware/Autoware/install/tablet_socket_msgs/lib/x86_64-linux-gnu/pkgconfig:/home/autoware/Autoware/install/tablet_socket_msgs/lib/pkgconfig:/home/autoware/Autoware/install/autoware_build_flags/lib/x86_64-linux-gnu/pkgconfig:/home/autoware/Autoware/install/autoware_build_flags/lib/pkgconfig:${PKG_CONFIG_PATH} PYTHONPATH=/home/autoware/Autoware/install/tablet_socket_msgs/lib/python2.7/dist-packages:${PYTHONPATH} ROS_PACKAGE_PATH=/home/autoware/Autoware/install/tablet_socket_msgs/share:/home/autoware/Autoware/install/autoware_build_flags/share:${ROS_PACKAGE_PATH} /usr/bin/cmake --build /home/autoware/Autoware/build/udon_socket --target tests -- -j32 -l32
[2.264s] Built target tests
[2.397s] Invoked command in '/home/autoware/Autoware/build/udon_socket' returned '0': CMAKE_PREFIX_PATH=/home/autoware/Autoware/install/tablet_socket_msgs:/home/autoware/Autoware/install/autoware_build_flags:${CMAKE_PREFIX_PATH} PKG_CONFIG_PATH=/home/autoware/Autoware/install/tablet_socket_msgs/lib/x86_64-linux-gnu/pkgconfig:/home/autoware/Autoware/install/tablet_socket_msgs/lib/pkgconfig:/home/autoware/Autoware/install/autoware_build_flags/lib/x86_64-linux-gnu/pkgconfig:/home/autoware/Autoware/install/autoware_build_flags/lib/pkgconfig:${PKG_CONFIG_PATH} PYTHONPATH=/home/autoware/Autoware/install/tablet_socket_msgs/lib/python2.7/dist-packages:${PYTHONPATH} ROS_PACKAGE_PATH=/home/autoware/Autoware/install/tablet_socket_msgs/share:/home/autoware/Autoware/install/autoware_build_flags/share:${ROS_PACKAGE_PATH} /usr/bin/cmake --build /home/autoware/Autoware/build/udon_socket --target tests -- -j32 -l32
[3.003s] Invoking command in '/home/autoware/Autoware/build/udon_socket': CMAKE_PREFIX_PATH=/home/autoware/Autoware/install/tablet_socket_msgs:/home/autoware/Autoware/install/autoware_build_flags:${CMAKE_PREFIX_PATH} PKG_CONFIG_PATH=/home/autoware/Autoware/install/tablet_socket_msgs/lib/x86_64-linux-gnu/pkgconfig:/home/autoware/Autoware/install/tablet_socket_msgs/lib/pkgconfig:/home/autoware/Autoware/install/autoware_build_flags/lib/x86_64-linux-gnu/pkgconfig:/home/autoware/Autoware/install/autoware_build_flags/lib/pkgconfig:${PKG_CONFIG_PATH} PYTHONPATH=/home/autoware/Autoware/install/tablet_socket_msgs/lib/python2.7/dist-packages:${PYTHONPATH} ROS_PACKAGE_PATH=/home/autoware/Autoware/install/tablet_socket_msgs/share:/home/autoware/Autoware/install/autoware_build_flags/share:${ROS_PACKAGE_PATH} /usr/bin/cmake --build /home/autoware/Autoware/build/udon_socket --target install -- -j32 -l32
[3.329s] [ 33%] Built target udon
[3.330s] [ 33%] Built target roscpp_generate_messages_py
[3.330s] [ 33%] Built target rosgraph_msgs_generate_messages_cpp
[3.330s] [ 33%] Built target rosgraph_msgs_generate_messages_nodejs
[3.330s] [ 33%] Built target roscpp_generate_messages_cpp
[3.330s] [ 33%] Built target rosgraph_msgs_generate_messages_py
[3.331s] [ 33%] Built target tablet_socket_msgs_generate_messages_nodejs
[3.331s] [ 33%] Built target std_msgs_generate_messages_lisp
[3.331s] [ 33%] Built target std_msgs_generate_messages_nodejs
[3.331s] [ 33%] Built target tablet_socket_msgs_generate_messages_cpp
[3.331s] [ 33%] Built target rosgraph_msgs_generate_messages_lisp
[3.331s] [ 33%] Built target roscpp_generate_messages_lisp
[3.331s] [ 33%] Built target std_msgs_generate_messages_py
[3.332s] [ 33%] Built target tablet_socket_msgs_generate_messages_py
[3.332s] [ 33%] Built target std_msgs_generate_messages_cpp
[3.332s] [ 33%] Built target tablet_socket_msgs_generate_messages_lisp
[3.332s] [ 33%] Built target std_msgs_generate_messages_eus
[3.332s] [ 33%] Built target tablet_socket_msgs_generate_messages_eus
[3.332s] [ 33%] Built target roscpp_generate_messages_nodejs
[3.332s] [ 33%] Built target rosgraph_msgs_generate_messages_eus
[3.332s] [ 33%] Built target roscpp_generate_messages_eus
[3.370s] [ 66%] Built target udon_receiver
[3.371s] [100%] Built target udon_sender
[3.400s] Install the project...
[3.433s] -- Install configuration: "Release"
[3.433s] -- Up-to-date: /home/autoware/Autoware/install/udon_socket/lib/pkgconfig/udon_socket.pc
[3.433s] -- Up-to-date: /home/autoware/Autoware/install/udon_socket/share/udon_socket/cmake/udon_socketConfig.cmake
[3.434s] -- Up-to-date: /home/autoware/Autoware/install/udon_socket/share/udon_socket/cmake/udon_socketConfig-version.cmake
[3.434s] -- Up-to-date: /home/autoware/Autoware/install/udon_socket/share/udon_socket/package.xml
[3.434s] -- Up-to-date: /home/autoware/Autoware/install/udon_socket/lib/libudon.so
[3.434s] -- Up-to-date: /home/autoware/Autoware/install/udon_socket/lib/udon_socket/udon_receiver
[3.434s] -- Up-to-date: /home/autoware/Autoware/install/udon_socket/lib/udon_socket/udon_sender
[3.484s] Invoked command in '/home/autoware/Autoware/build/udon_socket' returned '0': CMAKE_PREFIX_PATH=/home/autoware/Autoware/install/tablet_socket_msgs:/home/autoware/Autoware/install/autoware_build_flags:${CMAKE_PREFIX_PATH} PKG_CONFIG_PATH=/home/autoware/Autoware/install/tablet_socket_msgs/lib/x86_64-linux-gnu/pkgconfig:/home/autoware/Autoware/install/tablet_socket_msgs/lib/pkgconfig:/home/autoware/Autoware/install/autoware_build_flags/lib/x86_64-linux-gnu/pkgconfig:/home/autoware/Autoware/install/autoware_build_flags/lib/pkgconfig:${PKG_CONFIG_PATH} PYTHONPATH=/home/autoware/Autoware/install/tablet_socket_msgs/lib/python2.7/dist-packages:${PYTHONPATH} ROS_PACKAGE_PATH=/home/autoware/Autoware/install/tablet_socket_msgs/share:/home/autoware/Autoware/install/autoware_build_flags/share:${ROS_PACKAGE_PATH} /usr/bin/cmake --build /home/autoware/Autoware/build/udon_socket --target install -- -j32 -l32
