[0.464s] Invoking command in '/home/autoware/Autoware/build/glviewer': CMAKE_PREFIX_PATH=/home/autoware/Autoware/install/autoware_build_flags:${CMAKE_PREFIX_PATH} PKG_CONFIG_PATH=/home/autoware/Autoware/install/autoware_build_flags/lib/x86_64-linux-gnu/pkgconfig:/home/autoware/Autoware/install/autoware_build_flags/lib/pkgconfig:${PKG_CONFIG_PATH} ROS_PACKAGE_PATH=/home/autoware/Autoware/install/autoware_build_flags/share:${ROS_PACKAGE_PATH} /usr/bin/cmake --build /home/autoware/Autoware/build/glviewer -- -j32 -l32
[0.614s] [ 16%] Automatic MOC for target glviewer
[0.690s] [ 16%] Built target glviewer_autogen
[0.690s] [100%] Built target glviewer
[0.772s] Invoked command in '/home/autoware/Autoware/build/glviewer' returned '0': CMAKE_PREFIX_PATH=/home/autoware/Autoware/install/autoware_build_flags:${CMAKE_PREFIX_PATH} PKG_CONFIG_PATH=/home/autoware/Autoware/install/autoware_build_flags/lib/x86_64-linux-gnu/pkgconfig:/home/autoware/Autoware/install/autoware_build_flags/lib/pkgconfig:${PKG_CONFIG_PATH} ROS_PACKAGE_PATH=/home/autoware/Autoware/install/autoware_build_flags/share:${ROS_PACKAGE_PATH} /usr/bin/cmake --build /home/autoware/Autoware/build/glviewer -- -j32 -l32
[0.925s] Invoking command in '/home/autoware/Autoware/build/glviewer': CMAKE_PREFIX_PATH=/home/autoware/Autoware/install/autoware_build_flags:${CMAKE_PREFIX_PATH} PKG_CONFIG_PATH=/home/autoware/Autoware/install/autoware_build_flags/lib/x86_64-linux-gnu/pkgconfig:/home/autoware/Autoware/install/autoware_build_flags/lib/pkgconfig:${PKG_CONFIG_PATH} ROS_PACKAGE_PATH=/home/autoware/Autoware/install/autoware_build_flags/share:${ROS_PACKAGE_PATH} /usr/bin/cmake --build /home/autoware/Autoware/build/glviewer --target tests -- -j32 -l32
[1.061s] Built target tests
[1.160s] Invoked command in '/home/autoware/Autoware/build/glviewer' returned '0': CMAKE_PREFIX_PATH=/home/autoware/Autoware/install/autoware_build_flags:${CMAKE_PREFIX_PATH} PKG_CONFIG_PATH=/home/autoware/Autoware/install/autoware_build_flags/lib/x86_64-linux-gnu/pkgconfig:/home/autoware/Autoware/install/autoware_build_flags/lib/pkgconfig:${PKG_CONFIG_PATH} ROS_PACKAGE_PATH=/home/autoware/Autoware/install/autoware_build_flags/share:${ROS_PACKAGE_PATH} /usr/bin/cmake --build /home/autoware/Autoware/build/glviewer --target tests -- -j32 -l32
[1.307s] Invoking command in '/home/autoware/Autoware/build/glviewer': CMAKE_PREFIX_PATH=/home/autoware/Autoware/install/autoware_build_flags:${CMAKE_PREFIX_PATH} PKG_CONFIG_PATH=/home/autoware/Autoware/install/autoware_build_flags/lib/x86_64-linux-gnu/pkgconfig:/home/autoware/Autoware/install/autoware_build_flags/lib/pkgconfig:${PKG_CONFIG_PATH} ROS_PACKAGE_PATH=/home/autoware/Autoware/install/autoware_build_flags/share:${ROS_PACKAGE_PATH} /usr/bin/cmake --build /home/autoware/Autoware/build/glviewer --target install -- -j32 -l32
[1.547s] [ 16%] Automatic MOC for target glviewer
[1.547s] [ 16%] Built target glviewer_autogen
[1.713s] [100%] Built target glviewer
[1.713s] Install the project...
[1.713s] -- Install configuration: "Release"
[1.713s] -- Up-to-date: /home/autoware/Autoware/install/glviewer/lib/pkgconfig/glviewer.pc
[1.714s] -- Up-to-date: /home/autoware/Autoware/install/glviewer/share/glviewer/cmake/glviewerConfig.cmake
[1.714s] -- Up-to-date: /home/autoware/Autoware/install/glviewer/share/glviewer/cmake/glviewerConfig-version.cmake
[1.716s] -- Up-to-date: /home/autoware/Autoware/install/glviewer/share/glviewer/package.xml
[1.716s] -- Up-to-date: /home/autoware/Autoware/install/glviewer/include/glviewer
[1.716s] -- Up-to-date: /home/autoware/Autoware/install/glviewer/include/glviewer/glviewer.h
[1.716s] -- Up-to-date: /home/autoware/Autoware/install/glviewer/lib/libglviewer.so
[1.882s] Invoked command in '/home/autoware/Autoware/build/glviewer' returned '0': CMAKE_PREFIX_PATH=/home/autoware/Autoware/install/autoware_build_flags:${CMAKE_PREFIX_PATH} PKG_CONFIG_PATH=/home/autoware/Autoware/install/autoware_build_flags/lib/x86_64-linux-gnu/pkgconfig:/home/autoware/Autoware/install/autoware_build_flags/lib/pkgconfig:${PKG_CONFIG_PATH} ROS_PACKAGE_PATH=/home/autoware/Autoware/install/autoware_build_flags/share:${ROS_PACKAGE_PATH} /usr/bin/cmake --build /home/autoware/Autoware/build/glviewer --target install -- -j32 -l32
