[0.548s] Invoking command in '/home/autoware/Autoware/build/lidar_shape_estimation': CMAKE_PREFIX_PATH=/home/autoware/Autoware/install/autoware_msgs:/home/autoware/Autoware/install/autoware_build_flags:${CMAKE_PREFIX_PATH} PKG_CONFIG_PATH=/home/autoware/Autoware/install/autoware_msgs/lib/x86_64-linux-gnu/pkgconfig:/home/autoware/Autoware/install/autoware_msgs/lib/pkgconfig:/home/autoware/Autoware/install/autoware_build_flags/lib/x86_64-linux-gnu/pkgconfig:/home/autoware/Autoware/install/autoware_build_flags/lib/pkgconfig:${PKG_CONFIG_PATH} PYTHONPATH=/home/autoware/Autoware/install/autoware_msgs/lib/python2.7/dist-packages:${PYTHONPATH} ROS_PACKAGE_PATH=/home/autoware/Autoware/install/autoware_msgs/share:/home/autoware/Autoware/install/autoware_build_flags/share:${ROS_PACKAGE_PATH} /usr/bin/cmake --build /home/autoware/Autoware/build/lidar_shape_estimation -- -j32 -l32
[1.164s] [  0%] Built target jsk_recognition_msgs_generate_messages_lisp
[1.164s] [  0%] Built target roscpp_generate_messages_cpp
[1.164s] [  0%] Built target pcl_msgs_generate_messages_nodejs
[1.164s] [  0%] Built target jsk_recognition_msgs_generate_messages_py
[1.164s] [  0%] Built target actionlib_generate_messages_cpp
[1.164s] [  0%] Built target dynamic_reconfigure_generate_messages_cpp
[1.164s] [  0%] Built target bond_generate_messages_lisp
[1.165s] [  0%] Built target jsk_recognition_msgs_generate_messages_eus
[1.165s] [  0%] Built target sensor_msgs_generate_messages_nodejs
[1.165s] [  0%] Built target tf2_msgs_generate_messages_eus
[1.165s] [  0%] Built target rosgraph_msgs_generate_messages_eus
[1.165s] [  0%] Built target topic_tools_generate_messages_nodejs
[1.165s] [  0%] Built target std_msgs_generate_messages_nodejs
[1.165s] [  0%] Built target std_msgs_generate_messages_py
[1.245s] [  0%] Built target std_srvs_generate_messages_py
[1.245s] [  0%] Built target sensor_msgs_generate_messages_eus
[1.245s] [  0%] Built target autoware_msgs_generate_messages_cpp
[1.245s] [  0%] Built target geometry_msgs_generate_messages_py
[1.245s] [  0%] Built target tf2_msgs_generate_messages_cpp
[1.246s] [  0%] Built target actionlib_generate_messages_py
[1.246s] [  0%] Built target tf2_msgs_generate_messages_nodejs
[1.246s] [  0%] Built target topic_tools_generate_messages_eus
[1.246s] [  0%] Built target topic_tools_generate_messages_cpp
[1.246s] [  0%] Built target tf_generate_messages_nodejs
[1.246s] [  0%] Built target tf2_msgs_generate_messages_py
[1.246s] [  0%] Built target sensor_msgs_generate_messages_cpp
[1.246s] [  0%] Built target tf_generate_messages_lisp
[1.246s] [  0%] Built target tf_generate_messages_py
[1.246s] [  0%] Built target pcl_msgs_generate_messages_eus
[1.246s] [  0%] Built target geometry_msgs_generate_messages_nodejs
[1.246s] [  0%] Built target sensor_msgs_generate_messages_lisp
[1.246s] [  0%] Built target actionlib_generate_messages_eus
[1.247s] [  0%] Built target geometry_msgs_generate_messages_lisp
[1.247s] [  0%] Built target std_msgs_generate_messages_lisp
[1.247s] [  0%] Built target pcl_msgs_generate_messages_py
[1.247s] [  0%] Built target dynamic_reconfigure_generate_messages_lisp
[1.247s] [  0%] Built target sensor_msgs_generate_messages_py
[1.247s] [  0%] Built target nodelet_generate_messages_py
[1.247s] [  0%] Built target std_srvs_generate_messages_lisp
[1.247s] [  0%] Built target autoware_msgs_generate_messages_py
[1.247s] [  0%] Built target pcl_msgs_generate_messages_cpp
[1.247s] [  0%] Built target pcl_msgs_generate_messages_lisp
[1.313s] [  0%] Built target rosgraph_msgs_generate_messages_cpp
[1.313s] [  0%] Built target autoware_msgs_generate_messages_lisp
[1.313s] [  0%] Built target tf_generate_messages_cpp
[1.313s] [  0%] Built target jsk_footstep_msgs_generate_messages_cpp
[1.313s] [  0%] Built target jsk_recognition_msgs_generate_messages_cpp
[1.313s] [  0%] Built target actionlib_generate_messages_lisp
[1.355s] [  0%] Built target actionlib_msgs_generate_messages_lisp
[1.355s] [  0%] Built target tf_generate_messages_eus
[1.355s] [  0%] Built target pcl_ros_gencfg
[1.355s] [  0%] Built target autoware_msgs_generate_messages_nodejs
[1.355s] [  0%] Built target topic_tools_generate_messages_lisp
[1.355s] [  0%] Built target jsk_footstep_msgs_generate_messages_lisp
[1.355s] [  0%] Built target roscpp_generate_messages_nodejs
[1.355s] [  0%] Built target actionlib_generate_messages_nodejs
[1.356s] [  0%] Built target nodelet_generate_messages_lisp
[1.356s] [  0%] Built target std_msgs_generate_messages_eus
[1.356s] [  0%] Built target geometry_msgs_generate_messages_cpp
[1.356s] [  0%] Built target jsk_footstep_msgs_generate_messages_py
[1.403s] [  0%] Built target geometry_msgs_generate_messages_eus
[1.404s] [  0%] Built target nodelet_generate_messages_nodejs
[1.404s] [  0%] Built target actionlib_msgs_generate_messages_py
[1.404s] [  0%] Built target tf2_msgs_generate_messages_lisp
[1.404s] [  0%] Built target std_msgs_generate_messages_cpp
[1.404s] [  0%] Built target jsk_recognition_msgs_generate_messages_nodejs
[1.404s] [  0%] Built target jsk_footstep_msgs_generate_messages_eus
[1.420s] [  0%] Built target actionlib_msgs_generate_messages_cpp
[1.420s] [  0%] Built target roscpp_generate_messages_lisp
[1.550s] [  0%] Built target std_srvs_generate_messages_eus
[1.550s] [  0%] Built target dynamic_reconfigure_gencfg
[1.550s] [  0%] Built target dynamic_reconfigure_generate_messages_eus
[1.550s] [  0%] Built target bond_generate_messages_py
[1.550s] [  0%] Built target actionlib_msgs_generate_messages_eus
[1.550s] [  0%] Built target nodelet_topic_tools_gencfg
[1.550s] [  0%] Built target bond_generate_messages_cpp
[1.550s] [  0%] Built target rosgraph_msgs_generate_messages_py
[1.550s] [  0%] Built target topic_tools_generate_messages_py
[1.550s] [  0%] Built target rosgraph_msgs_generate_messages_nodejs
[1.550s] [  0%] Built target dynamic_reconfigure_generate_messages_py
[1.551s] [  0%] Built target jsk_footstep_msgs_generate_messages_nodejs
[1.551s] [  0%] Built target roscpp_generate_messages_py
[1.551s] [  0%] Built target roscpp_generate_messages_eus
[1.551s] [  0%] Built target bond_generate_messages_eus
[1.551s] [  0%] Built target _catkin_empty_exported_target
[1.551s] [  0%] Built target std_srvs_generate_messages_cpp
[1.580s] [  0%] Built target dynamic_reconfigure_generate_messages_nodejs
[1.580s] [  0%] Built target rosgraph_msgs_generate_messages_lisp
[1.580s] [  0%] Built target std_srvs_generate_messages_nodejs
[1.580s] [  0%] Built target autoware_msgs_generate_messages_eus
[1.594s] [  0%] Built target actionlib_msgs_generate_messages_nodejs
[1.630s] [  0%] Built target bond_generate_messages_nodejs
[1.636s] [  0%] Built target nodelet_generate_messages_eus
[1.656s] [  0%] Built target nodelet_generate_messages_cpp
[1.932s] [100%] Built target lidar_shape_estimation
[2.003s] Invoked command in '/home/autoware/Autoware/build/lidar_shape_estimation' returned '0': CMAKE_PREFIX_PATH=/home/autoware/Autoware/install/autoware_msgs:/home/autoware/Autoware/install/autoware_build_flags:${CMAKE_PREFIX_PATH} PKG_CONFIG_PATH=/home/autoware/Autoware/install/autoware_msgs/lib/x86_64-linux-gnu/pkgconfig:/home/autoware/Autoware/install/autoware_msgs/lib/pkgconfig:/home/autoware/Autoware/install/autoware_build_flags/lib/x86_64-linux-gnu/pkgconfig:/home/autoware/Autoware/install/autoware_build_flags/lib/pkgconfig:${PKG_CONFIG_PATH} PYTHONPATH=/home/autoware/Autoware/install/autoware_msgs/lib/python2.7/dist-packages:${PYTHONPATH} ROS_PACKAGE_PATH=/home/autoware/Autoware/install/autoware_msgs/share:/home/autoware/Autoware/install/autoware_build_flags/share:${ROS_PACKAGE_PATH} /usr/bin/cmake --build /home/autoware/Autoware/build/lidar_shape_estimation -- -j32 -l32
[2.503s] Invoking command in '/home/autoware/Autoware/build/lidar_shape_estimation': CMAKE_PREFIX_PATH=/home/autoware/Autoware/install/autoware_msgs:/home/autoware/Autoware/install/autoware_build_flags:${CMAKE_PREFIX_PATH} PKG_CONFIG_PATH=/home/autoware/Autoware/install/autoware_msgs/lib/x86_64-linux-gnu/pkgconfig:/home/autoware/Autoware/install/autoware_msgs/lib/pkgconfig:/home/autoware/Autoware/install/autoware_build_flags/lib/x86_64-linux-gnu/pkgconfig:/home/autoware/Autoware/install/autoware_build_flags/lib/pkgconfig:${PKG_CONFIG_PATH} PYTHONPATH=/home/autoware/Autoware/install/autoware_msgs/lib/python2.7/dist-packages:${PYTHONPATH} ROS_PACKAGE_PATH=/home/autoware/Autoware/install/autoware_msgs/share:/home/autoware/Autoware/install/autoware_build_flags/share:${ROS_PACKAGE_PATH} /usr/bin/cmake --build /home/autoware/Autoware/build/lidar_shape_estimation --target tests -- -j32 -l32
[2.672s] [ 25%] Built target gtest
[2.721s] [100%] Built target test-lidar_shape_estimation
[2.828s] [100%] Built target tests
[3.013s] Invoked command in '/home/autoware/Autoware/build/lidar_shape_estimation' returned '0': CMAKE_PREFIX_PATH=/home/autoware/Autoware/install/autoware_msgs:/home/autoware/Autoware/install/autoware_build_flags:${CMAKE_PREFIX_PATH} PKG_CONFIG_PATH=/home/autoware/Autoware/install/autoware_msgs/lib/x86_64-linux-gnu/pkgconfig:/home/autoware/Autoware/install/autoware_msgs/lib/pkgconfig:/home/autoware/Autoware/install/autoware_build_flags/lib/x86_64-linux-gnu/pkgconfig:/home/autoware/Autoware/install/autoware_build_flags/lib/pkgconfig:${PKG_CONFIG_PATH} PYTHONPATH=/home/autoware/Autoware/install/autoware_msgs/lib/python2.7/dist-packages:${PYTHONPATH} ROS_PACKAGE_PATH=/home/autoware/Autoware/install/autoware_msgs/share:/home/autoware/Autoware/install/autoware_build_flags/share:${ROS_PACKAGE_PATH} /usr/bin/cmake --build /home/autoware/Autoware/build/lidar_shape_estimation --target tests -- -j32 -l32
[4.146s] Invoking command in '/home/autoware/Autoware/build/lidar_shape_estimation': CMAKE_PREFIX_PATH=/home/autoware/Autoware/install/autoware_msgs:/home/autoware/Autoware/install/autoware_build_flags:${CMAKE_PREFIX_PATH} PKG_CONFIG_PATH=/home/autoware/Autoware/install/autoware_msgs/lib/x86_64-linux-gnu/pkgconfig:/home/autoware/Autoware/install/autoware_msgs/lib/pkgconfig:/home/autoware/Autoware/install/autoware_build_flags/lib/x86_64-linux-gnu/pkgconfig:/home/autoware/Autoware/install/autoware_build_flags/lib/pkgconfig:${PKG_CONFIG_PATH} PYTHONPATH=/home/autoware/Autoware/install/autoware_msgs/lib/python2.7/dist-packages:${PYTHONPATH} ROS_PACKAGE_PATH=/home/autoware/Autoware/install/autoware_msgs/share:/home/autoware/Autoware/install/autoware_build_flags/share:${ROS_PACKAGE_PATH} /usr/bin/cmake --build /home/autoware/Autoware/build/lidar_shape_estimation --target install -- -j32 -l32
[4.528s] [  0%] Built target actionlib_generate_messages_cpp
[4.528s] [  0%] Built target roscpp_generate_messages_cpp
[4.528s] [  0%] Built target bond_generate_messages_lisp
[4.528s] [  0%] Built target std_srvs_generate_messages_py
[4.528s] [  0%] Built target topic_tools_generate_messages_nodejs
[4.528s] [  0%] Built target rosgraph_msgs_generate_messages_eus
[4.528s] [  0%] Built target topic_tools_generate_messages_cpp
[4.529s] [  0%] Built target rosgraph_msgs_generate_messages_cpp
[4.529s] [  0%] Built target jsk_recognition_msgs_generate_messages_eus
[4.529s] [  0%] Built target tf2_msgs_generate_messages_cpp
[4.529s] [  0%] Built target tf2_msgs_generate_messages_nodejs
[4.529s] [  0%] Built target jsk_recognition_msgs_generate_messages_lisp
[4.529s] [  0%] Built target tf2_msgs_generate_messages_py
[4.529s] [  0%] Built target sensor_msgs_generate_messages_eus
[4.529s] [  0%] Built target std_msgs_generate_messages_py
[4.529s] [  0%] Built target nodelet_generate_messages_nodejs
[4.529s] [  0%] Built target std_msgs_generate_messages_nodejs
[4.529s] [  0%] Built target dynamic_reconfigure_generate_messages_cpp
[4.529s] [  0%] Built target tf2_msgs_generate_messages_eus
[4.530s] [  0%] Built target tf_generate_messages_py
[4.530s] [  0%] Built target sensor_msgs_generate_messages_nodejs
[4.530s] [  0%] Built target std_srvs_generate_messages_lisp
[4.530s] [  0%] Built target geometry_msgs_generate_messages_py
[4.530s] [  0%] Built target actionlib_generate_messages_py
[4.530s] [  0%] Built target sensor_msgs_generate_messages_py
[4.530s] [  0%] Built target pcl_msgs_generate_messages_nodejs
[4.530s] [  0%] Built target jsk_recognition_msgs_generate_messages_py
[4.530s] [  0%] Built target topic_tools_generate_messages_eus
[4.530s] [  0%] Built target autoware_msgs_generate_messages_cpp
[4.530s] [  0%] Built target tf_generate_messages_lisp
[4.530s] [  0%] Built target tf_generate_messages_nodejs
[4.530s] [  0%] Built target sensor_msgs_generate_messages_cpp
[4.531s] [  0%] Built target jsk_footstep_msgs_generate_messages_py
[4.531s] [  0%] Built target std_msgs_generate_messages_cpp
[4.531s] [  0%] Built target dynamic_reconfigure_generate_messages_lisp
[4.531s] [  0%] Built target topic_tools_generate_messages_lisp
[4.591s] [  0%] Built target jsk_recognition_msgs_generate_messages_cpp
[4.591s] [  0%] Built target autoware_msgs_generate_messages_eus
[4.591s] [  0%] Built target pcl_msgs_generate_messages_cpp
[4.591s] [  0%] Built target sensor_msgs_generate_messages_lisp
[4.591s] [  0%] Built target nodelet_generate_messages_py
[4.591s] [  0%] Built target geometry_msgs_generate_messages_nodejs
[4.690s] [  0%] Built target pcl_msgs_generate_messages_eus
[4.690s] [  0%] Built target geometry_msgs_generate_messages_cpp
[4.690s] [  0%] Built target pcl_msgs_generate_messages_py
[4.814s] [  0%] Built target autoware_msgs_generate_messages_lisp
[4.814s] [  0%] Built target pcl_msgs_generate_messages_lisp
[4.814s] [  0%] Built target geometry_msgs_generate_messages_eus
[4.814s] [  0%] Built target roscpp_generate_messages_nodejs
[4.814s] [  0%] Built target geometry_msgs_generate_messages_lisp
[4.814s] [  0%] Built target actionlib_generate_messages_nodejs
[4.814s] [  0%] Built target jsk_footstep_msgs_generate_messages_eus
[4.814s] [  0%] Built target std_msgs_generate_messages_lisp
[4.814s] [  0%] Built target autoware_msgs_generate_messages_nodejs
[4.814s] [  0%] Built target actionlib_generate_messages_lisp
[4.815s] [  0%] Built target nodelet_generate_messages_lisp
[4.815s] [  0%] Built target jsk_recognition_msgs_generate_messages_nodejs
[4.815s] [  0%] Built target std_msgs_generate_messages_eus
[4.815s] [  0%] Built target pcl_ros_gencfg
[4.815s] [  0%] Built target actionlib_msgs_generate_messages_lisp
[4.815s] [  0%] Built target roscpp_generate_messages_py
[4.815s] [  0%] Built target jsk_footstep_msgs_generate_messages_nodejs
[4.815s] [  0%] Built target dynamic_reconfigure_generate_messages_py
[4.815s] [  0%] Built target jsk_footstep_msgs_generate_messages_cpp
[4.815s] [  0%] Built target actionlib_generate_messages_eus
[4.816s] [  0%] Built target autoware_msgs_generate_messages_py
[4.816s] [  0%] Built target dynamic_reconfigure_generate_messages_eus
[4.816s] [  0%] Built target tf2_msgs_generate_messages_lisp
[4.903s] [  0%] Built target jsk_footstep_msgs_generate_messages_lisp
[4.903s] [  0%] Built target roscpp_generate_messages_lisp
[4.903s] [  0%] Built target tf_generate_messages_eus
[4.904s] [  0%] Built target dynamic_reconfigure_gencfg
[4.904s] [  0%] Built target actionlib_msgs_generate_messages_cpp
[4.904s] [  0%] Built target tf_generate_messages_cpp
[4.904s] [  0%] Built target nodelet_topic_tools_gencfg
[4.904s] [  0%] Built target actionlib_msgs_generate_messages_py
[4.904s] [  0%] Built target std_srvs_generate_messages_eus
[4.904s] [  0%] Built target roscpp_generate_messages_eus
[4.904s] [  0%] Built target std_srvs_generate_messages_cpp
[4.904s] [  0%] Built target rosgraph_msgs_generate_messages_lisp
[4.904s] [  0%] Built target rosgraph_msgs_generate_messages_nodejs
[4.904s] [  0%] Built target bond_generate_messages_py
[4.904s] [  0%] Built target rosgraph_msgs_generate_messages_py
[4.905s] [  0%] Built target bond_generate_messages_eus
[4.905s] [  0%] Built target bond_generate_messages_cpp
[5.008s] [  0%] Built target dynamic_reconfigure_generate_messages_nodejs
[5.008s] [  0%] Built target std_srvs_generate_messages_nodejs
[5.009s] [  0%] Built target nodelet_generate_messages_eus
[5.009s] [  0%] Built target nodelet_generate_messages_cpp
[5.009s] [  0%] Built target _catkin_empty_exported_target
[5.009s] [  0%] Built target bond_generate_messages_nodejs
[5.009s] [  0%] Built target actionlib_msgs_generate_messages_nodejs
[5.009s] [  0%] Built target topic_tools_generate_messages_py
[5.009s] [  0%] Built target actionlib_msgs_generate_messages_eus
[5.196s] [100%] Built target lidar_shape_estimation
[5.197s] Install the project...
[5.197s] -- Install configuration: "Release"
[5.197s] -- Up-to-date: /home/autoware/Autoware/install/lidar_shape_estimation/lib/pkgconfig/lidar_shape_estimation.pc
[5.197s] -- Up-to-date: /home/autoware/Autoware/install/lidar_shape_estimation/share/lidar_shape_estimation/cmake/lidar_shape_estimationConfig.cmake
[5.197s] -- Up-to-date: /home/autoware/Autoware/install/lidar_shape_estimation/share/lidar_shape_estimation/cmake/lidar_shape_estimationConfig-version.cmake
[5.197s] -- Up-to-date: /home/autoware/Autoware/install/lidar_shape_estimation/share/lidar_shape_estimation/package.xml
[5.197s] -- Up-to-date: /home/autoware/Autoware/install/lidar_shape_estimation/lib/lidar_shape_estimation/lidar_shape_estimation
[5.197s] -- Up-to-date: /home/autoware/Autoware/install/lidar_shape_estimation/share/lidar_shape_estimation/launch
[5.197s] -- Up-to-date: /home/autoware/Autoware/install/lidar_shape_estimation/share/lidar_shape_estimation/launch/shape_estimation_clustering.launch
[5.198s] -- Up-to-date: /home/autoware/Autoware/install/lidar_shape_estimation/share/lidar_shape_estimation/launch/shape_estimation_fusion.launch
[5.198s] -- Up-to-date: /home/autoware/Autoware/install/lidar_shape_estimation/share/lidar_shape_estimation/launch/shape_estimation_tracking.launch
[5.300s] Invoked command in '/home/autoware/Autoware/build/lidar_shape_estimation' returned '0': CMAKE_PREFIX_PATH=/home/autoware/Autoware/install/autoware_msgs:/home/autoware/Autoware/install/autoware_build_flags:${CMAKE_PREFIX_PATH} PKG_CONFIG_PATH=/home/autoware/Autoware/install/autoware_msgs/lib/x86_64-linux-gnu/pkgconfig:/home/autoware/Autoware/install/autoware_msgs/lib/pkgconfig:/home/autoware/Autoware/install/autoware_build_flags/lib/x86_64-linux-gnu/pkgconfig:/home/autoware/Autoware/install/autoware_build_flags/lib/pkgconfig:${PKG_CONFIG_PATH} PYTHONPATH=/home/autoware/Autoware/install/autoware_msgs/lib/python2.7/dist-packages:${PYTHONPATH} ROS_PACKAGE_PATH=/home/autoware/Autoware/install/autoware_msgs/share:/home/autoware/Autoware/install/autoware_build_flags/share:${ROS_PACKAGE_PATH} /usr/bin/cmake --build /home/autoware/Autoware/build/lidar_shape_estimation --target install -- -j32 -l32
