[0.553s] Invoking command in '/home/autoware/Autoware/build/libwaypoint_follower': CMAKE_PREFIX_PATH=/home/autoware/Autoware/install/amathutils_lib:/home/autoware/Autoware/install/autoware_msgs:/home/autoware/Autoware/install/autoware_build_flags:${CMAKE_PREFIX_PATH} LD_LIBRARY_PATH=/home/autoware/Autoware/install/amathutils_lib/lib:${LD_LIBRARY_PATH} PKG_CONFIG_PATH=/home/autoware/Autoware/install/amathutils_lib/lib/x86_64-linux-gnu/pkgconfig:/home/autoware/Autoware/install/amathutils_lib/lib/pkgconfig:/home/autoware/Autoware/install/autoware_msgs/lib/x86_64-linux-gnu/pkgconfig:/home/autoware/Autoware/install/autoware_msgs/lib/pkgconfig:/home/autoware/Autoware/install/autoware_build_flags/lib/x86_64-linux-gnu/pkgconfig:/home/autoware/Autoware/install/autoware_build_flags/lib/pkgconfig:${PKG_CONFIG_PATH} PYTHONPATH=/home/autoware/Autoware/install/autoware_msgs/lib/python2.7/dist-packages:${PYTHONPATH} ROS_PACKAGE_PATH=/home/autoware/Autoware/install/amathutils_lib/share:/home/autoware/Autoware/install/autoware_msgs/share:/home/autoware/Autoware/install/autoware_build_flags/share:${ROS_PACKAGE_PATH} /usr/bin/cmake --build /home/autoware/Autoware/build/libwaypoint_follower -- -j32 -l32
[0.744s] [  0%] Built target autoware_msgs_generate_messages_py
[0.745s] [  0%] Built target sensor_msgs_generate_messages_eus
[0.745s] [  0%] Built target jsk_recognition_msgs_generate_messages_lisp
[0.745s] [  0%] Built target actionlib_msgs_generate_messages_nodejs
[0.745s] [  0%] Built target pcl_msgs_generate_messages_eus
[0.746s] [  0%] Built target geometry_msgs_generate_messages_py
[0.746s] [  0%] Built target tf2_msgs_generate_messages_cpp
[0.746s] [  0%] Built target std_msgs_generate_messages_nodejs
[0.746s] [  0%] Built target tf2_msgs_generate_messages_nodejs
[0.747s] [  0%] Built target std_msgs_generate_messages_py
[0.747s] [  0%] Built target sensor_msgs_generate_messages_nodejs
[0.747s] [  0%] Built target jsk_footstep_msgs_generate_messages_py
[0.749s] [  0%] Built target std_msgs_generate_messages_lisp
[0.749s] [  0%] Built target roscpp_generate_messages_nodejs
[0.749s] [  0%] Built target geometry_msgs_generate_messages_eus
[0.749s] [  0%] Built target sensor_msgs_generate_messages_cpp
[0.749s] [  0%] Built target std_msgs_generate_messages_cpp
[0.749s] [  0%] Built target jsk_recognition_msgs_generate_messages_cpp
[0.749s] [  0%] Built target jsk_recognition_msgs_generate_messages_eus
[0.749s] [  0%] Built target sensor_msgs_generate_messages_py
[0.749s] [  0%] Built target actionlib_generate_messages_cpp
[0.749s] [  0%] Built target jsk_recognition_msgs_generate_messages_py
[0.750s] [  0%] Built target rosgraph_msgs_generate_messages_eus
[0.750s] [  0%] Built target roscpp_generate_messages_cpp
[0.750s] [  0%] Built target sensor_msgs_generate_messages_lisp
[0.750s] [  0%] Built target autoware_msgs_generate_messages_cpp
[0.750s] [  0%] Built target autoware_msgs_generate_messages_eus
[0.750s] [  0%] Built target _catkin_empty_exported_target
[0.750s] [  0%] Built target tf_generate_messages_py
[0.750s] [  0%] Built target geometry_msgs_generate_messages_nodejs
[0.750s] [  0%] Built target geometry_msgs_generate_messages_lisp
[0.750s] [  0%] Built target pcl_msgs_generate_messages_nodejs
[0.750s] [  0%] Built target autoware_msgs_generate_messages_lisp
[0.750s] [  0%] Built target rosgraph_msgs_generate_messages_cpp
[0.751s] [  0%] Built target std_msgs_generate_messages_eus
[0.751s] [  0%] Built target jsk_footstep_msgs_generate_messages_eus
[0.751s] [  0%] Built target tf_generate_messages_nodejs
[0.751s] [  0%] Built target actionlib_msgs_generate_messages_cpp
[0.751s] [  0%] Built target tf_generate_messages_lisp
[0.751s] [  0%] Built target actionlib_msgs_generate_messages_lisp
[0.751s] [  0%] Built target rosgraph_msgs_generate_messages_lisp
[0.752s] [  0%] Built target tf_generate_messages_cpp
[0.752s] [  0%] Built target tf_generate_messages_eus
[0.801s] [  0%] Built target autoware_msgs_generate_messages_nodejs
[0.801s] [  0%] Built target jsk_footstep_msgs_generate_messages_lisp
[0.801s] [  0%] Built target actionlib_msgs_generate_messages_eus
[0.802s] [  0%] Built target rosgraph_msgs_generate_messages_nodejs
[0.802s] [  0%] Built target roscpp_generate_messages_eus
[0.802s] [  0%] Built target geometry_msgs_generate_messages_cpp
[0.802s] [  0%] Built target jsk_footstep_msgs_generate_messages_nodejs
[0.802s] [  0%] Built target pcl_msgs_generate_messages_py
[0.809s] [  0%] Built target jsk_footstep_msgs_generate_messages_cpp
[0.810s] [  0%] Built target actionlib_generate_messages_nodejs
[0.810s] [  0%] Built target roscpp_generate_messages_lisp
[0.810s] [  0%] Built target actionlib_msgs_generate_messages_py
[0.810s] [  0%] Built target jsk_recognition_msgs_generate_messages_nodejs
[0.810s] [  0%] Built target actionlib_generate_messages_eus
[0.810s] [  0%] Built target tf2_msgs_generate_messages_eus
[0.810s] [  0%] Built target tf2_msgs_generate_messages_lisp
[0.810s] [  0%] Built target rosgraph_msgs_generate_messages_py
[0.810s] [  0%] Built target actionlib_generate_messages_lisp
[0.811s] [  0%] Built target roscpp_generate_messages_py
[0.811s] [  0%] Built target pcl_msgs_generate_messages_lisp
[0.811s] [  0%] Built target actionlib_generate_messages_py
[0.811s] [  0%] Built target pcl_msgs_generate_messages_cpp
[0.811s] [  0%] Built target tf2_msgs_generate_messages_py
[0.961s] [100%] Built target libwaypoint_follower
[1.086s] Invoked command in '/home/autoware/Autoware/build/libwaypoint_follower' returned '0': CMAKE_PREFIX_PATH=/home/autoware/Autoware/install/amathutils_lib:/home/autoware/Autoware/install/autoware_msgs:/home/autoware/Autoware/install/autoware_build_flags:${CMAKE_PREFIX_PATH} LD_LIBRARY_PATH=/home/autoware/Autoware/install/amathutils_lib/lib:${LD_LIBRARY_PATH} PKG_CONFIG_PATH=/home/autoware/Autoware/install/amathutils_lib/lib/x86_64-linux-gnu/pkgconfig:/home/autoware/Autoware/install/amathutils_lib/lib/pkgconfig:/home/autoware/Autoware/install/autoware_msgs/lib/x86_64-linux-gnu/pkgconfig:/home/autoware/Autoware/install/autoware_msgs/lib/pkgconfig:/home/autoware/Autoware/install/autoware_build_flags/lib/x86_64-linux-gnu/pkgconfig:/home/autoware/Autoware/install/autoware_build_flags/lib/pkgconfig:${PKG_CONFIG_PATH} PYTHONPATH=/home/autoware/Autoware/install/autoware_msgs/lib/python2.7/dist-packages:${PYTHONPATH} ROS_PACKAGE_PATH=/home/autoware/Autoware/install/amathutils_lib/share:/home/autoware/Autoware/install/autoware_msgs/share:/home/autoware/Autoware/install/autoware_build_flags/share:${ROS_PACKAGE_PATH} /usr/bin/cmake --build /home/autoware/Autoware/build/libwaypoint_follower -- -j32 -l32
[2.473s] Invoking command in '/home/autoware/Autoware/build/libwaypoint_follower': CMAKE_PREFIX_PATH=/home/autoware/Autoware/install/amathutils_lib:/home/autoware/Autoware/install/autoware_msgs:/home/autoware/Autoware/install/autoware_build_flags:${CMAKE_PREFIX_PATH} LD_LIBRARY_PATH=/home/autoware/Autoware/install/amathutils_lib/lib:${LD_LIBRARY_PATH} PKG_CONFIG_PATH=/home/autoware/Autoware/install/amathutils_lib/lib/x86_64-linux-gnu/pkgconfig:/home/autoware/Autoware/install/amathutils_lib/lib/pkgconfig:/home/autoware/Autoware/install/autoware_msgs/lib/x86_64-linux-gnu/pkgconfig:/home/autoware/Autoware/install/autoware_msgs/lib/pkgconfig:/home/autoware/Autoware/install/autoware_build_flags/lib/x86_64-linux-gnu/pkgconfig:/home/autoware/Autoware/install/autoware_build_flags/lib/pkgconfig:${PKG_CONFIG_PATH} PYTHONPATH=/home/autoware/Autoware/install/autoware_msgs/lib/python2.7/dist-packages:${PYTHONPATH} ROS_PACKAGE_PATH=/home/autoware/Autoware/install/amathutils_lib/share:/home/autoware/Autoware/install/autoware_msgs/share:/home/autoware/Autoware/install/autoware_build_flags/share:${ROS_PACKAGE_PATH} /usr/bin/cmake --build /home/autoware/Autoware/build/libwaypoint_follower --target tests -- -j32 -l32
[2.698s] [  0%] Built target sensor_msgs_generate_messages_nodejs
[2.699s] [ 22%] Built target gtest
[2.700s] [ 22%] Built target pcl_msgs_generate_messages_nodejs
[2.700s] [ 22%] Built target geometry_msgs_generate_messages_lisp
[2.700s] [ 22%] Built target actionlib_generate_messages_cpp
[2.700s] [ 22%] Built target geometry_msgs_generate_messages_py
[2.700s] [ 22%] Built target rosgraph_msgs_generate_messages_eus
[2.701s] [ 22%] Built target jsk_recognition_msgs_generate_messages_lisp
[2.701s] [ 22%] Built target jsk_footstep_msgs_generate_messages_py
[2.701s] [ 22%] Built target roscpp_generate_messages_cpp
[2.701s] [ 22%] Built target geometry_msgs_generate_messages_eus
[2.701s] [ 22%] Built target std_msgs_generate_messages_lisp
[2.701s] [ 22%] Built target jsk_recognition_msgs_generate_messages_cpp
[2.702s] [ 22%] Built target sensor_msgs_generate_messages_eus
[2.702s] [ 22%] Built target sensor_msgs_generate_messages_py
[2.702s] [ 22%] Built target jsk_recognition_msgs_generate_messages_eus
[2.702s] [ 22%] Built target std_msgs_generate_messages_nodejs
[2.703s] [ 22%] Built target autoware_msgs_generate_messages_py
[2.703s] [ 22%] Built target pcl_msgs_generate_messages_eus
[2.703s] [ 22%] Built target actionlib_msgs_generate_messages_nodejs
[2.703s] [ 22%] Built target sensor_msgs_generate_messages_lisp
[2.703s] [ 22%] Built target sensor_msgs_generate_messages_cpp
[2.704s] [ 22%] Built target tf2_msgs_generate_messages_cpp
[2.704s] [ 22%] Built target std_msgs_generate_messages_py
[2.704s] [ 22%] Built target _catkin_empty_exported_target
[2.704s] [ 22%] Built target geometry_msgs_generate_messages_nodejs
[2.704s] [ 22%] Built target tf_generate_messages_py
[2.704s] [ 22%] Built target autoware_msgs_generate_messages_cpp
[2.705s] [ 22%] Built target autoware_msgs_generate_messages_eus
[2.705s] [ 22%] Built target roscpp_generate_messages_nodejs
[2.706s] [ 22%] Built target jsk_recognition_msgs_generate_messages_py
[2.706s] [ 22%] Built target autoware_msgs_generate_messages_lisp
[2.706s] [ 22%] Built target std_msgs_generate_messages_cpp
[2.706s] [ 22%] Built target jsk_footstep_msgs_generate_messages_cpp
[2.770s] [ 22%] Built target jsk_footstep_msgs_generate_messages_nodejs
[2.770s] [ 22%] Built target roscpp_generate_messages_py
[2.770s] [ 22%] Built target actionlib_msgs_generate_messages_py
[2.770s] [ 22%] Built target rosgraph_msgs_generate_messages_cpp
[2.770s] [ 22%] Built target geometry_msgs_generate_messages_cpp
[2.771s] [ 22%] Built target autoware_msgs_generate_messages_nodejs
[2.771s] [ 22%] Built target rosgraph_msgs_generate_messages_nodejs
[2.771s] [ 22%] Built target tf_generate_messages_eus
[2.771s] [ 22%] Built target tf_generate_messages_lisp
[2.771s] [ 22%] Built target actionlib_msgs_generate_messages_cpp
[2.771s] [ 22%] Built target jsk_footstep_msgs_generate_messages_eus
[2.771s] [ 22%] Built target std_msgs_generate_messages_eus
[2.771s] [ 22%] Built target jsk_footstep_msgs_generate_messages_lisp
[2.771s] [ 22%] Built target pcl_msgs_generate_messages_py
[2.772s] [ 22%] Built target actionlib_msgs_generate_messages_eus
[2.772s] [ 22%] Built target roscpp_generate_messages_eus
[2.772s] [ 22%] Built target actionlib_msgs_generate_messages_lisp
[2.772s] [ 22%] Built target actionlib_generate_messages_lisp
[2.772s] [ 22%] Built target actionlib_generate_messages_eus
[2.772s] [ 22%] Built target rosgraph_msgs_generate_messages_lisp
[2.772s] [ 22%] Built target tf2_msgs_generate_messages_lisp
[2.772s] [ 22%] Built target tf_generate_messages_cpp
[2.772s] [ 22%] Built target jsk_recognition_msgs_generate_messages_nodejs
[2.772s] [ 22%] Built target roscpp_generate_messages_lisp
[2.773s] [ 22%] Built target pcl_msgs_generate_messages_lisp
[2.773s] [ 22%] Built target rosgraph_msgs_generate_messages_py
[2.773s] [ 22%] Built target tf2_msgs_generate_messages_eus
[2.773s] [ 22%] Built target tf_generate_messages_nodejs
[2.773s] [ 22%] Built target tf2_msgs_generate_messages_py
[2.773s] [ 22%] Built target actionlib_generate_messages_nodejs
[2.773s] [ 22%] Built target actionlib_generate_messages_py
[2.773s] [ 22%] Built target pcl_msgs_generate_messages_cpp
[2.773s] [ 22%] Built target tf2_msgs_generate_messages_nodejs
[2.854s] [ 55%] Built target test-libwaypoint_follower
[2.854s] [100%] Built target test-pure_pursuit
[2.930s] [100%] Built target tests
[3.095s] Invoked command in '/home/autoware/Autoware/build/libwaypoint_follower' returned '0': CMAKE_PREFIX_PATH=/home/autoware/Autoware/install/amathutils_lib:/home/autoware/Autoware/install/autoware_msgs:/home/autoware/Autoware/install/autoware_build_flags:${CMAKE_PREFIX_PATH} LD_LIBRARY_PATH=/home/autoware/Autoware/install/amathutils_lib/lib:${LD_LIBRARY_PATH} PKG_CONFIG_PATH=/home/autoware/Autoware/install/amathutils_lib/lib/x86_64-linux-gnu/pkgconfig:/home/autoware/Autoware/install/amathutils_lib/lib/pkgconfig:/home/autoware/Autoware/install/autoware_msgs/lib/x86_64-linux-gnu/pkgconfig:/home/autoware/Autoware/install/autoware_msgs/lib/pkgconfig:/home/autoware/Autoware/install/autoware_build_flags/lib/x86_64-linux-gnu/pkgconfig:/home/autoware/Autoware/install/autoware_build_flags/lib/pkgconfig:${PKG_CONFIG_PATH} PYTHONPATH=/home/autoware/Autoware/install/autoware_msgs/lib/python2.7/dist-packages:${PYTHONPATH} ROS_PACKAGE_PATH=/home/autoware/Autoware/install/amathutils_lib/share:/home/autoware/Autoware/install/autoware_msgs/share:/home/autoware/Autoware/install/autoware_build_flags/share:${ROS_PACKAGE_PATH} /usr/bin/cmake --build /home/autoware/Autoware/build/libwaypoint_follower --target tests -- -j32 -l32
[4.152s] Invoking command in '/home/autoware/Autoware/build/libwaypoint_follower': CMAKE_PREFIX_PATH=/home/autoware/Autoware/install/amathutils_lib:/home/autoware/Autoware/install/autoware_msgs:/home/autoware/Autoware/install/autoware_build_flags:${CMAKE_PREFIX_PATH} LD_LIBRARY_PATH=/home/autoware/Autoware/install/amathutils_lib/lib:${LD_LIBRARY_PATH} PKG_CONFIG_PATH=/home/autoware/Autoware/install/amathutils_lib/lib/x86_64-linux-gnu/pkgconfig:/home/autoware/Autoware/install/amathutils_lib/lib/pkgconfig:/home/autoware/Autoware/install/autoware_msgs/lib/x86_64-linux-gnu/pkgconfig:/home/autoware/Autoware/install/autoware_msgs/lib/pkgconfig:/home/autoware/Autoware/install/autoware_build_flags/lib/x86_64-linux-gnu/pkgconfig:/home/autoware/Autoware/install/autoware_build_flags/lib/pkgconfig:${PKG_CONFIG_PATH} PYTHONPATH=/home/autoware/Autoware/install/autoware_msgs/lib/python2.7/dist-packages:${PYTHONPATH} ROS_PACKAGE_PATH=/home/autoware/Autoware/install/amathutils_lib/share:/home/autoware/Autoware/install/autoware_msgs/share:/home/autoware/Autoware/install/autoware_build_flags/share:${ROS_PACKAGE_PATH} /usr/bin/cmake --build /home/autoware/Autoware/build/libwaypoint_follower --target install -- -j32 -l32
[4.445s] [  0%] Built target geometry_msgs_generate_messages_nodejs
[4.445s] [  0%] Built target rosgraph_msgs_generate_messages_eus
[4.445s] [  0%] Built target roscpp_generate_messages_cpp
[4.445s] [  0%] Built target geometry_msgs_generate_messages_lisp
[4.445s] [  0%] Built target jsk_footstep_msgs_generate_messages_py
[4.445s] [  0%] Built target autoware_msgs_generate_messages_eus
[4.445s] [  0%] Built target sensor_msgs_generate_messages_nodejs
[4.445s] [  0%] Built target sensor_msgs_generate_messages_eus
[4.445s] [  0%] Built target jsk_recognition_msgs_generate_messages_cpp
[4.445s] [  0%] Built target sensor_msgs_generate_messages_py
[4.446s] [  0%] Built target actionlib_generate_messages_cpp
[4.446s] [  0%] Built target pcl_msgs_generate_messages_eus
[4.446s] [  0%] Built target std_msgs_generate_messages_cpp
[4.446s] [  0%] Built target tf2_msgs_generate_messages_nodejs
[4.446s] [  0%] Built target jsk_recognition_msgs_generate_messages_lisp
[4.446s] [  0%] Built target std_msgs_generate_messages_py
[4.446s] [  0%] Built target sensor_msgs_generate_messages_cpp
[4.446s] [  0%] Built target sensor_msgs_generate_messages_lisp
[4.446s] [  0%] Built target jsk_recognition_msgs_generate_messages_eus
[4.446s] [  0%] Built target roscpp_generate_messages_nodejs
[4.447s] [  0%] Built target std_msgs_generate_messages_lisp
[4.447s] [  0%] Built target autoware_msgs_generate_messages_cpp
[4.447s] [  0%] Built target geometry_msgs_generate_messages_py
[4.447s] [  0%] Built target tf_generate_messages_py
[4.447s] [  0%] Built target autoware_msgs_generate_messages_py
[4.447s] [  0%] Built target pcl_msgs_generate_messages_nodejs
[4.447s] [  0%] Built target std_msgs_generate_messages_nodejs
[4.447s] [  0%] Built target jsk_recognition_msgs_generate_messages_py
[4.469s] [  0%] Built target geometry_msgs_generate_messages_eus
[4.469s] [  0%] Built target actionlib_msgs_generate_messages_nodejs
[4.469s] [  0%] Built target tf2_msgs_generate_messages_cpp
[4.469s] [  0%] Built target _catkin_empty_exported_target
[4.469s] [  0%] Built target actionlib_msgs_generate_messages_py
[4.529s] [  0%] Built target autoware_msgs_generate_messages_nodejs
[4.529s] [  0%] Built target autoware_msgs_generate_messages_lisp
[4.529s] [  0%] Built target rosgraph_msgs_generate_messages_cpp
[4.529s] [  0%] Built target jsk_footstep_msgs_generate_messages_lisp
[4.529s] [  0%] Built target pcl_msgs_generate_messages_py
[4.529s] [  0%] Built target rosgraph_msgs_generate_messages_lisp
[4.529s] [  0%] Built target jsk_footstep_msgs_generate_messages_eus
[4.566s] [  0%] Built target jsk_footstep_msgs_generate_messages_cpp
[4.566s] [  0%] Built target std_msgs_generate_messages_eus
[4.566s] [  0%] Built target tf_generate_messages_lisp
[4.566s] [  0%] Built target actionlib_msgs_generate_messages_cpp
[4.566s] [  0%] Built target roscpp_generate_messages_py
[4.566s] [  0%] Built target actionlib_msgs_generate_messages_eus
[4.566s] [  0%] Built target tf2_msgs_generate_messages_lisp
[4.566s] [  0%] Built target rosgraph_msgs_generate_messages_nodejs
[4.566s] [  0%] Built target jsk_recognition_msgs_generate_messages_nodejs
[4.567s] [  0%] Built target actionlib_msgs_generate_messages_lisp
[4.567s] [  0%] Built target roscpp_generate_messages_lisp
[4.567s] [  0%] Built target jsk_footstep_msgs_generate_messages_nodejs
[4.567s] [  0%] Built target tf_generate_messages_eus
[4.567s] [  0%] Built target tf_generate_messages_cpp
[4.567s] [  0%] Built target roscpp_generate_messages_eus
[4.567s] [  0%] Built target actionlib_generate_messages_eus
[4.567s] [  0%] Built target tf2_msgs_generate_messages_py
[4.567s] [  0%] Built target rosgraph_msgs_generate_messages_py
[4.567s] [  0%] Built target tf2_msgs_generate_messages_eus
[4.567s] [  0%] Built target actionlib_generate_messages_py
[4.567s] [  0%] Built target actionlib_generate_messages_lisp
[4.567s] [  0%] Built target tf_generate_messages_nodejs
[4.568s] [  0%] Built target geometry_msgs_generate_messages_cpp
[4.568s] [  0%] Built target actionlib_generate_messages_nodejs
[4.568s] [  0%] Built target pcl_msgs_generate_messages_lisp
[4.635s] [  0%] Built target pcl_msgs_generate_messages_cpp
[4.741s] [100%] Built target libwaypoint_follower
[4.842s] Install the project...
[4.854s] -- Install configuration: "Release"
[4.854s] -- Up-to-date: /home/autoware/Autoware/install/libwaypoint_follower/lib/pkgconfig/libwaypoint_follower.pc
[4.893s] -- Up-to-date: /home/autoware/Autoware/install/libwaypoint_follower/share/libwaypoint_follower/cmake/libwaypoint_followerConfig.cmake
[4.893s] -- Up-to-date: /home/autoware/Autoware/install/libwaypoint_follower/share/libwaypoint_follower/cmake/libwaypoint_followerConfig-version.cmake
[4.893s] -- Up-to-date: /home/autoware/Autoware/install/libwaypoint_follower/share/libwaypoint_follower/package.xml
[4.893s] -- Up-to-date: /home/autoware/Autoware/install/libwaypoint_follower/lib/liblibwaypoint_follower.so
[4.932s] -- Up-to-date: /home/autoware/Autoware/install/libwaypoint_follower/include/libwaypoint_follower
[4.932s] -- Up-to-date: /home/autoware/Autoware/install/libwaypoint_follower/include/libwaypoint_follower/libwaypoint_follower.h
[4.932s] -- Up-to-date: /home/autoware/Autoware/install/libwaypoint_follower/include/libwaypoint_follower/pure_pursuit.h
[4.932s] -- Up-to-date: /home/autoware/Autoware/install/libwaypoint_follower/include/libwaypoint_follower/test_libwaypoint_follower.h
[4.935s] Invoked command in '/home/autoware/Autoware/build/libwaypoint_follower' returned '0': CMAKE_PREFIX_PATH=/home/autoware/Autoware/install/amathutils_lib:/home/autoware/Autoware/install/autoware_msgs:/home/autoware/Autoware/install/autoware_build_flags:${CMAKE_PREFIX_PATH} LD_LIBRARY_PATH=/home/autoware/Autoware/install/amathutils_lib/lib:${LD_LIBRARY_PATH} PKG_CONFIG_PATH=/home/autoware/Autoware/install/amathutils_lib/lib/x86_64-linux-gnu/pkgconfig:/home/autoware/Autoware/install/amathutils_lib/lib/pkgconfig:/home/autoware/Autoware/install/autoware_msgs/lib/x86_64-linux-gnu/pkgconfig:/home/autoware/Autoware/install/autoware_msgs/lib/pkgconfig:/home/autoware/Autoware/install/autoware_build_flags/lib/x86_64-linux-gnu/pkgconfig:/home/autoware/Autoware/install/autoware_build_flags/lib/pkgconfig:${PKG_CONFIG_PATH} PYTHONPATH=/home/autoware/Autoware/install/autoware_msgs/lib/python2.7/dist-packages:${PYTHONPATH} ROS_PACKAGE_PATH=/home/autoware/Autoware/install/amathutils_lib/share:/home/autoware/Autoware/install/autoware_msgs/share:/home/autoware/Autoware/install/autoware_build_flags/share:${ROS_PACKAGE_PATH} /usr/bin/cmake --build /home/autoware/Autoware/build/libwaypoint_follower --target install -- -j32 -l32
