Determining if the pthread_create exist failed with the following output:
Change Dir: /home/autoware/Autoware/build/lidar_point_pillars/CMakeFiles/CMakeTmp

Run Build Command:"/usr/bin/make" "cmTC_b1982/fast"
/usr/bin/make -f CMakeFiles/cmTC_b1982.dir/build.make CMakeFiles/cmTC_b1982.dir/build
make[1]: Entering directory '/home/autoware/Autoware/build/lidar_point_pillars/CMakeFiles/CMakeTmp'
Building C object CMakeFiles/cmTC_b1982.dir/CheckSymbolExists.c.o
/usr/bin/cc   -fPIC    -o CMakeFiles/cmTC_b1982.dir/CheckSymbolExists.c.o   -c /home/autoware/Autoware/build/lidar_point_pillars/CMakeFiles/CMakeTmp/CheckSymbolExists.c
Linking C executable cmTC_b1982
/usr/bin/cmake -E cmake_link_script CMakeFiles/cmTC_b1982.dir/link.txt --verbose=1
/usr/bin/cc -fPIC     -rdynamic CMakeFiles/cmTC_b1982.dir/CheckSymbolExists.c.o  -o cmTC_b1982 
CMakeFiles/cmTC_b1982.dir/CheckSymbolExists.c.o: In function `main':
CheckSymbolExists.c:(.text+0x1b): undefined reference to `pthread_create'
collect2: error: ld returned 1 exit status
CMakeFiles/cmTC_b1982.dir/build.make:97: recipe for target 'cmTC_b1982' failed
make[1]: *** [cmTC_b1982] Error 1
make[1]: Leaving directory '/home/autoware/Autoware/build/lidar_point_pillars/CMakeFiles/CMakeTmp'
Makefile:126: recipe for target 'cmTC_b1982/fast' failed
make: *** [cmTC_b1982/fast] Error 2

File /home/autoware/Autoware/build/lidar_point_pillars/CMakeFiles/CMakeTmp/CheckSymbolExists.c:
/* */
#include <pthread.h>

int main(int argc, char** argv)
{
  (void)argv;
#ifndef pthread_create
  return ((int*)(&pthread_create))[argc];
#else
  (void)argc;
  return 0;
#endif
}

Determining if the function pthread_create exists in the pthreads failed with the following output:
Change Dir: /home/autoware/Autoware/build/lidar_point_pillars/CMakeFiles/CMakeTmp

Run Build Command:"/usr/bin/make" "cmTC_aaf84/fast"
/usr/bin/make -f CMakeFiles/cmTC_aaf84.dir/build.make CMakeFiles/cmTC_aaf84.dir/build
make[1]: Entering directory '/home/autoware/Autoware/build/lidar_point_pillars/CMakeFiles/CMakeTmp'
Building C object CMakeFiles/cmTC_aaf84.dir/CheckFunctionExists.c.o
/usr/bin/cc   -fPIC -DCHECK_FUNCTION_EXISTS=pthread_create   -o CMakeFiles/cmTC_aaf84.dir/CheckFunctionExists.c.o   -c /usr/share/cmake-3.10/Modules/CheckFunctionExists.c
Linking C executable cmTC_aaf84
/usr/bin/cmake -E cmake_link_script CMakeFiles/cmTC_aaf84.dir/link.txt --verbose=1
/usr/bin/cc -fPIC -DCHECK_FUNCTION_EXISTS=pthread_create    -rdynamic CMakeFiles/cmTC_aaf84.dir/CheckFunctionExists.c.o  -o cmTC_aaf84 -lpthreads 
/usr/bin/ld: cannot find -lpthreads
collect2: error: ld returned 1 exit status
CMakeFiles/cmTC_aaf84.dir/build.make:97: recipe for target 'cmTC_aaf84' failed
make[1]: *** [cmTC_aaf84] Error 1
make[1]: Leaving directory '/home/autoware/Autoware/build/lidar_point_pillars/CMakeFiles/CMakeTmp'
Makefile:126: recipe for target 'cmTC_aaf84/fast' failed
make: *** [cmTC_aaf84/fast] Error 2


