[01m[K/home/autoware/Autoware/src/autoware/core_planning/waypoint_planner/src/velocity_set/velocity_set.cpp:[m[K In function ‘[01m[KEControl {anonymous}::crossWalkDetection(const pcl::PointCloud<pcl::PointXYZ>&, const CrossWalk&, const PoseStamped&, int, ObstaclePoints*)[m[K’:
[01m[K/home/autoware/Autoware/src/autoware/core_planning/waypoint_planner/src/velocity_set/velocity_set.cpp:237:11:[m[K [01;31m[Kerror: [m[Kexpected ‘[01m[K;[m[K’ before ‘[01m[Kreturn[m[K’
           [01;31m[Kreturn[m[K EControl::STOP;
           [01;31m[K^~~~~~[m[K
[01m[K/home/autoware/Autoware/src/autoware/core_planning/waypoint_planner/src/velocity_set/velocity_set.cpp:[m[K In function ‘[01m[KEControl {anonymous}::pointsDetection(const pcl::PointCloud<pcl::PointXYZ>&, int, const Lane&, const CrossWalk&, const VelocitySetInfo&, int*, ObstaclePoints*)[m[K’:
[01m[K/home/autoware/Autoware/src/autoware/core_planning/waypoint_planner/src/velocity_set/velocity_set.cpp:398:7:[m[K [01;31m[Kerror: [m[Kexpected ‘[01m[K;[m[K’ before ‘[01m[Kreturn[m[K’
       [01;31m[Kreturn[m[K EControl::STOP;
       [01;31m[K^~~~~~[m[K
[01m[K/home/autoware/Autoware/src/autoware/core_planning/waypoint_planner/src/velocity_set/velocity_set.cpp:399:5:[m[K [01;31m[Kerror: [m[Kexpected ‘[01m[K}[m[K’ before ‘[01m[Kelse[m[K’
     [01;31m[Kelse[m[K if (obstacle_type == EObstacleType::STOPLINE)
     [01;31m[K^~~~[m[K
[01m[K/home/autoware/Autoware/src/autoware/core_planning/waypoint_planner/src/velocity_set/velocity_set.cpp:[m[K At global scope:
[01m[K/home/autoware/Autoware/src/autoware/core_planning/waypoint_planner/src/velocity_set/velocity_set.cpp:406:32:[m[K [01;31m[Kerror: [m[K‘[01m[Kpoints[m[K’ was not declared in this scope
       detectDecelerateObstacle([01;31m[Kpoints[m[K, closest_waypoint, lane, vs_info.getStopRange(), vs_info.getDecelerationRange(),
                                [01;31m[K^~~~~~[m[K
[01m[K/home/autoware/Autoware/src/autoware/core_planning/waypoint_planner/src/velocity_set/velocity_set.cpp:406:32:[m[K [01;36m[Knote: [m[Ksuggested alternative: ‘[01m[Kprintf[m[K’
       detectDecelerateObstacle([01;36m[Kpoints[m[K, closest_waypoint, lane, vs_info.getStopRange(), vs_info.getDecelerationRange(),
                                [01;36m[K^~~~~~[m[K
                                [32m[Kprintf[m[K
[01m[K/home/autoware/Autoware/src/autoware/core_planning/waypoint_planner/src/velocity_set/velocity_set.cpp:406:40:[m[K [01;31m[Kerror: [m[K‘[01m[Kclosest_waypoint[m[K’ was not declared in this scope
       detectDecelerateObstacle(points, [01;31m[Kclosest_waypoint[m[K, lane, vs_info.getStopRange(), vs_info.getDecelerationRange(),
                                        [01;31m[K^~~~~~~~~~~~~~~~[m[K
[01m[K/home/autoware/Autoware/src/autoware/core_planning/waypoint_planner/src/velocity_set/velocity_set.cpp:406:40:[m[K [01;36m[Knote: [m[Ksuggested alternative: ‘[01m[KgetClosestWaypoint[m[K’
       detectDecelerateObstacle(points, [01;36m[Kclosest_waypoint[m[K, lane, vs_info.getStopRange(), vs_info.getDecelerationRange(),
                                        [01;36m[K^~~~~~~~~~~~~~~~[m[K
                                        [32m[KgetClosestWaypoint[m[K
[01m[K/home/autoware/Autoware/src/autoware/core_planning/waypoint_planner/src/velocity_set/velocity_set.cpp:406:58:[m[K [01;31m[Kerror: [m[K‘[01m[Klane[m[K’ was not declared in this scope
       detectDecelerateObstacle(points, closest_waypoint, [01;31m[Klane[m[K, vs_info.getStopRange(), vs_info.getDecelerationRange(),
                                                          [01;31m[K^~~~[m[K
[01m[K/home/autoware/Autoware/src/autoware/core_planning/waypoint_planner/src/velocity_set/velocity_set.cpp:406:58:[m[K [01;36m[Knote: [m[Ksuggested alternative: ‘[01m[Ktanq[m[K’
       detectDecelerateObstacle(points, closest_waypoint, [01;36m[Klane[m[K, vs_info.getStopRange(), vs_info.getDecelerationRange(),
                                                          [01;36m[K^~~~[m[K
                                                          [32m[Ktanq[m[K
[01m[K/home/autoware/Autoware/src/autoware/core_planning/waypoint_planner/src/velocity_set/velocity_set.cpp:406:64:[m[K [01;31m[Kerror: [m[K‘[01m[Kvs_info[m[K’ was not declared in this scope
       detectDecelerateObstacle(points, closest_waypoint, lane, [01;31m[Kvs_info[m[K.getStopRange(), vs_info.getDecelerationRange(),
                                                                [01;31m[K^~~~~~~[m[K
[01m[K/home/autoware/Autoware/src/autoware/core_planning/waypoint_planner/src/velocity_set/velocity_set.cpp:406:64:[m[K [01;36m[Knote: [m[Ksuggested alternative: ‘[01m[Kisinfq[m[K’
       detectDecelerateObstacle(points, closest_waypoint, lane, [01;36m[Kvs_info[m[K.getStopRange(), vs_info.getDecelerationRange(),
                                                                [01;36m[K^~~~~~~[m[K
                                                                [32m[Kisinfq[m[K
[01m[K/home/autoware/Autoware/src/autoware/core_planning/waypoint_planner/src/velocity_set/velocity_set.cpp:406:88:[m[K [01;31m[Kerror: [m[K‘[01m[Kvs_info[m[K’ was not declared in this scope
       detectDecelerateObstacle(points, closest_waypoint, lane, vs_info.getStopRange(), [01;31m[Kvs_info[m[K.getDecelerationRange(),
                                                                                        [01;31m[K^~~~~~~[m[K
[01m[K/home/autoware/Autoware/src/autoware/core_planning/waypoint_planner/src/velocity_set/velocity_set.cpp:406:88:[m[K [01;36m[Knote: [m[Ksuggested alternative: ‘[01m[Kisinfq[m[K’
       detectDecelerateObstacle(points, closest_waypoint, lane, vs_info.getStopRange(), [01;36m[Kvs_info[m[K.getDecelerationRange(),
                                                                                        [01;36m[K^~~~~~~[m[K
                                                                                        [32m[Kisinfq[m[K
[01m[K/home/autoware/Autoware/src/autoware/core_planning/waypoint_planner/src/velocity_set/velocity_set.cpp:407:32:[m[K [01;31m[Kerror: [m[K‘[01m[Kvs_info[m[K’ was not declared in this scope
                                [01;31m[Kvs_info[m[K.getPointsThreshold(), vs_info.getLocalizerPose(), obstacle_points);
                                [01;31m[K^~~~~~~[m[K
[01m[K/home/autoware/Autoware/src/autoware/core_planning/waypoint_planner/src/velocity_set/velocity_set.cpp:407:32:[m[K [01;36m[Knote: [m[Ksuggested alternative: ‘[01m[Kisinfq[m[K’
                                [01;36m[Kvs_info[m[K.getPointsThreshold(), vs_info.getLocalizerPose(), obstacle_points);
                                [01;36m[K^~~~~~~[m[K
                                [32m[Kisinfq[m[K
[01m[K/home/autoware/Autoware/src/autoware/core_planning/waypoint_planner/src/velocity_set/velocity_set.cpp:407:62:[m[K [01;31m[Kerror: [m[K‘[01m[Kvs_info[m[K’ was not declared in this scope
                                vs_info.getPointsThreshold(), [01;31m[Kvs_info[m[K.getLocalizerPose(), obstacle_points);
                                                              [01;31m[K^~~~~~~[m[K
[01m[K/home/autoware/Autoware/src/autoware/core_planning/waypoint_planner/src/velocity_set/velocity_set.cpp:407:62:[m[K [01;36m[Knote: [m[Ksuggested alternative: ‘[01m[Kisinfq[m[K’
                                vs_info.getPointsThreshold(), [01;36m[Kvs_info[m[K.getLocalizerPose(), obstacle_points);
                                                              [01;36m[K^~~~~~~[m[K
                                                              [32m[Kisinfq[m[K
[01m[K/home/autoware/Autoware/src/autoware/core_planning/waypoint_planner/src/velocity_set/velocity_set.cpp:407:90:[m[K [01;31m[Kerror: [m[K‘[01m[Kobstacle_points[m[K’ was not declared in this scope
                                vs_info.getPointsThreshold(), vs_info.getLocalizerPose(), [01;31m[Kobstacle_points[m[K);
                                                                                          [01;31m[K^~~~~~~~~~~~~~~[m[K
[01m[K/home/autoware/Autoware/src/autoware/core_planning/waypoint_planner/src/velocity_set/velocity_set.cpp:407:90:[m[K [01;36m[Knote: [m[Ksuggested alternative: ‘[01m[KObstaclePoints[m[K’
                                vs_info.getPointsThreshold(), vs_info.getLocalizerPose(), [01;36m[Kobstacle_points[m[K);
                                                                                          [01;36m[K^~~~~~~~~~~~~~~[m[K
                                                                                          [32m[KObstaclePoints[m[K
[01m[K/home/autoware/Autoware/src/autoware/core_planning/waypoint_planner/src/velocity_set/velocity_set.cpp:410:3:[m[K [01;31m[Kerror: [m[Kexpected unqualified-id before ‘[01m[Kif[m[K’
   [01;31m[Kif[m[K (stop_obstacle_waypoint < 0)
   [01;31m[K^~[m[K
[01m[K/home/autoware/Autoware/src/autoware/core_planning/waypoint_planner/src/velocity_set/velocity_set.cpp:417:3:[m[K [01;31m[Kerror: [m[Kexpected unqualified-id before ‘[01m[Kif[m[K’
   [01;31m[Kif[m[K (decelerate_obstacle_waypoint < 0)
   [01;31m[K^~[m[K
[01m[K/home/autoware/Autoware/src/autoware/core_planning/waypoint_planner/src/velocity_set/velocity_set.cpp:426:24:[m[K [01;31m[Kerror: [m[K‘[01m[Klane[m[K’ was not declared in this scope
       getPlaneDistance([01;31m[Klane[m[K.waypoints[0].pose.pose.position, lane.waypoints[1].pose.pose.position);
                        [01;31m[K^~~~[m[K
[01m[K/home/autoware/Autoware/src/autoware/core_planning/waypoint_planner/src/velocity_set/velocity_set.cpp:426:24:[m[K [01;36m[Knote: [m[Ksuggested alternative: ‘[01m[Ktanq[m[K’
       getPlaneDistance([01;36m[Klane[m[K.waypoints[0].pose.pose.position, lane.waypoints[1].pose.pose.position);
                        [01;36m[K^~~~[m[K
                        [32m[Ktanq[m[K
[01m[K/home/autoware/Autoware/src/autoware/core_planning/waypoint_planner/src/velocity_set/velocity_set.cpp:426:62:[m[K [01;31m[Kerror: [m[K‘[01m[Klane[m[K’ was not declared in this scope
       getPlaneDistance(lane.waypoints[0].pose.pose.position, [01;31m[Klane[m[K.waypoints[1].pose.pose.position);
                                                              [01;31m[K^~~~[m[K
[01m[K/home/autoware/Autoware/src/autoware/core_planning/waypoint_planner/src/velocity_set/velocity_set.cpp:426:62:[m[K [01;36m[Knote: [m[Ksuggested alternative: ‘[01m[Ktanq[m[K’
       getPlaneDistance(lane.waypoints[0].pose.pose.position, [01;36m[Klane[m[K.waypoints[1].pose.pose.position);
                                                              [01;36m[K^~~~[m[K
                                                              [32m[Ktanq[m[K
[01m[K/home/autoware/Autoware/src/autoware/core_planning/waypoint_planner/src/velocity_set/velocity_set.cpp:430:3:[m[K [01;31m[Kerror: [m[Kexpected unqualified-id before ‘[01m[Kif[m[K’
   [01;31m[Kif[m[K (stop_obstacle_waypoint - decelerate_obstacle_waypoint > stop_decelerate_threshold)
   [01;31m[K^~[m[K
[01m[K/home/autoware/Autoware/src/autoware/core_planning/waypoint_planner/src/velocity_set/velocity_set.cpp:435:3:[m[K [01;31m[Kerror: [m[Kexpected unqualified-id before ‘[01m[Kelse[m[K’
   [01;31m[Kelse[m[K
   [01;31m[K^~~~[m[K
[01m[K/home/autoware/Autoware/src/autoware/core_planning/waypoint_planner/src/velocity_set/velocity_set.cpp:526:1:[m[K [01;31m[Kerror: [m[Kexpected declaration before ‘[01m[K}[m[K’ token
 [01;31m[K}[m[K  // end namespace
 [01;31m[K^[m[K
[01m[K/home/autoware/Autoware/src/autoware/core_planning/waypoint_planner/src/velocity_set/velocity_set.cpp:405:7:[m[K [01;35m[Kwarning: [m[K‘[01m[K{anonymous}::decelerate_obstacle_waypoint[m[K’ defined but not used [[01;35m[K-Wunused-variable[m[K]
   int [01;35m[Kdecelerate_obstacle_waypoint[m[K =
       [01;35m[K^~~~~~~~~~~~~~~~~~~~~~~~~~~~[m[K
[01m[K/home/autoware/Autoware/src/autoware/core_planning/waypoint_planner/src/velocity_set/velocity_set.cpp:324:5:[m[K [01;35m[Kwarning: [m[K‘[01m[Kint {anonymous}::detectDecelerateObstacle(const pcl::PointCloud<pcl::PointXYZ>&, int, const Lane&, double, double, double, const PoseStamped&, ObstaclePoints*)[m[K’ defined but not used [[01;35m[K-Wunused-function[m[K]
 int [01;35m[KdetectDecelerateObstacle[m[K(const pcl::PointCloud<pcl::PointXYZ>& points, const int closest_waypoint,
     [01;35m[K^~~~~~~~~~~~~~~~~~~~~~~~[m[K
make[2]: *** [CMakeFiles/velocity_set.dir/src/velocity_set/velocity_set.cpp.o] Error 1
make[1]: *** [CMakeFiles/velocity_set.dir/all] Error 2
make: *** [all] Error 2
