[0.403s] Invoking command in '/home/autoware/Autoware/build/twist_generator': CMAKE_PREFIX_PATH=/home/autoware/Autoware/install/amathutils_lib:/home/autoware/Autoware/install/autoware_msgs:/home/autoware/Autoware/install/autoware_build_flags:${CMAKE_PREFIX_PATH} LD_LIBRARY_PATH=/home/autoware/Autoware/install/amathutils_lib/lib:${LD_LIBRARY_PATH} PKG_CONFIG_PATH=/home/autoware/Autoware/install/amathutils_lib/lib/x86_64-linux-gnu/pkgconfig:/home/autoware/Autoware/install/amathutils_lib/lib/pkgconfig:/home/autoware/Autoware/install/autoware_msgs/lib/x86_64-linux-gnu/pkgconfig:/home/autoware/Autoware/install/autoware_msgs/lib/pkgconfig:/home/autoware/Autoware/install/autoware_build_flags/lib/x86_64-linux-gnu/pkgconfig:/home/autoware/Autoware/install/autoware_build_flags/lib/pkgconfig:${PKG_CONFIG_PATH} PYTHONPATH=/home/autoware/Autoware/install/autoware_msgs/lib/python2.7/dist-packages:${PYTHONPATH} ROS_PACKAGE_PATH=/home/autoware/Autoware/install/amathutils_lib/share:/home/autoware/Autoware/install/autoware_msgs/share:/home/autoware/Autoware/install/autoware_build_flags/share:${ROS_PACKAGE_PATH} /usr/bin/cmake --build /home/autoware/Autoware/build/twist_generator -- -j32 -l32
[0.849s] [  0%] Built target tf2_msgs_generate_messages_nodejs
[0.849s] [  0%] Built target tf2_msgs_generate_messages_cpp
[0.849s] [  0%] Built target pcl_msgs_generate_messages_eus
[0.849s] [  0%] Built target sensor_msgs_generate_messages_lisp
[0.849s] [  0%] Built target pcl_msgs_generate_messages_nodejs
[0.849s] [  0%] Built target rosgraph_msgs_generate_messages_eus
[0.849s] [  0%] Built target jsk_recognition_msgs_generate_messages_cpp
[0.850s] [  0%] Built target actionlib_msgs_generate_messages_nodejs
[0.850s] [  0%] Built target sensor_msgs_generate_messages_cpp
[0.853s] [  0%] Built target rosgraph_msgs_generate_messages_cpp
[0.853s] [  0%] Built target std_msgs_generate_messages_nodejs
[0.854s] [  0%] Built target geometry_msgs_generate_messages_nodejs
[0.854s] [  0%] Built target sensor_msgs_generate_messages_eus
[0.854s] [  0%] Built target tf_generate_messages_py
[0.855s] [  0%] Built target sensor_msgs_generate_messages_nodejs
[0.855s] [  0%] Built target autoware_msgs_generate_messages_cpp
[0.855s] [  0%] Built target sensor_msgs_generate_messages_py
[0.855s] [  0%] Built target std_msgs_generate_messages_cpp
[0.855s] [  0%] Built target geometry_msgs_generate_messages_lisp
[0.855s] [  0%] Built target actionlib_msgs_generate_messages_py
[0.855s] [  0%] Built target jsk_footstep_msgs_generate_messages_nodejs
[0.855s] [  0%] Built target jsk_recognition_msgs_generate_messages_lisp
[0.855s] [  0%] Built target actionlib_generate_messages_cpp
[0.855s] [  0%] Built target _catkin_empty_exported_target
[0.890s] [  0%] Built target autoware_msgs_generate_messages_py
[0.891s] [  0%] Built target geometry_msgs_generate_messages_py
[0.891s] [  0%] Built target jsk_footstep_msgs_generate_messages_py
[0.891s] [  0%] Built target jsk_recognition_msgs_generate_messages_py
[0.891s] [  0%] Built target roscpp_generate_messages_cpp
[0.891s] [  0%] Built target autoware_msgs_generate_messages_eus
[0.891s] [  0%] Built target jsk_recognition_msgs_generate_messages_nodejs
[0.891s] [  0%] Built target std_msgs_generate_messages_py
[0.891s] [  0%] Built target std_msgs_generate_messages_lisp
[0.891s] [  0%] Built target roscpp_generate_messages_py
[0.891s] [  0%] Built target pcl_msgs_generate_messages_cpp
[0.892s] [  0%] Built target std_msgs_generate_messages_eus
[0.892s] [  0%] Built target pcl_msgs_generate_messages_py
[0.984s] [  0%] Built target geometry_msgs_generate_messages_eus
[0.984s] [  0%] Built target autoware_msgs_generate_messages_nodejs
[0.984s] [  0%] Built target jsk_footstep_msgs_generate_messages_lisp
[0.984s] [  0%] Built target roscpp_generate_messages_nodejs
[0.985s] [  0%] Built target actionlib_msgs_generate_messages_lisp
[0.985s] [  0%] Built target jsk_footstep_msgs_generate_messages_eus
[0.985s] [  0%] Built target autoware_msgs_generate_messages_lisp
[0.985s] [  0%] Built target rosgraph_msgs_generate_messages_py
[0.985s] [  0%] Built target rosgraph_msgs_generate_messages_lisp
[0.985s] [  0%] Built target rosgraph_msgs_generate_messages_nodejs
[0.985s] [  0%] Built target tf_generate_messages_lisp
[0.985s] [  0%] Built target tf_generate_messages_nodejs
[0.985s] [  0%] Built target actionlib_msgs_generate_messages_eus
[0.985s] [  0%] Built target geometry_msgs_generate_messages_cpp
[0.986s] [  0%] Built target jsk_recognition_msgs_generate_messages_eus
[0.986s] [  0%] Built target actionlib_generate_messages_nodejs
[0.986s] [  0%] Built target actionlib_msgs_generate_messages_cpp
[0.986s] [  0%] Built target roscpp_generate_messages_eus
[0.986s] [  0%] Built target roscpp_generate_messages_lisp
[0.986s] [  0%] Built target tf2_msgs_generate_messages_lisp
[0.986s] [  0%] Built target actionlib_generate_messages_py
[0.986s] [  0%] Built target actionlib_generate_messages_eus
[0.986s] [  0%] Built target tf_generate_messages_eus
[0.987s] [  0%] Built target tf2_msgs_generate_messages_eus
[0.987s] [  0%] Built target jsk_footstep_msgs_generate_messages_cpp
[0.987s] [  0%] Built target actionlib_generate_messages_lisp
[0.987s] [  0%] Built target pcl_msgs_generate_messages_lisp
[0.987s] [  0%] Built target tf2_msgs_generate_messages_py
[1.029s] [  0%] Built target tf_generate_messages_cpp
[1.031s] [100%] Built target vehicle_status_converter
[1.112s] Invoked command in '/home/autoware/Autoware/build/twist_generator' returned '0': CMAKE_PREFIX_PATH=/home/autoware/Autoware/install/amathutils_lib:/home/autoware/Autoware/install/autoware_msgs:/home/autoware/Autoware/install/autoware_build_flags:${CMAKE_PREFIX_PATH} LD_LIBRARY_PATH=/home/autoware/Autoware/install/amathutils_lib/lib:${LD_LIBRARY_PATH} PKG_CONFIG_PATH=/home/autoware/Autoware/install/amathutils_lib/lib/x86_64-linux-gnu/pkgconfig:/home/autoware/Autoware/install/amathutils_lib/lib/pkgconfig:/home/autoware/Autoware/install/autoware_msgs/lib/x86_64-linux-gnu/pkgconfig:/home/autoware/Autoware/install/autoware_msgs/lib/pkgconfig:/home/autoware/Autoware/install/autoware_build_flags/lib/x86_64-linux-gnu/pkgconfig:/home/autoware/Autoware/install/autoware_build_flags/lib/pkgconfig:${PKG_CONFIG_PATH} PYTHONPATH=/home/autoware/Autoware/install/autoware_msgs/lib/python2.7/dist-packages:${PYTHONPATH} ROS_PACKAGE_PATH=/home/autoware/Autoware/install/amathutils_lib/share:/home/autoware/Autoware/install/autoware_msgs/share:/home/autoware/Autoware/install/autoware_build_flags/share:${ROS_PACKAGE_PATH} /usr/bin/cmake --build /home/autoware/Autoware/build/twist_generator -- -j32 -l32
[1.724s] Invoking command in '/home/autoware/Autoware/build/twist_generator': CMAKE_PREFIX_PATH=/home/autoware/Autoware/install/amathutils_lib:/home/autoware/Autoware/install/autoware_msgs:/home/autoware/Autoware/install/autoware_build_flags:${CMAKE_PREFIX_PATH} LD_LIBRARY_PATH=/home/autoware/Autoware/install/amathutils_lib/lib:${LD_LIBRARY_PATH} PKG_CONFIG_PATH=/home/autoware/Autoware/install/amathutils_lib/lib/x86_64-linux-gnu/pkgconfig:/home/autoware/Autoware/install/amathutils_lib/lib/pkgconfig:/home/autoware/Autoware/install/autoware_msgs/lib/x86_64-linux-gnu/pkgconfig:/home/autoware/Autoware/install/autoware_msgs/lib/pkgconfig:/home/autoware/Autoware/install/autoware_build_flags/lib/x86_64-linux-gnu/pkgconfig:/home/autoware/Autoware/install/autoware_build_flags/lib/pkgconfig:${PKG_CONFIG_PATH} PYTHONPATH=/home/autoware/Autoware/install/autoware_msgs/lib/python2.7/dist-packages:${PYTHONPATH} ROS_PACKAGE_PATH=/home/autoware/Autoware/install/amathutils_lib/share:/home/autoware/Autoware/install/autoware_msgs/share:/home/autoware/Autoware/install/autoware_build_flags/share:${ROS_PACKAGE_PATH} /usr/bin/cmake --build /home/autoware/Autoware/build/twist_generator --target tests -- -j32 -l32
[2.059s] [ 40%] Built target gtest
[2.228s] [100%] Built target vehicle_status_converter-test
[2.229s] [100%] Built target tests
[2.308s] Invoked command in '/home/autoware/Autoware/build/twist_generator' returned '0': CMAKE_PREFIX_PATH=/home/autoware/Autoware/install/amathutils_lib:/home/autoware/Autoware/install/autoware_msgs:/home/autoware/Autoware/install/autoware_build_flags:${CMAKE_PREFIX_PATH} LD_LIBRARY_PATH=/home/autoware/Autoware/install/amathutils_lib/lib:${LD_LIBRARY_PATH} PKG_CONFIG_PATH=/home/autoware/Autoware/install/amathutils_lib/lib/x86_64-linux-gnu/pkgconfig:/home/autoware/Autoware/install/amathutils_lib/lib/pkgconfig:/home/autoware/Autoware/install/autoware_msgs/lib/x86_64-linux-gnu/pkgconfig:/home/autoware/Autoware/install/autoware_msgs/lib/pkgconfig:/home/autoware/Autoware/install/autoware_build_flags/lib/x86_64-linux-gnu/pkgconfig:/home/autoware/Autoware/install/autoware_build_flags/lib/pkgconfig:${PKG_CONFIG_PATH} PYTHONPATH=/home/autoware/Autoware/install/autoware_msgs/lib/python2.7/dist-packages:${PYTHONPATH} ROS_PACKAGE_PATH=/home/autoware/Autoware/install/amathutils_lib/share:/home/autoware/Autoware/install/autoware_msgs/share:/home/autoware/Autoware/install/autoware_build_flags/share:${ROS_PACKAGE_PATH} /usr/bin/cmake --build /home/autoware/Autoware/build/twist_generator --target tests -- -j32 -l32
[3.442s] Invoking command in '/home/autoware/Autoware/build/twist_generator': CMAKE_PREFIX_PATH=/home/autoware/Autoware/install/amathutils_lib:/home/autoware/Autoware/install/autoware_msgs:/home/autoware/Autoware/install/autoware_build_flags:${CMAKE_PREFIX_PATH} LD_LIBRARY_PATH=/home/autoware/Autoware/install/amathutils_lib/lib:${LD_LIBRARY_PATH} PKG_CONFIG_PATH=/home/autoware/Autoware/install/amathutils_lib/lib/x86_64-linux-gnu/pkgconfig:/home/autoware/Autoware/install/amathutils_lib/lib/pkgconfig:/home/autoware/Autoware/install/autoware_msgs/lib/x86_64-linux-gnu/pkgconfig:/home/autoware/Autoware/install/autoware_msgs/lib/pkgconfig:/home/autoware/Autoware/install/autoware_build_flags/lib/x86_64-linux-gnu/pkgconfig:/home/autoware/Autoware/install/autoware_build_flags/lib/pkgconfig:${PKG_CONFIG_PATH} PYTHONPATH=/home/autoware/Autoware/install/autoware_msgs/lib/python2.7/dist-packages:${PYTHONPATH} ROS_PACKAGE_PATH=/home/autoware/Autoware/install/amathutils_lib/share:/home/autoware/Autoware/install/autoware_msgs/share:/home/autoware/Autoware/install/autoware_build_flags/share:${ROS_PACKAGE_PATH} /usr/bin/cmake --build /home/autoware/Autoware/build/twist_generator --target install -- -j32 -l32
[3.672s] [  0%] Built target rosgraph_msgs_generate_messages_cpp
[3.679s] [  0%] Built target tf_generate_messages_py
[3.680s] [  0%] Built target std_msgs_generate_messages_cpp
[3.683s] [  0%] Built target sensor_msgs_generate_messages_nodejs
[3.686s] [  0%] Built target geometry_msgs_generate_messages_nodejs
[3.686s] [  0%] Built target tf2_msgs_generate_messages_cpp
[3.686s] [  0%] Built target rosgraph_msgs_generate_messages_eus
[3.688s] [  0%] Built target tf2_msgs_generate_messages_nodejs
[3.688s] [  0%] Built target sensor_msgs_generate_messages_cpp
[3.689s] [  0%] Built target pcl_msgs_generate_messages_eus
[3.728s] [  0%] Built target std_msgs_generate_messages_nodejs
[3.728s] [  0%] Built target geometry_msgs_generate_messages_py
[3.729s] [  0%] Built target autoware_msgs_generate_messages_cpp
[3.729s] [  0%] Built target sensor_msgs_generate_messages_lisp
[3.729s] [  0%] Built target jsk_recognition_msgs_generate_messages_cpp
[3.729s] [  0%] Built target autoware_msgs_generate_messages_py
[3.729s] [  0%] Built target std_msgs_generate_messages_py
[3.729s] [  0%] Built target actionlib_generate_messages_cpp
[3.729s] [  0%] Built target jsk_footstep_msgs_generate_messages_py
[3.729s] [  0%] Built target jsk_recognition_msgs_generate_messages_lisp
[3.729s] [  0%] Built target _catkin_empty_exported_target
[3.731s] [  0%] Built target std_msgs_generate_messages_lisp
[3.731s] [  0%] Built target pcl_msgs_generate_messages_cpp
[3.732s] [  0%] Built target pcl_msgs_generate_messages_nodejs
[3.732s] [  0%] Built target sensor_msgs_generate_messages_py
[3.732s] [  0%] Built target jsk_recognition_msgs_generate_messages_py
[3.762s] [  0%] Built target actionlib_msgs_generate_messages_nodejs
[3.763s] [  0%] Built target autoware_msgs_generate_messages_lisp
[3.763s] [  0%] Built target std_msgs_generate_messages_eus
[3.763s] [  0%] Built target roscpp_generate_messages_nodejs
[3.763s] [  0%] Built target roscpp_generate_messages_cpp
[3.763s] [  0%] Built target geometry_msgs_generate_messages_lisp
[3.763s] [  0%] Built target sensor_msgs_generate_messages_eus
[3.763s] [  0%] Built target actionlib_msgs_generate_messages_py
[3.763s] [  0%] Built target geometry_msgs_generate_messages_eus
[3.763s] [  0%] Built target jsk_footstep_msgs_generate_messages_eus
[3.763s] [  0%] Built target jsk_footstep_msgs_generate_messages_lisp
[3.763s] [  0%] Built target autoware_msgs_generate_messages_eus
[3.763s] [  0%] Built target tf_generate_messages_eus
[3.764s] [  0%] Built target jsk_footstep_msgs_generate_messages_nodejs
[3.764s] [  0%] Built target autoware_msgs_generate_messages_nodejs
[3.764s] [  0%] Built target jsk_recognition_msgs_generate_messages_nodejs
[3.765s] [  0%] Built target jsk_footstep_msgs_generate_messages_cpp
[3.766s] [  0%] Built target jsk_recognition_msgs_generate_messages_eus
[3.766s] [  0%] Built target actionlib_msgs_generate_messages_cpp
[3.771s] [  0%] Built target tf_generate_messages_lisp
[3.771s] [  0%] Built target roscpp_generate_messages_lisp
[3.772s] [  0%] Built target actionlib_msgs_generate_messages_lisp
[3.773s] [  0%] Built target roscpp_generate_messages_py
[3.775s] [  0%] Built target tf_generate_messages_nodejs
[3.777s] [  0%] Built target actionlib_msgs_generate_messages_eus
[3.779s] [  0%] Built target rosgraph_msgs_generate_messages_py
[3.779s] [  0%] Built target rosgraph_msgs_generate_messages_lisp
[3.780s] [  0%] Built target actionlib_generate_messages_eus
[3.789s] [  0%] Built target pcl_msgs_generate_messages_py
[3.789s] [  0%] Built target actionlib_generate_messages_lisp
[3.790s] [  0%] Built target tf2_msgs_generate_messages_lisp
[3.790s] [  0%] Built target rosgraph_msgs_generate_messages_nodejs
[3.790s] [  0%] Built target tf2_msgs_generate_messages_eus
[3.790s] [  0%] Built target roscpp_generate_messages_eus
[3.791s] [  0%] Built target actionlib_generate_messages_py
[3.791s] [  0%] Built target geometry_msgs_generate_messages_cpp
[3.791s] [  0%] Built target pcl_msgs_generate_messages_lisp
[3.792s] [  0%] Built target tf2_msgs_generate_messages_py
[3.795s] [  0%] Built target tf_generate_messages_cpp
[3.801s] [  0%] Built target actionlib_generate_messages_nodejs
[3.881s] [100%] Built target vehicle_status_converter
[3.898s] Install the project...
[3.898s] -- Install configuration: "Release"
[3.898s] -- Up-to-date: /home/autoware/Autoware/install/twist_generator/lib/pkgconfig/twist_generator.pc
[3.904s] -- Up-to-date: /home/autoware/Autoware/install/twist_generator/share/twist_generator/cmake/twist_generatorConfig.cmake
[3.904s] -- Up-to-date: /home/autoware/Autoware/install/twist_generator/share/twist_generator/cmake/twist_generatorConfig-version.cmake
[3.904s] -- Up-to-date: /home/autoware/Autoware/install/twist_generator/share/twist_generator/package.xml
[3.904s] -- Up-to-date: /home/autoware/Autoware/install/twist_generator/lib/twist_generator/vehicle_status_converter
[3.905s] -- Up-to-date: /home/autoware/Autoware/install/twist_generator/share/twist_generator/launch
[3.906s] -- Up-to-date: /home/autoware/Autoware/install/twist_generator/share/twist_generator/launch/vehicle_status_converter.launch
[3.907s] -- Up-to-date: /home/autoware/Autoware/install/twist_generator/include/twist_generator
[3.914s] -- Up-to-date: /home/autoware/Autoware/install/twist_generator/include/twist_generator/vehicle_status_converter.hpp
[3.915s] Invoked command in '/home/autoware/Autoware/build/twist_generator' returned '0': CMAKE_PREFIX_PATH=/home/autoware/Autoware/install/amathutils_lib:/home/autoware/Autoware/install/autoware_msgs:/home/autoware/Autoware/install/autoware_build_flags:${CMAKE_PREFIX_PATH} LD_LIBRARY_PATH=/home/autoware/Autoware/install/amathutils_lib/lib:${LD_LIBRARY_PATH} PKG_CONFIG_PATH=/home/autoware/Autoware/install/amathutils_lib/lib/x86_64-linux-gnu/pkgconfig:/home/autoware/Autoware/install/amathutils_lib/lib/pkgconfig:/home/autoware/Autoware/install/autoware_msgs/lib/x86_64-linux-gnu/pkgconfig:/home/autoware/Autoware/install/autoware_msgs/lib/pkgconfig:/home/autoware/Autoware/install/autoware_build_flags/lib/x86_64-linux-gnu/pkgconfig:/home/autoware/Autoware/install/autoware_build_flags/lib/pkgconfig:${PKG_CONFIG_PATH} PYTHONPATH=/home/autoware/Autoware/install/autoware_msgs/lib/python2.7/dist-packages:${PYTHONPATH} ROS_PACKAGE_PATH=/home/autoware/Autoware/install/amathutils_lib/share:/home/autoware/Autoware/install/autoware_msgs/share:/home/autoware/Autoware/install/autoware_build_flags/share:${ROS_PACKAGE_PATH} /usr/bin/cmake --build /home/autoware/Autoware/build/twist_generator --target install -- -j32 -l32
