[0.549s] Invoking command in '/home/autoware/Autoware/build/lidar_naive_l_shape_detect': CMAKE_PREFIX_PATH=/home/autoware/Autoware/install/autoware_msgs:/home/autoware/Autoware/install/autoware_build_flags:${CMAKE_PREFIX_PATH} PKG_CONFIG_PATH=/home/autoware/Autoware/install/autoware_msgs/lib/x86_64-linux-gnu/pkgconfig:/home/autoware/Autoware/install/autoware_msgs/lib/pkgconfig:/home/autoware/Autoware/install/autoware_build_flags/lib/x86_64-linux-gnu/pkgconfig:/home/autoware/Autoware/install/autoware_build_flags/lib/pkgconfig:${PKG_CONFIG_PATH} PYTHONPATH=/home/autoware/Autoware/install/autoware_msgs/lib/python2.7/dist-packages:${PYTHONPATH} ROS_PACKAGE_PATH=/home/autoware/Autoware/install/autoware_msgs/share:/home/autoware/Autoware/install/autoware_build_flags/share:${ROS_PACKAGE_PATH} /usr/bin/cmake --build /home/autoware/Autoware/build/lidar_naive_l_shape_detect -- -j32 -l32
[1.184s] [  0%] Built target sensor_msgs_generate_messages_nodejs
[1.184s] [  0%] Built target tf2_msgs_generate_messages_nodejs
[1.184s] [  0%] Built target geometry_msgs_generate_messages_py
[1.184s] [  0%] Built target tf2_msgs_generate_messages_cpp
[1.184s] [  0%] Built target std_srvs_generate_messages_py
[1.184s] [  0%] Built target tf_generate_messages_lisp
[1.184s] [  0%] Built target jsk_recognition_msgs_generate_messages_lisp
[1.185s] [  0%] Built target dynamic_reconfigure_generate_messages_cpp
[1.185s] [  0%] Built target pcl_msgs_generate_messages_nodejs
[1.185s] [  0%] Built target std_msgs_generate_messages_nodejs
[1.185s] [  0%] Built target rosgraph_msgs_generate_messages_eus
[1.185s] [  0%] Built target jsk_recognition_msgs_generate_messages_py
[1.185s] [  0%] Built target rosgraph_msgs_generate_messages_cpp
[1.185s] [  0%] Built target std_srvs_generate_messages_lisp
[1.265s] [  0%] Built target sensor_msgs_generate_messages_eus
[1.265s] [  0%] Built target tf2_msgs_generate_messages_eus
[1.265s] [  0%] Built target jsk_footstep_msgs_generate_messages_py
[1.266s] [  0%] Built target std_msgs_generate_messages_py
[1.266s] [  0%] Built target tf_generate_messages_py
[1.266s] [  0%] Built target topic_tools_generate_messages_cpp
[1.266s] [  0%] Built target jsk_recognition_msgs_generate_messages_eus
[1.266s] [  0%] Built target actionlib_generate_messages_py
[1.266s] [  0%] Built target sensor_msgs_generate_messages_cpp
[1.266s] [  0%] Built target bond_generate_messages_lisp
[1.266s] [  0%] Built target sensor_msgs_generate_messages_lisp
[1.266s] [  0%] Built target actionlib_generate_messages_cpp
[1.266s] [  0%] Built target topic_tools_generate_messages_nodejs
[1.266s] [  0%] Built target pcl_msgs_generate_messages_eus
[1.266s] [  0%] Built target tf_generate_messages_nodejs
[1.267s] [  0%] Built target sensor_msgs_generate_messages_py
[1.267s] [  0%] Built target roscpp_generate_messages_cpp
[1.267s] [  0%] Built target autoware_msgs_generate_messages_cpp
[1.267s] [  0%] Built target nodelet_generate_messages_py
[1.267s] [  0%] Built target geometry_msgs_generate_messages_cpp
[1.267s] [  0%] Built target tf2_msgs_generate_messages_py
[1.267s] [  0%] Built target nodelet_generate_messages_nodejs
[1.267s] [  0%] Built target std_msgs_generate_messages_lisp
[1.267s] [  0%] Built target actionlib_generate_messages_nodejs
[1.267s] [  0%] Built target jsk_recognition_msgs_generate_messages_cpp
[1.267s] [  0%] Built target topic_tools_generate_messages_eus
[1.267s] [  0%] Built target actionlib_generate_messages_lisp
[1.268s] [  0%] Built target std_msgs_generate_messages_cpp
[1.268s] [  0%] Built target tf_generate_messages_cpp
[1.336s] [  0%] Built target actionlib_msgs_generate_messages_py
[1.336s] [  0%] Built target roscpp_generate_messages_nodejs
[1.336s] [  0%] Built target topic_tools_generate_messages_lisp
[1.336s] [  0%] Built target autoware_msgs_generate_messages_nodejs
[1.337s] [  0%] Built target geometry_msgs_generate_messages_eus
[1.337s] [  0%] Built target jsk_footstep_msgs_generate_messages_lisp
[1.337s] [  0%] Built target pcl_msgs_generate_messages_cpp
[1.337s] [  0%] Built target jsk_footstep_msgs_generate_messages_nodejs
[1.337s] [  0%] Built target actionlib_msgs_generate_messages_cpp
[1.337s] [  0%] Built target tf_generate_messages_eus
[1.337s] [  0%] Built target actionlib_msgs_generate_messages_lisp
[1.378s] [  0%] Built target std_srvs_generate_messages_cpp
[1.379s] [  0%] Built target dynamic_reconfigure_generate_messages_nodejs
[1.379s] [  0%] Built target jsk_footstep_msgs_generate_messages_cpp
[1.379s] [  0%] Built target geometry_msgs_generate_messages_nodejs
[1.379s] [  0%] Built target dynamic_reconfigure_generate_messages_eus
[1.379s] [  0%] Built target geometry_msgs_generate_messages_lisp
[1.379s] [  0%] Built target dynamic_reconfigure_generate_messages_lisp
[1.379s] [  0%] Built target nodelet_generate_messages_lisp
[1.379s] [  0%] Built target std_msgs_generate_messages_eus
[1.429s] [  0%] Built target autoware_msgs_generate_messages_eus
[1.445s] [  0%] Built target jsk_footstep_msgs_generate_messages_eus
[1.445s] [  0%] Built target pcl_msgs_generate_messages_lisp
[1.445s] [  0%] Built target jsk_recognition_msgs_generate_messages_nodejs
[1.445s] [  0%] Built target rosgraph_msgs_generate_messages_nodejs
[1.445s] [  0%] Built target autoware_msgs_generate_messages_lisp
[1.445s] [  0%] Built target actionlib_msgs_generate_messages_eus
[1.568s] [  0%] Built target autoware_msgs_generate_messages_py
[1.569s] [  0%] Built target actionlib_generate_messages_eus
[1.569s] [  0%] Built target rosgraph_msgs_generate_messages_lisp
[1.569s] [  0%] Built target pcl_msgs_generate_messages_py
[1.569s] [  0%] Built target dynamic_reconfigure_gencfg
[1.569s] [  0%] Built target dynamic_reconfigure_generate_messages_py
[1.569s] [  0%] Built target roscpp_generate_messages_lisp
[1.569s] [  0%] Built target tf2_msgs_generate_messages_lisp
[1.569s] [  0%] Built target topic_tools_generate_messages_py
[1.570s] [  0%] Built target std_srvs_generate_messages_eus
[1.570s] [  0%] Built target rosgraph_msgs_generate_messages_py
[1.570s] [  0%] Built target roscpp_generate_messages_py
[1.570s] [  0%] Built target nodelet_generate_messages_cpp
[1.570s] [  0%] Built target _catkin_empty_exported_target
[1.570s] [  0%] Built target pcl_ros_gencfg
[1.570s] [  0%] Built target bond_generate_messages_py
[1.570s] [  0%] Built target bond_generate_messages_eus
[1.570s] [  0%] Built target std_srvs_generate_messages_nodejs
[1.570s] [  0%] Built target nodelet_generate_messages_eus
[1.583s] [  0%] Built target roscpp_generate_messages_eus
[1.606s] [  0%] Built target bond_generate_messages_cpp
[1.606s] [  0%] Built target bond_generate_messages_nodejs
[1.626s] [  0%] Built target actionlib_msgs_generate_messages_nodejs
[1.726s] [  0%] Built target nodelet_topic_tools_gencfg
[2.022s] [100%] Built target lidar_naive_l_shape_detect
[2.059s] Invoked command in '/home/autoware/Autoware/build/lidar_naive_l_shape_detect' returned '0': CMAKE_PREFIX_PATH=/home/autoware/Autoware/install/autoware_msgs:/home/autoware/Autoware/install/autoware_build_flags:${CMAKE_PREFIX_PATH} PKG_CONFIG_PATH=/home/autoware/Autoware/install/autoware_msgs/lib/x86_64-linux-gnu/pkgconfig:/home/autoware/Autoware/install/autoware_msgs/lib/pkgconfig:/home/autoware/Autoware/install/autoware_build_flags/lib/x86_64-linux-gnu/pkgconfig:/home/autoware/Autoware/install/autoware_build_flags/lib/pkgconfig:${PKG_CONFIG_PATH} PYTHONPATH=/home/autoware/Autoware/install/autoware_msgs/lib/python2.7/dist-packages:${PYTHONPATH} ROS_PACKAGE_PATH=/home/autoware/Autoware/install/autoware_msgs/share:/home/autoware/Autoware/install/autoware_build_flags/share:${ROS_PACKAGE_PATH} /usr/bin/cmake --build /home/autoware/Autoware/build/lidar_naive_l_shape_detect -- -j32 -l32
[2.518s] Invoking command in '/home/autoware/Autoware/build/lidar_naive_l_shape_detect': CMAKE_PREFIX_PATH=/home/autoware/Autoware/install/autoware_msgs:/home/autoware/Autoware/install/autoware_build_flags:${CMAKE_PREFIX_PATH} PKG_CONFIG_PATH=/home/autoware/Autoware/install/autoware_msgs/lib/x86_64-linux-gnu/pkgconfig:/home/autoware/Autoware/install/autoware_msgs/lib/pkgconfig:/home/autoware/Autoware/install/autoware_build_flags/lib/x86_64-linux-gnu/pkgconfig:/home/autoware/Autoware/install/autoware_build_flags/lib/pkgconfig:${PKG_CONFIG_PATH} PYTHONPATH=/home/autoware/Autoware/install/autoware_msgs/lib/python2.7/dist-packages:${PYTHONPATH} ROS_PACKAGE_PATH=/home/autoware/Autoware/install/autoware_msgs/share:/home/autoware/Autoware/install/autoware_build_flags/share:${ROS_PACKAGE_PATH} /usr/bin/cmake --build /home/autoware/Autoware/build/lidar_naive_l_shape_detect --target tests -- -j32 -l32
[2.646s] Built target tests
[2.699s] Invoked command in '/home/autoware/Autoware/build/lidar_naive_l_shape_detect' returned '0': CMAKE_PREFIX_PATH=/home/autoware/Autoware/install/autoware_msgs:/home/autoware/Autoware/install/autoware_build_flags:${CMAKE_PREFIX_PATH} PKG_CONFIG_PATH=/home/autoware/Autoware/install/autoware_msgs/lib/x86_64-linux-gnu/pkgconfig:/home/autoware/Autoware/install/autoware_msgs/lib/pkgconfig:/home/autoware/Autoware/install/autoware_build_flags/lib/x86_64-linux-gnu/pkgconfig:/home/autoware/Autoware/install/autoware_build_flags/lib/pkgconfig:${PKG_CONFIG_PATH} PYTHONPATH=/home/autoware/Autoware/install/autoware_msgs/lib/python2.7/dist-packages:${PYTHONPATH} ROS_PACKAGE_PATH=/home/autoware/Autoware/install/autoware_msgs/share:/home/autoware/Autoware/install/autoware_build_flags/share:${ROS_PACKAGE_PATH} /usr/bin/cmake --build /home/autoware/Autoware/build/lidar_naive_l_shape_detect --target tests -- -j32 -l32
[3.787s] Invoking command in '/home/autoware/Autoware/build/lidar_naive_l_shape_detect': CMAKE_PREFIX_PATH=/home/autoware/Autoware/install/autoware_msgs:/home/autoware/Autoware/install/autoware_build_flags:${CMAKE_PREFIX_PATH} PKG_CONFIG_PATH=/home/autoware/Autoware/install/autoware_msgs/lib/x86_64-linux-gnu/pkgconfig:/home/autoware/Autoware/install/autoware_msgs/lib/pkgconfig:/home/autoware/Autoware/install/autoware_build_flags/lib/x86_64-linux-gnu/pkgconfig:/home/autoware/Autoware/install/autoware_build_flags/lib/pkgconfig:${PKG_CONFIG_PATH} PYTHONPATH=/home/autoware/Autoware/install/autoware_msgs/lib/python2.7/dist-packages:${PYTHONPATH} ROS_PACKAGE_PATH=/home/autoware/Autoware/install/autoware_msgs/share:/home/autoware/Autoware/install/autoware_build_flags/share:${ROS_PACKAGE_PATH} /usr/bin/cmake --build /home/autoware/Autoware/build/lidar_naive_l_shape_detect --target install -- -j32 -l32
[4.280s] [  0%] Built target pcl_msgs_generate_messages_eus
[4.282s] [  0%] Built target bond_generate_messages_lisp
[4.282s] [  0%] Built target tf_generate_messages_py
[4.283s] [  0%] Built target tf2_msgs_generate_messages_eus
[4.283s] [  0%] Built target actionlib_generate_messages_py
[4.283s] [  0%] Built target rosgraph_msgs_generate_messages_cpp
[4.283s] [  0%] Built target jsk_recognition_msgs_generate_messages_lisp
[4.283s] [  0%] Built target rosgraph_msgs_generate_messages_eus
[4.283s] [  0%] Built target jsk_recognition_msgs_generate_messages_eus
[4.283s] [  0%] Built target nodelet_generate_messages_nodejs
[4.283s] [  0%] Built target tf2_msgs_generate_messages_py
[4.283s] [  0%] Built target sensor_msgs_generate_messages_nodejs
[4.283s] [  0%] Built target actionlib_generate_messages_cpp
[4.283s] [  0%] Built target topic_tools_generate_messages_eus
[4.284s] [  0%] Built target tf_generate_messages_lisp
[4.284s] [  0%] Built target tf_generate_messages_nodejs
[4.284s] [  0%] Built target roscpp_generate_messages_cpp
[4.284s] [  0%] Built target sensor_msgs_generate_messages_lisp
[4.284s] [  0%] Built target tf2_msgs_generate_messages_nodejs
[4.284s] [  0%] Built target sensor_msgs_generate_messages_cpp
[4.284s] [  0%] Built target autoware_msgs_generate_messages_cpp
[4.284s] [  0%] Built target std_srvs_generate_messages_py
[4.284s] [  0%] Built target pcl_msgs_generate_messages_nodejs
[4.284s] [  0%] Built target tf2_msgs_generate_messages_cpp
[4.284s] [  0%] Built target std_msgs_generate_messages_nodejs
[4.284s] [  0%] Built target geometry_msgs_generate_messages_py
[4.285s] [  0%] Built target std_msgs_generate_messages_py
[4.285s] [  0%] Built target topic_tools_generate_messages_nodejs
[4.285s] [  0%] Built target topic_tools_generate_messages_cpp
[4.285s] [  0%] Built target dynamic_reconfigure_generate_messages_cpp
[4.285s] [  0%] Built target std_srvs_generate_messages_lisp
[4.285s] [  0%] Built target sensor_msgs_generate_messages_eus
[4.285s] [  0%] Built target std_msgs_generate_messages_lisp
[4.285s] [  0%] Built target geometry_msgs_generate_messages_eus
[4.285s] [  0%] Built target pcl_msgs_generate_messages_py
[4.285s] [  0%] Built target jsk_footstep_msgs_generate_messages_py
[4.285s] [  0%] Built target sensor_msgs_generate_messages_py
[4.285s] [  0%] Built target actionlib_generate_messages_eus
[4.286s] [  0%] Built target std_msgs_generate_messages_cpp
[4.286s] [  0%] Built target roscpp_generate_messages_nodejs
[4.286s] [  0%] Built target jsk_recognition_msgs_generate_messages_py
[4.286s] [  0%] Built target jsk_recognition_msgs_generate_messages_cpp
[4.286s] [  0%] Built target nodelet_generate_messages_lisp
[4.286s] [  0%] Built target pcl_msgs_generate_messages_cpp
[4.286s] [  0%] Built target topic_tools_generate_messages_lisp
[4.286s] [  0%] Built target autoware_msgs_generate_messages_eus
[4.286s] [  0%] Built target jsk_footstep_msgs_generate_messages_nodejs
[4.286s] [  0%] Built target dynamic_reconfigure_generate_messages_lisp
[4.286s] [  0%] Built target actionlib_generate_messages_lisp
[4.286s] [  0%] Built target autoware_msgs_generate_messages_py
[4.287s] [  0%] Built target geometry_msgs_generate_messages_lisp
[4.287s] [  0%] Built target nodelet_generate_messages_py
[4.287s] [  0%] Built target actionlib_msgs_generate_messages_py
[4.287s] [  0%] Built target std_msgs_generate_messages_eus
[4.287s] [  0%] Built target autoware_msgs_generate_messages_nodejs
[4.287s] [  0%] Built target std_srvs_generate_messages_cpp
[4.287s] [  0%] Built target jsk_footstep_msgs_generate_messages_eus
[4.287s] [  0%] Built target jsk_footstep_msgs_generate_messages_cpp
[4.287s] [  0%] Built target geometry_msgs_generate_messages_nodejs
[4.287s] [  0%] Built target autoware_msgs_generate_messages_lisp
[4.287s] [  0%] Built target pcl_msgs_generate_messages_lisp
[4.287s] [  0%] Built target tf_generate_messages_cpp
[4.287s] [  0%] Built target actionlib_generate_messages_nodejs
[4.288s] [  0%] Built target jsk_footstep_msgs_generate_messages_lisp
[4.288s] [  0%] Built target actionlib_msgs_generate_messages_lisp
[4.288s] [  0%] Built target dynamic_reconfigure_generate_messages_nodejs
[4.288s] [  0%] Built target geometry_msgs_generate_messages_cpp
[4.288s] [  0%] Built target tf_generate_messages_eus
[4.288s] [  0%] Built target pcl_ros_gencfg
[4.288s] [  0%] Built target dynamic_reconfigure_generate_messages_eus
[4.288s] [  0%] Built target jsk_recognition_msgs_generate_messages_nodejs
[4.288s] [  0%] Built target dynamic_reconfigure_gencfg
[4.289s] [  0%] Built target tf2_msgs_generate_messages_lisp
[4.289s] [  0%] Built target roscpp_generate_messages_py
[4.289s] [  0%] Built target actionlib_msgs_generate_messages_cpp
[4.289s] [  0%] Built target roscpp_generate_messages_eus
[4.289s] [  0%] Built target rosgraph_msgs_generate_messages_lisp
[4.387s] [  0%] Built target actionlib_msgs_generate_messages_eus
[4.387s] [  0%] Built target nodelet_generate_messages_cpp
[4.387s] [  0%] Built target _catkin_empty_exported_target
[4.387s] [  0%] Built target std_srvs_generate_messages_nodejs
[4.387s] [  0%] Built target bond_generate_messages_nodejs
[4.387s] [  0%] Built target rosgraph_msgs_generate_messages_nodejs
[4.387s] [  0%] Built target roscpp_generate_messages_lisp
[4.387s] [  0%] Built target dynamic_reconfigure_generate_messages_py
[4.388s] [  0%] Built target bond_generate_messages_eus
[4.388s] [  0%] Built target actionlib_msgs_generate_messages_nodejs
[4.388s] [  0%] Built target nodelet_generate_messages_eus
[4.388s] [  0%] Built target std_srvs_generate_messages_eus
[4.388s] [  0%] Built target nodelet_topic_tools_gencfg
[4.388s] [  0%] Built target rosgraph_msgs_generate_messages_py
[4.388s] [  0%] Built target topic_tools_generate_messages_py
[4.388s] [  0%] Built target bond_generate_messages_py
[4.388s] [  0%] Built target bond_generate_messages_cpp
[4.601s] [100%] Built target lidar_naive_l_shape_detect
[4.601s] Install the project...
[4.669s] -- Install configuration: "Release"
[4.669s] -- Up-to-date: /home/autoware/Autoware/install/lidar_naive_l_shape_detect/lib/pkgconfig/lidar_naive_l_shape_detect.pc
[4.669s] -- Up-to-date: /home/autoware/Autoware/install/lidar_naive_l_shape_detect/share/lidar_naive_l_shape_detect/cmake/lidar_naive_l_shape_detectConfig.cmake
[4.669s] -- Up-to-date: /home/autoware/Autoware/install/lidar_naive_l_shape_detect/share/lidar_naive_l_shape_detect/cmake/lidar_naive_l_shape_detectConfig-version.cmake
[4.669s] -- Up-to-date: /home/autoware/Autoware/install/lidar_naive_l_shape_detect/share/lidar_naive_l_shape_detect/package.xml
[4.670s] -- Up-to-date: /home/autoware/Autoware/install/lidar_naive_l_shape_detect/lib/lidar_naive_l_shape_detect/lidar_naive_l_shape_detect
[4.670s] -- Up-to-date: /home/autoware/Autoware/install/lidar_naive_l_shape_detect/share/lidar_naive_l_shape_detect/launch
[4.670s] -- Up-to-date: /home/autoware/Autoware/install/lidar_naive_l_shape_detect/share/lidar_naive_l_shape_detect/launch/lidar_naive_l_shape_detect.launch
[4.870s] Invoked command in '/home/autoware/Autoware/build/lidar_naive_l_shape_detect' returned '0': CMAKE_PREFIX_PATH=/home/autoware/Autoware/install/autoware_msgs:/home/autoware/Autoware/install/autoware_build_flags:${CMAKE_PREFIX_PATH} PKG_CONFIG_PATH=/home/autoware/Autoware/install/autoware_msgs/lib/x86_64-linux-gnu/pkgconfig:/home/autoware/Autoware/install/autoware_msgs/lib/pkgconfig:/home/autoware/Autoware/install/autoware_build_flags/lib/x86_64-linux-gnu/pkgconfig:/home/autoware/Autoware/install/autoware_build_flags/lib/pkgconfig:${PKG_CONFIG_PATH} PYTHONPATH=/home/autoware/Autoware/install/autoware_msgs/lib/python2.7/dist-packages:${PYTHONPATH} ROS_PACKAGE_PATH=/home/autoware/Autoware/install/autoware_msgs/share:/home/autoware/Autoware/install/autoware_build_flags/share:${ROS_PACKAGE_PATH} /usr/bin/cmake --build /home/autoware/Autoware/build/lidar_naive_l_shape_detect --target install -- -j32 -l32
