[0.266s] Invoking command in '/home/autoware/Autoware/build/lane_planner': CMAKE_PREFIX_PATH=/home/autoware/Autoware/install/libwaypoint_follower:/home/autoware/Autoware/install/lanelet2_extension:/home/autoware/Autoware/install/vector_map:/home/autoware/Autoware/install/amathutils_lib:/home/autoware/Autoware/install/vector_map_msgs:/home/autoware/Autoware/install/tablet_socket_msgs:/home/autoware/Autoware/install/gnss:/home/autoware/Autoware/install/autoware_msgs:/home/autoware/Autoware/install/autoware_lanelet2_msgs:/home/autoware/Autoware/install/autoware_config_msgs:/home/autoware/Autoware/install/autoware_build_flags:${CMAKE_PREFIX_PATH} LD_LIBRARY_PATH=/home/autoware/Autoware/install/libwaypoint_follower/lib:/home/autoware/Autoware/install/lanelet2_extension/lib:/home/autoware/Autoware/install/vector_map/lib:/home/autoware/Autoware/install/amathutils_lib/lib:/home/autoware/Autoware/install/gnss/lib:${LD_LIBRARY_PATH} PKG_CONFIG_PATH=/home/autoware/Autoware/install/libwaypoint_follower/lib/x86_64-linux-gnu/pkgconfig:/home/autoware/Autoware/install/libwaypoint_follower/lib/pkgconfig:/home/autoware/Autoware/install/lanelet2_extension/lib/x86_64-linux-gnu/pkgconfig:/home/autoware/Autoware/install/lanelet2_extension/lib/pkgconfig:/home/autoware/Autoware/install/vector_map/lib/x86_64-linux-gnu/pkgconfig:/home/autoware/Autoware/install/vector_map/lib/pkgconfig:/home/autoware/Autoware/install/amathutils_lib/lib/x86_64-linux-gnu/pkgconfig:/home/autoware/Autoware/install/amathutils_lib/lib/pkgconfig:/home/autoware/Autoware/install/vector_map_msgs/lib/x86_64-linux-gnu/pkgconfig:/home/autoware/Autoware/install/vector_map_msgs/lib/pkgconfig:/home/autoware/Autoware/install/tablet_socket_msgs/lib/x86_64-linux-gnu/pkgconfig:/home/autoware/Autoware/install/tablet_socket_msgs/lib/pkgconfig:/home/autoware/Autoware/install/gnss/lib/x86_64-linux-gnu/pkgconfig:/home/autoware/Autoware/install/gnss/lib/pkgconfig:/home/autoware/Autoware/install/autoware_msgs/lib/x86_64-linux-gnu/pkgconfig:/home/autoware/Autoware/install/autoware_msgs/lib/pkgconfig:/home/autoware/Autoware/install/autoware_lanelet2_msgs/lib/x86_64-linux-gnu/pkgconfig:/home/autoware/Autoware/install/autoware_lanelet2_msgs/lib/pkgconfig:/home/autoware/Autoware/install/autoware_config_msgs/lib/x86_64-linux-gnu/pkgconfig:/home/autoware/Autoware/install/autoware_config_msgs/lib/pkgconfig:/home/autoware/Autoware/install/autoware_build_flags/lib/x86_64-linux-gnu/pkgconfig:/home/autoware/Autoware/install/autoware_build_flags/lib/pkgconfig:${PKG_CONFIG_PATH} PYTHONPATH=/home/autoware/Autoware/install/vector_map_msgs/lib/python2.7/dist-packages:/home/autoware/Autoware/install/tablet_socket_msgs/lib/python2.7/dist-packages:/home/autoware/Autoware/install/autoware_msgs/lib/python2.7/dist-packages:/home/autoware/Autoware/install/autoware_lanelet2_msgs/lib/python2.7/dist-packages:/home/autoware/Autoware/install/autoware_config_msgs/lib/python2.7/dist-packages:${PYTHONPATH} ROS_PACKAGE_PATH=/home/autoware/Autoware/install/libwaypoint_follower/share:/home/autoware/Autoware/install/lanelet2_extension/share:/home/autoware/Autoware/install/vector_map/share:/home/autoware/Autoware/install/amathutils_lib/share:/home/autoware/Autoware/install/vector_map_msgs/share:/home/autoware/Autoware/install/tablet_socket_msgs/share:/home/autoware/Autoware/install/gnss/share:/home/autoware/Autoware/install/autoware_msgs/share:/home/autoware/Autoware/install/autoware_lanelet2_msgs/share:/home/autoware/Autoware/install/autoware_config_msgs/share:/home/autoware/Autoware/install/autoware_build_flags/share:${ROS_PACKAGE_PATH} /usr/bin/cmake --build /home/autoware/Autoware/build/lane_planner -- -j32 -l32
[0.583s] [  0%] Built target vector_map_msgs_generate_messages_cpp
[0.587s] [  0%] Built target visualization_msgs_generate_messages_nodejs
[0.600s] [  0%] Built target geometry_msgs_generate_messages_lisp
[0.608s] [  0%] Built target std_msgs_generate_messages_py
[0.608s] [  0%] Built target actionlib_generate_messages_cpp
[0.613s] [  0%] Built target sensor_msgs_generate_messages_nodejs
[0.627s] [  0%] Built target rosgraph_msgs_generate_messages_eus
[0.627s] [  0%] Built target roscpp_generate_messages_cpp
[0.635s] [  0%] Built target jsk_recognition_msgs_generate_messages_lisp
[0.650s] [  0%] Built target pcl_msgs_generate_messages_cpp
[0.650s] [  0%] Built target autoware_msgs_generate_messages_eus
[0.650s] [  0%] Built target autoware_msgs_generate_messages_lisp
[0.655s] [  0%] Built target visualization_msgs_generate_messages_py
[0.660s] [  0%] Built target tf2_msgs_generate_messages_cpp
[0.669s] [  0%] Built target vector_map_msgs_generate_messages_py
[0.670s] [  0%] Built target autoware_lanelet2_msgs_generate_messages_lisp
[0.672s] [  0%] Built target vector_map_msgs_generate_messages_lisp
[0.679s] [  0%] Built target vector_map_msgs_generate_messages_eus
[0.683s] [  0%] Built target jsk_recognition_msgs_generate_messages_cpp
[0.687s] [  0%] Built target tf_generate_messages_py
[0.694s] [  0%] Built target autoware_msgs_generate_messages_py
[0.728s] [  0%] Built target tablet_socket_msgs_generate_messages_nodejs
[0.728s] [  0%] Built target geometry_msgs_generate_messages_py
[0.728s] [  0%] Built target tablet_socket_msgs_generate_messages_lisp
[0.728s] [  0%] Built target geometry_msgs_generate_messages_eus
[0.729s] [  0%] Built target std_msgs_generate_messages_cpp
[0.734s] [  0%] Built target actionlib_msgs_generate_messages_nodejs
[0.766s] [  0%] Built target jsk_footstep_msgs_generate_messages_py
[0.767s] [  0%] Built target sensor_msgs_generate_messages_lisp
[0.776s] [  0%] Built target vector_map_msgs_generate_messages_nodejs
[0.802s] [  0%] Built target visualization_msgs_generate_messages_eus
[0.810s] [  0%] Built target sensor_msgs_generate_messages_py
[0.814s] [  0%] Built target tablet_socket_msgs_generate_messages_py
[0.819s] [  0%] Built target jsk_recognition_msgs_generate_messages_eus
[0.868s] [  0%] Built target roscpp_generate_messages_nodejs
[0.870s] [  0%] Built target actionlib_msgs_generate_messages_eus
[0.887s] [  0%] Built target std_msgs_generate_messages_nodejs
[0.889s] [  0%] Built target autoware_msgs_generate_messages_cpp
[0.907s] [  0%] Built target geometry_msgs_generate_messages_nodejs
[0.921s] [  0%] Built target std_msgs_generate_messages_eus
[0.921s] [  0%] Built target sensor_msgs_generate_messages_cpp
[0.928s] [  0%] Built target autoware_config_msgs_generate_messages_lisp
[0.929s] [  0%] Built target roscpp_generate_messages_eus
[0.930s] [  0%] Built target rosgraph_msgs_generate_messages_py
[0.934s] [  0%] Built target autoware_config_msgs_generate_messages_eus
[0.940s] [  0%] Built target visualization_msgs_generate_messages_lisp
[0.972s] [  0%] Built target autoware_config_msgs_generate_messages_py
[0.978s] [  0%] Built target jsk_recognition_msgs_generate_messages_py
[0.979s] [  0%] Built target sensor_msgs_generate_messages_eus
[0.979s] [  0%] Built target actionlib_msgs_generate_messages_py
[1.002s] [  0%] Built target rosgraph_msgs_generate_messages_cpp
[1.015s] [  0%] Built target autoware_msgs_generate_messages_nodejs
[1.041s] [  0%] Built target autoware_lanelet2_msgs_generate_messages_py
[1.053s] [  0%] Built target tf_generate_messages_lisp
[1.110s] [  0%] Built target jsk_footstep_msgs_generate_messages_lisp
[1.110s] [  0%] Built target actionlib_msgs_generate_messages_cpp
[1.110s] [  0%] Built target tablet_socket_msgs_generate_messages_cpp
[1.111s] [  0%] Built target jsk_footstep_msgs_generate_messages_nodejs
[1.111s] [  0%] Built target autoware_lanelet2_msgs_generate_messages_cpp
[1.315s] [  0%] Built target pcl_msgs_generate_messages_nodejs
[1.382s] [  0%] Built target autoware_config_msgs_generate_messages_nodejs
[1.382s] [  0%] Built target jsk_recognition_msgs_generate_messages_nodejs
[1.388s] [  0%] Built target pcl_msgs_generate_messages_eus
[1.392s] [  0%] Built target actionlib_msgs_generate_messages_lisp
[1.392s] [  0%] Built target tf_generate_messages_eus
[1.392s] [  0%] Built target roscpp_generate_messages_lisp
[1.392s] [  0%] Built target rosgraph_msgs_generate_messages_lisp
[1.392s] [  0%] Built target rosgraph_msgs_generate_messages_nodejs
[1.392s] [  0%] Built target jsk_footstep_msgs_generate_messages_cpp
[1.393s] [  0%] Built target visualization_msgs_generate_messages_cpp
[1.393s] [  0%] Built target autoware_config_msgs_generate_messages_cpp
[1.393s] [  0%] Built target actionlib_generate_messages_eus
[1.393s] [  0%] Built target actionlib_generate_messages_py
[1.393s] [  0%] Built target tf2_msgs_generate_messages_eus
[1.393s] [  0%] Built target tf_generate_messages_nodejs
[1.393s] [  0%] Built target actionlib_generate_messages_nodejs
[1.397s] [  0%] Built target pcl_msgs_generate_messages_lisp
[1.397s] [  0%] Built target autoware_lanelet2_msgs_generate_messages_nodejs
[1.398s] [  0%] Built target tablet_socket_msgs_generate_messages_eus
[1.398s] [  0%] Built target roscpp_generate_messages_py
[1.398s] [  0%] Built target actionlib_generate_messages_lisp
[1.398s] [  0%] Built target jsk_footstep_msgs_generate_messages_eus
[1.408s] [  0%] Built target std_msgs_generate_messages_lisp
[1.408s] [  0%] Built target autoware_lanelet2_msgs_generate_messages_eus
[1.408s] [  0%] Built target tf_generate_messages_cpp
[1.436s] [  0%] Built target tf2_msgs_generate_messages_lisp
[1.439s] [  0%] Built target geometry_msgs_generate_messages_cpp
[1.439s] [  0%] Built target pcl_msgs_generate_messages_py
[1.470s] [  0%] Built target tf2_msgs_generate_messages_py
[1.472s] [  0%] Built target tf2_msgs_generate_messages_nodejs
[1.555s] [ 14%] Built target lane_planner
[1.611s] [ 42%] Built target lane_select
[1.645s] [ 57%] Built target lane_rule
[1.646s] [ 71%] Built target lane_rule_lanelet2
[1.670s] [ 85%] Built target lane_stop
[1.671s] [100%] Built target lane_navi
[1.690s] Invoked command in '/home/autoware/Autoware/build/lane_planner' returned '0': CMAKE_PREFIX_PATH=/home/autoware/Autoware/install/libwaypoint_follower:/home/autoware/Autoware/install/lanelet2_extension:/home/autoware/Autoware/install/vector_map:/home/autoware/Autoware/install/amathutils_lib:/home/autoware/Autoware/install/vector_map_msgs:/home/autoware/Autoware/install/tablet_socket_msgs:/home/autoware/Autoware/install/gnss:/home/autoware/Autoware/install/autoware_msgs:/home/autoware/Autoware/install/autoware_lanelet2_msgs:/home/autoware/Autoware/install/autoware_config_msgs:/home/autoware/Autoware/install/autoware_build_flags:${CMAKE_PREFIX_PATH} LD_LIBRARY_PATH=/home/autoware/Autoware/install/libwaypoint_follower/lib:/home/autoware/Autoware/install/lanelet2_extension/lib:/home/autoware/Autoware/install/vector_map/lib:/home/autoware/Autoware/install/amathutils_lib/lib:/home/autoware/Autoware/install/gnss/lib:${LD_LIBRARY_PATH} PKG_CONFIG_PATH=/home/autoware/Autoware/install/libwaypoint_follower/lib/x86_64-linux-gnu/pkgconfig:/home/autoware/Autoware/install/libwaypoint_follower/lib/pkgconfig:/home/autoware/Autoware/install/lanelet2_extension/lib/x86_64-linux-gnu/pkgconfig:/home/autoware/Autoware/install/lanelet2_extension/lib/pkgconfig:/home/autoware/Autoware/install/vector_map/lib/x86_64-linux-gnu/pkgconfig:/home/autoware/Autoware/install/vector_map/lib/pkgconfig:/home/autoware/Autoware/install/amathutils_lib/lib/x86_64-linux-gnu/pkgconfig:/home/autoware/Autoware/install/amathutils_lib/lib/pkgconfig:/home/autoware/Autoware/install/vector_map_msgs/lib/x86_64-linux-gnu/pkgconfig:/home/autoware/Autoware/install/vector_map_msgs/lib/pkgconfig:/home/autoware/Autoware/install/tablet_socket_msgs/lib/x86_64-linux-gnu/pkgconfig:/home/autoware/Autoware/install/tablet_socket_msgs/lib/pkgconfig:/home/autoware/Autoware/install/gnss/lib/x86_64-linux-gnu/pkgconfig:/home/autoware/Autoware/install/gnss/lib/pkgconfig:/home/autoware/Autoware/install/autoware_msgs/lib/x86_64-linux-gnu/pkgconfig:/home/autoware/Autoware/install/autoware_msgs/lib/pkgconfig:/home/autoware/Autoware/install/autoware_lanelet2_msgs/lib/x86_64-linux-gnu/pkgconfig:/home/autoware/Autoware/install/autoware_lanelet2_msgs/lib/pkgconfig:/home/autoware/Autoware/install/autoware_config_msgs/lib/x86_64-linux-gnu/pkgconfig:/home/autoware/Autoware/install/autoware_config_msgs/lib/pkgconfig:/home/autoware/Autoware/install/autoware_build_flags/lib/x86_64-linux-gnu/pkgconfig:/home/autoware/Autoware/install/autoware_build_flags/lib/pkgconfig:${PKG_CONFIG_PATH} PYTHONPATH=/home/autoware/Autoware/install/vector_map_msgs/lib/python2.7/dist-packages:/home/autoware/Autoware/install/tablet_socket_msgs/lib/python2.7/dist-packages:/home/autoware/Autoware/install/autoware_msgs/lib/python2.7/dist-packages:/home/autoware/Autoware/install/autoware_lanelet2_msgs/lib/python2.7/dist-packages:/home/autoware/Autoware/install/autoware_config_msgs/lib/python2.7/dist-packages:${PYTHONPATH} ROS_PACKAGE_PATH=/home/autoware/Autoware/install/libwaypoint_follower/share:/home/autoware/Autoware/install/lanelet2_extension/share:/home/autoware/Autoware/install/vector_map/share:/home/autoware/Autoware/install/amathutils_lib/share:/home/autoware/Autoware/install/vector_map_msgs/share:/home/autoware/Autoware/install/tablet_socket_msgs/share:/home/autoware/Autoware/install/gnss/share:/home/autoware/Autoware/install/autoware_msgs/share:/home/autoware/Autoware/install/autoware_lanelet2_msgs/share:/home/autoware/Autoware/install/autoware_config_msgs/share:/home/autoware/Autoware/install/autoware_build_flags/share:${ROS_PACKAGE_PATH} /usr/bin/cmake --build /home/autoware/Autoware/build/lane_planner -- -j32 -l32
[2.556s] Invoking command in '/home/autoware/Autoware/build/lane_planner': CMAKE_PREFIX_PATH=/home/autoware/Autoware/install/libwaypoint_follower:/home/autoware/Autoware/install/lanelet2_extension:/home/autoware/Autoware/install/vector_map:/home/autoware/Autoware/install/amathutils_lib:/home/autoware/Autoware/install/vector_map_msgs:/home/autoware/Autoware/install/tablet_socket_msgs:/home/autoware/Autoware/install/gnss:/home/autoware/Autoware/install/autoware_msgs:/home/autoware/Autoware/install/autoware_lanelet2_msgs:/home/autoware/Autoware/install/autoware_config_msgs:/home/autoware/Autoware/install/autoware_build_flags:${CMAKE_PREFIX_PATH} LD_LIBRARY_PATH=/home/autoware/Autoware/install/libwaypoint_follower/lib:/home/autoware/Autoware/install/lanelet2_extension/lib:/home/autoware/Autoware/install/vector_map/lib:/home/autoware/Autoware/install/amathutils_lib/lib:/home/autoware/Autoware/install/gnss/lib:${LD_LIBRARY_PATH} PKG_CONFIG_PATH=/home/autoware/Autoware/install/libwaypoint_follower/lib/x86_64-linux-gnu/pkgconfig:/home/autoware/Autoware/install/libwaypoint_follower/lib/pkgconfig:/home/autoware/Autoware/install/lanelet2_extension/lib/x86_64-linux-gnu/pkgconfig:/home/autoware/Autoware/install/lanelet2_extension/lib/pkgconfig:/home/autoware/Autoware/install/vector_map/lib/x86_64-linux-gnu/pkgconfig:/home/autoware/Autoware/install/vector_map/lib/pkgconfig:/home/autoware/Autoware/install/amathutils_lib/lib/x86_64-linux-gnu/pkgconfig:/home/autoware/Autoware/install/amathutils_lib/lib/pkgconfig:/home/autoware/Autoware/install/vector_map_msgs/lib/x86_64-linux-gnu/pkgconfig:/home/autoware/Autoware/install/vector_map_msgs/lib/pkgconfig:/home/autoware/Autoware/install/tablet_socket_msgs/lib/x86_64-linux-gnu/pkgconfig:/home/autoware/Autoware/install/tablet_socket_msgs/lib/pkgconfig:/home/autoware/Autoware/install/gnss/lib/x86_64-linux-gnu/pkgconfig:/home/autoware/Autoware/install/gnss/lib/pkgconfig:/home/autoware/Autoware/install/autoware_msgs/lib/x86_64-linux-gnu/pkgconfig:/home/autoware/Autoware/install/autoware_msgs/lib/pkgconfig:/home/autoware/Autoware/install/autoware_lanelet2_msgs/lib/x86_64-linux-gnu/pkgconfig:/home/autoware/Autoware/install/autoware_lanelet2_msgs/lib/pkgconfig:/home/autoware/Autoware/install/autoware_config_msgs/lib/x86_64-linux-gnu/pkgconfig:/home/autoware/Autoware/install/autoware_config_msgs/lib/pkgconfig:/home/autoware/Autoware/install/autoware_build_flags/lib/x86_64-linux-gnu/pkgconfig:/home/autoware/Autoware/install/autoware_build_flags/lib/pkgconfig:${PKG_CONFIG_PATH} PYTHONPATH=/home/autoware/Autoware/install/vector_map_msgs/lib/python2.7/dist-packages:/home/autoware/Autoware/install/tablet_socket_msgs/lib/python2.7/dist-packages:/home/autoware/Autoware/install/autoware_msgs/lib/python2.7/dist-packages:/home/autoware/Autoware/install/autoware_lanelet2_msgs/lib/python2.7/dist-packages:/home/autoware/Autoware/install/autoware_config_msgs/lib/python2.7/dist-packages:${PYTHONPATH} ROS_PACKAGE_PATH=/home/autoware/Autoware/install/libwaypoint_follower/share:/home/autoware/Autoware/install/lanelet2_extension/share:/home/autoware/Autoware/install/vector_map/share:/home/autoware/Autoware/install/amathutils_lib/share:/home/autoware/Autoware/install/vector_map_msgs/share:/home/autoware/Autoware/install/tablet_socket_msgs/share:/home/autoware/Autoware/install/gnss/share:/home/autoware/Autoware/install/autoware_msgs/share:/home/autoware/Autoware/install/autoware_lanelet2_msgs/share:/home/autoware/Autoware/install/autoware_config_msgs/share:/home/autoware/Autoware/install/autoware_build_flags/share:${ROS_PACKAGE_PATH} /usr/bin/cmake --build /home/autoware/Autoware/build/lane_planner --target tests -- -j32 -l32
[2.706s] [ 33%] Built target gtest
[2.707s] [ 33%] Built target vector_map_msgs_generate_messages_nodejs
[2.707s] [ 33%] Built target vector_map_msgs_generate_messages_lisp
[2.707s] [ 33%] Built target geometry_msgs_generate_messages_eus
[2.707s] [ 33%] Built target autoware_msgs_generate_messages_eus
[2.707s] [ 33%] Built target tablet_socket_msgs_generate_messages_lisp
[2.707s] [ 33%] Built target visualization_msgs_generate_messages_nodejs
[2.707s] [ 33%] Built target vector_map_msgs_generate_messages_cpp
[2.707s] [ 33%] Built target vector_map_msgs_generate_messages_py
[2.707s] [ 33%] Built target vector_map_msgs_generate_messages_eus
[2.707s] [ 33%] Built target std_msgs_generate_messages_cpp
[2.708s] [ 33%] Built target tf_generate_messages_py
[2.708s] [ 33%] Built target visualization_msgs_generate_messages_eus
[2.708s] [ 33%] Built target autoware_msgs_generate_messages_py
[2.708s] [ 33%] Built target actionlib_generate_messages_cpp
[2.708s] [ 33%] Built target jsk_recognition_msgs_generate_messages_lisp
[2.708s] [ 33%] Built target std_msgs_generate_messages_py
[2.708s] [ 33%] Built target jsk_recognition_msgs_generate_messages_eus
[2.710s] [ 33%] Built target sensor_msgs_generate_messages_py
[2.710s] [ 33%] Built target visualization_msgs_generate_messages_py
[2.710s] [ 33%] Built target tf2_msgs_generate_messages_cpp
[2.710s] [ 33%] Built target geometry_msgs_generate_messages_py
[2.710s] [ 33%] Built target sensor_msgs_generate_messages_lisp
[2.711s] [ 33%] Built target tablet_socket_msgs_generate_messages_nodejs
[2.713s] [ 33%] Built target geometry_msgs_generate_messages_lisp
[2.713s] [ 33%] Built target autoware_msgs_generate_messages_lisp
[2.714s] [ 33%] Built target sensor_msgs_generate_messages_nodejs
[2.714s] [ 33%] Built target pcl_msgs_generate_messages_cpp
[2.716s] [ 33%] Built target jsk_recognition_msgs_generate_messages_cpp
[2.716s] [ 33%] Built target roscpp_generate_messages_cpp
[2.716s] [ 33%] Built target rosgraph_msgs_generate_messages_eus
[2.720s] [ 33%] Built target jsk_recognition_msgs_generate_messages_py
[2.747s] [ 33%] Built target actionlib_msgs_generate_messages_eus
[2.747s] [ 33%] Built target autoware_config_msgs_generate_messages_py
[2.748s] [ 33%] Built target jsk_footstep_msgs_generate_messages_py
[2.748s] [ 33%] Built target std_msgs_generate_messages_eus
[2.748s] [ 33%] Built target tablet_socket_msgs_generate_messages_py
[2.748s] [ 33%] Built target autoware_config_msgs_generate_messages_eus
[2.748s] [ 33%] Built target roscpp_generate_messages_eus
[2.748s] [ 33%] Built target visualization_msgs_generate_messages_lisp
[2.748s] [ 33%] Built target rosgraph_msgs_generate_messages_py
[2.748s] [ 33%] Built target autoware_config_msgs_generate_messages_lisp
[2.748s] [ 33%] Built target std_msgs_generate_messages_lisp
[2.748s] [ 33%] Built target sensor_msgs_generate_messages_cpp
[2.748s] [ 33%] Built target tablet_socket_msgs_generate_messages_cpp
[2.748s] [ 33%] Built target autoware_msgs_generate_messages_nodejs
[2.753s] [ 33%] Built target geometry_msgs_generate_messages_nodejs
[2.754s] [ 33%] Built target actionlib_msgs_generate_messages_nodejs
[2.755s] [ 33%] Built target autoware_msgs_generate_messages_cpp
[2.756s] [ 33%] Built target sensor_msgs_generate_messages_eus
[2.757s] [ 33%] Built target jsk_footstep_msgs_generate_messages_lisp
[2.759s] [ 33%] Built target pcl_msgs_generate_messages_eus
[2.759s] [ 33%] Built target rosgraph_msgs_generate_messages_cpp
[2.760s] [ 33%] Built target actionlib_msgs_generate_messages_cpp
[2.762s] [ 33%] Built target tf_generate_messages_eus
[2.762s] [ 33%] Built target std_msgs_generate_messages_nodejs
[2.762s] [ 33%] Built target jsk_footstep_msgs_generate_messages_cpp
[2.762s] [ 33%] Built target actionlib_msgs_generate_messages_py
[2.773s] [ 33%] Built target actionlib_msgs_generate_messages_lisp
[2.773s] [ 33%] Built target roscpp_generate_messages_nodejs
[2.773s] [ 33%] Built target jsk_footstep_msgs_generate_messages_nodejs
[2.773s] [ 33%] Built target pcl_msgs_generate_messages_nodejs
[2.773s] [ 33%] Built target jsk_footstep_msgs_generate_messages_eus
[2.774s] [ 33%] Built target tf_generate_messages_lisp
[2.780s] [ 33%] Built target autoware_config_msgs_generate_messages_nodejs
[2.780s] [ 33%] Built target tf_generate_messages_nodejs
[2.780s] [ 33%] Built target autoware_lanelet2_msgs_generate_messages_cpp
[2.781s] [ 33%] Built target rosgraph_msgs_generate_messages_lisp
[2.783s] [ 33%] Built target autoware_lanelet2_msgs_generate_messages_nodejs
[2.785s] [ 33%] Built target autoware_lanelet2_msgs_generate_messages_py
[2.785s] [ 33%] Built target pcl_msgs_generate_messages_py
[2.787s] [ 33%] Built target pcl_msgs_generate_messages_lisp
[2.787s] [ 33%] Built target roscpp_generate_messages_lisp
[2.787s] [ 33%] Built target actionlib_generate_messages_eus
[2.787s] [ 33%] Built target roscpp_generate_messages_py
[2.789s] [ 33%] Built target jsk_recognition_msgs_generate_messages_nodejs
[2.801s] [ 33%] Built target geometry_msgs_generate_messages_cpp
[2.801s] [ 33%] Built target rosgraph_msgs_generate_messages_nodejs
[2.801s] [ 33%] Built target autoware_config_msgs_generate_messages_cpp
[2.801s] [ 33%] Built target tf2_msgs_generate_messages_lisp
[2.801s] [ 33%] Built target actionlib_generate_messages_lisp
[2.802s] [ 33%] Built target actionlib_generate_messages_py
[2.802s] [ 33%] Built target tf2_msgs_generate_messages_eus
[2.803s] [ 33%] Built target actionlib_generate_messages_nodejs
[2.804s] [ 33%] Built target tf2_msgs_generate_messages_py
[2.804s] [ 33%] Built target tf_generate_messages_cpp
[2.804s] [ 33%] Built target tablet_socket_msgs_generate_messages_eus
[2.805s] [ 33%] Built target autoware_lanelet2_msgs_generate_messages_eus
[2.805s] [ 33%] Built target visualization_msgs_generate_messages_cpp
[2.805s] [ 33%] Built target tf2_msgs_generate_messages_nodejs
[2.805s] [ 33%] Built target autoware_lanelet2_msgs_generate_messages_lisp
[2.862s] [100%] Built target test-lane_select
[2.925s] [100%] Built target tests
[2.960s] Invoked command in '/home/autoware/Autoware/build/lane_planner' returned '0': CMAKE_PREFIX_PATH=/home/autoware/Autoware/install/libwaypoint_follower:/home/autoware/Autoware/install/lanelet2_extension:/home/autoware/Autoware/install/vector_map:/home/autoware/Autoware/install/amathutils_lib:/home/autoware/Autoware/install/vector_map_msgs:/home/autoware/Autoware/install/tablet_socket_msgs:/home/autoware/Autoware/install/gnss:/home/autoware/Autoware/install/autoware_msgs:/home/autoware/Autoware/install/autoware_lanelet2_msgs:/home/autoware/Autoware/install/autoware_config_msgs:/home/autoware/Autoware/install/autoware_build_flags:${CMAKE_PREFIX_PATH} LD_LIBRARY_PATH=/home/autoware/Autoware/install/libwaypoint_follower/lib:/home/autoware/Autoware/install/lanelet2_extension/lib:/home/autoware/Autoware/install/vector_map/lib:/home/autoware/Autoware/install/amathutils_lib/lib:/home/autoware/Autoware/install/gnss/lib:${LD_LIBRARY_PATH} PKG_CONFIG_PATH=/home/autoware/Autoware/install/libwaypoint_follower/lib/x86_64-linux-gnu/pkgconfig:/home/autoware/Autoware/install/libwaypoint_follower/lib/pkgconfig:/home/autoware/Autoware/install/lanelet2_extension/lib/x86_64-linux-gnu/pkgconfig:/home/autoware/Autoware/install/lanelet2_extension/lib/pkgconfig:/home/autoware/Autoware/install/vector_map/lib/x86_64-linux-gnu/pkgconfig:/home/autoware/Autoware/install/vector_map/lib/pkgconfig:/home/autoware/Autoware/install/amathutils_lib/lib/x86_64-linux-gnu/pkgconfig:/home/autoware/Autoware/install/amathutils_lib/lib/pkgconfig:/home/autoware/Autoware/install/vector_map_msgs/lib/x86_64-linux-gnu/pkgconfig:/home/autoware/Autoware/install/vector_map_msgs/lib/pkgconfig:/home/autoware/Autoware/install/tablet_socket_msgs/lib/x86_64-linux-gnu/pkgconfig:/home/autoware/Autoware/install/tablet_socket_msgs/lib/pkgconfig:/home/autoware/Autoware/install/gnss/lib/x86_64-linux-gnu/pkgconfig:/home/autoware/Autoware/install/gnss/lib/pkgconfig:/home/autoware/Autoware/install/autoware_msgs/lib/x86_64-linux-gnu/pkgconfig:/home/autoware/Autoware/install/autoware_msgs/lib/pkgconfig:/home/autoware/Autoware/install/autoware_lanelet2_msgs/lib/x86_64-linux-gnu/pkgconfig:/home/autoware/Autoware/install/autoware_lanelet2_msgs/lib/pkgconfig:/home/autoware/Autoware/install/autoware_config_msgs/lib/x86_64-linux-gnu/pkgconfig:/home/autoware/Autoware/install/autoware_config_msgs/lib/pkgconfig:/home/autoware/Autoware/install/autoware_build_flags/lib/x86_64-linux-gnu/pkgconfig:/home/autoware/Autoware/install/autoware_build_flags/lib/pkgconfig:${PKG_CONFIG_PATH} PYTHONPATH=/home/autoware/Autoware/install/vector_map_msgs/lib/python2.7/dist-packages:/home/autoware/Autoware/install/tablet_socket_msgs/lib/python2.7/dist-packages:/home/autoware/Autoware/install/autoware_msgs/lib/python2.7/dist-packages:/home/autoware/Autoware/install/autoware_lanelet2_msgs/lib/python2.7/dist-packages:/home/autoware/Autoware/install/autoware_config_msgs/lib/python2.7/dist-packages:${PYTHONPATH} ROS_PACKAGE_PATH=/home/autoware/Autoware/install/libwaypoint_follower/share:/home/autoware/Autoware/install/lanelet2_extension/share:/home/autoware/Autoware/install/vector_map/share:/home/autoware/Autoware/install/amathutils_lib/share:/home/autoware/Autoware/install/vector_map_msgs/share:/home/autoware/Autoware/install/tablet_socket_msgs/share:/home/autoware/Autoware/install/gnss/share:/home/autoware/Autoware/install/autoware_msgs/share:/home/autoware/Autoware/install/autoware_lanelet2_msgs/share:/home/autoware/Autoware/install/autoware_config_msgs/share:/home/autoware/Autoware/install/autoware_build_flags/share:${ROS_PACKAGE_PATH} /usr/bin/cmake --build /home/autoware/Autoware/build/lane_planner --target tests -- -j32 -l32
[3.634s] Invoking command in '/home/autoware/Autoware/build/lane_planner': CMAKE_PREFIX_PATH=/home/autoware/Autoware/install/libwaypoint_follower:/home/autoware/Autoware/install/lanelet2_extension:/home/autoware/Autoware/install/vector_map:/home/autoware/Autoware/install/amathutils_lib:/home/autoware/Autoware/install/vector_map_msgs:/home/autoware/Autoware/install/tablet_socket_msgs:/home/autoware/Autoware/install/gnss:/home/autoware/Autoware/install/autoware_msgs:/home/autoware/Autoware/install/autoware_lanelet2_msgs:/home/autoware/Autoware/install/autoware_config_msgs:/home/autoware/Autoware/install/autoware_build_flags:${CMAKE_PREFIX_PATH} LD_LIBRARY_PATH=/home/autoware/Autoware/install/libwaypoint_follower/lib:/home/autoware/Autoware/install/lanelet2_extension/lib:/home/autoware/Autoware/install/vector_map/lib:/home/autoware/Autoware/install/amathutils_lib/lib:/home/autoware/Autoware/install/gnss/lib:${LD_LIBRARY_PATH} PKG_CONFIG_PATH=/home/autoware/Autoware/install/libwaypoint_follower/lib/x86_64-linux-gnu/pkgconfig:/home/autoware/Autoware/install/libwaypoint_follower/lib/pkgconfig:/home/autoware/Autoware/install/lanelet2_extension/lib/x86_64-linux-gnu/pkgconfig:/home/autoware/Autoware/install/lanelet2_extension/lib/pkgconfig:/home/autoware/Autoware/install/vector_map/lib/x86_64-linux-gnu/pkgconfig:/home/autoware/Autoware/install/vector_map/lib/pkgconfig:/home/autoware/Autoware/install/amathutils_lib/lib/x86_64-linux-gnu/pkgconfig:/home/autoware/Autoware/install/amathutils_lib/lib/pkgconfig:/home/autoware/Autoware/install/vector_map_msgs/lib/x86_64-linux-gnu/pkgconfig:/home/autoware/Autoware/install/vector_map_msgs/lib/pkgconfig:/home/autoware/Autoware/install/tablet_socket_msgs/lib/x86_64-linux-gnu/pkgconfig:/home/autoware/Autoware/install/tablet_socket_msgs/lib/pkgconfig:/home/autoware/Autoware/install/gnss/lib/x86_64-linux-gnu/pkgconfig:/home/autoware/Autoware/install/gnss/lib/pkgconfig:/home/autoware/Autoware/install/autoware_msgs/lib/x86_64-linux-gnu/pkgconfig:/home/autoware/Autoware/install/autoware_msgs/lib/pkgconfig:/home/autoware/Autoware/install/autoware_lanelet2_msgs/lib/x86_64-linux-gnu/pkgconfig:/home/autoware/Autoware/install/autoware_lanelet2_msgs/lib/pkgconfig:/home/autoware/Autoware/install/autoware_config_msgs/lib/x86_64-linux-gnu/pkgconfig:/home/autoware/Autoware/install/autoware_config_msgs/lib/pkgconfig:/home/autoware/Autoware/install/autoware_build_flags/lib/x86_64-linux-gnu/pkgconfig:/home/autoware/Autoware/install/autoware_build_flags/lib/pkgconfig:${PKG_CONFIG_PATH} PYTHONPATH=/home/autoware/Autoware/install/vector_map_msgs/lib/python2.7/dist-packages:/home/autoware/Autoware/install/tablet_socket_msgs/lib/python2.7/dist-packages:/home/autoware/Autoware/install/autoware_msgs/lib/python2.7/dist-packages:/home/autoware/Autoware/install/autoware_lanelet2_msgs/lib/python2.7/dist-packages:/home/autoware/Autoware/install/autoware_config_msgs/lib/python2.7/dist-packages:${PYTHONPATH} ROS_PACKAGE_PATH=/home/autoware/Autoware/install/libwaypoint_follower/share:/home/autoware/Autoware/install/lanelet2_extension/share:/home/autoware/Autoware/install/vector_map/share:/home/autoware/Autoware/install/amathutils_lib/share:/home/autoware/Autoware/install/vector_map_msgs/share:/home/autoware/Autoware/install/tablet_socket_msgs/share:/home/autoware/Autoware/install/gnss/share:/home/autoware/Autoware/install/autoware_msgs/share:/home/autoware/Autoware/install/autoware_lanelet2_msgs/share:/home/autoware/Autoware/install/autoware_config_msgs/share:/home/autoware/Autoware/install/autoware_build_flags/share:${ROS_PACKAGE_PATH} /usr/bin/cmake --build /home/autoware/Autoware/build/lane_planner --target install -- -j32 -l32
[3.835s] [  0%] Built target geometry_msgs_generate_messages_lisp
[3.841s] [  0%] Built target rosgraph_msgs_generate_messages_eus
[3.845s] [  0%] Built target geometry_msgs_generate_messages_eus
[3.845s] [  0%] Built target actionlib_generate_messages_cpp
[3.847s] [  0%] Built target autoware_lanelet2_msgs_generate_messages_lisp
[3.849s] [  0%] Built target tablet_socket_msgs_generate_messages_lisp
[3.853s] [  0%] Built target tf_generate_messages_py
[3.853s] [  0%] Built target vector_map_msgs_generate_messages_nodejs
[3.854s] [  0%] Built target sensor_msgs_generate_messages_nodejs
[3.855s] [  0%] Built target visualization_msgs_generate_messages_nodejs
[3.856s] [  0%] Built target geometry_msgs_generate_messages_py
[3.858s] [  0%] Built target tablet_socket_msgs_generate_messages_nodejs
[3.860s] [  0%] Built target autoware_msgs_generate_messages_lisp
[3.861s] [  0%] Built target std_msgs_generate_messages_cpp
[3.863s] [  0%] Built target jsk_recognition_msgs_generate_messages_lisp
[3.863s] [  0%] Built target pcl_msgs_generate_messages_cpp
[3.863s] [  0%] Built target vector_map_msgs_generate_messages_lisp
[3.865s] [  0%] Built target vector_map_msgs_generate_messages_py
[3.867s] [  0%] Built target autoware_msgs_generate_messages_py
[3.869s] [  0%] Built target visualization_msgs_generate_messages_eus
[3.870s] [  0%] Built target jsk_recognition_msgs_generate_messages_py
[3.873s] [  0%] Built target roscpp_generate_messages_cpp
[3.875s] [  0%] Built target tf2_msgs_generate_messages_cpp
[3.877s] [  0%] Built target std_msgs_generate_messages_py
[3.877s] [  0%] Built target vector_map_msgs_generate_messages_cpp
[3.879s] [  0%] Built target visualization_msgs_generate_messages_py
[3.881s] [  0%] Built target jsk_recognition_msgs_generate_messages_eus
[3.886s] [  0%] Built target sensor_msgs_generate_messages_lisp
[3.886s] [  0%] Built target autoware_msgs_generate_messages_eus
[3.888s] [  0%] Built target vector_map_msgs_generate_messages_eus
[3.889s] [  0%] Built target sensor_msgs_generate_messages_py
[3.889s] [  0%] Built target jsk_recognition_msgs_generate_messages_cpp
[3.900s] [  0%] Built target tablet_socket_msgs_generate_messages_py
[3.901s] [  0%] Built target rosgraph_msgs_generate_messages_py
[3.906s] [  0%] Built target autoware_config_msgs_generate_messages_py
[3.908s] [  0%] Built target jsk_footstep_msgs_generate_messages_py
[3.911s] [  0%] Built target actionlib_msgs_generate_messages_eus
[3.912s] [  0%] Built target std_msgs_generate_messages_nodejs
[3.913s] [  0%] Built target autoware_config_msgs_generate_messages_eus
[3.913s] [  0%] Built target std_msgs_generate_messages_eus
[3.914s] [  0%] Built target visualization_msgs_generate_messages_lisp
[3.914s] [  0%] Built target geometry_msgs_generate_messages_nodejs
[3.916s] [  0%] Built target roscpp_generate_messages_eus
[3.919s] [  0%] Built target autoware_msgs_generate_messages_nodejs
[3.920s] [  0%] Built target tablet_socket_msgs_generate_messages_cpp
[3.921s] [  0%] Built target roscpp_generate_messages_nodejs
[3.921s] [  0%] Built target actionlib_msgs_generate_messages_nodejs
[3.922s] [  0%] Built target std_msgs_generate_messages_lisp
[3.924s] [  0%] Built target autoware_config_msgs_generate_messages_lisp
[3.925s] [  0%] Built target sensor_msgs_generate_messages_eus
[3.926s] [  0%] Built target autoware_msgs_generate_messages_cpp
[3.928s] [  0%] Built target jsk_footstep_msgs_generate_messages_nodejs
[3.930s] [  0%] Built target jsk_footstep_msgs_generate_messages_eus
[3.930s] [  0%] Built target rosgraph_msgs_generate_messages_cpp
[3.931s] [  0%] Built target jsk_footstep_msgs_generate_messages_cpp
[3.932s] [  0%] Built target actionlib_msgs_generate_messages_py
[3.932s] [  0%] Built target pcl_msgs_generate_messages_nodejs
[3.934s] [  0%] Built target jsk_footstep_msgs_generate_messages_lisp
[3.935s] [  0%] Built target actionlib_msgs_generate_messages_lisp
[3.935s] [  0%] Built target pcl_msgs_generate_messages_eus
[3.935s] [  0%] Built target sensor_msgs_generate_messages_cpp
[3.944s] [  0%] Built target tf_generate_messages_nodejs
[3.946s] [  0%] Built target autoware_config_msgs_generate_messages_nodejs
[3.946s] [  0%] Built target tf_generate_messages_lisp
[3.947s] [  0%] Built target tf_generate_messages_eus
[3.948s] [  0%] Built target actionlib_msgs_generate_messages_cpp
[3.950s] [  0%] Built target autoware_lanelet2_msgs_generate_messages_py
[3.950s] [  0%] Built target autoware_config_msgs_generate_messages_cpp
[3.952s] [  0%] Built target roscpp_generate_messages_lisp
[3.953s] [  0%] Built target jsk_recognition_msgs_generate_messages_nodejs
[3.954s] [  0%] Built target rosgraph_msgs_generate_messages_nodejs
[3.954s] [  0%] Built target autoware_lanelet2_msgs_generate_messages_cpp
[3.957s] [  0%] Built target autoware_lanelet2_msgs_generate_messages_nodejs
[3.958s] [  0%] Built target actionlib_generate_messages_lisp
[3.960s] [  0%] Built target pcl_msgs_generate_messages_lisp
[3.960s] [  0%] Built target roscpp_generate_messages_py
[3.962s] [  0%] Built target rosgraph_msgs_generate_messages_lisp
[3.963s] [  0%] Built target pcl_msgs_generate_messages_py
[3.963s] [  0%] Built target tablet_socket_msgs_generate_messages_eus
[3.964s] [  0%] Built target actionlib_generate_messages_eus
[3.964s] [  0%] Built target tf_generate_messages_cpp
[3.964s] [  0%] Built target tf2_msgs_generate_messages_nodejs
[3.965s] [  0%] Built target autoware_lanelet2_msgs_generate_messages_eus
[3.966s] [  0%] Built target tf2_msgs_generate_messages_eus
[3.966s] [  0%] Built target tf2_msgs_generate_messages_lisp
[3.966s] [  0%] Built target visualization_msgs_generate_messages_cpp
[3.966s] [  0%] Built target geometry_msgs_generate_messages_cpp
[3.967s] [  0%] Built target actionlib_generate_messages_nodejs
[3.968s] [  0%] Built target tf2_msgs_generate_messages_py
[3.969s] [  0%] Built target actionlib_generate_messages_py
[4.044s] [ 28%] Built target lane_select
[4.045s] [ 42%] Built target lane_planner
[4.057s] [ 57%] Built target lane_rule
[4.063s] [ 85%] Built target lane_stop
[4.063s] [ 85%] Built target lane_rule_lanelet2
[4.064s] [100%] Built target lane_navi
[4.079s] Install the project...
[4.112s] -- Install configuration: "Release"
[4.117s] -- Up-to-date: /home/autoware/Autoware/install/lane_planner/lib/pkgconfig/lane_planner.pc
[4.118s] -- Up-to-date: /home/autoware/Autoware/install/lane_planner/share/lane_planner/cmake/lane_plannerConfig.cmake
[4.119s] -- Up-to-date: /home/autoware/Autoware/install/lane_planner/share/lane_planner/cmake/lane_plannerConfig-version.cmake
[4.119s] -- Up-to-date: /home/autoware/Autoware/install/lane_planner/share/lane_planner/package.xml
[4.119s] -- Up-to-date: /home/autoware/Autoware/install/lane_planner/include/lane_planner
[4.119s] -- Up-to-date: /home/autoware/Autoware/install/lane_planner/include/lane_planner/lane_planner_vmap.hpp
[4.119s] -- Up-to-date: /home/autoware/Autoware/install/lane_planner/lib/lane_planner/lane_navi
[4.119s] -- Up-to-date: /home/autoware/Autoware/install/lane_planner/lib/liblane_planner.so
[4.119s] -- Up-to-date: /home/autoware/Autoware/install/lane_planner/lib/lane_planner/lane_rule
[4.120s] -- Up-to-date: /home/autoware/Autoware/install/lane_planner/lib/lane_planner/lane_rule_lanelet2
[4.120s] -- Up-to-date: /home/autoware/Autoware/install/lane_planner/lib/lane_planner/lane_select
[4.120s] -- Up-to-date: /home/autoware/Autoware/install/lane_planner/lib/lane_planner/lane_stop
[4.120s] -- Up-to-date: /home/autoware/Autoware/install/lane_planner/share/lane_planner/launch
[4.120s] -- Up-to-date: /home/autoware/Autoware/install/lane_planner/share/lane_planner/launch/lane_navi.launch
[4.120s] -- Up-to-date: /home/autoware/Autoware/install/lane_planner/share/lane_planner/launch/lane_rule_option.launch
[4.120s] -- Up-to-date: /home/autoware/Autoware/install/lane_planner/share/lane_planner/launch/lane_select.launch
[4.162s] Invoked command in '/home/autoware/Autoware/build/lane_planner' returned '0': CMAKE_PREFIX_PATH=/home/autoware/Autoware/install/libwaypoint_follower:/home/autoware/Autoware/install/lanelet2_extension:/home/autoware/Autoware/install/vector_map:/home/autoware/Autoware/install/amathutils_lib:/home/autoware/Autoware/install/vector_map_msgs:/home/autoware/Autoware/install/tablet_socket_msgs:/home/autoware/Autoware/install/gnss:/home/autoware/Autoware/install/autoware_msgs:/home/autoware/Autoware/install/autoware_lanelet2_msgs:/home/autoware/Autoware/install/autoware_config_msgs:/home/autoware/Autoware/install/autoware_build_flags:${CMAKE_PREFIX_PATH} LD_LIBRARY_PATH=/home/autoware/Autoware/install/libwaypoint_follower/lib:/home/autoware/Autoware/install/lanelet2_extension/lib:/home/autoware/Autoware/install/vector_map/lib:/home/autoware/Autoware/install/amathutils_lib/lib:/home/autoware/Autoware/install/gnss/lib:${LD_LIBRARY_PATH} PKG_CONFIG_PATH=/home/autoware/Autoware/install/libwaypoint_follower/lib/x86_64-linux-gnu/pkgconfig:/home/autoware/Autoware/install/libwaypoint_follower/lib/pkgconfig:/home/autoware/Autoware/install/lanelet2_extension/lib/x86_64-linux-gnu/pkgconfig:/home/autoware/Autoware/install/lanelet2_extension/lib/pkgconfig:/home/autoware/Autoware/install/vector_map/lib/x86_64-linux-gnu/pkgconfig:/home/autoware/Autoware/install/vector_map/lib/pkgconfig:/home/autoware/Autoware/install/amathutils_lib/lib/x86_64-linux-gnu/pkgconfig:/home/autoware/Autoware/install/amathutils_lib/lib/pkgconfig:/home/autoware/Autoware/install/vector_map_msgs/lib/x86_64-linux-gnu/pkgconfig:/home/autoware/Autoware/install/vector_map_msgs/lib/pkgconfig:/home/autoware/Autoware/install/tablet_socket_msgs/lib/x86_64-linux-gnu/pkgconfig:/home/autoware/Autoware/install/tablet_socket_msgs/lib/pkgconfig:/home/autoware/Autoware/install/gnss/lib/x86_64-linux-gnu/pkgconfig:/home/autoware/Autoware/install/gnss/lib/pkgconfig:/home/autoware/Autoware/install/autoware_msgs/lib/x86_64-linux-gnu/pkgconfig:/home/autoware/Autoware/install/autoware_msgs/lib/pkgconfig:/home/autoware/Autoware/install/autoware_lanelet2_msgs/lib/x86_64-linux-gnu/pkgconfig:/home/autoware/Autoware/install/autoware_lanelet2_msgs/lib/pkgconfig:/home/autoware/Autoware/install/autoware_config_msgs/lib/x86_64-linux-gnu/pkgconfig:/home/autoware/Autoware/install/autoware_config_msgs/lib/pkgconfig:/home/autoware/Autoware/install/autoware_build_flags/lib/x86_64-linux-gnu/pkgconfig:/home/autoware/Autoware/install/autoware_build_flags/lib/pkgconfig:${PKG_CONFIG_PATH} PYTHONPATH=/home/autoware/Autoware/install/vector_map_msgs/lib/python2.7/dist-packages:/home/autoware/Autoware/install/tablet_socket_msgs/lib/python2.7/dist-packages:/home/autoware/Autoware/install/autoware_msgs/lib/python2.7/dist-packages:/home/autoware/Autoware/install/autoware_lanelet2_msgs/lib/python2.7/dist-packages:/home/autoware/Autoware/install/autoware_config_msgs/lib/python2.7/dist-packages:${PYTHONPATH} ROS_PACKAGE_PATH=/home/autoware/Autoware/install/libwaypoint_follower/share:/home/autoware/Autoware/install/lanelet2_extension/share:/home/autoware/Autoware/install/vector_map/share:/home/autoware/Autoware/install/amathutils_lib/share:/home/autoware/Autoware/install/vector_map_msgs/share:/home/autoware/Autoware/install/tablet_socket_msgs/share:/home/autoware/Autoware/install/gnss/share:/home/autoware/Autoware/install/autoware_msgs/share:/home/autoware/Autoware/install/autoware_lanelet2_msgs/share:/home/autoware/Autoware/install/autoware_config_msgs/share:/home/autoware/Autoware/install/autoware_build_flags/share:${ROS_PACKAGE_PATH} /usr/bin/cmake --build /home/autoware/Autoware/build/lane_planner --target install -- -j32 -l32
