Determining if the pthread_create exist failed with the following output:
Change Dir: /home/autoware/Autoware/build/twist_gate/CMakeFiles/CMakeTmp

Run Build Command:"/usr/bin/make" "cmTC_6587d/fast"
/usr/bin/make -f CMakeFiles/cmTC_6587d.dir/build.make CMakeFiles/cmTC_6587d.dir/build
make[1]: Entering directory '/home/autoware/Autoware/build/twist_gate/CMakeFiles/CMakeTmp'
Building C object CMakeFiles/cmTC_6587d.dir/CheckSymbolExists.c.o
/usr/bin/cc    -o CMakeFiles/cmTC_6587d.dir/CheckSymbolExists.c.o   -c /home/autoware/Autoware/build/twist_gate/CMakeFiles/CMakeTmp/CheckSymbolExists.c
Linking C executable cmTC_6587d
/usr/bin/cmake -E cmake_link_script CMakeFiles/cmTC_6587d.dir/link.txt --verbose=1
/usr/bin/cc      -rdynamic CMakeFiles/cmTC_6587d.dir/CheckSymbolExists.c.o  -o cmTC_6587d 
CMakeFiles/cmTC_6587d.dir/CheckSymbolExists.c.o: In function `main':
CheckSymbolExists.c:(.text+0x1b): undefined reference to `pthread_create'
collect2: error: ld returned 1 exit status
CMakeFiles/cmTC_6587d.dir/build.make:97: recipe for target 'cmTC_6587d' failed
make[1]: *** [cmTC_6587d] Error 1
make[1]: Leaving directory '/home/autoware/Autoware/build/twist_gate/CMakeFiles/CMakeTmp'
Makefile:126: recipe for target 'cmTC_6587d/fast' failed
make: *** [cmTC_6587d/fast] Error 2

File /home/autoware/Autoware/build/twist_gate/CMakeFiles/CMakeTmp/CheckSymbolExists.c:
/* */
#include <pthread.h>

int main(int argc, char** argv)
{
  (void)argv;
#ifndef pthread_create
  return ((int*)(&pthread_create))[argc];
#else
  (void)argc;
  return 0;
#endif
}

Determining if the function pthread_create exists in the pthreads failed with the following output:
Change Dir: /home/autoware/Autoware/build/twist_gate/CMakeFiles/CMakeTmp

Run Build Command:"/usr/bin/make" "cmTC_5b2d7/fast"
/usr/bin/make -f CMakeFiles/cmTC_5b2d7.dir/build.make CMakeFiles/cmTC_5b2d7.dir/build
make[1]: Entering directory '/home/autoware/Autoware/build/twist_gate/CMakeFiles/CMakeTmp'
Building C object CMakeFiles/cmTC_5b2d7.dir/CheckFunctionExists.c.o
/usr/bin/cc   -DCHECK_FUNCTION_EXISTS=pthread_create   -o CMakeFiles/cmTC_5b2d7.dir/CheckFunctionExists.c.o   -c /usr/share/cmake-3.10/Modules/CheckFunctionExists.c
Linking C executable cmTC_5b2d7
/usr/bin/cmake -E cmake_link_script CMakeFiles/cmTC_5b2d7.dir/link.txt --verbose=1
/usr/bin/cc  -DCHECK_FUNCTION_EXISTS=pthread_create    -rdynamic CMakeFiles/cmTC_5b2d7.dir/CheckFunctionExists.c.o  -o cmTC_5b2d7 -lpthreads 
/usr/bin/ld: cannot find -lpthreads
collect2: error: ld returned 1 exit status
CMakeFiles/cmTC_5b2d7.dir/build.make:97: recipe for target 'cmTC_5b2d7' failed
make[1]: *** [cmTC_5b2d7] Error 1
make[1]: Leaving directory '/home/autoware/Autoware/build/twist_gate/CMakeFiles/CMakeTmp'
Makefile:126: recipe for target 'cmTC_5b2d7/fast' failed
make: *** [cmTC_5b2d7/fast] Error 2


