[0.086s] Invoking command in '/home/autoware/Autoware/build/dp_planner': CMAKE_PREFIX_PATH=/home/autoware/Autoware/install/op_simu:/home/autoware/Autoware/install/op_planner:/home/autoware/Autoware/install/op_utility:/home/autoware/Autoware/install/map_file:/home/autoware/Autoware/install/vector_map_server:/home/autoware/Autoware/install/libwaypoint_follower:/home/autoware/Autoware/install/lanelet2_extension:/home/autoware/Autoware/install/vector_map:/home/autoware/Autoware/install/amathutils_lib:/home/autoware/Autoware/install/vector_map_msgs:/home/autoware/Autoware/install/autoware_msgs:/home/autoware/Autoware/install/autoware_lanelet2_msgs:/home/autoware/Autoware/install/autoware_can_msgs:/home/autoware/Autoware/install/autoware_build_flags:${CMAKE_PREFIX_PATH} LD_LIBRARY_PATH=/home/autoware/Autoware/install/op_simu/lib:/home/autoware/Autoware/install/op_planner/lib:/home/autoware/Autoware/install/op_utility/lib:/home/autoware/Autoware/install/map_file/lib:/home/autoware/Autoware/install/libwaypoint_follower/lib:/home/autoware/Autoware/install/lanelet2_extension/lib:/home/autoware/Autoware/install/vector_map/lib:/home/autoware/Autoware/install/amathutils_lib/lib:${LD_LIBRARY_PATH} PKG_CONFIG_PATH=/home/autoware/Autoware/install/op_simu/lib/x86_64-linux-gnu/pkgconfig:/home/autoware/Autoware/install/op_simu/lib/pkgconfig:/home/autoware/Autoware/install/op_planner/lib/x86_64-linux-gnu/pkgconfig:/home/autoware/Autoware/install/op_planner/lib/pkgconfig:/home/autoware/Autoware/install/op_utility/lib/x86_64-linux-gnu/pkgconfig:/home/autoware/Autoware/install/op_utility/lib/pkgconfig:/home/autoware/Autoware/install/map_file/lib/x86_64-linux-gnu/pkgconfig:/home/autoware/Autoware/install/map_file/lib/pkgconfig:/home/autoware/Autoware/install/vector_map_server/lib/x86_64-linux-gnu/pkgconfig:/home/autoware/Autoware/install/vector_map_server/lib/pkgconfig:/home/autoware/Autoware/install/libwaypoint_follower/lib/x86_64-linux-gnu/pkgconfig:/home/autoware/Autoware/install/libwaypoint_follower/lib/pkgconfig:/home/autoware/Autoware/install/lanelet2_extension/lib/x86_64-linux-gnu/pkgconfig:/home/autoware/Autoware/install/lanelet2_extension/lib/pkgconfig:/home/autoware/Autoware/install/vector_map/lib/x86_64-linux-gnu/pkgconfig:/home/autoware/Autoware/install/vector_map/lib/pkgconfig:/home/autoware/Autoware/install/amathutils_lib/lib/x86_64-linux-gnu/pkgconfig:/home/autoware/Autoware/install/amathutils_lib/lib/pkgconfig:/home/autoware/Autoware/install/vector_map_msgs/lib/x86_64-linux-gnu/pkgconfig:/home/autoware/Autoware/install/vector_map_msgs/lib/pkgconfig:/home/autoware/Autoware/install/autoware_msgs/lib/x86_64-linux-gnu/pkgconfig:/home/autoware/Autoware/install/autoware_msgs/lib/pkgconfig:/home/autoware/Autoware/install/autoware_lanelet2_msgs/lib/x86_64-linux-gnu/pkgconfig:/home/autoware/Autoware/install/autoware_lanelet2_msgs/lib/pkgconfig:/home/autoware/Autoware/install/autoware_can_msgs/lib/x86_64-linux-gnu/pkgconfig:/home/autoware/Autoware/install/autoware_can_msgs/lib/pkgconfig:/home/autoware/Autoware/install/autoware_build_flags/lib/x86_64-linux-gnu/pkgconfig:/home/autoware/Autoware/install/autoware_build_flags/lib/pkgconfig:${PKG_CONFIG_PATH} PYTHONPATH=/home/autoware/Autoware/install/vector_map_server/lib/python2.7/dist-packages:/home/autoware/Autoware/install/vector_map_msgs/lib/python2.7/dist-packages:/home/autoware/Autoware/install/autoware_msgs/lib/python2.7/dist-packages:/home/autoware/Autoware/install/autoware_lanelet2_msgs/lib/python2.7/dist-packages:/home/autoware/Autoware/install/autoware_can_msgs/lib/python2.7/dist-packages:${PYTHONPATH} ROS_PACKAGE_PATH=/home/autoware/Autoware/install/op_simu/share:/home/autoware/Autoware/install/op_planner/share:/home/autoware/Autoware/install/op_utility/share:/home/autoware/Autoware/install/map_file/share:/home/autoware/Autoware/install/vector_map_server/share:/home/autoware/Autoware/install/libwaypoint_follower/share:/home/autoware/Autoware/install/lanelet2_extension/share:/home/autoware/Autoware/install/vector_map/share:/home/autoware/Autoware/install/amathutils_lib/share:/home/autoware/Autoware/install/vector_map_msgs/share:/home/autoware/Autoware/install/autoware_msgs/share:/home/autoware/Autoware/install/autoware_lanelet2_msgs/share:/home/autoware/Autoware/install/autoware_can_msgs/share:/home/autoware/Autoware/install/autoware_build_flags/share:${ROS_PACKAGE_PATH} /usr/bin/cmake --build /home/autoware/Autoware/build/dp_planner -- -j32 -l32
[0.216s] [  0%] Built target bond_generate_messages_nodejs
[0.218s] [  0%] Built target bond_generate_messages_eus
[0.230s] [  0%] Built target bond_generate_messages_py
[0.233s] [  0%] Built target vector_map_msgs_generate_messages_lisp
[0.234s] [  0%] Built target std_srvs_generate_messages_nodejs
[0.259s] [  0%] Built target vector_map_msgs_generate_messages_py
[0.259s] [  0%] Built target vector_map_msgs_generate_messages_nodejs
[0.259s] [  0%] Built target std_srvs_generate_messages_py
[0.261s] [  0%] Built target pcl_ros_gencfg
[0.266s] [  0%] Built target dynamic_reconfigure_generate_messages_lisp
[0.268s] [  0%] Built target vector_map_msgs_generate_messages_cpp
[0.272s] [  0%] Built target topic_tools_generate_messages_nodejs
[0.272s] [  0%] Built target nodelet_generate_messages_nodejs
[0.274s] [  0%] Built target geometry_msgs_generate_messages_py
[0.281s] [  0%] Built target visualization_msgs_generate_messages_nodejs
[0.284s] [  0%] Built target sensor_msgs_generate_messages_nodejs
[0.286s] [  0%] Built target topic_tools_generate_messages_eus
[0.287s] [  0%] Built target dynamic_reconfigure_generate_messages_eus
[0.287s] [  0%] Built target visualization_msgs_generate_messages_eus
[0.287s] [  0%] Built target nodelet_generate_messages_eus
[0.290s] [  0%] Built target visualization_msgs_generate_messages_py
[0.290s] [  0%] Built target vector_map_msgs_generate_messages_eus
[0.297s] [  0%] Built target std_srvs_generate_messages_lisp
[0.310s] [  0%] Built target topic_tools_generate_messages_cpp
[0.313s] [  0%] Built target vector_map_server_generate_messages_eus
[0.319s] [  0%] Built target actionlib_generate_messages_cpp
[0.337s] [  0%] Built target roscpp_generate_messages_cpp
[0.345s] [  0%] Built target vector_map_server_generate_messages_nodejs
[0.352s] [  0%] Built target jsk_recognition_msgs_generate_messages_lisp
[0.355s] [  0%] Built target pcl_msgs_generate_messages_cpp
[0.358s] [  0%] Built target bond_generate_messages_cpp
[0.371s] [  0%] Built target rosgraph_msgs_generate_messages_eus
[0.375s] [  0%] Built target bond_generate_messages_lisp
[0.375s] [  0%] Built target pcl_msgs_generate_messages_eus
[0.375s] [  0%] Built target tf2_msgs_generate_messages_cpp
[0.398s] [  0%] Built target autoware_can_msgs_generate_messages_cpp
[0.398s] [  0%] Built target nodelet_generate_messages_cpp
[0.399s] [  0%] Built target autoware_can_msgs_generate_messages_lisp
[0.400s] [  0%] Built target autoware_can_msgs_generate_messages_nodejs
[0.417s] [  0%] Built target topic_tools_generate_messages_lisp
[0.417s] [  0%] Built target jsk_recognition_msgs_generate_messages_eus
[0.418s] [  0%] Built target geometry_msgs_generate_messages_eus
[0.424s] [  0%] Built target jsk_recognition_msgs_generate_messages_py
[0.424s] [  0%] Built target sensor_msgs_generate_messages_lisp
[0.432s] [  0%] Built target nodelet_generate_messages_py
[0.433s] [  0%] Built target dynamic_reconfigure_generate_messages_py
[0.434s] [  0%] Built target std_srvs_generate_messages_cpp
[0.434s] [  0%] Built target std_msgs_generate_messages_cpp
[0.448s] [  0%] Built target pcl_msgs_generate_messages_nodejs
[0.455s] [  0%] Built target dynamic_reconfigure_generate_messages_cpp
[0.455s] [  0%] Built target geometry_msgs_generate_messages_lisp
[0.466s] [  0%] Built target jsk_recognition_msgs_generate_messages_cpp
[0.471s] [  0%] Built target actionlib_msgs_generate_messages_nodejs
[0.475s] [  0%] Built target jsk_footstep_msgs_generate_messages_py
[0.477s] [  0%] Built target tf_generate_messages_py
[0.483s] [  0%] Built target nodelet_topic_tools_gencfg
[0.532s] [  0%] Built target roscpp_generate_messages_nodejs
[0.533s] [  0%] Built target std_msgs_generate_messages_py
[0.533s] [  0%] Built target sensor_msgs_generate_messages_eus
[0.533s] [  0%] Built target sensor_msgs_generate_messages_cpp
[0.533s] [  0%] Built target std_msgs_generate_messages_eus
[0.533s] [  0%] Built target autoware_can_msgs_generate_messages_py
[0.534s] [  0%] Built target autoware_msgs_generate_messages_py
[0.534s] [  0%] Built target visualization_msgs_generate_messages_lisp
[0.534s] [  0%] Built target geometry_msgs_generate_messages_nodejs
[0.540s] [  0%] Built target topic_tools_generate_messages_py
[0.543s] [  0%] Built target sensor_msgs_generate_messages_py
[0.548s] [  0%] Built target dynamic_reconfigure_generate_messages_nodejs
[0.549s] [  0%] Built target vector_map_server_generate_messages_lisp
[0.552s] [  0%] Built target std_msgs_generate_messages_lisp
[0.554s] [  0%] Built target rosgraph_msgs_generate_messages_cpp
[0.555s] [  0%] Built target actionlib_msgs_generate_messages_lisp
[0.569s] [  0%] Built target jsk_footstep_msgs_generate_messages_nodejs
[0.574s] [  0%] Built target tf_generate_messages_cpp
[0.579s] [  0%] Built target std_msgs_generate_messages_nodejs
[0.582s] [  0%] Built target autoware_msgs_generate_messages_nodejs
[0.584s] [  0%] Built target actionlib_generate_messages_nodejs
[0.588s] [  0%] Built target autoware_msgs_generate_messages_lisp
[0.588s] [  0%] Built target nodelet_generate_messages_lisp
[0.588s] [  0%] Built target actionlib_msgs_generate_messages_py
[0.590s] [  0%] Built target jsk_footstep_msgs_generate_messages_lisp
[0.594s] [  0%] Built target tf_generate_messages_eus
[0.602s] [  0%] Built target jsk_footstep_msgs_generate_messages_eus
[0.608s] [  0%] Built target pcl_msgs_generate_messages_lisp
[0.621s] [  0%] Built target rosgraph_msgs_generate_messages_nodejs
[0.621s] [  0%] Built target jsk_recognition_msgs_generate_messages_nodejs
[0.621s] [  0%] Built target autoware_msgs_generate_messages_eus
[0.624s] [  0%] Built target autoware_msgs_generate_messages_cpp
[0.631s] [  0%] Built target rosgraph_msgs_generate_messages_py
[0.635s] [  0%] Built target jsk_footstep_msgs_generate_messages_cpp
[0.638s] [  0%] Built target roscpp_generate_messages_lisp
[0.640s] [  0%] Built target rosgraph_msgs_generate_messages_lisp
[0.640s] [  0%] Built target actionlib_msgs_generate_messages_cpp
[0.643s] [  0%] Built target tf_generate_messages_nodejs
[0.643s] [  0%] Built target tf_generate_messages_lisp
[0.646s] [  0%] Built target vector_map_server_generate_messages_py
[0.646s] [  0%] Built target std_srvs_generate_messages_eus
[0.647s] [  0%] Built target geometry_msgs_generate_messages_cpp
[0.656s] [  0%] Built target roscpp_generate_messages_py
[0.659s] [  0%] Built target tf2_msgs_generate_messages_nodejs
[0.660s] [  0%] Built target tf2_msgs_generate_messages_lisp
[0.663s] [  0%] Built target tf2_msgs_generate_messages_eus
[0.663s] [  0%] Built target tf2_msgs_generate_messages_py
[0.665s] [  0%] Built target dynamic_reconfigure_gencfg
[0.665s] [  0%] Built target pcl_msgs_generate_messages_py
[0.667s] [  0%] Built target roscpp_generate_messages_eus
[0.668s] [  0%] Built target actionlib_generate_messages_lisp
[0.668s] [  0%] Built target visualization_msgs_generate_messages_cpp
[0.669s] [  0%] Built target vector_map_server_generate_messages_cpp
[0.670s] [  0%] Built target actionlib_generate_messages_py
[0.671s] [  0%] Built target actionlib_msgs_generate_messages_eus
[0.674s] [  0%] Built target actionlib_generate_messages_eus
[0.675s] [  0%] Built target autoware_can_msgs_generate_messages_eus
[0.736s] [100%] Built target dp_planner
[0.758s] Invoked command in '/home/autoware/Autoware/build/dp_planner' returned '0': CMAKE_PREFIX_PATH=/home/autoware/Autoware/install/op_simu:/home/autoware/Autoware/install/op_planner:/home/autoware/Autoware/install/op_utility:/home/autoware/Autoware/install/map_file:/home/autoware/Autoware/install/vector_map_server:/home/autoware/Autoware/install/libwaypoint_follower:/home/autoware/Autoware/install/lanelet2_extension:/home/autoware/Autoware/install/vector_map:/home/autoware/Autoware/install/amathutils_lib:/home/autoware/Autoware/install/vector_map_msgs:/home/autoware/Autoware/install/autoware_msgs:/home/autoware/Autoware/install/autoware_lanelet2_msgs:/home/autoware/Autoware/install/autoware_can_msgs:/home/autoware/Autoware/install/autoware_build_flags:${CMAKE_PREFIX_PATH} LD_LIBRARY_PATH=/home/autoware/Autoware/install/op_simu/lib:/home/autoware/Autoware/install/op_planner/lib:/home/autoware/Autoware/install/op_utility/lib:/home/autoware/Autoware/install/map_file/lib:/home/autoware/Autoware/install/libwaypoint_follower/lib:/home/autoware/Autoware/install/lanelet2_extension/lib:/home/autoware/Autoware/install/vector_map/lib:/home/autoware/Autoware/install/amathutils_lib/lib:${LD_LIBRARY_PATH} PKG_CONFIG_PATH=/home/autoware/Autoware/install/op_simu/lib/x86_64-linux-gnu/pkgconfig:/home/autoware/Autoware/install/op_simu/lib/pkgconfig:/home/autoware/Autoware/install/op_planner/lib/x86_64-linux-gnu/pkgconfig:/home/autoware/Autoware/install/op_planner/lib/pkgconfig:/home/autoware/Autoware/install/op_utility/lib/x86_64-linux-gnu/pkgconfig:/home/autoware/Autoware/install/op_utility/lib/pkgconfig:/home/autoware/Autoware/install/map_file/lib/x86_64-linux-gnu/pkgconfig:/home/autoware/Autoware/install/map_file/lib/pkgconfig:/home/autoware/Autoware/install/vector_map_server/lib/x86_64-linux-gnu/pkgconfig:/home/autoware/Autoware/install/vector_map_server/lib/pkgconfig:/home/autoware/Autoware/install/libwaypoint_follower/lib/x86_64-linux-gnu/pkgconfig:/home/autoware/Autoware/install/libwaypoint_follower/lib/pkgconfig:/home/autoware/Autoware/install/lanelet2_extension/lib/x86_64-linux-gnu/pkgconfig:/home/autoware/Autoware/install/lanelet2_extension/lib/pkgconfig:/home/autoware/Autoware/install/vector_map/lib/x86_64-linux-gnu/pkgconfig:/home/autoware/Autoware/install/vector_map/lib/pkgconfig:/home/autoware/Autoware/install/amathutils_lib/lib/x86_64-linux-gnu/pkgconfig:/home/autoware/Autoware/install/amathutils_lib/lib/pkgconfig:/home/autoware/Autoware/install/vector_map_msgs/lib/x86_64-linux-gnu/pkgconfig:/home/autoware/Autoware/install/vector_map_msgs/lib/pkgconfig:/home/autoware/Autoware/install/autoware_msgs/lib/x86_64-linux-gnu/pkgconfig:/home/autoware/Autoware/install/autoware_msgs/lib/pkgconfig:/home/autoware/Autoware/install/autoware_lanelet2_msgs/lib/x86_64-linux-gnu/pkgconfig:/home/autoware/Autoware/install/autoware_lanelet2_msgs/lib/pkgconfig:/home/autoware/Autoware/install/autoware_can_msgs/lib/x86_64-linux-gnu/pkgconfig:/home/autoware/Autoware/install/autoware_can_msgs/lib/pkgconfig:/home/autoware/Autoware/install/autoware_build_flags/lib/x86_64-linux-gnu/pkgconfig:/home/autoware/Autoware/install/autoware_build_flags/lib/pkgconfig:${PKG_CONFIG_PATH} PYTHONPATH=/home/autoware/Autoware/install/vector_map_server/lib/python2.7/dist-packages:/home/autoware/Autoware/install/vector_map_msgs/lib/python2.7/dist-packages:/home/autoware/Autoware/install/autoware_msgs/lib/python2.7/dist-packages:/home/autoware/Autoware/install/autoware_lanelet2_msgs/lib/python2.7/dist-packages:/home/autoware/Autoware/install/autoware_can_msgs/lib/python2.7/dist-packages:${PYTHONPATH} ROS_PACKAGE_PATH=/home/autoware/Autoware/install/op_simu/share:/home/autoware/Autoware/install/op_planner/share:/home/autoware/Autoware/install/op_utility/share:/home/autoware/Autoware/install/map_file/share:/home/autoware/Autoware/install/vector_map_server/share:/home/autoware/Autoware/install/libwaypoint_follower/share:/home/autoware/Autoware/install/lanelet2_extension/share:/home/autoware/Autoware/install/vector_map/share:/home/autoware/Autoware/install/amathutils_lib/share:/home/autoware/Autoware/install/vector_map_msgs/share:/home/autoware/Autoware/install/autoware_msgs/share:/home/autoware/Autoware/install/autoware_lanelet2_msgs/share:/home/autoware/Autoware/install/autoware_can_msgs/share:/home/autoware/Autoware/install/autoware_build_flags/share:${ROS_PACKAGE_PATH} /usr/bin/cmake --build /home/autoware/Autoware/build/dp_planner -- -j32 -l32
[1.024s] Invoking command in '/home/autoware/Autoware/build/dp_planner': CMAKE_PREFIX_PATH=/home/autoware/Autoware/install/op_simu:/home/autoware/Autoware/install/op_planner:/home/autoware/Autoware/install/op_utility:/home/autoware/Autoware/install/map_file:/home/autoware/Autoware/install/vector_map_server:/home/autoware/Autoware/install/libwaypoint_follower:/home/autoware/Autoware/install/lanelet2_extension:/home/autoware/Autoware/install/vector_map:/home/autoware/Autoware/install/amathutils_lib:/home/autoware/Autoware/install/vector_map_msgs:/home/autoware/Autoware/install/autoware_msgs:/home/autoware/Autoware/install/autoware_lanelet2_msgs:/home/autoware/Autoware/install/autoware_can_msgs:/home/autoware/Autoware/install/autoware_build_flags:${CMAKE_PREFIX_PATH} LD_LIBRARY_PATH=/home/autoware/Autoware/install/op_simu/lib:/home/autoware/Autoware/install/op_planner/lib:/home/autoware/Autoware/install/op_utility/lib:/home/autoware/Autoware/install/map_file/lib:/home/autoware/Autoware/install/libwaypoint_follower/lib:/home/autoware/Autoware/install/lanelet2_extension/lib:/home/autoware/Autoware/install/vector_map/lib:/home/autoware/Autoware/install/amathutils_lib/lib:${LD_LIBRARY_PATH} PKG_CONFIG_PATH=/home/autoware/Autoware/install/op_simu/lib/x86_64-linux-gnu/pkgconfig:/home/autoware/Autoware/install/op_simu/lib/pkgconfig:/home/autoware/Autoware/install/op_planner/lib/x86_64-linux-gnu/pkgconfig:/home/autoware/Autoware/install/op_planner/lib/pkgconfig:/home/autoware/Autoware/install/op_utility/lib/x86_64-linux-gnu/pkgconfig:/home/autoware/Autoware/install/op_utility/lib/pkgconfig:/home/autoware/Autoware/install/map_file/lib/x86_64-linux-gnu/pkgconfig:/home/autoware/Autoware/install/map_file/lib/pkgconfig:/home/autoware/Autoware/install/vector_map_server/lib/x86_64-linux-gnu/pkgconfig:/home/autoware/Autoware/install/vector_map_server/lib/pkgconfig:/home/autoware/Autoware/install/libwaypoint_follower/lib/x86_64-linux-gnu/pkgconfig:/home/autoware/Autoware/install/libwaypoint_follower/lib/pkgconfig:/home/autoware/Autoware/install/lanelet2_extension/lib/x86_64-linux-gnu/pkgconfig:/home/autoware/Autoware/install/lanelet2_extension/lib/pkgconfig:/home/autoware/Autoware/install/vector_map/lib/x86_64-linux-gnu/pkgconfig:/home/autoware/Autoware/install/vector_map/lib/pkgconfig:/home/autoware/Autoware/install/amathutils_lib/lib/x86_64-linux-gnu/pkgconfig:/home/autoware/Autoware/install/amathutils_lib/lib/pkgconfig:/home/autoware/Autoware/install/vector_map_msgs/lib/x86_64-linux-gnu/pkgconfig:/home/autoware/Autoware/install/vector_map_msgs/lib/pkgconfig:/home/autoware/Autoware/install/autoware_msgs/lib/x86_64-linux-gnu/pkgconfig:/home/autoware/Autoware/install/autoware_msgs/lib/pkgconfig:/home/autoware/Autoware/install/autoware_lanelet2_msgs/lib/x86_64-linux-gnu/pkgconfig:/home/autoware/Autoware/install/autoware_lanelet2_msgs/lib/pkgconfig:/home/autoware/Autoware/install/autoware_can_msgs/lib/x86_64-linux-gnu/pkgconfig:/home/autoware/Autoware/install/autoware_can_msgs/lib/pkgconfig:/home/autoware/Autoware/install/autoware_build_flags/lib/x86_64-linux-gnu/pkgconfig:/home/autoware/Autoware/install/autoware_build_flags/lib/pkgconfig:${PKG_CONFIG_PATH} PYTHONPATH=/home/autoware/Autoware/install/vector_map_server/lib/python2.7/dist-packages:/home/autoware/Autoware/install/vector_map_msgs/lib/python2.7/dist-packages:/home/autoware/Autoware/install/autoware_msgs/lib/python2.7/dist-packages:/home/autoware/Autoware/install/autoware_lanelet2_msgs/lib/python2.7/dist-packages:/home/autoware/Autoware/install/autoware_can_msgs/lib/python2.7/dist-packages:${PYTHONPATH} ROS_PACKAGE_PATH=/home/autoware/Autoware/install/op_simu/share:/home/autoware/Autoware/install/op_planner/share:/home/autoware/Autoware/install/op_utility/share:/home/autoware/Autoware/install/map_file/share:/home/autoware/Autoware/install/vector_map_server/share:/home/autoware/Autoware/install/libwaypoint_follower/share:/home/autoware/Autoware/install/lanelet2_extension/share:/home/autoware/Autoware/install/vector_map/share:/home/autoware/Autoware/install/amathutils_lib/share:/home/autoware/Autoware/install/vector_map_msgs/share:/home/autoware/Autoware/install/autoware_msgs/share:/home/autoware/Autoware/install/autoware_lanelet2_msgs/share:/home/autoware/Autoware/install/autoware_can_msgs/share:/home/autoware/Autoware/install/autoware_build_flags/share:${ROS_PACKAGE_PATH} /usr/bin/cmake --build /home/autoware/Autoware/build/dp_planner --target tests -- -j32 -l32
[1.119s] Built target tests
[1.141s] Invoked command in '/home/autoware/Autoware/build/dp_planner' returned '0': CMAKE_PREFIX_PATH=/home/autoware/Autoware/install/op_simu:/home/autoware/Autoware/install/op_planner:/home/autoware/Autoware/install/op_utility:/home/autoware/Autoware/install/map_file:/home/autoware/Autoware/install/vector_map_server:/home/autoware/Autoware/install/libwaypoint_follower:/home/autoware/Autoware/install/lanelet2_extension:/home/autoware/Autoware/install/vector_map:/home/autoware/Autoware/install/amathutils_lib:/home/autoware/Autoware/install/vector_map_msgs:/home/autoware/Autoware/install/autoware_msgs:/home/autoware/Autoware/install/autoware_lanelet2_msgs:/home/autoware/Autoware/install/autoware_can_msgs:/home/autoware/Autoware/install/autoware_build_flags:${CMAKE_PREFIX_PATH} LD_LIBRARY_PATH=/home/autoware/Autoware/install/op_simu/lib:/home/autoware/Autoware/install/op_planner/lib:/home/autoware/Autoware/install/op_utility/lib:/home/autoware/Autoware/install/map_file/lib:/home/autoware/Autoware/install/libwaypoint_follower/lib:/home/autoware/Autoware/install/lanelet2_extension/lib:/home/autoware/Autoware/install/vector_map/lib:/home/autoware/Autoware/install/amathutils_lib/lib:${LD_LIBRARY_PATH} PKG_CONFIG_PATH=/home/autoware/Autoware/install/op_simu/lib/x86_64-linux-gnu/pkgconfig:/home/autoware/Autoware/install/op_simu/lib/pkgconfig:/home/autoware/Autoware/install/op_planner/lib/x86_64-linux-gnu/pkgconfig:/home/autoware/Autoware/install/op_planner/lib/pkgconfig:/home/autoware/Autoware/install/op_utility/lib/x86_64-linux-gnu/pkgconfig:/home/autoware/Autoware/install/op_utility/lib/pkgconfig:/home/autoware/Autoware/install/map_file/lib/x86_64-linux-gnu/pkgconfig:/home/autoware/Autoware/install/map_file/lib/pkgconfig:/home/autoware/Autoware/install/vector_map_server/lib/x86_64-linux-gnu/pkgconfig:/home/autoware/Autoware/install/vector_map_server/lib/pkgconfig:/home/autoware/Autoware/install/libwaypoint_follower/lib/x86_64-linux-gnu/pkgconfig:/home/autoware/Autoware/install/libwaypoint_follower/lib/pkgconfig:/home/autoware/Autoware/install/lanelet2_extension/lib/x86_64-linux-gnu/pkgconfig:/home/autoware/Autoware/install/lanelet2_extension/lib/pkgconfig:/home/autoware/Autoware/install/vector_map/lib/x86_64-linux-gnu/pkgconfig:/home/autoware/Autoware/install/vector_map/lib/pkgconfig:/home/autoware/Autoware/install/amathutils_lib/lib/x86_64-linux-gnu/pkgconfig:/home/autoware/Autoware/install/amathutils_lib/lib/pkgconfig:/home/autoware/Autoware/install/vector_map_msgs/lib/x86_64-linux-gnu/pkgconfig:/home/autoware/Autoware/install/vector_map_msgs/lib/pkgconfig:/home/autoware/Autoware/install/autoware_msgs/lib/x86_64-linux-gnu/pkgconfig:/home/autoware/Autoware/install/autoware_msgs/lib/pkgconfig:/home/autoware/Autoware/install/autoware_lanelet2_msgs/lib/x86_64-linux-gnu/pkgconfig:/home/autoware/Autoware/install/autoware_lanelet2_msgs/lib/pkgconfig:/home/autoware/Autoware/install/autoware_can_msgs/lib/x86_64-linux-gnu/pkgconfig:/home/autoware/Autoware/install/autoware_can_msgs/lib/pkgconfig:/home/autoware/Autoware/install/autoware_build_flags/lib/x86_64-linux-gnu/pkgconfig:/home/autoware/Autoware/install/autoware_build_flags/lib/pkgconfig:${PKG_CONFIG_PATH} PYTHONPATH=/home/autoware/Autoware/install/vector_map_server/lib/python2.7/dist-packages:/home/autoware/Autoware/install/vector_map_msgs/lib/python2.7/dist-packages:/home/autoware/Autoware/install/autoware_msgs/lib/python2.7/dist-packages:/home/autoware/Autoware/install/autoware_lanelet2_msgs/lib/python2.7/dist-packages:/home/autoware/Autoware/install/autoware_can_msgs/lib/python2.7/dist-packages:${PYTHONPATH} ROS_PACKAGE_PATH=/home/autoware/Autoware/install/op_simu/share:/home/autoware/Autoware/install/op_planner/share:/home/autoware/Autoware/install/op_utility/share:/home/autoware/Autoware/install/map_file/share:/home/autoware/Autoware/install/vector_map_server/share:/home/autoware/Autoware/install/libwaypoint_follower/share:/home/autoware/Autoware/install/lanelet2_extension/share:/home/autoware/Autoware/install/vector_map/share:/home/autoware/Autoware/install/amathutils_lib/share:/home/autoware/Autoware/install/vector_map_msgs/share:/home/autoware/Autoware/install/autoware_msgs/share:/home/autoware/Autoware/install/autoware_lanelet2_msgs/share:/home/autoware/Autoware/install/autoware_can_msgs/share:/home/autoware/Autoware/install/autoware_build_flags/share:${ROS_PACKAGE_PATH} /usr/bin/cmake --build /home/autoware/Autoware/build/dp_planner --target tests -- -j32 -l32
[1.328s] Invoking command in '/home/autoware/Autoware/build/dp_planner': CMAKE_PREFIX_PATH=/home/autoware/Autoware/install/op_simu:/home/autoware/Autoware/install/op_planner:/home/autoware/Autoware/install/op_utility:/home/autoware/Autoware/install/map_file:/home/autoware/Autoware/install/vector_map_server:/home/autoware/Autoware/install/libwaypoint_follower:/home/autoware/Autoware/install/lanelet2_extension:/home/autoware/Autoware/install/vector_map:/home/autoware/Autoware/install/amathutils_lib:/home/autoware/Autoware/install/vector_map_msgs:/home/autoware/Autoware/install/autoware_msgs:/home/autoware/Autoware/install/autoware_lanelet2_msgs:/home/autoware/Autoware/install/autoware_can_msgs:/home/autoware/Autoware/install/autoware_build_flags:${CMAKE_PREFIX_PATH} LD_LIBRARY_PATH=/home/autoware/Autoware/install/op_simu/lib:/home/autoware/Autoware/install/op_planner/lib:/home/autoware/Autoware/install/op_utility/lib:/home/autoware/Autoware/install/map_file/lib:/home/autoware/Autoware/install/libwaypoint_follower/lib:/home/autoware/Autoware/install/lanelet2_extension/lib:/home/autoware/Autoware/install/vector_map/lib:/home/autoware/Autoware/install/amathutils_lib/lib:${LD_LIBRARY_PATH} PKG_CONFIG_PATH=/home/autoware/Autoware/install/op_simu/lib/x86_64-linux-gnu/pkgconfig:/home/autoware/Autoware/install/op_simu/lib/pkgconfig:/home/autoware/Autoware/install/op_planner/lib/x86_64-linux-gnu/pkgconfig:/home/autoware/Autoware/install/op_planner/lib/pkgconfig:/home/autoware/Autoware/install/op_utility/lib/x86_64-linux-gnu/pkgconfig:/home/autoware/Autoware/install/op_utility/lib/pkgconfig:/home/autoware/Autoware/install/map_file/lib/x86_64-linux-gnu/pkgconfig:/home/autoware/Autoware/install/map_file/lib/pkgconfig:/home/autoware/Autoware/install/vector_map_server/lib/x86_64-linux-gnu/pkgconfig:/home/autoware/Autoware/install/vector_map_server/lib/pkgconfig:/home/autoware/Autoware/install/libwaypoint_follower/lib/x86_64-linux-gnu/pkgconfig:/home/autoware/Autoware/install/libwaypoint_follower/lib/pkgconfig:/home/autoware/Autoware/install/lanelet2_extension/lib/x86_64-linux-gnu/pkgconfig:/home/autoware/Autoware/install/lanelet2_extension/lib/pkgconfig:/home/autoware/Autoware/install/vector_map/lib/x86_64-linux-gnu/pkgconfig:/home/autoware/Autoware/install/vector_map/lib/pkgconfig:/home/autoware/Autoware/install/amathutils_lib/lib/x86_64-linux-gnu/pkgconfig:/home/autoware/Autoware/install/amathutils_lib/lib/pkgconfig:/home/autoware/Autoware/install/vector_map_msgs/lib/x86_64-linux-gnu/pkgconfig:/home/autoware/Autoware/install/vector_map_msgs/lib/pkgconfig:/home/autoware/Autoware/install/autoware_msgs/lib/x86_64-linux-gnu/pkgconfig:/home/autoware/Autoware/install/autoware_msgs/lib/pkgconfig:/home/autoware/Autoware/install/autoware_lanelet2_msgs/lib/x86_64-linux-gnu/pkgconfig:/home/autoware/Autoware/install/autoware_lanelet2_msgs/lib/pkgconfig:/home/autoware/Autoware/install/autoware_can_msgs/lib/x86_64-linux-gnu/pkgconfig:/home/autoware/Autoware/install/autoware_can_msgs/lib/pkgconfig:/home/autoware/Autoware/install/autoware_build_flags/lib/x86_64-linux-gnu/pkgconfig:/home/autoware/Autoware/install/autoware_build_flags/lib/pkgconfig:${PKG_CONFIG_PATH} PYTHONPATH=/home/autoware/Autoware/install/vector_map_server/lib/python2.7/dist-packages:/home/autoware/Autoware/install/vector_map_msgs/lib/python2.7/dist-packages:/home/autoware/Autoware/install/autoware_msgs/lib/python2.7/dist-packages:/home/autoware/Autoware/install/autoware_lanelet2_msgs/lib/python2.7/dist-packages:/home/autoware/Autoware/install/autoware_can_msgs/lib/python2.7/dist-packages:${PYTHONPATH} ROS_PACKAGE_PATH=/home/autoware/Autoware/install/op_simu/share:/home/autoware/Autoware/install/op_planner/share:/home/autoware/Autoware/install/op_utility/share:/home/autoware/Autoware/install/map_file/share:/home/autoware/Autoware/install/vector_map_server/share:/home/autoware/Autoware/install/libwaypoint_follower/share:/home/autoware/Autoware/install/lanelet2_extension/share:/home/autoware/Autoware/install/vector_map/share:/home/autoware/Autoware/install/amathutils_lib/share:/home/autoware/Autoware/install/vector_map_msgs/share:/home/autoware/Autoware/install/autoware_msgs/share:/home/autoware/Autoware/install/autoware_lanelet2_msgs/share:/home/autoware/Autoware/install/autoware_can_msgs/share:/home/autoware/Autoware/install/autoware_build_flags/share:${ROS_PACKAGE_PATH} /usr/bin/cmake --build /home/autoware/Autoware/build/dp_planner --target install -- -j32 -l32
[1.443s] [  0%] Built target visualization_msgs_generate_messages_py
[1.444s] [  0%] Built target dynamic_reconfigure_generate_messages_lisp
[1.449s] [  0%] Built target vector_map_server_generate_messages_nodejs
[1.452s] [  0%] Built target pcl_ros_gencfg
[1.454s] [  0%] Built target bond_generate_messages_cpp
[1.458s] [  0%] Built target topic_tools_generate_messages_cpp
[1.459s] [  0%] Built target nodelet_generate_messages_eus
[1.463s] [  0%] Built target actionlib_generate_messages_cpp
[1.466s] [  0%] Built target visualization_msgs_generate_messages_eus
[1.469s] [  0%] Built target topic_tools_generate_messages_eus
[1.480s] [  0%] Built target dynamic_reconfigure_generate_messages_eus
[1.493s] [  0%] Built target std_srvs_generate_messages_nodejs
[1.494s] [  0%] Built target bond_generate_messages_eus
[1.494s] [  0%] Built target bond_generate_messages_lisp
[1.495s] [  0%] Built target vector_map_msgs_generate_messages_py
[1.495s] [  0%] Built target topic_tools_generate_messages_nodejs
[1.497s] [  0%] Built target std_srvs_generate_messages_py
[1.519s] [  0%] Built target bond_generate_messages_nodejs
[1.527s] [  0%] Built target nodelet_generate_messages_nodejs
[1.527s] [  0%] Built target pcl_msgs_generate_messages_eus
[1.528s] [  0%] Built target vector_map_server_generate_messages_eus
[1.529s] [  0%] Built target bond_generate_messages_py
[1.530s] [  0%] Built target nodelet_generate_messages_cpp
[1.531s] [  0%] Built target vector_map_msgs_generate_messages_lisp
[1.533s] [  0%] Built target roscpp_generate_messages_cpp
[1.562s] [  0%] Built target vector_map_msgs_generate_messages_cpp
[1.568s] [  0%] Built target std_srvs_generate_messages_lisp
[1.579s] [  0%] Built target geometry_msgs_generate_messages_py
[1.619s] [  0%] Built target topic_tools_generate_messages_lisp
[1.633s] [  0%] Built target sensor_msgs_generate_messages_nodejs
[1.634s] [  0%] Built target vector_map_msgs_generate_messages_eus
[1.642s] [  0%] Built target vector_map_msgs_generate_messages_nodejs
[1.647s] [  0%] Built target geometry_msgs_generate_messages_eus
[1.658s] [  0%] Built target visualization_msgs_generate_messages_nodejs
[1.674s] [  0%] Built target rosgraph_msgs_generate_messages_eus
[1.688s] [  0%] Built target pcl_msgs_generate_messages_cpp
[1.691s] [  0%] Built target actionlib_msgs_generate_messages_nodejs
[1.694s] [  0%] Built target tf2_msgs_generate_messages_cpp
[1.706s] [  0%] Built target nodelet_generate_messages_py
[1.708s] [  0%] Built target pcl_msgs_generate_messages_nodejs
[1.708s] [  0%] Built target jsk_recognition_msgs_generate_messages_cpp
[1.721s] [  0%] Built target dynamic_reconfigure_generate_messages_cpp
[1.724s] [  0%] Built target jsk_recognition_msgs_generate_messages_lisp
[1.729s] [  0%] Built target visualization_msgs_generate_messages_lisp
[1.749s] [  0%] Built target jsk_recognition_msgs_generate_messages_py
[1.760s] [  0%] Built target std_srvs_generate_messages_cpp
[1.765s] [  0%] Built target sensor_msgs_generate_messages_lisp
[1.774s] [  0%] Built target dynamic_reconfigure_generate_messages_py
[1.779s] [  0%] Built target jsk_recognition_msgs_generate_messages_eus
[1.790s] [  0%] Built target tf_generate_messages_py
[1.797s] [  0%] Built target autoware_can_msgs_generate_messages_nodejs
[1.804s] [  0%] Built target nodelet_topic_tools_gencfg
[1.808s] [  0%] Built target std_msgs_generate_messages_cpp
[1.811s] [  0%] Built target autoware_can_msgs_generate_messages_lisp
[1.825s] [  0%] Built target geometry_msgs_generate_messages_lisp
[1.828s] [  0%] Built target topic_tools_generate_messages_py
[1.829s] [  0%] Built target jsk_footstep_msgs_generate_messages_py
[1.835s] [  0%] Built target geometry_msgs_generate_messages_nodejs
[1.836s] [  0%] Built target sensor_msgs_generate_messages_py
[1.917s] [  0%] Built target autoware_can_msgs_generate_messages_py
[1.917s] [  0%] Built target sensor_msgs_generate_messages_eus
[1.921s] [  0%] Built target autoware_can_msgs_generate_messages_cpp
[1.929s] [  0%] Built target std_msgs_generate_messages_nodejs
[1.931s] [  0%] Built target jsk_footstep_msgs_generate_messages_eus
[1.956s] [  0%] Built target jsk_footstep_msgs_generate_messages_nodejs
[1.956s] [  0%] Built target std_msgs_generate_messages_py
[1.957s] [  0%] Built target std_msgs_generate_messages_lisp
[1.957s] [  0%] Built target vector_map_server_generate_messages_lisp
[1.970s] [  0%] Built target autoware_msgs_generate_messages_cpp
[1.975s] [  0%] Built target actionlib_msgs_generate_messages_py
[1.980s] [  0%] Built target autoware_msgs_generate_messages_lisp
[1.988s] [  0%] Built target std_msgs_generate_messages_eus
[1.993s] [  0%] Built target sensor_msgs_generate_messages_cpp
[1.994s] [  0%] Built target autoware_msgs_generate_messages_nodejs
[2.002s] [  0%] Built target autoware_msgs_generate_messages_py
[2.006s] [  0%] Built target tf_generate_messages_nodejs
[2.018s] [  0%] Built target actionlib_generate_messages_nodejs
[2.035s] [  0%] Built target roscpp_generate_messages_lisp
[2.039s] [  0%] Built target jsk_footstep_msgs_generate_messages_lisp
[2.039s] [  0%] Built target dynamic_reconfigure_generate_messages_nodejs
[2.064s] [  0%] Built target actionlib_msgs_generate_messages_lisp
[2.068s] [  0%] Built target tf_generate_messages_cpp
[2.094s] [  0%] Built target rosgraph_msgs_generate_messages_lisp
[2.105s] [  0%] Built target autoware_msgs_generate_messages_eus
[2.109s] [  0%] Built target roscpp_generate_messages_nodejs
[2.111s] [  0%] Built target std_srvs_generate_messages_eus
[2.114s] [  0%] Built target actionlib_msgs_generate_messages_cpp
[2.115s] [  0%] Built target roscpp_generate_messages_eus
[2.121s] [  0%] Built target jsk_recognition_msgs_generate_messages_nodejs
[2.127s] [  0%] Built target jsk_footstep_msgs_generate_messages_cpp
[2.129s] [  0%] Built target rosgraph_msgs_generate_messages_cpp
[2.136s] [  0%] Built target roscpp_generate_messages_py
[2.140s] [  0%] Built target tf_generate_messages_eus
[2.146s] [  0%] Built target rosgraph_msgs_generate_messages_nodejs
[2.159s] [  0%] Built target tf_generate_messages_lisp
[2.160s] [  0%] Built target nodelet_generate_messages_lisp
[2.177s] [  0%] Built target rosgraph_msgs_generate_messages_py
[2.177s] [  0%] Built target vector_map_server_generate_messages_py
[2.178s] [  0%] Built target pcl_msgs_generate_messages_lisp
[2.183s] [  0%] Built target pcl_msgs_generate_messages_py
[2.186s] [  0%] Built target actionlib_msgs_generate_messages_eus
[2.186s] [  0%] Built target autoware_can_msgs_generate_messages_eus
[2.194s] [  0%] Built target geometry_msgs_generate_messages_cpp
[2.215s] [  0%] Built target tf2_msgs_generate_messages_lisp
[2.220s] [  0%] Built target dynamic_reconfigure_gencfg
[2.229s] [  0%] Built target actionlib_generate_messages_eus
[2.229s] [  0%] Built target visualization_msgs_generate_messages_cpp
[2.237s] [  0%] Built target tf2_msgs_generate_messages_py
[2.244s] [  0%] Built target actionlib_generate_messages_lisp
[2.250s] [  0%] Built target tf2_msgs_generate_messages_nodejs
[2.256s] [  0%] Built target vector_map_server_generate_messages_cpp
[2.256s] [  0%] Built target actionlib_generate_messages_py
[2.271s] [  0%] Built target tf2_msgs_generate_messages_eus
[2.340s] [100%] Built target dp_planner
[2.372s] Install the project...
[2.380s] -- Install configuration: "Release"
[2.380s] -- Up-to-date: /home/autoware/Autoware/install/dp_planner/lib/pkgconfig/dp_planner.pc
[2.386s] -- Up-to-date: /home/autoware/Autoware/install/dp_planner/share/dp_planner/cmake/dp_plannerConfig.cmake
[2.386s] -- Up-to-date: /home/autoware/Autoware/install/dp_planner/share/dp_planner/cmake/dp_plannerConfig-version.cmake
[2.387s] -- Up-to-date: /home/autoware/Autoware/install/dp_planner/share/dp_planner/package.xml
[2.388s] -- Up-to-date: /home/autoware/Autoware/install/dp_planner/lib/dp_planner/dp_planner
[2.400s] -- Up-to-date: /home/autoware/Autoware/install/dp_planner/share/dp_planner/launch
[2.401s] -- Up-to-date: /home/autoware/Autoware/install/dp_planner/share/dp_planner/launch/dp_planner.launch
[2.401s] -- Up-to-date: /home/autoware/Autoware/install/dp_planner/share/dp_planner/launch/dp_planner_exp.launch
[2.407s] Invoked command in '/home/autoware/Autoware/build/dp_planner' returned '0': CMAKE_PREFIX_PATH=/home/autoware/Autoware/install/op_simu:/home/autoware/Autoware/install/op_planner:/home/autoware/Autoware/install/op_utility:/home/autoware/Autoware/install/map_file:/home/autoware/Autoware/install/vector_map_server:/home/autoware/Autoware/install/libwaypoint_follower:/home/autoware/Autoware/install/lanelet2_extension:/home/autoware/Autoware/install/vector_map:/home/autoware/Autoware/install/amathutils_lib:/home/autoware/Autoware/install/vector_map_msgs:/home/autoware/Autoware/install/autoware_msgs:/home/autoware/Autoware/install/autoware_lanelet2_msgs:/home/autoware/Autoware/install/autoware_can_msgs:/home/autoware/Autoware/install/autoware_build_flags:${CMAKE_PREFIX_PATH} LD_LIBRARY_PATH=/home/autoware/Autoware/install/op_simu/lib:/home/autoware/Autoware/install/op_planner/lib:/home/autoware/Autoware/install/op_utility/lib:/home/autoware/Autoware/install/map_file/lib:/home/autoware/Autoware/install/libwaypoint_follower/lib:/home/autoware/Autoware/install/lanelet2_extension/lib:/home/autoware/Autoware/install/vector_map/lib:/home/autoware/Autoware/install/amathutils_lib/lib:${LD_LIBRARY_PATH} PKG_CONFIG_PATH=/home/autoware/Autoware/install/op_simu/lib/x86_64-linux-gnu/pkgconfig:/home/autoware/Autoware/install/op_simu/lib/pkgconfig:/home/autoware/Autoware/install/op_planner/lib/x86_64-linux-gnu/pkgconfig:/home/autoware/Autoware/install/op_planner/lib/pkgconfig:/home/autoware/Autoware/install/op_utility/lib/x86_64-linux-gnu/pkgconfig:/home/autoware/Autoware/install/op_utility/lib/pkgconfig:/home/autoware/Autoware/install/map_file/lib/x86_64-linux-gnu/pkgconfig:/home/autoware/Autoware/install/map_file/lib/pkgconfig:/home/autoware/Autoware/install/vector_map_server/lib/x86_64-linux-gnu/pkgconfig:/home/autoware/Autoware/install/vector_map_server/lib/pkgconfig:/home/autoware/Autoware/install/libwaypoint_follower/lib/x86_64-linux-gnu/pkgconfig:/home/autoware/Autoware/install/libwaypoint_follower/lib/pkgconfig:/home/autoware/Autoware/install/lanelet2_extension/lib/x86_64-linux-gnu/pkgconfig:/home/autoware/Autoware/install/lanelet2_extension/lib/pkgconfig:/home/autoware/Autoware/install/vector_map/lib/x86_64-linux-gnu/pkgconfig:/home/autoware/Autoware/install/vector_map/lib/pkgconfig:/home/autoware/Autoware/install/amathutils_lib/lib/x86_64-linux-gnu/pkgconfig:/home/autoware/Autoware/install/amathutils_lib/lib/pkgconfig:/home/autoware/Autoware/install/vector_map_msgs/lib/x86_64-linux-gnu/pkgconfig:/home/autoware/Autoware/install/vector_map_msgs/lib/pkgconfig:/home/autoware/Autoware/install/autoware_msgs/lib/x86_64-linux-gnu/pkgconfig:/home/autoware/Autoware/install/autoware_msgs/lib/pkgconfig:/home/autoware/Autoware/install/autoware_lanelet2_msgs/lib/x86_64-linux-gnu/pkgconfig:/home/autoware/Autoware/install/autoware_lanelet2_msgs/lib/pkgconfig:/home/autoware/Autoware/install/autoware_can_msgs/lib/x86_64-linux-gnu/pkgconfig:/home/autoware/Autoware/install/autoware_can_msgs/lib/pkgconfig:/home/autoware/Autoware/install/autoware_build_flags/lib/x86_64-linux-gnu/pkgconfig:/home/autoware/Autoware/install/autoware_build_flags/lib/pkgconfig:${PKG_CONFIG_PATH} PYTHONPATH=/home/autoware/Autoware/install/vector_map_server/lib/python2.7/dist-packages:/home/autoware/Autoware/install/vector_map_msgs/lib/python2.7/dist-packages:/home/autoware/Autoware/install/autoware_msgs/lib/python2.7/dist-packages:/home/autoware/Autoware/install/autoware_lanelet2_msgs/lib/python2.7/dist-packages:/home/autoware/Autoware/install/autoware_can_msgs/lib/python2.7/dist-packages:${PYTHONPATH} ROS_PACKAGE_PATH=/home/autoware/Autoware/install/op_simu/share:/home/autoware/Autoware/install/op_planner/share:/home/autoware/Autoware/install/op_utility/share:/home/autoware/Autoware/install/map_file/share:/home/autoware/Autoware/install/vector_map_server/share:/home/autoware/Autoware/install/libwaypoint_follower/share:/home/autoware/Autoware/install/lanelet2_extension/share:/home/autoware/Autoware/install/vector_map/share:/home/autoware/Autoware/install/amathutils_lib/share:/home/autoware/Autoware/install/vector_map_msgs/share:/home/autoware/Autoware/install/autoware_msgs/share:/home/autoware/Autoware/install/autoware_lanelet2_msgs/share:/home/autoware/Autoware/install/autoware_can_msgs/share:/home/autoware/Autoware/install/autoware_build_flags/share:${ROS_PACKAGE_PATH} /usr/bin/cmake --build /home/autoware/Autoware/build/dp_planner --target install -- -j32 -l32
