[0.038s] Invoking command in '/home/autoware/Autoware/build/lanelet_aisan_converter': CMAKE_PREFIX_PATH=/home/autoware/Autoware/install/map_file:/home/autoware/Autoware/install/lanelet2_extension:/home/autoware/Autoware/install/vector_map:/home/autoware/Autoware/install/amathutils_lib:/home/autoware/Autoware/install/vector_map_msgs:/home/autoware/Autoware/install/autoware_msgs:/home/autoware/Autoware/install/autoware_lanelet2_msgs:${CMAKE_PREFIX_PATH} LD_LIBRARY_PATH=/home/autoware/Autoware/install/map_file/lib:/home/autoware/Autoware/install/lanelet2_extension/lib:/home/autoware/Autoware/install/vector_map/lib:/home/autoware/Autoware/install/amathutils_lib/lib:${LD_LIBRARY_PATH} PKG_CONFIG_PATH=/home/autoware/Autoware/install/map_file/lib/x86_64-linux-gnu/pkgconfig:/home/autoware/Autoware/install/map_file/lib/pkgconfig:/home/autoware/Autoware/install/lanelet2_extension/lib/x86_64-linux-gnu/pkgconfig:/home/autoware/Autoware/install/lanelet2_extension/lib/pkgconfig:/home/autoware/Autoware/install/vector_map/lib/x86_64-linux-gnu/pkgconfig:/home/autoware/Autoware/install/vector_map/lib/pkgconfig:/home/autoware/Autoware/install/amathutils_lib/lib/x86_64-linux-gnu/pkgconfig:/home/autoware/Autoware/install/amathutils_lib/lib/pkgconfig:/home/autoware/Autoware/install/vector_map_msgs/lib/x86_64-linux-gnu/pkgconfig:/home/autoware/Autoware/install/vector_map_msgs/lib/pkgconfig:/home/autoware/Autoware/install/autoware_msgs/lib/x86_64-linux-gnu/pkgconfig:/home/autoware/Autoware/install/autoware_msgs/lib/pkgconfig:/home/autoware/Autoware/install/autoware_lanelet2_msgs/lib/x86_64-linux-gnu/pkgconfig:/home/autoware/Autoware/install/autoware_lanelet2_msgs/lib/pkgconfig:${PKG_CONFIG_PATH} PYTHONPATH=/home/autoware/Autoware/install/vector_map_msgs/lib/python2.7/dist-packages:/home/autoware/Autoware/install/autoware_msgs/lib/python2.7/dist-packages:/home/autoware/Autoware/install/autoware_lanelet2_msgs/lib/python2.7/dist-packages:${PYTHONPATH} ROS_PACKAGE_PATH=/home/autoware/Autoware/install/map_file/share:/home/autoware/Autoware/install/lanelet2_extension/share:/home/autoware/Autoware/install/vector_map/share:/home/autoware/Autoware/install/amathutils_lib/share:/home/autoware/Autoware/install/vector_map_msgs/share:/home/autoware/Autoware/install/autoware_msgs/share:/home/autoware/Autoware/install/autoware_lanelet2_msgs/share:${ROS_PACKAGE_PATH} /usr/bin/cmake --build /home/autoware/Autoware/build/lanelet_aisan_converter -- -j32 -l32
[0.202s] [  0%] Built target vector_map_msgs_generate_messages_py
[0.202s] [  0%] Built target actionlib_generate_messages_cpp
[0.202s] [  0%] Built target rosgraph_msgs_generate_messages_cpp
[0.205s] [  0%] Built target sensor_msgs_generate_messages_eus
[0.205s] [  0%] Built target jsk_recognition_msgs_generate_messages_py
[0.205s] [  0%] Built target jsk_recognition_msgs_generate_messages_lisp
[0.205s] [  0%] Built target geometry_msgs_generate_messages_py
[0.206s] [  0%] Built target tf2_msgs_generate_messages_cpp
[0.206s] [  0%] Built target _catkin_empty_exported_target
[0.206s] [  0%] Built target rosgraph_msgs_generate_messages_eus
[0.206s] [  0%] Built target sensor_msgs_generate_messages_lisp
[0.210s] [  0%] Built target sensor_msgs_generate_messages_py
[0.213s] [  0%] Built target autoware_msgs_generate_messages_cpp
[0.223s] [  0%] Built target std_msgs_generate_messages_nodejs
[0.224s] [  0%] Built target autoware_msgs_generate_messages_py
[0.225s] [  0%] Built target pcl_msgs_generate_messages_nodejs
[0.239s] [  0%] Built target visualization_msgs_generate_messages_eus
[0.239s] [  0%] Built target uuid_msgs_generate_messages_cpp
[0.239s] [  0%] Built target visualization_msgs_generate_messages_py
[0.240s] [  0%] Built target pcl_msgs_generate_messages_eus
[0.240s] [  0%] Built target uuid_msgs_generate_messages_nodejs
[0.240s] [  0%] Built target sensor_msgs_generate_messages_nodejs
[0.242s] [  0%] Built target vector_map_msgs_generate_messages_lisp
[0.244s] [  0%] Built target vector_map_msgs_generate_messages_eus
[0.263s] [  0%] Built target visualization_msgs_generate_messages_nodejs
[0.263s] [  0%] Built target std_msgs_generate_messages_py
[0.263s] [  0%] Built target tf_generate_messages_py
[0.264s] [  0%] Built target sensor_msgs_generate_messages_cpp
[0.265s] [  0%] Built target uuid_msgs_generate_messages_lisp
[0.266s] [  0%] Built target vector_map_msgs_generate_messages_cpp
[0.268s] [  0%] Built target std_msgs_generate_messages_cpp
[0.269s] [  0%] Built target vector_map_msgs_generate_messages_nodejs
[0.273s] [  0%] Built target pcl_msgs_generate_messages_cpp
[0.283s] [  0%] Built target jsk_recognition_msgs_generate_messages_eus
[0.283s] [  0%] Built target jsk_footstep_msgs_generate_messages_py
[0.297s] [  0%] Built target geographic_msgs_generate_messages_cpp
[0.307s] [  0%] Built target actionlib_msgs_generate_messages_nodejs
[0.307s] [  0%] Built target geometry_msgs_generate_messages_eus
[0.309s] [  0%] Built target uuid_msgs_generate_messages_py
[0.332s] [  0%] Built target autoware_msgs_generate_messages_eus
[0.332s] [  0%] Built target geometry_msgs_generate_messages_nodejs
[0.332s] [  0%] Built target std_msgs_generate_messages_lisp
[0.332s] [  0%] Built target jsk_recognition_msgs_generate_messages_cpp
[0.333s] [  0%] Built target roscpp_generate_messages_nodejs
[0.333s] [  0%] Built target std_msgs_generate_messages_eus
[0.333s] [  0%] Built target actionlib_msgs_generate_messages_py
[0.333s] [  0%] Built target visualization_msgs_generate_messages_lisp
[0.334s] [  0%] Built target jsk_footstep_msgs_generate_messages_eus
[0.334s] [  0%] Built target geometry_msgs_generate_messages_lisp
[0.341s] [  0%] Built target jsk_footstep_msgs_generate_messages_nodejs
[0.351s] [  0%] Built target actionlib_msgs_generate_messages_cpp
[0.354s] [  0%] Built target autoware_msgs_generate_messages_lisp
[0.355s] [  0%] Built target tf_generate_messages_nodejs
[0.359s] [  0%] Built target actionlib_msgs_generate_messages_lisp
[0.382s] [  0%] Built target jsk_footstep_msgs_generate_messages_cpp
[0.383s] [  0%] Built target tf_generate_messages_lisp
[0.383s] [  0%] Built target roscpp_generate_messages_lisp
[0.383s] [  0%] Built target jsk_footstep_msgs_generate_messages_lisp
[0.383s] [  0%] Built target tf_generate_messages_eus
[0.383s] [  0%] Built target jsk_recognition_msgs_generate_messages_nodejs
[0.384s] [  0%] Built target actionlib_generate_messages_eus
[0.387s] [  0%] Built target tf_generate_messages_cpp
[0.388s] [  0%] Built target rosgraph_msgs_generate_messages_lisp
[0.391s] [  0%] Built target geometry_msgs_generate_messages_cpp
[0.393s] [  0%] Built target geographic_msgs_generate_messages_lisp
[0.399s] [  0%] Built target roscpp_generate_messages_py
[0.400s] [  0%] Built target roscpp_generate_messages_eus
[0.403s] [  0%] Built target actionlib_generate_messages_lisp
[0.406s] [  0%] Built target actionlib_generate_messages_nodejs
[0.407s] [  0%] Built target visualization_msgs_generate_messages_cpp
[0.410s] [  0%] Built target rosgraph_msgs_generate_messages_py
[0.413s] [  0%] Built target actionlib_msgs_generate_messages_eus
[0.415s] [  0%] Built target rosgraph_msgs_generate_messages_nodejs
[0.422s] [  0%] Built target pcl_msgs_generate_messages_lisp
[0.432s] [  0%] Built target autoware_msgs_generate_messages_nodejs
[0.434s] [  0%] Built target roscpp_generate_messages_cpp
[0.437s] [  0%] Built target tf2_msgs_generate_messages_lisp
[0.446s] [  0%] Built target geographic_msgs_generate_messages_nodejs
[0.449s] [  0%] Built target tf2_msgs_generate_messages_eus
[0.451s] [  0%] Built target uuid_msgs_generate_messages_eus
[0.452s] [  0%] Built target pcl_msgs_generate_messages_py
[0.456s] [  0%] Built target geographic_msgs_generate_messages_py
[0.457s] [  0%] Built target tf2_msgs_generate_messages_nodejs
[0.458s] [  0%] Built target actionlib_generate_messages_py
[0.466s] [  0%] Built target tf2_msgs_generate_messages_py
[0.475s] [  0%] Built target geographic_msgs_generate_messages_eus
[0.572s] [ 18%] Built target aisan_map
[0.606s] [ 36%] Built target lanelet_helper
[0.839s] [ 81%] Built target lanelet2aisan_converter
[0.901s] [100%] Built target lanelet2aisan
[0.913s] Invoked command in '/home/autoware/Autoware/build/lanelet_aisan_converter' returned '0': CMAKE_PREFIX_PATH=/home/autoware/Autoware/install/map_file:/home/autoware/Autoware/install/lanelet2_extension:/home/autoware/Autoware/install/vector_map:/home/autoware/Autoware/install/amathutils_lib:/home/autoware/Autoware/install/vector_map_msgs:/home/autoware/Autoware/install/autoware_msgs:/home/autoware/Autoware/install/autoware_lanelet2_msgs:${CMAKE_PREFIX_PATH} LD_LIBRARY_PATH=/home/autoware/Autoware/install/map_file/lib:/home/autoware/Autoware/install/lanelet2_extension/lib:/home/autoware/Autoware/install/vector_map/lib:/home/autoware/Autoware/install/amathutils_lib/lib:${LD_LIBRARY_PATH} PKG_CONFIG_PATH=/home/autoware/Autoware/install/map_file/lib/x86_64-linux-gnu/pkgconfig:/home/autoware/Autoware/install/map_file/lib/pkgconfig:/home/autoware/Autoware/install/lanelet2_extension/lib/x86_64-linux-gnu/pkgconfig:/home/autoware/Autoware/install/lanelet2_extension/lib/pkgconfig:/home/autoware/Autoware/install/vector_map/lib/x86_64-linux-gnu/pkgconfig:/home/autoware/Autoware/install/vector_map/lib/pkgconfig:/home/autoware/Autoware/install/amathutils_lib/lib/x86_64-linux-gnu/pkgconfig:/home/autoware/Autoware/install/amathutils_lib/lib/pkgconfig:/home/autoware/Autoware/install/vector_map_msgs/lib/x86_64-linux-gnu/pkgconfig:/home/autoware/Autoware/install/vector_map_msgs/lib/pkgconfig:/home/autoware/Autoware/install/autoware_msgs/lib/x86_64-linux-gnu/pkgconfig:/home/autoware/Autoware/install/autoware_msgs/lib/pkgconfig:/home/autoware/Autoware/install/autoware_lanelet2_msgs/lib/x86_64-linux-gnu/pkgconfig:/home/autoware/Autoware/install/autoware_lanelet2_msgs/lib/pkgconfig:${PKG_CONFIG_PATH} PYTHONPATH=/home/autoware/Autoware/install/vector_map_msgs/lib/python2.7/dist-packages:/home/autoware/Autoware/install/autoware_msgs/lib/python2.7/dist-packages:/home/autoware/Autoware/install/autoware_lanelet2_msgs/lib/python2.7/dist-packages:${PYTHONPATH} ROS_PACKAGE_PATH=/home/autoware/Autoware/install/map_file/share:/home/autoware/Autoware/install/lanelet2_extension/share:/home/autoware/Autoware/install/vector_map/share:/home/autoware/Autoware/install/amathutils_lib/share:/home/autoware/Autoware/install/vector_map_msgs/share:/home/autoware/Autoware/install/autoware_msgs/share:/home/autoware/Autoware/install/autoware_lanelet2_msgs/share:${ROS_PACKAGE_PATH} /usr/bin/cmake --build /home/autoware/Autoware/build/lanelet_aisan_converter -- -j32 -l32
[1.065s] Invoking command in '/home/autoware/Autoware/build/lanelet_aisan_converter': CMAKE_PREFIX_PATH=/home/autoware/Autoware/install/map_file:/home/autoware/Autoware/install/lanelet2_extension:/home/autoware/Autoware/install/vector_map:/home/autoware/Autoware/install/amathutils_lib:/home/autoware/Autoware/install/vector_map_msgs:/home/autoware/Autoware/install/autoware_msgs:/home/autoware/Autoware/install/autoware_lanelet2_msgs:${CMAKE_PREFIX_PATH} LD_LIBRARY_PATH=/home/autoware/Autoware/install/map_file/lib:/home/autoware/Autoware/install/lanelet2_extension/lib:/home/autoware/Autoware/install/vector_map/lib:/home/autoware/Autoware/install/amathutils_lib/lib:${LD_LIBRARY_PATH} PKG_CONFIG_PATH=/home/autoware/Autoware/install/map_file/lib/x86_64-linux-gnu/pkgconfig:/home/autoware/Autoware/install/map_file/lib/pkgconfig:/home/autoware/Autoware/install/lanelet2_extension/lib/x86_64-linux-gnu/pkgconfig:/home/autoware/Autoware/install/lanelet2_extension/lib/pkgconfig:/home/autoware/Autoware/install/vector_map/lib/x86_64-linux-gnu/pkgconfig:/home/autoware/Autoware/install/vector_map/lib/pkgconfig:/home/autoware/Autoware/install/amathutils_lib/lib/x86_64-linux-gnu/pkgconfig:/home/autoware/Autoware/install/amathutils_lib/lib/pkgconfig:/home/autoware/Autoware/install/vector_map_msgs/lib/x86_64-linux-gnu/pkgconfig:/home/autoware/Autoware/install/vector_map_msgs/lib/pkgconfig:/home/autoware/Autoware/install/autoware_msgs/lib/x86_64-linux-gnu/pkgconfig:/home/autoware/Autoware/install/autoware_msgs/lib/pkgconfig:/home/autoware/Autoware/install/autoware_lanelet2_msgs/lib/x86_64-linux-gnu/pkgconfig:/home/autoware/Autoware/install/autoware_lanelet2_msgs/lib/pkgconfig:${PKG_CONFIG_PATH} PYTHONPATH=/home/autoware/Autoware/install/vector_map_msgs/lib/python2.7/dist-packages:/home/autoware/Autoware/install/autoware_msgs/lib/python2.7/dist-packages:/home/autoware/Autoware/install/autoware_lanelet2_msgs/lib/python2.7/dist-packages:${PYTHONPATH} ROS_PACKAGE_PATH=/home/autoware/Autoware/install/map_file/share:/home/autoware/Autoware/install/lanelet2_extension/share:/home/autoware/Autoware/install/vector_map/share:/home/autoware/Autoware/install/amathutils_lib/share:/home/autoware/Autoware/install/vector_map_msgs/share:/home/autoware/Autoware/install/autoware_msgs/share:/home/autoware/Autoware/install/autoware_lanelet2_msgs/share:${ROS_PACKAGE_PATH} /usr/bin/cmake --build /home/autoware/Autoware/build/lanelet_aisan_converter --target tests -- -j32 -l32
[1.168s] [ 15%] Built target gtest
[1.168s] [ 15%] Built target vector_map_msgs_generate_messages_cpp
[1.168s] [ 15%] Built target vector_map_msgs_generate_messages_lisp
[1.169s] [ 15%] Built target vector_map_msgs_generate_messages_nodejs
[1.169s] [ 15%] Built target geometry_msgs_generate_messages_py
[1.170s] [ 15%] Built target uuid_msgs_generate_messages_nodejs
[1.170s] [ 15%] Built target uuid_msgs_generate_messages_lisp
[1.170s] [ 15%] Built target uuid_msgs_generate_messages_cpp
[1.170s] [ 15%] Built target sensor_msgs_generate_messages_nodejs
[1.170s] [ 15%] Built target std_msgs_generate_messages_py
[1.171s] [ 15%] Built target visualization_msgs_generate_messages_py
[1.171s] [ 15%] Built target rosgraph_msgs_generate_messages_eus
[1.171s] [ 15%] Built target jsk_recognition_msgs_generate_messages_eus
[1.171s] [ 15%] Built target vector_map_msgs_generate_messages_eus
[1.172s] [ 15%] Built target _catkin_empty_exported_target
[1.172s] [ 15%] Built target vector_map_msgs_generate_messages_py
[1.172s] [ 15%] Built target sensor_msgs_generate_messages_cpp
[1.172s] [ 15%] Built target autoware_msgs_generate_messages_py
[1.172s] [ 15%] Built target jsk_recognition_msgs_generate_messages_lisp
[1.172s] [ 15%] Built target pcl_msgs_generate_messages_eus
[1.172s] [ 15%] Built target visualization_msgs_generate_messages_nodejs
[1.173s] [ 15%] Built target actionlib_generate_messages_cpp
[1.173s] [ 15%] Built target std_msgs_generate_messages_nodejs
[1.173s] [ 15%] Built target autoware_msgs_generate_messages_cpp
[1.173s] [ 15%] Built target jsk_recognition_msgs_generate_messages_py
[1.173s] [ 15%] Built target tf2_msgs_generate_messages_cpp
[1.174s] [ 15%] Built target visualization_msgs_generate_messages_eus
[1.175s] [ 15%] Built target sensor_msgs_generate_messages_eus
[1.178s] [ 15%] Built target rosgraph_msgs_generate_messages_cpp
[1.182s] [ 15%] Built target sensor_msgs_generate_messages_lisp
[1.182s] [ 15%] Built target pcl_msgs_generate_messages_nodejs
[1.189s] [ 15%] Built target sensor_msgs_generate_messages_py
[1.204s] [ 15%] Built target tf_generate_messages_py
[1.207s] [ 15%] Built target uuid_msgs_generate_messages_py
[1.208s] [ 15%] Built target std_msgs_generate_messages_cpp
[1.208s] [ 15%] Built target roscpp_generate_messages_nodejs
[1.208s] [ 15%] Built target geometry_msgs_generate_messages_nodejs
[1.208s] [ 15%] Built target jsk_footstep_msgs_generate_messages_py
[1.209s] [ 15%] Built target pcl_msgs_generate_messages_cpp
[1.209s] [ 15%] Built target std_msgs_generate_messages_lisp
[1.209s] [ 15%] Built target geometry_msgs_generate_messages_lisp
[1.209s] [ 15%] Built target std_msgs_generate_messages_eus
[1.209s] [ 15%] Built target actionlib_msgs_generate_messages_nodejs
[1.210s] [ 15%] Built target geometry_msgs_generate_messages_eus
[1.210s] [ 15%] Built target visualization_msgs_generate_messages_lisp
[1.210s] [ 15%] Built target jsk_footstep_msgs_generate_messages_nodejs
[1.211s] [ 15%] Built target jsk_footstep_msgs_generate_messages_eus
[1.211s] [ 15%] Built target actionlib_msgs_generate_messages_lisp
[1.211s] [ 15%] Built target autoware_msgs_generate_messages_lisp
[1.214s] [ 15%] Built target actionlib_msgs_generate_messages_cpp
[1.215s] [ 15%] Built target geographic_msgs_generate_messages_cpp
[1.216s] [ 15%] Built target actionlib_msgs_generate_messages_py
[1.217s] [ 15%] Built target tf_generate_messages_eus
[1.218s] [ 15%] Built target autoware_msgs_generate_messages_eus
[1.220s] [ 15%] Built target jsk_recognition_msgs_generate_messages_cpp
[1.221s] [ 15%] Built target jsk_recognition_msgs_generate_messages_nodejs
[1.222s] [ 15%] Built target roscpp_generate_messages_lisp
[1.225s] [ 15%] Built target jsk_footstep_msgs_generate_messages_lisp
[1.227s] [ 15%] Built target roscpp_generate_messages_py
[1.238s] [ 15%] Built target jsk_footstep_msgs_generate_messages_cpp
[1.240s] [ 15%] Built target tf_generate_messages_nodejs
[1.240s] [ 15%] Built target rosgraph_msgs_generate_messages_nodejs
[1.251s] [ 15%] Built target tf_generate_messages_lisp
[1.253s] [ 15%] Built target actionlib_msgs_generate_messages_eus
[1.255s] [ 15%] Built target geographic_msgs_generate_messages_lisp
[1.257s] [ 15%] Built target rosgraph_msgs_generate_messages_lisp
[1.264s] [ 15%] Built target tf_generate_messages_cpp
[1.269s] [ 15%] Built target geometry_msgs_generate_messages_cpp
[1.270s] [ 15%] Built target actionlib_generate_messages_eus
[1.271s] [ 15%] Built target actionlib_generate_messages_lisp
[1.272s] [ 15%] Built target geographic_msgs_generate_messages_nodejs
[1.278s] [ 15%] Built target tf2_msgs_generate_messages_nodejs
[1.278s] [ 15%] Built target geographic_msgs_generate_messages_eus
[1.280s] [ 15%] Built target actionlib_generate_messages_nodejs
[1.280s] [ 15%] Built target rosgraph_msgs_generate_messages_py
[1.282s] [ 15%] Built target pcl_msgs_generate_messages_py
[1.282s] [ 15%] Built target pcl_msgs_generate_messages_lisp
[1.285s] [ 15%] Built target tf2_msgs_generate_messages_lisp
[1.288s] [ 15%] Built target roscpp_generate_messages_eus
[1.289s] [ 15%] Built target autoware_msgs_generate_messages_nodejs
[1.296s] [ 15%] Built target visualization_msgs_generate_messages_cpp
[1.305s] [ 15%] Built target actionlib_generate_messages_py
[1.305s] [ 15%] Built target uuid_msgs_generate_messages_eus
[1.305s] [ 15%] Built target tf2_msgs_generate_messages_eus
[1.305s] [ 15%] Built target geographic_msgs_generate_messages_py
[1.307s] [ 15%] Built target roscpp_generate_messages_cpp
[1.314s] [ 15%] Built target tf2_msgs_generate_messages_py
[1.393s] [ 30%] Built target lanelet_helper
[1.411s] [ 46%] Built target aisan_map
[1.503s] [ 84%] Built target lanelet2aisan_converter
[1.508s] [100%] Built target test_lanelet2aisan_converter
[1.554s] [100%] Built target tests
[1.554s] Invoked command in '/home/autoware/Autoware/build/lanelet_aisan_converter' returned '0': CMAKE_PREFIX_PATH=/home/autoware/Autoware/install/map_file:/home/autoware/Autoware/install/lanelet2_extension:/home/autoware/Autoware/install/vector_map:/home/autoware/Autoware/install/amathutils_lib:/home/autoware/Autoware/install/vector_map_msgs:/home/autoware/Autoware/install/autoware_msgs:/home/autoware/Autoware/install/autoware_lanelet2_msgs:${CMAKE_PREFIX_PATH} LD_LIBRARY_PATH=/home/autoware/Autoware/install/map_file/lib:/home/autoware/Autoware/install/lanelet2_extension/lib:/home/autoware/Autoware/install/vector_map/lib:/home/autoware/Autoware/install/amathutils_lib/lib:${LD_LIBRARY_PATH} PKG_CONFIG_PATH=/home/autoware/Autoware/install/map_file/lib/x86_64-linux-gnu/pkgconfig:/home/autoware/Autoware/install/map_file/lib/pkgconfig:/home/autoware/Autoware/install/lanelet2_extension/lib/x86_64-linux-gnu/pkgconfig:/home/autoware/Autoware/install/lanelet2_extension/lib/pkgconfig:/home/autoware/Autoware/install/vector_map/lib/x86_64-linux-gnu/pkgconfig:/home/autoware/Autoware/install/vector_map/lib/pkgconfig:/home/autoware/Autoware/install/amathutils_lib/lib/x86_64-linux-gnu/pkgconfig:/home/autoware/Autoware/install/amathutils_lib/lib/pkgconfig:/home/autoware/Autoware/install/vector_map_msgs/lib/x86_64-linux-gnu/pkgconfig:/home/autoware/Autoware/install/vector_map_msgs/lib/pkgconfig:/home/autoware/Autoware/install/autoware_msgs/lib/x86_64-linux-gnu/pkgconfig:/home/autoware/Autoware/install/autoware_msgs/lib/pkgconfig:/home/autoware/Autoware/install/autoware_lanelet2_msgs/lib/x86_64-linux-gnu/pkgconfig:/home/autoware/Autoware/install/autoware_lanelet2_msgs/lib/pkgconfig:${PKG_CONFIG_PATH} PYTHONPATH=/home/autoware/Autoware/install/vector_map_msgs/lib/python2.7/dist-packages:/home/autoware/Autoware/install/autoware_msgs/lib/python2.7/dist-packages:/home/autoware/Autoware/install/autoware_lanelet2_msgs/lib/python2.7/dist-packages:${PYTHONPATH} ROS_PACKAGE_PATH=/home/autoware/Autoware/install/map_file/share:/home/autoware/Autoware/install/lanelet2_extension/share:/home/autoware/Autoware/install/vector_map/share:/home/autoware/Autoware/install/amathutils_lib/share:/home/autoware/Autoware/install/vector_map_msgs/share:/home/autoware/Autoware/install/autoware_msgs/share:/home/autoware/Autoware/install/autoware_lanelet2_msgs/share:${ROS_PACKAGE_PATH} /usr/bin/cmake --build /home/autoware/Autoware/build/lanelet_aisan_converter --target tests -- -j32 -l32
[2.171s] Invoking command in '/home/autoware/Autoware/build/lanelet_aisan_converter': CMAKE_PREFIX_PATH=/home/autoware/Autoware/install/map_file:/home/autoware/Autoware/install/lanelet2_extension:/home/autoware/Autoware/install/vector_map:/home/autoware/Autoware/install/amathutils_lib:/home/autoware/Autoware/install/vector_map_msgs:/home/autoware/Autoware/install/autoware_msgs:/home/autoware/Autoware/install/autoware_lanelet2_msgs:${CMAKE_PREFIX_PATH} LD_LIBRARY_PATH=/home/autoware/Autoware/install/map_file/lib:/home/autoware/Autoware/install/lanelet2_extension/lib:/home/autoware/Autoware/install/vector_map/lib:/home/autoware/Autoware/install/amathutils_lib/lib:${LD_LIBRARY_PATH} PKG_CONFIG_PATH=/home/autoware/Autoware/install/map_file/lib/x86_64-linux-gnu/pkgconfig:/home/autoware/Autoware/install/map_file/lib/pkgconfig:/home/autoware/Autoware/install/lanelet2_extension/lib/x86_64-linux-gnu/pkgconfig:/home/autoware/Autoware/install/lanelet2_extension/lib/pkgconfig:/home/autoware/Autoware/install/vector_map/lib/x86_64-linux-gnu/pkgconfig:/home/autoware/Autoware/install/vector_map/lib/pkgconfig:/home/autoware/Autoware/install/amathutils_lib/lib/x86_64-linux-gnu/pkgconfig:/home/autoware/Autoware/install/amathutils_lib/lib/pkgconfig:/home/autoware/Autoware/install/vector_map_msgs/lib/x86_64-linux-gnu/pkgconfig:/home/autoware/Autoware/install/vector_map_msgs/lib/pkgconfig:/home/autoware/Autoware/install/autoware_msgs/lib/x86_64-linux-gnu/pkgconfig:/home/autoware/Autoware/install/autoware_msgs/lib/pkgconfig:/home/autoware/Autoware/install/autoware_lanelet2_msgs/lib/x86_64-linux-gnu/pkgconfig:/home/autoware/Autoware/install/autoware_lanelet2_msgs/lib/pkgconfig:${PKG_CONFIG_PATH} PYTHONPATH=/home/autoware/Autoware/install/vector_map_msgs/lib/python2.7/dist-packages:/home/autoware/Autoware/install/autoware_msgs/lib/python2.7/dist-packages:/home/autoware/Autoware/install/autoware_lanelet2_msgs/lib/python2.7/dist-packages:${PYTHONPATH} ROS_PACKAGE_PATH=/home/autoware/Autoware/install/map_file/share:/home/autoware/Autoware/install/lanelet2_extension/share:/home/autoware/Autoware/install/vector_map/share:/home/autoware/Autoware/install/amathutils_lib/share:/home/autoware/Autoware/install/vector_map_msgs/share:/home/autoware/Autoware/install/autoware_msgs/share:/home/autoware/Autoware/install/autoware_lanelet2_msgs/share:${ROS_PACKAGE_PATH} /usr/bin/cmake --build /home/autoware/Autoware/build/lanelet_aisan_converter --target install -- -j32 -l32
[2.255s] [  0%] Built target vector_map_msgs_generate_messages_eus
[2.255s] [  0%] Built target vector_map_msgs_generate_messages_lisp
[2.255s] [  0%] Built target vector_map_msgs_generate_messages_py
[2.256s] [  0%] Built target actionlib_generate_messages_cpp
[2.257s] [  0%] Built target visualization_msgs_generate_messages_eus
[2.266s] [  0%] Built target tf2_msgs_generate_messages_cpp
[2.266s] [  0%] Built target vector_map_msgs_generate_messages_cpp
[2.266s] [  0%] Built target uuid_msgs_generate_messages_cpp
[2.266s] [  0%] Built target autoware_msgs_generate_messages_py
[2.266s] [  0%] Built target visualization_msgs_generate_messages_py
[2.267s] [  0%] Built target vector_map_msgs_generate_messages_nodejs
[2.267s] [  0%] Built target jsk_recognition_msgs_generate_messages_eus
[2.267s] [  0%] Built target jsk_recognition_msgs_generate_messages_lisp
[2.267s] [  0%] Built target tf_generate_messages_py
[2.267s] [  0%] Built target uuid_msgs_generate_messages_lisp
[2.267s] [  0%] Built target std_msgs_generate_messages_py
[2.267s] [  0%] Built target visualization_msgs_generate_messages_nodejs
[2.267s] [  0%] Built target uuid_msgs_generate_messages_nodejs
[2.267s] [  0%] Built target autoware_msgs_generate_messages_cpp
[2.268s] [  0%] Built target rosgraph_msgs_generate_messages_eus
[2.268s] [  0%] Built target sensor_msgs_generate_messages_nodejs
[2.268s] [  0%] Built target sensor_msgs_generate_messages_cpp
[2.268s] [  0%] Built target pcl_msgs_generate_messages_nodejs
[2.268s] [  0%] Built target rosgraph_msgs_generate_messages_cpp
[2.268s] [  0%] Built target _catkin_empty_exported_target
[2.268s] [  0%] Built target sensor_msgs_generate_messages_eus
[2.268s] [  0%] Built target std_msgs_generate_messages_nodejs
[2.268s] [  0%] Built target sensor_msgs_generate_messages_lisp
[2.269s] [  0%] Built target pcl_msgs_generate_messages_eus
[2.269s] [  0%] Built target jsk_recognition_msgs_generate_messages_py
[2.269s] [  0%] Built target geometry_msgs_generate_messages_py
[2.295s] [  0%] Built target sensor_msgs_generate_messages_py
[2.296s] [  0%] Built target uuid_msgs_generate_messages_py
[2.296s] [  0%] Built target actionlib_msgs_generate_messages_nodejs
[2.296s] [  0%] Built target std_msgs_generate_messages_lisp
[2.297s] [  0%] Built target geometry_msgs_generate_messages_eus
[2.297s] [  0%] Built target roscpp_generate_messages_nodejs
[2.297s] [  0%] Built target geometry_msgs_generate_messages_lisp
[2.299s] [  0%] Built target pcl_msgs_generate_messages_cpp
[2.299s] [  0%] Built target geometry_msgs_generate_messages_nodejs
[2.299s] [  0%] Built target jsk_footstep_msgs_generate_messages_eus
[2.299s] [  0%] Built target tf_generate_messages_lisp
[2.300s] [  0%] Built target jsk_footstep_msgs_generate_messages_nodejs
[2.300s] [  0%] Built target autoware_msgs_generate_messages_lisp
[2.300s] [  0%] Built target geographic_msgs_generate_messages_cpp
[2.300s] [  0%] Built target roscpp_generate_messages_lisp
[2.303s] [  0%] Built target actionlib_msgs_generate_messages_py
[2.303s] [  0%] Built target tf_generate_messages_nodejs
[2.303s] [  0%] Built target visualization_msgs_generate_messages_lisp
[2.303s] [  0%] Built target jsk_footstep_msgs_generate_messages_py
[2.304s] [  0%] Built target autoware_msgs_generate_messages_eus
[2.304s] [  0%] Built target actionlib_msgs_generate_messages_lisp
[2.304s] [  0%] Built target jsk_footstep_msgs_generate_messages_cpp
[2.304s] [  0%] Built target std_msgs_generate_messages_cpp
[2.304s] [  0%] Built target std_msgs_generate_messages_eus
[2.306s] [  0%] Built target jsk_recognition_msgs_generate_messages_nodejs
[2.307s] [  0%] Built target tf_generate_messages_eus
[2.314s] [  0%] Built target roscpp_generate_messages_py
[2.314s] [  0%] Built target rosgraph_msgs_generate_messages_nodejs
[2.318s] [  0%] Built target geographic_msgs_generate_messages_lisp
[2.321s] [  0%] Built target actionlib_msgs_generate_messages_cpp
[2.349s] [  0%] Built target jsk_recognition_msgs_generate_messages_cpp
[2.349s] [  0%] Built target rosgraph_msgs_generate_messages_lisp
[2.349s] [  0%] Built target jsk_footstep_msgs_generate_messages_lisp
[2.349s] [  0%] Built target actionlib_generate_messages_eus
[2.349s] [  0%] Built target roscpp_generate_messages_eus
[2.354s] [  0%] Built target actionlib_msgs_generate_messages_eus
[2.356s] [  0%] Built target roscpp_generate_messages_cpp
[2.357s] [  0%] Built target tf2_msgs_generate_messages_py
[2.362s] [  0%] Built target uuid_msgs_generate_messages_eus
[2.362s] [  0%] Built target rosgraph_msgs_generate_messages_py
[2.365s] [  0%] Built target tf2_msgs_generate_messages_eus
[2.365s] [  0%] Built target geographic_msgs_generate_messages_nodejs
[2.365s] [  0%] Built target pcl_msgs_generate_messages_py
[2.365s] [  0%] Built target visualization_msgs_generate_messages_cpp
[2.366s] [  0%] Built target geographic_msgs_generate_messages_eus
[2.366s] [  0%] Built target actionlib_generate_messages_lisp
[2.367s] [  0%] Built target geometry_msgs_generate_messages_cpp
[2.367s] [  0%] Built target autoware_msgs_generate_messages_nodejs
[2.368s] [  0%] Built target tf_generate_messages_cpp
[2.370s] [  0%] Built target pcl_msgs_generate_messages_lisp
[2.372s] [  0%] Built target actionlib_generate_messages_py
[2.374s] [  0%] Built target tf2_msgs_generate_messages_nodejs
[2.374s] [  0%] Built target actionlib_generate_messages_nodejs
[2.378s] [  0%] Built target geographic_msgs_generate_messages_py
[2.379s] [  0%] Built target tf2_msgs_generate_messages_lisp
[2.421s] [ 18%] Built target aisan_map
[2.436s] [ 36%] Built target lanelet_helper
[2.481s] [ 81%] Built target lanelet2aisan_converter
[2.525s] [100%] Built target lanelet2aisan
[2.546s] Install the project...
[2.558s] -- Install configuration: "Release"
[2.558s] -- Up-to-date: /home/autoware/Autoware/install/lanelet_aisan_converter/lib/pkgconfig/lanelet_aisan_converter.pc
[2.559s] -- Up-to-date: /home/autoware/Autoware/install/lanelet_aisan_converter/share/lanelet_aisan_converter/cmake/lanelet_aisan_converterConfig.cmake
[2.559s] -- Up-to-date: /home/autoware/Autoware/install/lanelet_aisan_converter/share/lanelet_aisan_converter/cmake/lanelet_aisan_converterConfig-version.cmake
[2.560s] -- Up-to-date: /home/autoware/Autoware/install/lanelet_aisan_converter/share/lanelet_aisan_converter/package.xml
[2.561s] -- Up-to-date: /home/autoware/Autoware/install/lanelet_aisan_converter/lib/lanelet_aisan_converter/lanelet2aisan
[2.563s] -- Up-to-date: /home/autoware/Autoware/install/lanelet_aisan_converter/lib/liblanelet_helper.a
[2.563s] -- Up-to-date: /home/autoware/Autoware/install/lanelet_aisan_converter/lib/liblanelet2aisan_converter.a
[2.569s] -- Up-to-date: /home/autoware/Autoware/install/lanelet_aisan_converter/lib/libaisan_map.a
[2.569s] -- Up-to-date: /home/autoware/Autoware/install/lanelet_aisan_converter/include/lanelet_aisan_converter
[2.570s] -- Up-to-date: /home/autoware/Autoware/install/lanelet_aisan_converter/include/lanelet_aisan_converter/aisan_map
[2.570s] -- Up-to-date: /home/autoware/Autoware/install/lanelet_aisan_converter/include/lanelet_aisan_converter/aisan_map/supported_vector_map_msgs.h
[2.570s] -- Up-to-date: /home/autoware/Autoware/install/lanelet_aisan_converter/include/lanelet_aisan_converter/aisan_map/csv_def.h
[2.570s] -- Up-to-date: /home/autoware/Autoware/install/lanelet_aisan_converter/include/lanelet_aisan_converter/aisan_map/aisan_map.h
[2.570s] -- Up-to-date: /home/autoware/Autoware/install/lanelet_aisan_converter/include/lanelet_aisan_converter/lanelet_helper
[2.571s] -- Up-to-date: /home/autoware/Autoware/install/lanelet_aisan_converter/include/lanelet_aisan_converter/lanelet_helper/lanelet_helper.h
[2.571s] -- Up-to-date: /home/autoware/Autoware/install/lanelet_aisan_converter/include/lanelet_aisan_converter/lanelet2aisan_converter
[2.571s] -- Up-to-date: /home/autoware/Autoware/install/lanelet_aisan_converter/include/lanelet_aisan_converter/lanelet2aisan_converter/lanelet2aisan_converter.h
[2.572s] -- Up-to-date: /home/autoware/Autoware/install/lanelet_aisan_converter/include/lanelet_aisan_converter/lanelet2aisan_converter/unique_id_handler.h
[2.572s] -- Up-to-date: /home/autoware/Autoware/install/lanelet_aisan_converter/share/lanelet_aisan_converter/scripts/launch_vector_map_loader.sh
[2.578s] Invoked command in '/home/autoware/Autoware/build/lanelet_aisan_converter' returned '0': CMAKE_PREFIX_PATH=/home/autoware/Autoware/install/map_file:/home/autoware/Autoware/install/lanelet2_extension:/home/autoware/Autoware/install/vector_map:/home/autoware/Autoware/install/amathutils_lib:/home/autoware/Autoware/install/vector_map_msgs:/home/autoware/Autoware/install/autoware_msgs:/home/autoware/Autoware/install/autoware_lanelet2_msgs:${CMAKE_PREFIX_PATH} LD_LIBRARY_PATH=/home/autoware/Autoware/install/map_file/lib:/home/autoware/Autoware/install/lanelet2_extension/lib:/home/autoware/Autoware/install/vector_map/lib:/home/autoware/Autoware/install/amathutils_lib/lib:${LD_LIBRARY_PATH} PKG_CONFIG_PATH=/home/autoware/Autoware/install/map_file/lib/x86_64-linux-gnu/pkgconfig:/home/autoware/Autoware/install/map_file/lib/pkgconfig:/home/autoware/Autoware/install/lanelet2_extension/lib/x86_64-linux-gnu/pkgconfig:/home/autoware/Autoware/install/lanelet2_extension/lib/pkgconfig:/home/autoware/Autoware/install/vector_map/lib/x86_64-linux-gnu/pkgconfig:/home/autoware/Autoware/install/vector_map/lib/pkgconfig:/home/autoware/Autoware/install/amathutils_lib/lib/x86_64-linux-gnu/pkgconfig:/home/autoware/Autoware/install/amathutils_lib/lib/pkgconfig:/home/autoware/Autoware/install/vector_map_msgs/lib/x86_64-linux-gnu/pkgconfig:/home/autoware/Autoware/install/vector_map_msgs/lib/pkgconfig:/home/autoware/Autoware/install/autoware_msgs/lib/x86_64-linux-gnu/pkgconfig:/home/autoware/Autoware/install/autoware_msgs/lib/pkgconfig:/home/autoware/Autoware/install/autoware_lanelet2_msgs/lib/x86_64-linux-gnu/pkgconfig:/home/autoware/Autoware/install/autoware_lanelet2_msgs/lib/pkgconfig:${PKG_CONFIG_PATH} PYTHONPATH=/home/autoware/Autoware/install/vector_map_msgs/lib/python2.7/dist-packages:/home/autoware/Autoware/install/autoware_msgs/lib/python2.7/dist-packages:/home/autoware/Autoware/install/autoware_lanelet2_msgs/lib/python2.7/dist-packages:${PYTHONPATH} ROS_PACKAGE_PATH=/home/autoware/Autoware/install/map_file/share:/home/autoware/Autoware/install/lanelet2_extension/share:/home/autoware/Autoware/install/vector_map/share:/home/autoware/Autoware/install/amathutils_lib/share:/home/autoware/Autoware/install/vector_map_msgs/share:/home/autoware/Autoware/install/autoware_msgs/share:/home/autoware/Autoware/install/autoware_lanelet2_msgs/share:${ROS_PACKAGE_PATH} /usr/bin/cmake --build /home/autoware/Autoware/build/lanelet_aisan_converter --target install -- -j32 -l32
