In file included from [01m[K/home/autoware/Autoware/src/autoware/core_perception/vision_darknet_detect/src/vision_darknet_detect_node.cpp:21:0[m[K:
[01m[K/home/autoware/Autoware/src/autoware/core_perception/vision_darknet_detect/src/vision_darknet_detect.h:118:87:[m[K [01;31m[Kerror: [m[Kexpected ‘[01m[K;[m[K’ at end of member declaration
     void                            fit_flag_callback(const std_msgs::Int64& fault_msg[01;31m[K)[m[K
                                                                                       [01;31m[K^[m[K
In file included from [01m[K/home/autoware/Autoware/src/autoware/core_perception/vision_darknet_detect/src/vision_darknet_detect.cpp:22:0[m[K:
[01m[K/home/autoware/Autoware/src/autoware/core_perception/vision_darknet_detect/src/vision_darknet_detect.h:118:87:[m[K [01;31m[Kerror: [m[Kexpected ‘[01m[K;[m[K’ at end of member declaration
     void                            fit_flag_callback(const std_msgs::Int64& fault_msg[01;31m[K)[m[K
                                                                                       [01;31m[K^[m[K
In file included from [01m[K/opt/ros/melodic/include/ros/ros.h:40:0[m[K,
                 from [01m[K/opt/ros/melodic/include/image_transport/publisher.h:38[m[K,
                 from [01m[K/opt/ros/melodic/include/image_transport/image_transport.h:38[m[K,
                 from [01m[K/home/autoware/Autoware/src/autoware/core_perception/vision_darknet_detect/src/vision_darknet_detect.h:33[m[K,
                 from [01m[K/home/autoware/Autoware/src/autoware/core_perception/vision_darknet_detect/src/vision_darknet_detect.cpp:22[m[K:
[01m[K/home/autoware/Autoware/src/autoware/core_perception/vision_darknet_detect/src/vision_darknet_detect.cpp:[m[K In member function ‘[01m[Kvoid Yolo3DetectorNode::fit_flag_callback(const Int64&)[m[K’:
[01m[K/home/autoware/Autoware/src/autoware/core_perception/vision_darknet_detect/src/vision_darknet_detect.cpp:252:41:[m[K [01;31m[Kerror: [m[Kbase operand of ‘[01m[K->[m[K’ has non-pointer type ‘[01m[Kconst Int64 {aka const std_msgs::Int64_<std::allocator<void> >}[m[K’
     ROS_INFO("Fault flag: %d", fault_msg[01;31m[K-[m[K>data);
                                         [01;31m[K^[m[K
[01m[K/opt/ros/melodic/include/ros/console.h:348:165:[m[K [01;36m[Knote: [m[Kin definition of macro ‘[01m[KROSCONSOLE_PRINT_AT_LOCATION_WITH_FILTER[m[K’
     ::ros::console::print(filter, __rosconsole_define_location__loc.logger_, __rosconsole_define_location__loc.level_, __FILE__, __LINE__, __ROSCONSOLE_FUNCTION__, [01;36m[K__VA_ARGS__[m[K)
                                                                                                                                                                     [01;36m[K^~~~~~~~~~~[m[K
[01m[K/opt/ros/melodic/include/ros/console.h:387:7:[m[K [01;36m[Knote: [m[Kin expansion of macro ‘[01m[KROSCONSOLE_PRINT_AT_LOCATION[m[K’
       [01;36m[KROSCONSOLE_PRINT_AT_LOCATION[m[K(__VA_ARGS__); \
       [01;36m[K^~~~~~~~~~~~~~~~~~~~~~~~~~~~[m[K
[01m[K/opt/ros/melodic/include/ros/console.h:572:35:[m[K [01;36m[Knote: [m[Kin expansion of macro ‘[01m[KROS_LOG_COND[m[K’
 #define ROS_LOG(level, name, ...) [01;36m[KROS_LOG_COND[m[K(true, level, name, __VA_ARGS__)
                                   [01;36m[K^~~~~~~~~~~~[m[K
[01m[K/opt/ros/melodic/include/rosconsole/macros_generated.h:110:23:[m[K [01;36m[Knote: [m[Kin expansion of macro ‘[01m[KROS_LOG[m[K’
 #define ROS_INFO(...) [01;36m[KROS_LOG[m[K(::ros::console::levels::Info, ROSCONSOLE_DEFAULT_NAME, __VA_ARGS__)
                       [01;36m[K^~~~~~~[m[K
[01m[K/home/autoware/Autoware/src/autoware/core_perception/vision_darknet_detect/src/vision_darknet_detect.cpp:252:5:[m[K [01;36m[Knote: [m[Kin expansion of macro ‘[01m[KROS_INFO[m[K’
     [01;36m[KR[m[KOS_INFO("Fault flag: %d", fault_msg->data);
     [01;36m[K^[m[K
make[2]: *** [CMakeFiles/vision_darknet_detect.dir/src/vision_darknet_detect_node.cpp.o] Error 1
make[2]: *** Waiting for unfinished jobs....
make[2]: *** [CMakeFiles/vision_darknet_detect.dir/src/vision_darknet_detect.cpp.o] Error 1
make[1]: *** [CMakeFiles/vision_darknet_detect.dir/all] Error 2
make: *** [all] Error 2
