Determining if the pthread_create exist failed with the following output:
Change Dir: /home/autoware/Autoware/build/vision_beyond_track/CMakeFiles/CMakeTmp

Run Build Command:"/usr/bin/make" "cmTC_311c0/fast"
/usr/bin/make -f CMakeFiles/cmTC_311c0.dir/build.make CMakeFiles/cmTC_311c0.dir/build
make[1]: Entering directory '/home/autoware/Autoware/build/vision_beyond_track/CMakeFiles/CMakeTmp'
Building C object CMakeFiles/cmTC_311c0.dir/CheckSymbolExists.c.o
/usr/bin/cc    -o CMakeFiles/cmTC_311c0.dir/CheckSymbolExists.c.o   -c /home/autoware/Autoware/build/vision_beyond_track/CMakeFiles/CMakeTmp/CheckSymbolExists.c
Linking C executable cmTC_311c0
/usr/bin/cmake -E cmake_link_script CMakeFiles/cmTC_311c0.dir/link.txt --verbose=1
/usr/bin/cc      -rdynamic CMakeFiles/cmTC_311c0.dir/CheckSymbolExists.c.o  -o cmTC_311c0 
CMakeFiles/cmTC_311c0.dir/CheckSymbolExists.c.o: In function `main':
CheckSymbolExists.c:(.text+0x1b): undefined reference to `pthread_create'
collect2: error: ld returned 1 exit status
CMakeFiles/cmTC_311c0.dir/build.make:97: recipe for target 'cmTC_311c0' failed
make[1]: *** [cmTC_311c0] Error 1
make[1]: Leaving directory '/home/autoware/Autoware/build/vision_beyond_track/CMakeFiles/CMakeTmp'
Makefile:126: recipe for target 'cmTC_311c0/fast' failed
make: *** [cmTC_311c0/fast] Error 2

File /home/autoware/Autoware/build/vision_beyond_track/CMakeFiles/CMakeTmp/CheckSymbolExists.c:
/* */
#include <pthread.h>

int main(int argc, char** argv)
{
  (void)argv;
#ifndef pthread_create
  return ((int*)(&pthread_create))[argc];
#else
  (void)argc;
  return 0;
#endif
}

Determining if the function pthread_create exists in the pthreads failed with the following output:
Change Dir: /home/autoware/Autoware/build/vision_beyond_track/CMakeFiles/CMakeTmp

Run Build Command:"/usr/bin/make" "cmTC_1beab/fast"
/usr/bin/make -f CMakeFiles/cmTC_1beab.dir/build.make CMakeFiles/cmTC_1beab.dir/build
make[1]: Entering directory '/home/autoware/Autoware/build/vision_beyond_track/CMakeFiles/CMakeTmp'
Building C object CMakeFiles/cmTC_1beab.dir/CheckFunctionExists.c.o
/usr/bin/cc   -DCHECK_FUNCTION_EXISTS=pthread_create   -o CMakeFiles/cmTC_1beab.dir/CheckFunctionExists.c.o   -c /usr/share/cmake-3.10/Modules/CheckFunctionExists.c
Linking C executable cmTC_1beab
/usr/bin/cmake -E cmake_link_script CMakeFiles/cmTC_1beab.dir/link.txt --verbose=1
/usr/bin/cc  -DCHECK_FUNCTION_EXISTS=pthread_create    -rdynamic CMakeFiles/cmTC_1beab.dir/CheckFunctionExists.c.o  -o cmTC_1beab -lpthreads 
/usr/bin/ld: cannot find -lpthreads
collect2: error: ld returned 1 exit status
CMakeFiles/cmTC_1beab.dir/build.make:97: recipe for target 'cmTC_1beab' failed
make[1]: *** [cmTC_1beab] Error 1
make[1]: Leaving directory '/home/autoware/Autoware/build/vision_beyond_track/CMakeFiles/CMakeTmp'
Makefile:126: recipe for target 'cmTC_1beab/fast' failed
make: *** [cmTC_1beab/fast] Error 2


