[0.606s] Invoking command in '/home/autoware/Autoware/build/ekf_localizer': CMAKE_PREFIX_PATH=/home/autoware/Autoware/install/amathutils_lib:/home/autoware/Autoware/install/autoware_msgs:/home/autoware/Autoware/install/autoware_build_flags:${CMAKE_PREFIX_PATH} LD_LIBRARY_PATH=/home/autoware/Autoware/install/amathutils_lib/lib:${LD_LIBRARY_PATH} PKG_CONFIG_PATH=/home/autoware/Autoware/install/amathutils_lib/lib/x86_64-linux-gnu/pkgconfig:/home/autoware/Autoware/install/amathutils_lib/lib/pkgconfig:/home/autoware/Autoware/install/autoware_msgs/lib/x86_64-linux-gnu/pkgconfig:/home/autoware/Autoware/install/autoware_msgs/lib/pkgconfig:/home/autoware/Autoware/install/autoware_build_flags/lib/x86_64-linux-gnu/pkgconfig:/home/autoware/Autoware/install/autoware_build_flags/lib/pkgconfig:${PKG_CONFIG_PATH} PYTHONPATH=/home/autoware/Autoware/install/autoware_msgs/lib/python2.7/dist-packages:${PYTHONPATH} ROS_PACKAGE_PATH=/home/autoware/Autoware/install/amathutils_lib/share:/home/autoware/Autoware/install/autoware_msgs/share:/home/autoware/Autoware/install/autoware_build_flags/share:${ROS_PACKAGE_PATH} /usr/bin/cmake --build /home/autoware/Autoware/build/ekf_localizer -- -j32 -l32
[0.830s] [  0%] Built target jsk_recognition_msgs_generate_messages_lisp
[0.830s] [  0%] Built target tf2_msgs_generate_messages_nodejs
[0.830s] [  0%] Built target autoware_msgs_generate_messages_py
[0.830s] [  0%] Built target roscpp_generate_messages_cpp
[0.830s] [  0%] Built target geometry_msgs_generate_messages_nodejs
[0.830s] [  0%] Built target roscpp_generate_messages_nodejs
[0.830s] [  0%] Built target sensor_msgs_generate_messages_eus
[0.831s] [  0%] Built target rosgraph_msgs_generate_messages_cpp
[0.831s] [  0%] Built target geometry_msgs_generate_messages_py
[0.831s] [  0%] Built target sensor_msgs_generate_messages_cpp
[0.831s] [  0%] Built target std_msgs_generate_messages_py
[0.831s] [  0%] Built target tf2_msgs_generate_messages_cpp
[0.831s] [  0%] Built target std_msgs_generate_messages_lisp
[0.831s] [  0%] Built target sensor_msgs_generate_messages_py
[0.831s] [  0%] Built target std_msgs_generate_messages_nodejs
[0.831s] [  0%] Built target pcl_msgs_generate_messages_nodejs
[0.831s] [  0%] Built target pcl_msgs_generate_messages_eus
[0.831s] [  0%] Built target jsk_footstep_msgs_generate_messages_py
[0.831s] [  0%] Built target geometry_msgs_generate_messages_lisp
[0.832s] [  0%] Built target std_msgs_generate_messages_cpp
[0.832s] [  0%] Built target jsk_recognition_msgs_generate_messages_cpp
[0.832s] [  0%] Built target pcl_msgs_generate_messages_cpp
[0.832s] [  0%] Built target actionlib_generate_messages_cpp
[0.832s] [  0%] Built target jsk_recognition_msgs_generate_messages_eus
[0.832s] [  0%] Built target autoware_msgs_generate_messages_cpp
[0.832s] [  0%] Built target rosgraph_msgs_generate_messages_eus
[0.832s] [  0%] Built target jsk_recognition_msgs_generate_messages_py
[0.832s] [  0%] Built target _catkin_empty_exported_target
[0.833s] [  0%] Built target actionlib_msgs_generate_messages_nodejs
[0.833s] [  0%] Built target sensor_msgs_generate_messages_nodejs
[0.833s] [  0%] Built target geometry_msgs_generate_messages_eus
[0.833s] [  0%] Built target sensor_msgs_generate_messages_lisp
[0.834s] [  0%] Built target autoware_msgs_generate_messages_lisp
[0.834s] [  0%] Built target jsk_footstep_msgs_generate_messages_lisp
[0.834s] [  0%] Built target autoware_msgs_generate_messages_eus
[0.835s] [  0%] Built target tf_generate_messages_eus
[0.835s] [  0%] Built target jsk_footstep_msgs_generate_messages_nodejs
[0.835s] [  0%] Built target autoware_msgs_generate_messages_nodejs
[0.835s] [  0%] Built target rosgraph_msgs_generate_messages_lisp
[0.835s] [  0%] Built target jsk_footstep_msgs_generate_messages_eus
[0.835s] [  0%] Built target tf_generate_messages_nodejs
[0.901s] [  0%] Built target roscpp_generate_messages_lisp
[0.901s] [  0%] Built target pcl_msgs_generate_messages_py
[0.901s] [  0%] Built target jsk_recognition_msgs_generate_messages_nodejs
[0.901s] [  0%] Built target jsk_footstep_msgs_generate_messages_cpp
[0.901s] [  0%] Built target tf_generate_messages_lisp
[0.901s] [  0%] Built target roscpp_generate_messages_py
[0.901s] [  0%] Built target roscpp_generate_messages_eus
[0.953s] [  0%] Built target actionlib_msgs_generate_messages_lisp
[0.953s] [  0%] Built target rosgraph_msgs_generate_messages_py
[0.954s] [  0%] Built target actionlib_generate_messages_eus
[0.954s] [  0%] Built target std_msgs_generate_messages_eus
[0.954s] [  0%] Built target actionlib_msgs_generate_messages_py
[0.954s] [  0%] Built target tf_generate_messages_py
[0.954s] [  0%] Built target rosgraph_msgs_generate_messages_nodejs
[0.954s] [  0%] Built target actionlib_generate_messages_nodejs
[0.955s] [  0%] Built target actionlib_msgs_generate_messages_eus
[0.955s] [  0%] Built target tf2_msgs_generate_messages_lisp
[0.956s] [  0%] Built target geometry_msgs_generate_messages_cpp
[0.956s] [  0%] Built target pcl_msgs_generate_messages_lisp
[0.956s] [  0%] Built target actionlib_msgs_generate_messages_cpp
[0.956s] [  0%] Built target actionlib_generate_messages_lisp
[0.957s] [  0%] Built target tf_generate_messages_cpp
[0.957s] [  0%] Built target tf2_msgs_generate_messages_eus
[0.957s] [  0%] Built target tf2_msgs_generate_messages_py
[0.958s] [  0%] Built target actionlib_generate_messages_py
[0.960s] [100%] Built target ekf_localizer
[1.138s] Invoked command in '/home/autoware/Autoware/build/ekf_localizer' returned '0': CMAKE_PREFIX_PATH=/home/autoware/Autoware/install/amathutils_lib:/home/autoware/Autoware/install/autoware_msgs:/home/autoware/Autoware/install/autoware_build_flags:${CMAKE_PREFIX_PATH} LD_LIBRARY_PATH=/home/autoware/Autoware/install/amathutils_lib/lib:${LD_LIBRARY_PATH} PKG_CONFIG_PATH=/home/autoware/Autoware/install/amathutils_lib/lib/x86_64-linux-gnu/pkgconfig:/home/autoware/Autoware/install/amathutils_lib/lib/pkgconfig:/home/autoware/Autoware/install/autoware_msgs/lib/x86_64-linux-gnu/pkgconfig:/home/autoware/Autoware/install/autoware_msgs/lib/pkgconfig:/home/autoware/Autoware/install/autoware_build_flags/lib/x86_64-linux-gnu/pkgconfig:/home/autoware/Autoware/install/autoware_build_flags/lib/pkgconfig:${PKG_CONFIG_PATH} PYTHONPATH=/home/autoware/Autoware/install/autoware_msgs/lib/python2.7/dist-packages:${PYTHONPATH} ROS_PACKAGE_PATH=/home/autoware/Autoware/install/amathutils_lib/share:/home/autoware/Autoware/install/autoware_msgs/share:/home/autoware/Autoware/install/autoware_build_flags/share:${ROS_PACKAGE_PATH} /usr/bin/cmake --build /home/autoware/Autoware/build/ekf_localizer -- -j32 -l32
[1.883s] Invoking command in '/home/autoware/Autoware/build/ekf_localizer': CMAKE_PREFIX_PATH=/home/autoware/Autoware/install/amathutils_lib:/home/autoware/Autoware/install/autoware_msgs:/home/autoware/Autoware/install/autoware_build_flags:${CMAKE_PREFIX_PATH} LD_LIBRARY_PATH=/home/autoware/Autoware/install/amathutils_lib/lib:${LD_LIBRARY_PATH} PKG_CONFIG_PATH=/home/autoware/Autoware/install/amathutils_lib/lib/x86_64-linux-gnu/pkgconfig:/home/autoware/Autoware/install/amathutils_lib/lib/pkgconfig:/home/autoware/Autoware/install/autoware_msgs/lib/x86_64-linux-gnu/pkgconfig:/home/autoware/Autoware/install/autoware_msgs/lib/pkgconfig:/home/autoware/Autoware/install/autoware_build_flags/lib/x86_64-linux-gnu/pkgconfig:/home/autoware/Autoware/install/autoware_build_flags/lib/pkgconfig:${PKG_CONFIG_PATH} PYTHONPATH=/home/autoware/Autoware/install/autoware_msgs/lib/python2.7/dist-packages:${PYTHONPATH} ROS_PACKAGE_PATH=/home/autoware/Autoware/install/amathutils_lib/share:/home/autoware/Autoware/install/autoware_msgs/share:/home/autoware/Autoware/install/autoware_build_flags/share:${ROS_PACKAGE_PATH} /usr/bin/cmake --build /home/autoware/Autoware/build/ekf_localizer --target tests -- -j32 -l32
[2.250s] [ 40%] Built target gtest
[2.284s] [100%] Built target ekf_localizer-test
[2.326s] [100%] Built target tests
[2.402s] Invoked command in '/home/autoware/Autoware/build/ekf_localizer' returned '0': CMAKE_PREFIX_PATH=/home/autoware/Autoware/install/amathutils_lib:/home/autoware/Autoware/install/autoware_msgs:/home/autoware/Autoware/install/autoware_build_flags:${CMAKE_PREFIX_PATH} LD_LIBRARY_PATH=/home/autoware/Autoware/install/amathutils_lib/lib:${LD_LIBRARY_PATH} PKG_CONFIG_PATH=/home/autoware/Autoware/install/amathutils_lib/lib/x86_64-linux-gnu/pkgconfig:/home/autoware/Autoware/install/amathutils_lib/lib/pkgconfig:/home/autoware/Autoware/install/autoware_msgs/lib/x86_64-linux-gnu/pkgconfig:/home/autoware/Autoware/install/autoware_msgs/lib/pkgconfig:/home/autoware/Autoware/install/autoware_build_flags/lib/x86_64-linux-gnu/pkgconfig:/home/autoware/Autoware/install/autoware_build_flags/lib/pkgconfig:${PKG_CONFIG_PATH} PYTHONPATH=/home/autoware/Autoware/install/autoware_msgs/lib/python2.7/dist-packages:${PYTHONPATH} ROS_PACKAGE_PATH=/home/autoware/Autoware/install/amathutils_lib/share:/home/autoware/Autoware/install/autoware_msgs/share:/home/autoware/Autoware/install/autoware_build_flags/share:${ROS_PACKAGE_PATH} /usr/bin/cmake --build /home/autoware/Autoware/build/ekf_localizer --target tests -- -j32 -l32
[3.266s] Invoking command in '/home/autoware/Autoware/build/ekf_localizer': CMAKE_PREFIX_PATH=/home/autoware/Autoware/install/amathutils_lib:/home/autoware/Autoware/install/autoware_msgs:/home/autoware/Autoware/install/autoware_build_flags:${CMAKE_PREFIX_PATH} LD_LIBRARY_PATH=/home/autoware/Autoware/install/amathutils_lib/lib:${LD_LIBRARY_PATH} PKG_CONFIG_PATH=/home/autoware/Autoware/install/amathutils_lib/lib/x86_64-linux-gnu/pkgconfig:/home/autoware/Autoware/install/amathutils_lib/lib/pkgconfig:/home/autoware/Autoware/install/autoware_msgs/lib/x86_64-linux-gnu/pkgconfig:/home/autoware/Autoware/install/autoware_msgs/lib/pkgconfig:/home/autoware/Autoware/install/autoware_build_flags/lib/x86_64-linux-gnu/pkgconfig:/home/autoware/Autoware/install/autoware_build_flags/lib/pkgconfig:${PKG_CONFIG_PATH} PYTHONPATH=/home/autoware/Autoware/install/autoware_msgs/lib/python2.7/dist-packages:${PYTHONPATH} ROS_PACKAGE_PATH=/home/autoware/Autoware/install/amathutils_lib/share:/home/autoware/Autoware/install/autoware_msgs/share:/home/autoware/Autoware/install/autoware_build_flags/share:${ROS_PACKAGE_PATH} /usr/bin/cmake --build /home/autoware/Autoware/build/ekf_localizer --target install -- -j32 -l32
[3.461s] [  0%] Built target geometry_msgs_generate_messages_py
[3.462s] [  0%] Built target rosgraph_msgs_generate_messages_eus
[3.462s] [  0%] Built target jsk_recognition_msgs_generate_messages_lisp
[3.462s] [  0%] Built target pcl_msgs_generate_messages_eus
[3.462s] [  0%] Built target _catkin_empty_exported_target
[3.463s] [  0%] Built target sensor_msgs_generate_messages_lisp
[3.463s] [  0%] Built target roscpp_generate_messages_cpp
[3.464s] [  0%] Built target sensor_msgs_generate_messages_nodejs
[3.464s] [  0%] Built target rosgraph_msgs_generate_messages_cpp
[3.464s] [  0%] Built target sensor_msgs_generate_messages_py
[3.465s] [  0%] Built target tf2_msgs_generate_messages_nodejs
[3.465s] [  0%] Built target pcl_msgs_generate_messages_cpp
[3.465s] [  0%] Built target actionlib_generate_messages_cpp
[3.465s] [  0%] Built target std_msgs_generate_messages_nodejs
[3.465s] [  0%] Built target autoware_msgs_generate_messages_py
[3.465s] [  0%] Built target std_msgs_generate_messages_py
[3.465s] [  0%] Built target tf2_msgs_generate_messages_cpp
[3.466s] [  0%] Built target sensor_msgs_generate_messages_eus
[3.466s] [  0%] Built target jsk_footstep_msgs_generate_messages_py
[3.467s] [  0%] Built target autoware_msgs_generate_messages_cpp
[3.467s] [  0%] Built target std_msgs_generate_messages_lisp
[3.467s] [  0%] Built target jsk_recognition_msgs_generate_messages_eus
[3.467s] [  0%] Built target roscpp_generate_messages_nodejs
[3.467s] [  0%] Built target sensor_msgs_generate_messages_cpp
[3.467s] [  0%] Built target geometry_msgs_generate_messages_nodejs
[3.468s] [  0%] Built target jsk_recognition_msgs_generate_messages_cpp
[3.468s] [  0%] Built target pcl_msgs_generate_messages_nodejs
[3.469s] [  0%] Built target jsk_recognition_msgs_generate_messages_py
[3.469s] [  0%] Built target geometry_msgs_generate_messages_eus
[3.469s] [  0%] Built target geometry_msgs_generate_messages_lisp
[3.469s] [  0%] Built target std_msgs_generate_messages_cpp
[3.470s] [  0%] Built target actionlib_msgs_generate_messages_nodejs
[3.516s] [  0%] Built target std_msgs_generate_messages_eus
[3.517s] [  0%] Built target autoware_msgs_generate_messages_nodejs
[3.517s] [  0%] Built target jsk_footstep_msgs_generate_messages_lisp
[3.517s] [  0%] Built target actionlib_msgs_generate_messages_py
[3.517s] [  0%] Built target jsk_recognition_msgs_generate_messages_nodejs
[3.517s] [  0%] Built target autoware_msgs_generate_messages_eus
[3.517s] [  0%] Built target tf_generate_messages_py
[3.518s] [  0%] Built target rosgraph_msgs_generate_messages_lisp
[3.518s] [  0%] Built target rosgraph_msgs_generate_messages_nodejs
[3.518s] [  0%] Built target jsk_footstep_msgs_generate_messages_nodejs
[3.518s] [  0%] Built target tf_generate_messages_lisp
[3.519s] [  0%] Built target jsk_footstep_msgs_generate_messages_eus
[3.519s] [  0%] Built target jsk_footstep_msgs_generate_messages_cpp
[3.519s] [  0%] Built target actionlib_msgs_generate_messages_eus
[3.519s] [  0%] Built target rosgraph_msgs_generate_messages_py
[3.520s] [  0%] Built target autoware_msgs_generate_messages_lisp
[3.520s] [  0%] Built target pcl_msgs_generate_messages_py
[3.520s] [  0%] Built target roscpp_generate_messages_lisp
[3.520s] [  0%] Built target roscpp_generate_messages_eus
[3.521s] [  0%] Built target tf_generate_messages_eus
[3.521s] [  0%] Built target actionlib_msgs_generate_messages_lisp
[3.521s] [  0%] Built target actionlib_msgs_generate_messages_cpp
[3.522s] [  0%] Built target roscpp_generate_messages_py
[3.522s] [  0%] Built target actionlib_generate_messages_eus
[3.522s] [  0%] Built target actionlib_generate_messages_lisp
[3.522s] [  0%] Built target tf_generate_messages_nodejs
[3.522s] [  0%] Built target actionlib_generate_messages_nodejs
[3.523s] [  0%] Built target pcl_msgs_generate_messages_lisp
[3.523s] [  0%] Built target tf2_msgs_generate_messages_lisp
[3.523s] [  0%] Built target tf2_msgs_generate_messages_eus
[3.525s] [  0%] Built target tf_generate_messages_cpp
[3.525s] [  0%] Built target geometry_msgs_generate_messages_cpp
[3.525s] [  0%] Built target tf2_msgs_generate_messages_py
[3.525s] [  0%] Built target actionlib_generate_messages_py
[3.566s] [100%] Built target ekf_localizer
[3.566s] Install the project...
[3.566s] -- Install configuration: "Release"
[3.566s] -- Up-to-date: /home/autoware/Autoware/install/ekf_localizer/lib/pkgconfig/ekf_localizer.pc
[3.567s] -- Up-to-date: /home/autoware/Autoware/install/ekf_localizer/share/ekf_localizer/cmake/ekf_localizerConfig.cmake
[3.567s] -- Up-to-date: /home/autoware/Autoware/install/ekf_localizer/share/ekf_localizer/cmake/ekf_localizerConfig-version.cmake
[3.567s] -- Up-to-date: /home/autoware/Autoware/install/ekf_localizer/share/ekf_localizer/package.xml
[3.567s] -- Up-to-date: /home/autoware/Autoware/install/ekf_localizer/lib/ekf_localizer/ekf_localizer
[3.567s] -- Up-to-date: /home/autoware/Autoware/install/ekf_localizer/include/ekf_localizer
[3.567s] -- Up-to-date: /home/autoware/Autoware/install/ekf_localizer/include/ekf_localizer/ekf_localizer.h
[3.567s] -- Up-to-date: /home/autoware/Autoware/install/ekf_localizer/share/ekf_localizer/launch
[3.567s] -- Up-to-date: /home/autoware/Autoware/install/ekf_localizer/share/ekf_localizer/launch/ekf_localizer.launch
[3.785s] Invoked command in '/home/autoware/Autoware/build/ekf_localizer' returned '0': CMAKE_PREFIX_PATH=/home/autoware/Autoware/install/amathutils_lib:/home/autoware/Autoware/install/autoware_msgs:/home/autoware/Autoware/install/autoware_build_flags:${CMAKE_PREFIX_PATH} LD_LIBRARY_PATH=/home/autoware/Autoware/install/amathutils_lib/lib:${LD_LIBRARY_PATH} PKG_CONFIG_PATH=/home/autoware/Autoware/install/amathutils_lib/lib/x86_64-linux-gnu/pkgconfig:/home/autoware/Autoware/install/amathutils_lib/lib/pkgconfig:/home/autoware/Autoware/install/autoware_msgs/lib/x86_64-linux-gnu/pkgconfig:/home/autoware/Autoware/install/autoware_msgs/lib/pkgconfig:/home/autoware/Autoware/install/autoware_build_flags/lib/x86_64-linux-gnu/pkgconfig:/home/autoware/Autoware/install/autoware_build_flags/lib/pkgconfig:${PKG_CONFIG_PATH} PYTHONPATH=/home/autoware/Autoware/install/autoware_msgs/lib/python2.7/dist-packages:${PYTHONPATH} ROS_PACKAGE_PATH=/home/autoware/Autoware/install/amathutils_lib/share:/home/autoware/Autoware/install/autoware_msgs/share:/home/autoware/Autoware/install/autoware_build_flags/share:${ROS_PACKAGE_PATH} /usr/bin/cmake --build /home/autoware/Autoware/build/ekf_localizer --target install -- -j32 -l32
