[0.638s] Invoking command in '/home/autoware/Autoware/build/vehicle_model': CMAKE_PREFIX_PATH=/home/autoware/Autoware/install/gazebo_imu_description:/home/autoware/Autoware/install/gazebo_camera_description:/home/autoware/Autoware/install/autoware_build_flags:${CMAKE_PREFIX_PATH} PKG_CONFIG_PATH=/home/autoware/Autoware/install/gazebo_imu_description/lib/x86_64-linux-gnu/pkgconfig:/home/autoware/Autoware/install/gazebo_imu_description/lib/pkgconfig:/home/autoware/Autoware/install/gazebo_camera_description/lib/x86_64-linux-gnu/pkgconfig:/home/autoware/Autoware/install/gazebo_camera_description/lib/pkgconfig:/home/autoware/Autoware/install/autoware_build_flags/lib/x86_64-linux-gnu/pkgconfig:/home/autoware/Autoware/install/autoware_build_flags/lib/pkgconfig:${PKG_CONFIG_PATH} ROS_PACKAGE_PATH=/home/autoware/Autoware/install/gazebo_imu_description/share:/home/autoware/Autoware/install/gazebo_camera_description/share:/home/autoware/Autoware/install/autoware_build_flags/share:${ROS_PACKAGE_PATH} /usr/bin/cmake --build /home/autoware/Autoware/build/vehicle_model -- -j32 -l32
[1.156s] Invoked command in '/home/autoware/Autoware/build/vehicle_model' returned '0': CMAKE_PREFIX_PATH=/home/autoware/Autoware/install/gazebo_imu_description:/home/autoware/Autoware/install/gazebo_camera_description:/home/autoware/Autoware/install/autoware_build_flags:${CMAKE_PREFIX_PATH} PKG_CONFIG_PATH=/home/autoware/Autoware/install/gazebo_imu_description/lib/x86_64-linux-gnu/pkgconfig:/home/autoware/Autoware/install/gazebo_imu_description/lib/pkgconfig:/home/autoware/Autoware/install/gazebo_camera_description/lib/x86_64-linux-gnu/pkgconfig:/home/autoware/Autoware/install/gazebo_camera_description/lib/pkgconfig:/home/autoware/Autoware/install/autoware_build_flags/lib/x86_64-linux-gnu/pkgconfig:/home/autoware/Autoware/install/autoware_build_flags/lib/pkgconfig:${PKG_CONFIG_PATH} ROS_PACKAGE_PATH=/home/autoware/Autoware/install/gazebo_imu_description/share:/home/autoware/Autoware/install/gazebo_camera_description/share:/home/autoware/Autoware/install/autoware_build_flags/share:${ROS_PACKAGE_PATH} /usr/bin/cmake --build /home/autoware/Autoware/build/vehicle_model -- -j32 -l32
[1.750s] Invoking command in '/home/autoware/Autoware/build/vehicle_model': CMAKE_PREFIX_PATH=/home/autoware/Autoware/install/gazebo_imu_description:/home/autoware/Autoware/install/gazebo_camera_description:/home/autoware/Autoware/install/autoware_build_flags:${CMAKE_PREFIX_PATH} PKG_CONFIG_PATH=/home/autoware/Autoware/install/gazebo_imu_description/lib/x86_64-linux-gnu/pkgconfig:/home/autoware/Autoware/install/gazebo_imu_description/lib/pkgconfig:/home/autoware/Autoware/install/gazebo_camera_description/lib/x86_64-linux-gnu/pkgconfig:/home/autoware/Autoware/install/gazebo_camera_description/lib/pkgconfig:/home/autoware/Autoware/install/autoware_build_flags/lib/x86_64-linux-gnu/pkgconfig:/home/autoware/Autoware/install/autoware_build_flags/lib/pkgconfig:${PKG_CONFIG_PATH} ROS_PACKAGE_PATH=/home/autoware/Autoware/install/gazebo_imu_description/share:/home/autoware/Autoware/install/gazebo_camera_description/share:/home/autoware/Autoware/install/autoware_build_flags/share:${ROS_PACKAGE_PATH} /usr/bin/cmake --build /home/autoware/Autoware/build/vehicle_model --target tests -- -j32 -l32
[2.003s] Built target tests
[2.105s] Invoked command in '/home/autoware/Autoware/build/vehicle_model' returned '0': CMAKE_PREFIX_PATH=/home/autoware/Autoware/install/gazebo_imu_description:/home/autoware/Autoware/install/gazebo_camera_description:/home/autoware/Autoware/install/autoware_build_flags:${CMAKE_PREFIX_PATH} PKG_CONFIG_PATH=/home/autoware/Autoware/install/gazebo_imu_description/lib/x86_64-linux-gnu/pkgconfig:/home/autoware/Autoware/install/gazebo_imu_description/lib/pkgconfig:/home/autoware/Autoware/install/gazebo_camera_description/lib/x86_64-linux-gnu/pkgconfig:/home/autoware/Autoware/install/gazebo_camera_description/lib/pkgconfig:/home/autoware/Autoware/install/autoware_build_flags/lib/x86_64-linux-gnu/pkgconfig:/home/autoware/Autoware/install/autoware_build_flags/lib/pkgconfig:${PKG_CONFIG_PATH} ROS_PACKAGE_PATH=/home/autoware/Autoware/install/gazebo_imu_description/share:/home/autoware/Autoware/install/gazebo_camera_description/share:/home/autoware/Autoware/install/autoware_build_flags/share:${ROS_PACKAGE_PATH} /usr/bin/cmake --build /home/autoware/Autoware/build/vehicle_model --target tests -- -j32 -l32
[2.534s] Invoking command in '/home/autoware/Autoware/build/vehicle_model': CMAKE_PREFIX_PATH=/home/autoware/Autoware/install/gazebo_imu_description:/home/autoware/Autoware/install/gazebo_camera_description:/home/autoware/Autoware/install/autoware_build_flags:${CMAKE_PREFIX_PATH} PKG_CONFIG_PATH=/home/autoware/Autoware/install/gazebo_imu_description/lib/x86_64-linux-gnu/pkgconfig:/home/autoware/Autoware/install/gazebo_imu_description/lib/pkgconfig:/home/autoware/Autoware/install/gazebo_camera_description/lib/x86_64-linux-gnu/pkgconfig:/home/autoware/Autoware/install/gazebo_camera_description/lib/pkgconfig:/home/autoware/Autoware/install/autoware_build_flags/lib/x86_64-linux-gnu/pkgconfig:/home/autoware/Autoware/install/autoware_build_flags/lib/pkgconfig:${PKG_CONFIG_PATH} ROS_PACKAGE_PATH=/home/autoware/Autoware/install/gazebo_imu_description/share:/home/autoware/Autoware/install/gazebo_camera_description/share:/home/autoware/Autoware/install/autoware_build_flags/share:${ROS_PACKAGE_PATH} /usr/bin/cmake --build /home/autoware/Autoware/build/vehicle_model --target install -- -j32 -l32
[2.984s] Install the project...
[3.104s] -- Install configuration: "Release"
[3.104s] -- Up-to-date: /home/autoware/Autoware/install/vehicle_model/lib/pkgconfig/vehicle_model.pc
[3.105s] -- Up-to-date: /home/autoware/Autoware/install/vehicle_model/share/vehicle_model/cmake/vehicle_modelConfig.cmake
[3.105s] -- Up-to-date: /home/autoware/Autoware/install/vehicle_model/share/vehicle_model/cmake/vehicle_modelConfig-version.cmake
[3.105s] -- Up-to-date: /home/autoware/Autoware/install/vehicle_model/share/vehicle_model/package.xml
[3.105s] -- Up-to-date: /home/autoware/Autoware/install/vehicle_model/share/vehicle_model/mesh
[3.105s] -- Up-to-date: /home/autoware/Autoware/install/vehicle_model/share/vehicle_model/mesh/wheel.dae
[3.105s] -- Up-to-date: /home/autoware/Autoware/install/vehicle_model/share/vehicle_model/mesh/_51225ex2diffuse.jpeg
[3.105s] -- Up-to-date: /home/autoware/Autoware/install/vehicle_model/share/vehicle_model/mesh/README.md
[3.105s] -- Up-to-date: /home/autoware/Autoware/install/vehicle_model/share/vehicle_model/mesh/body.dae
[3.105s] -- Up-to-date: /home/autoware/Autoware/install/vehicle_model/share/vehicle_model/mesh/_51225ex1diffuse.jpeg
[3.105s] -- Up-to-date: /home/autoware/Autoware/install/vehicle_model/share/vehicle_model/urdf
[3.105s] -- Up-to-date: /home/autoware/Autoware/install/vehicle_model/share/vehicle_model/urdf/steering.xacro
[3.105s] -- Up-to-date: /home/autoware/Autoware/install/vehicle_model/share/vehicle_model/urdf/wheel.xacro
[3.106s] -- Up-to-date: /home/autoware/Autoware/install/vehicle_model/share/vehicle_model/urdf/actuator.xacro
[3.106s] -- Up-to-date: /home/autoware/Autoware/install/vehicle_model/share/vehicle_model/urdf/vehicle.gazebo
[3.106s] -- Up-to-date: /home/autoware/Autoware/install/vehicle_model/share/vehicle_model/urdf/wheel.gazebo
[3.106s] -- Up-to-date: /home/autoware/Autoware/install/vehicle_model/share/vehicle_model/urdf/vehicle.xacro
[3.106s] -- Up-to-date: /home/autoware/Autoware/install/vehicle_model/share/vehicle_model/urdf/body.xacro
[3.106s] -- Up-to-date: /home/autoware/Autoware/install/vehicle_model/share/vehicle_model/urdf/steering.gazebo
[3.106s] -- Up-to-date: /home/autoware/Autoware/install/vehicle_model/share/vehicle_model/config
[3.106s] -- Up-to-date: /home/autoware/Autoware/install/vehicle_model/share/vehicle_model/config/calibration.yaml
[3.106s] -- Up-to-date: /home/autoware/Autoware/install/vehicle_model/share/vehicle_model/config/vehicle_info.yaml
[3.106s] -- Up-to-date: /home/autoware/Autoware/install/vehicle_model/share/vehicle_model/config/controller.yaml
[3.144s] Invoked command in '/home/autoware/Autoware/build/vehicle_model' returned '0': CMAKE_PREFIX_PATH=/home/autoware/Autoware/install/gazebo_imu_description:/home/autoware/Autoware/install/gazebo_camera_description:/home/autoware/Autoware/install/autoware_build_flags:${CMAKE_PREFIX_PATH} PKG_CONFIG_PATH=/home/autoware/Autoware/install/gazebo_imu_description/lib/x86_64-linux-gnu/pkgconfig:/home/autoware/Autoware/install/gazebo_imu_description/lib/pkgconfig:/home/autoware/Autoware/install/gazebo_camera_description/lib/x86_64-linux-gnu/pkgconfig:/home/autoware/Autoware/install/gazebo_camera_description/lib/pkgconfig:/home/autoware/Autoware/install/autoware_build_flags/lib/x86_64-linux-gnu/pkgconfig:/home/autoware/Autoware/install/autoware_build_flags/lib/pkgconfig:${PKG_CONFIG_PATH} ROS_PACKAGE_PATH=/home/autoware/Autoware/install/gazebo_imu_description/share:/home/autoware/Autoware/install/gazebo_camera_description/share:/home/autoware/Autoware/install/autoware_build_flags/share:${ROS_PACKAGE_PATH} /usr/bin/cmake --build /home/autoware/Autoware/build/vehicle_model --target install -- -j32 -l32
