[0.460s] Invoking command in '/home/autoware/Autoware/build/autoware_quickstart_examples': /usr/bin/cmake --build /home/autoware/Autoware/build/autoware_quickstart_examples -- -j32 -l32
[0.795s] Invoked command in '/home/autoware/Autoware/build/autoware_quickstart_examples' returned '0': /usr/bin/cmake --build /home/autoware/Autoware/build/autoware_quickstart_examples -- -j32 -l32
[0.919s] Invoking command in '/home/autoware/Autoware/build/autoware_quickstart_examples': /usr/bin/cmake --build /home/autoware/Autoware/build/autoware_quickstart_examples --target tests -- -j32 -l32
[1.031s] Built target tests
[1.072s] Invoked command in '/home/autoware/Autoware/build/autoware_quickstart_examples' returned '0': /usr/bin/cmake --build /home/autoware/Autoware/build/autoware_quickstart_examples --target tests -- -j32 -l32
[1.197s] Invoking command in '/home/autoware/Autoware/build/autoware_quickstart_examples': /usr/bin/cmake --build /home/autoware/Autoware/build/autoware_quickstart_examples --target install -- -j32 -l32
[1.286s] Install the project...
[1.382s] -- Install configuration: "Release"
[1.382s] -- Up-to-date: /home/autoware/Autoware/install/autoware_quickstart_examples/lib/pkgconfig/autoware_quickstart_examples.pc
[1.383s] -- Up-to-date: /home/autoware/Autoware/install/autoware_quickstart_examples/share/autoware_quickstart_examples/cmake/autoware_quickstart_examplesConfig.cmake
[1.383s] -- Up-to-date: /home/autoware/Autoware/install/autoware_quickstart_examples/share/autoware_quickstart_examples/cmake/autoware_quickstart_examplesConfig-version.cmake
[1.383s] -- Up-to-date: /home/autoware/Autoware/install/autoware_quickstart_examples/share/autoware_quickstart_examples/package.xml
[1.383s] -- Up-to-date: /home/autoware/Autoware/install/autoware_quickstart_examples/share/autoware_quickstart_examples/launch
[1.383s] -- Up-to-date: /home/autoware/Autoware/install/autoware_quickstart_examples/share/autoware_quickstart_examples/launch/tf_local.launch
[1.383s] -- Up-to-date: /home/autoware/Autoware/install/autoware_quickstart_examples/share/autoware_quickstart_examples/launch/rosbag_demo
[1.384s] -- Up-to-date: /home/autoware/Autoware/install/autoware_quickstart_examples/share/autoware_quickstart_examples/launch/rosbag_demo/my_localization.launch
[1.384s] -- Up-to-date: /home/autoware/Autoware/install/autoware_quickstart_examples/share/autoware_quickstart_examples/launch/rosbag_demo/README.md
[1.384s] -- Up-to-date: /home/autoware/Autoware/install/autoware_quickstart_examples/share/autoware_quickstart_examples/launch/rosbag_demo/my_map.launch
[1.385s] -- Up-to-date: /home/autoware/Autoware/install/autoware_quickstart_examples/share/autoware_quickstart_examples/launch/rosbag_demo/default.rviz
[1.386s] -- Up-to-date: /home/autoware/Autoware/install/autoware_quickstart_examples/share/autoware_quickstart_examples/launch/rosbag_demo/my_mission_planning.launch
[1.387s] -- Up-to-date: /home/autoware/Autoware/install/autoware_quickstart_examples/share/autoware_quickstart_examples/launch/rosbag_demo/my_detection.launch
[1.387s] -- Up-to-date: /home/autoware/Autoware/install/autoware_quickstart_examples/share/autoware_quickstart_examples/launch/rosbag_demo/my_sensing.launch
[1.387s] -- Up-to-date: /home/autoware/Autoware/install/autoware_quickstart_examples/share/autoware_quickstart_examples/launch/rosbag_demo/my_motion_planning.launch
[1.584s] Invoked command in '/home/autoware/Autoware/build/autoware_quickstart_examples' returned '0': /usr/bin/cmake --build /home/autoware/Autoware/build/autoware_quickstart_examples --target install -- -j32 -l32
