[0.073s] Invoking command in '/home/autoware/Autoware/build/naive_motion_predict': CMAKE_PREFIX_PATH=/home/autoware/Autoware/install/imm_ukf_pda_track:/home/autoware/Autoware/install/lanelet2_extension:/home/autoware/Autoware/install/vector_map:/home/autoware/Autoware/install/amathutils_lib:/home/autoware/Autoware/install/vector_map_msgs:/home/autoware/Autoware/install/autoware_msgs:/home/autoware/Autoware/install/autoware_lanelet2_msgs:/home/autoware/Autoware/install/autoware_build_flags:${CMAKE_PREFIX_PATH} LD_LIBRARY_PATH=/home/autoware/Autoware/install/lanelet2_extension/lib:/home/autoware/Autoware/install/vector_map/lib:/home/autoware/Autoware/install/amathutils_lib/lib:${LD_LIBRARY_PATH} PKG_CONFIG_PATH=/home/autoware/Autoware/install/imm_ukf_pda_track/lib/x86_64-linux-gnu/pkgconfig:/home/autoware/Autoware/install/imm_ukf_pda_track/lib/pkgconfig:/home/autoware/Autoware/install/lanelet2_extension/lib/x86_64-linux-gnu/pkgconfig:/home/autoware/Autoware/install/lanelet2_extension/lib/pkgconfig:/home/autoware/Autoware/install/vector_map/lib/x86_64-linux-gnu/pkgconfig:/home/autoware/Autoware/install/vector_map/lib/pkgconfig:/home/autoware/Autoware/install/amathutils_lib/lib/x86_64-linux-gnu/pkgconfig:/home/autoware/Autoware/install/amathutils_lib/lib/pkgconfig:/home/autoware/Autoware/install/vector_map_msgs/lib/x86_64-linux-gnu/pkgconfig:/home/autoware/Autoware/install/vector_map_msgs/lib/pkgconfig:/home/autoware/Autoware/install/autoware_msgs/lib/x86_64-linux-gnu/pkgconfig:/home/autoware/Autoware/install/autoware_msgs/lib/pkgconfig:/home/autoware/Autoware/install/autoware_lanelet2_msgs/lib/x86_64-linux-gnu/pkgconfig:/home/autoware/Autoware/install/autoware_lanelet2_msgs/lib/pkgconfig:/home/autoware/Autoware/install/autoware_build_flags/lib/x86_64-linux-gnu/pkgconfig:/home/autoware/Autoware/install/autoware_build_flags/lib/pkgconfig:${PKG_CONFIG_PATH} PYTHONPATH=/home/autoware/Autoware/install/vector_map_msgs/lib/python2.7/dist-packages:/home/autoware/Autoware/install/autoware_msgs/lib/python2.7/dist-packages:/home/autoware/Autoware/install/autoware_lanelet2_msgs/lib/python2.7/dist-packages:${PYTHONPATH} ROS_PACKAGE_PATH=/home/autoware/Autoware/install/imm_ukf_pda_track/share:/home/autoware/Autoware/install/lanelet2_extension/share:/home/autoware/Autoware/install/vector_map/share:/home/autoware/Autoware/install/amathutils_lib/share:/home/autoware/Autoware/install/vector_map_msgs/share:/home/autoware/Autoware/install/autoware_msgs/share:/home/autoware/Autoware/install/autoware_lanelet2_msgs/share:/home/autoware/Autoware/install/autoware_build_flags/share:${ROS_PACKAGE_PATH} /usr/bin/cmake --build /home/autoware/Autoware/build/naive_motion_predict -- -j32 -l32
[0.220s] [  0%] Built target vector_map_msgs_generate_messages_py
[0.220s] [  0%] Built target std_msgs_generate_messages_cpp
[0.220s] [  0%] Built target geometry_msgs_generate_messages_py
[0.221s] [  0%] Built target jsk_footstep_msgs_generate_messages_py
[0.221s] [  0%] Built target visualization_msgs_generate_messages_nodejs
[0.221s] [  0%] Built target roscpp_generate_messages_cpp
[0.221s] [  0%] Built target jsk_recognition_msgs_generate_messages_cpp
[0.221s] [  0%] Built target tf_generate_messages_py
[0.221s] [  0%] Built target rosgraph_msgs_generate_messages_cpp
[0.221s] [  0%] Built target actionlib_msgs_generate_messages_nodejs
[0.221s] [  0%] Built target std_msgs_generate_messages_lisp
[0.221s] [  0%] Built target jsk_recognition_msgs_generate_messages_eus
[0.221s] [  0%] Built target geometry_msgs_generate_messages_eus
[0.222s] [  0%] Built target pcl_msgs_generate_messages_eus
[0.222s] [  0%] Built target jsk_recognition_msgs_generate_messages_py
[0.222s] [  0%] Built target sensor_msgs_generate_messages_nodejs
[0.222s] [  0%] Built target geometry_msgs_generate_messages_lisp
[0.222s] [  0%] Built target vector_map_msgs_generate_messages_eus
[0.222s] [  0%] Built target jsk_recognition_msgs_generate_messages_lisp
[0.222s] [  0%] Built target actionlib_generate_messages_cpp
[0.222s] [  0%] Built target roscpp_generate_messages_nodejs
[0.222s] [  0%] Built target autoware_msgs_generate_messages_lisp
[0.222s] [  0%] Built target vector_map_msgs_generate_messages_lisp
[0.223s] [  0%] Built target pcl_msgs_generate_messages_nodejs
[0.223s] [  0%] Built target sensor_msgs_generate_messages_lisp
[0.223s] [  0%] Built target vector_map_msgs_generate_messages_nodejs
[0.223s] [  0%] Built target pcl_msgs_generate_messages_cpp
[0.223s] [  0%] Built target geometry_msgs_generate_messages_nodejs
[0.223s] [  0%] Built target visualization_msgs_generate_messages_lisp
[0.223s] [  0%] Built target autoware_msgs_generate_messages_eus
[0.223s] [  0%] Built target rosgraph_msgs_generate_messages_eus
[0.254s] [  0%] Built target jsk_footstep_msgs_generate_messages_eus
[0.254s] [  0%] Built target sensor_msgs_generate_messages_cpp
[0.254s] [  0%] Built target sensor_msgs_generate_messages_py
[0.254s] [  0%] Built target tf2_msgs_generate_messages_cpp
[0.258s] [  0%] Built target std_msgs_generate_messages_nodejs
[0.265s] [  0%] Built target std_msgs_generate_messages_py
[0.267s] [  0%] Built target sensor_msgs_generate_messages_eus
[0.267s] [  0%] Built target autoware_msgs_generate_messages_nodejs
[0.273s] [  0%] Built target jsk_footstep_msgs_generate_messages_nodejs
[0.280s] [  0%] Built target actionlib_msgs_generate_messages_cpp
[0.287s] [  0%] Built target tf_generate_messages_eus
[0.287s] [  0%] Built target actionlib_msgs_generate_messages_lisp
[0.288s] [  0%] Built target _catkin_empty_exported_target
[0.289s] [  0%] Built target autoware_msgs_generate_messages_cpp
[0.289s] [  0%] Built target actionlib_msgs_generate_messages_py
[0.294s] [  0%] Built target jsk_footstep_msgs_generate_messages_cpp
[0.311s] [  0%] Built target jsk_recognition_msgs_generate_messages_nodejs
[0.311s] [  0%] Built target actionlib_generate_messages_lisp
[0.311s] [  0%] Built target autoware_msgs_generate_messages_py
[0.311s] [  0%] Built target rosgraph_msgs_generate_messages_nodejs
[0.311s] [  0%] Built target tf_generate_messages_lisp
[0.311s] [  0%] Built target pcl_msgs_generate_messages_py
[0.311s] [  0%] Built target jsk_footstep_msgs_generate_messages_lisp
[0.318s] [  0%] Built target roscpp_generate_messages_lisp
[0.322s] [  0%] Built target roscpp_generate_messages_eus
[0.327s] [  0%] Built target std_msgs_generate_messages_eus
[0.333s] [  0%] Built target actionlib_msgs_generate_messages_eus
[0.333s] [  0%] Built target pcl_msgs_generate_messages_lisp
[0.336s] [  0%] Built target roscpp_generate_messages_py
[0.346s] [  0%] Built target tf2_msgs_generate_messages_nodejs
[0.347s] [  0%] Built target tf_generate_messages_nodejs
[0.359s] [  0%] Built target rosgraph_msgs_generate_messages_lisp
[0.380s] [  0%] Built target tf2_msgs_generate_messages_py
[0.380s] [  0%] Built target actionlib_generate_messages_eus
[0.380s] [  0%] Built target geometry_msgs_generate_messages_cpp
[0.380s] [  0%] Built target tf_generate_messages_cpp
[0.380s] [  0%] Built target actionlib_generate_messages_py
[0.382s] [  0%] Built target vector_map_msgs_generate_messages_cpp
[0.383s] [  0%] Built target rosgraph_msgs_generate_messages_py
[0.386s] [  0%] Built target visualization_msgs_generate_messages_eus
[0.388s] [  0%] Built target actionlib_generate_messages_nodejs
[0.393s] [  0%] Built target tf2_msgs_generate_messages_lisp
[0.398s] [  0%] Built target visualization_msgs_generate_messages_py
[0.433s] [  0%] Built target tf2_msgs_generate_messages_eus
[0.433s] [  0%] Built target visualization_msgs_generate_messages_cpp
[0.513s] [100%] Built target naive_motion_predict
[0.580s] Invoked command in '/home/autoware/Autoware/build/naive_motion_predict' returned '0': CMAKE_PREFIX_PATH=/home/autoware/Autoware/install/imm_ukf_pda_track:/home/autoware/Autoware/install/lanelet2_extension:/home/autoware/Autoware/install/vector_map:/home/autoware/Autoware/install/amathutils_lib:/home/autoware/Autoware/install/vector_map_msgs:/home/autoware/Autoware/install/autoware_msgs:/home/autoware/Autoware/install/autoware_lanelet2_msgs:/home/autoware/Autoware/install/autoware_build_flags:${CMAKE_PREFIX_PATH} LD_LIBRARY_PATH=/home/autoware/Autoware/install/lanelet2_extension/lib:/home/autoware/Autoware/install/vector_map/lib:/home/autoware/Autoware/install/amathutils_lib/lib:${LD_LIBRARY_PATH} PKG_CONFIG_PATH=/home/autoware/Autoware/install/imm_ukf_pda_track/lib/x86_64-linux-gnu/pkgconfig:/home/autoware/Autoware/install/imm_ukf_pda_track/lib/pkgconfig:/home/autoware/Autoware/install/lanelet2_extension/lib/x86_64-linux-gnu/pkgconfig:/home/autoware/Autoware/install/lanelet2_extension/lib/pkgconfig:/home/autoware/Autoware/install/vector_map/lib/x86_64-linux-gnu/pkgconfig:/home/autoware/Autoware/install/vector_map/lib/pkgconfig:/home/autoware/Autoware/install/amathutils_lib/lib/x86_64-linux-gnu/pkgconfig:/home/autoware/Autoware/install/amathutils_lib/lib/pkgconfig:/home/autoware/Autoware/install/vector_map_msgs/lib/x86_64-linux-gnu/pkgconfig:/home/autoware/Autoware/install/vector_map_msgs/lib/pkgconfig:/home/autoware/Autoware/install/autoware_msgs/lib/x86_64-linux-gnu/pkgconfig:/home/autoware/Autoware/install/autoware_msgs/lib/pkgconfig:/home/autoware/Autoware/install/autoware_lanelet2_msgs/lib/x86_64-linux-gnu/pkgconfig:/home/autoware/Autoware/install/autoware_lanelet2_msgs/lib/pkgconfig:/home/autoware/Autoware/install/autoware_build_flags/lib/x86_64-linux-gnu/pkgconfig:/home/autoware/Autoware/install/autoware_build_flags/lib/pkgconfig:${PKG_CONFIG_PATH} PYTHONPATH=/home/autoware/Autoware/install/vector_map_msgs/lib/python2.7/dist-packages:/home/autoware/Autoware/install/autoware_msgs/lib/python2.7/dist-packages:/home/autoware/Autoware/install/autoware_lanelet2_msgs/lib/python2.7/dist-packages:${PYTHONPATH} ROS_PACKAGE_PATH=/home/autoware/Autoware/install/imm_ukf_pda_track/share:/home/autoware/Autoware/install/lanelet2_extension/share:/home/autoware/Autoware/install/vector_map/share:/home/autoware/Autoware/install/amathutils_lib/share:/home/autoware/Autoware/install/vector_map_msgs/share:/home/autoware/Autoware/install/autoware_msgs/share:/home/autoware/Autoware/install/autoware_lanelet2_msgs/share:/home/autoware/Autoware/install/autoware_build_flags/share:${ROS_PACKAGE_PATH} /usr/bin/cmake --build /home/autoware/Autoware/build/naive_motion_predict -- -j32 -l32
[0.991s] Invoking command in '/home/autoware/Autoware/build/naive_motion_predict': CMAKE_PREFIX_PATH=/home/autoware/Autoware/install/imm_ukf_pda_track:/home/autoware/Autoware/install/lanelet2_extension:/home/autoware/Autoware/install/vector_map:/home/autoware/Autoware/install/amathutils_lib:/home/autoware/Autoware/install/vector_map_msgs:/home/autoware/Autoware/install/autoware_msgs:/home/autoware/Autoware/install/autoware_lanelet2_msgs:/home/autoware/Autoware/install/autoware_build_flags:${CMAKE_PREFIX_PATH} LD_LIBRARY_PATH=/home/autoware/Autoware/install/lanelet2_extension/lib:/home/autoware/Autoware/install/vector_map/lib:/home/autoware/Autoware/install/amathutils_lib/lib:${LD_LIBRARY_PATH} PKG_CONFIG_PATH=/home/autoware/Autoware/install/imm_ukf_pda_track/lib/x86_64-linux-gnu/pkgconfig:/home/autoware/Autoware/install/imm_ukf_pda_track/lib/pkgconfig:/home/autoware/Autoware/install/lanelet2_extension/lib/x86_64-linux-gnu/pkgconfig:/home/autoware/Autoware/install/lanelet2_extension/lib/pkgconfig:/home/autoware/Autoware/install/vector_map/lib/x86_64-linux-gnu/pkgconfig:/home/autoware/Autoware/install/vector_map/lib/pkgconfig:/home/autoware/Autoware/install/amathutils_lib/lib/x86_64-linux-gnu/pkgconfig:/home/autoware/Autoware/install/amathutils_lib/lib/pkgconfig:/home/autoware/Autoware/install/vector_map_msgs/lib/x86_64-linux-gnu/pkgconfig:/home/autoware/Autoware/install/vector_map_msgs/lib/pkgconfig:/home/autoware/Autoware/install/autoware_msgs/lib/x86_64-linux-gnu/pkgconfig:/home/autoware/Autoware/install/autoware_msgs/lib/pkgconfig:/home/autoware/Autoware/install/autoware_lanelet2_msgs/lib/x86_64-linux-gnu/pkgconfig:/home/autoware/Autoware/install/autoware_lanelet2_msgs/lib/pkgconfig:/home/autoware/Autoware/install/autoware_build_flags/lib/x86_64-linux-gnu/pkgconfig:/home/autoware/Autoware/install/autoware_build_flags/lib/pkgconfig:${PKG_CONFIG_PATH} PYTHONPATH=/home/autoware/Autoware/install/vector_map_msgs/lib/python2.7/dist-packages:/home/autoware/Autoware/install/autoware_msgs/lib/python2.7/dist-packages:/home/autoware/Autoware/install/autoware_lanelet2_msgs/lib/python2.7/dist-packages:${PYTHONPATH} ROS_PACKAGE_PATH=/home/autoware/Autoware/install/imm_ukf_pda_track/share:/home/autoware/Autoware/install/lanelet2_extension/share:/home/autoware/Autoware/install/vector_map/share:/home/autoware/Autoware/install/amathutils_lib/share:/home/autoware/Autoware/install/vector_map_msgs/share:/home/autoware/Autoware/install/autoware_msgs/share:/home/autoware/Autoware/install/autoware_lanelet2_msgs/share:/home/autoware/Autoware/install/autoware_build_flags/share:${ROS_PACKAGE_PATH} /usr/bin/cmake --build /home/autoware/Autoware/build/naive_motion_predict --target tests -- -j32 -l32
[1.087s] Built target tests
[1.109s] Invoked command in '/home/autoware/Autoware/build/naive_motion_predict' returned '0': CMAKE_PREFIX_PATH=/home/autoware/Autoware/install/imm_ukf_pda_track:/home/autoware/Autoware/install/lanelet2_extension:/home/autoware/Autoware/install/vector_map:/home/autoware/Autoware/install/amathutils_lib:/home/autoware/Autoware/install/vector_map_msgs:/home/autoware/Autoware/install/autoware_msgs:/home/autoware/Autoware/install/autoware_lanelet2_msgs:/home/autoware/Autoware/install/autoware_build_flags:${CMAKE_PREFIX_PATH} LD_LIBRARY_PATH=/home/autoware/Autoware/install/lanelet2_extension/lib:/home/autoware/Autoware/install/vector_map/lib:/home/autoware/Autoware/install/amathutils_lib/lib:${LD_LIBRARY_PATH} PKG_CONFIG_PATH=/home/autoware/Autoware/install/imm_ukf_pda_track/lib/x86_64-linux-gnu/pkgconfig:/home/autoware/Autoware/install/imm_ukf_pda_track/lib/pkgconfig:/home/autoware/Autoware/install/lanelet2_extension/lib/x86_64-linux-gnu/pkgconfig:/home/autoware/Autoware/install/lanelet2_extension/lib/pkgconfig:/home/autoware/Autoware/install/vector_map/lib/x86_64-linux-gnu/pkgconfig:/home/autoware/Autoware/install/vector_map/lib/pkgconfig:/home/autoware/Autoware/install/amathutils_lib/lib/x86_64-linux-gnu/pkgconfig:/home/autoware/Autoware/install/amathutils_lib/lib/pkgconfig:/home/autoware/Autoware/install/vector_map_msgs/lib/x86_64-linux-gnu/pkgconfig:/home/autoware/Autoware/install/vector_map_msgs/lib/pkgconfig:/home/autoware/Autoware/install/autoware_msgs/lib/x86_64-linux-gnu/pkgconfig:/home/autoware/Autoware/install/autoware_msgs/lib/pkgconfig:/home/autoware/Autoware/install/autoware_lanelet2_msgs/lib/x86_64-linux-gnu/pkgconfig:/home/autoware/Autoware/install/autoware_lanelet2_msgs/lib/pkgconfig:/home/autoware/Autoware/install/autoware_build_flags/lib/x86_64-linux-gnu/pkgconfig:/home/autoware/Autoware/install/autoware_build_flags/lib/pkgconfig:${PKG_CONFIG_PATH} PYTHONPATH=/home/autoware/Autoware/install/vector_map_msgs/lib/python2.7/dist-packages:/home/autoware/Autoware/install/autoware_msgs/lib/python2.7/dist-packages:/home/autoware/Autoware/install/autoware_lanelet2_msgs/lib/python2.7/dist-packages:${PYTHONPATH} ROS_PACKAGE_PATH=/home/autoware/Autoware/install/imm_ukf_pda_track/share:/home/autoware/Autoware/install/lanelet2_extension/share:/home/autoware/Autoware/install/vector_map/share:/home/autoware/Autoware/install/amathutils_lib/share:/home/autoware/Autoware/install/vector_map_msgs/share:/home/autoware/Autoware/install/autoware_msgs/share:/home/autoware/Autoware/install/autoware_lanelet2_msgs/share:/home/autoware/Autoware/install/autoware_build_flags/share:${ROS_PACKAGE_PATH} /usr/bin/cmake --build /home/autoware/Autoware/build/naive_motion_predict --target tests -- -j32 -l32
[1.230s] Invoking command in '/home/autoware/Autoware/build/naive_motion_predict': CMAKE_PREFIX_PATH=/home/autoware/Autoware/install/imm_ukf_pda_track:/home/autoware/Autoware/install/lanelet2_extension:/home/autoware/Autoware/install/vector_map:/home/autoware/Autoware/install/amathutils_lib:/home/autoware/Autoware/install/vector_map_msgs:/home/autoware/Autoware/install/autoware_msgs:/home/autoware/Autoware/install/autoware_lanelet2_msgs:/home/autoware/Autoware/install/autoware_build_flags:${CMAKE_PREFIX_PATH} LD_LIBRARY_PATH=/home/autoware/Autoware/install/lanelet2_extension/lib:/home/autoware/Autoware/install/vector_map/lib:/home/autoware/Autoware/install/amathutils_lib/lib:${LD_LIBRARY_PATH} PKG_CONFIG_PATH=/home/autoware/Autoware/install/imm_ukf_pda_track/lib/x86_64-linux-gnu/pkgconfig:/home/autoware/Autoware/install/imm_ukf_pda_track/lib/pkgconfig:/home/autoware/Autoware/install/lanelet2_extension/lib/x86_64-linux-gnu/pkgconfig:/home/autoware/Autoware/install/lanelet2_extension/lib/pkgconfig:/home/autoware/Autoware/install/vector_map/lib/x86_64-linux-gnu/pkgconfig:/home/autoware/Autoware/install/vector_map/lib/pkgconfig:/home/autoware/Autoware/install/amathutils_lib/lib/x86_64-linux-gnu/pkgconfig:/home/autoware/Autoware/install/amathutils_lib/lib/pkgconfig:/home/autoware/Autoware/install/vector_map_msgs/lib/x86_64-linux-gnu/pkgconfig:/home/autoware/Autoware/install/vector_map_msgs/lib/pkgconfig:/home/autoware/Autoware/install/autoware_msgs/lib/x86_64-linux-gnu/pkgconfig:/home/autoware/Autoware/install/autoware_msgs/lib/pkgconfig:/home/autoware/Autoware/install/autoware_lanelet2_msgs/lib/x86_64-linux-gnu/pkgconfig:/home/autoware/Autoware/install/autoware_lanelet2_msgs/lib/pkgconfig:/home/autoware/Autoware/install/autoware_build_flags/lib/x86_64-linux-gnu/pkgconfig:/home/autoware/Autoware/install/autoware_build_flags/lib/pkgconfig:${PKG_CONFIG_PATH} PYTHONPATH=/home/autoware/Autoware/install/vector_map_msgs/lib/python2.7/dist-packages:/home/autoware/Autoware/install/autoware_msgs/lib/python2.7/dist-packages:/home/autoware/Autoware/install/autoware_lanelet2_msgs/lib/python2.7/dist-packages:${PYTHONPATH} ROS_PACKAGE_PATH=/home/autoware/Autoware/install/imm_ukf_pda_track/share:/home/autoware/Autoware/install/lanelet2_extension/share:/home/autoware/Autoware/install/vector_map/share:/home/autoware/Autoware/install/amathutils_lib/share:/home/autoware/Autoware/install/vector_map_msgs/share:/home/autoware/Autoware/install/autoware_msgs/share:/home/autoware/Autoware/install/autoware_lanelet2_msgs/share:/home/autoware/Autoware/install/autoware_build_flags/share:${ROS_PACKAGE_PATH} /usr/bin/cmake --build /home/autoware/Autoware/build/naive_motion_predict --target install -- -j32 -l32
[1.361s] [  0%] Built target geometry_msgs_generate_messages_lisp
[1.361s] [  0%] Built target geometry_msgs_generate_messages_eus
[1.361s] [  0%] Built target jsk_recognition_msgs_generate_messages_eus
[1.363s] [  0%] Built target vector_map_msgs_generate_messages_nodejs
[1.365s] [  0%] Built target visualization_msgs_generate_messages_nodejs
[1.368s] [  0%] Built target jsk_recognition_msgs_generate_messages_cpp
[1.368s] [  0%] Built target jsk_footstep_msgs_generate_messages_py
[1.371s] [  0%] Built target sensor_msgs_generate_messages_py
[1.371s] [  0%] Built target geometry_msgs_generate_messages_nodejs
[1.371s] [  0%] Built target roscpp_generate_messages_cpp
[1.374s] [  0%] Built target autoware_msgs_generate_messages_eus
[1.374s] [  0%] Built target sensor_msgs_generate_messages_nodejs
[1.375s] [  0%] Built target actionlib_msgs_generate_messages_nodejs
[1.377s] [  0%] Built target pcl_msgs_generate_messages_cpp
[1.377s] [  0%] Built target jsk_recognition_msgs_generate_messages_lisp
[1.379s] [  0%] Built target pcl_msgs_generate_messages_eus
[1.379s] [  0%] Built target std_msgs_generate_messages_lisp
[1.380s] [  0%] Built target rosgraph_msgs_generate_messages_eus
[1.380s] [  0%] Built target sensor_msgs_generate_messages_lisp
[1.381s] [  0%] Built target vector_map_msgs_generate_messages_lisp
[1.383s] [  0%] Built target actionlib_generate_messages_cpp
[1.386s] [  0%] Built target vector_map_msgs_generate_messages_py
[1.386s] [  0%] Built target geometry_msgs_generate_messages_py
[1.387s] [  0%] Built target rosgraph_msgs_generate_messages_cpp
[1.390s] [  0%] Built target vector_map_msgs_generate_messages_eus
[1.391s] [  0%] Built target pcl_msgs_generate_messages_nodejs
[1.391s] [  0%] Built target visualization_msgs_generate_messages_lisp
[1.401s] [  0%] Built target roscpp_generate_messages_nodejs
[1.402s] [  0%] Built target std_msgs_generate_messages_cpp
[1.406s] [  0%] Built target autoware_msgs_generate_messages_lisp
[1.407s] [  0%] Built target tf_generate_messages_py
[1.409s] [  0%] Built target jsk_recognition_msgs_generate_messages_py
[1.418s] [  0%] Built target autoware_msgs_generate_messages_nodejs
[1.421s] [  0%] Built target std_msgs_generate_messages_eus
[1.424s] [  0%] Built target std_msgs_generate_messages_nodejs
[1.426s] [  0%] Built target jsk_footstep_msgs_generate_messages_lisp
[1.427s] [  0%] Built target roscpp_generate_messages_lisp
[1.430s] [  0%] Built target autoware_msgs_generate_messages_py
[1.431s] [  0%] Built target actionlib_msgs_generate_messages_py
[1.432s] [  0%] Built target actionlib_msgs_generate_messages_lisp
[1.432s] [  0%] Built target jsk_footstep_msgs_generate_messages_eus
[1.433s] [  0%] Built target tf2_msgs_generate_messages_cpp
[1.434s] [  0%] Built target jsk_footstep_msgs_generate_messages_nodejs
[1.434s] [  0%] Built target sensor_msgs_generate_messages_cpp
[1.440s] [  0%] Built target rosgraph_msgs_generate_messages_lisp
[1.441s] [  0%] Built target jsk_recognition_msgs_generate_messages_nodejs
[1.444s] [  0%] Built target tf_generate_messages_eus
[1.448s] [  0%] Built target roscpp_generate_messages_eus
[1.451s] [  0%] Built target tf_generate_messages_nodejs
[1.451s] [  0%] Built target sensor_msgs_generate_messages_eus
[1.452s] [  0%] Built target roscpp_generate_messages_py
[1.453s] [  0%] Built target tf_generate_messages_lisp
[1.455s] [  0%] Built target actionlib_msgs_generate_messages_cpp
[1.455s] [  0%] Built target autoware_msgs_generate_messages_cpp
[1.455s] [  0%] Built target std_msgs_generate_messages_py
[1.461s] [  0%] Built target jsk_footstep_msgs_generate_messages_cpp
[1.463s] [  0%] Built target rosgraph_msgs_generate_messages_nodejs
[1.467s] [  0%] Built target geometry_msgs_generate_messages_cpp
[1.468s] [  0%] Built target _catkin_empty_exported_target
[1.473s] [  0%] Built target pcl_msgs_generate_messages_py
[1.474s] [  0%] Built target pcl_msgs_generate_messages_lisp
[1.474s] [  0%] Built target actionlib_generate_messages_nodejs
[1.475s] [  0%] Built target rosgraph_msgs_generate_messages_py
[1.477s] [  0%] Built target actionlib_generate_messages_eus
[1.481s] [  0%] Built target tf_generate_messages_cpp
[1.482s] [  0%] Built target tf2_msgs_generate_messages_py
[1.482s] [  0%] Built target actionlib_generate_messages_lisp
[1.482s] [  0%] Built target actionlib_msgs_generate_messages_eus
[1.486s] [  0%] Built target visualization_msgs_generate_messages_eus
[1.487s] [  0%] Built target actionlib_generate_messages_py
[1.488s] [  0%] Built target tf2_msgs_generate_messages_eus
[1.488s] [  0%] Built target visualization_msgs_generate_messages_cpp
[1.489s] [  0%] Built target tf2_msgs_generate_messages_nodejs
[1.489s] [  0%] Built target visualization_msgs_generate_messages_py
[1.491s] [  0%] Built target vector_map_msgs_generate_messages_cpp
[1.491s] [  0%] Built target tf2_msgs_generate_messages_lisp
[1.553s] [100%] Built target naive_motion_predict
[1.553s] Install the project...
[1.557s] -- Install configuration: "Release"
[1.558s] -- Up-to-date: /home/autoware/Autoware/install/naive_motion_predict/lib/pkgconfig/naive_motion_predict.pc
[1.558s] -- Up-to-date: /home/autoware/Autoware/install/naive_motion_predict/share/naive_motion_predict/cmake/naive_motion_predictConfig.cmake
[1.559s] -- Up-to-date: /home/autoware/Autoware/install/naive_motion_predict/share/naive_motion_predict/cmake/naive_motion_predictConfig-version.cmake
[1.560s] -- Up-to-date: /home/autoware/Autoware/install/naive_motion_predict/share/naive_motion_predict/package.xml
[1.561s] -- Up-to-date: /home/autoware/Autoware/install/naive_motion_predict/lib/naive_motion_predict/naive_motion_predict
[1.568s] -- Up-to-date: /home/autoware/Autoware/install/naive_motion_predict/share/naive_motion_predict/launch
[1.568s] -- Up-to-date: /home/autoware/Autoware/install/naive_motion_predict/share/naive_motion_predict/launch/naive_motion_predict.launch
[1.570s] Invoked command in '/home/autoware/Autoware/build/naive_motion_predict' returned '0': CMAKE_PREFIX_PATH=/home/autoware/Autoware/install/imm_ukf_pda_track:/home/autoware/Autoware/install/lanelet2_extension:/home/autoware/Autoware/install/vector_map:/home/autoware/Autoware/install/amathutils_lib:/home/autoware/Autoware/install/vector_map_msgs:/home/autoware/Autoware/install/autoware_msgs:/home/autoware/Autoware/install/autoware_lanelet2_msgs:/home/autoware/Autoware/install/autoware_build_flags:${CMAKE_PREFIX_PATH} LD_LIBRARY_PATH=/home/autoware/Autoware/install/lanelet2_extension/lib:/home/autoware/Autoware/install/vector_map/lib:/home/autoware/Autoware/install/amathutils_lib/lib:${LD_LIBRARY_PATH} PKG_CONFIG_PATH=/home/autoware/Autoware/install/imm_ukf_pda_track/lib/x86_64-linux-gnu/pkgconfig:/home/autoware/Autoware/install/imm_ukf_pda_track/lib/pkgconfig:/home/autoware/Autoware/install/lanelet2_extension/lib/x86_64-linux-gnu/pkgconfig:/home/autoware/Autoware/install/lanelet2_extension/lib/pkgconfig:/home/autoware/Autoware/install/vector_map/lib/x86_64-linux-gnu/pkgconfig:/home/autoware/Autoware/install/vector_map/lib/pkgconfig:/home/autoware/Autoware/install/amathutils_lib/lib/x86_64-linux-gnu/pkgconfig:/home/autoware/Autoware/install/amathutils_lib/lib/pkgconfig:/home/autoware/Autoware/install/vector_map_msgs/lib/x86_64-linux-gnu/pkgconfig:/home/autoware/Autoware/install/vector_map_msgs/lib/pkgconfig:/home/autoware/Autoware/install/autoware_msgs/lib/x86_64-linux-gnu/pkgconfig:/home/autoware/Autoware/install/autoware_msgs/lib/pkgconfig:/home/autoware/Autoware/install/autoware_lanelet2_msgs/lib/x86_64-linux-gnu/pkgconfig:/home/autoware/Autoware/install/autoware_lanelet2_msgs/lib/pkgconfig:/home/autoware/Autoware/install/autoware_build_flags/lib/x86_64-linux-gnu/pkgconfig:/home/autoware/Autoware/install/autoware_build_flags/lib/pkgconfig:${PKG_CONFIG_PATH} PYTHONPATH=/home/autoware/Autoware/install/vector_map_msgs/lib/python2.7/dist-packages:/home/autoware/Autoware/install/autoware_msgs/lib/python2.7/dist-packages:/home/autoware/Autoware/install/autoware_lanelet2_msgs/lib/python2.7/dist-packages:${PYTHONPATH} ROS_PACKAGE_PATH=/home/autoware/Autoware/install/imm_ukf_pda_track/share:/home/autoware/Autoware/install/lanelet2_extension/share:/home/autoware/Autoware/install/vector_map/share:/home/autoware/Autoware/install/amathutils_lib/share:/home/autoware/Autoware/install/vector_map_msgs/share:/home/autoware/Autoware/install/autoware_msgs/share:/home/autoware/Autoware/install/autoware_lanelet2_msgs/share:/home/autoware/Autoware/install/autoware_build_flags/share:${ROS_PACKAGE_PATH} /usr/bin/cmake --build /home/autoware/Autoware/build/naive_motion_predict --target install -- -j32 -l32
