[0.663s] Invoking command in '/home/autoware/Autoware/build/pos_db': CMAKE_PREFIX_PATH=/home/autoware/Autoware/install/gnss:/home/autoware/Autoware/install/autoware_msgs:/home/autoware/Autoware/install/autoware_build_flags:${CMAKE_PREFIX_PATH} LD_LIBRARY_PATH=/home/autoware/Autoware/install/gnss/lib:${LD_LIBRARY_PATH} PKG_CONFIG_PATH=/home/autoware/Autoware/install/gnss/lib/x86_64-linux-gnu/pkgconfig:/home/autoware/Autoware/install/gnss/lib/pkgconfig:/home/autoware/Autoware/install/autoware_msgs/lib/x86_64-linux-gnu/pkgconfig:/home/autoware/Autoware/install/autoware_msgs/lib/pkgconfig:/home/autoware/Autoware/install/autoware_build_flags/lib/x86_64-linux-gnu/pkgconfig:/home/autoware/Autoware/install/autoware_build_flags/lib/pkgconfig:${PKG_CONFIG_PATH} PYTHONPATH=/home/autoware/Autoware/install/autoware_msgs/lib/python2.7/dist-packages:${PYTHONPATH} ROS_PACKAGE_PATH=/home/autoware/Autoware/install/gnss/share:/home/autoware/Autoware/install/autoware_msgs/share:/home/autoware/Autoware/install/autoware_build_flags/share:${ROS_PACKAGE_PATH} /usr/bin/cmake --build /home/autoware/Autoware/build/pos_db -- -j32 -l32
[1.351s] [  0%] Built target tf2_msgs_generate_messages_eus
[1.351s] [  0%] Built target tf_generate_messages_nodejs
[1.374s] [  0%] Built target std_srvs_generate_messages_nodejs
[1.374s] [  0%] Built target actionlib_generate_messages_cpp
[1.375s] [  0%] Built target rviz_generate_messages_py
[1.376s] [  0%] Built target bond_generate_messages_py
[1.376s] [  0%] Built target tf2_msgs_generate_messages_cpp
[1.378s] [  0%] Built target rviz_generate_messages_cpp
[1.379s] [  0%] Built target visualization_msgs_generate_messages_cpp
[1.385s] [  0%] Built target tf2_msgs_generate_messages_nodejs
[1.386s] [  0%] Built target nav_msgs_generate_messages_nodejs
[1.387s] [  0%] Built target map_msgs_generate_messages_lisp
[1.388s] [  0%] Built target tf_generate_messages_lisp
[1.391s] [  0%] Built target people_msgs_generate_messages_py
[1.394s] [  0%] Built target topic_tools_generate_messages_cpp
[1.406s] [  0%] Built target visualization_msgs_generate_messages_py
[1.417s] [ 42%] Built target people_msgs_generate_messages_eus
[1.417s] [ 42%] Built target rviz_generate_messages_eus
[1.417s] [ 42%] Built target pos_db
[1.428s] [ 42%] Built target tf2_msgs_generate_messages_py
[1.433s] [ 42%] Built target topic_tools_generate_messages_eus
[1.436s] [ 42%] Built target visualization_msgs_generate_messages_eus
[1.440s] [ 42%] Built target topic_tools_generate_messages_nodejs
[1.441s] [ 42%] Built target nav_msgs_generate_messages_eus
[1.444s] [ 42%] Built target map_msgs_generate_messages_cpp
[1.444s] [ 42%] Built target actionlib_generate_messages_py
[1.448s] [ 42%] Built target people_msgs_generate_messages_cpp
[1.455s] [ 42%] Built target bond_generate_messages_nodejs
[1.460s] [ 42%] Built target people_msgs_generate_messages_lisp
[1.471s] [ 42%] Built target bond_generate_messages_eus
[1.486s] [ 42%] Built target bond_generate_messages_lisp
[1.504s] [ 42%] Built target bond_generate_messages_cpp
[1.526s] [ 42%] Built target jsk_recognition_msgs_generate_messages_eus
[1.526s] [ 42%] Built target visualization_msgs_generate_messages_nodejs
[1.526s] [ 42%] Built target jsk_recognition_msgs_generate_messages_lisp
[1.526s] [ 42%] Built target sensor_msgs_generate_messages_cpp
[1.526s] [ 42%] Built target nodelet_generate_messages_nodejs
[1.526s] [ 42%] Built target std_srvs_generate_messages_py
[1.527s] [ 42%] Built target _catkin_empty_exported_target
[1.530s] [ 42%] Built target nodelet_generate_messages_eus
[1.554s] [ 42%] Built target tf_generate_messages_py
[1.555s] [ 42%] Built target sensor_msgs_generate_messages_nodejs
[1.555s] [ 42%] Built target std_srvs_generate_messages_cpp
[1.555s] [ 42%] Built target sensor_msgs_generate_messages_py
[1.556s] [ 42%] Built target pcl_msgs_generate_messages_nodejs
[1.559s] [ 42%] Built target jsk_hark_msgs_generate_messages_py
[1.563s] [ 42%] Built target dynamic_reconfigure_generate_messages_cpp
[1.580s] [ 42%] Built target sensor_msgs_generate_messages_lisp
[1.584s] [ 42%] Built target pcl_msgs_generate_messages_eus
[1.587s] [ 42%] Built target geometry_msgs_generate_messages_py
[1.587s] [ 42%] Built target sensor_msgs_generate_messages_eus
[1.589s] [ 42%] Built target nav_msgs_generate_messages_cpp
[1.590s] [ 42%] Built target rosgraph_msgs_generate_messages_eus
[1.593s] [ 42%] Built target autoware_msgs_generate_messages_cpp
[1.599s] [ 42%] Built target std_srvs_generate_messages_lisp
[1.600s] [ 42%] Built target rosgraph_msgs_generate_messages_cpp
[1.626s] [ 42%] Built target std_msgs_generate_messages_py
[1.626s] [ 42%] Built target jsk_rviz_plugins_generate_messages_py
[1.635s] [ 42%] Built target roscpp_generate_messages_cpp
[1.636s] [ 42%] Built target jsk_recognition_msgs_generate_messages_py
[1.643s] [ 42%] Built target topic_tools_generate_messages_py
[1.655s] [ 42%] Built target std_msgs_generate_messages_cpp
[1.656s] [ 42%] Built target nodelet_topic_tools_gencfg
[1.662s] [ 42%] Built target jsk_footstep_msgs_generate_messages_py
[1.667s] [ 42%] Built target actionlib_generate_messages_lisp
[1.669s] [ 42%] Built target actionlib_msgs_generate_messages_nodejs
[1.673s] [ 42%] Built target geometry_msgs_generate_messages_eus
[1.674s] [ 42%] Built target map_msgs_generate_messages_nodejs
[1.705s] [ 42%] Built target pcl_msgs_generate_messages_cpp
[1.705s] [ 42%] Built target geometry_msgs_generate_messages_lisp
[1.705s] [ 42%] Built target pcl_msgs_generate_messages_py
[1.709s] [ 42%] Built target jsk_hark_msgs_generate_messages_eus
[1.710s] [ 42%] Built target autoware_msgs_generate_messages_py
[1.710s] [ 42%] Built target jsk_rviz_plugins_generate_messages_eus
[1.710s] [ 42%] Built target nodelet_generate_messages_py
[1.712s] [ 42%] Built target nav_msgs_generate_messages_lisp
[1.714s] [ 42%] Built target geometry_msgs_generate_messages_cpp
[1.714s] [ 42%] Built target autoware_msgs_generate_messages_eus
[1.716s] [ 42%] Built target nodelet_generate_messages_lisp
[1.723s] [ 42%] Built target actionlib_generate_messages_eus
[1.723s] [ 42%] Built target visualization_msgs_generate_messages_lisp
[1.724s] [ 42%] Built target people_msgs_generate_messages_nodejs
[1.728s] [ 42%] Built target geometry_msgs_generate_messages_nodejs
[1.789s] [ 42%] Built target actionlib_generate_messages_nodejs
[1.789s] [ 42%] Built target topic_tools_generate_messages_lisp
[1.789s] [ 42%] Built target rviz_generate_messages_lisp
[1.789s] [ 42%] Built target autoware_msgs_generate_messages_lisp
[1.789s] [ 42%] Built target std_msgs_generate_messages_eus
[1.789s] [ 42%] Built target autoware_msgs_generate_messages_nodejs
[1.789s] [ 42%] Built target pcl_msgs_generate_messages_lisp
[1.789s] [ 42%] Built target jsk_footstep_msgs_generate_messages_eus
[1.790s] [ 42%] Built target tf_generate_messages_cpp
[1.790s] [ 42%] Built target roscpp_generate_messages_nodejs
[1.790s] [ 42%] Built target jsk_rviz_plugins_gencfg
[1.790s] [ 42%] Built target actionlib_msgs_generate_messages_py
[1.790s] [ 42%] Built target jsk_footstep_msgs_generate_messages_cpp
[1.790s] [ 42%] Built target jsk_footstep_msgs_generate_messages_nodejs
[1.792s] [ 42%] Built target actionlib_msgs_generate_messages_lisp
[1.792s] [ 42%] Built target jsk_recognition_msgs_generate_messages_cpp
[1.792s] [ 42%] Built target jsk_footstep_msgs_generate_messages_lisp
[1.792s] [ 42%] Built target std_msgs_generate_messages_nodejs
[1.814s] [ 42%] Built target dynamic_reconfigure_generate_messages_lisp
[1.815s] [ 42%] Built target actionlib_msgs_generate_messages_cpp
[1.815s] [ 42%] Built target rviz_generate_messages_nodejs
[1.815s] [ 42%] Built target jsk_hark_msgs_generate_messages_lisp
[1.816s] [ 42%] Built target jsk_recognition_utils_gencfg
[1.835s] [ 42%] Built target tf_generate_messages_eus
[1.836s] [ 42%] Built target nav_msgs_generate_messages_py
[1.836s] [ 42%] Built target rosgraph_msgs_generate_messages_py
[1.836s] [ 42%] Built target jsk_hark_msgs_generate_messages_nodejs
[1.836s] [ 42%] Built target roscpp_generate_messages_eus
[1.836s] [ 42%] Built target jsk_rviz_plugins_generate_messages_cpp
[1.836s] [ 42%] Built target jsk_hark_msgs_generate_messages_cpp
[1.836s] [ 42%] Built target dynamic_reconfigure_generate_messages_py
[1.838s] [ 42%] Built target std_msgs_generate_messages_lisp
[1.838s] [ 42%] Built target jsk_rviz_plugins_generate_messages_nodejs
[1.838s] [ 42%] Built target roscpp_generate_messages_py
[1.838s] [ 42%] Built target dynamic_reconfigure_generate_messages_nodejs
[1.840s] [ 42%] Built target tf2_msgs_generate_messages_lisp
[1.841s] [ 42%] Built target jsk_recognition_msgs_generate_messages_nodejs
[1.841s] [ 42%] Built target roscpp_generate_messages_lisp
[1.841s] [ 42%] Built target dynamic_reconfigure_generate_messages_eus
[1.841s] [ 42%] Built target jsk_rviz_plugins_generate_messages_lisp
[1.841s] [ 42%] Built target actionlib_msgs_generate_messages_eus
[1.841s] [ 42%] Built target std_srvs_generate_messages_eus
[1.843s] [ 42%] Built target nodelet_generate_messages_cpp
[1.843s] [ 42%] Built target map_msgs_generate_messages_eus
[1.843s] [ 42%] Built target rosgraph_msgs_generate_messages_nodejs
[1.843s] [ 42%] Built target rosgraph_msgs_generate_messages_lisp
[1.843s] [ 42%] Built target pcl_ros_gencfg
[1.846s] [ 42%] Built target map_msgs_generate_messages_py
[1.850s] [ 42%] Built target dynamic_reconfigure_gencfg
[1.850s] [ 71%] Built target pos_downloader
[1.888s] [100%] Built target pos_uploader
[1.927s] Invoked command in '/home/autoware/Autoware/build/pos_db' returned '0': CMAKE_PREFIX_PATH=/home/autoware/Autoware/install/gnss:/home/autoware/Autoware/install/autoware_msgs:/home/autoware/Autoware/install/autoware_build_flags:${CMAKE_PREFIX_PATH} LD_LIBRARY_PATH=/home/autoware/Autoware/install/gnss/lib:${LD_LIBRARY_PATH} PKG_CONFIG_PATH=/home/autoware/Autoware/install/gnss/lib/x86_64-linux-gnu/pkgconfig:/home/autoware/Autoware/install/gnss/lib/pkgconfig:/home/autoware/Autoware/install/autoware_msgs/lib/x86_64-linux-gnu/pkgconfig:/home/autoware/Autoware/install/autoware_msgs/lib/pkgconfig:/home/autoware/Autoware/install/autoware_build_flags/lib/x86_64-linux-gnu/pkgconfig:/home/autoware/Autoware/install/autoware_build_flags/lib/pkgconfig:${PKG_CONFIG_PATH} PYTHONPATH=/home/autoware/Autoware/install/autoware_msgs/lib/python2.7/dist-packages:${PYTHONPATH} ROS_PACKAGE_PATH=/home/autoware/Autoware/install/gnss/share:/home/autoware/Autoware/install/autoware_msgs/share:/home/autoware/Autoware/install/autoware_build_flags/share:${ROS_PACKAGE_PATH} /usr/bin/cmake --build /home/autoware/Autoware/build/pos_db -- -j32 -l32
[2.451s] Invoking command in '/home/autoware/Autoware/build/pos_db': CMAKE_PREFIX_PATH=/home/autoware/Autoware/install/gnss:/home/autoware/Autoware/install/autoware_msgs:/home/autoware/Autoware/install/autoware_build_flags:${CMAKE_PREFIX_PATH} LD_LIBRARY_PATH=/home/autoware/Autoware/install/gnss/lib:${LD_LIBRARY_PATH} PKG_CONFIG_PATH=/home/autoware/Autoware/install/gnss/lib/x86_64-linux-gnu/pkgconfig:/home/autoware/Autoware/install/gnss/lib/pkgconfig:/home/autoware/Autoware/install/autoware_msgs/lib/x86_64-linux-gnu/pkgconfig:/home/autoware/Autoware/install/autoware_msgs/lib/pkgconfig:/home/autoware/Autoware/install/autoware_build_flags/lib/x86_64-linux-gnu/pkgconfig:/home/autoware/Autoware/install/autoware_build_flags/lib/pkgconfig:${PKG_CONFIG_PATH} PYTHONPATH=/home/autoware/Autoware/install/autoware_msgs/lib/python2.7/dist-packages:${PYTHONPATH} ROS_PACKAGE_PATH=/home/autoware/Autoware/install/gnss/share:/home/autoware/Autoware/install/autoware_msgs/share:/home/autoware/Autoware/install/autoware_build_flags/share:${ROS_PACKAGE_PATH} /usr/bin/cmake --build /home/autoware/Autoware/build/pos_db --target tests -- -j32 -l32
[2.844s] Built target tests
[3.047s] Invoked command in '/home/autoware/Autoware/build/pos_db' returned '0': CMAKE_PREFIX_PATH=/home/autoware/Autoware/install/gnss:/home/autoware/Autoware/install/autoware_msgs:/home/autoware/Autoware/install/autoware_build_flags:${CMAKE_PREFIX_PATH} LD_LIBRARY_PATH=/home/autoware/Autoware/install/gnss/lib:${LD_LIBRARY_PATH} PKG_CONFIG_PATH=/home/autoware/Autoware/install/gnss/lib/x86_64-linux-gnu/pkgconfig:/home/autoware/Autoware/install/gnss/lib/pkgconfig:/home/autoware/Autoware/install/autoware_msgs/lib/x86_64-linux-gnu/pkgconfig:/home/autoware/Autoware/install/autoware_msgs/lib/pkgconfig:/home/autoware/Autoware/install/autoware_build_flags/lib/x86_64-linux-gnu/pkgconfig:/home/autoware/Autoware/install/autoware_build_flags/lib/pkgconfig:${PKG_CONFIG_PATH} PYTHONPATH=/home/autoware/Autoware/install/autoware_msgs/lib/python2.7/dist-packages:${PYTHONPATH} ROS_PACKAGE_PATH=/home/autoware/Autoware/install/gnss/share:/home/autoware/Autoware/install/autoware_msgs/share:/home/autoware/Autoware/install/autoware_build_flags/share:${ROS_PACKAGE_PATH} /usr/bin/cmake --build /home/autoware/Autoware/build/pos_db --target tests -- -j32 -l32
[4.079s] Invoking command in '/home/autoware/Autoware/build/pos_db': CMAKE_PREFIX_PATH=/home/autoware/Autoware/install/gnss:/home/autoware/Autoware/install/autoware_msgs:/home/autoware/Autoware/install/autoware_build_flags:${CMAKE_PREFIX_PATH} LD_LIBRARY_PATH=/home/autoware/Autoware/install/gnss/lib:${LD_LIBRARY_PATH} PKG_CONFIG_PATH=/home/autoware/Autoware/install/gnss/lib/x86_64-linux-gnu/pkgconfig:/home/autoware/Autoware/install/gnss/lib/pkgconfig:/home/autoware/Autoware/install/autoware_msgs/lib/x86_64-linux-gnu/pkgconfig:/home/autoware/Autoware/install/autoware_msgs/lib/pkgconfig:/home/autoware/Autoware/install/autoware_build_flags/lib/x86_64-linux-gnu/pkgconfig:/home/autoware/Autoware/install/autoware_build_flags/lib/pkgconfig:${PKG_CONFIG_PATH} PYTHONPATH=/home/autoware/Autoware/install/autoware_msgs/lib/python2.7/dist-packages:${PYTHONPATH} ROS_PACKAGE_PATH=/home/autoware/Autoware/install/gnss/share:/home/autoware/Autoware/install/autoware_msgs/share:/home/autoware/Autoware/install/autoware_build_flags/share:${ROS_PACKAGE_PATH} /usr/bin/cmake --build /home/autoware/Autoware/build/pos_db --target install -- -j32 -l32
[4.370s] [  0%] Built target nav_msgs_generate_messages_eus
[4.371s] [  0%] Built target std_srvs_generate_messages_py
[4.371s] [  0%] Built target visualization_msgs_generate_messages_eus
[4.371s] [  0%] Built target rviz_generate_messages_eus
[4.371s] [  0%] Built target rviz_generate_messages_cpp
[4.371s] [  0%] Built target topic_tools_generate_messages_nodejs
[4.371s] [  0%] Built target bond_generate_messages_py
[4.371s] [  0%] Built target topic_tools_generate_messages_eus
[4.371s] [  0%] Built target tf2_msgs_generate_messages_eus
[4.371s] [  0%] Built target visualization_msgs_generate_messages_py
[4.371s] [  0%] Built target nav_msgs_generate_messages_nodejs
[4.371s] [  0%] Built target actionlib_generate_messages_py
[4.371s] [  0%] Built target map_msgs_generate_messages_lisp
[4.372s] [  0%] Built target tf2_msgs_generate_messages_nodejs
[4.372s] [  0%] Built target tf2_msgs_generate_messages_py
[4.372s] [  0%] Built target std_srvs_generate_messages_nodejs
[4.372s] [  0%] Built target people_msgs_generate_messages_py
[4.372s] [  0%] Built target visualization_msgs_generate_messages_cpp
[4.383s] [  0%] Built target tf_generate_messages_nodejs
[4.430s] [  0%] Built target visualization_msgs_generate_messages_nodejs
[4.435s] [  0%] Built target actionlib_generate_messages_cpp
[4.435s] [  0%] Built target tf_generate_messages_lisp
[4.435s] [  0%] Built target nodelet_generate_messages_eus
[4.435s] [  0%] Built target topic_tools_generate_messages_cpp
[4.435s] [  0%] Built target people_msgs_generate_messages_cpp
[4.435s] [  0%] Built target bond_generate_messages_nodejs
[4.603s] [  0%] Built target map_msgs_generate_messages_cpp
[4.603s] [  0%] Built target rviz_generate_messages_py
[4.603s] [  0%] Built target tf2_msgs_generate_messages_cpp
[4.603s] [  0%] Built target nodelet_generate_messages_nodejs
[4.603s] [  0%] Built target people_msgs_generate_messages_eus
[4.603s] [  0%] Built target geometry_msgs_generate_messages_py
[4.604s] [  0%] Built target people_msgs_generate_messages_lisp
[4.604s] [  0%] Built target pcl_msgs_generate_messages_nodejs
[4.604s] [  0%] Built target nav_msgs_generate_messages_lisp
[4.604s] [  0%] Built target jsk_recognition_msgs_generate_messages_eus
[4.604s] [  0%] Built target tf_generate_messages_py
[4.604s] [  0%] Built target sensor_msgs_generate_messages_cpp
[4.604s] [  0%] Built target jsk_hark_msgs_generate_messages_py
[4.604s] [  0%] Built target dynamic_reconfigure_generate_messages_cpp
[4.604s] [  0%] Built target std_srvs_generate_messages_cpp
[4.604s] [  0%] Built target jsk_recognition_msgs_generate_messages_lisp
[4.604s] [ 42%] Built target pos_db
[4.692s] [ 42%] Built target sensor_msgs_generate_messages_eus
[4.692s] [ 42%] Built target std_srvs_generate_messages_lisp
[4.693s] [ 42%] Built target rosgraph_msgs_generate_messages_cpp
[4.693s] [ 42%] Built target sensor_msgs_generate_messages_nodejs
[4.693s] [ 42%] Built target bond_generate_messages_cpp
[4.693s] [ 42%] Built target pcl_msgs_generate_messages_eus
[4.693s] [ 42%] Built target nav_msgs_generate_messages_cpp
[4.693s] [ 42%] Built target roscpp_generate_messages_cpp
[4.693s] [ 42%] Built target bond_generate_messages_lisp
[4.693s] [ 42%] Built target std_msgs_generate_messages_py
[4.693s] [ 42%] Built target std_msgs_generate_messages_cpp
[4.693s] [ 42%] Built target topic_tools_generate_messages_py
[4.693s] [ 42%] Built target rosgraph_msgs_generate_messages_eus
[4.693s] [ 42%] Built target _catkin_empty_exported_target
[4.693s] [ 42%] Built target jsk_rviz_plugins_generate_messages_py
[4.694s] [ 42%] Built target nodelet_generate_messages_py
[4.694s] [ 42%] Built target autoware_msgs_generate_messages_cpp
[4.694s] [ 42%] Built target map_msgs_generate_messages_nodejs
[4.694s] [ 42%] Built target bond_generate_messages_eus
[4.798s] [ 42%] Built target jsk_footstep_msgs_generate_messages_py
[4.799s] [ 42%] Built target actionlib_generate_messages_eus
[4.799s] [ 42%] Built target sensor_msgs_generate_messages_py
[4.799s] [ 42%] Built target jsk_recognition_msgs_generate_messages_py
[4.799s] [ 42%] Built target jsk_hark_msgs_generate_messages_eus
[4.799s] [ 42%] Built target geometry_msgs_generate_messages_cpp
[4.799s] [ 42%] Built target geometry_msgs_generate_messages_nodejs
[4.799s] [ 42%] Built target actionlib_msgs_generate_messages_nodejs
[4.799s] [ 42%] Built target people_msgs_generate_messages_nodejs
[4.799s] [ 42%] Built target geometry_msgs_generate_messages_eus
[4.799s] [ 42%] Built target actionlib_generate_messages_lisp
[4.799s] [ 42%] Built target sensor_msgs_generate_messages_lisp
[4.800s] [ 42%] Built target jsk_rviz_plugins_generate_messages_eus
[4.800s] [ 42%] Built target pcl_msgs_generate_messages_cpp
[4.800s] [ 42%] Built target geometry_msgs_generate_messages_lisp
[4.800s] [ 42%] Built target nodelet_topic_tools_gencfg
[4.800s] [ 42%] Built target actionlib_msgs_generate_messages_lisp
[4.800s] [ 42%] Built target pcl_msgs_generate_messages_lisp
[4.800s] [ 42%] Built target autoware_msgs_generate_messages_py
[4.800s] [ 42%] Built target jsk_footstep_msgs_generate_messages_nodejs
[4.800s] [ 42%] Built target topic_tools_generate_messages_lisp
[4.801s] [ 42%] Built target dynamic_reconfigure_generate_messages_lisp
[4.801s] [ 42%] Built target autoware_msgs_generate_messages_eus
[4.870s] [ 42%] Built target actionlib_msgs_generate_messages_cpp
[4.870s] [ 42%] Built target actionlib_generate_messages_nodejs
[4.870s] [ 42%] Built target rviz_generate_messages_lisp
[4.870s] [ 42%] Built target nodelet_generate_messages_lisp
[4.870s] [ 42%] Built target std_msgs_generate_messages_eus
[4.871s] [ 42%] Built target std_msgs_generate_messages_nodejs
[4.871s] [ 42%] Built target jsk_recognition_msgs_generate_messages_cpp
[4.871s] [ 42%] Built target tf_generate_messages_eus
[4.873s] [ 42%] Built target visualization_msgs_generate_messages_lisp
[4.874s] [ 42%] Built target pcl_msgs_generate_messages_py
[4.874s] [ 42%] Built target jsk_footstep_msgs_generate_messages_eus
[4.876s] [ 42%] Built target autoware_msgs_generate_messages_nodejs
[4.876s] [ 42%] Built target jsk_footstep_msgs_generate_messages_cpp
[4.876s] [ 42%] Built target jsk_footstep_msgs_generate_messages_lisp
[4.876s] [ 42%] Built target autoware_msgs_generate_messages_lisp
[4.877s] [ 42%] Built target tf_generate_messages_cpp
[4.878s] [ 42%] Built target jsk_hark_msgs_generate_messages_lisp
[4.878s] [ 42%] Built target roscpp_generate_messages_nodejs
[4.878s] [ 42%] Built target actionlib_msgs_generate_messages_py
[4.878s] [ 42%] Built target actionlib_msgs_generate_messages_eus
[4.878s] [ 42%] Built target jsk_rviz_plugins_gencfg
[4.878s] [ 42%] Built target jsk_rviz_plugins_generate_messages_nodejs
[4.878s] [ 42%] Built target jsk_rviz_plugins_generate_messages_lisp
[4.878s] [ 42%] Built target map_msgs_generate_messages_py
[4.879s] [ 42%] Built target roscpp_generate_messages_eus
[4.879s] [ 42%] Built target jsk_recognition_utils_gencfg
[4.879s] [ 42%] Built target jsk_rviz_plugins_generate_messages_cpp
[4.879s] [ 42%] Built target dynamic_reconfigure_generate_messages_eus
[4.879s] [ 42%] Built target rviz_generate_messages_nodejs
[4.882s] [ 42%] Built target jsk_hark_msgs_generate_messages_cpp
[4.883s] [ 42%] Built target dynamic_reconfigure_generate_messages_nodejs
[4.883s] [ 42%] Built target rosgraph_msgs_generate_messages_py
[4.883s] [ 42%] Built target std_msgs_generate_messages_lisp
[4.963s] [ 42%] Built target roscpp_generate_messages_py
[4.964s] [ 42%] Built target jsk_hark_msgs_generate_messages_nodejs
[4.964s] [ 42%] Built target std_srvs_generate_messages_eus
[4.964s] [ 42%] Built target dynamic_reconfigure_generate_messages_py
[4.964s] [ 42%] Built target pcl_ros_gencfg
[4.967s] [ 42%] Built target tf2_msgs_generate_messages_lisp
[4.968s] [ 42%] Built target nav_msgs_generate_messages_py
[4.968s] [ 42%] Built target nodelet_generate_messages_cpp
[4.968s] [ 42%] Built target map_msgs_generate_messages_eus
[4.968s] [ 42%] Built target rosgraph_msgs_generate_messages_nodejs
[4.968s] [ 42%] Built target jsk_recognition_msgs_generate_messages_nodejs
[4.968s] [ 42%] Built target roscpp_generate_messages_lisp
[4.968s] [ 42%] Built target rosgraph_msgs_generate_messages_lisp
[4.968s] [ 71%] Built target pos_downloader
[5.031s] [ 71%] Built target dynamic_reconfigure_gencfg
[5.034s] [100%] Built target pos_uploader
[5.111s] Install the project...
[5.111s] -- Install configuration: "Release"
[5.111s] -- Up-to-date: /home/autoware/Autoware/install/pos_db/lib/pkgconfig/pos_db.pc
[5.111s] -- Up-to-date: /home/autoware/Autoware/install/pos_db/share/pos_db/cmake/pos_dbConfig.cmake
[5.111s] -- Up-to-date: /home/autoware/Autoware/install/pos_db/share/pos_db/cmake/pos_dbConfig-version.cmake
[5.111s] -- Up-to-date: /home/autoware/Autoware/install/pos_db/share/pos_db/package.xml
[5.111s] -- Up-to-date: /home/autoware/Autoware/install/pos_db/lib/pos_db/pos_downloader
[5.112s] -- Up-to-date: /home/autoware/Autoware/install/pos_db/lib/libpos_db.so
[5.112s] -- Up-to-date: /home/autoware/Autoware/install/pos_db/lib/pos_db/pos_uploader
[5.112s] -- Up-to-date: /home/autoware/Autoware/install/pos_db/include/pos_db/include
[5.112s] -- Up-to-date: /home/autoware/Autoware/install/pos_db/include/pos_db/include/pos_db.h
[5.112s] -- Up-to-date: /home/autoware/Autoware/install/pos_db/share/pos_db/model/prius_model.dae
[5.240s] Invoked command in '/home/autoware/Autoware/build/pos_db' returned '0': CMAKE_PREFIX_PATH=/home/autoware/Autoware/install/gnss:/home/autoware/Autoware/install/autoware_msgs:/home/autoware/Autoware/install/autoware_build_flags:${CMAKE_PREFIX_PATH} LD_LIBRARY_PATH=/home/autoware/Autoware/install/gnss/lib:${LD_LIBRARY_PATH} PKG_CONFIG_PATH=/home/autoware/Autoware/install/gnss/lib/x86_64-linux-gnu/pkgconfig:/home/autoware/Autoware/install/gnss/lib/pkgconfig:/home/autoware/Autoware/install/autoware_msgs/lib/x86_64-linux-gnu/pkgconfig:/home/autoware/Autoware/install/autoware_msgs/lib/pkgconfig:/home/autoware/Autoware/install/autoware_build_flags/lib/x86_64-linux-gnu/pkgconfig:/home/autoware/Autoware/install/autoware_build_flags/lib/pkgconfig:${PKG_CONFIG_PATH} PYTHONPATH=/home/autoware/Autoware/install/autoware_msgs/lib/python2.7/dist-packages:${PYTHONPATH} ROS_PACKAGE_PATH=/home/autoware/Autoware/install/gnss/share:/home/autoware/Autoware/install/autoware_msgs/share:/home/autoware/Autoware/install/autoware_build_flags/share:${ROS_PACKAGE_PATH} /usr/bin/cmake --build /home/autoware/Autoware/build/pos_db --target install -- -j32 -l32
