-- Using CATKIN_DEVEL_PREFIX: /home/autoware/Autoware/build/autoware_msgs/devel
-- Using CMAKE_PREFIX_PATH: /home/autoware/Autoware/install/ymc;/home/autoware/Autoware/install/xsens_driver;/home/autoware/Autoware/install/wf_simulator;/home/autoware/Autoware/install/lattice_planner;/home/autoware/Autoware/install/waypoint_planner;/home/autoware/Autoware/install/waypoint_maker;/home/autoware/Autoware/install/way_planner;/home/autoware/Autoware/install/vlg22c_cam;/home/autoware/Autoware/install/vision_ssd_detect;/home/autoware/Autoware/install/vision_segment_enet_detect;/home/autoware/Autoware/install/vision_lane_detect;/home/autoware/Autoware/install/vision_darknet_detect;/home/autoware/Autoware/install/vision_beyond_track;/home/autoware/Autoware/install/vel_pose_diff_checker;/home/autoware/Autoware/install/vehicle_socket;/home/autoware/Autoware/install/vehicle_sim_model;/home/autoware/Autoware/install/vehicle_model;/home/autoware/Autoware/install/vehicle_gazebo_simulation_launcher;/home/autoware/Autoware/install/vehicle_gazebo_simulation_interface;/home/autoware/Autoware/install/vehicle_engage_panel;/home/autoware/Autoware/install/vehicle_description;/home/autoware/Autoware/install/trafficlight_recognizer;/home/autoware/Autoware/install/op_utilities;/home/autoware/Autoware/install/op_simulation_package;/home/autoware/Autoware/install/op_local_planner;/home/autoware/Autoware/install/op_global_planner;/home/autoware/Autoware/install/lidar_kf_contour_track;/home/autoware/Autoware/install/op_ros_helpers;/home/autoware/Autoware/install/ff_waypoint_follower;/home/autoware/Autoware/install/dp_planner;/home/autoware/Autoware/install/op_simu;/home/autoware/Autoware/install/op_planner;/home/autoware/Autoware/install/op_utility;/home/autoware/Autoware/install/lidar_euclidean_cluster_detect;/home/autoware/Autoware/install/vector_map_server;/home/autoware/Autoware/install/road_occupancy_processor;/home/autoware/Autoware/install/costmap_generator;/home/autoware/Autoware/install/object_map;/home/autoware/Autoware/install/naive_motion_predict;/home/autoware/Autoware/install/lanelet_aisan_converter;/home/autoware/Autoware/install/map_file;/home/autoware/Autoware/install/libvectormap;/home/autoware/Autoware/install/lane_planner;/home/autoware/Autoware/install/imm_ukf_pda_track;/home/autoware/Autoware/install/decision_maker;/home/autoware/Autoware/install/vector_map;/home/autoware/Autoware/install/vector_map_msgs;/home/autoware/Autoware/install/vectacam;/home/autoware/Autoware/install/udon_socket;/home/autoware/Autoware/install/twist_generator;/home/autoware/Autoware/install/twist_gate;/home/autoware/Autoware/install/twist_filter;/home/autoware/Autoware/install/twist2odom;/home/autoware/Autoware/install/tablet_socket;/home/autoware/Autoware/install/runtime_manager;/home/autoware/Autoware/install/mqtt_socket;/home/autoware/Autoware/install/tablet_socket_msgs;/home/autoware/Autoware/install/state_machine_lib;/home/autoware/Autoware/install/sound_player;/home/autoware/Autoware/install/sick_lms5xx;/home/autoware/Autoware/install/sick_ldmrs_tools;/home/autoware/Autoware/install/sick_ldmrs_driver;/home/autoware/Autoware/install/sick_ldmrs_msgs;/home/autoware/Autoware/install/sick_ldmrs_description;/home/autoware/Autoware/install/points2image;/home/autoware/Autoware/install/rosinterface;/home/autoware/Autoware/install/rosbag_controller;/home/autoware/Autoware/install/pure_pursuit;/home/autoware/Autoware/install/points_preprocessor;/home/autoware/Autoware/install/mpc_follower;/home/autoware/Autoware/install/lidar_localizer;/home/autoware/Autoware/install/emergency_handler;/home/autoware/Autoware/install/autoware_health_checker;/home/autoware/Autoware/install/as;/home/autoware/Autoware/install/ros_observer;/home/autoware/Autoware/install/roi_object_filter;/home/autoware/Autoware/install/range_vision_fusion;/home/autoware/Autoware/install/pos_db;/home/autoware/Autoware/install/points_downsampler;/home/autoware/Autoware/install/pixel_cloud_fusion;/home/autoware/Autoware/install/pcl_omp_registration;/home/autoware/Autoware/install/pc2_downsampler;/home/autoware/Autoware/install/oculus_socket;/home/autoware/Autoware/install/obj_db;/home/autoware/Autoware/install/nmea_navsat;/home/autoware/Autoware/install/ndt_tku;/home/autoware/Autoware/install/ndt_gpu;/home/autoware/Autoware/install/ndt_cpu;/home/autoware/Autoware/install/multi_lidar_calibrator;/home/autoware/Autoware/install/microstrain_driver;/home/autoware/Autoware/install/memsic_imu;/home/autoware/Autoware/install/marker_downsampler;/home/autoware/Autoware/install/map_tools;/home/autoware/Autoware/install/map_tf_generator;/home/autoware/Autoware/install/log_tools;/home/autoware/Autoware/install/lidar_shape_estimation;/home/autoware/Autoware/install/lidar_point_pillars;/home/autoware/Autoware/install/lidar_naive_l_shape_detect;/home/autoware/Autoware/install/lidar_fake_perception;/home/autoware/Autoware/install/lidar_apollo_cnn_seg_detect;/home/autoware/Autoware/install/libwaypoint_follower;/home/autoware/Autoware/install/lgsvl_simulator_bridge;/home/autoware/Autoware/install/lanelet2_extension;/home/autoware/Autoware/install/kvaser;/home/autoware/Autoware/install/kitti_launch;/home/autoware/Autoware/install/kitti_player;/home/autoware/Autoware/install/kitti_box_publisher;/home/autoware/Autoware/install/javad_navsat_driver;/home/autoware/Autoware/install/integrated_viewer;/home/autoware/Autoware/install/image_processor;/home/autoware/Autoware/install/hokuyo;/home/autoware/Autoware/install/graph_tools;/home/autoware/Autoware/install/gnss_localizer;/home/autoware/Autoware/install/gnss;/home/autoware/Autoware/install/glviewer;/home/autoware/Autoware/install/gazebo_world_description;/home/autoware/Autoware/install/gazebo_imu_description;/home/autoware/Autoware/install/gazebo_camera_description;/home/autoware/Autoware/install/garmin;/home/autoware/Autoware/install/freespace_planner;/home/autoware/Autoware/install/fastvirtualscan;/home/autoware/Autoware/install/ekf_localizer;/home/autoware/Autoware/install/ds4_msgs;/home/autoware/Autoware/install/ds4_driver;/home/autoware/Autoware/install/detected_objects_visualizer;/home/autoware/Autoware/install/decision_maker_panel;/home/autoware/Autoware/install/data_preprocessor;/home/autoware/Autoware/install/custom_msgs;/home/autoware/Autoware/install/carla_autoware_bridge;/home/autoware/Autoware/install/calibration_publisher;/home/autoware/Autoware/install/autoware_system_msgs;/home/autoware/Autoware/install/autoware_rviz_plugins;/home/autoware/Autoware/install/autoware_quickstart_examples;/home/autoware/Autoware/install/autoware_pointgrey_drivers;/home/autoware/Autoware/install/autoware_driveworks_interface;/home/autoware/Autoware/install/autoware_connector;/home/autoware/Autoware/install/autoware_camera_lidar_calibrator;/home/autoware/Autoware/install/astar_search;/home/autoware/Autoware/install/amathutils_lib;/home/autoware/Autoware/install/autoware_msgs;/home/autoware/Autoware/install/autoware_map_msgs;/home/autoware/Autoware/install/autoware_launcher_rviz;/home/autoware/Autoware/install/autoware_launcher;/home/autoware/Autoware/install/autoware_lanelet2_msgs;/home/autoware/Autoware/install/autoware_external_msgs;/home/autoware/Autoware/install/autoware_driveworks_gmsl_interface;/home/autoware/Autoware/install/autoware_config_msgs;/home/autoware/Autoware/install/autoware_can_msgs;/home/autoware/Autoware/install/autoware_build_flags;/home/autoware/Autoware/install/autoware_bag_tools;/home/autoware/Autoware/install/adi_driver;/home/autoware/carla_ws/devel;/opt/ros/melodic
-- This workspace overlays: /home/autoware/Autoware/install/ymc;/home/autoware/Autoware/install/xsens_driver;/home/autoware/Autoware/install/wf_simulator;/home/autoware/Autoware/install/lattice_planner;/home/autoware/Autoware/install/waypoint_planner;/home/autoware/Autoware/install/waypoint_maker;/home/autoware/Autoware/install/way_planner;/home/autoware/Autoware/install/vlg22c_cam;/home/autoware/Autoware/install/vision_ssd_detect;/home/autoware/Autoware/install/vision_segment_enet_detect;/home/autoware/Autoware/install/vision_lane_detect;/home/autoware/Autoware/install/vision_darknet_detect;/home/autoware/Autoware/install/vision_beyond_track;/home/autoware/Autoware/install/vel_pose_diff_checker;/home/autoware/Autoware/install/vehicle_socket;/home/autoware/Autoware/install/vehicle_sim_model;/home/autoware/Autoware/install/vehicle_model;/home/autoware/Autoware/install/vehicle_gazebo_simulation_launcher;/home/autoware/Autoware/install/vehicle_gazebo_simulation_interface;/home/autoware/Autoware/install/vehicle_engage_panel;/home/autoware/Autoware/install/vehicle_description;/home/autoware/Autoware/install/trafficlight_recognizer;/home/autoware/Autoware/install/op_utilities;/home/autoware/Autoware/install/op_simulation_package;/home/autoware/Autoware/install/op_local_planner;/home/autoware/Autoware/install/op_global_planner;/home/autoware/Autoware/install/lidar_kf_contour_track;/home/autoware/Autoware/install/op_ros_helpers;/home/autoware/Autoware/install/ff_waypoint_follower;/home/autoware/Autoware/install/dp_planner;/home/autoware/Autoware/install/op_simu;/home/autoware/Autoware/install/op_planner;/home/autoware/Autoware/install/op_utility;/home/autoware/Autoware/install/lidar_euclidean_cluster_detect;/home/autoware/Autoware/install/vector_map_server;/home/autoware/Autoware/install/road_occupancy_processor;/home/autoware/Autoware/install/costmap_generator;/home/autoware/Autoware/install/object_map;/home/autoware/Autoware/install/naive_motion_predict;/home/autoware/Autoware/install/lanelet_aisan_converter;/home/autoware/Autoware/install/map_file;/home/autoware/Autoware/install/libvectormap;/home/autoware/Autoware/install/lane_planner;/home/autoware/Autoware/install/imm_ukf_pda_track;/home/autoware/Autoware/install/decision_maker;/home/autoware/Autoware/install/vector_map;/home/autoware/Autoware/install/vector_map_msgs;/home/autoware/Autoware/install/vectacam;/home/autoware/Autoware/install/udon_socket;/home/autoware/Autoware/install/twist_generator;/home/autoware/Autoware/install/twist_gate;/home/autoware/Autoware/install/twist_filter;/home/autoware/Autoware/install/twist2odom;/home/autoware/Autoware/install/tablet_socket;/home/autoware/Autoware/install/runtime_manager;/home/autoware/Autoware/install/mqtt_socket;/home/autoware/Autoware/install/tablet_socket_msgs;/home/autoware/Autoware/install/state_machine_lib;/home/autoware/Autoware/install/sound_player;/home/autoware/Autoware/install/sick_lms5xx;/home/autoware/Autoware/install/sick_ldmrs_tools;/home/autoware/Autoware/install/sick_ldmrs_driver;/home/autoware/Autoware/install/sick_ldmrs_msgs;/home/autoware/Autoware/install/sick_ldmrs_description;/home/autoware/Autoware/install/points2image;/home/autoware/Autoware/install/rosinterface;/home/autoware/Autoware/install/rosbag_controller;/home/autoware/Autoware/install/pure_pursuit;/home/autoware/Autoware/install/points_preprocessor;/home/autoware/Autoware/install/mpc_follower;/home/autoware/Autoware/install/lidar_localizer;/home/autoware/Autoware/install/emergency_handler;/home/autoware/Autoware/install/autoware_health_checker;/home/autoware/Autoware/install/as;/home/autoware/Autoware/install/ros_observer;/home/autoware/Autoware/install/roi_object_filter;/home/autoware/Autoware/install/range_vision_fusion;/home/autoware/Autoware/install/pos_db;/home/autoware/Autoware/install/points_downsampler;/home/autoware/Autoware/install/pixel_cloud_fusion;/home/autoware/Autoware/install/pcl_omp_registration;/home/autoware/Autoware/install/pc2_downsampler;/home/autoware/Autoware/install/oculus_socket;/home/autoware/Autoware/install/obj_db;/home/autoware/Autoware/install/nmea_navsat;/home/autoware/Autoware/install/ndt_tku;/home/autoware/Autoware/install/ndt_gpu;/home/autoware/Autoware/install/ndt_cpu;/home/autoware/Autoware/install/multi_lidar_calibrator;/home/autoware/Autoware/install/microstrain_driver;/home/autoware/Autoware/install/memsic_imu;/home/autoware/Autoware/install/marker_downsampler;/home/autoware/Autoware/install/map_tools;/home/autoware/Autoware/install/map_tf_generator;/home/autoware/Autoware/install/log_tools;/home/autoware/Autoware/install/lidar_shape_estimation;/home/autoware/Autoware/install/lidar_point_pillars;/home/autoware/Autoware/install/lidar_naive_l_shape_detect;/home/autoware/Autoware/install/lidar_fake_perception;/home/autoware/Autoware/install/lidar_apollo_cnn_seg_detect;/home/autoware/Autoware/install/libwaypoint_follower;/home/autoware/Autoware/install/lgsvl_simulator_bridge;/home/autoware/Autoware/install/lanelet2_extension;/home/autoware/Autoware/install/kvaser;/home/autoware/Autoware/install/kitti_launch;/home/autoware/Autoware/install/kitti_player;/home/autoware/Autoware/install/kitti_box_publisher;/home/autoware/Autoware/install/javad_navsat_driver;/home/autoware/Autoware/install/integrated_viewer;/home/autoware/Autoware/install/image_processor;/home/autoware/Autoware/install/hokuyo;/home/autoware/Autoware/install/graph_tools;/home/autoware/Autoware/install/gnss_localizer;/home/autoware/Autoware/install/gnss;/home/autoware/Autoware/install/glviewer;/home/autoware/Autoware/install/gazebo_world_description;/home/autoware/Autoware/install/gazebo_imu_description;/home/autoware/Autoware/install/gazebo_camera_description;/home/autoware/Autoware/install/garmin;/home/autoware/Autoware/install/freespace_planner;/home/autoware/Autoware/install/fastvirtualscan;/home/autoware/Autoware/install/ekf_localizer;/home/autoware/Autoware/install/ds4_msgs;/home/autoware/Autoware/install/ds4_driver;/home/autoware/Autoware/install/detected_objects_visualizer;/home/autoware/Autoware/install/decision_maker_panel;/home/autoware/Autoware/install/data_preprocessor;/home/autoware/Autoware/install/custom_msgs;/home/autoware/Autoware/install/carla_autoware_bridge;/home/autoware/Autoware/install/calibration_publisher;/home/autoware/Autoware/install/autoware_system_msgs;/home/autoware/Autoware/install/autoware_rviz_plugins;/home/autoware/Autoware/install/autoware_quickstart_examples;/home/autoware/Autoware/install/autoware_pointgrey_drivers;/home/autoware/Autoware/install/autoware_driveworks_interface;/home/autoware/Autoware/install/autoware_connector;/home/autoware/Autoware/install/autoware_camera_lidar_calibrator;/home/autoware/Autoware/install/astar_search;/home/autoware/Autoware/install/amathutils_lib;/home/autoware/Autoware/install/autoware_msgs;/home/autoware/Autoware/install/autoware_map_msgs;/home/autoware/Autoware/install/autoware_launcher_rviz;/home/autoware/Autoware/install/autoware_launcher;/home/autoware/Autoware/install/autoware_lanelet2_msgs;/home/autoware/Autoware/install/autoware_external_msgs;/home/autoware/Autoware/install/autoware_driveworks_gmsl_interface;/home/autoware/Autoware/install/autoware_config_msgs;/home/autoware/Autoware/install/autoware_can_msgs;/home/autoware/Autoware/install/autoware_build_flags;/home/autoware/Autoware/install/autoware_bag_tools;/home/autoware/Autoware/install/adi_driver;/home/autoware/carla_ws/devel;/opt/ros/melodic
-- Found PythonInterp: /usr/bin/python2 (found suitable version "2.7.17", minimum required is "2") 
-- Using PYTHON_EXECUTABLE: /usr/bin/python2
-- Using Debian Python package layout
-- Using empy: /usr/bin/empy
-- Using CATKIN_ENABLE_TESTING: ON
-- Call enable_testing()
-- Using CATKIN_TEST_RESULTS_DIR: /home/autoware/Autoware/build/autoware_msgs/test_results
-- Found gtest sources under '/usr/src/googletest': gtests will be built
-- Found gmock sources under '/usr/src/googletest': gmock will be built
-- Found PythonInterp: /usr/bin/python2 (found version "2.7.17") 
-- Using Python nosetests: /usr/bin/nosetests-2.7
-- catkin 0.7.26
-- BUILD_SHARED_LIBS is on
-- Using these message generators: gencpp;geneus;genlisp;gennodejs;genpy
-- autoware_msgs: 52 messages, 1 services
-- Configuring done
-- Generating done
-- Build files have been written to: /home/autoware/Autoware/build/autoware_msgs
[  0%] Built target jsk_recognition_msgs_generate_messages_eus
[  0%] Built target std_msgs_generate_messages_eus
[  0%] Built target geometry_msgs_generate_messages_eus
[  0%] Built target _autoware_msgs_generate_messages_check_deps_DTLane
[  0%] Built target _autoware_msgs_generate_messages_check_deps_ImageObjTracked
[  0%] Built target _autoware_msgs_generate_messages_check_deps_ControlCommandStamped
[  0%] Built target _autoware_msgs_generate_messages_check_deps_VscanTracked
[  0%] Built target _autoware_msgs_generate_messages_check_deps_RemoteCmd
[  0%] Built target _autoware_msgs_generate_messages_check_deps_RecognizeLightState
[  0%] Built target _autoware_msgs_generate_messages_check_deps_DetectedObject
[  0%] Built target _autoware_msgs_generate_messages_check_deps_ValueSet
[  0%] Built target _autoware_msgs_generate_messages_check_deps_VehicleCmd
[  0%] Built target _autoware_msgs_generate_messages_check_deps_ObjLabel
[  0%] Built target _autoware_msgs_generate_messages_check_deps_SyncTimeDiff
[  0%] Built target _autoware_msgs_generate_messages_check_deps_ImageRectRanged
[  0%] Built target _autoware_msgs_generate_messages_check_deps_ColorSet
[  0%] Built target _autoware_msgs_generate_messages_check_deps_CloudClusterArray
[  0%] Built target sensor_msgs_generate_messages_eus
[  0%] Built target _autoware_msgs_generate_messages_check_deps_LampCmd
[  0%] Built target _autoware_msgs_generate_messages_check_deps_WaypointState
[  0%] Built target _autoware_msgs_generate_messages_check_deps_ExtractedPosition
[  0%] Built target _autoware_msgs_generate_messages_check_deps_Lane
[  0%] Built target _autoware_msgs_generate_messages_check_deps_NDTStat
[  0%] Built target _autoware_msgs_generate_messages_check_deps_AdjustXY
[  0%] Built target _autoware_msgs_generate_messages_check_deps_ObjPose
[  0%] Built target _autoware_msgs_generate_messages_check_deps_IndicatorCmd
[  0%] Built target _autoware_msgs_generate_messages_check_deps_ProjectionMatrix
[  0%] Built target _autoware_msgs_generate_messages_check_deps_VscanTrackedArray
[  0%] Built target _autoware_msgs_generate_messages_check_deps_SyncTimeMonitor
[  0%] Built target _autoware_msgs_generate_messages_check_deps_TrafficLight
[  0%] Built target _autoware_msgs_generate_messages_check_deps_AccelCmd
[  0%] Built target _autoware_msgs_generate_messages_check_deps_TrafficLightResultArray
[  0%] Built target _autoware_msgs_generate_messages_check_deps_LaneArray
[  0%] Built target _autoware_msgs_generate_messages_check_deps_ImageObj
[  0%] Built target _autoware_msgs_generate_messages_check_deps_ImageRect
[  0%] Built target _autoware_msgs_generate_messages_check_deps_Centroids
[  0%] Built target _autoware_msgs_generate_messages_check_deps_StateCmd
[  0%] Built target _autoware_msgs_generate_messages_check_deps_Gear
[  0%] Built target _autoware_msgs_generate_messages_check_deps_State
[  0%] Built target _autoware_msgs_generate_messages_check_deps_Waypoint
[  0%] Built target _autoware_msgs_generate_messages_check_deps_BrakeCmd
[  0%] Built target jsk_recognition_msgs_generate_messages_cpp
[  0%] Built target sensor_msgs_generate_messages_cpp
[  0%] Built target std_msgs_generate_messages_cpp
[  0%] Built target _autoware_msgs_generate_messages_check_deps_VehicleStatus
[  0%] Built target _autoware_msgs_generate_messages_check_deps_DetectedObjectArray
[  0%] Built target geometry_msgs_generate_messages_cpp
[  0%] Built target _autoware_msgs_generate_messages_check_deps_ScanImage
[  0%] Built target _autoware_msgs_generate_messages_check_deps_TunedResult
[  0%] Built target _autoware_msgs_generate_messages_check_deps_ImageObjRanged
[  0%] Built target _autoware_msgs_generate_messages_check_deps_SteerCmd
[  0%] Built target _autoware_msgs_generate_messages_check_deps_CloudCluster
[  0%] Built target _autoware_msgs_generate_messages_check_deps_ControlCommand
[  0%] Built target _autoware_msgs_generate_messages_check_deps_ImageObjects
[  0%] Built target _autoware_msgs_generate_messages_check_deps_GeometricRectangle
[  0%] Built target _autoware_msgs_generate_messages_check_deps_PointsImage
[  0%] Built target _autoware_msgs_generate_messages_check_deps_VehicleLocation
[  0%] Built target _autoware_msgs_generate_messages_check_deps_ImageLaneObjects
[  0%] Built target _autoware_msgs_generate_messages_check_deps_TrafficLightResult
[  0%] Built target _autoware_msgs_generate_messages_check_deps_ICPStat
[  0%] Built target std_msgs_generate_messages_lisp
[  0%] Built target geometry_msgs_generate_messages_lisp
[  0%] Built target sensor_msgs_generate_messages_lisp
[  0%] Built target _autoware_msgs_generate_messages_check_deps_Signals
[  0%] Built target std_msgs_generate_messages_nodejs
[  0%] Built target jsk_recognition_msgs_generate_messages_lisp
[  0%] Built target geometry_msgs_generate_messages_nodejs
[  0%] Built target jsk_recognition_msgs_generate_messages_nodejs
[  0%] Built target sensor_msgs_generate_messages_nodejs
[  0%] Built target std_msgs_generate_messages_py
[  0%] Built target jsk_recognition_msgs_generate_messages_py
[  0%] Built target sensor_msgs_generate_messages_py
[  0%] Built target geometry_msgs_generate_messages_py
[ 20%] Built target autoware_msgs_generate_messages_eus
[ 39%] Built target autoware_msgs_generate_messages_cpp
[ 59%] Built target autoware_msgs_generate_messages_lisp
[ 79%] Built target autoware_msgs_generate_messages_nodejs
[100%] Built target autoware_msgs_generate_messages_py
[100%] Built target autoware_msgs_generate_messages
Built target tests
[  0%] Built target jsk_recognition_msgs_generate_messages_eus
[  0%] Built target std_msgs_generate_messages_eus
[  0%] Built target geometry_msgs_generate_messages_eus
[  0%] Built target _autoware_msgs_generate_messages_check_deps_ColorSet
[  0%] Built target _autoware_msgs_generate_messages_check_deps_DetectedObject
[  0%] Built target _autoware_msgs_generate_messages_check_deps_SyncTimeDiff
[  0%] Built target _autoware_msgs_generate_messages_check_deps_CloudClusterArray
[  0%] Built target _autoware_msgs_generate_messages_check_deps_RemoteCmd
[  0%] Built target _autoware_msgs_generate_messages_check_deps_RecognizeLightState
[  0%] Built target _autoware_msgs_generate_messages_check_deps_ControlCommandStamped
[  0%] Built target _autoware_msgs_generate_messages_check_deps_ObjLabel
[  0%] Built target _autoware_msgs_generate_messages_check_deps_VehicleCmd
[  0%] Built target _autoware_msgs_generate_messages_check_deps_ExtractedPosition
[  0%] Built target _autoware_msgs_generate_messages_check_deps_LampCmd
[  0%] Built target _autoware_msgs_generate_messages_check_deps_WaypointState
[  0%] Built target _autoware_msgs_generate_messages_check_deps_ValueSet
[  0%] Built target _autoware_msgs_generate_messages_check_deps_VscanTracked
[  0%] Built target _autoware_msgs_generate_messages_check_deps_DTLane
[  0%] Built target _autoware_msgs_generate_messages_check_deps_ImageObjTracked
[  0%] Built target sensor_msgs_generate_messages_eus
[  0%] Built target _autoware_msgs_generate_messages_check_deps_ImageRectRanged
[  0%] Built target _autoware_msgs_generate_messages_check_deps_NDTStat
[  0%] Built target _autoware_msgs_generate_messages_check_deps_Lane
[  0%] Built target _autoware_msgs_generate_messages_check_deps_AdjustXY
[  0%] Built target _autoware_msgs_generate_messages_check_deps_SyncTimeMonitor
[  0%] Built target _autoware_msgs_generate_messages_check_deps_IndicatorCmd
[  0%] Built target _autoware_msgs_generate_messages_check_deps_ProjectionMatrix
[  0%] Built target _autoware_msgs_generate_messages_check_deps_VscanTrackedArray
[  0%] Built target _autoware_msgs_generate_messages_check_deps_ImageObj
[  0%] Built target _autoware_msgs_generate_messages_check_deps_Gear
[  0%] Built target _autoware_msgs_generate_messages_check_deps_StateCmd
[  0%] Built target _autoware_msgs_generate_messages_check_deps_ObjPose
[  0%] Built target _autoware_msgs_generate_messages_check_deps_TrafficLightResultArray
[  0%] Built target _autoware_msgs_generate_messages_check_deps_LaneArray
[  0%] Built target _autoware_msgs_generate_messages_check_deps_State
[  0%] Built target _autoware_msgs_generate_messages_check_deps_ImageRect
[  0%] Built target _autoware_msgs_generate_messages_check_deps_AccelCmd
[  0%] Built target _autoware_msgs_generate_messages_check_deps_TrafficLight
[  0%] Built target _autoware_msgs_generate_messages_check_deps_Centroids
[  0%] Built target _autoware_msgs_generate_messages_check_deps_BrakeCmd
[  0%] Built target _autoware_msgs_generate_messages_check_deps_Waypoint
[  0%] Built target std_msgs_generate_messages_cpp
[  0%] Built target jsk_recognition_msgs_generate_messages_cpp
[  0%] Built target sensor_msgs_generate_messages_cpp
[  0%] Built target _autoware_msgs_generate_messages_check_deps_DetectedObjectArray
[  0%] Built target _autoware_msgs_generate_messages_check_deps_VehicleStatus
[  0%] Built target geometry_msgs_generate_messages_cpp
[  0%] Built target _autoware_msgs_generate_messages_check_deps_TunedResult
[  0%] Built target _autoware_msgs_generate_messages_check_deps_ScanImage
[  0%] Built target _autoware_msgs_generate_messages_check_deps_CloudCluster
[  0%] Built target _autoware_msgs_generate_messages_check_deps_VehicleLocation
[  0%] Built target _autoware_msgs_generate_messages_check_deps_ImageObjRanged
[  0%] Built target _autoware_msgs_generate_messages_check_deps_ICPStat
[  0%] Built target _autoware_msgs_generate_messages_check_deps_SteerCmd
[  0%] Built target _autoware_msgs_generate_messages_check_deps_ControlCommand
[  0%] Built target _autoware_msgs_generate_messages_check_deps_TrafficLightResult
[  0%] Built target _autoware_msgs_generate_messages_check_deps_ImageObjects
[  0%] Built target _autoware_msgs_generate_messages_check_deps_ImageLaneObjects
[  0%] Built target _autoware_msgs_generate_messages_check_deps_PointsImage
[  0%] Built target geometry_msgs_generate_messages_lisp
[  0%] Built target _autoware_msgs_generate_messages_check_deps_GeometricRectangle
[  0%] Built target std_msgs_generate_messages_lisp
[  0%] Built target _autoware_msgs_generate_messages_check_deps_Signals
[  0%] Built target sensor_msgs_generate_messages_lisp
[  0%] Built target geometry_msgs_generate_messages_nodejs
[  0%] Built target jsk_recognition_msgs_generate_messages_lisp
[  0%] Built target std_msgs_generate_messages_nodejs
[  0%] Built target sensor_msgs_generate_messages_nodejs
[  0%] Built target jsk_recognition_msgs_generate_messages_py
[  0%] Built target geometry_msgs_generate_messages_py
[  0%] Built target jsk_recognition_msgs_generate_messages_nodejs
[  0%] Built target std_msgs_generate_messages_py
[  0%] Built target sensor_msgs_generate_messages_py
[ 18%] Built target autoware_msgs_generate_messages_cpp
[ 39%] Built target autoware_msgs_generate_messages_eus
[ 59%] Built target autoware_msgs_generate_messages_lisp
[ 79%] Built target autoware_msgs_generate_messages_nodejs
[100%] Built target autoware_msgs_generate_messages_py
[100%] Built target autoware_msgs_generate_messages
[36mInstall the project...[0m
-- Install configuration: "Release"
-- Up-to-date: /home/autoware/Autoware/install/autoware_msgs/share/autoware_msgs/msg/AccelCmd.msg
-- Up-to-date: /home/autoware/Autoware/install/autoware_msgs/share/autoware_msgs/msg/AdjustXY.msg
-- Up-to-date: /home/autoware/Autoware/install/autoware_msgs/share/autoware_msgs/msg/BrakeCmd.msg
-- Up-to-date: /home/autoware/Autoware/install/autoware_msgs/share/autoware_msgs/msg/Centroids.msg
-- Up-to-date: /home/autoware/Autoware/install/autoware_msgs/share/autoware_msgs/msg/CloudCluster.msg
-- Up-to-date: /home/autoware/Autoware/install/autoware_msgs/share/autoware_msgs/msg/CloudClusterArray.msg
-- Up-to-date: /home/autoware/Autoware/install/autoware_msgs/share/autoware_msgs/msg/ColorSet.msg
-- Up-to-date: /home/autoware/Autoware/install/autoware_msgs/share/autoware_msgs/msg/ControlCommand.msg
-- Up-to-date: /home/autoware/Autoware/install/autoware_msgs/share/autoware_msgs/msg/ControlCommandStamped.msg
-- Up-to-date: /home/autoware/Autoware/install/autoware_msgs/share/autoware_msgs/msg/DTLane.msg
-- Up-to-date: /home/autoware/Autoware/install/autoware_msgs/share/autoware_msgs/msg/DetectedObject.msg
-- Up-to-date: /home/autoware/Autoware/install/autoware_msgs/share/autoware_msgs/msg/DetectedObjectArray.msg
-- Up-to-date: /home/autoware/Autoware/install/autoware_msgs/share/autoware_msgs/msg/ExtractedPosition.msg
-- Up-to-date: /home/autoware/Autoware/install/autoware_msgs/share/autoware_msgs/msg/Gear.msg
-- Up-to-date: /home/autoware/Autoware/install/autoware_msgs/share/autoware_msgs/msg/GeometricRectangle.msg
-- Up-to-date: /home/autoware/Autoware/install/autoware_msgs/share/autoware_msgs/msg/ICPStat.msg
-- Up-to-date: /home/autoware/Autoware/install/autoware_msgs/share/autoware_msgs/msg/ImageLaneObjects.msg
-- Up-to-date: /home/autoware/Autoware/install/autoware_msgs/share/autoware_msgs/msg/ImageObj.msg
-- Up-to-date: /home/autoware/Autoware/install/autoware_msgs/share/autoware_msgs/msg/ImageObjRanged.msg
-- Up-to-date: /home/autoware/Autoware/install/autoware_msgs/share/autoware_msgs/msg/ImageObjTracked.msg
-- Up-to-date: /home/autoware/Autoware/install/autoware_msgs/share/autoware_msgs/msg/ImageObjects.msg
-- Up-to-date: /home/autoware/Autoware/install/autoware_msgs/share/autoware_msgs/msg/ImageRect.msg
-- Up-to-date: /home/autoware/Autoware/install/autoware_msgs/share/autoware_msgs/msg/ImageRectRanged.msg
-- Up-to-date: /home/autoware/Autoware/install/autoware_msgs/share/autoware_msgs/msg/IndicatorCmd.msg
-- Up-to-date: /home/autoware/Autoware/install/autoware_msgs/share/autoware_msgs/msg/LampCmd.msg
-- Up-to-date: /home/autoware/Autoware/install/autoware_msgs/share/autoware_msgs/msg/Lane.msg
-- Up-to-date: /home/autoware/Autoware/install/autoware_msgs/share/autoware_msgs/msg/LaneArray.msg
-- Up-to-date: /home/autoware/Autoware/install/autoware_msgs/share/autoware_msgs/msg/NDTStat.msg
-- Up-to-date: /home/autoware/Autoware/install/autoware_msgs/share/autoware_msgs/msg/ObjLabel.msg
-- Up-to-date: /home/autoware/Autoware/install/autoware_msgs/share/autoware_msgs/msg/ObjPose.msg
-- Up-to-date: /home/autoware/Autoware/install/autoware_msgs/share/autoware_msgs/msg/PointsImage.msg
-- Up-to-date: /home/autoware/Autoware/install/autoware_msgs/share/autoware_msgs/msg/ProjectionMatrix.msg
-- Up-to-date: /home/autoware/Autoware/install/autoware_msgs/share/autoware_msgs/msg/RemoteCmd.msg
-- Up-to-date: /home/autoware/Autoware/install/autoware_msgs/share/autoware_msgs/msg/ScanImage.msg
-- Up-to-date: /home/autoware/Autoware/install/autoware_msgs/share/autoware_msgs/msg/Signals.msg
-- Up-to-date: /home/autoware/Autoware/install/autoware_msgs/share/autoware_msgs/msg/State.msg
-- Up-to-date: /home/autoware/Autoware/install/autoware_msgs/share/autoware_msgs/msg/StateCmd.msg
-- Up-to-date: /home/autoware/Autoware/install/autoware_msgs/share/autoware_msgs/msg/SteerCmd.msg
-- Up-to-date: /home/autoware/Autoware/install/autoware_msgs/share/autoware_msgs/msg/SyncTimeDiff.msg
-- Up-to-date: /home/autoware/Autoware/install/autoware_msgs/share/autoware_msgs/msg/SyncTimeMonitor.msg
-- Up-to-date: /home/autoware/Autoware/install/autoware_msgs/share/autoware_msgs/msg/TrafficLight.msg
-- Up-to-date: /home/autoware/Autoware/install/autoware_msgs/share/autoware_msgs/msg/TrafficLightResult.msg
-- Up-to-date: /home/autoware/Autoware/install/autoware_msgs/share/autoware_msgs/msg/TrafficLightResultArray.msg
-- Up-to-date: /home/autoware/Autoware/install/autoware_msgs/share/autoware_msgs/msg/TunedResult.msg
-- Up-to-date: /home/autoware/Autoware/install/autoware_msgs/share/autoware_msgs/msg/ValueSet.msg
-- Up-to-date: /home/autoware/Autoware/install/autoware_msgs/share/autoware_msgs/msg/VehicleCmd.msg
-- Up-to-date: /home/autoware/Autoware/install/autoware_msgs/share/autoware_msgs/msg/VehicleLocation.msg
-- Up-to-date: /home/autoware/Autoware/install/autoware_msgs/share/autoware_msgs/msg/VehicleStatus.msg
-- Up-to-date: /home/autoware/Autoware/install/autoware_msgs/share/autoware_msgs/msg/VscanTracked.msg
-- Up-to-date: /home/autoware/Autoware/install/autoware_msgs/share/autoware_msgs/msg/VscanTrackedArray.msg
-- Up-to-date: /home/autoware/Autoware/install/autoware_msgs/share/autoware_msgs/msg/Waypoint.msg
-- Up-to-date: /home/autoware/Autoware/install/autoware_msgs/share/autoware_msgs/msg/WaypointState.msg
-- Up-to-date: /home/autoware/Autoware/install/autoware_msgs/share/autoware_msgs/srv/RecognizeLightState.srv
-- Up-to-date: /home/autoware/Autoware/install/autoware_msgs/share/autoware_msgs/cmake/autoware_msgs-msg-paths.cmake
-- Up-to-date: /home/autoware/Autoware/install/autoware_msgs/include/autoware_msgs
-- Up-to-date: /home/autoware/Autoware/install/autoware_msgs/include/autoware_msgs/ObjLabel.h
-- Up-to-date: /home/autoware/Autoware/install/autoware_msgs/include/autoware_msgs/TrafficLightResult.h
-- Up-to-date: /home/autoware/Autoware/install/autoware_msgs/include/autoware_msgs/ProjectionMatrix.h
-- Up-to-date: /home/autoware/Autoware/install/autoware_msgs/include/autoware_msgs/SyncTimeMonitor.h
-- Up-to-date: /home/autoware/Autoware/install/autoware_msgs/include/autoware_msgs/ExtractedPosition.h
-- Up-to-date: /home/autoware/Autoware/install/autoware_msgs/include/autoware_msgs/CloudCluster.h
-- Up-to-date: /home/autoware/Autoware/install/autoware_msgs/include/autoware_msgs/SyncTimeDiff.h
-- Up-to-date: /home/autoware/Autoware/install/autoware_msgs/include/autoware_msgs/ImageObjTracked.h
-- Up-to-date: /home/autoware/Autoware/install/autoware_msgs/include/autoware_msgs/WaypointState.h
-- Up-to-date: /home/autoware/Autoware/install/autoware_msgs/include/autoware_msgs/Waypoint.h
-- Up-to-date: /home/autoware/Autoware/install/autoware_msgs/include/autoware_msgs/VehicleCmd.h
-- Up-to-date: /home/autoware/Autoware/install/autoware_msgs/include/autoware_msgs/ObjPose.h
-- Up-to-date: /home/autoware/Autoware/install/autoware_msgs/include/autoware_msgs/NDTStat.h
-- Up-to-date: /home/autoware/Autoware/install/autoware_msgs/include/autoware_msgs/VscanTracked.h
-- Up-to-date: /home/autoware/Autoware/install/autoware_msgs/include/autoware_msgs/AccelCmd.h
-- Up-to-date: /home/autoware/Autoware/install/autoware_msgs/include/autoware_msgs/SteerCmd.h
-- Up-to-date: /home/autoware/Autoware/install/autoware_msgs/include/autoware_msgs/PointsImage.h
-- Up-to-date: /home/autoware/Autoware/install/autoware_msgs/include/autoware_msgs/StateCmd.h
-- Up-to-date: /home/autoware/Autoware/install/autoware_msgs/include/autoware_msgs/ImageRectRanged.h
-- Up-to-date: /home/autoware/Autoware/install/autoware_msgs/include/autoware_msgs/VscanTrackedArray.h
-- Up-to-date: /home/autoware/Autoware/install/autoware_msgs/include/autoware_msgs/TunedResult.h
-- Up-to-date: /home/autoware/Autoware/install/autoware_msgs/include/autoware_msgs/ControlCommand.h
-- Up-to-date: /home/autoware/Autoware/install/autoware_msgs/include/autoware_msgs/AdjustXY.h
-- Up-to-date: /home/autoware/Autoware/install/autoware_msgs/include/autoware_msgs/ColorSet.h
-- Up-to-date: /home/autoware/Autoware/install/autoware_msgs/include/autoware_msgs/BrakeCmd.h
-- Up-to-date: /home/autoware/Autoware/install/autoware_msgs/include/autoware_msgs/Signals.h
-- Up-to-date: /home/autoware/Autoware/install/autoware_msgs/include/autoware_msgs/RecognizeLightStateResponse.h
-- Up-to-date: /home/autoware/Autoware/install/autoware_msgs/include/autoware_msgs/TrafficLightResultArray.h
-- Up-to-date: /home/autoware/Autoware/install/autoware_msgs/include/autoware_msgs/LaneArray.h
-- Up-to-date: /home/autoware/Autoware/install/autoware_msgs/include/autoware_msgs/ImageRect.h
-- Up-to-date: /home/autoware/Autoware/install/autoware_msgs/include/autoware_msgs/ScanImage.h
-- Up-to-date: /home/autoware/Autoware/install/autoware_msgs/include/autoware_msgs/LampCmd.h
-- Up-to-date: /home/autoware/Autoware/install/autoware_msgs/include/autoware_msgs/IndicatorCmd.h
-- Up-to-date: /home/autoware/Autoware/install/autoware_msgs/include/autoware_msgs/ControlCommandStamped.h
-- Up-to-date: /home/autoware/Autoware/install/autoware_msgs/include/autoware_msgs/VehicleLocation.h
-- Up-to-date: /home/autoware/Autoware/install/autoware_msgs/include/autoware_msgs/Centroids.h
-- Up-to-date: /home/autoware/Autoware/install/autoware_msgs/include/autoware_msgs/ValueSet.h
-- Up-to-date: /home/autoware/Autoware/install/autoware_msgs/include/autoware_msgs/GeometricRectangle.h
-- Up-to-date: /home/autoware/Autoware/install/autoware_msgs/include/autoware_msgs/DTLane.h
-- Up-to-date: /home/autoware/Autoware/install/autoware_msgs/include/autoware_msgs/TrafficLight.h
-- Up-to-date: /home/autoware/Autoware/install/autoware_msgs/include/autoware_msgs/State.h
-- Up-to-date: /home/autoware/Autoware/install/autoware_msgs/include/autoware_msgs/CloudClusterArray.h
-- Up-to-date: /home/autoware/Autoware/install/autoware_msgs/include/autoware_msgs/ImageObjRanged.h
-- Up-to-date: /home/autoware/Autoware/install/autoware_msgs/include/autoware_msgs/RecognizeLightState.h
-- Up-to-date: /home/autoware/Autoware/install/autoware_msgs/include/autoware_msgs/ImageLaneObjects.h
-- Up-to-date: /home/autoware/Autoware/install/autoware_msgs/include/autoware_msgs/ImageObj.h
-- Up-to-date: /home/autoware/Autoware/install/autoware_msgs/include/autoware_msgs/DetectedObjectArray.h
-- Up-to-date: /home/autoware/Autoware/install/autoware_msgs/include/autoware_msgs/VehicleStatus.h
-- Up-to-date: /home/autoware/Autoware/install/autoware_msgs/include/autoware_msgs/RemoteCmd.h
-- Up-to-date: /home/autoware/Autoware/install/autoware_msgs/include/autoware_msgs/Gear.h
-- Up-to-date: /home/autoware/Autoware/install/autoware_msgs/include/autoware_msgs/RecognizeLightStateRequest.h
-- Up-to-date: /home/autoware/Autoware/install/autoware_msgs/include/autoware_msgs/DetectedObject.h
-- Up-to-date: /home/autoware/Autoware/install/autoware_msgs/include/autoware_msgs/ImageObjects.h
-- Up-to-date: /home/autoware/Autoware/install/autoware_msgs/include/autoware_msgs/Lane.h
-- Up-to-date: /home/autoware/Autoware/install/autoware_msgs/include/autoware_msgs/ICPStat.h
-- Up-to-date: /home/autoware/Autoware/install/autoware_msgs/share/roseus/ros/autoware_msgs
-- Up-to-date: /home/autoware/Autoware/install/autoware_msgs/share/roseus/ros/autoware_msgs/manifest.l
-- Up-to-date: /home/autoware/Autoware/install/autoware_msgs/share/roseus/ros/autoware_msgs/srv
-- Up-to-date: /home/autoware/Autoware/install/autoware_msgs/share/roseus/ros/autoware_msgs/srv/RecognizeLightState.l
-- Up-to-date: /home/autoware/Autoware/install/autoware_msgs/share/roseus/ros/autoware_msgs/msg
-- Up-to-date: /home/autoware/Autoware/install/autoware_msgs/share/roseus/ros/autoware_msgs/msg/ExtractedPosition.l
-- Up-to-date: /home/autoware/Autoware/install/autoware_msgs/share/roseus/ros/autoware_msgs/msg/ScanImage.l
-- Up-to-date: /home/autoware/Autoware/install/autoware_msgs/share/roseus/ros/autoware_msgs/msg/GeometricRectangle.l
-- Up-to-date: /home/autoware/Autoware/install/autoware_msgs/share/roseus/ros/autoware_msgs/msg/TrafficLightResultArray.l
-- Up-to-date: /home/autoware/Autoware/install/autoware_msgs/share/roseus/ros/autoware_msgs/msg/ObjPose.l
-- Up-to-date: /home/autoware/Autoware/install/autoware_msgs/share/roseus/ros/autoware_msgs/msg/ICPStat.l
-- Up-to-date: /home/autoware/Autoware/install/autoware_msgs/share/roseus/ros/autoware_msgs/msg/Centroids.l
-- Up-to-date: /home/autoware/Autoware/install/autoware_msgs/share/roseus/ros/autoware_msgs/msg/LampCmd.l
-- Up-to-date: /home/autoware/Autoware/install/autoware_msgs/share/roseus/ros/autoware_msgs/msg/Lane.l
-- Up-to-date: /home/autoware/Autoware/install/autoware_msgs/share/roseus/ros/autoware_msgs/msg/SteerCmd.l
-- Up-to-date: /home/autoware/Autoware/install/autoware_msgs/share/roseus/ros/autoware_msgs/msg/WaypointState.l
-- Up-to-date: /home/autoware/Autoware/install/autoware_msgs/share/roseus/ros/autoware_msgs/msg/StateCmd.l
-- Up-to-date: /home/autoware/Autoware/install/autoware_msgs/share/roseus/ros/autoware_msgs/msg/ImageObjects.l
-- Up-to-date: /home/autoware/Autoware/install/autoware_msgs/share/roseus/ros/autoware_msgs/msg/ValueSet.l
-- Up-to-date: /home/autoware/Autoware/install/autoware_msgs/share/roseus/ros/autoware_msgs/msg/ObjLabel.l
-- Up-to-date: /home/autoware/Autoware/install/autoware_msgs/share/roseus/ros/autoware_msgs/msg/TunedResult.l
-- Up-to-date: /home/autoware/Autoware/install/autoware_msgs/share/roseus/ros/autoware_msgs/msg/AccelCmd.l
-- Up-to-date: /home/autoware/Autoware/install/autoware_msgs/share/roseus/ros/autoware_msgs/msg/VehicleStatus.l
-- Up-to-date: /home/autoware/Autoware/install/autoware_msgs/share/roseus/ros/autoware_msgs/msg/NDTStat.l
-- Up-to-date: /home/autoware/Autoware/install/autoware_msgs/share/roseus/ros/autoware_msgs/msg/TrafficLight.l
-- Up-to-date: /home/autoware/Autoware/install/autoware_msgs/share/roseus/ros/autoware_msgs/msg/State.l
-- Up-to-date: /home/autoware/Autoware/install/autoware_msgs/share/roseus/ros/autoware_msgs/msg/BrakeCmd.l
-- Up-to-date: /home/autoware/Autoware/install/autoware_msgs/share/roseus/ros/autoware_msgs/msg/Signals.l
-- Up-to-date: /home/autoware/Autoware/install/autoware_msgs/share/roseus/ros/autoware_msgs/msg/Waypoint.l
-- Up-to-date: /home/autoware/Autoware/install/autoware_msgs/share/roseus/ros/autoware_msgs/msg/SyncTimeDiff.l
-- Up-to-date: /home/autoware/Autoware/install/autoware_msgs/share/roseus/ros/autoware_msgs/msg/DetectedObject.l
-- Up-to-date: /home/autoware/Autoware/install/autoware_msgs/share/roseus/ros/autoware_msgs/msg/ImageObjRanged.l
-- Up-to-date: /home/autoware/Autoware/install/autoware_msgs/share/roseus/ros/autoware_msgs/msg/RemoteCmd.l
-- Up-to-date: /home/autoware/Autoware/install/autoware_msgs/share/roseus/ros/autoware_msgs/msg/ImageObjTracked.l
-- Up-to-date: /home/autoware/Autoware/install/autoware_msgs/share/roseus/ros/autoware_msgs/msg/ImageRectRanged.l
-- Up-to-date: /home/autoware/Autoware/install/autoware_msgs/share/roseus/ros/autoware_msgs/msg/CloudClusterArray.l
-- Up-to-date: /home/autoware/Autoware/install/autoware_msgs/share/roseus/ros/autoware_msgs/msg/VehicleLocation.l
-- Up-to-date: /home/autoware/Autoware/install/autoware_msgs/share/roseus/ros/autoware_msgs/msg/Gear.l
-- Up-to-date: /home/autoware/Autoware/install/autoware_msgs/share/roseus/ros/autoware_msgs/msg/ImageRect.l
-- Up-to-date: /home/autoware/Autoware/install/autoware_msgs/share/roseus/ros/autoware_msgs/msg/DTLane.l
-- Up-to-date: /home/autoware/Autoware/install/autoware_msgs/share/roseus/ros/autoware_msgs/msg/ControlCommand.l
-- Up-to-date: /home/autoware/Autoware/install/autoware_msgs/share/roseus/ros/autoware_msgs/msg/AdjustXY.l
-- Up-to-date: /home/autoware/Autoware/install/autoware_msgs/share/roseus/ros/autoware_msgs/msg/IndicatorCmd.l
-- Up-to-date: /home/autoware/Autoware/install/autoware_msgs/share/roseus/ros/autoware_msgs/msg/ImageLaneObjects.l
-- Up-to-date: /home/autoware/Autoware/install/autoware_msgs/share/roseus/ros/autoware_msgs/msg/TrafficLightResult.l
-- Up-to-date: /home/autoware/Autoware/install/autoware_msgs/share/roseus/ros/autoware_msgs/msg/CloudCluster.l
-- Up-to-date: /home/autoware/Autoware/install/autoware_msgs/share/roseus/ros/autoware_msgs/msg/SyncTimeMonitor.l
-- Up-to-date: /home/autoware/Autoware/install/autoware_msgs/share/roseus/ros/autoware_msgs/msg/ProjectionMatrix.l
-- Up-to-date: /home/autoware/Autoware/install/autoware_msgs/share/roseus/ros/autoware_msgs/msg/VehicleCmd.l
-- Up-to-date: /home/autoware/Autoware/install/autoware_msgs/share/roseus/ros/autoware_msgs/msg/DetectedObjectArray.l
-- Up-to-date: /home/autoware/Autoware/install/autoware_msgs/share/roseus/ros/autoware_msgs/msg/LaneArray.l
-- Up-to-date: /home/autoware/Autoware/install/autoware_msgs/share/roseus/ros/autoware_msgs/msg/PointsImage.l
-- Up-to-date: /home/autoware/Autoware/install/autoware_msgs/share/roseus/ros/autoware_msgs/msg/ColorSet.l
-- Up-to-date: /home/autoware/Autoware/install/autoware_msgs/share/roseus/ros/autoware_msgs/msg/ControlCommandStamped.l
-- Up-to-date: /home/autoware/Autoware/install/autoware_msgs/share/roseus/ros/autoware_msgs/msg/VscanTracked.l
-- Up-to-date: /home/autoware/Autoware/install/autoware_msgs/share/roseus/ros/autoware_msgs/msg/VscanTrackedArray.l
-- Up-to-date: /home/autoware/Autoware/install/autoware_msgs/share/roseus/ros/autoware_msgs/msg/ImageObj.l
-- Up-to-date: /home/autoware/Autoware/install/autoware_msgs/share/common-lisp/ros/autoware_msgs
-- Up-to-date: /home/autoware/Autoware/install/autoware_msgs/share/common-lisp/ros/autoware_msgs/srv
-- Up-to-date: /home/autoware/Autoware/install/autoware_msgs/share/common-lisp/ros/autoware_msgs/srv/autoware_msgs-srv.asd
-- Up-to-date: /home/autoware/Autoware/install/autoware_msgs/share/common-lisp/ros/autoware_msgs/srv/_package_RecognizeLightState.lisp
-- Up-to-date: /home/autoware/Autoware/install/autoware_msgs/share/common-lisp/ros/autoware_msgs/srv/_package.lisp
-- Up-to-date: /home/autoware/Autoware/install/autoware_msgs/share/common-lisp/ros/autoware_msgs/srv/RecognizeLightState.lisp
-- Up-to-date: /home/autoware/Autoware/install/autoware_msgs/share/common-lisp/ros/autoware_msgs/msg
-- Up-to-date: /home/autoware/Autoware/install/autoware_msgs/share/common-lisp/ros/autoware_msgs/msg/ImageObjects.lisp
-- Up-to-date: /home/autoware/Autoware/install/autoware_msgs/share/common-lisp/ros/autoware_msgs/msg/_package_ControlCommand.lisp
-- Up-to-date: /home/autoware/Autoware/install/autoware_msgs/share/common-lisp/ros/autoware_msgs/msg/_package_NDTStat.lisp
-- Up-to-date: /home/autoware/Autoware/install/autoware_msgs/share/common-lisp/ros/autoware_msgs/msg/State.lisp
-- Up-to-date: /home/autoware/Autoware/install/autoware_msgs/share/common-lisp/ros/autoware_msgs/msg/VehicleLocation.lisp
-- Up-to-date: /home/autoware/Autoware/install/autoware_msgs/share/common-lisp/ros/autoware_msgs/msg/_package_LampCmd.lisp
-- Up-to-date: /home/autoware/Autoware/install/autoware_msgs/share/common-lisp/ros/autoware_msgs/msg/ControlCommand.lisp
-- Up-to-date: /home/autoware/Autoware/install/autoware_msgs/share/common-lisp/ros/autoware_msgs/msg/ExtractedPosition.lisp
-- Up-to-date: /home/autoware/Autoware/install/autoware_msgs/share/common-lisp/ros/autoware_msgs/msg/_package_SyncTimeDiff.lisp
-- Up-to-date: /home/autoware/Autoware/install/autoware_msgs/share/common-lisp/ros/autoware_msgs/msg/VscanTrackedArray.lisp
-- Up-to-date: /home/autoware/Autoware/install/autoware_msgs/share/common-lisp/ros/autoware_msgs/msg/_package_VehicleLocation.lisp
-- Up-to-date: /home/autoware/Autoware/install/autoware_msgs/share/common-lisp/ros/autoware_msgs/msg/AccelCmd.lisp
-- Up-to-date: /home/autoware/Autoware/install/autoware_msgs/share/common-lisp/ros/autoware_msgs/msg/TrafficLightResultArray.lisp
-- Up-to-date: /home/autoware/Autoware/install/autoware_msgs/share/common-lisp/ros/autoware_msgs/msg/IndicatorCmd.lisp
-- Up-to-date: /home/autoware/Autoware/install/autoware_msgs/share/common-lisp/ros/autoware_msgs/msg/ICPStat.lisp
-- Up-to-date: /home/autoware/Autoware/install/autoware_msgs/share/common-lisp/ros/autoware_msgs/msg/_package_TrafficLightResultArray.lisp
-- Up-to-date: /home/autoware/Autoware/install/autoware_msgs/share/common-lisp/ros/autoware_msgs/msg/ImageObj.lisp
-- Up-to-date: /home/autoware/Autoware/install/autoware_msgs/share/common-lisp/ros/autoware_msgs/msg/Waypoint.lisp
-- Up-to-date: /home/autoware/Autoware/install/autoware_msgs/share/common-lisp/ros/autoware_msgs/msg/_package_CloudClusterArray.lisp
-- Up-to-date: /home/autoware/Autoware/install/autoware_msgs/share/common-lisp/ros/autoware_msgs/msg/TrafficLightResult.lisp
-- Up-to-date: /home/autoware/Autoware/install/autoware_msgs/share/common-lisp/ros/autoware_msgs/msg/_package_ExtractedPosition.lisp
-- Up-to-date: /home/autoware/Autoware/install/autoware_msgs/share/common-lisp/ros/autoware_msgs/msg/_package_ProjectionMatrix.lisp
-- Up-to-date: /home/autoware/Autoware/install/autoware_msgs/share/common-lisp/ros/autoware_msgs/msg/ValueSet.lisp
-- Up-to-date: /home/autoware/Autoware/install/autoware_msgs/share/common-lisp/ros/autoware_msgs/msg/_package_ImageObjRanged.lisp
-- Up-to-date: /home/autoware/Autoware/install/autoware_msgs/share/common-lisp/ros/autoware_msgs/msg/ImageObjTracked.lisp
-- Up-to-date: /home/autoware/Autoware/install/autoware_msgs/share/common-lisp/ros/autoware_msgs/msg/_package_State.lisp
-- Up-to-date: /home/autoware/Autoware/install/autoware_msgs/share/common-lisp/ros/autoware_msgs/msg/_package_ObjLabel.lisp
-- Up-to-date: /home/autoware/Autoware/install/autoware_msgs/share/common-lisp/ros/autoware_msgs/msg/_package_ImageObjects.lisp
-- Up-to-date: /home/autoware/Autoware/install/autoware_msgs/share/common-lisp/ros/autoware_msgs/msg/_package_TrafficLightResult.lisp
-- Up-to-date: /home/autoware/Autoware/install/autoware_msgs/share/common-lisp/ros/autoware_msgs/msg/VscanTracked.lisp
-- Up-to-date: /home/autoware/Autoware/install/autoware_msgs/share/common-lisp/ros/autoware_msgs/msg/DTLane.lisp
-- Up-to-date: /home/autoware/Autoware/install/autoware_msgs/share/common-lisp/ros/autoware_msgs/msg/_package_TrafficLight.lisp
-- Up-to-date: /home/autoware/Autoware/install/autoware_msgs/share/common-lisp/ros/autoware_msgs/msg/SyncTimeMonitor.lisp
-- Up-to-date: /home/autoware/Autoware/install/autoware_msgs/share/common-lisp/ros/autoware_msgs/msg/StateCmd.lisp
-- Up-to-date: /home/autoware/Autoware/install/autoware_msgs/share/common-lisp/ros/autoware_msgs/msg/ObjPose.lisp
-- Up-to-date: /home/autoware/Autoware/install/autoware_msgs/share/common-lisp/ros/autoware_msgs/msg/ImageLaneObjects.lisp
-- Up-to-date: /home/autoware/Autoware/install/autoware_msgs/share/common-lisp/ros/autoware_msgs/msg/RemoteCmd.lisp
-- Up-to-date: /home/autoware/Autoware/install/autoware_msgs/share/common-lisp/ros/autoware_msgs/msg/_package.lisp
-- Up-to-date: /home/autoware/Autoware/install/autoware_msgs/share/common-lisp/ros/autoware_msgs/msg/DetectedObjectArray.lisp
-- Up-to-date: /home/autoware/Autoware/install/autoware_msgs/share/common-lisp/ros/autoware_msgs/msg/ImageRectRanged.lisp
-- Up-to-date: /home/autoware/Autoware/install/autoware_msgs/share/common-lisp/ros/autoware_msgs/msg/_package_Waypoint.lisp
-- Up-to-date: /home/autoware/Autoware/install/autoware_msgs/share/common-lisp/ros/autoware_msgs/msg/_package_Centroids.lisp
-- Up-to-date: /home/autoware/Autoware/install/autoware_msgs/share/common-lisp/ros/autoware_msgs/msg/_package_SyncTimeMonitor.lisp
-- Up-to-date: /home/autoware/Autoware/install/autoware_msgs/share/common-lisp/ros/autoware_msgs/msg/BrakeCmd.lisp
-- Up-to-date: /home/autoware/Autoware/install/autoware_msgs/share/common-lisp/ros/autoware_msgs/msg/ProjectionMatrix.lisp
-- Up-to-date: /home/autoware/Autoware/install/autoware_msgs/share/common-lisp/ros/autoware_msgs/msg/_package_ScanImage.lisp
-- Up-to-date: /home/autoware/Autoware/install/autoware_msgs/share/common-lisp/ros/autoware_msgs/msg/_package_PointsImage.lisp
-- Up-to-date: /home/autoware/Autoware/install/autoware_msgs/share/common-lisp/ros/autoware_msgs/msg/ImageObjRanged.lisp
-- Up-to-date: /home/autoware/Autoware/install/autoware_msgs/share/common-lisp/ros/autoware_msgs/msg/_package_AdjustXY.lisp
-- Up-to-date: /home/autoware/Autoware/install/autoware_msgs/share/common-lisp/ros/autoware_msgs/msg/SyncTimeDiff.lisp
-- Up-to-date: /home/autoware/Autoware/install/autoware_msgs/share/common-lisp/ros/autoware_msgs/msg/_package_WaypointState.lisp
-- Up-to-date: /home/autoware/Autoware/install/autoware_msgs/share/common-lisp/ros/autoware_msgs/msg/autoware_msgs-msg.asd
-- Up-to-date: /home/autoware/Autoware/install/autoware_msgs/share/common-lisp/ros/autoware_msgs/msg/Signals.lisp
-- Up-to-date: /home/autoware/Autoware/install/autoware_msgs/share/common-lisp/ros/autoware_msgs/msg/CloudClusterArray.lisp
-- Up-to-date: /home/autoware/Autoware/install/autoware_msgs/share/common-lisp/ros/autoware_msgs/msg/_package_VehicleCmd.lisp
-- Up-to-date: /home/autoware/Autoware/install/autoware_msgs/share/common-lisp/ros/autoware_msgs/msg/_package_ImageRectRanged.lisp
-- Up-to-date: /home/autoware/Autoware/install/autoware_msgs/share/common-lisp/ros/autoware_msgs/msg/_package_Signals.lisp
-- Up-to-date: /home/autoware/Autoware/install/autoware_msgs/share/common-lisp/ros/autoware_msgs/msg/_package_StateCmd.lisp
-- Up-to-date: /home/autoware/Autoware/install/autoware_msgs/share/common-lisp/ros/autoware_msgs/msg/ColorSet.lisp
-- Up-to-date: /home/autoware/Autoware/install/autoware_msgs/share/common-lisp/ros/autoware_msgs/msg/_package_ControlCommandStamped.lisp
-- Up-to-date: /home/autoware/Autoware/install/autoware_msgs/share/common-lisp/ros/autoware_msgs/msg/_package_ImageObjTracked.lisp
-- Up-to-date: /home/autoware/Autoware/install/autoware_msgs/share/common-lisp/ros/autoware_msgs/msg/_package_ColorSet.lisp
-- Up-to-date: /home/autoware/Autoware/install/autoware_msgs/share/common-lisp/ros/autoware_msgs/msg/Gear.lisp
-- Up-to-date: /home/autoware/Autoware/install/autoware_msgs/share/common-lisp/ros/autoware_msgs/msg/ScanImage.lisp
-- Up-to-date: /home/autoware/Autoware/install/autoware_msgs/share/common-lisp/ros/autoware_msgs/msg/CloudCluster.lisp
-- Up-to-date: /home/autoware/Autoware/install/autoware_msgs/share/common-lisp/ros/autoware_msgs/msg/ObjLabel.lisp
-- Up-to-date: /home/autoware/Autoware/install/autoware_msgs/share/common-lisp/ros/autoware_msgs/msg/_package_CloudCluster.lisp
-- Up-to-date: /home/autoware/Autoware/install/autoware_msgs/share/common-lisp/ros/autoware_msgs/msg/DetectedObject.lisp
-- Up-to-date: /home/autoware/Autoware/install/autoware_msgs/share/common-lisp/ros/autoware_msgs/msg/_package_DetectedObject.lisp
-- Up-to-date: /home/autoware/Autoware/install/autoware_msgs/share/common-lisp/ros/autoware_msgs/msg/LampCmd.lisp
-- Up-to-date: /home/autoware/Autoware/install/autoware_msgs/share/common-lisp/ros/autoware_msgs/msg/VehicleCmd.lisp
-- Up-to-date: /home/autoware/Autoware/install/autoware_msgs/share/common-lisp/ros/autoware_msgs/msg/WaypointState.lisp
-- Up-to-date: /home/autoware/Autoware/install/autoware_msgs/share/common-lisp/ros/autoware_msgs/msg/ControlCommandStamped.lisp
-- Up-to-date: /home/autoware/Autoware/install/autoware_msgs/share/common-lisp/ros/autoware_msgs/msg/_package_VehicleStatus.lisp
-- Up-to-date: /home/autoware/Autoware/install/autoware_msgs/share/common-lisp/ros/autoware_msgs/msg/VehicleStatus.lisp
-- Up-to-date: /home/autoware/Autoware/install/autoware_msgs/share/common-lisp/ros/autoware_msgs/msg/NDTStat.lisp
-- Up-to-date: /home/autoware/Autoware/install/autoware_msgs/share/common-lisp/ros/autoware_msgs/msg/_package_Gear.lisp
-- Up-to-date: /home/autoware/Autoware/install/autoware_msgs/share/common-lisp/ros/autoware_msgs/msg/_package_AccelCmd.lisp
-- Up-to-date: /home/autoware/Autoware/install/autoware_msgs/share/common-lisp/ros/autoware_msgs/msg/_package_BrakeCmd.lisp
-- Up-to-date: /home/autoware/Autoware/install/autoware_msgs/share/common-lisp/ros/autoware_msgs/msg/_package_VscanTrackedArray.lisp
-- Up-to-date: /home/autoware/Autoware/install/autoware_msgs/share/common-lisp/ros/autoware_msgs/msg/GeometricRectangle.lisp
-- Up-to-date: /home/autoware/Autoware/install/autoware_msgs/share/common-lisp/ros/autoware_msgs/msg/_package_TunedResult.lisp
-- Up-to-date: /home/autoware/Autoware/install/autoware_msgs/share/common-lisp/ros/autoware_msgs/msg/_package_IndicatorCmd.lisp
-- Up-to-date: /home/autoware/Autoware/install/autoware_msgs/share/common-lisp/ros/autoware_msgs/msg/_package_ImageObj.lisp
-- Up-to-date: /home/autoware/Autoware/install/autoware_msgs/share/common-lisp/ros/autoware_msgs/msg/ImageRect.lisp
-- Up-to-date: /home/autoware/Autoware/install/autoware_msgs/share/common-lisp/ros/autoware_msgs/msg/_package_GeometricRectangle.lisp
-- Up-to-date: /home/autoware/Autoware/install/autoware_msgs/share/common-lisp/ros/autoware_msgs/msg/PointsImage.lisp
-- Up-to-date: /home/autoware/Autoware/install/autoware_msgs/share/common-lisp/ros/autoware_msgs/msg/Lane.lisp
-- Up-to-date: /home/autoware/Autoware/install/autoware_msgs/share/common-lisp/ros/autoware_msgs/msg/_package_Lane.lisp
-- Up-to-date: /home/autoware/Autoware/install/autoware_msgs/share/common-lisp/ros/autoware_msgs/msg/SteerCmd.lisp
-- Up-to-date: /home/autoware/Autoware/install/autoware_msgs/share/common-lisp/ros/autoware_msgs/msg/_package_ValueSet.lisp
-- Up-to-date: /home/autoware/Autoware/install/autoware_msgs/share/common-lisp/ros/autoware_msgs/msg/_package_ImageRect.lisp
-- Up-to-date: /home/autoware/Autoware/install/autoware_msgs/share/common-lisp/ros/autoware_msgs/msg/_package_ObjPose.lisp
-- Up-to-date: /home/autoware/Autoware/install/autoware_msgs/share/common-lisp/ros/autoware_msgs/msg/LaneArray.lisp
-- Up-to-date: /home/autoware/Autoware/install/autoware_msgs/share/common-lisp/ros/autoware_msgs/msg/_package_VscanTracked.lisp
-- Up-to-date: /home/autoware/Autoware/install/autoware_msgs/share/common-lisp/ros/autoware_msgs/msg/_package_DTLane.lisp
-- Up-to-date: /home/autoware/Autoware/install/autoware_msgs/share/common-lisp/ros/autoware_msgs/msg/AdjustXY.lisp
-- Up-to-date: /home/autoware/Autoware/install/autoware_msgs/share/common-lisp/ros/autoware_msgs/msg/TunedResult.lisp
-- Up-to-date: /home/autoware/Autoware/install/autoware_msgs/share/common-lisp/ros/autoware_msgs/msg/_package_SteerCmd.lisp
-- Up-to-date: /home/autoware/Autoware/install/autoware_msgs/share/common-lisp/ros/autoware_msgs/msg/Centroids.lisp
-- Up-to-date: /home/autoware/Autoware/install/autoware_msgs/share/common-lisp/ros/autoware_msgs/msg/_package_ICPStat.lisp
-- Up-to-date: /home/autoware/Autoware/install/autoware_msgs/share/common-lisp/ros/autoware_msgs/msg/TrafficLight.lisp
-- Up-to-date: /home/autoware/Autoware/install/autoware_msgs/share/common-lisp/ros/autoware_msgs/msg/_package_DetectedObjectArray.lisp
-- Up-to-date: /home/autoware/Autoware/install/autoware_msgs/share/common-lisp/ros/autoware_msgs/msg/_package_ImageLaneObjects.lisp
-- Up-to-date: /home/autoware/Autoware/install/autoware_msgs/share/common-lisp/ros/autoware_msgs/msg/_package_LaneArray.lisp
-- Up-to-date: /home/autoware/Autoware/install/autoware_msgs/share/common-lisp/ros/autoware_msgs/msg/_package_RemoteCmd.lisp
-- Up-to-date: /home/autoware/Autoware/install/autoware_msgs/share/gennodejs/ros/autoware_msgs
-- Up-to-date: /home/autoware/Autoware/install/autoware_msgs/share/gennodejs/ros/autoware_msgs/srv
-- Up-to-date: /home/autoware/Autoware/install/autoware_msgs/share/gennodejs/ros/autoware_msgs/srv/_index.js
-- Up-to-date: /home/autoware/Autoware/install/autoware_msgs/share/gennodejs/ros/autoware_msgs/srv/RecognizeLightState.js
-- Up-to-date: /home/autoware/Autoware/install/autoware_msgs/share/gennodejs/ros/autoware_msgs/_index.js
-- Up-to-date: /home/autoware/Autoware/install/autoware_msgs/share/gennodejs/ros/autoware_msgs/msg
-- Up-to-date: /home/autoware/Autoware/install/autoware_msgs/share/gennodejs/ros/autoware_msgs/msg/VscanTrackedArray.js
-- Up-to-date: /home/autoware/Autoware/install/autoware_msgs/share/gennodejs/ros/autoware_msgs/msg/ScanImage.js
-- Up-to-date: /home/autoware/Autoware/install/autoware_msgs/share/gennodejs/ros/autoware_msgs/msg/LaneArray.js
-- Up-to-date: /home/autoware/Autoware/install/autoware_msgs/share/gennodejs/ros/autoware_msgs/msg/StateCmd.js
-- Up-to-date: /home/autoware/Autoware/install/autoware_msgs/share/gennodejs/ros/autoware_msgs/msg/SteerCmd.js
-- Up-to-date: /home/autoware/Autoware/install/autoware_msgs/share/gennodejs/ros/autoware_msgs/msg/GeometricRectangle.js
-- Up-to-date: /home/autoware/Autoware/install/autoware_msgs/share/gennodejs/ros/autoware_msgs/msg/CloudClusterArray.js
-- Up-to-date: /home/autoware/Autoware/install/autoware_msgs/share/gennodejs/ros/autoware_msgs/msg/IndicatorCmd.js
-- Up-to-date: /home/autoware/Autoware/install/autoware_msgs/share/gennodejs/ros/autoware_msgs/msg/TrafficLight.js
-- Up-to-date: /home/autoware/Autoware/install/autoware_msgs/share/gennodejs/ros/autoware_msgs/msg/AdjustXY.js
-- Up-to-date: /home/autoware/Autoware/install/autoware_msgs/share/gennodejs/ros/autoware_msgs/msg/ControlCommand.js
-- Up-to-date: /home/autoware/Autoware/install/autoware_msgs/share/gennodejs/ros/autoware_msgs/msg/ImageRectRanged.js
-- Up-to-date: /home/autoware/Autoware/install/autoware_msgs/share/gennodejs/ros/autoware_msgs/msg/Lane.js
-- Up-to-date: /home/autoware/Autoware/install/autoware_msgs/share/gennodejs/ros/autoware_msgs/msg/ExtractedPosition.js
-- Up-to-date: /home/autoware/Autoware/install/autoware_msgs/share/gennodejs/ros/autoware_msgs/msg/WaypointState.js
-- Up-to-date: /home/autoware/Autoware/install/autoware_msgs/share/gennodejs/ros/autoware_msgs/msg/PointsImage.js
-- Up-to-date: /home/autoware/Autoware/install/autoware_msgs/share/gennodejs/ros/autoware_msgs/msg/ValueSet.js
-- Up-to-date: /home/autoware/Autoware/install/autoware_msgs/share/gennodejs/ros/autoware_msgs/msg/TrafficLightResultArray.js
-- Up-to-date: /home/autoware/Autoware/install/autoware_msgs/share/gennodejs/ros/autoware_msgs/msg/TunedResult.js
-- Up-to-date: /home/autoware/Autoware/install/autoware_msgs/share/gennodejs/ros/autoware_msgs/msg/NDTStat.js
-- Up-to-date: /home/autoware/Autoware/install/autoware_msgs/share/gennodejs/ros/autoware_msgs/msg/DetectedObjectArray.js
-- Up-to-date: /home/autoware/Autoware/install/autoware_msgs/share/gennodejs/ros/autoware_msgs/msg/ControlCommandStamped.js
-- Up-to-date: /home/autoware/Autoware/install/autoware_msgs/share/gennodejs/ros/autoware_msgs/msg/ImageObjects.js
-- Up-to-date: /home/autoware/Autoware/install/autoware_msgs/share/gennodejs/ros/autoware_msgs/msg/VscanTracked.js
-- Up-to-date: /home/autoware/Autoware/install/autoware_msgs/share/gennodejs/ros/autoware_msgs/msg/VehicleLocation.js
-- Up-to-date: /home/autoware/Autoware/install/autoware_msgs/share/gennodejs/ros/autoware_msgs/msg/ICPStat.js
-- Up-to-date: /home/autoware/Autoware/install/autoware_msgs/share/gennodejs/ros/autoware_msgs/msg/ImageObjTracked.js
-- Up-to-date: /home/autoware/Autoware/install/autoware_msgs/share/gennodejs/ros/autoware_msgs/msg/ColorSet.js
-- Up-to-date: /home/autoware/Autoware/install/autoware_msgs/share/gennodejs/ros/autoware_msgs/msg/ImageLaneObjects.js
-- Up-to-date: /home/autoware/Autoware/install/autoware_msgs/share/gennodejs/ros/autoware_msgs/msg/ImageRect.js
-- Up-to-date: /home/autoware/Autoware/install/autoware_msgs/share/gennodejs/ros/autoware_msgs/msg/DTLane.js
-- Up-to-date: /home/autoware/Autoware/install/autoware_msgs/share/gennodejs/ros/autoware_msgs/msg/RemoteCmd.js
-- Up-to-date: /home/autoware/Autoware/install/autoware_msgs/share/gennodejs/ros/autoware_msgs/msg/AccelCmd.js
-- Up-to-date: /home/autoware/Autoware/install/autoware_msgs/share/gennodejs/ros/autoware_msgs/msg/TrafficLightResult.js
-- Up-to-date: /home/autoware/Autoware/install/autoware_msgs/share/gennodejs/ros/autoware_msgs/msg/State.js
-- Up-to-date: /home/autoware/Autoware/install/autoware_msgs/share/gennodejs/ros/autoware_msgs/msg/VehicleStatus.js
-- Up-to-date: /home/autoware/Autoware/install/autoware_msgs/share/gennodejs/ros/autoware_msgs/msg/CloudCluster.js
-- Up-to-date: /home/autoware/Autoware/install/autoware_msgs/share/gennodejs/ros/autoware_msgs/msg/ObjPose.js
-- Up-to-date: /home/autoware/Autoware/install/autoware_msgs/share/gennodejs/ros/autoware_msgs/msg/ImageObj.js
-- Up-to-date: /home/autoware/Autoware/install/autoware_msgs/share/gennodejs/ros/autoware_msgs/msg/ProjectionMatrix.js
-- Up-to-date: /home/autoware/Autoware/install/autoware_msgs/share/gennodejs/ros/autoware_msgs/msg/Signals.js
-- Up-to-date: /home/autoware/Autoware/install/autoware_msgs/share/gennodejs/ros/autoware_msgs/msg/Gear.js
-- Up-to-date: /home/autoware/Autoware/install/autoware_msgs/share/gennodejs/ros/autoware_msgs/msg/_index.js
-- Up-to-date: /home/autoware/Autoware/install/autoware_msgs/share/gennodejs/ros/autoware_msgs/msg/Waypoint.js
-- Up-to-date: /home/autoware/Autoware/install/autoware_msgs/share/gennodejs/ros/autoware_msgs/msg/DetectedObject.js
-- Up-to-date: /home/autoware/Autoware/install/autoware_msgs/share/gennodejs/ros/autoware_msgs/msg/BrakeCmd.js
-- Up-to-date: /home/autoware/Autoware/install/autoware_msgs/share/gennodejs/ros/autoware_msgs/msg/SyncTimeDiff.js
-- Up-to-date: /home/autoware/Autoware/install/autoware_msgs/share/gennodejs/ros/autoware_msgs/msg/SyncTimeMonitor.js
-- Up-to-date: /home/autoware/Autoware/install/autoware_msgs/share/gennodejs/ros/autoware_msgs/msg/ObjLabel.js
-- Up-to-date: /home/autoware/Autoware/install/autoware_msgs/share/gennodejs/ros/autoware_msgs/msg/LampCmd.js
-- Up-to-date: /home/autoware/Autoware/install/autoware_msgs/share/gennodejs/ros/autoware_msgs/msg/VehicleCmd.js
-- Up-to-date: /home/autoware/Autoware/install/autoware_msgs/share/gennodejs/ros/autoware_msgs/msg/ImageObjRanged.js
-- Up-to-date: /home/autoware/Autoware/install/autoware_msgs/share/gennodejs/ros/autoware_msgs/msg/Centroids.js
Listing /home/autoware/Autoware/build/autoware_msgs/devel/lib/python2.7/dist-packages/autoware_msgs ...
Listing /home/autoware/Autoware/build/autoware_msgs/devel/lib/python2.7/dist-packages/autoware_msgs/msg ...
Listing /home/autoware/Autoware/build/autoware_msgs/devel/lib/python2.7/dist-packages/autoware_msgs/srv ...
-- Up-to-date: /home/autoware/Autoware/install/autoware_msgs/lib/python2.7/dist-packages/autoware_msgs
-- Up-to-date: /home/autoware/Autoware/install/autoware_msgs/lib/python2.7/dist-packages/autoware_msgs/__init__.pyc
-- Up-to-date: /home/autoware/Autoware/install/autoware_msgs/lib/python2.7/dist-packages/autoware_msgs/srv
-- Up-to-date: /home/autoware/Autoware/install/autoware_msgs/lib/python2.7/dist-packages/autoware_msgs/srv/__init__.pyc
-- Up-to-date: /home/autoware/Autoware/install/autoware_msgs/lib/python2.7/dist-packages/autoware_msgs/srv/_RecognizeLightState.py
-- Up-to-date: /home/autoware/Autoware/install/autoware_msgs/lib/python2.7/dist-packages/autoware_msgs/srv/__init__.py
-- Up-to-date: /home/autoware/Autoware/install/autoware_msgs/lib/python2.7/dist-packages/autoware_msgs/srv/_RecognizeLightState.pyc
-- Up-to-date: /home/autoware/Autoware/install/autoware_msgs/lib/python2.7/dist-packages/autoware_msgs/__init__.py
-- Up-to-date: /home/autoware/Autoware/install/autoware_msgs/lib/python2.7/dist-packages/autoware_msgs/msg
-- Up-to-date: /home/autoware/Autoware/install/autoware_msgs/lib/python2.7/dist-packages/autoware_msgs/msg/_ValueSet.pyc
-- Up-to-date: /home/autoware/Autoware/install/autoware_msgs/lib/python2.7/dist-packages/autoware_msgs/msg/_ControlCommandStamped.py
-- Up-to-date: /home/autoware/Autoware/install/autoware_msgs/lib/python2.7/dist-packages/autoware_msgs/msg/_Gear.pyc
-- Up-to-date: /home/autoware/Autoware/install/autoware_msgs/lib/python2.7/dist-packages/autoware_msgs/msg/_ObjPose.pyc
-- Up-to-date: /home/autoware/Autoware/install/autoware_msgs/lib/python2.7/dist-packages/autoware_msgs/msg/_Lane.py
-- Up-to-date: /home/autoware/Autoware/install/autoware_msgs/lib/python2.7/dist-packages/autoware_msgs/msg/_RemoteCmd.pyc
-- Up-to-date: /home/autoware/Autoware/install/autoware_msgs/lib/python2.7/dist-packages/autoware_msgs/msg/_AccelCmd.pyc
-- Up-to-date: /home/autoware/Autoware/install/autoware_msgs/lib/python2.7/dist-packages/autoware_msgs/msg/_NDTStat.py
-- Up-to-date: /home/autoware/Autoware/install/autoware_msgs/lib/python2.7/dist-packages/autoware_msgs/msg/_LaneArray.pyc
-- Up-to-date: /home/autoware/Autoware/install/autoware_msgs/lib/python2.7/dist-packages/autoware_msgs/msg/__init__.pyc
-- Up-to-date: /home/autoware/Autoware/install/autoware_msgs/lib/python2.7/dist-packages/autoware_msgs/msg/_Centroids.py
-- Up-to-date: /home/autoware/Autoware/install/autoware_msgs/lib/python2.7/dist-packages/autoware_msgs/msg/_ImageObjTracked.pyc
-- Up-to-date: /home/autoware/Autoware/install/autoware_msgs/lib/python2.7/dist-packages/autoware_msgs/msg/_ControlCommand.pyc
-- Up-to-date: /home/autoware/Autoware/install/autoware_msgs/lib/python2.7/dist-packages/autoware_msgs/msg/_ImageObj.pyc
-- Up-to-date: /home/autoware/Autoware/install/autoware_msgs/lib/python2.7/dist-packages/autoware_msgs/msg/_LampCmd.pyc
-- Up-to-date: /home/autoware/Autoware/install/autoware_msgs/lib/python2.7/dist-packages/autoware_msgs/msg/_StateCmd.py
-- Up-to-date: /home/autoware/Autoware/install/autoware_msgs/lib/python2.7/dist-packages/autoware_msgs/msg/_VehicleCmd.pyc
-- Up-to-date: /home/autoware/Autoware/install/autoware_msgs/lib/python2.7/dist-packages/autoware_msgs/msg/_BrakeCmd.pyc
-- Up-to-date: /home/autoware/Autoware/install/autoware_msgs/lib/python2.7/dist-packages/autoware_msgs/msg/_IndicatorCmd.pyc
-- Up-to-date: /home/autoware/Autoware/install/autoware_msgs/lib/python2.7/dist-packages/autoware_msgs/msg/_DetectedObjectArray.py
-- Up-to-date: /home/autoware/Autoware/install/autoware_msgs/lib/python2.7/dist-packages/autoware_msgs/msg/_WaypointState.py
-- Up-to-date: /home/autoware/Autoware/install/autoware_msgs/lib/python2.7/dist-packages/autoware_msgs/msg/_CloudCluster.py
-- Up-to-date: /home/autoware/Autoware/install/autoware_msgs/lib/python2.7/dist-packages/autoware_msgs/msg/_AccelCmd.py
-- Up-to-date: /home/autoware/Autoware/install/autoware_msgs/lib/python2.7/dist-packages/autoware_msgs/msg/_AdjustXY.py
-- Up-to-date: /home/autoware/Autoware/install/autoware_msgs/lib/python2.7/dist-packages/autoware_msgs/msg/_ValueSet.py
-- Up-to-date: /home/autoware/Autoware/install/autoware_msgs/lib/python2.7/dist-packages/autoware_msgs/msg/_Signals.py
-- Up-to-date: /home/autoware/Autoware/install/autoware_msgs/lib/python2.7/dist-packages/autoware_msgs/msg/_VehicleCmd.py
-- Up-to-date: /home/autoware/Autoware/install/autoware_msgs/lib/python2.7/dist-packages/autoware_msgs/msg/_ImageObjRanged.pyc
-- Up-to-date: /home/autoware/Autoware/install/autoware_msgs/lib/python2.7/dist-packages/autoware_msgs/msg/_TrafficLightResult.pyc
-- Up-to-date: /home/autoware/Autoware/install/autoware_msgs/lib/python2.7/dist-packages/autoware_msgs/msg/_WaypointState.pyc
-- Up-to-date: /home/autoware/Autoware/install/autoware_msgs/lib/python2.7/dist-packages/autoware_msgs/msg/_LampCmd.py
-- Up-to-date: /home/autoware/Autoware/install/autoware_msgs/lib/python2.7/dist-packages/autoware_msgs/msg/_ObjLabel.pyc
-- Up-to-date: /home/autoware/Autoware/install/autoware_msgs/lib/python2.7/dist-packages/autoware_msgs/msg/_Lane.pyc
-- Up-to-date: /home/autoware/Autoware/install/autoware_msgs/lib/python2.7/dist-packages/autoware_msgs/msg/_ImageRectRanged.pyc
-- Up-to-date: /home/autoware/Autoware/install/autoware_msgs/lib/python2.7/dist-packages/autoware_msgs/msg/_DTLane.py
-- Up-to-date: /home/autoware/Autoware/install/autoware_msgs/lib/python2.7/dist-packages/autoware_msgs/msg/_CloudClusterArray.py
-- Up-to-date: /home/autoware/Autoware/install/autoware_msgs/lib/python2.7/dist-packages/autoware_msgs/msg/_VscanTrackedArray.pyc
-- Up-to-date: /home/autoware/Autoware/install/autoware_msgs/lib/python2.7/dist-packages/autoware_msgs/msg/_Gear.py
-- Up-to-date: /home/autoware/Autoware/install/autoware_msgs/lib/python2.7/dist-packages/autoware_msgs/msg/_ColorSet.pyc
-- Up-to-date: /home/autoware/Autoware/install/autoware_msgs/lib/python2.7/dist-packages/autoware_msgs/msg/_GeometricRectangle.pyc
-- Up-to-date: /home/autoware/Autoware/install/autoware_msgs/lib/python2.7/dist-packages/autoware_msgs/msg/_VscanTracked.py
-- Up-to-date: /home/autoware/Autoware/install/autoware_msgs/lib/python2.7/dist-packages/autoware_msgs/msg/_ImageRectRanged.py
-- Up-to-date: /home/autoware/Autoware/install/autoware_msgs/lib/python2.7/dist-packages/autoware_msgs/msg/_CloudClusterArray.pyc
-- Up-to-date: /home/autoware/Autoware/install/autoware_msgs/lib/python2.7/dist-packages/autoware_msgs/msg/_LaneArray.py
-- Up-to-date: /home/autoware/Autoware/install/autoware_msgs/lib/python2.7/dist-packages/autoware_msgs/msg/_VehicleLocation.pyc
-- Up-to-date: /home/autoware/Autoware/install/autoware_msgs/lib/python2.7/dist-packages/autoware_msgs/msg/_VehicleStatus.py
-- Up-to-date: /home/autoware/Autoware/install/autoware_msgs/lib/python2.7/dist-packages/autoware_msgs/msg/_State.pyc
-- Up-to-date: /home/autoware/Autoware/install/autoware_msgs/lib/python2.7/dist-packages/autoware_msgs/msg/_NDTStat.pyc
-- Up-to-date: /home/autoware/Autoware/install/autoware_msgs/lib/python2.7/dist-packages/autoware_msgs/msg/_ProjectionMatrix.py
-- Up-to-date: /home/autoware/Autoware/install/autoware_msgs/lib/python2.7/dist-packages/autoware_msgs/msg/_ObjPose.py
-- Up-to-date: /home/autoware/Autoware/install/autoware_msgs/lib/python2.7/dist-packages/autoware_msgs/msg/_ImageRect.pyc
-- Up-to-date: /home/autoware/Autoware/install/autoware_msgs/lib/python2.7/dist-packages/autoware_msgs/msg/_SyncTimeMonitor.pyc
-- Up-to-date: /home/autoware/Autoware/install/autoware_msgs/lib/python2.7/dist-packages/autoware_msgs/msg/_ImageObjRanged.py
-- Up-to-date: /home/autoware/Autoware/install/autoware_msgs/lib/python2.7/dist-packages/autoware_msgs/msg/_StateCmd.pyc
-- Up-to-date: /home/autoware/Autoware/install/autoware_msgs/lib/python2.7/dist-packages/autoware_msgs/msg/_ImageLaneObjects.py
-- Up-to-date: /home/autoware/Autoware/install/autoware_msgs/lib/python2.7/dist-packages/autoware_msgs/msg/_State.py
-- Up-to-date: /home/autoware/Autoware/install/autoware_msgs/lib/python2.7/dist-packages/autoware_msgs/msg/_SyncTimeMonitor.py
-- Up-to-date: /home/autoware/Autoware/install/autoware_msgs/lib/python2.7/dist-packages/autoware_msgs/msg/_TrafficLight.pyc
-- Up-to-date: /home/autoware/Autoware/install/autoware_msgs/lib/python2.7/dist-packages/autoware_msgs/msg/_TrafficLightResultArray.py
-- Up-to-date: /home/autoware/Autoware/install/autoware_msgs/lib/python2.7/dist-packages/autoware_msgs/msg/_DetectedObjectArray.pyc
-- Up-to-date: /home/autoware/Autoware/install/autoware_msgs/lib/python2.7/dist-packages/autoware_msgs/msg/_VehicleStatus.pyc
-- Up-to-date: /home/autoware/Autoware/install/autoware_msgs/lib/python2.7/dist-packages/autoware_msgs/msg/_ProjectionMatrix.pyc
-- Up-to-date: /home/autoware/Autoware/install/autoware_msgs/lib/python2.7/dist-packages/autoware_msgs/msg/_TunedResult.pyc
-- Up-to-date: /home/autoware/Autoware/install/autoware_msgs/lib/python2.7/dist-packages/autoware_msgs/msg/_TrafficLightResult.py
-- Up-to-date: /home/autoware/Autoware/install/autoware_msgs/lib/python2.7/dist-packages/autoware_msgs/msg/_ObjLabel.py
-- Up-to-date: /home/autoware/Autoware/install/autoware_msgs/lib/python2.7/dist-packages/autoware_msgs/msg/_AdjustXY.pyc
-- Up-to-date: /home/autoware/Autoware/install/autoware_msgs/lib/python2.7/dist-packages/autoware_msgs/msg/_GeometricRectangle.py
-- Up-to-date: /home/autoware/Autoware/install/autoware_msgs/lib/python2.7/dist-packages/autoware_msgs/msg/_ICPStat.py
-- Up-to-date: /home/autoware/Autoware/install/autoware_msgs/lib/python2.7/dist-packages/autoware_msgs/msg/_Waypoint.py
-- Up-to-date: /home/autoware/Autoware/install/autoware_msgs/lib/python2.7/dist-packages/autoware_msgs/msg/_VscanTracked.pyc
-- Up-to-date: /home/autoware/Autoware/install/autoware_msgs/lib/python2.7/dist-packages/autoware_msgs/msg/_ControlCommand.py
-- Up-to-date: /home/autoware/Autoware/install/autoware_msgs/lib/python2.7/dist-packages/autoware_msgs/msg/_TrafficLight.py
-- Up-to-date: /home/autoware/Autoware/install/autoware_msgs/lib/python2.7/dist-packages/autoware_msgs/msg/_ImageObjects.py
-- Up-to-date: /home/autoware/Autoware/install/autoware_msgs/lib/python2.7/dist-packages/autoware_msgs/msg/_Signals.pyc
-- Up-to-date: /home/autoware/Autoware/install/autoware_msgs/lib/python2.7/dist-packages/autoware_msgs/msg/_ImageRect.py
-- Up-to-date: /home/autoware/Autoware/install/autoware_msgs/lib/python2.7/dist-packages/autoware_msgs/msg/_Centroids.pyc
-- Up-to-date: /home/autoware/Autoware/install/autoware_msgs/lib/python2.7/dist-packages/autoware_msgs/msg/_RemoteCmd.py
-- Up-to-date: /home/autoware/Autoware/install/autoware_msgs/lib/python2.7/dist-packages/autoware_msgs/msg/_ImageObj.py
-- Up-to-date: /home/autoware/Autoware/install/autoware_msgs/lib/python2.7/dist-packages/autoware_msgs/msg/_ScanImage.py
-- Up-to-date: /home/autoware/Autoware/install/autoware_msgs/lib/python2.7/dist-packages/autoware_msgs/msg/_TrafficLightResultArray.pyc
-- Up-to-date: /home/autoware/Autoware/install/autoware_msgs/lib/python2.7/dist-packages/autoware_msgs/msg/_ExtractedPosition.pyc
-- Up-to-date: /home/autoware/Autoware/install/autoware_msgs/lib/python2.7/dist-packages/autoware_msgs/msg/__init__.py
-- Up-to-date: /home/autoware/Autoware/install/autoware_msgs/lib/python2.7/dist-packages/autoware_msgs/msg/_SyncTimeDiff.py
-- Up-to-date: /home/autoware/Autoware/install/autoware_msgs/lib/python2.7/dist-packages/autoware_msgs/msg/_Waypoint.pyc
-- Up-to-date: /home/autoware/Autoware/install/autoware_msgs/lib/python2.7/dist-packages/autoware_msgs/msg/_DetectedObject.py
-- Up-to-date: /home/autoware/Autoware/install/autoware_msgs/lib/python2.7/dist-packages/autoware_msgs/msg/_IndicatorCmd.py
-- Up-to-date: /home/autoware/Autoware/install/autoware_msgs/lib/python2.7/dist-packages/autoware_msgs/msg/_DetectedObject.pyc
-- Up-to-date: /home/autoware/Autoware/install/autoware_msgs/lib/python2.7/dist-packages/autoware_msgs/msg/_SyncTimeDiff.pyc
-- Up-to-date: /home/autoware/Autoware/install/autoware_msgs/lib/python2.7/dist-packages/autoware_msgs/msg/_ScanImage.pyc
-- Up-to-date: /home/autoware/Autoware/install/autoware_msgs/lib/python2.7/dist-packages/autoware_msgs/msg/_PointsImage.py
-- Up-to-date: /home/autoware/Autoware/install/autoware_msgs/lib/python2.7/dist-packages/autoware_msgs/msg/_PointsImage.pyc
-- Up-to-date: /home/autoware/Autoware/install/autoware_msgs/lib/python2.7/dist-packages/autoware_msgs/msg/_TunedResult.py
-- Up-to-date: /home/autoware/Autoware/install/autoware_msgs/lib/python2.7/dist-packages/autoware_msgs/msg/_BrakeCmd.py
-- Up-to-date: /home/autoware/Autoware/install/autoware_msgs/lib/python2.7/dist-packages/autoware_msgs/msg/_CloudCluster.pyc
-- Up-to-date: /home/autoware/Autoware/install/autoware_msgs/lib/python2.7/dist-packages/autoware_msgs/msg/_SteerCmd.pyc
-- Up-to-date: /home/autoware/Autoware/install/autoware_msgs/lib/python2.7/dist-packages/autoware_msgs/msg/_ICPStat.pyc
-- Up-to-date: /home/autoware/Autoware/install/autoware_msgs/lib/python2.7/dist-packages/autoware_msgs/msg/_ColorSet.py
-- Up-to-date: /home/autoware/Autoware/install/autoware_msgs/lib/python2.7/dist-packages/autoware_msgs/msg/_SteerCmd.py
-- Up-to-date: /home/autoware/Autoware/install/autoware_msgs/lib/python2.7/dist-packages/autoware_msgs/msg/_DTLane.pyc
-- Up-to-date: /home/autoware/Autoware/install/autoware_msgs/lib/python2.7/dist-packages/autoware_msgs/msg/_VehicleLocation.py
-- Up-to-date: /home/autoware/Autoware/install/autoware_msgs/lib/python2.7/dist-packages/autoware_msgs/msg/_ImageLaneObjects.pyc
-- Up-to-date: /home/autoware/Autoware/install/autoware_msgs/lib/python2.7/dist-packages/autoware_msgs/msg/_ImageObjTracked.py
-- Up-to-date: /home/autoware/Autoware/install/autoware_msgs/lib/python2.7/dist-packages/autoware_msgs/msg/_ControlCommandStamped.pyc
-- Up-to-date: /home/autoware/Autoware/install/autoware_msgs/lib/python2.7/dist-packages/autoware_msgs/msg/_ExtractedPosition.py
-- Up-to-date: /home/autoware/Autoware/install/autoware_msgs/lib/python2.7/dist-packages/autoware_msgs/msg/_VscanTrackedArray.py
-- Up-to-date: /home/autoware/Autoware/install/autoware_msgs/lib/python2.7/dist-packages/autoware_msgs/msg/_ImageObjects.pyc
-- Installing: /home/autoware/Autoware/install/autoware_msgs/lib/pkgconfig/autoware_msgs.pc
-- Up-to-date: /home/autoware/Autoware/install/autoware_msgs/share/autoware_msgs/cmake/autoware_msgs-msg-extras.cmake
-- Installing: /home/autoware/Autoware/install/autoware_msgs/share/autoware_msgs/cmake/autoware_msgsConfig.cmake
-- Up-to-date: /home/autoware/Autoware/install/autoware_msgs/share/autoware_msgs/cmake/autoware_msgsConfig-version.cmake
-- Up-to-date: /home/autoware/Autoware/install/autoware_msgs/share/autoware_msgs/package.xml
