[0.034s] Invoking command in '/home/autoware/Autoware/build/autoware_msgs': /usr/bin/cmake /home/autoware/Autoware/src/autoware/messages/autoware_msgs -DCATKIN_INSTALL_INTO_PREFIX_ROOT=0 -DCMAKE_INSTALL_PREFIX=/home/autoware/Autoware/install/autoware_msgs
[0.080s] -- Using CATKIN_DEVEL_PREFIX: /home/autoware/Autoware/build/autoware_msgs/devel
[0.080s] -- Using CMAKE_PREFIX_PATH: /home/autoware/Autoware/install/ymc;/home/autoware/Autoware/install/xsens_driver;/home/autoware/Autoware/install/wf_simulator;/home/autoware/Autoware/install/lattice_planner;/home/autoware/Autoware/install/waypoint_planner;/home/autoware/Autoware/install/waypoint_maker;/home/autoware/Autoware/install/way_planner;/home/autoware/Autoware/install/vlg22c_cam;/home/autoware/Autoware/install/vision_ssd_detect;/home/autoware/Autoware/install/vision_segment_enet_detect;/home/autoware/Autoware/install/vision_lane_detect;/home/autoware/Autoware/install/vision_darknet_detect;/home/autoware/Autoware/install/vision_beyond_track;/home/autoware/Autoware/install/vel_pose_diff_checker;/home/autoware/Autoware/install/vehicle_socket;/home/autoware/Autoware/install/vehicle_sim_model;/home/autoware/Autoware/install/vehicle_model;/home/autoware/Autoware/install/vehicle_gazebo_simulation_launcher;/home/autoware/Autoware/install/vehicle_gazebo_simulation_interface;/home/autoware/Autoware/install/vehicle_engage_panel;/home/autoware/Autoware/install/vehicle_description;/home/autoware/Autoware/install/trafficlight_recognizer;/home/autoware/Autoware/install/op_utilities;/home/autoware/Autoware/install/op_simulation_package;/home/autoware/Autoware/install/op_local_planner;/home/autoware/Autoware/install/op_global_planner;/home/autoware/Autoware/install/lidar_kf_contour_track;/home/autoware/Autoware/install/op_ros_helpers;/home/autoware/Autoware/install/ff_waypoint_follower;/home/autoware/Autoware/install/dp_planner;/home/autoware/Autoware/install/op_simu;/home/autoware/Autoware/install/op_planner;/home/autoware/Autoware/install/op_utility;/home/autoware/Autoware/install/lidar_euclidean_cluster_detect;/home/autoware/Autoware/install/vector_map_server;/home/autoware/Autoware/install/road_occupancy_processor;/home/autoware/Autoware/install/costmap_generator;/home/autoware/Autoware/install/object_map;/home/autoware/Autoware/install/naive_motion_predict;/home/autoware/Autoware/install/lanelet_aisan_converter;/home/autoware/Autoware/install/map_file;/home/autoware/Autoware/install/libvectormap;/home/autoware/Autoware/install/lane_planner;/home/autoware/Autoware/install/imm_ukf_pda_track;/home/autoware/Autoware/install/decision_maker;/home/autoware/Autoware/install/vector_map;/home/autoware/Autoware/install/vector_map_msgs;/home/autoware/Autoware/install/vectacam;/home/autoware/Autoware/install/udon_socket;/home/autoware/Autoware/install/twist_generator;/home/autoware/Autoware/install/twist_gate;/home/autoware/Autoware/install/twist_filter;/home/autoware/Autoware/install/twist2odom;/home/autoware/Autoware/install/tablet_socket;/home/autoware/Autoware/install/runtime_manager;/home/autoware/Autoware/install/mqtt_socket;/home/autoware/Autoware/install/tablet_socket_msgs;/home/autoware/Autoware/install/state_machine_lib;/home/autoware/Autoware/install/sound_player;/home/autoware/Autoware/install/sick_lms5xx;/home/autoware/Autoware/install/sick_ldmrs_tools;/home/autoware/Autoware/install/sick_ldmrs_driver;/home/autoware/Autoware/install/sick_ldmrs_msgs;/home/autoware/Autoware/install/sick_ldmrs_description;/home/autoware/Autoware/install/points2image;/home/autoware/Autoware/install/rosinterface;/home/autoware/Autoware/install/rosbag_controller;/home/autoware/Autoware/install/pure_pursuit;/home/autoware/Autoware/install/points_preprocessor;/home/autoware/Autoware/install/mpc_follower;/home/autoware/Autoware/install/lidar_localizer;/home/autoware/Autoware/install/emergency_handler;/home/autoware/Autoware/install/autoware_health_checker;/home/autoware/Autoware/install/as;/home/autoware/Autoware/install/ros_observer;/home/autoware/Autoware/install/roi_object_filter;/home/autoware/Autoware/install/range_vision_fusion;/home/autoware/Autoware/install/pos_db;/home/autoware/Autoware/install/points_downsampler;/home/autoware/Autoware/install/pixel_cloud_fusion;/home/autoware/Autoware/install/pcl_omp_registration;/home/autoware/Autoware/install/pc2_downsampler;/home/autoware/Autoware/install/oculus_socket;/home/autoware/Autoware/install/obj_db;/home/autoware/Autoware/install/nmea_navsat;/home/autoware/Autoware/install/ndt_tku;/home/autoware/Autoware/install/ndt_gpu;/home/autoware/Autoware/install/ndt_cpu;/home/autoware/Autoware/install/multi_lidar_calibrator;/home/autoware/Autoware/install/microstrain_driver;/home/autoware/Autoware/install/memsic_imu;/home/autoware/Autoware/install/marker_downsampler;/home/autoware/Autoware/install/map_tools;/home/autoware/Autoware/install/map_tf_generator;/home/autoware/Autoware/install/log_tools;/home/autoware/Autoware/install/lidar_shape_estimation;/home/autoware/Autoware/install/lidar_point_pillars;/home/autoware/Autoware/install/lidar_naive_l_shape_detect;/home/autoware/Autoware/install/lidar_fake_perception;/home/autoware/Autoware/install/lidar_apollo_cnn_seg_detect;/home/autoware/Autoware/install/libwaypoint_follower;/home/autoware/Autoware/install/lgsvl_simulator_bridge;/home/autoware/Autoware/install/lanelet2_extension;/home/autoware/Autoware/install/kvaser;/home/autoware/Autoware/install/kitti_launch;/home/autoware/Autoware/install/kitti_player;/home/autoware/Autoware/install/kitti_box_publisher;/home/autoware/Autoware/install/javad_navsat_driver;/home/autoware/Autoware/install/integrated_viewer;/home/autoware/Autoware/install/image_processor;/home/autoware/Autoware/install/hokuyo;/home/autoware/Autoware/install/graph_tools;/home/autoware/Autoware/install/gnss_localizer;/home/autoware/Autoware/install/gnss;/home/autoware/Autoware/install/glviewer;/home/autoware/Autoware/install/gazebo_world_description;/home/autoware/Autoware/install/gazebo_imu_description;/home/autoware/Autoware/install/gazebo_camera_description;/home/autoware/Autoware/install/garmin;/home/autoware/Autoware/install/freespace_planner;/home/autoware/Autoware/install/fastvirtualscan;/home/autoware/Autoware/install/ekf_localizer;/home/autoware/Autoware/install/ds4_msgs;/home/autoware/Autoware/install/ds4_driver;/home/autoware/Autoware/install/detected_objects_visualizer;/home/autoware/Autoware/install/decision_maker_panel;/home/autoware/Autoware/install/data_preprocessor;/home/autoware/Autoware/install/custom_msgs;/home/autoware/Autoware/install/carla_autoware_bridge;/home/autoware/Autoware/install/calibration_publisher;/home/autoware/Autoware/install/autoware_system_msgs;/home/autoware/Autoware/install/autoware_rviz_plugins;/home/autoware/Autoware/install/autoware_quickstart_examples;/home/autoware/Autoware/install/autoware_pointgrey_drivers;/home/autoware/Autoware/install/autoware_driveworks_interface;/home/autoware/Autoware/install/autoware_connector;/home/autoware/Autoware/install/autoware_camera_lidar_calibrator;/home/autoware/Autoware/install/astar_search;/home/autoware/Autoware/install/amathutils_lib;/home/autoware/Autoware/install/autoware_msgs;/home/autoware/Autoware/install/autoware_map_msgs;/home/autoware/Autoware/install/autoware_launcher_rviz;/home/autoware/Autoware/install/autoware_launcher;/home/autoware/Autoware/install/autoware_lanelet2_msgs;/home/autoware/Autoware/install/autoware_external_msgs;/home/autoware/Autoware/install/autoware_driveworks_gmsl_interface;/home/autoware/Autoware/install/autoware_config_msgs;/home/autoware/Autoware/install/autoware_can_msgs;/home/autoware/Autoware/install/autoware_build_flags;/home/autoware/Autoware/install/autoware_bag_tools;/home/autoware/Autoware/install/adi_driver;/home/autoware/carla_ws/devel;/opt/ros/melodic
[0.086s] -- This workspace overlays: /home/autoware/Autoware/install/ymc;/home/autoware/Autoware/install/xsens_driver;/home/autoware/Autoware/install/wf_simulator;/home/autoware/Autoware/install/lattice_planner;/home/autoware/Autoware/install/waypoint_planner;/home/autoware/Autoware/install/waypoint_maker;/home/autoware/Autoware/install/way_planner;/home/autoware/Autoware/install/vlg22c_cam;/home/autoware/Autoware/install/vision_ssd_detect;/home/autoware/Autoware/install/vision_segment_enet_detect;/home/autoware/Autoware/install/vision_lane_detect;/home/autoware/Autoware/install/vision_darknet_detect;/home/autoware/Autoware/install/vision_beyond_track;/home/autoware/Autoware/install/vel_pose_diff_checker;/home/autoware/Autoware/install/vehicle_socket;/home/autoware/Autoware/install/vehicle_sim_model;/home/autoware/Autoware/install/vehicle_model;/home/autoware/Autoware/install/vehicle_gazebo_simulation_launcher;/home/autoware/Autoware/install/vehicle_gazebo_simulation_interface;/home/autoware/Autoware/install/vehicle_engage_panel;/home/autoware/Autoware/install/vehicle_description;/home/autoware/Autoware/install/trafficlight_recognizer;/home/autoware/Autoware/install/op_utilities;/home/autoware/Autoware/install/op_simulation_package;/home/autoware/Autoware/install/op_local_planner;/home/autoware/Autoware/install/op_global_planner;/home/autoware/Autoware/install/lidar_kf_contour_track;/home/autoware/Autoware/install/op_ros_helpers;/home/autoware/Autoware/install/ff_waypoint_follower;/home/autoware/Autoware/install/dp_planner;/home/autoware/Autoware/install/op_simu;/home/autoware/Autoware/install/op_planner;/home/autoware/Autoware/install/op_utility;/home/autoware/Autoware/install/lidar_euclidean_cluster_detect;/home/autoware/Autoware/install/vector_map_server;/home/autoware/Autoware/install/road_occupancy_processor;/home/autoware/Autoware/install/costmap_generator;/home/autoware/Autoware/install/object_map;/home/autoware/Autoware/install/naive_motion_predict;/home/autoware/Autoware/install/lanelet_aisan_converter;/home/autoware/Autoware/install/map_file;/home/autoware/Autoware/install/libvectormap;/home/autoware/Autoware/install/lane_planner;/home/autoware/Autoware/install/imm_ukf_pda_track;/home/autoware/Autoware/install/decision_maker;/home/autoware/Autoware/install/vector_map;/home/autoware/Autoware/install/vector_map_msgs;/home/autoware/Autoware/install/vectacam;/home/autoware/Autoware/install/udon_socket;/home/autoware/Autoware/install/twist_generator;/home/autoware/Autoware/install/twist_gate;/home/autoware/Autoware/install/twist_filter;/home/autoware/Autoware/install/twist2odom;/home/autoware/Autoware/install/tablet_socket;/home/autoware/Autoware/install/runtime_manager;/home/autoware/Autoware/install/mqtt_socket;/home/autoware/Autoware/install/tablet_socket_msgs;/home/autoware/Autoware/install/state_machine_lib;/home/autoware/Autoware/install/sound_player;/home/autoware/Autoware/install/sick_lms5xx;/home/autoware/Autoware/install/sick_ldmrs_tools;/home/autoware/Autoware/install/sick_ldmrs_driver;/home/autoware/Autoware/install/sick_ldmrs_msgs;/home/autoware/Autoware/install/sick_ldmrs_description;/home/autoware/Autoware/install/points2image;/home/autoware/Autoware/install/rosinterface;/home/autoware/Autoware/install/rosbag_controller;/home/autoware/Autoware/install/pure_pursuit;/home/autoware/Autoware/install/points_preprocessor;/home/autoware/Autoware/install/mpc_follower;/home/autoware/Autoware/install/lidar_localizer;/home/autoware/Autoware/install/emergency_handler;/home/autoware/Autoware/install/autoware_health_checker;/home/autoware/Autoware/install/as;/home/autoware/Autoware/install/ros_observer;/home/autoware/Autoware/install/roi_object_filter;/home/autoware/Autoware/install/range_vision_fusion;/home/autoware/Autoware/install/pos_db;/home/autoware/Autoware/install/points_downsampler;/home/autoware/Autoware/install/pixel_cloud_fusion;/home/autoware/Autoware/install/pcl_omp_registration;/home/autoware/Autoware/install/pc2_downsampler;/home/autoware/Autoware/install/oculus_socket;/home/autoware/Autoware/install/obj_db;/home/autoware/Autoware/install/nmea_navsat;/home/autoware/Autoware/install/ndt_tku;/home/autoware/Autoware/install/ndt_gpu;/home/autoware/Autoware/install/ndt_cpu;/home/autoware/Autoware/install/multi_lidar_calibrator;/home/autoware/Autoware/install/microstrain_driver;/home/autoware/Autoware/install/memsic_imu;/home/autoware/Autoware/install/marker_downsampler;/home/autoware/Autoware/install/map_tools;/home/autoware/Autoware/install/map_tf_generator;/home/autoware/Autoware/install/log_tools;/home/autoware/Autoware/install/lidar_shape_estimation;/home/autoware/Autoware/install/lidar_point_pillars;/home/autoware/Autoware/install/lidar_naive_l_shape_detect;/home/autoware/Autoware/install/lidar_fake_perception;/home/autoware/Autoware/install/lidar_apollo_cnn_seg_detect;/home/autoware/Autoware/install/libwaypoint_follower;/home/autoware/Autoware/install/lgsvl_simulator_bridge;/home/autoware/Autoware/install/lanelet2_extension;/home/autoware/Autoware/install/kvaser;/home/autoware/Autoware/install/kitti_launch;/home/autoware/Autoware/install/kitti_player;/home/autoware/Autoware/install/kitti_box_publisher;/home/autoware/Autoware/install/javad_navsat_driver;/home/autoware/Autoware/install/integrated_viewer;/home/autoware/Autoware/install/image_processor;/home/autoware/Autoware/install/hokuyo;/home/autoware/Autoware/install/graph_tools;/home/autoware/Autoware/install/gnss_localizer;/home/autoware/Autoware/install/gnss;/home/autoware/Autoware/install/glviewer;/home/autoware/Autoware/install/gazebo_world_description;/home/autoware/Autoware/install/gazebo_imu_description;/home/autoware/Autoware/install/gazebo_camera_description;/home/autoware/Autoware/install/garmin;/home/autoware/Autoware/install/freespace_planner;/home/autoware/Autoware/install/fastvirtualscan;/home/autoware/Autoware/install/ekf_localizer;/home/autoware/Autoware/install/ds4_msgs;/home/autoware/Autoware/install/ds4_driver;/home/autoware/Autoware/install/detected_objects_visualizer;/home/autoware/Autoware/install/decision_maker_panel;/home/autoware/Autoware/install/data_preprocessor;/home/autoware/Autoware/install/custom_msgs;/home/autoware/Autoware/install/carla_autoware_bridge;/home/autoware/Autoware/install/calibration_publisher;/home/autoware/Autoware/install/autoware_system_msgs;/home/autoware/Autoware/install/autoware_rviz_plugins;/home/autoware/Autoware/install/autoware_quickstart_examples;/home/autoware/Autoware/install/autoware_pointgrey_drivers;/home/autoware/Autoware/install/autoware_driveworks_interface;/home/autoware/Autoware/install/autoware_connector;/home/autoware/Autoware/install/autoware_camera_lidar_calibrator;/home/autoware/Autoware/install/astar_search;/home/autoware/Autoware/install/amathutils_lib;/home/autoware/Autoware/install/autoware_msgs;/home/autoware/Autoware/install/autoware_map_msgs;/home/autoware/Autoware/install/autoware_launcher_rviz;/home/autoware/Autoware/install/autoware_launcher;/home/autoware/Autoware/install/autoware_lanelet2_msgs;/home/autoware/Autoware/install/autoware_external_msgs;/home/autoware/Autoware/install/autoware_driveworks_gmsl_interface;/home/autoware/Autoware/install/autoware_config_msgs;/home/autoware/Autoware/install/autoware_can_msgs;/home/autoware/Autoware/install/autoware_build_flags;/home/autoware/Autoware/install/autoware_bag_tools;/home/autoware/Autoware/install/adi_driver;/home/autoware/carla_ws/devel;/opt/ros/melodic
[0.106s] -- Found PythonInterp: /usr/bin/python2 (found suitable version "2.7.17", minimum required is "2") 
[0.106s] -- Using PYTHON_EXECUTABLE: /usr/bin/python2
[0.107s] -- Using Debian Python package layout
[0.107s] -- Using empy: /usr/bin/empy
[0.291s] -- Using CATKIN_ENABLE_TESTING: ON
[0.291s] -- Call enable_testing()
[0.302s] -- Using CATKIN_TEST_RESULTS_DIR: /home/autoware/Autoware/build/autoware_msgs/test_results
[0.382s] -- Found gtest sources under '/usr/src/googletest': gtests will be built
[0.382s] -- Found gmock sources under '/usr/src/googletest': gmock will be built
[0.404s] -- Found PythonInterp: /usr/bin/python2 (found version "2.7.17") 
[0.409s] -- Using Python nosetests: /usr/bin/nosetests-2.7
[0.470s] -- catkin 0.7.26
[0.470s] -- BUILD_SHARED_LIBS is on
[0.937s] -- Using these message generators: gencpp;geneus;genlisp;gennodejs;genpy
[1.336s] -- autoware_msgs: 52 messages, 1 services
[1.631s] -- Configuring done
[1.733s] -- Generating done
[1.743s] -- Build files have been written to: /home/autoware/Autoware/build/autoware_msgs
[1.749s] Invoked command in '/home/autoware/Autoware/build/autoware_msgs' returned '0': /usr/bin/cmake /home/autoware/Autoware/src/autoware/messages/autoware_msgs -DCATKIN_INSTALL_INTO_PREFIX_ROOT=0 -DCMAKE_INSTALL_PREFIX=/home/autoware/Autoware/install/autoware_msgs
[1.754s] Invoking command in '/home/autoware/Autoware/build/autoware_msgs': /usr/bin/cmake --build /home/autoware/Autoware/build/autoware_msgs -- -j20 -l20
[2.110s] [  0%] Built target jsk_recognition_msgs_generate_messages_eus
[2.116s] [  0%] Built target std_msgs_generate_messages_eus
[2.117s] [  0%] Built target geometry_msgs_generate_messages_eus
[2.355s] [  0%] Built target _autoware_msgs_generate_messages_check_deps_DTLane
[2.359s] [  0%] Built target _autoware_msgs_generate_messages_check_deps_ImageObjTracked
[2.361s] [  0%] Built target _autoware_msgs_generate_messages_check_deps_ControlCommandStamped
[2.364s] [  0%] Built target _autoware_msgs_generate_messages_check_deps_VscanTracked
[2.364s] [  0%] Built target _autoware_msgs_generate_messages_check_deps_RemoteCmd
[2.368s] [  0%] Built target _autoware_msgs_generate_messages_check_deps_RecognizeLightState
[2.368s] [  0%] Built target _autoware_msgs_generate_messages_check_deps_DetectedObject
[2.368s] [  0%] Built target _autoware_msgs_generate_messages_check_deps_ValueSet
[2.368s] [  0%] Built target _autoware_msgs_generate_messages_check_deps_VehicleCmd
[2.368s] [  0%] Built target _autoware_msgs_generate_messages_check_deps_ObjLabel
[2.370s] [  0%] Built target _autoware_msgs_generate_messages_check_deps_SyncTimeDiff
[2.373s] [  0%] Built target _autoware_msgs_generate_messages_check_deps_ImageRectRanged
[2.373s] [  0%] Built target _autoware_msgs_generate_messages_check_deps_ColorSet
[2.377s] [  0%] Built target _autoware_msgs_generate_messages_check_deps_CloudClusterArray
[2.379s] [  0%] Built target sensor_msgs_generate_messages_eus
[2.385s] [  0%] Built target _autoware_msgs_generate_messages_check_deps_LampCmd
[2.409s] [  0%] Built target _autoware_msgs_generate_messages_check_deps_WaypointState
[2.420s] [  0%] Built target _autoware_msgs_generate_messages_check_deps_ExtractedPosition
[2.628s] [  0%] Built target _autoware_msgs_generate_messages_check_deps_Lane
[2.669s] [  0%] Built target _autoware_msgs_generate_messages_check_deps_NDTStat
[2.838s] [  0%] Built target _autoware_msgs_generate_messages_check_deps_AdjustXY
[2.838s] [  0%] Built target _autoware_msgs_generate_messages_check_deps_ObjPose
[2.841s] [  0%] Built target _autoware_msgs_generate_messages_check_deps_IndicatorCmd
[2.853s] [  0%] Built target _autoware_msgs_generate_messages_check_deps_ProjectionMatrix
[2.855s] [  0%] Built target _autoware_msgs_generate_messages_check_deps_VscanTrackedArray
[2.859s] [  0%] Built target _autoware_msgs_generate_messages_check_deps_SyncTimeMonitor
[2.859s] [  0%] Built target _autoware_msgs_generate_messages_check_deps_TrafficLight
[2.867s] [  0%] Built target _autoware_msgs_generate_messages_check_deps_AccelCmd
[2.868s] [  0%] Built target _autoware_msgs_generate_messages_check_deps_TrafficLightResultArray
[2.870s] [  0%] Built target _autoware_msgs_generate_messages_check_deps_LaneArray
[2.871s] [  0%] Built target _autoware_msgs_generate_messages_check_deps_ImageObj
[2.872s] [  0%] Built target _autoware_msgs_generate_messages_check_deps_ImageRect
[2.874s] [  0%] Built target _autoware_msgs_generate_messages_check_deps_Centroids
[2.880s] [  0%] Built target _autoware_msgs_generate_messages_check_deps_StateCmd
[2.888s] [  0%] Built target _autoware_msgs_generate_messages_check_deps_Gear
[2.895s] [  0%] Built target _autoware_msgs_generate_messages_check_deps_State
[2.906s] [  0%] Built target _autoware_msgs_generate_messages_check_deps_Waypoint
[2.951s] [  0%] Built target _autoware_msgs_generate_messages_check_deps_BrakeCmd
[3.125s] [  0%] Built target jsk_recognition_msgs_generate_messages_cpp
[3.141s] [  0%] Built target sensor_msgs_generate_messages_cpp
[3.150s] [  0%] Built target std_msgs_generate_messages_cpp
[3.218s] [  0%] Built target _autoware_msgs_generate_messages_check_deps_VehicleStatus
[3.218s] [  0%] Built target _autoware_msgs_generate_messages_check_deps_DetectedObjectArray
[3.230s] [  0%] Built target geometry_msgs_generate_messages_cpp
[3.328s] [  0%] Built target _autoware_msgs_generate_messages_check_deps_ScanImage
[3.337s] [  0%] Built target _autoware_msgs_generate_messages_check_deps_TunedResult
[3.344s] [  0%] Built target _autoware_msgs_generate_messages_check_deps_ImageObjRanged
[3.347s] [  0%] Built target _autoware_msgs_generate_messages_check_deps_SteerCmd
[3.348s] [  0%] Built target _autoware_msgs_generate_messages_check_deps_CloudCluster
[3.350s] [  0%] Built target _autoware_msgs_generate_messages_check_deps_ControlCommand
[3.359s] [  0%] Built target _autoware_msgs_generate_messages_check_deps_ImageObjects
[3.362s] [  0%] Built target _autoware_msgs_generate_messages_check_deps_GeometricRectangle
[3.365s] [  0%] Built target _autoware_msgs_generate_messages_check_deps_PointsImage
[3.370s] [  0%] Built target _autoware_msgs_generate_messages_check_deps_VehicleLocation
[3.373s] [  0%] Built target _autoware_msgs_generate_messages_check_deps_ImageLaneObjects
[3.373s] [  0%] Built target _autoware_msgs_generate_messages_check_deps_TrafficLightResult
[3.374s] [  0%] Built target _autoware_msgs_generate_messages_check_deps_ICPStat
[3.379s] [  0%] Built target std_msgs_generate_messages_lisp
[3.379s] [  0%] Built target geometry_msgs_generate_messages_lisp
[3.396s] [  0%] Built target sensor_msgs_generate_messages_lisp
[3.397s] [  0%] Built target _autoware_msgs_generate_messages_check_deps_Signals
[3.426s] [  0%] Built target std_msgs_generate_messages_nodejs
[3.426s] [  0%] Built target jsk_recognition_msgs_generate_messages_lisp
[3.436s] [  0%] Built target geometry_msgs_generate_messages_nodejs
[3.478s] [  0%] Built target jsk_recognition_msgs_generate_messages_nodejs
[3.482s] [  0%] Built target sensor_msgs_generate_messages_nodejs
[3.492s] [  0%] Built target std_msgs_generate_messages_py
[3.494s] [  0%] Built target jsk_recognition_msgs_generate_messages_py
[3.496s] [  0%] Built target sensor_msgs_generate_messages_py
[3.497s] [  0%] Built target geometry_msgs_generate_messages_py
[3.517s] [ 20%] Built target autoware_msgs_generate_messages_eus
[3.519s] [ 39%] Built target autoware_msgs_generate_messages_cpp
[3.532s] [ 59%] Built target autoware_msgs_generate_messages_lisp
[3.555s] [ 79%] Built target autoware_msgs_generate_messages_nodejs
[3.576s] [100%] Built target autoware_msgs_generate_messages_py
[3.665s] [100%] Built target autoware_msgs_generate_messages
[3.702s] Invoked command in '/home/autoware/Autoware/build/autoware_msgs' returned '0': /usr/bin/cmake --build /home/autoware/Autoware/build/autoware_msgs -- -j20 -l20
[4.576s] Invoking command in '/home/autoware/Autoware/build/autoware_msgs': /usr/bin/cmake --build /home/autoware/Autoware/build/autoware_msgs --target tests -- -j20 -l20
[4.819s] Built target tests
[4.839s] Invoked command in '/home/autoware/Autoware/build/autoware_msgs' returned '0': /usr/bin/cmake --build /home/autoware/Autoware/build/autoware_msgs --target tests -- -j20 -l20
[5.717s] Invoking command in '/home/autoware/Autoware/build/autoware_msgs': /usr/bin/cmake --build /home/autoware/Autoware/build/autoware_msgs --target install -- -j20 -l20
[6.076s] [  0%] Built target jsk_recognition_msgs_generate_messages_eus
[6.080s] [  0%] Built target std_msgs_generate_messages_eus
[6.083s] [  0%] Built target geometry_msgs_generate_messages_eus
[6.301s] [  0%] Built target _autoware_msgs_generate_messages_check_deps_ColorSet
[6.313s] [  0%] Built target _autoware_msgs_generate_messages_check_deps_DetectedObject
[6.318s] [  0%] Built target _autoware_msgs_generate_messages_check_deps_SyncTimeDiff
[6.323s] [  0%] Built target _autoware_msgs_generate_messages_check_deps_CloudClusterArray
[6.324s] [  0%] Built target _autoware_msgs_generate_messages_check_deps_RemoteCmd
[6.324s] [  0%] Built target _autoware_msgs_generate_messages_check_deps_RecognizeLightState
[6.324s] [  0%] Built target _autoware_msgs_generate_messages_check_deps_ControlCommandStamped
[6.326s] [  0%] Built target _autoware_msgs_generate_messages_check_deps_ObjLabel
[6.329s] [  0%] Built target _autoware_msgs_generate_messages_check_deps_VehicleCmd
[6.332s] [  0%] Built target _autoware_msgs_generate_messages_check_deps_ExtractedPosition
[6.333s] [  0%] Built target _autoware_msgs_generate_messages_check_deps_LampCmd
[6.334s] [  0%] Built target _autoware_msgs_generate_messages_check_deps_WaypointState
[6.334s] [  0%] Built target _autoware_msgs_generate_messages_check_deps_ValueSet
[6.335s] [  0%] Built target _autoware_msgs_generate_messages_check_deps_VscanTracked
[6.338s] [  0%] Built target _autoware_msgs_generate_messages_check_deps_DTLane
[6.352s] [  0%] Built target _autoware_msgs_generate_messages_check_deps_ImageObjTracked
[6.353s] [  0%] Built target sensor_msgs_generate_messages_eus
[6.376s] [  0%] Built target _autoware_msgs_generate_messages_check_deps_ImageRectRanged
[6.609s] [  0%] Built target _autoware_msgs_generate_messages_check_deps_NDTStat
[6.647s] [  0%] Built target _autoware_msgs_generate_messages_check_deps_Lane
[6.802s] [  0%] Built target _autoware_msgs_generate_messages_check_deps_AdjustXY
[6.805s] [  0%] Built target _autoware_msgs_generate_messages_check_deps_SyncTimeMonitor
[6.809s] [  0%] Built target _autoware_msgs_generate_messages_check_deps_IndicatorCmd
[6.810s] [  0%] Built target _autoware_msgs_generate_messages_check_deps_ProjectionMatrix
[6.810s] [  0%] Built target _autoware_msgs_generate_messages_check_deps_VscanTrackedArray
[6.816s] [  0%] Built target _autoware_msgs_generate_messages_check_deps_ImageObj
[6.820s] [  0%] Built target _autoware_msgs_generate_messages_check_deps_Gear
[6.822s] [  0%] Built target _autoware_msgs_generate_messages_check_deps_StateCmd
[6.826s] [  0%] Built target _autoware_msgs_generate_messages_check_deps_ObjPose
[6.828s] [  0%] Built target _autoware_msgs_generate_messages_check_deps_TrafficLightResultArray
[6.833s] [  0%] Built target _autoware_msgs_generate_messages_check_deps_LaneArray
[6.835s] [  0%] Built target _autoware_msgs_generate_messages_check_deps_State
[6.836s] [  0%] Built target _autoware_msgs_generate_messages_check_deps_ImageRect
[6.836s] [  0%] Built target _autoware_msgs_generate_messages_check_deps_AccelCmd
[6.846s] [  0%] Built target _autoware_msgs_generate_messages_check_deps_TrafficLight
[6.852s] [  0%] Built target _autoware_msgs_generate_messages_check_deps_Centroids
[6.865s] [  0%] Built target _autoware_msgs_generate_messages_check_deps_BrakeCmd
[6.938s] [  0%] Built target _autoware_msgs_generate_messages_check_deps_Waypoint
[7.088s] [  0%] Built target std_msgs_generate_messages_cpp
[7.103s] [  0%] Built target jsk_recognition_msgs_generate_messages_cpp
[7.126s] [  0%] Built target sensor_msgs_generate_messages_cpp
[7.136s] [  0%] Built target _autoware_msgs_generate_messages_check_deps_DetectedObjectArray
[7.170s] [  0%] Built target _autoware_msgs_generate_messages_check_deps_VehicleStatus
[7.214s] [  0%] Built target geometry_msgs_generate_messages_cpp
[7.295s] [  0%] Built target _autoware_msgs_generate_messages_check_deps_TunedResult
[7.296s] [  0%] Built target _autoware_msgs_generate_messages_check_deps_ScanImage
[7.300s] [  0%] Built target _autoware_msgs_generate_messages_check_deps_CloudCluster
[7.302s] [  0%] Built target _autoware_msgs_generate_messages_check_deps_VehicleLocation
[7.310s] [  0%] Built target _autoware_msgs_generate_messages_check_deps_ImageObjRanged
[7.310s] [  0%] Built target _autoware_msgs_generate_messages_check_deps_ICPStat
[7.311s] [  0%] Built target _autoware_msgs_generate_messages_check_deps_SteerCmd
[7.327s] [  0%] Built target _autoware_msgs_generate_messages_check_deps_ControlCommand
[7.328s] [  0%] Built target _autoware_msgs_generate_messages_check_deps_TrafficLightResult
[7.329s] [  0%] Built target _autoware_msgs_generate_messages_check_deps_ImageObjects
[7.334s] [  0%] Built target _autoware_msgs_generate_messages_check_deps_ImageLaneObjects
[7.336s] [  0%] Built target _autoware_msgs_generate_messages_check_deps_PointsImage
[7.339s] [  0%] Built target geometry_msgs_generate_messages_lisp
[7.346s] [  0%] Built target _autoware_msgs_generate_messages_check_deps_GeometricRectangle
[7.347s] [  0%] Built target std_msgs_generate_messages_lisp
[7.350s] [  0%] Built target _autoware_msgs_generate_messages_check_deps_Signals
[7.371s] [  0%] Built target sensor_msgs_generate_messages_lisp
[7.376s] [  0%] Built target geometry_msgs_generate_messages_nodejs
[7.384s] [  0%] Built target jsk_recognition_msgs_generate_messages_lisp
[7.403s] [  0%] Built target std_msgs_generate_messages_nodejs
[7.451s] [  0%] Built target sensor_msgs_generate_messages_nodejs
[7.452s] [  0%] Built target jsk_recognition_msgs_generate_messages_py
[7.457s] [  0%] Built target geometry_msgs_generate_messages_py
[7.459s] [  0%] Built target jsk_recognition_msgs_generate_messages_nodejs
[7.461s] [  0%] Built target std_msgs_generate_messages_py
[7.463s] [  0%] Built target sensor_msgs_generate_messages_py
[7.474s] [ 18%] Built target autoware_msgs_generate_messages_cpp
[7.477s] [ 39%] Built target autoware_msgs_generate_messages_eus
[7.495s] [ 59%] Built target autoware_msgs_generate_messages_lisp
[7.520s] [ 79%] Built target autoware_msgs_generate_messages_nodejs
[7.556s] [100%] Built target autoware_msgs_generate_messages_py
[7.646s] [100%] Built target autoware_msgs_generate_messages
[7.721s] [36mInstall the project...[0m
[7.737s] -- Install configuration: "Release"
[7.737s] -- Up-to-date: /home/autoware/Autoware/install/autoware_msgs/share/autoware_msgs/msg/AccelCmd.msg
[7.744s] -- Up-to-date: /home/autoware/Autoware/install/autoware_msgs/share/autoware_msgs/msg/AdjustXY.msg
[7.746s] -- Up-to-date: /home/autoware/Autoware/install/autoware_msgs/share/autoware_msgs/msg/BrakeCmd.msg
[7.750s] -- Up-to-date: /home/autoware/Autoware/install/autoware_msgs/share/autoware_msgs/msg/Centroids.msg
[7.753s] -- Up-to-date: /home/autoware/Autoware/install/autoware_msgs/share/autoware_msgs/msg/CloudCluster.msg
[7.756s] -- Up-to-date: /home/autoware/Autoware/install/autoware_msgs/share/autoware_msgs/msg/CloudClusterArray.msg
[7.759s] -- Up-to-date: /home/autoware/Autoware/install/autoware_msgs/share/autoware_msgs/msg/ColorSet.msg
[7.763s] -- Up-to-date: /home/autoware/Autoware/install/autoware_msgs/share/autoware_msgs/msg/ControlCommand.msg
[7.766s] -- Up-to-date: /home/autoware/Autoware/install/autoware_msgs/share/autoware_msgs/msg/ControlCommandStamped.msg
[7.769s] -- Up-to-date: /home/autoware/Autoware/install/autoware_msgs/share/autoware_msgs/msg/DTLane.msg
[7.771s] -- Up-to-date: /home/autoware/Autoware/install/autoware_msgs/share/autoware_msgs/msg/DetectedObject.msg
[7.774s] -- Up-to-date: /home/autoware/Autoware/install/autoware_msgs/share/autoware_msgs/msg/DetectedObjectArray.msg
[7.777s] -- Up-to-date: /home/autoware/Autoware/install/autoware_msgs/share/autoware_msgs/msg/ExtractedPosition.msg
[7.780s] -- Up-to-date: /home/autoware/Autoware/install/autoware_msgs/share/autoware_msgs/msg/Gear.msg
[7.783s] -- Up-to-date: /home/autoware/Autoware/install/autoware_msgs/share/autoware_msgs/msg/GeometricRectangle.msg
[7.786s] -- Up-to-date: /home/autoware/Autoware/install/autoware_msgs/share/autoware_msgs/msg/ICPStat.msg
[7.789s] -- Up-to-date: /home/autoware/Autoware/install/autoware_msgs/share/autoware_msgs/msg/ImageLaneObjects.msg
[7.792s] -- Up-to-date: /home/autoware/Autoware/install/autoware_msgs/share/autoware_msgs/msg/ImageObj.msg
[7.795s] -- Up-to-date: /home/autoware/Autoware/install/autoware_msgs/share/autoware_msgs/msg/ImageObjRanged.msg
[7.798s] -- Up-to-date: /home/autoware/Autoware/install/autoware_msgs/share/autoware_msgs/msg/ImageObjTracked.msg
[7.800s] -- Up-to-date: /home/autoware/Autoware/install/autoware_msgs/share/autoware_msgs/msg/ImageObjects.msg
[7.803s] -- Up-to-date: /home/autoware/Autoware/install/autoware_msgs/share/autoware_msgs/msg/ImageRect.msg
[7.806s] -- Up-to-date: /home/autoware/Autoware/install/autoware_msgs/share/autoware_msgs/msg/ImageRectRanged.msg
[7.809s] -- Up-to-date: /home/autoware/Autoware/install/autoware_msgs/share/autoware_msgs/msg/IndicatorCmd.msg
[7.812s] -- Up-to-date: /home/autoware/Autoware/install/autoware_msgs/share/autoware_msgs/msg/LampCmd.msg
[7.814s] -- Up-to-date: /home/autoware/Autoware/install/autoware_msgs/share/autoware_msgs/msg/Lane.msg
[7.817s] -- Up-to-date: /home/autoware/Autoware/install/autoware_msgs/share/autoware_msgs/msg/LaneArray.msg
[7.820s] -- Up-to-date: /home/autoware/Autoware/install/autoware_msgs/share/autoware_msgs/msg/NDTStat.msg
[7.823s] -- Up-to-date: /home/autoware/Autoware/install/autoware_msgs/share/autoware_msgs/msg/ObjLabel.msg
[7.826s] -- Up-to-date: /home/autoware/Autoware/install/autoware_msgs/share/autoware_msgs/msg/ObjPose.msg
[7.829s] -- Up-to-date: /home/autoware/Autoware/install/autoware_msgs/share/autoware_msgs/msg/PointsImage.msg
[7.832s] -- Up-to-date: /home/autoware/Autoware/install/autoware_msgs/share/autoware_msgs/msg/ProjectionMatrix.msg
[7.834s] -- Up-to-date: /home/autoware/Autoware/install/autoware_msgs/share/autoware_msgs/msg/RemoteCmd.msg
[7.837s] -- Up-to-date: /home/autoware/Autoware/install/autoware_msgs/share/autoware_msgs/msg/ScanImage.msg
[7.840s] -- Up-to-date: /home/autoware/Autoware/install/autoware_msgs/share/autoware_msgs/msg/Signals.msg
[7.843s] -- Up-to-date: /home/autoware/Autoware/install/autoware_msgs/share/autoware_msgs/msg/State.msg
[7.846s] -- Up-to-date: /home/autoware/Autoware/install/autoware_msgs/share/autoware_msgs/msg/StateCmd.msg
[7.849s] -- Up-to-date: /home/autoware/Autoware/install/autoware_msgs/share/autoware_msgs/msg/SteerCmd.msg
[7.852s] -- Up-to-date: /home/autoware/Autoware/install/autoware_msgs/share/autoware_msgs/msg/SyncTimeDiff.msg
[7.855s] -- Up-to-date: /home/autoware/Autoware/install/autoware_msgs/share/autoware_msgs/msg/SyncTimeMonitor.msg
[7.857s] -- Up-to-date: /home/autoware/Autoware/install/autoware_msgs/share/autoware_msgs/msg/TrafficLight.msg
[7.860s] -- Up-to-date: /home/autoware/Autoware/install/autoware_msgs/share/autoware_msgs/msg/TrafficLightResult.msg
[7.863s] -- Up-to-date: /home/autoware/Autoware/install/autoware_msgs/share/autoware_msgs/msg/TrafficLightResultArray.msg
[7.866s] -- Up-to-date: /home/autoware/Autoware/install/autoware_msgs/share/autoware_msgs/msg/TunedResult.msg
[7.869s] -- Up-to-date: /home/autoware/Autoware/install/autoware_msgs/share/autoware_msgs/msg/ValueSet.msg
[7.872s] -- Up-to-date: /home/autoware/Autoware/install/autoware_msgs/share/autoware_msgs/msg/VehicleCmd.msg
[7.875s] -- Up-to-date: /home/autoware/Autoware/install/autoware_msgs/share/autoware_msgs/msg/VehicleLocation.msg
[7.877s] -- Up-to-date: /home/autoware/Autoware/install/autoware_msgs/share/autoware_msgs/msg/VehicleStatus.msg
[7.880s] -- Up-to-date: /home/autoware/Autoware/install/autoware_msgs/share/autoware_msgs/msg/VscanTracked.msg
[7.883s] -- Up-to-date: /home/autoware/Autoware/install/autoware_msgs/share/autoware_msgs/msg/VscanTrackedArray.msg
[7.886s] -- Up-to-date: /home/autoware/Autoware/install/autoware_msgs/share/autoware_msgs/msg/Waypoint.msg
[7.889s] -- Up-to-date: /home/autoware/Autoware/install/autoware_msgs/share/autoware_msgs/msg/WaypointState.msg
[7.892s] -- Up-to-date: /home/autoware/Autoware/install/autoware_msgs/share/autoware_msgs/srv/RecognizeLightState.srv
[7.896s] -- Up-to-date: /home/autoware/Autoware/install/autoware_msgs/share/autoware_msgs/cmake/autoware_msgs-msg-paths.cmake
[7.899s] -- Up-to-date: /home/autoware/Autoware/install/autoware_msgs/include/autoware_msgs
[7.899s] -- Up-to-date: /home/autoware/Autoware/install/autoware_msgs/include/autoware_msgs/ObjLabel.h
[7.902s] -- Up-to-date: /home/autoware/Autoware/install/autoware_msgs/include/autoware_msgs/TrafficLightResult.h
[7.905s] -- Up-to-date: /home/autoware/Autoware/install/autoware_msgs/include/autoware_msgs/ProjectionMatrix.h
[7.908s] -- Up-to-date: /home/autoware/Autoware/install/autoware_msgs/include/autoware_msgs/SyncTimeMonitor.h
[7.911s] -- Up-to-date: /home/autoware/Autoware/install/autoware_msgs/include/autoware_msgs/ExtractedPosition.h
[7.915s] -- Up-to-date: /home/autoware/Autoware/install/autoware_msgs/include/autoware_msgs/CloudCluster.h
[7.916s] -- Up-to-date: /home/autoware/Autoware/install/autoware_msgs/include/autoware_msgs/SyncTimeDiff.h
[7.919s] -- Up-to-date: /home/autoware/Autoware/install/autoware_msgs/include/autoware_msgs/ImageObjTracked.h
[7.922s] -- Up-to-date: /home/autoware/Autoware/install/autoware_msgs/include/autoware_msgs/WaypointState.h
[7.925s] -- Up-to-date: /home/autoware/Autoware/install/autoware_msgs/include/autoware_msgs/Waypoint.h
[7.928s] -- Up-to-date: /home/autoware/Autoware/install/autoware_msgs/include/autoware_msgs/VehicleCmd.h
[7.931s] -- Up-to-date: /home/autoware/Autoware/install/autoware_msgs/include/autoware_msgs/ObjPose.h
[7.934s] -- Up-to-date: /home/autoware/Autoware/install/autoware_msgs/include/autoware_msgs/NDTStat.h
[7.937s] -- Up-to-date: /home/autoware/Autoware/install/autoware_msgs/include/autoware_msgs/VscanTracked.h
[7.940s] -- Up-to-date: /home/autoware/Autoware/install/autoware_msgs/include/autoware_msgs/AccelCmd.h
[7.943s] -- Up-to-date: /home/autoware/Autoware/install/autoware_msgs/include/autoware_msgs/SteerCmd.h
[7.946s] -- Up-to-date: /home/autoware/Autoware/install/autoware_msgs/include/autoware_msgs/PointsImage.h
[7.948s] -- Up-to-date: /home/autoware/Autoware/install/autoware_msgs/include/autoware_msgs/StateCmd.h
[7.951s] -- Up-to-date: /home/autoware/Autoware/install/autoware_msgs/include/autoware_msgs/ImageRectRanged.h
[7.954s] -- Up-to-date: /home/autoware/Autoware/install/autoware_msgs/include/autoware_msgs/VscanTrackedArray.h
[7.957s] -- Up-to-date: /home/autoware/Autoware/install/autoware_msgs/include/autoware_msgs/TunedResult.h
[7.960s] -- Up-to-date: /home/autoware/Autoware/install/autoware_msgs/include/autoware_msgs/ControlCommand.h
[7.963s] -- Up-to-date: /home/autoware/Autoware/install/autoware_msgs/include/autoware_msgs/AdjustXY.h
[7.966s] -- Up-to-date: /home/autoware/Autoware/install/autoware_msgs/include/autoware_msgs/ColorSet.h
[7.969s] -- Up-to-date: /home/autoware/Autoware/install/autoware_msgs/include/autoware_msgs/BrakeCmd.h
[7.971s] -- Up-to-date: /home/autoware/Autoware/install/autoware_msgs/include/autoware_msgs/Signals.h
[7.974s] -- Up-to-date: /home/autoware/Autoware/install/autoware_msgs/include/autoware_msgs/RecognizeLightStateResponse.h
[7.977s] -- Up-to-date: /home/autoware/Autoware/install/autoware_msgs/include/autoware_msgs/TrafficLightResultArray.h
[7.980s] -- Up-to-date: /home/autoware/Autoware/install/autoware_msgs/include/autoware_msgs/LaneArray.h
[7.983s] -- Up-to-date: /home/autoware/Autoware/install/autoware_msgs/include/autoware_msgs/ImageRect.h
[7.986s] -- Up-to-date: /home/autoware/Autoware/install/autoware_msgs/include/autoware_msgs/ScanImage.h
[7.989s] -- Up-to-date: /home/autoware/Autoware/install/autoware_msgs/include/autoware_msgs/LampCmd.h
[7.992s] -- Up-to-date: /home/autoware/Autoware/install/autoware_msgs/include/autoware_msgs/IndicatorCmd.h
[7.994s] -- Up-to-date: /home/autoware/Autoware/install/autoware_msgs/include/autoware_msgs/ControlCommandStamped.h
[7.997s] -- Up-to-date: /home/autoware/Autoware/install/autoware_msgs/include/autoware_msgs/VehicleLocation.h
[8.000s] -- Up-to-date: /home/autoware/Autoware/install/autoware_msgs/include/autoware_msgs/Centroids.h
[8.003s] -- Up-to-date: /home/autoware/Autoware/install/autoware_msgs/include/autoware_msgs/ValueSet.h
[8.006s] -- Up-to-date: /home/autoware/Autoware/install/autoware_msgs/include/autoware_msgs/GeometricRectangle.h
[8.009s] -- Up-to-date: /home/autoware/Autoware/install/autoware_msgs/include/autoware_msgs/DTLane.h
[8.012s] -- Up-to-date: /home/autoware/Autoware/install/autoware_msgs/include/autoware_msgs/TrafficLight.h
[8.014s] -- Up-to-date: /home/autoware/Autoware/install/autoware_msgs/include/autoware_msgs/State.h
[8.018s] -- Up-to-date: /home/autoware/Autoware/install/autoware_msgs/include/autoware_msgs/CloudClusterArray.h
[8.020s] -- Up-to-date: /home/autoware/Autoware/install/autoware_msgs/include/autoware_msgs/ImageObjRanged.h
[8.023s] -- Up-to-date: /home/autoware/Autoware/install/autoware_msgs/include/autoware_msgs/RecognizeLightState.h
[8.026s] -- Up-to-date: /home/autoware/Autoware/install/autoware_msgs/include/autoware_msgs/ImageLaneObjects.h
[8.029s] -- Up-to-date: /home/autoware/Autoware/install/autoware_msgs/include/autoware_msgs/ImageObj.h
[8.032s] -- Up-to-date: /home/autoware/Autoware/install/autoware_msgs/include/autoware_msgs/DetectedObjectArray.h
[8.035s] -- Up-to-date: /home/autoware/Autoware/install/autoware_msgs/include/autoware_msgs/VehicleStatus.h
[8.038s] -- Up-to-date: /home/autoware/Autoware/install/autoware_msgs/include/autoware_msgs/RemoteCmd.h
[8.041s] -- Up-to-date: /home/autoware/Autoware/install/autoware_msgs/include/autoware_msgs/Gear.h
[8.044s] -- Up-to-date: /home/autoware/Autoware/install/autoware_msgs/include/autoware_msgs/RecognizeLightStateRequest.h
[8.047s] -- Up-to-date: /home/autoware/Autoware/install/autoware_msgs/include/autoware_msgs/DetectedObject.h
[8.050s] -- Up-to-date: /home/autoware/Autoware/install/autoware_msgs/include/autoware_msgs/ImageObjects.h
[8.053s] -- Up-to-date: /home/autoware/Autoware/install/autoware_msgs/include/autoware_msgs/Lane.h
[8.056s] -- Up-to-date: /home/autoware/Autoware/install/autoware_msgs/include/autoware_msgs/ICPStat.h
[8.059s] -- Up-to-date: /home/autoware/Autoware/install/autoware_msgs/share/roseus/ros/autoware_msgs
[8.059s] -- Up-to-date: /home/autoware/Autoware/install/autoware_msgs/share/roseus/ros/autoware_msgs/manifest.l
[8.062s] -- Up-to-date: /home/autoware/Autoware/install/autoware_msgs/share/roseus/ros/autoware_msgs/srv
[8.062s] -- Up-to-date: /home/autoware/Autoware/install/autoware_msgs/share/roseus/ros/autoware_msgs/srv/RecognizeLightState.l
[8.065s] -- Up-to-date: /home/autoware/Autoware/install/autoware_msgs/share/roseus/ros/autoware_msgs/msg
[8.066s] -- Up-to-date: /home/autoware/Autoware/install/autoware_msgs/share/roseus/ros/autoware_msgs/msg/ExtractedPosition.l
[8.068s] -- Up-to-date: /home/autoware/Autoware/install/autoware_msgs/share/roseus/ros/autoware_msgs/msg/ScanImage.l
[8.071s] -- Up-to-date: /home/autoware/Autoware/install/autoware_msgs/share/roseus/ros/autoware_msgs/msg/GeometricRectangle.l
[8.074s] -- Up-to-date: /home/autoware/Autoware/install/autoware_msgs/share/roseus/ros/autoware_msgs/msg/TrafficLightResultArray.l
[8.077s] -- Up-to-date: /home/autoware/Autoware/install/autoware_msgs/share/roseus/ros/autoware_msgs/msg/ObjPose.l
[8.080s] -- Up-to-date: /home/autoware/Autoware/install/autoware_msgs/share/roseus/ros/autoware_msgs/msg/ICPStat.l
[8.083s] -- Up-to-date: /home/autoware/Autoware/install/autoware_msgs/share/roseus/ros/autoware_msgs/msg/Centroids.l
[8.086s] -- Up-to-date: /home/autoware/Autoware/install/autoware_msgs/share/roseus/ros/autoware_msgs/msg/LampCmd.l
[8.089s] -- Up-to-date: /home/autoware/Autoware/install/autoware_msgs/share/roseus/ros/autoware_msgs/msg/Lane.l
[8.092s] -- Up-to-date: /home/autoware/Autoware/install/autoware_msgs/share/roseus/ros/autoware_msgs/msg/SteerCmd.l
[8.095s] -- Up-to-date: /home/autoware/Autoware/install/autoware_msgs/share/roseus/ros/autoware_msgs/msg/WaypointState.l
[8.098s] -- Up-to-date: /home/autoware/Autoware/install/autoware_msgs/share/roseus/ros/autoware_msgs/msg/StateCmd.l
[8.101s] -- Up-to-date: /home/autoware/Autoware/install/autoware_msgs/share/roseus/ros/autoware_msgs/msg/ImageObjects.l
[8.104s] -- Up-to-date: /home/autoware/Autoware/install/autoware_msgs/share/roseus/ros/autoware_msgs/msg/ValueSet.l
[8.107s] -- Up-to-date: /home/autoware/Autoware/install/autoware_msgs/share/roseus/ros/autoware_msgs/msg/ObjLabel.l
[8.110s] -- Up-to-date: /home/autoware/Autoware/install/autoware_msgs/share/roseus/ros/autoware_msgs/msg/TunedResult.l
[8.113s] -- Up-to-date: /home/autoware/Autoware/install/autoware_msgs/share/roseus/ros/autoware_msgs/msg/AccelCmd.l
[8.116s] -- Up-to-date: /home/autoware/Autoware/install/autoware_msgs/share/roseus/ros/autoware_msgs/msg/VehicleStatus.l
[8.119s] -- Up-to-date: /home/autoware/Autoware/install/autoware_msgs/share/roseus/ros/autoware_msgs/msg/NDTStat.l
[8.122s] -- Up-to-date: /home/autoware/Autoware/install/autoware_msgs/share/roseus/ros/autoware_msgs/msg/TrafficLight.l
[8.124s] -- Up-to-date: /home/autoware/Autoware/install/autoware_msgs/share/roseus/ros/autoware_msgs/msg/State.l
[8.127s] -- Up-to-date: /home/autoware/Autoware/install/autoware_msgs/share/roseus/ros/autoware_msgs/msg/BrakeCmd.l
[8.130s] -- Up-to-date: /home/autoware/Autoware/install/autoware_msgs/share/roseus/ros/autoware_msgs/msg/Signals.l
[8.133s] -- Up-to-date: /home/autoware/Autoware/install/autoware_msgs/share/roseus/ros/autoware_msgs/msg/Waypoint.l
[8.136s] -- Up-to-date: /home/autoware/Autoware/install/autoware_msgs/share/roseus/ros/autoware_msgs/msg/SyncTimeDiff.l
[8.139s] -- Up-to-date: /home/autoware/Autoware/install/autoware_msgs/share/roseus/ros/autoware_msgs/msg/DetectedObject.l
[8.142s] -- Up-to-date: /home/autoware/Autoware/install/autoware_msgs/share/roseus/ros/autoware_msgs/msg/ImageObjRanged.l
[8.145s] -- Up-to-date: /home/autoware/Autoware/install/autoware_msgs/share/roseus/ros/autoware_msgs/msg/RemoteCmd.l
[8.148s] -- Up-to-date: /home/autoware/Autoware/install/autoware_msgs/share/roseus/ros/autoware_msgs/msg/ImageObjTracked.l
[8.150s] -- Up-to-date: /home/autoware/Autoware/install/autoware_msgs/share/roseus/ros/autoware_msgs/msg/ImageRectRanged.l
[8.153s] -- Up-to-date: /home/autoware/Autoware/install/autoware_msgs/share/roseus/ros/autoware_msgs/msg/CloudClusterArray.l
[8.156s] -- Up-to-date: /home/autoware/Autoware/install/autoware_msgs/share/roseus/ros/autoware_msgs/msg/VehicleLocation.l
[8.159s] -- Up-to-date: /home/autoware/Autoware/install/autoware_msgs/share/roseus/ros/autoware_msgs/msg/Gear.l
[8.162s] -- Up-to-date: /home/autoware/Autoware/install/autoware_msgs/share/roseus/ros/autoware_msgs/msg/ImageRect.l
[8.165s] -- Up-to-date: /home/autoware/Autoware/install/autoware_msgs/share/roseus/ros/autoware_msgs/msg/DTLane.l
[8.168s] -- Up-to-date: /home/autoware/Autoware/install/autoware_msgs/share/roseus/ros/autoware_msgs/msg/ControlCommand.l
[8.170s] -- Up-to-date: /home/autoware/Autoware/install/autoware_msgs/share/roseus/ros/autoware_msgs/msg/AdjustXY.l
[8.173s] -- Up-to-date: /home/autoware/Autoware/install/autoware_msgs/share/roseus/ros/autoware_msgs/msg/IndicatorCmd.l
[8.176s] -- Up-to-date: /home/autoware/Autoware/install/autoware_msgs/share/roseus/ros/autoware_msgs/msg/ImageLaneObjects.l
[8.179s] -- Up-to-date: /home/autoware/Autoware/install/autoware_msgs/share/roseus/ros/autoware_msgs/msg/TrafficLightResult.l
[8.182s] -- Up-to-date: /home/autoware/Autoware/install/autoware_msgs/share/roseus/ros/autoware_msgs/msg/CloudCluster.l
[8.185s] -- Up-to-date: /home/autoware/Autoware/install/autoware_msgs/share/roseus/ros/autoware_msgs/msg/SyncTimeMonitor.l
[8.188s] -- Up-to-date: /home/autoware/Autoware/install/autoware_msgs/share/roseus/ros/autoware_msgs/msg/ProjectionMatrix.l
[8.191s] -- Up-to-date: /home/autoware/Autoware/install/autoware_msgs/share/roseus/ros/autoware_msgs/msg/VehicleCmd.l
[8.194s] -- Up-to-date: /home/autoware/Autoware/install/autoware_msgs/share/roseus/ros/autoware_msgs/msg/DetectedObjectArray.l
[8.197s] -- Up-to-date: /home/autoware/Autoware/install/autoware_msgs/share/roseus/ros/autoware_msgs/msg/LaneArray.l
[8.200s] -- Up-to-date: /home/autoware/Autoware/install/autoware_msgs/share/roseus/ros/autoware_msgs/msg/PointsImage.l
[8.203s] -- Up-to-date: /home/autoware/Autoware/install/autoware_msgs/share/roseus/ros/autoware_msgs/msg/ColorSet.l
[8.206s] -- Up-to-date: /home/autoware/Autoware/install/autoware_msgs/share/roseus/ros/autoware_msgs/msg/ControlCommandStamped.l
[8.209s] -- Up-to-date: /home/autoware/Autoware/install/autoware_msgs/share/roseus/ros/autoware_msgs/msg/VscanTracked.l
[8.212s] -- Up-to-date: /home/autoware/Autoware/install/autoware_msgs/share/roseus/ros/autoware_msgs/msg/VscanTrackedArray.l
[8.215s] -- Up-to-date: /home/autoware/Autoware/install/autoware_msgs/share/roseus/ros/autoware_msgs/msg/ImageObj.l
[8.218s] -- Up-to-date: /home/autoware/Autoware/install/autoware_msgs/share/common-lisp/ros/autoware_msgs
[8.218s] -- Up-to-date: /home/autoware/Autoware/install/autoware_msgs/share/common-lisp/ros/autoware_msgs/srv
[8.219s] -- Up-to-date: /home/autoware/Autoware/install/autoware_msgs/share/common-lisp/ros/autoware_msgs/srv/autoware_msgs-srv.asd
[8.221s] -- Up-to-date: /home/autoware/Autoware/install/autoware_msgs/share/common-lisp/ros/autoware_msgs/srv/_package_RecognizeLightState.lisp
[8.224s] -- Up-to-date: /home/autoware/Autoware/install/autoware_msgs/share/common-lisp/ros/autoware_msgs/srv/_package.lisp
[8.227s] -- Up-to-date: /home/autoware/Autoware/install/autoware_msgs/share/common-lisp/ros/autoware_msgs/srv/RecognizeLightState.lisp
[8.230s] -- Up-to-date: /home/autoware/Autoware/install/autoware_msgs/share/common-lisp/ros/autoware_msgs/msg
[8.231s] -- Up-to-date: /home/autoware/Autoware/install/autoware_msgs/share/common-lisp/ros/autoware_msgs/msg/ImageObjects.lisp
[8.234s] -- Up-to-date: /home/autoware/Autoware/install/autoware_msgs/share/common-lisp/ros/autoware_msgs/msg/_package_ControlCommand.lisp
[8.237s] -- Up-to-date: /home/autoware/Autoware/install/autoware_msgs/share/common-lisp/ros/autoware_msgs/msg/_package_NDTStat.lisp
[8.240s] -- Up-to-date: /home/autoware/Autoware/install/autoware_msgs/share/common-lisp/ros/autoware_msgs/msg/State.lisp
[8.242s] -- Up-to-date: /home/autoware/Autoware/install/autoware_msgs/share/common-lisp/ros/autoware_msgs/msg/VehicleLocation.lisp
[8.245s] -- Up-to-date: /home/autoware/Autoware/install/autoware_msgs/share/common-lisp/ros/autoware_msgs/msg/_package_LampCmd.lisp
[8.248s] -- Up-to-date: /home/autoware/Autoware/install/autoware_msgs/share/common-lisp/ros/autoware_msgs/msg/ControlCommand.lisp
[8.251s] -- Up-to-date: /home/autoware/Autoware/install/autoware_msgs/share/common-lisp/ros/autoware_msgs/msg/ExtractedPosition.lisp
[8.254s] -- Up-to-date: /home/autoware/Autoware/install/autoware_msgs/share/common-lisp/ros/autoware_msgs/msg/_package_SyncTimeDiff.lisp
[8.257s] -- Up-to-date: /home/autoware/Autoware/install/autoware_msgs/share/common-lisp/ros/autoware_msgs/msg/VscanTrackedArray.lisp
[8.261s] -- Up-to-date: /home/autoware/Autoware/install/autoware_msgs/share/common-lisp/ros/autoware_msgs/msg/_package_VehicleLocation.lisp
[8.263s] -- Up-to-date: /home/autoware/Autoware/install/autoware_msgs/share/common-lisp/ros/autoware_msgs/msg/AccelCmd.lisp
[8.266s] -- Up-to-date: /home/autoware/Autoware/install/autoware_msgs/share/common-lisp/ros/autoware_msgs/msg/TrafficLightResultArray.lisp
[8.270s] -- Up-to-date: /home/autoware/Autoware/install/autoware_msgs/share/common-lisp/ros/autoware_msgs/msg/IndicatorCmd.lisp
[8.273s] -- Up-to-date: /home/autoware/Autoware/install/autoware_msgs/share/common-lisp/ros/autoware_msgs/msg/ICPStat.lisp
[8.276s] -- Up-to-date: /home/autoware/Autoware/install/autoware_msgs/share/common-lisp/ros/autoware_msgs/msg/_package_TrafficLightResultArray.lisp
[8.278s] -- Up-to-date: /home/autoware/Autoware/install/autoware_msgs/share/common-lisp/ros/autoware_msgs/msg/ImageObj.lisp
[8.282s] -- Up-to-date: /home/autoware/Autoware/install/autoware_msgs/share/common-lisp/ros/autoware_msgs/msg/Waypoint.lisp
[8.285s] -- Up-to-date: /home/autoware/Autoware/install/autoware_msgs/share/common-lisp/ros/autoware_msgs/msg/_package_CloudClusterArray.lisp
[8.287s] -- Up-to-date: /home/autoware/Autoware/install/autoware_msgs/share/common-lisp/ros/autoware_msgs/msg/TrafficLightResult.lisp
[8.290s] -- Up-to-date: /home/autoware/Autoware/install/autoware_msgs/share/common-lisp/ros/autoware_msgs/msg/_package_ExtractedPosition.lisp
[8.293s] -- Up-to-date: /home/autoware/Autoware/install/autoware_msgs/share/common-lisp/ros/autoware_msgs/msg/_package_ProjectionMatrix.lisp
[8.296s] -- Up-to-date: /home/autoware/Autoware/install/autoware_msgs/share/common-lisp/ros/autoware_msgs/msg/ValueSet.lisp
[8.299s] -- Up-to-date: /home/autoware/Autoware/install/autoware_msgs/share/common-lisp/ros/autoware_msgs/msg/_package_ImageObjRanged.lisp
[8.302s] -- Up-to-date: /home/autoware/Autoware/install/autoware_msgs/share/common-lisp/ros/autoware_msgs/msg/ImageObjTracked.lisp
[8.305s] -- Up-to-date: /home/autoware/Autoware/install/autoware_msgs/share/common-lisp/ros/autoware_msgs/msg/_package_State.lisp
[8.308s] -- Up-to-date: /home/autoware/Autoware/install/autoware_msgs/share/common-lisp/ros/autoware_msgs/msg/_package_ObjLabel.lisp
[8.311s] -- Up-to-date: /home/autoware/Autoware/install/autoware_msgs/share/common-lisp/ros/autoware_msgs/msg/_package_ImageObjects.lisp
[8.313s] -- Up-to-date: /home/autoware/Autoware/install/autoware_msgs/share/common-lisp/ros/autoware_msgs/msg/_package_TrafficLightResult.lisp
[8.316s] -- Up-to-date: /home/autoware/Autoware/install/autoware_msgs/share/common-lisp/ros/autoware_msgs/msg/VscanTracked.lisp
[8.319s] -- Up-to-date: /home/autoware/Autoware/install/autoware_msgs/share/common-lisp/ros/autoware_msgs/msg/DTLane.lisp
[8.322s] -- Up-to-date: /home/autoware/Autoware/install/autoware_msgs/share/common-lisp/ros/autoware_msgs/msg/_package_TrafficLight.lisp
[8.325s] -- Up-to-date: /home/autoware/Autoware/install/autoware_msgs/share/common-lisp/ros/autoware_msgs/msg/SyncTimeMonitor.lisp
[8.328s] -- Up-to-date: /home/autoware/Autoware/install/autoware_msgs/share/common-lisp/ros/autoware_msgs/msg/StateCmd.lisp
[8.331s] -- Up-to-date: /home/autoware/Autoware/install/autoware_msgs/share/common-lisp/ros/autoware_msgs/msg/ObjPose.lisp
[8.334s] -- Up-to-date: /home/autoware/Autoware/install/autoware_msgs/share/common-lisp/ros/autoware_msgs/msg/ImageLaneObjects.lisp
[8.337s] -- Up-to-date: /home/autoware/Autoware/install/autoware_msgs/share/common-lisp/ros/autoware_msgs/msg/RemoteCmd.lisp
[8.340s] -- Up-to-date: /home/autoware/Autoware/install/autoware_msgs/share/common-lisp/ros/autoware_msgs/msg/_package.lisp
[8.343s] -- Up-to-date: /home/autoware/Autoware/install/autoware_msgs/share/common-lisp/ros/autoware_msgs/msg/DetectedObjectArray.lisp
[8.346s] -- Up-to-date: /home/autoware/Autoware/install/autoware_msgs/share/common-lisp/ros/autoware_msgs/msg/ImageRectRanged.lisp
[8.349s] -- Up-to-date: /home/autoware/Autoware/install/autoware_msgs/share/common-lisp/ros/autoware_msgs/msg/_package_Waypoint.lisp
[8.352s] -- Up-to-date: /home/autoware/Autoware/install/autoware_msgs/share/common-lisp/ros/autoware_msgs/msg/_package_Centroids.lisp
[8.354s] -- Up-to-date: /home/autoware/Autoware/install/autoware_msgs/share/common-lisp/ros/autoware_msgs/msg/_package_SyncTimeMonitor.lisp
[8.357s] -- Up-to-date: /home/autoware/Autoware/install/autoware_msgs/share/common-lisp/ros/autoware_msgs/msg/BrakeCmd.lisp
[8.360s] -- Up-to-date: /home/autoware/Autoware/install/autoware_msgs/share/common-lisp/ros/autoware_msgs/msg/ProjectionMatrix.lisp
[8.363s] -- Up-to-date: /home/autoware/Autoware/install/autoware_msgs/share/common-lisp/ros/autoware_msgs/msg/_package_ScanImage.lisp
[8.366s] -- Up-to-date: /home/autoware/Autoware/install/autoware_msgs/share/common-lisp/ros/autoware_msgs/msg/_package_PointsImage.lisp
[8.369s] -- Up-to-date: /home/autoware/Autoware/install/autoware_msgs/share/common-lisp/ros/autoware_msgs/msg/ImageObjRanged.lisp
[8.372s] -- Up-to-date: /home/autoware/Autoware/install/autoware_msgs/share/common-lisp/ros/autoware_msgs/msg/_package_AdjustXY.lisp
[8.375s] -- Up-to-date: /home/autoware/Autoware/install/autoware_msgs/share/common-lisp/ros/autoware_msgs/msg/SyncTimeDiff.lisp
[8.378s] -- Up-to-date: /home/autoware/Autoware/install/autoware_msgs/share/common-lisp/ros/autoware_msgs/msg/_package_WaypointState.lisp
[8.381s] -- Up-to-date: /home/autoware/Autoware/install/autoware_msgs/share/common-lisp/ros/autoware_msgs/msg/autoware_msgs-msg.asd
[8.384s] -- Up-to-date: /home/autoware/Autoware/install/autoware_msgs/share/common-lisp/ros/autoware_msgs/msg/Signals.lisp
[8.387s] -- Up-to-date: /home/autoware/Autoware/install/autoware_msgs/share/common-lisp/ros/autoware_msgs/msg/CloudClusterArray.lisp
[8.390s] -- Up-to-date: /home/autoware/Autoware/install/autoware_msgs/share/common-lisp/ros/autoware_msgs/msg/_package_VehicleCmd.lisp
[8.392s] -- Up-to-date: /home/autoware/Autoware/install/autoware_msgs/share/common-lisp/ros/autoware_msgs/msg/_package_ImageRectRanged.lisp
[8.395s] -- Up-to-date: /home/autoware/Autoware/install/autoware_msgs/share/common-lisp/ros/autoware_msgs/msg/_package_Signals.lisp
[8.398s] -- Up-to-date: /home/autoware/Autoware/install/autoware_msgs/share/common-lisp/ros/autoware_msgs/msg/_package_StateCmd.lisp
[8.401s] -- Up-to-date: /home/autoware/Autoware/install/autoware_msgs/share/common-lisp/ros/autoware_msgs/msg/ColorSet.lisp
[8.404s] -- Up-to-date: /home/autoware/Autoware/install/autoware_msgs/share/common-lisp/ros/autoware_msgs/msg/_package_ControlCommandStamped.lisp
[8.407s] -- Up-to-date: /home/autoware/Autoware/install/autoware_msgs/share/common-lisp/ros/autoware_msgs/msg/_package_ImageObjTracked.lisp
[8.410s] -- Up-to-date: /home/autoware/Autoware/install/autoware_msgs/share/common-lisp/ros/autoware_msgs/msg/_package_ColorSet.lisp
[8.412s] -- Up-to-date: /home/autoware/Autoware/install/autoware_msgs/share/common-lisp/ros/autoware_msgs/msg/Gear.lisp
[8.415s] -- Up-to-date: /home/autoware/Autoware/install/autoware_msgs/share/common-lisp/ros/autoware_msgs/msg/ScanImage.lisp
[8.418s] -- Up-to-date: /home/autoware/Autoware/install/autoware_msgs/share/common-lisp/ros/autoware_msgs/msg/CloudCluster.lisp
[8.421s] -- Up-to-date: /home/autoware/Autoware/install/autoware_msgs/share/common-lisp/ros/autoware_msgs/msg/ObjLabel.lisp
[8.424s] -- Up-to-date: /home/autoware/Autoware/install/autoware_msgs/share/common-lisp/ros/autoware_msgs/msg/_package_CloudCluster.lisp
[8.427s] -- Up-to-date: /home/autoware/Autoware/install/autoware_msgs/share/common-lisp/ros/autoware_msgs/msg/DetectedObject.lisp
[8.430s] -- Up-to-date: /home/autoware/Autoware/install/autoware_msgs/share/common-lisp/ros/autoware_msgs/msg/_package_DetectedObject.lisp
[8.433s] -- Up-to-date: /home/autoware/Autoware/install/autoware_msgs/share/common-lisp/ros/autoware_msgs/msg/LampCmd.lisp
[8.436s] -- Up-to-date: /home/autoware/Autoware/install/autoware_msgs/share/common-lisp/ros/autoware_msgs/msg/VehicleCmd.lisp
[8.439s] -- Up-to-date: /home/autoware/Autoware/install/autoware_msgs/share/common-lisp/ros/autoware_msgs/msg/WaypointState.lisp
[8.442s] -- Up-to-date: /home/autoware/Autoware/install/autoware_msgs/share/common-lisp/ros/autoware_msgs/msg/ControlCommandStamped.lisp
[8.445s] -- Up-to-date: /home/autoware/Autoware/install/autoware_msgs/share/common-lisp/ros/autoware_msgs/msg/_package_VehicleStatus.lisp
[8.447s] -- Up-to-date: /home/autoware/Autoware/install/autoware_msgs/share/common-lisp/ros/autoware_msgs/msg/VehicleStatus.lisp
[8.450s] -- Up-to-date: /home/autoware/Autoware/install/autoware_msgs/share/common-lisp/ros/autoware_msgs/msg/NDTStat.lisp
[8.453s] -- Up-to-date: /home/autoware/Autoware/install/autoware_msgs/share/common-lisp/ros/autoware_msgs/msg/_package_Gear.lisp
[8.456s] -- Up-to-date: /home/autoware/Autoware/install/autoware_msgs/share/common-lisp/ros/autoware_msgs/msg/_package_AccelCmd.lisp
[8.459s] -- Up-to-date: /home/autoware/Autoware/install/autoware_msgs/share/common-lisp/ros/autoware_msgs/msg/_package_BrakeCmd.lisp
[8.462s] -- Up-to-date: /home/autoware/Autoware/install/autoware_msgs/share/common-lisp/ros/autoware_msgs/msg/_package_VscanTrackedArray.lisp
[8.465s] -- Up-to-date: /home/autoware/Autoware/install/autoware_msgs/share/common-lisp/ros/autoware_msgs/msg/GeometricRectangle.lisp
[8.468s] -- Up-to-date: /home/autoware/Autoware/install/autoware_msgs/share/common-lisp/ros/autoware_msgs/msg/_package_TunedResult.lisp
[8.471s] -- Up-to-date: /home/autoware/Autoware/install/autoware_msgs/share/common-lisp/ros/autoware_msgs/msg/_package_IndicatorCmd.lisp
[8.474s] -- Up-to-date: /home/autoware/Autoware/install/autoware_msgs/share/common-lisp/ros/autoware_msgs/msg/_package_ImageObj.lisp
[8.477s] -- Up-to-date: /home/autoware/Autoware/install/autoware_msgs/share/common-lisp/ros/autoware_msgs/msg/ImageRect.lisp
[8.479s] -- Up-to-date: /home/autoware/Autoware/install/autoware_msgs/share/common-lisp/ros/autoware_msgs/msg/_package_GeometricRectangle.lisp
[8.482s] -- Up-to-date: /home/autoware/Autoware/install/autoware_msgs/share/common-lisp/ros/autoware_msgs/msg/PointsImage.lisp
[8.485s] -- Up-to-date: /home/autoware/Autoware/install/autoware_msgs/share/common-lisp/ros/autoware_msgs/msg/Lane.lisp
[8.488s] -- Up-to-date: /home/autoware/Autoware/install/autoware_msgs/share/common-lisp/ros/autoware_msgs/msg/_package_Lane.lisp
[8.491s] -- Up-to-date: /home/autoware/Autoware/install/autoware_msgs/share/common-lisp/ros/autoware_msgs/msg/SteerCmd.lisp
[8.494s] -- Up-to-date: /home/autoware/Autoware/install/autoware_msgs/share/common-lisp/ros/autoware_msgs/msg/_package_ValueSet.lisp
[8.497s] -- Up-to-date: /home/autoware/Autoware/install/autoware_msgs/share/common-lisp/ros/autoware_msgs/msg/_package_ImageRect.lisp
[8.500s] -- Up-to-date: /home/autoware/Autoware/install/autoware_msgs/share/common-lisp/ros/autoware_msgs/msg/_package_ObjPose.lisp
[8.503s] -- Up-to-date: /home/autoware/Autoware/install/autoware_msgs/share/common-lisp/ros/autoware_msgs/msg/LaneArray.lisp
[8.506s] -- Up-to-date: /home/autoware/Autoware/install/autoware_msgs/share/common-lisp/ros/autoware_msgs/msg/_package_VscanTracked.lisp
[8.509s] -- Up-to-date: /home/autoware/Autoware/install/autoware_msgs/share/common-lisp/ros/autoware_msgs/msg/_package_DTLane.lisp
[8.511s] -- Up-to-date: /home/autoware/Autoware/install/autoware_msgs/share/common-lisp/ros/autoware_msgs/msg/AdjustXY.lisp
[8.514s] -- Up-to-date: /home/autoware/Autoware/install/autoware_msgs/share/common-lisp/ros/autoware_msgs/msg/TunedResult.lisp
[8.517s] -- Up-to-date: /home/autoware/Autoware/install/autoware_msgs/share/common-lisp/ros/autoware_msgs/msg/_package_SteerCmd.lisp
[8.520s] -- Up-to-date: /home/autoware/Autoware/install/autoware_msgs/share/common-lisp/ros/autoware_msgs/msg/Centroids.lisp
[8.523s] -- Up-to-date: /home/autoware/Autoware/install/autoware_msgs/share/common-lisp/ros/autoware_msgs/msg/_package_ICPStat.lisp
[8.526s] -- Up-to-date: /home/autoware/Autoware/install/autoware_msgs/share/common-lisp/ros/autoware_msgs/msg/TrafficLight.lisp
[8.529s] -- Up-to-date: /home/autoware/Autoware/install/autoware_msgs/share/common-lisp/ros/autoware_msgs/msg/_package_DetectedObjectArray.lisp
[8.532s] -- Up-to-date: /home/autoware/Autoware/install/autoware_msgs/share/common-lisp/ros/autoware_msgs/msg/_package_ImageLaneObjects.lisp
[8.535s] -- Up-to-date: /home/autoware/Autoware/install/autoware_msgs/share/common-lisp/ros/autoware_msgs/msg/_package_LaneArray.lisp
[8.537s] -- Up-to-date: /home/autoware/Autoware/install/autoware_msgs/share/common-lisp/ros/autoware_msgs/msg/_package_RemoteCmd.lisp
[8.541s] -- Up-to-date: /home/autoware/Autoware/install/autoware_msgs/share/gennodejs/ros/autoware_msgs
[8.541s] -- Up-to-date: /home/autoware/Autoware/install/autoware_msgs/share/gennodejs/ros/autoware_msgs/srv
[8.541s] -- Up-to-date: /home/autoware/Autoware/install/autoware_msgs/share/gennodejs/ros/autoware_msgs/srv/_index.js
[8.544s] -- Up-to-date: /home/autoware/Autoware/install/autoware_msgs/share/gennodejs/ros/autoware_msgs/srv/RecognizeLightState.js
[8.547s] -- Up-to-date: /home/autoware/Autoware/install/autoware_msgs/share/gennodejs/ros/autoware_msgs/_index.js
[8.550s] -- Up-to-date: /home/autoware/Autoware/install/autoware_msgs/share/gennodejs/ros/autoware_msgs/msg
[8.550s] -- Up-to-date: /home/autoware/Autoware/install/autoware_msgs/share/gennodejs/ros/autoware_msgs/msg/VscanTrackedArray.js
[8.553s] -- Up-to-date: /home/autoware/Autoware/install/autoware_msgs/share/gennodejs/ros/autoware_msgs/msg/ScanImage.js
[8.556s] -- Up-to-date: /home/autoware/Autoware/install/autoware_msgs/share/gennodejs/ros/autoware_msgs/msg/LaneArray.js
[8.559s] -- Up-to-date: /home/autoware/Autoware/install/autoware_msgs/share/gennodejs/ros/autoware_msgs/msg/StateCmd.js
[8.562s] -- Up-to-date: /home/autoware/Autoware/install/autoware_msgs/share/gennodejs/ros/autoware_msgs/msg/SteerCmd.js
[8.565s] -- Up-to-date: /home/autoware/Autoware/install/autoware_msgs/share/gennodejs/ros/autoware_msgs/msg/GeometricRectangle.js
[8.568s] -- Up-to-date: /home/autoware/Autoware/install/autoware_msgs/share/gennodejs/ros/autoware_msgs/msg/CloudClusterArray.js
[8.571s] -- Up-to-date: /home/autoware/Autoware/install/autoware_msgs/share/gennodejs/ros/autoware_msgs/msg/IndicatorCmd.js
[8.574s] -- Up-to-date: /home/autoware/Autoware/install/autoware_msgs/share/gennodejs/ros/autoware_msgs/msg/TrafficLight.js
[8.576s] -- Up-to-date: /home/autoware/Autoware/install/autoware_msgs/share/gennodejs/ros/autoware_msgs/msg/AdjustXY.js
[8.579s] -- Up-to-date: /home/autoware/Autoware/install/autoware_msgs/share/gennodejs/ros/autoware_msgs/msg/ControlCommand.js
[8.582s] -- Up-to-date: /home/autoware/Autoware/install/autoware_msgs/share/gennodejs/ros/autoware_msgs/msg/ImageRectRanged.js
[8.585s] -- Up-to-date: /home/autoware/Autoware/install/autoware_msgs/share/gennodejs/ros/autoware_msgs/msg/Lane.js
[8.588s] -- Up-to-date: /home/autoware/Autoware/install/autoware_msgs/share/gennodejs/ros/autoware_msgs/msg/ExtractedPosition.js
[8.590s] -- Up-to-date: /home/autoware/Autoware/install/autoware_msgs/share/gennodejs/ros/autoware_msgs/msg/WaypointState.js
[8.593s] -- Up-to-date: /home/autoware/Autoware/install/autoware_msgs/share/gennodejs/ros/autoware_msgs/msg/PointsImage.js
[8.596s] -- Up-to-date: /home/autoware/Autoware/install/autoware_msgs/share/gennodejs/ros/autoware_msgs/msg/ValueSet.js
[8.599s] -- Up-to-date: /home/autoware/Autoware/install/autoware_msgs/share/gennodejs/ros/autoware_msgs/msg/TrafficLightResultArray.js
[8.602s] -- Up-to-date: /home/autoware/Autoware/install/autoware_msgs/share/gennodejs/ros/autoware_msgs/msg/TunedResult.js
[8.605s] -- Up-to-date: /home/autoware/Autoware/install/autoware_msgs/share/gennodejs/ros/autoware_msgs/msg/NDTStat.js
[8.608s] -- Up-to-date: /home/autoware/Autoware/install/autoware_msgs/share/gennodejs/ros/autoware_msgs/msg/DetectedObjectArray.js
[8.611s] -- Up-to-date: /home/autoware/Autoware/install/autoware_msgs/share/gennodejs/ros/autoware_msgs/msg/ControlCommandStamped.js
[8.613s] -- Up-to-date: /home/autoware/Autoware/install/autoware_msgs/share/gennodejs/ros/autoware_msgs/msg/ImageObjects.js
[8.616s] -- Up-to-date: /home/autoware/Autoware/install/autoware_msgs/share/gennodejs/ros/autoware_msgs/msg/VscanTracked.js
[8.619s] -- Up-to-date: /home/autoware/Autoware/install/autoware_msgs/share/gennodejs/ros/autoware_msgs/msg/VehicleLocation.js
[8.622s] -- Up-to-date: /home/autoware/Autoware/install/autoware_msgs/share/gennodejs/ros/autoware_msgs/msg/ICPStat.js
[8.625s] -- Up-to-date: /home/autoware/Autoware/install/autoware_msgs/share/gennodejs/ros/autoware_msgs/msg/ImageObjTracked.js
[8.628s] -- Up-to-date: /home/autoware/Autoware/install/autoware_msgs/share/gennodejs/ros/autoware_msgs/msg/ColorSet.js
[8.631s] -- Up-to-date: /home/autoware/Autoware/install/autoware_msgs/share/gennodejs/ros/autoware_msgs/msg/ImageLaneObjects.js
[8.634s] -- Up-to-date: /home/autoware/Autoware/install/autoware_msgs/share/gennodejs/ros/autoware_msgs/msg/ImageRect.js
[8.637s] -- Up-to-date: /home/autoware/Autoware/install/autoware_msgs/share/gennodejs/ros/autoware_msgs/msg/DTLane.js
[8.640s] -- Up-to-date: /home/autoware/Autoware/install/autoware_msgs/share/gennodejs/ros/autoware_msgs/msg/RemoteCmd.js
[8.642s] -- Up-to-date: /home/autoware/Autoware/install/autoware_msgs/share/gennodejs/ros/autoware_msgs/msg/AccelCmd.js
[8.645s] -- Up-to-date: /home/autoware/Autoware/install/autoware_msgs/share/gennodejs/ros/autoware_msgs/msg/TrafficLightResult.js
[8.648s] -- Up-to-date: /home/autoware/Autoware/install/autoware_msgs/share/gennodejs/ros/autoware_msgs/msg/State.js
[8.651s] -- Up-to-date: /home/autoware/Autoware/install/autoware_msgs/share/gennodejs/ros/autoware_msgs/msg/VehicleStatus.js
[8.654s] -- Up-to-date: /home/autoware/Autoware/install/autoware_msgs/share/gennodejs/ros/autoware_msgs/msg/CloudCluster.js
[8.657s] -- Up-to-date: /home/autoware/Autoware/install/autoware_msgs/share/gennodejs/ros/autoware_msgs/msg/ObjPose.js
[8.660s] -- Up-to-date: /home/autoware/Autoware/install/autoware_msgs/share/gennodejs/ros/autoware_msgs/msg/ImageObj.js
[8.663s] -- Up-to-date: /home/autoware/Autoware/install/autoware_msgs/share/gennodejs/ros/autoware_msgs/msg/ProjectionMatrix.js
[8.666s] -- Up-to-date: /home/autoware/Autoware/install/autoware_msgs/share/gennodejs/ros/autoware_msgs/msg/Signals.js
[8.669s] -- Up-to-date: /home/autoware/Autoware/install/autoware_msgs/share/gennodejs/ros/autoware_msgs/msg/Gear.js
[8.671s] -- Up-to-date: /home/autoware/Autoware/install/autoware_msgs/share/gennodejs/ros/autoware_msgs/msg/_index.js
[8.674s] -- Up-to-date: /home/autoware/Autoware/install/autoware_msgs/share/gennodejs/ros/autoware_msgs/msg/Waypoint.js
[8.677s] -- Up-to-date: /home/autoware/Autoware/install/autoware_msgs/share/gennodejs/ros/autoware_msgs/msg/DetectedObject.js
[8.680s] -- Up-to-date: /home/autoware/Autoware/install/autoware_msgs/share/gennodejs/ros/autoware_msgs/msg/BrakeCmd.js
[8.683s] -- Up-to-date: /home/autoware/Autoware/install/autoware_msgs/share/gennodejs/ros/autoware_msgs/msg/SyncTimeDiff.js
[8.686s] -- Up-to-date: /home/autoware/Autoware/install/autoware_msgs/share/gennodejs/ros/autoware_msgs/msg/SyncTimeMonitor.js
[8.689s] -- Up-to-date: /home/autoware/Autoware/install/autoware_msgs/share/gennodejs/ros/autoware_msgs/msg/ObjLabel.js
[8.692s] -- Up-to-date: /home/autoware/Autoware/install/autoware_msgs/share/gennodejs/ros/autoware_msgs/msg/LampCmd.js
[8.695s] -- Up-to-date: /home/autoware/Autoware/install/autoware_msgs/share/gennodejs/ros/autoware_msgs/msg/VehicleCmd.js
[8.697s] -- Up-to-date: /home/autoware/Autoware/install/autoware_msgs/share/gennodejs/ros/autoware_msgs/msg/ImageObjRanged.js
[8.700s] -- Up-to-date: /home/autoware/Autoware/install/autoware_msgs/share/gennodejs/ros/autoware_msgs/msg/Centroids.js
[8.742s] Listing /home/autoware/Autoware/build/autoware_msgs/devel/lib/python2.7/dist-packages/autoware_msgs ...
[8.743s] Listing /home/autoware/Autoware/build/autoware_msgs/devel/lib/python2.7/dist-packages/autoware_msgs/msg ...
[8.743s] Listing /home/autoware/Autoware/build/autoware_msgs/devel/lib/python2.7/dist-packages/autoware_msgs/srv ...
[8.744s] -- Up-to-date: /home/autoware/Autoware/install/autoware_msgs/lib/python2.7/dist-packages/autoware_msgs
[8.744s] -- Up-to-date: /home/autoware/Autoware/install/autoware_msgs/lib/python2.7/dist-packages/autoware_msgs/__init__.pyc
[8.747s] -- Up-to-date: /home/autoware/Autoware/install/autoware_msgs/lib/python2.7/dist-packages/autoware_msgs/srv
[8.748s] -- Up-to-date: /home/autoware/Autoware/install/autoware_msgs/lib/python2.7/dist-packages/autoware_msgs/srv/__init__.pyc
[8.750s] -- Up-to-date: /home/autoware/Autoware/install/autoware_msgs/lib/python2.7/dist-packages/autoware_msgs/srv/_RecognizeLightState.py
[8.754s] -- Up-to-date: /home/autoware/Autoware/install/autoware_msgs/lib/python2.7/dist-packages/autoware_msgs/srv/__init__.py
[8.756s] -- Up-to-date: /home/autoware/Autoware/install/autoware_msgs/lib/python2.7/dist-packages/autoware_msgs/srv/_RecognizeLightState.pyc
[8.759s] -- Up-to-date: /home/autoware/Autoware/install/autoware_msgs/lib/python2.7/dist-packages/autoware_msgs/__init__.py
[8.760s] -- Up-to-date: /home/autoware/Autoware/install/autoware_msgs/lib/python2.7/dist-packages/autoware_msgs/msg
[8.760s] -- Up-to-date: /home/autoware/Autoware/install/autoware_msgs/lib/python2.7/dist-packages/autoware_msgs/msg/_ValueSet.pyc
[8.763s] -- Up-to-date: /home/autoware/Autoware/install/autoware_msgs/lib/python2.7/dist-packages/autoware_msgs/msg/_ControlCommandStamped.py
[8.772s] -- Up-to-date: /home/autoware/Autoware/install/autoware_msgs/lib/python2.7/dist-packages/autoware_msgs/msg/_Gear.pyc
[8.778s] -- Up-to-date: /home/autoware/Autoware/install/autoware_msgs/lib/python2.7/dist-packages/autoware_msgs/msg/_ObjPose.pyc
[8.784s] -- Up-to-date: /home/autoware/Autoware/install/autoware_msgs/lib/python2.7/dist-packages/autoware_msgs/msg/_Lane.py
[8.790s] -- Up-to-date: /home/autoware/Autoware/install/autoware_msgs/lib/python2.7/dist-packages/autoware_msgs/msg/_RemoteCmd.pyc
[8.796s] -- Up-to-date: /home/autoware/Autoware/install/autoware_msgs/lib/python2.7/dist-packages/autoware_msgs/msg/_AccelCmd.pyc
[8.802s] -- Up-to-date: /home/autoware/Autoware/install/autoware_msgs/lib/python2.7/dist-packages/autoware_msgs/msg/_NDTStat.py
[8.805s] -- Up-to-date: /home/autoware/Autoware/install/autoware_msgs/lib/python2.7/dist-packages/autoware_msgs/msg/_LaneArray.pyc
[8.808s] -- Up-to-date: /home/autoware/Autoware/install/autoware_msgs/lib/python2.7/dist-packages/autoware_msgs/msg/__init__.pyc
[8.810s] -- Up-to-date: /home/autoware/Autoware/install/autoware_msgs/lib/python2.7/dist-packages/autoware_msgs/msg/_Centroids.py
[8.814s] -- Up-to-date: /home/autoware/Autoware/install/autoware_msgs/lib/python2.7/dist-packages/autoware_msgs/msg/_ImageObjTracked.pyc
[8.817s] -- Up-to-date: /home/autoware/Autoware/install/autoware_msgs/lib/python2.7/dist-packages/autoware_msgs/msg/_ControlCommand.pyc
[8.819s] -- Up-to-date: /home/autoware/Autoware/install/autoware_msgs/lib/python2.7/dist-packages/autoware_msgs/msg/_ImageObj.pyc
[8.822s] -- Up-to-date: /home/autoware/Autoware/install/autoware_msgs/lib/python2.7/dist-packages/autoware_msgs/msg/_LampCmd.pyc
[8.825s] -- Up-to-date: /home/autoware/Autoware/install/autoware_msgs/lib/python2.7/dist-packages/autoware_msgs/msg/_StateCmd.py
[8.828s] -- Up-to-date: /home/autoware/Autoware/install/autoware_msgs/lib/python2.7/dist-packages/autoware_msgs/msg/_VehicleCmd.pyc
[8.831s] -- Up-to-date: /home/autoware/Autoware/install/autoware_msgs/lib/python2.7/dist-packages/autoware_msgs/msg/_BrakeCmd.pyc
[8.834s] -- Up-to-date: /home/autoware/Autoware/install/autoware_msgs/lib/python2.7/dist-packages/autoware_msgs/msg/_IndicatorCmd.pyc
[8.837s] -- Up-to-date: /home/autoware/Autoware/install/autoware_msgs/lib/python2.7/dist-packages/autoware_msgs/msg/_DetectedObjectArray.py
[8.840s] -- Up-to-date: /home/autoware/Autoware/install/autoware_msgs/lib/python2.7/dist-packages/autoware_msgs/msg/_WaypointState.py
[8.843s] -- Up-to-date: /home/autoware/Autoware/install/autoware_msgs/lib/python2.7/dist-packages/autoware_msgs/msg/_CloudCluster.py
[8.846s] -- Up-to-date: /home/autoware/Autoware/install/autoware_msgs/lib/python2.7/dist-packages/autoware_msgs/msg/_AccelCmd.py
[8.849s] -- Up-to-date: /home/autoware/Autoware/install/autoware_msgs/lib/python2.7/dist-packages/autoware_msgs/msg/_AdjustXY.py
[8.852s] -- Up-to-date: /home/autoware/Autoware/install/autoware_msgs/lib/python2.7/dist-packages/autoware_msgs/msg/_ValueSet.py
[8.855s] -- Up-to-date: /home/autoware/Autoware/install/autoware_msgs/lib/python2.7/dist-packages/autoware_msgs/msg/_Signals.py
[8.858s] -- Up-to-date: /home/autoware/Autoware/install/autoware_msgs/lib/python2.7/dist-packages/autoware_msgs/msg/_VehicleCmd.py
[8.861s] -- Up-to-date: /home/autoware/Autoware/install/autoware_msgs/lib/python2.7/dist-packages/autoware_msgs/msg/_ImageObjRanged.pyc
[8.864s] -- Up-to-date: /home/autoware/Autoware/install/autoware_msgs/lib/python2.7/dist-packages/autoware_msgs/msg/_TrafficLightResult.pyc
[8.866s] -- Up-to-date: /home/autoware/Autoware/install/autoware_msgs/lib/python2.7/dist-packages/autoware_msgs/msg/_WaypointState.pyc
[8.869s] -- Up-to-date: /home/autoware/Autoware/install/autoware_msgs/lib/python2.7/dist-packages/autoware_msgs/msg/_LampCmd.py
[8.872s] -- Up-to-date: /home/autoware/Autoware/install/autoware_msgs/lib/python2.7/dist-packages/autoware_msgs/msg/_ObjLabel.pyc
[8.875s] -- Up-to-date: /home/autoware/Autoware/install/autoware_msgs/lib/python2.7/dist-packages/autoware_msgs/msg/_Lane.pyc
[8.878s] -- Up-to-date: /home/autoware/Autoware/install/autoware_msgs/lib/python2.7/dist-packages/autoware_msgs/msg/_ImageRectRanged.pyc
[8.881s] -- Up-to-date: /home/autoware/Autoware/install/autoware_msgs/lib/python2.7/dist-packages/autoware_msgs/msg/_DTLane.py
[8.884s] -- Up-to-date: /home/autoware/Autoware/install/autoware_msgs/lib/python2.7/dist-packages/autoware_msgs/msg/_CloudClusterArray.py
[8.887s] -- Up-to-date: /home/autoware/Autoware/install/autoware_msgs/lib/python2.7/dist-packages/autoware_msgs/msg/_VscanTrackedArray.pyc
[8.890s] -- Up-to-date: /home/autoware/Autoware/install/autoware_msgs/lib/python2.7/dist-packages/autoware_msgs/msg/_Gear.py
[8.892s] -- Up-to-date: /home/autoware/Autoware/install/autoware_msgs/lib/python2.7/dist-packages/autoware_msgs/msg/_ColorSet.pyc
[8.895s] -- Up-to-date: /home/autoware/Autoware/install/autoware_msgs/lib/python2.7/dist-packages/autoware_msgs/msg/_GeometricRectangle.pyc
[8.898s] -- Up-to-date: /home/autoware/Autoware/install/autoware_msgs/lib/python2.7/dist-packages/autoware_msgs/msg/_VscanTracked.py
[8.901s] -- Up-to-date: /home/autoware/Autoware/install/autoware_msgs/lib/python2.7/dist-packages/autoware_msgs/msg/_ImageRectRanged.py
[8.904s] -- Up-to-date: /home/autoware/Autoware/install/autoware_msgs/lib/python2.7/dist-packages/autoware_msgs/msg/_CloudClusterArray.pyc
[8.907s] -- Up-to-date: /home/autoware/Autoware/install/autoware_msgs/lib/python2.7/dist-packages/autoware_msgs/msg/_LaneArray.py
[8.910s] -- Up-to-date: /home/autoware/Autoware/install/autoware_msgs/lib/python2.7/dist-packages/autoware_msgs/msg/_VehicleLocation.pyc
[8.913s] -- Up-to-date: /home/autoware/Autoware/install/autoware_msgs/lib/python2.7/dist-packages/autoware_msgs/msg/_VehicleStatus.py
[8.916s] -- Up-to-date: /home/autoware/Autoware/install/autoware_msgs/lib/python2.7/dist-packages/autoware_msgs/msg/_State.pyc
[8.919s] -- Up-to-date: /home/autoware/Autoware/install/autoware_msgs/lib/python2.7/dist-packages/autoware_msgs/msg/_NDTStat.pyc
[8.922s] -- Up-to-date: /home/autoware/Autoware/install/autoware_msgs/lib/python2.7/dist-packages/autoware_msgs/msg/_ProjectionMatrix.py
[8.925s] -- Up-to-date: /home/autoware/Autoware/install/autoware_msgs/lib/python2.7/dist-packages/autoware_msgs/msg/_ObjPose.py
[8.928s] -- Up-to-date: /home/autoware/Autoware/install/autoware_msgs/lib/python2.7/dist-packages/autoware_msgs/msg/_ImageRect.pyc
[8.931s] -- Up-to-date: /home/autoware/Autoware/install/autoware_msgs/lib/python2.7/dist-packages/autoware_msgs/msg/_SyncTimeMonitor.pyc
[8.934s] -- Up-to-date: /home/autoware/Autoware/install/autoware_msgs/lib/python2.7/dist-packages/autoware_msgs/msg/_ImageObjRanged.py
[8.936s] -- Up-to-date: /home/autoware/Autoware/install/autoware_msgs/lib/python2.7/dist-packages/autoware_msgs/msg/_StateCmd.pyc
[8.940s] -- Up-to-date: /home/autoware/Autoware/install/autoware_msgs/lib/python2.7/dist-packages/autoware_msgs/msg/_ImageLaneObjects.py
[8.942s] -- Up-to-date: /home/autoware/Autoware/install/autoware_msgs/lib/python2.7/dist-packages/autoware_msgs/msg/_State.py
[8.945s] -- Up-to-date: /home/autoware/Autoware/install/autoware_msgs/lib/python2.7/dist-packages/autoware_msgs/msg/_SyncTimeMonitor.py
[8.948s] -- Up-to-date: /home/autoware/Autoware/install/autoware_msgs/lib/python2.7/dist-packages/autoware_msgs/msg/_TrafficLight.pyc
[8.951s] -- Up-to-date: /home/autoware/Autoware/install/autoware_msgs/lib/python2.7/dist-packages/autoware_msgs/msg/_TrafficLightResultArray.py
[8.954s] -- Up-to-date: /home/autoware/Autoware/install/autoware_msgs/lib/python2.7/dist-packages/autoware_msgs/msg/_DetectedObjectArray.pyc
[8.958s] -- Up-to-date: /home/autoware/Autoware/install/autoware_msgs/lib/python2.7/dist-packages/autoware_msgs/msg/_VehicleStatus.pyc
[8.960s] -- Up-to-date: /home/autoware/Autoware/install/autoware_msgs/lib/python2.7/dist-packages/autoware_msgs/msg/_ProjectionMatrix.pyc
[8.963s] -- Up-to-date: /home/autoware/Autoware/install/autoware_msgs/lib/python2.7/dist-packages/autoware_msgs/msg/_TunedResult.pyc
[8.966s] -- Up-to-date: /home/autoware/Autoware/install/autoware_msgs/lib/python2.7/dist-packages/autoware_msgs/msg/_TrafficLightResult.py
[8.969s] -- Up-to-date: /home/autoware/Autoware/install/autoware_msgs/lib/python2.7/dist-packages/autoware_msgs/msg/_ObjLabel.py
[8.972s] -- Up-to-date: /home/autoware/Autoware/install/autoware_msgs/lib/python2.7/dist-packages/autoware_msgs/msg/_AdjustXY.pyc
[8.975s] -- Up-to-date: /home/autoware/Autoware/install/autoware_msgs/lib/python2.7/dist-packages/autoware_msgs/msg/_GeometricRectangle.py
[8.978s] -- Up-to-date: /home/autoware/Autoware/install/autoware_msgs/lib/python2.7/dist-packages/autoware_msgs/msg/_ICPStat.py
[8.981s] -- Up-to-date: /home/autoware/Autoware/install/autoware_msgs/lib/python2.7/dist-packages/autoware_msgs/msg/_Waypoint.py
[8.984s] -- Up-to-date: /home/autoware/Autoware/install/autoware_msgs/lib/python2.7/dist-packages/autoware_msgs/msg/_VscanTracked.pyc
[8.986s] -- Up-to-date: /home/autoware/Autoware/install/autoware_msgs/lib/python2.7/dist-packages/autoware_msgs/msg/_ControlCommand.py
[8.989s] -- Up-to-date: /home/autoware/Autoware/install/autoware_msgs/lib/python2.7/dist-packages/autoware_msgs/msg/_TrafficLight.py
[8.992s] -- Up-to-date: /home/autoware/Autoware/install/autoware_msgs/lib/python2.7/dist-packages/autoware_msgs/msg/_ImageObjects.py
[8.995s] -- Up-to-date: /home/autoware/Autoware/install/autoware_msgs/lib/python2.7/dist-packages/autoware_msgs/msg/_Signals.pyc
[8.998s] -- Up-to-date: /home/autoware/Autoware/install/autoware_msgs/lib/python2.7/dist-packages/autoware_msgs/msg/_ImageRect.py
[9.001s] -- Up-to-date: /home/autoware/Autoware/install/autoware_msgs/lib/python2.7/dist-packages/autoware_msgs/msg/_Centroids.pyc
[9.004s] -- Up-to-date: /home/autoware/Autoware/install/autoware_msgs/lib/python2.7/dist-packages/autoware_msgs/msg/_RemoteCmd.py
[9.007s] -- Up-to-date: /home/autoware/Autoware/install/autoware_msgs/lib/python2.7/dist-packages/autoware_msgs/msg/_ImageObj.py
[9.010s] -- Up-to-date: /home/autoware/Autoware/install/autoware_msgs/lib/python2.7/dist-packages/autoware_msgs/msg/_ScanImage.py
[9.013s] -- Up-to-date: /home/autoware/Autoware/install/autoware_msgs/lib/python2.7/dist-packages/autoware_msgs/msg/_TrafficLightResultArray.pyc
[9.016s] -- Up-to-date: /home/autoware/Autoware/install/autoware_msgs/lib/python2.7/dist-packages/autoware_msgs/msg/_ExtractedPosition.pyc
[9.019s] -- Up-to-date: /home/autoware/Autoware/install/autoware_msgs/lib/python2.7/dist-packages/autoware_msgs/msg/__init__.py
[9.022s] -- Up-to-date: /home/autoware/Autoware/install/autoware_msgs/lib/python2.7/dist-packages/autoware_msgs/msg/_SyncTimeDiff.py
[9.025s] -- Up-to-date: /home/autoware/Autoware/install/autoware_msgs/lib/python2.7/dist-packages/autoware_msgs/msg/_Waypoint.pyc
[9.028s] -- Up-to-date: /home/autoware/Autoware/install/autoware_msgs/lib/python2.7/dist-packages/autoware_msgs/msg/_DetectedObject.py
[9.031s] -- Up-to-date: /home/autoware/Autoware/install/autoware_msgs/lib/python2.7/dist-packages/autoware_msgs/msg/_IndicatorCmd.py
[9.034s] -- Up-to-date: /home/autoware/Autoware/install/autoware_msgs/lib/python2.7/dist-packages/autoware_msgs/msg/_DetectedObject.pyc
[9.037s] -- Up-to-date: /home/autoware/Autoware/install/autoware_msgs/lib/python2.7/dist-packages/autoware_msgs/msg/_SyncTimeDiff.pyc
[9.040s] -- Up-to-date: /home/autoware/Autoware/install/autoware_msgs/lib/python2.7/dist-packages/autoware_msgs/msg/_ScanImage.pyc
[9.042s] -- Up-to-date: /home/autoware/Autoware/install/autoware_msgs/lib/python2.7/dist-packages/autoware_msgs/msg/_PointsImage.py
[9.045s] -- Up-to-date: /home/autoware/Autoware/install/autoware_msgs/lib/python2.7/dist-packages/autoware_msgs/msg/_PointsImage.pyc
[9.048s] -- Up-to-date: /home/autoware/Autoware/install/autoware_msgs/lib/python2.7/dist-packages/autoware_msgs/msg/_TunedResult.py
[9.051s] -- Up-to-date: /home/autoware/Autoware/install/autoware_msgs/lib/python2.7/dist-packages/autoware_msgs/msg/_BrakeCmd.py
[9.054s] -- Up-to-date: /home/autoware/Autoware/install/autoware_msgs/lib/python2.7/dist-packages/autoware_msgs/msg/_CloudCluster.pyc
[9.056s] -- Up-to-date: /home/autoware/Autoware/install/autoware_msgs/lib/python2.7/dist-packages/autoware_msgs/msg/_SteerCmd.pyc
[9.059s] -- Up-to-date: /home/autoware/Autoware/install/autoware_msgs/lib/python2.7/dist-packages/autoware_msgs/msg/_ICPStat.pyc
[9.062s] -- Up-to-date: /home/autoware/Autoware/install/autoware_msgs/lib/python2.7/dist-packages/autoware_msgs/msg/_ColorSet.py
[9.065s] -- Up-to-date: /home/autoware/Autoware/install/autoware_msgs/lib/python2.7/dist-packages/autoware_msgs/msg/_SteerCmd.py
[9.068s] -- Up-to-date: /home/autoware/Autoware/install/autoware_msgs/lib/python2.7/dist-packages/autoware_msgs/msg/_DTLane.pyc
[9.070s] -- Up-to-date: /home/autoware/Autoware/install/autoware_msgs/lib/python2.7/dist-packages/autoware_msgs/msg/_VehicleLocation.py
[9.073s] -- Up-to-date: /home/autoware/Autoware/install/autoware_msgs/lib/python2.7/dist-packages/autoware_msgs/msg/_ImageLaneObjects.pyc
[9.076s] -- Up-to-date: /home/autoware/Autoware/install/autoware_msgs/lib/python2.7/dist-packages/autoware_msgs/msg/_ImageObjTracked.py
[9.079s] -- Up-to-date: /home/autoware/Autoware/install/autoware_msgs/lib/python2.7/dist-packages/autoware_msgs/msg/_ControlCommandStamped.pyc
[9.082s] -- Up-to-date: /home/autoware/Autoware/install/autoware_msgs/lib/python2.7/dist-packages/autoware_msgs/msg/_ExtractedPosition.py
[9.085s] -- Up-to-date: /home/autoware/Autoware/install/autoware_msgs/lib/python2.7/dist-packages/autoware_msgs/msg/_VscanTrackedArray.py
[9.088s] -- Up-to-date: /home/autoware/Autoware/install/autoware_msgs/lib/python2.7/dist-packages/autoware_msgs/msg/_ImageObjects.pyc
[9.091s] -- Installing: /home/autoware/Autoware/install/autoware_msgs/lib/pkgconfig/autoware_msgs.pc
[9.092s] -- Up-to-date: /home/autoware/Autoware/install/autoware_msgs/share/autoware_msgs/cmake/autoware_msgs-msg-extras.cmake
[9.095s] -- Installing: /home/autoware/Autoware/install/autoware_msgs/share/autoware_msgs/cmake/autoware_msgsConfig.cmake
[9.095s] -- Up-to-date: /home/autoware/Autoware/install/autoware_msgs/share/autoware_msgs/cmake/autoware_msgsConfig-version.cmake
[9.098s] -- Up-to-date: /home/autoware/Autoware/install/autoware_msgs/share/autoware_msgs/package.xml
[9.114s] Invoked command in '/home/autoware/Autoware/build/autoware_msgs' returned '0': /usr/bin/cmake --build /home/autoware/Autoware/build/autoware_msgs --target install -- -j20 -l20
