[0.687s] Invoking command in '/home/autoware/Autoware/build/sick_ldmrs_tools': CMAKE_PREFIX_PATH=/home/autoware/Autoware/install/sick_ldmrs_driver:/home/autoware/Autoware/install/sick_ldmrs_msgs:/home/autoware/Autoware/install/sick_ldmrs_description:${CMAKE_PREFIX_PATH} LD_LIBRARY_PATH=/home/autoware/Autoware/install/sick_ldmrs_driver/lib:${LD_LIBRARY_PATH} PATH=/home/autoware/Autoware/install/sick_ldmrs_driver/bin:${PATH} PKG_CONFIG_PATH=/home/autoware/Autoware/install/sick_ldmrs_driver/lib/x86_64-linux-gnu/pkgconfig:/home/autoware/Autoware/install/sick_ldmrs_driver/lib/pkgconfig:/home/autoware/Autoware/install/sick_ldmrs_msgs/lib/x86_64-linux-gnu/pkgconfig:/home/autoware/Autoware/install/sick_ldmrs_msgs/lib/pkgconfig:/home/autoware/Autoware/install/sick_ldmrs_description/lib/x86_64-linux-gnu/pkgconfig:/home/autoware/Autoware/install/sick_ldmrs_description/lib/pkgconfig:${PKG_CONFIG_PATH} PYTHONPATH=/home/autoware/Autoware/install/sick_ldmrs_driver/lib/python2.7/dist-packages:/home/autoware/Autoware/install/sick_ldmrs_msgs/lib/python2.7/dist-packages:${PYTHONPATH} ROS_PACKAGE_PATH=/home/autoware/Autoware/install/sick_ldmrs_driver/share:/home/autoware/Autoware/install/sick_ldmrs_msgs/share:/home/autoware/Autoware/install/sick_ldmrs_description/share:${ROS_PACKAGE_PATH} /usr/bin/cmake --build /home/autoware/Autoware/build/sick_ldmrs_tools -- -j32 -l32
[1.272s] [  0%] Built target pcl_msgs_generate_messages_cpp
[1.272s] [  0%] Built target roscpp_generate_messages_cpp
[1.272s] [  0%] Built target sick_ldmrs_msgs_generate_messages_cpp
[1.273s] [  0%] Built target sick_ldmrs_msgs_generate_messages_nodejs
[1.273s] [  0%] Built target tf2_msgs_generate_messages_nodejs
[1.273s] [  0%] Built target std_msgs_generate_messages_nodejs
[1.273s] [  0%] Built target tf2_msgs_generate_messages_py
[1.292s] [  0%] Built target geometry_msgs_generate_messages_py
[1.292s] [  0%] Built target topic_tools_generate_messages_nodejs
[1.292s] [  0%] Built target actionlib_generate_messages_cpp
[1.292s] [  0%] Built target actionlib_generate_messages_py
[1.295s] [  0%] Built target bond_generate_messages_lisp
[1.295s] [  0%] Built target sensor_msgs_generate_messages_lisp
[1.297s] [  0%] Built target sick_ldmrs_msgs_generate_messages_lisp
[1.307s] [  0%] Built target visualization_msgs_generate_messages_eus
[1.308s] [  0%] Built target visualization_msgs_generate_messages_nodejs
[1.308s] [  0%] Built target tf2_msgs_generate_messages_eus
[1.308s] [  0%] Built target visualization_msgs_generate_messages_py
[1.308s] [  0%] Built target nodelet_generate_messages_nodejs
[1.309s] [  0%] Built target sensor_msgs_generate_messages_nodejs
[1.309s] [  0%] Built target std_msgs_generate_messages_cpp
[1.312s] [  0%] Built target actionlib_msgs_generate_messages_py
[1.313s] [  0%] Built target sensor_msgs_generate_messages_eus
[1.314s] [  0%] Built target tf2_msgs_generate_messages_cpp
[1.328s] [  0%] Built target geometry_msgs_generate_messages_lisp
[1.328s] [  0%] Built target dynamic_reconfigure_generate_messages_lisp
[1.332s] [  0%] Built target pcl_ros_gencfg
[1.332s] [  0%] Built target pcl_msgs_generate_messages_nodejs
[1.348s] [  0%] Built target sensor_msgs_generate_messages_cpp
[1.358s] [  0%] Built target sick_ldmrs_msgs_generate_messages_eus
[1.366s] [  0%] Built target sick_ldmrs_msgs_generate_messages_py
[1.368s] [  0%] Built target nodelet_generate_messages_py
[1.370s] [  0%] Built target sensor_msgs_generate_messages_py
[1.372s] [  0%] Built target bond_generate_messages_eus
[1.383s] [  0%] Built target tf_generate_messages_py
[1.389s] [  0%] Built target std_srvs_generate_messages_eus
[1.392s] [  0%] Built target visualization_msgs_generate_messages_cpp
[1.396s] [  0%] Built target roscpp_generate_messages_lisp
[1.399s] [  0%] Built target pcl_msgs_generate_messages_eus
[1.403s] [  0%] Built target std_msgs_generate_messages_lisp
[1.412s] [  0%] Built target visualization_msgs_generate_messages_lisp
[1.449s] [  0%] Built target rosgraph_msgs_generate_messages_nodejs
[1.449s] [  0%] Built target dynamic_reconfigure_generate_messages_eus
[1.452s] [  0%] Built target roscpp_generate_messages_nodejs
[1.457s] [  0%] Built target geometry_msgs_generate_messages_nodejs
[1.458s] [  0%] Built target rosgraph_msgs_generate_messages_lisp
[1.477s] [  0%] Built target nodelet_generate_messages_cpp
[1.477s] [  0%] Built target rosgraph_msgs_generate_messages_eus
[1.477s] [  0%] Built target rosgraph_msgs_generate_messages_cpp
[1.478s] [  0%] Built target geometry_msgs_generate_messages_cpp
[1.483s] [  0%] Built target roscpp_generate_messages_py
[1.485s] [  0%] Built target std_msgs_generate_messages_eus
[1.495s] [  0%] Built target bond_generate_messages_cpp
[1.495s] [  0%] Built target dynamic_reconfigure_generate_messages_nodejs
[1.500s] [  0%] Built target std_msgs_generate_messages_py
[1.512s] [  0%] Built target topic_tools_generate_messages_cpp
[1.513s] [  0%] Built target dynamic_reconfigure_generate_messages_py
[1.521s] [  0%] Built target actionlib_msgs_generate_messages_nodejs
[1.521s] [  0%] Built target tf2_msgs_generate_messages_lisp
[1.522s] [  0%] Built target actionlib_msgs_generate_messages_eus
[1.524s] [  0%] Built target topic_tools_generate_messages_eus
[1.539s] [  0%] Built target bond_generate_messages_nodejs
[1.546s] [  0%] Built target dynamic_reconfigure_gencfg
[1.547s] [  0%] Built target rosgraph_msgs_generate_messages_py
[1.547s] [  0%] Built target roscpp_generate_messages_eus
[1.547s] [  0%] Built target topic_tools_generate_messages_lisp
[1.558s] [  0%] Built target geometry_msgs_generate_messages_eus
[1.560s] [  0%] Built target actionlib_generate_messages_lisp
[1.560s] [  0%] Built target nodelet_generate_messages_eus
[1.560s] [  0%] Built target nodelet_topic_tools_gencfg
[1.560s] [  0%] Built target std_srvs_generate_messages_lisp
[1.560s] [  0%] Built target dynamic_reconfigure_generate_messages_cpp
[1.577s] [  0%] Built target bond_generate_messages_py
[1.578s] [  0%] Built target std_srvs_generate_messages_nodejs
[1.582s] [  0%] Built target nodelet_generate_messages_lisp
[1.593s] [  0%] Built target std_srvs_generate_messages_cpp
[1.604s] [  0%] Built target topic_tools_generate_messages_py
[1.613s] [  0%] Built target tf_generate_messages_lisp
[1.623s] [  0%] Built target actionlib_msgs_generate_messages_cpp
[1.623s] [  0%] Built target actionlib_generate_messages_nodejs
[1.624s] [  0%] Built target tf_generate_messages_eus
[1.628s] [  0%] Built target actionlib_generate_messages_eus
[1.634s] [  0%] Built target pcl_msgs_generate_messages_lisp
[1.637s] [  0%] Built target std_srvs_generate_messages_py
[1.643s] [  0%] Built target tf_generate_messages_nodejs
[1.713s] [  0%] Built target pcl_msgs_generate_messages_py
[1.713s] [  0%] Built target tf_generate_messages_cpp
[1.713s] [  0%] Built target actionlib_msgs_generate_messages_lisp
[1.763s] [ 12%] Built target sick_ldmrs_remove_background
[1.771s] [ 25%] Built target sick_ldmrs_object_marker
[1.771s] [ 37%] Built target sick_ldmrs_print_resolution
[1.773s] [ 50%] Built target sick_ldmrs_make_organized
[1.773s] [ 62%] Built target sick_ldmrs_all_layer_assembler
[1.773s] [ 75%] Built target sick_ldmrs_filter_first
[1.773s] [ 87%] Built target sick_ldmrs_filter_last
[1.788s] [100%] Built target sick_ldmrs_filter_layer
[1.824s] Invoked command in '/home/autoware/Autoware/build/sick_ldmrs_tools' returned '0': CMAKE_PREFIX_PATH=/home/autoware/Autoware/install/sick_ldmrs_driver:/home/autoware/Autoware/install/sick_ldmrs_msgs:/home/autoware/Autoware/install/sick_ldmrs_description:${CMAKE_PREFIX_PATH} LD_LIBRARY_PATH=/home/autoware/Autoware/install/sick_ldmrs_driver/lib:${LD_LIBRARY_PATH} PATH=/home/autoware/Autoware/install/sick_ldmrs_driver/bin:${PATH} PKG_CONFIG_PATH=/home/autoware/Autoware/install/sick_ldmrs_driver/lib/x86_64-linux-gnu/pkgconfig:/home/autoware/Autoware/install/sick_ldmrs_driver/lib/pkgconfig:/home/autoware/Autoware/install/sick_ldmrs_msgs/lib/x86_64-linux-gnu/pkgconfig:/home/autoware/Autoware/install/sick_ldmrs_msgs/lib/pkgconfig:/home/autoware/Autoware/install/sick_ldmrs_description/lib/x86_64-linux-gnu/pkgconfig:/home/autoware/Autoware/install/sick_ldmrs_description/lib/pkgconfig:${PKG_CONFIG_PATH} PYTHONPATH=/home/autoware/Autoware/install/sick_ldmrs_driver/lib/python2.7/dist-packages:/home/autoware/Autoware/install/sick_ldmrs_msgs/lib/python2.7/dist-packages:${PYTHONPATH} ROS_PACKAGE_PATH=/home/autoware/Autoware/install/sick_ldmrs_driver/share:/home/autoware/Autoware/install/sick_ldmrs_msgs/share:/home/autoware/Autoware/install/sick_ldmrs_description/share:${ROS_PACKAGE_PATH} /usr/bin/cmake --build /home/autoware/Autoware/build/sick_ldmrs_tools -- -j32 -l32
[2.340s] Invoking command in '/home/autoware/Autoware/build/sick_ldmrs_tools': CMAKE_PREFIX_PATH=/home/autoware/Autoware/install/sick_ldmrs_driver:/home/autoware/Autoware/install/sick_ldmrs_msgs:/home/autoware/Autoware/install/sick_ldmrs_description:${CMAKE_PREFIX_PATH} LD_LIBRARY_PATH=/home/autoware/Autoware/install/sick_ldmrs_driver/lib:${LD_LIBRARY_PATH} PATH=/home/autoware/Autoware/install/sick_ldmrs_driver/bin:${PATH} PKG_CONFIG_PATH=/home/autoware/Autoware/install/sick_ldmrs_driver/lib/x86_64-linux-gnu/pkgconfig:/home/autoware/Autoware/install/sick_ldmrs_driver/lib/pkgconfig:/home/autoware/Autoware/install/sick_ldmrs_msgs/lib/x86_64-linux-gnu/pkgconfig:/home/autoware/Autoware/install/sick_ldmrs_msgs/lib/pkgconfig:/home/autoware/Autoware/install/sick_ldmrs_description/lib/x86_64-linux-gnu/pkgconfig:/home/autoware/Autoware/install/sick_ldmrs_description/lib/pkgconfig:${PKG_CONFIG_PATH} PYTHONPATH=/home/autoware/Autoware/install/sick_ldmrs_driver/lib/python2.7/dist-packages:/home/autoware/Autoware/install/sick_ldmrs_msgs/lib/python2.7/dist-packages:${PYTHONPATH} ROS_PACKAGE_PATH=/home/autoware/Autoware/install/sick_ldmrs_driver/share:/home/autoware/Autoware/install/sick_ldmrs_msgs/share:/home/autoware/Autoware/install/sick_ldmrs_description/share:${ROS_PACKAGE_PATH} /usr/bin/cmake --build /home/autoware/Autoware/build/sick_ldmrs_tools --target tests -- -j32 -l32
[2.675s] Built target tests
[2.861s] Invoked command in '/home/autoware/Autoware/build/sick_ldmrs_tools' returned '0': CMAKE_PREFIX_PATH=/home/autoware/Autoware/install/sick_ldmrs_driver:/home/autoware/Autoware/install/sick_ldmrs_msgs:/home/autoware/Autoware/install/sick_ldmrs_description:${CMAKE_PREFIX_PATH} LD_LIBRARY_PATH=/home/autoware/Autoware/install/sick_ldmrs_driver/lib:${LD_LIBRARY_PATH} PATH=/home/autoware/Autoware/install/sick_ldmrs_driver/bin:${PATH} PKG_CONFIG_PATH=/home/autoware/Autoware/install/sick_ldmrs_driver/lib/x86_64-linux-gnu/pkgconfig:/home/autoware/Autoware/install/sick_ldmrs_driver/lib/pkgconfig:/home/autoware/Autoware/install/sick_ldmrs_msgs/lib/x86_64-linux-gnu/pkgconfig:/home/autoware/Autoware/install/sick_ldmrs_msgs/lib/pkgconfig:/home/autoware/Autoware/install/sick_ldmrs_description/lib/x86_64-linux-gnu/pkgconfig:/home/autoware/Autoware/install/sick_ldmrs_description/lib/pkgconfig:${PKG_CONFIG_PATH} PYTHONPATH=/home/autoware/Autoware/install/sick_ldmrs_driver/lib/python2.7/dist-packages:/home/autoware/Autoware/install/sick_ldmrs_msgs/lib/python2.7/dist-packages:${PYTHONPATH} ROS_PACKAGE_PATH=/home/autoware/Autoware/install/sick_ldmrs_driver/share:/home/autoware/Autoware/install/sick_ldmrs_msgs/share:/home/autoware/Autoware/install/sick_ldmrs_description/share:${ROS_PACKAGE_PATH} /usr/bin/cmake --build /home/autoware/Autoware/build/sick_ldmrs_tools --target tests -- -j32 -l32
[3.901s] Invoking command in '/home/autoware/Autoware/build/sick_ldmrs_tools': CMAKE_PREFIX_PATH=/home/autoware/Autoware/install/sick_ldmrs_driver:/home/autoware/Autoware/install/sick_ldmrs_msgs:/home/autoware/Autoware/install/sick_ldmrs_description:${CMAKE_PREFIX_PATH} LD_LIBRARY_PATH=/home/autoware/Autoware/install/sick_ldmrs_driver/lib:${LD_LIBRARY_PATH} PATH=/home/autoware/Autoware/install/sick_ldmrs_driver/bin:${PATH} PKG_CONFIG_PATH=/home/autoware/Autoware/install/sick_ldmrs_driver/lib/x86_64-linux-gnu/pkgconfig:/home/autoware/Autoware/install/sick_ldmrs_driver/lib/pkgconfig:/home/autoware/Autoware/install/sick_ldmrs_msgs/lib/x86_64-linux-gnu/pkgconfig:/home/autoware/Autoware/install/sick_ldmrs_msgs/lib/pkgconfig:/home/autoware/Autoware/install/sick_ldmrs_description/lib/x86_64-linux-gnu/pkgconfig:/home/autoware/Autoware/install/sick_ldmrs_description/lib/pkgconfig:${PKG_CONFIG_PATH} PYTHONPATH=/home/autoware/Autoware/install/sick_ldmrs_driver/lib/python2.7/dist-packages:/home/autoware/Autoware/install/sick_ldmrs_msgs/lib/python2.7/dist-packages:${PYTHONPATH} ROS_PACKAGE_PATH=/home/autoware/Autoware/install/sick_ldmrs_driver/share:/home/autoware/Autoware/install/sick_ldmrs_msgs/share:/home/autoware/Autoware/install/sick_ldmrs_description/share:${ROS_PACKAGE_PATH} /usr/bin/cmake --build /home/autoware/Autoware/build/sick_ldmrs_tools --target install -- -j32 -l32
[4.284s] [  0%] Built target bond_generate_messages_lisp
[4.284s] [  0%] Built target topic_tools_generate_messages_nodejs
[4.284s] [  0%] Built target visualization_msgs_generate_messages_nodejs
[4.284s] [  0%] Built target sensor_msgs_generate_messages_eus
[4.284s] [  0%] Built target sick_ldmrs_msgs_generate_messages_py
[4.284s] [  0%] Built target pcl_msgs_generate_messages_nodejs
[4.284s] [  0%] Built target actionlib_msgs_generate_messages_py
[4.284s] [  0%] Built target pcl_ros_gencfg
[4.284s] [  0%] Built target sick_ldmrs_msgs_generate_messages_nodejs
[4.284s] [  0%] Built target dynamic_reconfigure_generate_messages_lisp
[4.284s] [  0%] Built target pcl_msgs_generate_messages_eus
[4.284s] [  0%] Built target visualization_msgs_generate_messages_py
[4.284s] [  0%] Built target actionlib_generate_messages_cpp
[4.285s] [  0%] Built target sensor_msgs_generate_messages_py
[4.285s] [  0%] Built target geometry_msgs_generate_messages_py
[4.350s] [  0%] Built target roscpp_generate_messages_cpp
[4.350s] [  0%] Built target sensor_msgs_generate_messages_nodejs
[4.350s] [  0%] Built target std_msgs_generate_messages_cpp
[4.350s] [  0%] Built target visualization_msgs_generate_messages_eus
[4.350s] [  0%] Built target actionlib_generate_messages_py
[4.350s] [  0%] Built target visualization_msgs_generate_messages_cpp
[4.350s] [  0%] Built target std_msgs_generate_messages_nodejs
[4.350s] [  0%] Built target tf2_msgs_generate_messages_cpp
[4.350s] [  0%] Built target sensor_msgs_generate_messages_cpp
[4.351s] [  0%] Built target sick_ldmrs_msgs_generate_messages_cpp
[4.351s] [  0%] Built target pcl_msgs_generate_messages_cpp
[4.351s] [  0%] Built target nodelet_generate_messages_nodejs
[4.524s] [  0%] Built target tf2_msgs_generate_messages_eus
[4.524s] [  0%] Built target tf2_msgs_generate_messages_py
[4.524s] [  0%] Built target geometry_msgs_generate_messages_lisp
[4.524s] [  0%] Built target sensor_msgs_generate_messages_lisp
[4.524s] [  0%] Built target tf2_msgs_generate_messages_nodejs
[4.524s] [  0%] Built target std_srvs_generate_messages_eus
[4.524s] [  0%] Built target nodelet_generate_messages_py
[4.524s] [  0%] Built target sick_ldmrs_msgs_generate_messages_lisp
[4.524s] [  0%] Built target std_msgs_generate_messages_py
[4.524s] [  0%] Built target geometry_msgs_generate_messages_nodejs
[4.524s] [  0%] Built target roscpp_generate_messages_nodejs
[4.524s] [  0%] Built target geometry_msgs_generate_messages_eus
[4.525s] [  0%] Built target rosgraph_msgs_generate_messages_eus
[4.525s] [  0%] Built target rosgraph_msgs_generate_messages_nodejs
[4.525s] [  0%] Built target roscpp_generate_messages_lisp
[4.525s] [  0%] Built target rosgraph_msgs_generate_messages_cpp
[4.525s] [  0%] Built target rosgraph_msgs_generate_messages_lisp
[4.525s] [  0%] Built target sick_ldmrs_msgs_generate_messages_eus
[4.525s] [  0%] Built target std_msgs_generate_messages_eus
[4.616s] [  0%] Built target dynamic_reconfigure_generate_messages_py
[4.616s] [  0%] Built target dynamic_reconfigure_generate_messages_nodejs
[4.616s] [  0%] Built target bond_generate_messages_eus
[4.616s] [  0%] Built target nodelet_generate_messages_cpp
[4.616s] [  0%] Built target dynamic_reconfigure_generate_messages_eus
[4.616s] [  0%] Built target nodelet_generate_messages_eus
[4.617s] [  0%] Built target dynamic_reconfigure_gencfg
[4.617s] [  0%] Built target roscpp_generate_messages_py
[4.617s] [  0%] Built target visualization_msgs_generate_messages_lisp
[4.617s] [  0%] Built target topic_tools_generate_messages_eus
[4.617s] [  0%] Built target actionlib_msgs_generate_messages_nodejs
[4.617s] [  0%] Built target rosgraph_msgs_generate_messages_py
[4.617s] [  0%] Built target actionlib_msgs_generate_messages_eus
[4.617s] [  0%] Built target tf_generate_messages_py
[4.617s] [  0%] Built target actionlib_generate_messages_lisp
[4.617s] [  0%] Built target roscpp_generate_messages_eus
[4.617s] [  0%] Built target nodelet_generate_messages_lisp
[4.618s] [  0%] Built target bond_generate_messages_nodejs
[4.618s] [  0%] Built target bond_generate_messages_py
[4.618s] [  0%] Built target tf2_msgs_generate_messages_lisp
[4.618s] [  0%] Built target geometry_msgs_generate_messages_cpp
[4.618s] [  0%] Built target topic_tools_generate_messages_lisp
[4.727s] [  0%] Built target std_msgs_generate_messages_lisp
[4.727s] [  0%] Built target tf_generate_messages_eus
[4.727s] [  0%] Built target topic_tools_generate_messages_cpp
[4.728s] [  0%] Built target dynamic_reconfigure_generate_messages_cpp
[4.728s] [  0%] Built target std_srvs_generate_messages_lisp
[4.728s] [  0%] Built target pcl_msgs_generate_messages_py
[4.728s] [  0%] Built target tf_generate_messages_nodejs
[4.728s] [  0%] Built target std_srvs_generate_messages_nodejs
[4.728s] [  0%] Built target topic_tools_generate_messages_py
[4.729s] [  0%] Built target nodelet_topic_tools_gencfg
[4.729s] [  0%] Built target bond_generate_messages_cpp
[4.729s] [  0%] Built target tf_generate_messages_lisp
[4.729s] [  0%] Built target actionlib_msgs_generate_messages_lisp
[4.807s] [  0%] Built target pcl_msgs_generate_messages_lisp
[4.807s] [  0%] Built target std_srvs_generate_messages_cpp
[4.807s] [  0%] Built target actionlib_generate_messages_eus
[4.807s] [  0%] Built target std_srvs_generate_messages_py
[4.807s] [  0%] Built target actionlib_msgs_generate_messages_cpp
[4.807s] [  0%] Built target actionlib_generate_messages_nodejs
[4.807s] [  0%] Built target tf_generate_messages_cpp
[4.912s] [ 12%] Built target sick_ldmrs_filter_last
[4.913s] [ 25%] Built target sick_ldmrs_all_layer_assembler
[4.913s] [ 37%] Built target sick_ldmrs_filter_layer
[4.913s] [ 50%] Built target sick_ldmrs_object_marker
[4.913s] [ 62%] Built target sick_ldmrs_print_resolution
[4.913s] [ 75%] Built target sick_ldmrs_remove_background
[4.913s] [ 87%] Built target sick_ldmrs_filter_first
[4.913s] [100%] Built target sick_ldmrs_make_organized
[5.031s] Install the project...
[5.031s] -- Install configuration: "Release"
[5.031s] -- Up-to-date: /home/autoware/Autoware/install/sick_ldmrs_tools/lib/pkgconfig/sick_ldmrs_tools.pc
[5.031s] -- Up-to-date: /home/autoware/Autoware/install/sick_ldmrs_tools/share/sick_ldmrs_tools/cmake/sick_ldmrs_toolsConfig.cmake
[5.031s] -- Up-to-date: /home/autoware/Autoware/install/sick_ldmrs_tools/share/sick_ldmrs_tools/cmake/sick_ldmrs_toolsConfig-version.cmake
[5.031s] -- Up-to-date: /home/autoware/Autoware/install/sick_ldmrs_tools/share/sick_ldmrs_tools/package.xml
[5.031s] -- Up-to-date: /home/autoware/Autoware/install/sick_ldmrs_tools/lib/sick_ldmrs_tools/sick_ldmrs_object_marker
[5.031s] -- Up-to-date: /home/autoware/Autoware/install/sick_ldmrs_tools/lib/sick_ldmrs_tools/sick_ldmrs_filter_layer
[5.031s] -- Up-to-date: /home/autoware/Autoware/install/sick_ldmrs_tools/lib/sick_ldmrs_tools/sick_ldmrs_filter_first
[5.031s] -- Up-to-date: /home/autoware/Autoware/install/sick_ldmrs_tools/lib/sick_ldmrs_tools/sick_ldmrs_filter_last
[5.032s] -- Up-to-date: /home/autoware/Autoware/install/sick_ldmrs_tools/lib/sick_ldmrs_tools/sick_ldmrs_all_layer_assembler
[5.032s] -- Up-to-date: /home/autoware/Autoware/install/sick_ldmrs_tools/lib/sick_ldmrs_tools/sick_ldmrs_make_organized
[5.032s] -- Up-to-date: /home/autoware/Autoware/install/sick_ldmrs_tools/lib/sick_ldmrs_tools/sick_ldmrs_remove_background
[5.032s] -- Up-to-date: /home/autoware/Autoware/install/sick_ldmrs_tools/lib/sick_ldmrs_tools/sick_ldmrs_print_resolution
[5.032s] -- Up-to-date: /home/autoware/Autoware/install/sick_ldmrs_tools/share/sick_ldmrs_tools/config
[5.032s] -- Up-to-date: /home/autoware/Autoware/install/sick_ldmrs_tools/share/sick_ldmrs_tools/config/sick_ldmrs.rviz
[5.032s] -- Up-to-date: /home/autoware/Autoware/install/sick_ldmrs_tools/share/sick_ldmrs_tools/launch
[5.032s] -- Up-to-date: /home/autoware/Autoware/install/sick_ldmrs_tools/share/sick_ldmrs_tools/launch/sick_ldmrs_demo.launch
[5.188s] Invoked command in '/home/autoware/Autoware/build/sick_ldmrs_tools' returned '0': CMAKE_PREFIX_PATH=/home/autoware/Autoware/install/sick_ldmrs_driver:/home/autoware/Autoware/install/sick_ldmrs_msgs:/home/autoware/Autoware/install/sick_ldmrs_description:${CMAKE_PREFIX_PATH} LD_LIBRARY_PATH=/home/autoware/Autoware/install/sick_ldmrs_driver/lib:${LD_LIBRARY_PATH} PATH=/home/autoware/Autoware/install/sick_ldmrs_driver/bin:${PATH} PKG_CONFIG_PATH=/home/autoware/Autoware/install/sick_ldmrs_driver/lib/x86_64-linux-gnu/pkgconfig:/home/autoware/Autoware/install/sick_ldmrs_driver/lib/pkgconfig:/home/autoware/Autoware/install/sick_ldmrs_msgs/lib/x86_64-linux-gnu/pkgconfig:/home/autoware/Autoware/install/sick_ldmrs_msgs/lib/pkgconfig:/home/autoware/Autoware/install/sick_ldmrs_description/lib/x86_64-linux-gnu/pkgconfig:/home/autoware/Autoware/install/sick_ldmrs_description/lib/pkgconfig:${PKG_CONFIG_PATH} PYTHONPATH=/home/autoware/Autoware/install/sick_ldmrs_driver/lib/python2.7/dist-packages:/home/autoware/Autoware/install/sick_ldmrs_msgs/lib/python2.7/dist-packages:${PYTHONPATH} ROS_PACKAGE_PATH=/home/autoware/Autoware/install/sick_ldmrs_driver/share:/home/autoware/Autoware/install/sick_ldmrs_msgs/share:/home/autoware/Autoware/install/sick_ldmrs_description/share:${ROS_PACKAGE_PATH} /usr/bin/cmake --build /home/autoware/Autoware/build/sick_ldmrs_tools --target install -- -j32 -l32
