-- Using CATKIN_DEVEL_PREFIX: /home/autoware/Autoware/build/carla_autoware_bridge/devel
-- Using CMAKE_PREFIX_PATH: /home/autoware/Autoware/install/autoware_msgs;/opt/ros/melodic
-- This workspace overlays: /home/autoware/Autoware/install/autoware_msgs;/opt/ros/melodic
-- Found PythonInterp: /usr/bin/python2 (found suitable version "2.7.17", minimum required is "2") 
-- Using PYTHON_EXECUTABLE: /usr/bin/python2
-- Using Debian Python package layout
-- Using empy: /usr/bin/empy
-- Using CATKIN_ENABLE_TESTING: ON
-- Call enable_testing()
-- Using CATKIN_TEST_RESULTS_DIR: /home/autoware/Autoware/build/carla_autoware_bridge/test_results
-- Found gtest sources under '/usr/src/googletest': gtests will be built
-- Found gmock sources under '/usr/src/googletest': gmock will be built
-- Found PythonInterp: /usr/bin/python2 (found version "2.7.17") 
-- Using Python nosetests: /usr/bin/nosetests-2.7
-- catkin 0.7.26
-- BUILD_SHARED_LIBS is on
-- Using these message generators: gencpp;geneus;genlisp;gennodejs;genpy
-- Configuring done
-- Generating done
-- Build files have been written to: /home/autoware/Autoware/build/carla_autoware_bridge
Built target tests
Install the project...
-- Install configuration: "Release"
+ cd /home/autoware/Autoware/src/autoware/simulation/carla_simulator_bridge/carla_autoware_bridge
+ mkdir -p /home/autoware/Autoware/install/carla_autoware_bridge/lib/python2.7/dist-packages
+ /usr/bin/env PYTHONPATH=/home/autoware/Autoware/install/carla_autoware_bridge/lib/python2.7/dist-packages:/home/autoware/Autoware/build/carla_autoware_bridge/lib/python2.7/dist-packages:/home/autoware/Autoware/install/autoware_msgs/lib/python2.7/dist-packages:/opt/ros/melodic/lib/python2.7/dist-packages CATKIN_BINARY_DIR=/home/autoware/Autoware/build/carla_autoware_bridge /usr/bin/python2 /home/autoware/Autoware/src/autoware/simulation/carla_simulator_bridge/carla_autoware_bridge/setup.py build --build-base /home/autoware/Autoware/build/carla_autoware_bridge install --root=/ --install-layout=deb --prefix=/home/autoware/Autoware/install/carla_autoware_bridge --install-scripts=/home/autoware/Autoware/install/carla_autoware_bridge/bin
running build
running build_py
running install
running install_lib
running install_egg_info
Removing /home/autoware/Autoware/install/carla_autoware_bridge/lib/python2.7/dist-packages/carla_autoware_bridge-0.0.0.egg-info
Writing /home/autoware/Autoware/install/carla_autoware_bridge/lib/python2.7/dist-packages/carla_autoware_bridge-0.0.0.egg-info
-- Installing: /home/autoware/Autoware/install/carla_autoware_bridge/lib/pkgconfig/carla_autoware_bridge.pc
-- Up-to-date: /home/autoware/Autoware/install/carla_autoware_bridge/share/carla_autoware_bridge/cmake/carla_autoware_bridgeConfig.cmake
-- Up-to-date: /home/autoware/Autoware/install/carla_autoware_bridge/share/carla_autoware_bridge/cmake/carla_autoware_bridgeConfig-version.cmake
-- Installing: /home/autoware/Autoware/install/carla_autoware_bridge/share/carla_autoware_bridge/package.xml
-- Installing: /home/autoware/Autoware/install/carla_autoware_bridge/lib/carla_autoware_bridge/carla_to_autoware_vehicle_status
-- Installing: /home/autoware/Autoware/install/carla_autoware_bridge/lib/carla_autoware_bridge/carla_to_autoware_waypoints
-- Installing: /home/autoware/Autoware/install/carla_autoware_bridge/lib/carla_autoware_bridge/odometry_to_posestamped
-- Installing: /home/autoware/Autoware/install/carla_autoware_bridge/lib/carla_autoware_bridge/vehiclecmd_to_ackermanndrive
-- Installing: /home/autoware/Autoware/install/carla_autoware_bridge/lib/carla_autoware_bridge/carla_to_autoware_detected_objects
-- Installing: /home/autoware/Autoware/install/carla_autoware_bridge/lib/carla_autoware_bridge/carla_to_autoware_localization
-- Up-to-date: /home/autoware/Autoware/install/carla_autoware_bridge/share/carla_autoware_bridge/launch
-- Installing: /home/autoware/Autoware/install/carla_autoware_bridge/share/carla_autoware_bridge/launch/carla_autoware_bridge.launch
