[  0%] Built target geometry_msgs_generate_messages_eus
[  0%] Built target jsk_recognition_msgs_generate_messages_eus
[  0%] Built target std_msgs_generate_messages_eus
[  0%] Built target _autoware_msgs_generate_messages_check_deps_ImageObjTracked
[  0%] Built target _autoware_msgs_generate_messages_check_deps_ObjLabel
[  0%] Built target _autoware_msgs_generate_messages_check_deps_RecognizeLightState
[  0%] Built target _autoware_msgs_generate_messages_check_deps_ExtractedPosition
[  0%] Built target _autoware_msgs_generate_messages_check_deps_VscanTracked
[  0%] Built target _autoware_msgs_generate_messages_check_deps_DetectedObject
[  0%] Built target _autoware_msgs_generate_messages_check_deps_RemoteCmd
[  0%] Built target _autoware_msgs_generate_messages_check_deps_SyncTimeDiff
[  0%] Built target _autoware_msgs_generate_messages_check_deps_ImageRectRanged
[  0%] Built target sensor_msgs_generate_messages_eus
[  0%] Built target _autoware_msgs_generate_messages_check_deps_ColorSet
[  0%] Built target _autoware_msgs_generate_messages_check_deps_DTLane
[  0%] Built target _autoware_msgs_generate_messages_check_deps_LampCmd
[  0%] Built target _autoware_msgs_generate_messages_check_deps_VehicleCmd
[  0%] Built target _autoware_msgs_generate_messages_check_deps_ValueSet
[  0%] Built target _autoware_msgs_generate_messages_check_deps_ControlCommandStamped
[  0%] Built target _autoware_msgs_generate_messages_check_deps_WaypointState
[  0%] Built target _autoware_msgs_generate_messages_check_deps_CloudClusterArray
[  0%] Built target _autoware_msgs_generate_messages_check_deps_NDTStat
[  0%] Built target _autoware_msgs_generate_messages_check_deps_Lane
[  0%] Built target _autoware_msgs_generate_messages_check_deps_ImageRect
[  0%] Built target _autoware_msgs_generate_messages_check_deps_IndicatorCmd
[  0%] Built target _autoware_msgs_generate_messages_check_deps_ProjectionMatrix
[  0%] Built target _autoware_msgs_generate_messages_check_deps_AdjustXY
[  0%] Built target _autoware_msgs_generate_messages_check_deps_ObjPose
[  0%] Built target _autoware_msgs_generate_messages_check_deps_VscanTrackedArray
[  0%] Built target _autoware_msgs_generate_messages_check_deps_State
[  0%] Built target _autoware_msgs_generate_messages_check_deps_StateCmd
[  0%] Built target _autoware_msgs_generate_messages_check_deps_TrafficLightResultArray
[  0%] Built target _autoware_msgs_generate_messages_check_deps_SyncTimeMonitor
[  0%] Built target _autoware_msgs_generate_messages_check_deps_Centroids
[  0%] Built target _autoware_msgs_generate_messages_check_deps_BrakeCmd
[  0%] Built target _autoware_msgs_generate_messages_check_deps_ImageObj
[  0%] Built target _autoware_msgs_generate_messages_check_deps_TrafficLight
[  0%] Built target _autoware_msgs_generate_messages_check_deps_AccelCmd
[  0%] Built target _autoware_msgs_generate_messages_check_deps_Gear
[  0%] Built target _autoware_msgs_generate_messages_check_deps_LaneArray
[  0%] Built target _autoware_msgs_generate_messages_check_deps_Waypoint
[  0%] Built target _autoware_msgs_generate_messages_check_deps_DetectedObjectArray
CMakeFiles/_autoware_msgs_generate_messages_check_deps_PointsImage.dir/build.make:57: recipe for target 'CMakeFiles/_autoware_msgs_generate_messages_check_deps_PointsImage' failed
CMakeFiles/Makefile2:779: recipe for target 'CMakeFiles/_autoware_msgs_generate_messages_check_deps_PointsImage.dir/all' failed
CMakeFiles/_autoware_msgs_generate_messages_check_deps_GeometricRectangle.dir/build.make:57: recipe for target 'CMakeFiles/_autoware_msgs_generate_messages_check_deps_GeometricRectangle' failed
CMakeFiles/Makefile2:1227: recipe for target 'CMakeFiles/std_msgs_generate_messages_cpp.dir/all' failed
CMakeFiles/Makefile2:1931: recipe for target 'CMakeFiles/jsk_recognition_msgs_generate_messages_cpp.dir/all' failed
CMakeFiles/Makefile2:3332: recipe for target 'CMakeFiles/_autoware_msgs_generate_messages_check_deps_VehicleStatus.dir/all' failed
CMakeFiles/geometry_msgs_generate_messages_cpp.dir/build.make:70: recipe for target 'CMakeFiles/geometry_msgs_generate_messages_cpp.dir/depend' failed
CMakeFiles/_autoware_msgs_generate_messages_check_deps_VehicleLocation.dir/build.make:57: recipe for target 'CMakeFiles/_autoware_msgs_generate_messages_check_deps_VehicleLocation' failed
CMakeFiles/sensor_msgs_generate_messages_cpp.dir/build.make:70: recipe for target 'CMakeFiles/sensor_msgs_generate_messages_cpp.dir/depend' failed
CMakeFiles/Makefile2:3652: recipe for target 'CMakeFiles/_autoware_msgs_generate_messages_check_deps_GeometricRectangle.dir/all' failed
CMakeFiles/Makefile2:3300: recipe for target 'CMakeFiles/_autoware_msgs_generate_messages_check_deps_DetectedObjectArray.dir/all' failed
CMakeFiles/Makefile2:2155: recipe for target 'CMakeFiles/sensor_msgs_generate_messages_cpp.dir/all' failed
CMakeFiles/Makefile2:747: recipe for target 'CMakeFiles/_autoware_msgs_generate_messages_check_deps_ImageLaneObjects.dir/all' failed
CMakeFiles/Makefile2:3108: recipe for target 'CMakeFiles/geometry_msgs_generate_messages_cpp.dir/all' failed
CMakeFiles/Makefile2:971: recipe for target 'CMakeFiles/_autoware_msgs_generate_messages_check_deps_VehicleLocation.dir/all' failed
CMakeFiles/Makefile2:1099: recipe for target 'CMakeFiles/_autoware_msgs_generate_messages_check_deps_ICPStat.dir/all' failed
CMakeFiles/Makefile2:459: recipe for target 'CMakeFiles/_autoware_msgs_generate_messages_check_deps_Signals.dir/all' failed
CMakeFiles/Makefile2:3556: recipe for target 'CMakeFiles/_autoware_msgs_generate_messages_check_deps_ScanImage.dir/all' failed
CMakeFiles/Makefile2:3460: recipe for target 'CMakeFiles/_autoware_msgs_generate_messages_check_deps_ControlCommand.dir/all' failed
CMakeFiles/_autoware_msgs_generate_messages_check_deps_TrafficLightResult.dir/build.make:57: recipe for target 'CMakeFiles/_autoware_msgs_generate_messages_check_deps_TrafficLightResult' failed
CMakeFiles/_autoware_msgs_generate_messages_check_deps_ImageObjects.dir/build.make:57: recipe for target 'CMakeFiles/_autoware_msgs_generate_messages_check_deps_ImageObjects' failed
CMakeFiles/Makefile2:427: recipe for target 'CMakeFiles/_autoware_msgs_generate_messages_check_deps_TrafficLightResult.dir/all' failed
CMakeFiles/Makefile2:3588: recipe for target 'CMakeFiles/_autoware_msgs_generate_messages_check_deps_ImageObjects.dir/all' failed
CMakeFiles/_autoware_msgs_generate_messages_check_deps_CloudCluster.dir/build.make:57: recipe for target 'CMakeFiles/_autoware_msgs_generate_messages_check_deps_CloudCluster' failed
CMakeFiles/Makefile2:3620: recipe for target 'CMakeFiles/_autoware_msgs_generate_messages_check_deps_CloudCluster.dir/all' failed
CMakeFiles/_autoware_msgs_generate_messages_check_deps_ImageObjRanged.dir/build.make:57: recipe for target 'CMakeFiles/_autoware_msgs_generate_messages_check_deps_ImageObjRanged' failed
CMakeFiles/Makefile2:3364: recipe for target 'CMakeFiles/_autoware_msgs_generate_messages_check_deps_ImageObjRanged.dir/all' failed
CMakeFiles/_autoware_msgs_generate_messages_check_deps_SteerCmd.dir/build.make:57: recipe for target 'CMakeFiles/_autoware_msgs_generate_messages_check_deps_SteerCmd' failed
CMakeFiles/_autoware_msgs_generate_messages_check_deps_TunedResult.dir/build.make:57: recipe for target 'CMakeFiles/_autoware_msgs_generate_messages_check_deps_TunedResult' failed
CMakeFiles/Makefile2:3524: recipe for target 'CMakeFiles/_autoware_msgs_generate_messages_check_deps_SteerCmd.dir/all' failed
CMakeFiles/Makefile2:3396: recipe for target 'CMakeFiles/_autoware_msgs_generate_messages_check_deps_TunedResult.dir/all' failed
Makefile:140: recipe for target 'all' failed
