Determining if the pthread_create exist failed with the following output:
Change Dir: /home/autoware/Autoware/build/kitti_launch/CMakeFiles/CMakeTmp

Run Build Command:"/usr/bin/make" "cmTC_346be/fast"
/usr/bin/make -f CMakeFiles/cmTC_346be.dir/build.make CMakeFiles/cmTC_346be.dir/build
make[1]: Entering directory '/home/autoware/Autoware/build/kitti_launch/CMakeFiles/CMakeTmp'
Building C object CMakeFiles/cmTC_346be.dir/CheckSymbolExists.c.o
/usr/bin/cc    -o CMakeFiles/cmTC_346be.dir/CheckSymbolExists.c.o   -c /home/autoware/Autoware/build/kitti_launch/CMakeFiles/CMakeTmp/CheckSymbolExists.c
Linking C executable cmTC_346be
/usr/bin/cmake -E cmake_link_script CMakeFiles/cmTC_346be.dir/link.txt --verbose=1
/usr/bin/cc      -rdynamic CMakeFiles/cmTC_346be.dir/CheckSymbolExists.c.o  -o cmTC_346be 
CMakeFiles/cmTC_346be.dir/CheckSymbolExists.c.o: In function `main':
CheckSymbolExists.c:(.text+0x1b): undefined reference to `pthread_create'
collect2: error: ld returned 1 exit status
CMakeFiles/cmTC_346be.dir/build.make:97: recipe for target 'cmTC_346be' failed
make[1]: *** [cmTC_346be] Error 1
make[1]: Leaving directory '/home/autoware/Autoware/build/kitti_launch/CMakeFiles/CMakeTmp'
Makefile:126: recipe for target 'cmTC_346be/fast' failed
make: *** [cmTC_346be/fast] Error 2

File /home/autoware/Autoware/build/kitti_launch/CMakeFiles/CMakeTmp/CheckSymbolExists.c:
/* */
#include <pthread.h>

int main(int argc, char** argv)
{
  (void)argv;
#ifndef pthread_create
  return ((int*)(&pthread_create))[argc];
#else
  (void)argc;
  return 0;
#endif
}

Determining if the function pthread_create exists in the pthreads failed with the following output:
Change Dir: /home/autoware/Autoware/build/kitti_launch/CMakeFiles/CMakeTmp

Run Build Command:"/usr/bin/make" "cmTC_792da/fast"
/usr/bin/make -f CMakeFiles/cmTC_792da.dir/build.make CMakeFiles/cmTC_792da.dir/build
make[1]: Entering directory '/home/autoware/Autoware/build/kitti_launch/CMakeFiles/CMakeTmp'
Building C object CMakeFiles/cmTC_792da.dir/CheckFunctionExists.c.o
/usr/bin/cc   -DCHECK_FUNCTION_EXISTS=pthread_create   -o CMakeFiles/cmTC_792da.dir/CheckFunctionExists.c.o   -c /usr/share/cmake-3.10/Modules/CheckFunctionExists.c
Linking C executable cmTC_792da
/usr/bin/cmake -E cmake_link_script CMakeFiles/cmTC_792da.dir/link.txt --verbose=1
/usr/bin/cc  -DCHECK_FUNCTION_EXISTS=pthread_create    -rdynamic CMakeFiles/cmTC_792da.dir/CheckFunctionExists.c.o  -o cmTC_792da -lpthreads 
/usr/bin/ld: cannot find -lpthreads
collect2: error: ld returned 1 exit status
CMakeFiles/cmTC_792da.dir/build.make:97: recipe for target 'cmTC_792da' failed
make[1]: *** [cmTC_792da] Error 1
make[1]: Leaving directory '/home/autoware/Autoware/build/kitti_launch/CMakeFiles/CMakeTmp'
Makefile:126: recipe for target 'cmTC_792da/fast' failed
make: *** [cmTC_792da/fast] Error 2


