[0.656s] Invoking command in '/home/autoware/Autoware/build/points_downsampler': CMAKE_PREFIX_PATH=/home/autoware/Autoware/install/autoware_config_msgs:/home/autoware/Autoware/install/autoware_build_flags:${CMAKE_PREFIX_PATH} PKG_CONFIG_PATH=/home/autoware/Autoware/install/autoware_config_msgs/lib/x86_64-linux-gnu/pkgconfig:/home/autoware/Autoware/install/autoware_config_msgs/lib/pkgconfig:/home/autoware/Autoware/install/autoware_build_flags/lib/x86_64-linux-gnu/pkgconfig:/home/autoware/Autoware/install/autoware_build_flags/lib/pkgconfig:${PKG_CONFIG_PATH} PYTHONPATH=/home/autoware/Autoware/install/autoware_config_msgs/lib/python2.7/dist-packages:${PYTHONPATH} ROS_PACKAGE_PATH=/home/autoware/Autoware/install/autoware_config_msgs/share:/home/autoware/Autoware/install/autoware_build_flags/share:${ROS_PACKAGE_PATH} /usr/bin/cmake --build /home/autoware/Autoware/build/points_downsampler -- -j32 -l32
[1.088s] [  0%] Built target roscpp_generate_messages_cpp
[1.089s] [  0%] Built target velodyne_msgs_generate_messages_nodejs
[1.089s] [  0%] Built target tf2_msgs_generate_messages_cpp
[1.089s] [  0%] Built target std_msgs_generate_messages_eus
[1.089s] [  0%] Built target diagnostic_msgs_generate_messages_eus
[1.089s] [  0%] Built target velodyne_msgs_generate_messages_py
[1.089s] [  0%] Built target geometry_msgs_generate_messages_lisp
[1.089s] [  0%] Built target velodyne_msgs_generate_messages_eus
[1.089s] [  0%] Built target velodyne_msgs_generate_messages_lisp
[1.089s] [  0%] Built target topic_tools_generate_messages_cpp
[1.089s] [  0%] Built target velodyne_pointcloud_gencfg
[1.089s] [  0%] Built target velodyne_msgs_generate_messages_cpp
[1.089s] [  0%] Built target actionlib_msgs_generate_messages_py
[1.114s] [  0%] Built target std_msgs_generate_messages_nodejs
[1.114s] [  0%] Built target geometry_msgs_generate_messages_eus
[1.114s] [  0%] Built target geometry_msgs_generate_messages_py
[1.114s] [  0%] Built target tf2_msgs_generate_messages_eus
[1.162s] [  0%] Built target actionlib_generate_messages_cpp
[1.163s] [  0%] Built target std_srvs_generate_messages_eus
[1.203s] [  0%] Built target diagnostic_msgs_generate_messages_nodejs
[1.203s] [  0%] Built target actionlib_generate_messages_nodejs
[1.203s] [  0%] Built target pcl_msgs_generate_messages_eus
[1.203s] [  0%] Built target tf2_msgs_generate_messages_nodejs
[1.203s] [  0%] Built target diagnostic_msgs_generate_messages_py
[1.203s] [  0%] Built target pcl_msgs_generate_messages_nodejs
[1.203s] [  0%] Built target velodyne_driver_gencfg
[1.203s] [  0%] Built target actionlib_msgs_generate_messages_lisp
[1.203s] [  0%] Built target diagnostic_msgs_generate_messages_lisp
[1.214s] [  0%] Built target _points_downsampler_generate_messages_check_deps_PointsDownsamplerInfo
[1.215s] [  0%] Built target sensor_msgs_generate_messages_nodejs
[1.215s] [  0%] Built target std_msgs_generate_messages_cpp
[1.215s] [  0%] Built target rosgraph_msgs_generate_messages_cpp
[1.216s] [  0%] Built target topic_tools_generate_messages_eus
[1.216s] [  0%] Built target bond_generate_messages_eus
[1.347s] [  0%] Built target actionlib_msgs_generate_messages_eus
[1.347s] [  0%] Built target roscpp_generate_messages_py
[1.347s] [  0%] Built target nodelet_generate_messages_nodejs
[1.347s] [  0%] Built target sensor_msgs_generate_messages_eus
[1.347s] [  0%] Built target roscpp_generate_messages_lisp
[1.347s] [  0%] Built target roscpp_generate_messages_nodejs
[1.348s] [  0%] Built target autoware_config_msgs_generate_messages_eus
[1.348s] [  0%] Built target sensor_msgs_generate_messages_lisp
[1.348s] [  0%] Built target tf_generate_messages_py
[1.348s] [  0%] Built target sensor_msgs_generate_messages_py
[1.348s] [  0%] Built target std_msgs_generate_messages_py
[1.348s] [  0%] Built target autoware_config_msgs_generate_messages_lisp
[1.348s] [  0%] Built target nodelet_generate_messages_py
[1.348s] [  0%] Built target rosgraph_msgs_generate_messages_eus
[1.376s] [  0%] Built target tf2_msgs_generate_messages_lisp
[1.376s] [  0%] Built target dynamic_reconfigure_generate_messages_cpp
[1.377s] [  0%] Built target roscpp_generate_messages_eus
[1.379s] [  0%] Built target topic_tools_generate_messages_nodejs
[1.382s] [  0%] Built target autoware_config_msgs_generate_messages_cpp
[1.388s] [  0%] Built target nodelet_generate_messages_cpp
[1.390s] [  0%] Built target rosgraph_msgs_generate_messages_nodejs
[1.391s] [  0%] Built target rosgraph_msgs_generate_messages_lisp
[1.391s] [  0%] Built target std_msgs_generate_messages_lisp
[1.394s] [  0%] Built target sensor_msgs_generate_messages_cpp
[1.395s] [  0%] Built target pcl_ros_gencfg
[1.398s] [  0%] Built target rosgraph_msgs_generate_messages_py
[1.409s] [  0%] Built target bond_generate_messages_lisp
[1.413s] [  0%] Built target tf2_msgs_generate_messages_py
[1.413s] [  0%] Built target pcl_msgs_generate_messages_cpp
[1.413s] [  0%] Built target dynamic_reconfigure_generate_messages_eus
[1.413s] [  0%] Built target dynamic_reconfigure_gencfg
[1.413s] [  0%] Built target nodelet_generate_messages_eus
[1.421s] [  0%] Built target bond_generate_messages_py
[1.435s] [  0%] Built target actionlib_generate_messages_py
[1.435s] [  0%] Built target actionlib_generate_messages_lisp
[1.436s] [  0%] Built target nodelet_generate_messages_lisp
[1.447s] [  0%] Built target dynamic_reconfigure_generate_messages_nodejs
[1.477s] [  0%] Built target std_srvs_generate_messages_lisp
[1.477s] [  0%] Built target std_srvs_generate_messages_nodejs
[1.483s] [  0%] Built target dynamic_reconfigure_generate_messages_py
[1.490s] [  0%] Built target dynamic_reconfigure_generate_messages_lisp
[1.492s] [  0%] Built target autoware_config_msgs_generate_messages_py
[1.493s] [  0%] Built target geometry_msgs_generate_messages_nodejs
[1.494s] [  0%] Built target std_srvs_generate_messages_py
[1.514s] [  0%] Built target actionlib_msgs_generate_messages_cpp
[1.531s] [  0%] Built target geometry_msgs_generate_messages_cpp
[1.531s] [  0%] Built target bond_generate_messages_cpp
[1.535s] [  0%] Built target topic_tools_generate_messages_lisp
[1.538s] [  0%] Built target bond_generate_messages_nodejs
[1.539s] [  0%] Built target tf_generate_messages_cpp
[1.557s] [  0%] Built target tf_generate_messages_eus
[1.557s] [  6%] Built target points_downsampler_generate_messages_nodejs
[1.560s] [  6%] Built target nodelet_topic_tools_gencfg
[1.568s] [  6%] Built target tf_generate_messages_lisp
[1.569s] [  6%] Built target tf_generate_messages_nodejs
[1.570s] [  6%] Built target diagnostic_msgs_generate_messages_cpp
[1.573s] [  6%] Built target std_srvs_generate_messages_cpp
[1.574s] [  6%] Built target autoware_config_msgs_generate_messages_nodejs
[1.577s] [ 20%] Built target points_downsampler_generate_messages_py
[1.594s] [ 20%] Built target pcl_msgs_generate_messages_lisp
[1.603s] [ 20%] Built target topic_tools_generate_messages_py
[1.603s] [ 26%] Built target points_downsampler_generate_messages_lisp
[1.606s] [ 40%] Built target points_downsampler_generate_messages_eus
[1.608s] [ 40%] Built target actionlib_msgs_generate_messages_nodejs
[1.629s] [ 40%] Built target pcl_msgs_generate_messages_py
[1.629s] [ 46%] Built target points_downsampler_generate_messages_cpp
[1.659s] [ 46%] Built target actionlib_generate_messages_eus
[1.731s] [ 60%] Built target voxel_grid_filter
[1.794s] [ 73%] Built target ring_filter
[1.794s] [ 86%] Built target distance_filter
[1.821s] [ 86%] Built target points_downsampler_generate_messages
[1.822s] [100%] Built target random_filter
[1.850s] Invoked command in '/home/autoware/Autoware/build/points_downsampler' returned '0': CMAKE_PREFIX_PATH=/home/autoware/Autoware/install/autoware_config_msgs:/home/autoware/Autoware/install/autoware_build_flags:${CMAKE_PREFIX_PATH} PKG_CONFIG_PATH=/home/autoware/Autoware/install/autoware_config_msgs/lib/x86_64-linux-gnu/pkgconfig:/home/autoware/Autoware/install/autoware_config_msgs/lib/pkgconfig:/home/autoware/Autoware/install/autoware_build_flags/lib/x86_64-linux-gnu/pkgconfig:/home/autoware/Autoware/install/autoware_build_flags/lib/pkgconfig:${PKG_CONFIG_PATH} PYTHONPATH=/home/autoware/Autoware/install/autoware_config_msgs/lib/python2.7/dist-packages:${PYTHONPATH} ROS_PACKAGE_PATH=/home/autoware/Autoware/install/autoware_config_msgs/share:/home/autoware/Autoware/install/autoware_build_flags/share:${ROS_PACKAGE_PATH} /usr/bin/cmake --build /home/autoware/Autoware/build/points_downsampler -- -j32 -l32
[2.346s] Invoking command in '/home/autoware/Autoware/build/points_downsampler': CMAKE_PREFIX_PATH=/home/autoware/Autoware/install/autoware_config_msgs:/home/autoware/Autoware/install/autoware_build_flags:${CMAKE_PREFIX_PATH} PKG_CONFIG_PATH=/home/autoware/Autoware/install/autoware_config_msgs/lib/x86_64-linux-gnu/pkgconfig:/home/autoware/Autoware/install/autoware_config_msgs/lib/pkgconfig:/home/autoware/Autoware/install/autoware_build_flags/lib/x86_64-linux-gnu/pkgconfig:/home/autoware/Autoware/install/autoware_build_flags/lib/pkgconfig:${PKG_CONFIG_PATH} PYTHONPATH=/home/autoware/Autoware/install/autoware_config_msgs/lib/python2.7/dist-packages:${PYTHONPATH} ROS_PACKAGE_PATH=/home/autoware/Autoware/install/autoware_config_msgs/share:/home/autoware/Autoware/install/autoware_build_flags/share:${ROS_PACKAGE_PATH} /usr/bin/cmake --build /home/autoware/Autoware/build/points_downsampler --target tests -- -j32 -l32
[2.496s] Built target tests
[2.609s] Invoked command in '/home/autoware/Autoware/build/points_downsampler' returned '0': CMAKE_PREFIX_PATH=/home/autoware/Autoware/install/autoware_config_msgs:/home/autoware/Autoware/install/autoware_build_flags:${CMAKE_PREFIX_PATH} PKG_CONFIG_PATH=/home/autoware/Autoware/install/autoware_config_msgs/lib/x86_64-linux-gnu/pkgconfig:/home/autoware/Autoware/install/autoware_config_msgs/lib/pkgconfig:/home/autoware/Autoware/install/autoware_build_flags/lib/x86_64-linux-gnu/pkgconfig:/home/autoware/Autoware/install/autoware_build_flags/lib/pkgconfig:${PKG_CONFIG_PATH} PYTHONPATH=/home/autoware/Autoware/install/autoware_config_msgs/lib/python2.7/dist-packages:${PYTHONPATH} ROS_PACKAGE_PATH=/home/autoware/Autoware/install/autoware_config_msgs/share:/home/autoware/Autoware/install/autoware_build_flags/share:${ROS_PACKAGE_PATH} /usr/bin/cmake --build /home/autoware/Autoware/build/points_downsampler --target tests -- -j32 -l32
[3.669s] Invoking command in '/home/autoware/Autoware/build/points_downsampler': CMAKE_PREFIX_PATH=/home/autoware/Autoware/install/autoware_config_msgs:/home/autoware/Autoware/install/autoware_build_flags:${CMAKE_PREFIX_PATH} PKG_CONFIG_PATH=/home/autoware/Autoware/install/autoware_config_msgs/lib/x86_64-linux-gnu/pkgconfig:/home/autoware/Autoware/install/autoware_config_msgs/lib/pkgconfig:/home/autoware/Autoware/install/autoware_build_flags/lib/x86_64-linux-gnu/pkgconfig:/home/autoware/Autoware/install/autoware_build_flags/lib/pkgconfig:${PKG_CONFIG_PATH} PYTHONPATH=/home/autoware/Autoware/install/autoware_config_msgs/lib/python2.7/dist-packages:${PYTHONPATH} ROS_PACKAGE_PATH=/home/autoware/Autoware/install/autoware_config_msgs/share:/home/autoware/Autoware/install/autoware_build_flags/share:${ROS_PACKAGE_PATH} /usr/bin/cmake --build /home/autoware/Autoware/build/points_downsampler --target install -- -j32 -l32
[4.154s] [  0%] Built target velodyne_msgs_generate_messages_py
[4.154s] [  0%] Built target diagnostic_msgs_generate_messages_nodejs
[4.154s] [  0%] Built target diagnostic_msgs_generate_messages_py
[4.154s] [  0%] Built target velodyne_msgs_generate_messages_cpp
[4.154s] [  0%] Built target roscpp_generate_messages_cpp
[4.154s] [  0%] Built target geometry_msgs_generate_messages_lisp
[4.155s] [  0%] Built target bond_generate_messages_eus
[4.155s] [  0%] Built target actionlib_msgs_generate_messages_lisp
[4.155s] [  0%] Built target velodyne_msgs_generate_messages_lisp
[4.155s] [  0%] Built target diagnostic_msgs_generate_messages_eus
[4.155s] [  0%] Built target pcl_msgs_generate_messages_eus
[4.155s] [  0%] Built target roscpp_generate_messages_py
[4.155s] [  0%] Built target geometry_msgs_generate_messages_py
[4.155s] [  0%] Built target pcl_msgs_generate_messages_nodejs
[4.155s] [  0%] Built target diagnostic_msgs_generate_messages_lisp
[4.156s] [  0%] Built target actionlib_generate_messages_cpp
[4.156s] [  0%] Built target actionlib_generate_messages_nodejs
[4.156s] [  0%] Built target geometry_msgs_generate_messages_eus
[4.156s] [  0%] Built target tf2_msgs_generate_messages_eus
[4.161s] [  0%] Built target std_msgs_generate_messages_eus
[4.161s] [  0%] Built target actionlib_msgs_generate_messages_py
[4.162s] [  0%] Built target tf2_msgs_generate_messages_nodejs
[4.162s] [  0%] Built target topic_tools_generate_messages_cpp
[4.162s] [  0%] Built target velodyne_msgs_generate_messages_eus
[4.162s] [  0%] Built target sensor_msgs_generate_messages_nodejs
[4.162s] [  0%] Built target tf2_msgs_generate_messages_cpp
[4.162s] [  0%] Built target velodyne_pointcloud_gencfg
[4.162s] [  0%] Built target velodyne_driver_gencfg
[4.162s] [  0%] Built target sensor_msgs_generate_messages_lisp
[4.162s] [  0%] Built target roscpp_generate_messages_lisp
[4.162s] [  0%] Built target nodelet_generate_messages_nodejs
[4.162s] [  0%] Built target rosgraph_msgs_generate_messages_py
[4.162s] [  0%] Built target std_msgs_generate_messages_nodejs
[4.162s] [  0%] Built target std_srvs_generate_messages_eus
[4.163s] [  0%] Built target rosgraph_msgs_generate_messages_cpp
[4.163s] [  0%] Built target tf_generate_messages_py
[4.163s] [  0%] Built target std_msgs_generate_messages_cpp
[4.163s] [  0%] Built target velodyne_msgs_generate_messages_nodejs
[4.163s] [  0%] Built target dynamic_reconfigure_generate_messages_cpp
[4.163s] [  0%] Built target nodelet_generate_messages_py
[4.163s] [  0%] Built target geometry_msgs_generate_messages_nodejs
[4.163s] [  0%] Built target std_msgs_generate_messages_lisp
[4.163s] [  0%] Built target sensor_msgs_generate_messages_eus
[4.171s] [  0%] Built target autoware_config_msgs_generate_messages_eus
[4.171s] [  0%] Built target sensor_msgs_generate_messages_cpp
[4.171s] [  0%] Built target dynamic_reconfigure_generate_messages_lisp
[4.171s] [  0%] Built target autoware_config_msgs_generate_messages_lisp
[4.171s] [  0%] Built target autoware_config_msgs_generate_messages_cpp
[4.171s] [  0%] Built target actionlib_msgs_generate_messages_eus
[4.171s] [  0%] Built target sensor_msgs_generate_messages_py
[4.171s] [  0%] Built target _points_downsampler_generate_messages_check_deps_PointsDownsamplerInfo
[4.171s] [  0%] Built target rosgraph_msgs_generate_messages_lisp
[4.172s] [  0%] Built target pcl_msgs_generate_messages_cpp
[4.172s] [  0%] Built target roscpp_generate_messages_nodejs
[4.172s] [  0%] Built target rosgraph_msgs_generate_messages_nodejs
[4.172s] [  0%] Built target std_msgs_generate_messages_py
[4.172s] [  0%] Built target rosgraph_msgs_generate_messages_eus
[4.172s] [  0%] Built target pcl_ros_gencfg
[4.172s] [  0%] Built target dynamic_reconfigure_gencfg
[4.172s] [  0%] Built target roscpp_generate_messages_eus
[4.172s] [  0%] Built target tf2_msgs_generate_messages_lisp
[4.172s] [  0%] Built target topic_tools_generate_messages_nodejs
[4.172s] [  0%] Built target topic_tools_generate_messages_eus
[4.173s] [  0%] Built target dynamic_reconfigure_generate_messages_eus
[4.173s] [  0%] Built target dynamic_reconfigure_generate_messages_nodejs
[4.173s] [  0%] Built target nodelet_generate_messages_lisp
[4.173s] [  0%] Built target nodelet_generate_messages_eus
[4.173s] [  0%] Built target bond_generate_messages_lisp
[4.173s] [  0%] Built target actionlib_generate_messages_lisp
[4.173s] [  0%] Built target topic_tools_generate_messages_py
[4.173s] [  0%] Built target dynamic_reconfigure_generate_messages_py
[4.173s] [  0%] Built target nodelet_generate_messages_cpp
[4.173s] [  0%] Built target geometry_msgs_generate_messages_cpp
[4.173s] [  0%] Built target bond_generate_messages_cpp
[4.173s] [  0%] Built target std_srvs_generate_messages_cpp
[4.174s] [  0%] Built target std_srvs_generate_messages_nodejs
[4.174s] [  0%] Built target actionlib_msgs_generate_messages_nodejs
[4.174s] [  0%] Built target autoware_config_msgs_generate_messages_py
[4.174s] [  0%] Built target tf2_msgs_generate_messages_py
[4.174s] [  0%] Built target bond_generate_messages_nodejs
[4.174s] [  0%] Built target actionlib_generate_messages_py
[4.174s] [  0%] Built target bond_generate_messages_py
[4.174s] [  0%] Built target tf_generate_messages_cpp
[4.174s] [  0%] Built target tf_generate_messages_eus
[4.174s] [  0%] Built target actionlib_msgs_generate_messages_cpp
[4.352s] [  0%] Built target std_srvs_generate_messages_lisp
[4.352s] [  0%] Built target tf_generate_messages_lisp
[4.352s] [  0%] Built target nodelet_topic_tools_gencfg
[4.352s] [  0%] Built target std_srvs_generate_messages_py
[4.352s] [  0%] Built target pcl_msgs_generate_messages_lisp
[4.352s] [  0%] Built target topic_tools_generate_messages_lisp
[4.352s] [  0%] Built target actionlib_generate_messages_eus
[4.353s] [  0%] Built target pcl_msgs_generate_messages_py
[4.353s] [  6%] Built target diagnostic_msgs_generate_messages_cpp
[4.353s] [  6%] Built target points_downsampler_generate_messages_cpp
[4.353s] [ 20%] Built target points_downsampler_generate_messages_eus
[4.353s] [ 20%] Built target autoware_config_msgs_generate_messages_nodejs
[4.353s] [ 20%] Built target tf_generate_messages_nodejs
[4.353s] [ 26%] Built target points_downsampler_generate_messages_nodejs
[4.353s] [ 40%] Built target points_downsampler_generate_messages_py
[4.353s] [ 46%] Built target points_downsampler_generate_messages_lisp
[4.690s] [ 60%] Built target voxel_grid_filter
[4.690s] [ 60%] Built target points_downsampler_generate_messages
[4.690s] [ 73%] Built target random_filter
[4.690s] [ 86%] Built target distance_filter
[4.690s] [100%] Built target ring_filter
[4.805s] Install the project...
[4.805s] -- Install configuration: "Release"
[4.805s] -- Up-to-date: /home/autoware/Autoware/install/points_downsampler/share/points_downsampler/msg/PointsDownsamplerInfo.msg
[4.805s] -- Up-to-date: /home/autoware/Autoware/install/points_downsampler/share/points_downsampler/cmake/points_downsampler-msg-paths.cmake
[4.805s] -- Up-to-date: /home/autoware/Autoware/install/points_downsampler/include/points_downsampler
[4.805s] -- Up-to-date: /home/autoware/Autoware/install/points_downsampler/include/points_downsampler/PointsDownsamplerInfo.h
[4.806s] -- Up-to-date: /home/autoware/Autoware/install/points_downsampler/share/roseus/ros/points_downsampler
[4.806s] -- Up-to-date: /home/autoware/Autoware/install/points_downsampler/share/roseus/ros/points_downsampler/manifest.l
[4.806s] -- Up-to-date: /home/autoware/Autoware/install/points_downsampler/share/roseus/ros/points_downsampler/msg
[4.806s] -- Up-to-date: /home/autoware/Autoware/install/points_downsampler/share/roseus/ros/points_downsampler/msg/PointsDownsamplerInfo.l
[4.806s] -- Up-to-date: /home/autoware/Autoware/install/points_downsampler/share/common-lisp/ros/points_downsampler
[4.806s] -- Up-to-date: /home/autoware/Autoware/install/points_downsampler/share/common-lisp/ros/points_downsampler/msg
[4.806s] -- Up-to-date: /home/autoware/Autoware/install/points_downsampler/share/common-lisp/ros/points_downsampler/msg/_package.lisp
[4.808s] -- Up-to-date: /home/autoware/Autoware/install/points_downsampler/share/common-lisp/ros/points_downsampler/msg/PointsDownsamplerInfo.lisp
[4.808s] -- Up-to-date: /home/autoware/Autoware/install/points_downsampler/share/common-lisp/ros/points_downsampler/msg/_package_PointsDownsamplerInfo.lisp
[4.808s] -- Up-to-date: /home/autoware/Autoware/install/points_downsampler/share/common-lisp/ros/points_downsampler/msg/points_downsampler-msg.asd
[4.808s] -- Up-to-date: /home/autoware/Autoware/install/points_downsampler/share/gennodejs/ros/points_downsampler
[4.808s] -- Up-to-date: /home/autoware/Autoware/install/points_downsampler/share/gennodejs/ros/points_downsampler/msg
[4.808s] -- Up-to-date: /home/autoware/Autoware/install/points_downsampler/share/gennodejs/ros/points_downsampler/msg/PointsDownsamplerInfo.js
[4.808s] -- Up-to-date: /home/autoware/Autoware/install/points_downsampler/share/gennodejs/ros/points_downsampler/msg/_index.js
[4.808s] -- Up-to-date: /home/autoware/Autoware/install/points_downsampler/share/gennodejs/ros/points_downsampler/_index.js
[4.948s] Listing /home/autoware/Autoware/build/points_downsampler/devel/lib/python2.7/dist-packages/points_downsampler ...
[4.948s] Listing /home/autoware/Autoware/build/points_downsampler/devel/lib/python2.7/dist-packages/points_downsampler/msg ...
[4.948s] -- Up-to-date: /home/autoware/Autoware/install/points_downsampler/lib/python2.7/dist-packages/points_downsampler
[4.949s] -- Up-to-date: /home/autoware/Autoware/install/points_downsampler/lib/python2.7/dist-packages/points_downsampler/__init__.py
[4.949s] -- Up-to-date: /home/autoware/Autoware/install/points_downsampler/lib/python2.7/dist-packages/points_downsampler/msg
[4.949s] -- Up-to-date: /home/autoware/Autoware/install/points_downsampler/lib/python2.7/dist-packages/points_downsampler/msg/__init__.py
[4.960s] -- Up-to-date: /home/autoware/Autoware/install/points_downsampler/lib/python2.7/dist-packages/points_downsampler/msg/_PointsDownsamplerInfo.py
[4.960s] -- Up-to-date: /home/autoware/Autoware/install/points_downsampler/lib/python2.7/dist-packages/points_downsampler/msg/_PointsDownsamplerInfo.pyc
[4.960s] -- Up-to-date: /home/autoware/Autoware/install/points_downsampler/lib/python2.7/dist-packages/points_downsampler/msg/__init__.pyc
[4.960s] -- Up-to-date: /home/autoware/Autoware/install/points_downsampler/lib/python2.7/dist-packages/points_downsampler/__init__.pyc
[4.960s] -- Up-to-date: /home/autoware/Autoware/install/points_downsampler/lib/pkgconfig/points_downsampler.pc
[4.960s] -- Up-to-date: /home/autoware/Autoware/install/points_downsampler/share/points_downsampler/cmake/points_downsampler-msg-extras.cmake
[4.960s] -- Up-to-date: /home/autoware/Autoware/install/points_downsampler/share/points_downsampler/cmake/points_downsamplerConfig.cmake
[4.960s] -- Up-to-date: /home/autoware/Autoware/install/points_downsampler/share/points_downsampler/cmake/points_downsamplerConfig-version.cmake
[4.960s] -- Up-to-date: /home/autoware/Autoware/install/points_downsampler/share/points_downsampler/package.xml
[4.960s] -- Up-to-date: /home/autoware/Autoware/install/points_downsampler/lib/points_downsampler/voxel_grid_filter
[4.961s] -- Up-to-date: /home/autoware/Autoware/install/points_downsampler/lib/points_downsampler/ring_filter
[4.961s] -- Up-to-date: /home/autoware/Autoware/install/points_downsampler/lib/points_downsampler/distance_filter
[4.961s] -- Up-to-date: /home/autoware/Autoware/install/points_downsampler/lib/points_downsampler/random_filter
[4.961s] -- Up-to-date: /home/autoware/Autoware/install/points_downsampler/share/points_downsampler/launch
[4.961s] -- Up-to-date: /home/autoware/Autoware/install/points_downsampler/share/points_downsampler/launch/points_downsample.launch
[5.038s] Invoked command in '/home/autoware/Autoware/build/points_downsampler' returned '0': CMAKE_PREFIX_PATH=/home/autoware/Autoware/install/autoware_config_msgs:/home/autoware/Autoware/install/autoware_build_flags:${CMAKE_PREFIX_PATH} PKG_CONFIG_PATH=/home/autoware/Autoware/install/autoware_config_msgs/lib/x86_64-linux-gnu/pkgconfig:/home/autoware/Autoware/install/autoware_config_msgs/lib/pkgconfig:/home/autoware/Autoware/install/autoware_build_flags/lib/x86_64-linux-gnu/pkgconfig:/home/autoware/Autoware/install/autoware_build_flags/lib/pkgconfig:${PKG_CONFIG_PATH} PYTHONPATH=/home/autoware/Autoware/install/autoware_config_msgs/lib/python2.7/dist-packages:${PYTHONPATH} ROS_PACKAGE_PATH=/home/autoware/Autoware/install/autoware_config_msgs/share:/home/autoware/Autoware/install/autoware_build_flags/share:${ROS_PACKAGE_PATH} /usr/bin/cmake --build /home/autoware/Autoware/build/points_downsampler --target install -- -j32 -l32
