[0.619s] Invoking command in '/home/autoware/Autoware/build/sound_player': /usr/bin/cmake --build /home/autoware/Autoware/build/sound_player -- -j32 -l32
[0.871s] Invoked command in '/home/autoware/Autoware/build/sound_player' returned '0': /usr/bin/cmake --build /home/autoware/Autoware/build/sound_player -- -j32 -l32
[1.124s] Invoking command in '/home/autoware/Autoware/build/sound_player': /usr/bin/cmake --build /home/autoware/Autoware/build/sound_player --target tests -- -j32 -l32
[1.222s] Built target tests
[1.288s] Invoked command in '/home/autoware/Autoware/build/sound_player' returned '0': /usr/bin/cmake --build /home/autoware/Autoware/build/sound_player --target tests -- -j32 -l32
[1.505s] Invoking command in '/home/autoware/Autoware/build/sound_player': /usr/bin/cmake --build /home/autoware/Autoware/build/sound_player --target install -- -j32 -l32
[1.584s] Install the project...
[1.585s] -- Install configuration: "Release"
[1.587s] -- Up-to-date: /home/autoware/Autoware/install/sound_player/lib/pkgconfig/sound_player.pc
[1.670s] -- Up-to-date: /home/autoware/Autoware/install/sound_player/share/sound_player/cmake/sound_playerConfig.cmake
[1.670s] -- Up-to-date: /home/autoware/Autoware/install/sound_player/share/sound_player/cmake/sound_playerConfig-version.cmake
[1.671s] -- Up-to-date: /home/autoware/Autoware/install/sound_player/share/sound_player/package.xml
[1.671s] -- Up-to-date: /home/autoware/Autoware/install/sound_player/lib/sound_player/sound_player.py
[1.671s] -- Up-to-date: /home/autoware/Autoware/install/sound_player/lib/sound_player/sound_player.yaml
[1.671s] -- Up-to-date: /home/autoware/Autoware/install/sound_player/share/sound_player
[1.671s] -- Up-to-date: /home/autoware/Autoware/install/sound_player/share/sound_player/deceleration.wav
[1.671s] -- Up-to-date: /home/autoware/Autoware/install/sound_player/share/sound_player/beep2.wav
[1.671s] -- Up-to-date: /home/autoware/Autoware/install/sound_player/share/sound_player/return_normal.wav
[1.671s] -- Up-to-date: /home/autoware/Autoware/install/sound_player/share/sound_player/ndt_warning.wav
[1.671s] -- Up-to-date: /home/autoware/Autoware/install/sound_player/share/sound_player/beep3.wav
[1.671s] -- Up-to-date: /home/autoware/Autoware/install/sound_player/share/sound_player/red.wav
[1.672s] -- Up-to-date: /home/autoware/Autoware/install/sound_player/share/sound_player/beep1.wav
[1.672s] -- Up-to-date: /home/autoware/Autoware/install/sound_player/share/sound_player/pede.wav
[1.672s] -- Up-to-date: /home/autoware/Autoware/install/sound_player/share/sound_player/green.wav
[1.672s] -- Up-to-date: /home/autoware/Autoware/install/sound_player/share/sound_player/start.wav
[1.672s] -- Up-to-date: /home/autoware/Autoware/install/sound_player/share/sound_player/stop.wav
[1.672s] -- Up-to-date: /home/autoware/Autoware/install/sound_player/share/sound_player/beep4.wav
[1.768s] Invoked command in '/home/autoware/Autoware/build/sound_player' returned '0': /usr/bin/cmake --build /home/autoware/Autoware/build/sound_player --target install -- -j32 -l32
