[0.615s] Invoking command in '/home/autoware/Autoware/build/detected_objects_visualizer': CMAKE_PREFIX_PATH=/home/autoware/Autoware/install/autoware_msgs:/home/autoware/Autoware/install/autoware_build_flags:${CMAKE_PREFIX_PATH} PKG_CONFIG_PATH=/home/autoware/Autoware/install/autoware_msgs/lib/x86_64-linux-gnu/pkgconfig:/home/autoware/Autoware/install/autoware_msgs/lib/pkgconfig:/home/autoware/Autoware/install/autoware_build_flags/lib/x86_64-linux-gnu/pkgconfig:/home/autoware/Autoware/install/autoware_build_flags/lib/pkgconfig:${PKG_CONFIG_PATH} PYTHONPATH=/home/autoware/Autoware/install/autoware_msgs/lib/python2.7/dist-packages:${PYTHONPATH} ROS_PACKAGE_PATH=/home/autoware/Autoware/install/autoware_msgs/share:/home/autoware/Autoware/install/autoware_build_flags/share:${ROS_PACKAGE_PATH} /usr/bin/cmake --build /home/autoware/Autoware/build/detected_objects_visualizer -- -j32 -l32
[1.099s] [  0%] Built target jsk_recognition_msgs_generate_messages_py
[1.099s] [  0%] Built target sensor_msgs_generate_messages_py
[1.099s] [  0%] Built target geometry_msgs_generate_messages_py
[1.099s] [  0%] Built target autoware_msgs_generate_messages_py
[1.099s] [  0%] Built target sensor_msgs_generate_messages_lisp
[1.099s] [  0%] Built target actionlib_msgs_generate_messages_nodejs
[1.099s] [  0%] Built target std_msgs_generate_messages_nodejs
[1.099s] [  0%] Built target roscpp_generate_messages_cpp
[1.099s] [  0%] Built target sensor_msgs_generate_messages_nodejs
[1.099s] [  0%] Built target geometry_msgs_generate_messages_eus
[1.099s] [  0%] Built target std_msgs_generate_messages_cpp
[1.099s] [  0%] Built target _catkin_empty_exported_target
[1.104s] [  0%] Built target rosgraph_msgs_generate_messages_eus
[1.104s] [  0%] Built target autoware_msgs_generate_messages_cpp
[1.105s] [  0%] Built target geometry_msgs_generate_messages_nodejs
[1.105s] [  0%] Built target actionlib_generate_messages_cpp
[1.105s] [  0%] Built target rosgraph_msgs_generate_messages_cpp
[1.105s] [  0%] Built target pcl_msgs_generate_messages_eus
[1.105s] [  0%] Built target sensor_msgs_generate_messages_eus
[1.105s] [  0%] Built target jsk_recognition_msgs_generate_messages_lisp
[1.105s] [  0%] Built target pcl_msgs_generate_messages_cpp
[1.105s] [  0%] Built target pcl_msgs_generate_messages_nodejs
[1.105s] [  0%] Built target jsk_recognition_msgs_generate_messages_cpp
[1.105s] [  0%] Built target autoware_msgs_generate_messages_eus
[1.105s] [  0%] Built target roscpp_generate_messages_nodejs
[1.106s] [  0%] Built target std_msgs_generate_messages_lisp
[1.106s] [  0%] Built target tf_generate_messages_py
[1.106s] [  0%] Built target tf2_msgs_generate_messages_cpp
[1.106s] [  0%] Built target jsk_recognition_msgs_generate_messages_eus
[1.106s] [  0%] Built target visualization_msgs_generate_messages_nodejs
[1.106s] [  0%] Built target sensor_msgs_generate_messages_cpp
[1.106s] [  0%] Built target visualization_msgs_generate_messages_py
[1.106s] [  0%] Built target geometry_msgs_generate_messages_lisp
[1.106s] [  0%] Built target std_msgs_generate_messages_py
[1.106s] [  0%] Built target autoware_msgs_generate_messages_lisp
[1.106s] [  0%] Built target jsk_footstep_msgs_generate_messages_lisp
[1.106s] [  0%] Built target visualization_msgs_generate_messages_lisp
[1.107s] [  0%] Built target std_msgs_generate_messages_eus
[1.107s] [  0%] Built target jsk_footstep_msgs_generate_messages_eus
[1.107s] [  0%] Built target jsk_footstep_msgs_generate_messages_nodejs
[1.107s] [  0%] Built target jsk_footstep_msgs_generate_messages_py
[1.107s] [  0%] Built target rosgraph_msgs_generate_messages_lisp
[1.107s] [  0%] Built target actionlib_msgs_generate_messages_eus
[1.223s] [  0%] Built target actionlib_msgs_generate_messages_lisp
[1.223s] [  0%] Built target actionlib_msgs_generate_messages_py
[1.223s] [  0%] Built target actionlib_msgs_generate_messages_cpp
[1.223s] [  0%] Built target rosgraph_msgs_generate_messages_nodejs
[1.223s] [  0%] Built target pcl_msgs_generate_messages_lisp
[1.223s] [  0%] Built target pcl_msgs_generate_messages_py
[1.223s] [  0%] Built target roscpp_generate_messages_lisp
[1.224s] [  0%] Built target roscpp_generate_messages_py
[1.224s] [  0%] Built target autoware_msgs_generate_messages_nodejs
[1.224s] [  0%] Built target jsk_recognition_msgs_generate_messages_nodejs
[1.224s] [  0%] Built target tf2_msgs_generate_messages_py
[1.224s] [  0%] Built target tf_generate_messages_cpp
[1.224s] [  0%] Built target actionlib_generate_messages_eus
[1.224s] [  0%] Built target jsk_footstep_msgs_generate_messages_cpp
[1.434s] [  0%] Built target rosgraph_msgs_generate_messages_py
[1.435s] [  0%] Built target roscpp_generate_messages_eus
[1.435s] [  0%] Built target tf2_msgs_generate_messages_eus
[1.435s] [  0%] Built target visualization_msgs_generate_messages_eus
[1.435s] [  0%] Built target actionlib_generate_messages_nodejs
[1.435s] [  0%] Built target actionlib_generate_messages_lisp
[1.436s] [  0%] Built target tf_generate_messages_lisp
[1.436s] [  0%] Built target actionlib_generate_messages_py
[1.443s] [  0%] Built target geometry_msgs_generate_messages_cpp
[1.447s] [  0%] Built target tf_generate_messages_eus
[1.447s] [  0%] Built target tf_generate_messages_nodejs
[1.447s] [  0%] Built target tf2_msgs_generate_messages_lisp
[1.510s] [  0%] Built target visualization_msgs_generate_messages_cpp
[1.510s] [  0%] Built target tf2_msgs_generate_messages_nodejs
[1.682s] [ 50%] Built target visualize_detected_objects
[1.842s] [100%] Built target visualize_rects
[1.979s] Invoked command in '/home/autoware/Autoware/build/detected_objects_visualizer' returned '0': CMAKE_PREFIX_PATH=/home/autoware/Autoware/install/autoware_msgs:/home/autoware/Autoware/install/autoware_build_flags:${CMAKE_PREFIX_PATH} PKG_CONFIG_PATH=/home/autoware/Autoware/install/autoware_msgs/lib/x86_64-linux-gnu/pkgconfig:/home/autoware/Autoware/install/autoware_msgs/lib/pkgconfig:/home/autoware/Autoware/install/autoware_build_flags/lib/x86_64-linux-gnu/pkgconfig:/home/autoware/Autoware/install/autoware_build_flags/lib/pkgconfig:${PKG_CONFIG_PATH} PYTHONPATH=/home/autoware/Autoware/install/autoware_msgs/lib/python2.7/dist-packages:${PYTHONPATH} ROS_PACKAGE_PATH=/home/autoware/Autoware/install/autoware_msgs/share:/home/autoware/Autoware/install/autoware_build_flags/share:${ROS_PACKAGE_PATH} /usr/bin/cmake --build /home/autoware/Autoware/build/detected_objects_visualizer -- -j32 -l32
[2.460s] Invoking command in '/home/autoware/Autoware/build/detected_objects_visualizer': CMAKE_PREFIX_PATH=/home/autoware/Autoware/install/autoware_msgs:/home/autoware/Autoware/install/autoware_build_flags:${CMAKE_PREFIX_PATH} PKG_CONFIG_PATH=/home/autoware/Autoware/install/autoware_msgs/lib/x86_64-linux-gnu/pkgconfig:/home/autoware/Autoware/install/autoware_msgs/lib/pkgconfig:/home/autoware/Autoware/install/autoware_build_flags/lib/x86_64-linux-gnu/pkgconfig:/home/autoware/Autoware/install/autoware_build_flags/lib/pkgconfig:${PKG_CONFIG_PATH} PYTHONPATH=/home/autoware/Autoware/install/autoware_msgs/lib/python2.7/dist-packages:${PYTHONPATH} ROS_PACKAGE_PATH=/home/autoware/Autoware/install/autoware_msgs/share:/home/autoware/Autoware/install/autoware_build_flags/share:${ROS_PACKAGE_PATH} /usr/bin/cmake --build /home/autoware/Autoware/build/detected_objects_visualizer --target tests -- -j32 -l32
[2.748s] Built target tests
[2.775s] Invoked command in '/home/autoware/Autoware/build/detected_objects_visualizer' returned '0': CMAKE_PREFIX_PATH=/home/autoware/Autoware/install/autoware_msgs:/home/autoware/Autoware/install/autoware_build_flags:${CMAKE_PREFIX_PATH} PKG_CONFIG_PATH=/home/autoware/Autoware/install/autoware_msgs/lib/x86_64-linux-gnu/pkgconfig:/home/autoware/Autoware/install/autoware_msgs/lib/pkgconfig:/home/autoware/Autoware/install/autoware_build_flags/lib/x86_64-linux-gnu/pkgconfig:/home/autoware/Autoware/install/autoware_build_flags/lib/pkgconfig:${PKG_CONFIG_PATH} PYTHONPATH=/home/autoware/Autoware/install/autoware_msgs/lib/python2.7/dist-packages:${PYTHONPATH} ROS_PACKAGE_PATH=/home/autoware/Autoware/install/autoware_msgs/share:/home/autoware/Autoware/install/autoware_build_flags/share:${ROS_PACKAGE_PATH} /usr/bin/cmake --build /home/autoware/Autoware/build/detected_objects_visualizer --target tests -- -j32 -l32
[3.107s] Invoking command in '/home/autoware/Autoware/build/detected_objects_visualizer': CMAKE_PREFIX_PATH=/home/autoware/Autoware/install/autoware_msgs:/home/autoware/Autoware/install/autoware_build_flags:${CMAKE_PREFIX_PATH} PKG_CONFIG_PATH=/home/autoware/Autoware/install/autoware_msgs/lib/x86_64-linux-gnu/pkgconfig:/home/autoware/Autoware/install/autoware_msgs/lib/pkgconfig:/home/autoware/Autoware/install/autoware_build_flags/lib/x86_64-linux-gnu/pkgconfig:/home/autoware/Autoware/install/autoware_build_flags/lib/pkgconfig:${PKG_CONFIG_PATH} PYTHONPATH=/home/autoware/Autoware/install/autoware_msgs/lib/python2.7/dist-packages:${PYTHONPATH} ROS_PACKAGE_PATH=/home/autoware/Autoware/install/autoware_msgs/share:/home/autoware/Autoware/install/autoware_build_flags/share:${ROS_PACKAGE_PATH} /usr/bin/cmake --build /home/autoware/Autoware/build/detected_objects_visualizer --target install -- -j32 -l32
[3.418s] [  0%] Built target roscpp_generate_messages_cpp
[3.418s] [  0%] Built target geometry_msgs_generate_messages_eus
[3.418s] [  0%] Built target jsk_recognition_msgs_generate_messages_py
[3.418s] [  0%] Built target sensor_msgs_generate_messages_py
[3.419s] [  0%] Built target pcl_msgs_generate_messages_cpp
[3.419s] [  0%] Built target jsk_recognition_msgs_generate_messages_lisp
[3.419s] [  0%] Built target visualization_msgs_generate_messages_py
[3.419s] [  0%] Built target geometry_msgs_generate_messages_lisp
[3.419s] [  0%] Built target sensor_msgs_generate_messages_eus
[3.419s] [  0%] Built target pcl_msgs_generate_messages_nodejs
[3.419s] [  0%] Built target std_msgs_generate_messages_lisp
[3.419s] [  0%] Built target std_msgs_generate_messages_nodejs
[3.419s] [  0%] Built target tf_generate_messages_py
[3.419s] [  0%] Built target std_msgs_generate_messages_py
[3.419s] [  0%] Built target rosgraph_msgs_generate_messages_eus
[3.419s] [  0%] Built target sensor_msgs_generate_messages_nodejs
[3.420s] [  0%] Built target sensor_msgs_generate_messages_cpp
[3.420s] [  0%] Built target actionlib_msgs_generate_messages_nodejs
[3.420s] [  0%] Built target roscpp_generate_messages_nodejs
[3.420s] [  0%] Built target autoware_msgs_generate_messages_py
[3.420s] [  0%] Built target tf2_msgs_generate_messages_cpp
[3.420s] [  0%] Built target actionlib_generate_messages_cpp
[3.420s] [  0%] Built target pcl_msgs_generate_messages_eus
[3.528s] [  0%] Built target geometry_msgs_generate_messages_nodejs
[3.528s] [  0%] Built target geometry_msgs_generate_messages_py
[3.528s] [  0%] Built target rosgraph_msgs_generate_messages_cpp
[3.528s] [  0%] Built target _catkin_empty_exported_target
[3.528s] [  0%] Built target autoware_msgs_generate_messages_cpp
[3.528s] [  0%] Built target std_msgs_generate_messages_cpp
[3.529s] [  0%] Built target jsk_recognition_msgs_generate_messages_eus
[3.529s] [  0%] Built target visualization_msgs_generate_messages_nodejs
[3.529s] [  0%] Built target jsk_footstep_msgs_generate_messages_py
[3.529s] [  0%] Built target rosgraph_msgs_generate_messages_nodejs
[3.529s] [  0%] Built target actionlib_msgs_generate_messages_py
[3.529s] [  0%] Built target actionlib_msgs_generate_messages_lisp
[3.529s] [  0%] Built target autoware_msgs_generate_messages_eus
[3.529s] [  0%] Built target jsk_footstep_msgs_generate_messages_lisp
[3.529s] [  0%] Built target sensor_msgs_generate_messages_lisp
[3.530s] [  0%] Built target jsk_recognition_msgs_generate_messages_cpp
[3.532s] [  0%] Built target jsk_recognition_msgs_generate_messages_nodejs
[3.532s] [  0%] Built target roscpp_generate_messages_py
[3.532s] [  0%] Built target jsk_footstep_msgs_generate_messages_nodejs
[3.532s] [  0%] Built target actionlib_msgs_generate_messages_eus
[3.532s] [  0%] Built target jsk_footstep_msgs_generate_messages_eus
[3.532s] [  0%] Built target roscpp_generate_messages_lisp
[3.532s] [  0%] Built target autoware_msgs_generate_messages_lisp
[3.532s] [  0%] Built target autoware_msgs_generate_messages_nodejs
[3.533s] [  0%] Built target actionlib_msgs_generate_messages_cpp
[3.533s] [  0%] Built target tf_generate_messages_eus
[3.533s] [  0%] Built target rosgraph_msgs_generate_messages_lisp
[3.533s] [  0%] Built target std_msgs_generate_messages_eus
[3.533s] [  0%] Built target tf_generate_messages_cpp
[3.533s] [  0%] Built target visualization_msgs_generate_messages_lisp
[3.533s] [  0%] Built target jsk_footstep_msgs_generate_messages_cpp
[3.533s] [  0%] Built target rosgraph_msgs_generate_messages_py
[3.533s] [  0%] Built target roscpp_generate_messages_eus
[3.533s] [  0%] Built target actionlib_generate_messages_lisp
[3.533s] [  0%] Built target tf_generate_messages_nodejs
[3.534s] [  0%] Built target pcl_msgs_generate_messages_lisp
[3.534s] [  0%] Built target actionlib_generate_messages_eus
[3.534s] [  0%] Built target tf2_msgs_generate_messages_eus
[3.534s] [  0%] Built target actionlib_generate_messages_nodejs
[3.534s] [  0%] Built target geometry_msgs_generate_messages_cpp
[3.534s] [  0%] Built target tf2_msgs_generate_messages_py
[3.534s] [  0%] Built target tf_generate_messages_lisp
[3.534s] [  0%] Built target pcl_msgs_generate_messages_py
[3.575s] [  0%] Built target tf2_msgs_generate_messages_nodejs
[3.575s] [  0%] Built target visualization_msgs_generate_messages_eus
[3.613s] [  0%] Built target actionlib_generate_messages_py
[3.613s] [  0%] Built target tf2_msgs_generate_messages_lisp
[3.613s] [  0%] Built target visualization_msgs_generate_messages_cpp
[3.705s] [ 50%] Built target visualize_rects
[3.705s] [100%] Built target visualize_detected_objects
[3.766s] Install the project...
[3.766s] -- Install configuration: "Release"
[3.766s] -- Up-to-date: /home/autoware/Autoware/install/detected_objects_visualizer/lib/pkgconfig/detected_objects_visualizer.pc
[3.766s] -- Up-to-date: /home/autoware/Autoware/install/detected_objects_visualizer/share/detected_objects_visualizer/cmake/detected_objects_visualizerConfig.cmake
[3.766s] -- Up-to-date: /home/autoware/Autoware/install/detected_objects_visualizer/share/detected_objects_visualizer/cmake/detected_objects_visualizerConfig-version.cmake
[3.766s] -- Up-to-date: /home/autoware/Autoware/install/detected_objects_visualizer/share/detected_objects_visualizer/package.xml
[3.766s] -- Up-to-date: /home/autoware/Autoware/install/detected_objects_visualizer/lib/detected_objects_visualizer/visualize_detected_objects
[3.767s] -- Up-to-date: /home/autoware/Autoware/install/detected_objects_visualizer/lib/detected_objects_visualizer/visualize_rects
[3.767s] -- Up-to-date: /home/autoware/Autoware/install/detected_objects_visualizer/share/detected_objects_visualizer/models
[3.767s] -- Up-to-date: /home/autoware/Autoware/install/detected_objects_visualizer/share/detected_objects_visualizer/models/bike.dae
[3.767s] -- Up-to-date: /home/autoware/Autoware/install/detected_objects_visualizer/share/detected_objects_visualizer/models/box.dae
[3.767s] -- Up-to-date: /home/autoware/Autoware/install/detected_objects_visualizer/share/detected_objects_visualizer/models/bus.dae
[3.767s] -- Up-to-date: /home/autoware/Autoware/install/detected_objects_visualizer/share/detected_objects_visualizer/models/person.dae
[3.767s] -- Up-to-date: /home/autoware/Autoware/install/detected_objects_visualizer/share/detected_objects_visualizer/models/car.dae
[3.768s] -- Up-to-date: /home/autoware/Autoware/install/detected_objects_visualizer/share/detected_objects_visualizer/models/truck.dae
[3.930s] Invoked command in '/home/autoware/Autoware/build/detected_objects_visualizer' returned '0': CMAKE_PREFIX_PATH=/home/autoware/Autoware/install/autoware_msgs:/home/autoware/Autoware/install/autoware_build_flags:${CMAKE_PREFIX_PATH} PKG_CONFIG_PATH=/home/autoware/Autoware/install/autoware_msgs/lib/x86_64-linux-gnu/pkgconfig:/home/autoware/Autoware/install/autoware_msgs/lib/pkgconfig:/home/autoware/Autoware/install/autoware_build_flags/lib/x86_64-linux-gnu/pkgconfig:/home/autoware/Autoware/install/autoware_build_flags/lib/pkgconfig:${PKG_CONFIG_PATH} PYTHONPATH=/home/autoware/Autoware/install/autoware_msgs/lib/python2.7/dist-packages:${PYTHONPATH} ROS_PACKAGE_PATH=/home/autoware/Autoware/install/autoware_msgs/share:/home/autoware/Autoware/install/autoware_build_flags/share:${ROS_PACKAGE_PATH} /usr/bin/cmake --build /home/autoware/Autoware/build/detected_objects_visualizer --target install -- -j32 -l32
