[0.410s] Invoking command in '/home/autoware/Autoware/build/lidar_euclidean_cluster_detect': CMAKE_PREFIX_PATH=/home/autoware/Autoware/install/vector_map_server:/home/autoware/Autoware/install/vector_map:/home/autoware/Autoware/install/vector_map_msgs:/home/autoware/Autoware/install/autoware_msgs:/home/autoware/Autoware/install/autoware_build_flags:${CMAKE_PREFIX_PATH} LD_LIBRARY_PATH=/home/autoware/Autoware/install/vector_map/lib:${LD_LIBRARY_PATH} PKG_CONFIG_PATH=/home/autoware/Autoware/install/vector_map_server/lib/x86_64-linux-gnu/pkgconfig:/home/autoware/Autoware/install/vector_map_server/lib/pkgconfig:/home/autoware/Autoware/install/vector_map/lib/x86_64-linux-gnu/pkgconfig:/home/autoware/Autoware/install/vector_map/lib/pkgconfig:/home/autoware/Autoware/install/vector_map_msgs/lib/x86_64-linux-gnu/pkgconfig:/home/autoware/Autoware/install/vector_map_msgs/lib/pkgconfig:/home/autoware/Autoware/install/autoware_msgs/lib/x86_64-linux-gnu/pkgconfig:/home/autoware/Autoware/install/autoware_msgs/lib/pkgconfig:/home/autoware/Autoware/install/autoware_build_flags/lib/x86_64-linux-gnu/pkgconfig:/home/autoware/Autoware/install/autoware_build_flags/lib/pkgconfig:${PKG_CONFIG_PATH} PYTHONPATH=/home/autoware/Autoware/install/vector_map_server/lib/python2.7/dist-packages:/home/autoware/Autoware/install/vector_map_msgs/lib/python2.7/dist-packages:/home/autoware/Autoware/install/autoware_msgs/lib/python2.7/dist-packages:${PYTHONPATH} ROS_PACKAGE_PATH=/home/autoware/Autoware/install/vector_map_server/share:/home/autoware/Autoware/install/vector_map/share:/home/autoware/Autoware/install/vector_map_msgs/share:/home/autoware/Autoware/install/autoware_msgs/share:/home/autoware/Autoware/install/autoware_build_flags/share:${ROS_PACKAGE_PATH} /usr/bin/cmake --build /home/autoware/Autoware/build/lidar_euclidean_cluster_detect -- -j32 -l32
[0.634s] [  0%] Built target tf_generate_messages_eus
[0.634s] [  0%] Built target rviz_generate_messages_cpp
[0.650s] [  0%] Built target rviz_generate_messages_py
[0.651s] [  0%] Built target vector_map_msgs_generate_messages_py
[0.651s] [  0%] Built target vector_map_msgs_generate_messages_nodejs
[0.651s] [  0%] Built target people_msgs_generate_messages_cpp
[0.651s] [  0%] Built target bond_generate_messages_cpp
[0.651s] [  0%] Built target nodelet_generate_messages_nodejs
[0.651s] [  0%] Built target vector_map_msgs_generate_messages_eus
[0.651s] [  0%] Built target people_msgs_generate_messages_py
[0.651s] [  0%] Built target rviz_generate_messages_eus
[0.652s] [  0%] Built target dynamic_reconfigure_generate_messages_nodejs
[0.652s] [  0%] Built target bond_generate_messages_eus
[0.652s] [  0%] Built target people_msgs_generate_messages_lisp
[0.652s] [  0%] Built target vector_map_msgs_generate_messages_cpp
[0.652s] [  0%] Built target people_msgs_generate_messages_nodejs
[0.652s] [  0%] Built target map_msgs_generate_messages_lisp
[0.702s] [  0%] Built target vector_map_server_generate_messages_nodejs
[0.702s] [  0%] Built target people_msgs_generate_messages_eus
[0.702s] [  0%] Built target bond_generate_messages_nodejs
[0.702s] [  0%] Built target nodelet_generate_messages_eus
[0.702s] [  0%] Built target pcl_ros_gencfg
[0.707s] [ 40%] Built target gpu_euclidean_clustering
[0.707s] [ 40%] Built target bond_generate_messages_py
[0.707s] [ 40%] Built target map_msgs_generate_messages_eus
[0.707s] [ 40%] Built target dynamic_reconfigure_generate_messages_eus
[0.707s] [ 40%] Built target vector_map_msgs_generate_messages_lisp
[0.707s] [ 40%] Built target nodelet_generate_messages_cpp
[0.707s] [ 40%] Built target jsk_hark_msgs_generate_messages_py
[0.707s] [ 40%] Built target dynamic_reconfigure_generate_messages_lisp
[0.708s] [ 40%] Built target map_msgs_generate_messages_py
[0.708s] [ 40%] Built target dynamic_reconfigure_generate_messages_py
[0.708s] [ 40%] Built target jsk_hark_msgs_generate_messages_eus
[0.732s] [ 40%] Built target bond_generate_messages_lisp
[0.737s] [ 40%] Built target jsk_hark_msgs_generate_messages_nodejs
[0.738s] [ 40%] Built target jsk_rviz_plugins_generate_messages_nodejs
[0.803s] [ 40%] Built target rviz_generate_messages_nodejs
[0.803s] [ 40%] Built target tf2_msgs_generate_messages_cpp
[0.803s] [ 40%] Built target visualization_msgs_generate_messages_eus
[0.803s] [ 40%] Built target tf2_msgs_generate_messages_nodejs
[0.803s] [ 40%] Built target vector_map_server_generate_messages_cpp
[0.804s] [ 40%] Built target jsk_rviz_plugins_generate_messages_py
[0.804s] [ 40%] Built target tf_generate_messages_lisp
[0.804s] [ 40%] Built target map_msgs_generate_messages_cpp
[0.804s] [ 40%] Built target jsk_rviz_plugins_gencfg
[0.804s] [ 40%] Built target jsk_recognition_utils_gencfg
[0.804s] [ 40%] Built target vector_map_server_generate_messages_eus
[0.804s] [ 40%] Built target tf2_msgs_generate_messages_py
[0.804s] [ 40%] Built target rviz_generate_messages_lisp
[0.804s] [ 40%] Built target actionlib_generate_messages_py
[0.804s] [ 40%] Built target visualization_msgs_generate_messages_py
[0.804s] [ 40%] Built target tf_generate_messages_py
[0.804s] [ 40%] Built target tf_generate_messages_nodejs
[0.805s] [ 40%] Built target actionlib_generate_messages_cpp
[0.809s] [ 40%] Built target dynamic_reconfigure_generate_messages_cpp
[0.809s] [ 40%] Built target jsk_recognition_msgs_generate_messages_eus
[0.812s] [ 40%] Built target roscpp_generate_messages_cpp
[0.818s] [ 40%] Built target visualization_msgs_generate_messages_nodejs
[0.819s] [ 40%] Built target jsk_rviz_plugins_generate_messages_lisp
[0.820s] [ 40%] Built target jsk_recognition_msgs_generate_messages_lisp
[0.821s] [ 40%] Built target rosgraph_msgs_generate_messages_eus
[0.824s] [ 40%] Built target geometry_msgs_generate_messages_py
[0.859s] [ 40%] Built target sensor_msgs_generate_messages_cpp
[0.859s] [ 40%] Built target geometry_msgs_generate_messages_eus
[0.859s] [ 40%] Built target sensor_msgs_generate_messages_nodejs
[0.859s] [ 40%] Built target pcl_msgs_generate_messages_eus
[0.895s] [ 40%] Built target std_msgs_generate_messages_nodejs
[0.895s] [ 40%] Built target std_msgs_generate_messages_cpp
[0.895s] [ 40%] Built target sensor_msgs_generate_messages_eus
[0.896s] [ 40%] Built target autoware_msgs_generate_messages_cpp
[0.896s] [ 40%] Built target jsk_recognition_msgs_generate_messages_py
[0.896s] [ 40%] Built target rosgraph_msgs_generate_messages_cpp
[0.896s] [ 40%] Built target nav_msgs_generate_messages_nodejs
[0.896s] [ 40%] Built target roscpp_generate_messages_nodejs
[0.896s] [ 40%] Built target jsk_hark_msgs_generate_messages_lisp
[0.896s] [ 40%] Built target jsk_footstep_msgs_generate_messages_py
[0.896s] [ 40%] Built target nodelet_generate_messages_py
[0.896s] [ 40%] Built target std_msgs_generate_messages_py
[0.899s] [ 40%] Built target autoware_msgs_generate_messages_py
[0.899s] [ 40%] Built target actionlib_generate_messages_eus
[0.899s] [ 40%] Built target nodelet_generate_messages_lisp
[0.961s] [ 40%] Built target jsk_rviz_plugins_generate_messages_cpp
[0.961s] [ 40%] Built target pcl_msgs_generate_messages_py
[0.961s] [ 40%] Built target geometry_msgs_generate_messages_nodejs
[0.961s] [ 40%] Built target sensor_msgs_generate_messages_py
[0.961s] [ 40%] Built target topic_tools_generate_messages_cpp
[0.961s] [ 40%] Built target jsk_rviz_plugins_generate_messages_eus
[0.964s] [ 40%] Built target std_msgs_generate_messages_lisp
[0.964s] [ 40%] Built target actionlib_generate_messages_lisp
[0.964s] [ 40%] Built target geometry_msgs_generate_messages_cpp
[0.964s] [ 40%] Built target autoware_msgs_generate_messages_lisp
[0.964s] [ 40%] Built target std_msgs_generate_messages_eus
[0.964s] [ 40%] Built target nav_msgs_generate_messages_eus
[0.965s] [ 40%] Built target pcl_msgs_generate_messages_cpp
[0.965s] [ 40%] Built target geometry_msgs_generate_messages_lisp
[0.987s] [ 40%] Built target autoware_msgs_generate_messages_nodejs
[0.990s] [ 40%] Built target jsk_footstep_msgs_generate_messages_lisp
[0.990s] [ 40%] Built target std_srvs_generate_messages_eus
[0.990s] [ 40%] Built target vector_map_server_generate_messages_lisp
[0.990s] [ 40%] Built target autoware_msgs_generate_messages_eus
[0.990s] [ 40%] Built target jsk_recognition_msgs_generate_messages_nodejs
[0.990s] [ 40%] Built target jsk_footstep_msgs_generate_messages_eus
[0.991s] [ 40%] Built target std_srvs_generate_messages_cpp
[1.109s] [ 40%] Built target rosgraph_msgs_generate_messages_nodejs
[1.109s] [ 40%] Built target visualization_msgs_generate_messages_lisp
[1.109s] [ 40%] Built target roscpp_generate_messages_lisp
[1.109s] [ 40%] Built target actionlib_msgs_generate_messages_lisp
[1.109s] [ 40%] Built target tf2_msgs_generate_messages_eus
[1.109s] [ 40%] Built target jsk_footstep_msgs_generate_messages_nodejs
[1.109s] [ 40%] Built target roscpp_generate_messages_eus
[1.109s] [ 40%] Built target visualization_msgs_generate_messages_cpp
[1.109s] [ 40%] Built target pcl_msgs_generate_messages_nodejs
[1.109s] [ 40%] Built target actionlib_msgs_generate_messages_py
[1.109s] [ 40%] Built target vector_map_server_generate_messages_py
[1.109s] [ 40%] Built target roscpp_generate_messages_py
[1.109s] [ 40%] Built target grid_map_msgs_generate_messages_nodejs
[1.110s] [ 40%] Built target grid_map_msgs_generate_messages_py
[1.110s] [ 40%] Built target topic_tools_generate_messages_eus
[1.110s] [ 40%] Built target sensor_msgs_generate_messages_lisp
[1.110s] [ 40%] Built target grid_map_msgs_generate_messages_lisp
[1.110s] [ 40%] Built target rosgraph_msgs_generate_messages_py
[1.110s] [ 40%] Built target jsk_hark_msgs_generate_messages_cpp
[1.119s] [ 40%] Built target tf2_msgs_generate_messages_lisp
[1.119s] [ 40%] Built target grid_map_msgs_generate_messages_cpp
[1.119s] [ 40%] Built target nav_msgs_generate_messages_lisp
[1.120s] [ 40%] Built target nav_msgs_generate_messages_cpp
[1.120s] [ 40%] Built target jsk_recognition_msgs_generate_messages_cpp
[1.120s] [ 40%] Built target dynamic_reconfigure_gencfg
[1.120s] [ 40%] Built target topic_tools_generate_messages_lisp
[1.120s] [ 40%] Built target actionlib_msgs_generate_messages_eus
[1.120s] [ 40%] Built target rosgraph_msgs_generate_messages_lisp
[1.120s] [ 40%] Built target std_srvs_generate_messages_lisp
[1.120s] [ 40%] Built target _catkin_empty_exported_target
[1.120s] [ 40%] Built target grid_map_msgs_generate_messages_eus
[1.120s] [ 40%] Built target map_msgs_generate_messages_nodejs
[1.120s] [ 40%] Built target nodelet_topic_tools_gencfg
[1.121s] [ 40%] Built target topic_tools_generate_messages_py
[1.121s] [ 40%] Built target tf_generate_messages_cpp
[1.121s] [ 40%] Built target pcl_msgs_generate_messages_lisp
[1.121s] [ 40%] Built target actionlib_msgs_generate_messages_cpp
[1.121s] [ 40%] Built target topic_tools_generate_messages_nodejs
[1.121s] [ 40%] Built target std_srvs_generate_messages_nodejs
[1.121s] [ 40%] Built target nav_msgs_generate_messages_py
[1.122s] [ 40%] Built target actionlib_msgs_generate_messages_nodejs
[1.122s] [ 40%] Built target actionlib_generate_messages_nodejs
[1.122s] [ 40%] Built target jsk_footstep_msgs_generate_messages_cpp
[1.122s] [ 40%] Built target std_srvs_generate_messages_py
[1.226s] [100%] Built target lidar_euclidean_cluster_detect
[1.269s] Invoked command in '/home/autoware/Autoware/build/lidar_euclidean_cluster_detect' returned '0': CMAKE_PREFIX_PATH=/home/autoware/Autoware/install/vector_map_server:/home/autoware/Autoware/install/vector_map:/home/autoware/Autoware/install/vector_map_msgs:/home/autoware/Autoware/install/autoware_msgs:/home/autoware/Autoware/install/autoware_build_flags:${CMAKE_PREFIX_PATH} LD_LIBRARY_PATH=/home/autoware/Autoware/install/vector_map/lib:${LD_LIBRARY_PATH} PKG_CONFIG_PATH=/home/autoware/Autoware/install/vector_map_server/lib/x86_64-linux-gnu/pkgconfig:/home/autoware/Autoware/install/vector_map_server/lib/pkgconfig:/home/autoware/Autoware/install/vector_map/lib/x86_64-linux-gnu/pkgconfig:/home/autoware/Autoware/install/vector_map/lib/pkgconfig:/home/autoware/Autoware/install/vector_map_msgs/lib/x86_64-linux-gnu/pkgconfig:/home/autoware/Autoware/install/vector_map_msgs/lib/pkgconfig:/home/autoware/Autoware/install/autoware_msgs/lib/x86_64-linux-gnu/pkgconfig:/home/autoware/Autoware/install/autoware_msgs/lib/pkgconfig:/home/autoware/Autoware/install/autoware_build_flags/lib/x86_64-linux-gnu/pkgconfig:/home/autoware/Autoware/install/autoware_build_flags/lib/pkgconfig:${PKG_CONFIG_PATH} PYTHONPATH=/home/autoware/Autoware/install/vector_map_server/lib/python2.7/dist-packages:/home/autoware/Autoware/install/vector_map_msgs/lib/python2.7/dist-packages:/home/autoware/Autoware/install/autoware_msgs/lib/python2.7/dist-packages:${PYTHONPATH} ROS_PACKAGE_PATH=/home/autoware/Autoware/install/vector_map_server/share:/home/autoware/Autoware/install/vector_map/share:/home/autoware/Autoware/install/vector_map_msgs/share:/home/autoware/Autoware/install/autoware_msgs/share:/home/autoware/Autoware/install/autoware_build_flags/share:${ROS_PACKAGE_PATH} /usr/bin/cmake --build /home/autoware/Autoware/build/lidar_euclidean_cluster_detect -- -j32 -l32
[2.825s] Invoking command in '/home/autoware/Autoware/build/lidar_euclidean_cluster_detect': CMAKE_PREFIX_PATH=/home/autoware/Autoware/install/vector_map_server:/home/autoware/Autoware/install/vector_map:/home/autoware/Autoware/install/vector_map_msgs:/home/autoware/Autoware/install/autoware_msgs:/home/autoware/Autoware/install/autoware_build_flags:${CMAKE_PREFIX_PATH} LD_LIBRARY_PATH=/home/autoware/Autoware/install/vector_map/lib:${LD_LIBRARY_PATH} PKG_CONFIG_PATH=/home/autoware/Autoware/install/vector_map_server/lib/x86_64-linux-gnu/pkgconfig:/home/autoware/Autoware/install/vector_map_server/lib/pkgconfig:/home/autoware/Autoware/install/vector_map/lib/x86_64-linux-gnu/pkgconfig:/home/autoware/Autoware/install/vector_map/lib/pkgconfig:/home/autoware/Autoware/install/vector_map_msgs/lib/x86_64-linux-gnu/pkgconfig:/home/autoware/Autoware/install/vector_map_msgs/lib/pkgconfig:/home/autoware/Autoware/install/autoware_msgs/lib/x86_64-linux-gnu/pkgconfig:/home/autoware/Autoware/install/autoware_msgs/lib/pkgconfig:/home/autoware/Autoware/install/autoware_build_flags/lib/x86_64-linux-gnu/pkgconfig:/home/autoware/Autoware/install/autoware_build_flags/lib/pkgconfig:${PKG_CONFIG_PATH} PYTHONPATH=/home/autoware/Autoware/install/vector_map_server/lib/python2.7/dist-packages:/home/autoware/Autoware/install/vector_map_msgs/lib/python2.7/dist-packages:/home/autoware/Autoware/install/autoware_msgs/lib/python2.7/dist-packages:${PYTHONPATH} ROS_PACKAGE_PATH=/home/autoware/Autoware/install/vector_map_server/share:/home/autoware/Autoware/install/vector_map/share:/home/autoware/Autoware/install/vector_map_msgs/share:/home/autoware/Autoware/install/autoware_msgs/share:/home/autoware/Autoware/install/autoware_build_flags/share:${ROS_PACKAGE_PATH} /usr/bin/cmake --build /home/autoware/Autoware/build/lidar_euclidean_cluster_detect --target tests -- -j32 -l32
[2.964s] Built target tests
[3.002s] Invoked command in '/home/autoware/Autoware/build/lidar_euclidean_cluster_detect' returned '0': CMAKE_PREFIX_PATH=/home/autoware/Autoware/install/vector_map_server:/home/autoware/Autoware/install/vector_map:/home/autoware/Autoware/install/vector_map_msgs:/home/autoware/Autoware/install/autoware_msgs:/home/autoware/Autoware/install/autoware_build_flags:${CMAKE_PREFIX_PATH} LD_LIBRARY_PATH=/home/autoware/Autoware/install/vector_map/lib:${LD_LIBRARY_PATH} PKG_CONFIG_PATH=/home/autoware/Autoware/install/vector_map_server/lib/x86_64-linux-gnu/pkgconfig:/home/autoware/Autoware/install/vector_map_server/lib/pkgconfig:/home/autoware/Autoware/install/vector_map/lib/x86_64-linux-gnu/pkgconfig:/home/autoware/Autoware/install/vector_map/lib/pkgconfig:/home/autoware/Autoware/install/vector_map_msgs/lib/x86_64-linux-gnu/pkgconfig:/home/autoware/Autoware/install/vector_map_msgs/lib/pkgconfig:/home/autoware/Autoware/install/autoware_msgs/lib/x86_64-linux-gnu/pkgconfig:/home/autoware/Autoware/install/autoware_msgs/lib/pkgconfig:/home/autoware/Autoware/install/autoware_build_flags/lib/x86_64-linux-gnu/pkgconfig:/home/autoware/Autoware/install/autoware_build_flags/lib/pkgconfig:${PKG_CONFIG_PATH} PYTHONPATH=/home/autoware/Autoware/install/vector_map_server/lib/python2.7/dist-packages:/home/autoware/Autoware/install/vector_map_msgs/lib/python2.7/dist-packages:/home/autoware/Autoware/install/autoware_msgs/lib/python2.7/dist-packages:${PYTHONPATH} ROS_PACKAGE_PATH=/home/autoware/Autoware/install/vector_map_server/share:/home/autoware/Autoware/install/vector_map/share:/home/autoware/Autoware/install/vector_map_msgs/share:/home/autoware/Autoware/install/autoware_msgs/share:/home/autoware/Autoware/install/autoware_build_flags/share:${ROS_PACKAGE_PATH} /usr/bin/cmake --build /home/autoware/Autoware/build/lidar_euclidean_cluster_detect --target tests -- -j32 -l32
[3.815s] Invoking command in '/home/autoware/Autoware/build/lidar_euclidean_cluster_detect': CMAKE_PREFIX_PATH=/home/autoware/Autoware/install/vector_map_server:/home/autoware/Autoware/install/vector_map:/home/autoware/Autoware/install/vector_map_msgs:/home/autoware/Autoware/install/autoware_msgs:/home/autoware/Autoware/install/autoware_build_flags:${CMAKE_PREFIX_PATH} LD_LIBRARY_PATH=/home/autoware/Autoware/install/vector_map/lib:${LD_LIBRARY_PATH} PKG_CONFIG_PATH=/home/autoware/Autoware/install/vector_map_server/lib/x86_64-linux-gnu/pkgconfig:/home/autoware/Autoware/install/vector_map_server/lib/pkgconfig:/home/autoware/Autoware/install/vector_map/lib/x86_64-linux-gnu/pkgconfig:/home/autoware/Autoware/install/vector_map/lib/pkgconfig:/home/autoware/Autoware/install/vector_map_msgs/lib/x86_64-linux-gnu/pkgconfig:/home/autoware/Autoware/install/vector_map_msgs/lib/pkgconfig:/home/autoware/Autoware/install/autoware_msgs/lib/x86_64-linux-gnu/pkgconfig:/home/autoware/Autoware/install/autoware_msgs/lib/pkgconfig:/home/autoware/Autoware/install/autoware_build_flags/lib/x86_64-linux-gnu/pkgconfig:/home/autoware/Autoware/install/autoware_build_flags/lib/pkgconfig:${PKG_CONFIG_PATH} PYTHONPATH=/home/autoware/Autoware/install/vector_map_server/lib/python2.7/dist-packages:/home/autoware/Autoware/install/vector_map_msgs/lib/python2.7/dist-packages:/home/autoware/Autoware/install/autoware_msgs/lib/python2.7/dist-packages:${PYTHONPATH} ROS_PACKAGE_PATH=/home/autoware/Autoware/install/vector_map_server/share:/home/autoware/Autoware/install/vector_map/share:/home/autoware/Autoware/install/vector_map_msgs/share:/home/autoware/Autoware/install/autoware_msgs/share:/home/autoware/Autoware/install/autoware_build_flags/share:${ROS_PACKAGE_PATH} /usr/bin/cmake --build /home/autoware/Autoware/build/lidar_euclidean_cluster_detect --target install -- -j32 -l32
[3.913s] [  0%] Built target vector_map_msgs_generate_messages_eus
[3.913s] [  0%] Built target people_msgs_generate_messages_lisp
[3.913s] [  0%] Built target bond_generate_messages_lisp
[3.913s] [  0%] Built target rviz_generate_messages_eus
[3.913s] [  0%] Built target people_msgs_generate_messages_py
[3.914s] [  0%] Built target vector_map_msgs_generate_messages_cpp
[3.914s] [  0%] Built target rviz_generate_messages_cpp
[3.914s] [  0%] Built target vector_map_msgs_generate_messages_lisp
[3.914s] [  0%] Built target vector_map_server_generate_messages_nodejs
[3.934s] [  0%] Built target people_msgs_generate_messages_eus
[3.934s] [  0%] Built target dynamic_reconfigure_generate_messages_eus
[3.934s] [  0%] Built target vector_map_msgs_generate_messages_py
[3.934s] [  0%] Built target bond_generate_messages_cpp
[3.934s] [  0%] Built target rviz_generate_messages_py
[3.934s] [  0%] Built target dynamic_reconfigure_generate_messages_py
[3.935s] [  0%] Built target people_msgs_generate_messages_nodejs
[3.935s] [  0%] Built target tf_generate_messages_eus
[3.935s] [  0%] Built target people_msgs_generate_messages_cpp
[3.935s] [  0%] Built target vector_map_msgs_generate_messages_nodejs
[3.935s] [  0%] Built target bond_generate_messages_nodejs
[3.935s] [  0%] Built target dynamic_reconfigure_generate_messages_nodejs
[3.935s] [  0%] Built target map_msgs_generate_messages_eus
[3.935s] [  0%] Built target nodelet_generate_messages_nodejs
[3.935s] [  0%] Built target bond_generate_messages_py
[3.935s] [  0%] Built target bond_generate_messages_eus
[3.935s] [  0%] Built target nodelet_generate_messages_eus
[3.935s] [  0%] Built target map_msgs_generate_messages_lisp
[3.938s] [  0%] Built target map_msgs_generate_messages_py
[3.940s] [  0%] Built target dynamic_reconfigure_generate_messages_lisp
[3.940s] [  0%] Built target nodelet_generate_messages_cpp
[3.941s] [  0%] Built target pcl_ros_gencfg
[3.953s] [  0%] Built target jsk_rviz_plugins_generate_messages_py
[3.960s] [  0%] Built target jsk_rviz_plugins_gencfg
[3.966s] [  0%] Built target jsk_hark_msgs_generate_messages_nodejs
[3.968s] [  0%] Built target actionlib_generate_messages_cpp
[3.968s] [  0%] Built target jsk_rviz_plugins_generate_messages_lisp
[3.969s] [  0%] Built target vector_map_server_generate_messages_cpp
[3.972s] [  0%] Built target pcl_msgs_generate_messages_eus
[3.975s] [  0%] Built target map_msgs_generate_messages_cpp
[3.977s] [  0%] Built target jsk_hark_msgs_generate_messages_eus
[3.980s] [  0%] Built target tf_generate_messages_py
[3.982s] [  0%] Built target jsk_hark_msgs_generate_messages_py
[3.982s] [  0%] Built target visualization_msgs_generate_messages_eus
[3.983s] [  0%] Built target jsk_recognition_utils_gencfg
[3.986s] [  0%] Built target visualization_msgs_generate_messages_py
[3.986s] [  0%] Built target rosgraph_msgs_generate_messages_eus
[3.989s] [  0%] Built target actionlib_generate_messages_py
[3.989s] [  0%] Built target dynamic_reconfigure_generate_messages_cpp
[3.994s] [  0%] Built target tf2_msgs_generate_messages_nodejs
[3.994s] [  0%] Built target visualization_msgs_generate_messages_nodejs
[3.995s] [  0%] Built target rviz_generate_messages_lisp
[3.995s] [  0%] Built target jsk_recognition_msgs_generate_messages_lisp
[3.997s] [ 40%] Built target gpu_euclidean_clustering
[4.002s] [ 40%] Built target tf_generate_messages_lisp
[4.010s] [ 40%] Built target tf2_msgs_generate_messages_py
[4.010s] [ 40%] Built target roscpp_generate_messages_cpp
[4.024s] [ 40%] Built target rviz_generate_messages_nodejs
[4.024s] [ 40%] Built target jsk_rviz_plugins_generate_messages_nodejs
[4.024s] [ 40%] Built target tf2_msgs_generate_messages_cpp
[4.024s] [ 40%] Built target sensor_msgs_generate_messages_nodejs
[4.024s] [ 40%] Built target jsk_recognition_msgs_generate_messages_eus
[4.026s] [ 40%] Built target tf_generate_messages_nodejs
[4.031s] [ 40%] Built target std_msgs_generate_messages_nodejs
[4.031s] [ 40%] Built target geometry_msgs_generate_messages_py
[4.044s] [ 40%] Built target vector_map_server_generate_messages_eus
[4.053s] [ 40%] Built target nodelet_generate_messages_py
[4.057s] [ 40%] Built target nodelet_generate_messages_lisp
[4.059s] [ 40%] Built target geometry_msgs_generate_messages_eus
[4.062s] [ 40%] Built target std_msgs_generate_messages_lisp
[4.096s] [ 40%] Built target actionlib_generate_messages_eus
[4.096s] [ 40%] Built target std_msgs_generate_messages_py
[4.096s] [ 40%] Built target roscpp_generate_messages_nodejs
[4.096s] [ 40%] Built target sensor_msgs_generate_messages_eus
[4.096s] [ 40%] Built target sensor_msgs_generate_messages_py
[4.096s] [ 40%] Built target autoware_msgs_generate_messages_cpp
[4.096s] [ 40%] Built target geometry_msgs_generate_messages_lisp
[4.096s] [ 40%] Built target topic_tools_generate_messages_cpp
[4.097s] [ 40%] Built target autoware_msgs_generate_messages_py
[4.097s] [ 40%] Built target jsk_hark_msgs_generate_messages_lisp
[4.097s] [ 40%] Built target sensor_msgs_generate_messages_cpp
[4.101s] [ 40%] Built target jsk_recognition_msgs_generate_messages_py
[4.104s] [ 40%] Built target rosgraph_msgs_generate_messages_cpp
[4.108s] [ 40%] Built target autoware_msgs_generate_messages_eus
[4.110s] [ 40%] Built target jsk_footstep_msgs_generate_messages_py
[4.115s] [ 40%] Built target jsk_rviz_plugins_generate_messages_eus
[4.121s] [ 40%] Built target pcl_msgs_generate_messages_cpp
[4.123s] [ 40%] Built target nav_msgs_generate_messages_nodejs
[4.127s] [ 40%] Built target visualization_msgs_generate_messages_cpp
[4.127s] [ 40%] Built target jsk_rviz_plugins_generate_messages_cpp
[4.133s] [ 40%] Built target geometry_msgs_generate_messages_nodejs
[4.134s] [ 40%] Built target autoware_msgs_generate_messages_lisp
[4.135s] [ 40%] Built target std_msgs_generate_messages_eus
[4.138s] [ 40%] Built target geometry_msgs_generate_messages_cpp
[4.139s] [ 40%] Built target actionlib_generate_messages_lisp
[4.143s] [ 40%] Built target pcl_msgs_generate_messages_py
[4.149s] [ 40%] Built target autoware_msgs_generate_messages_nodejs
[4.149s] [ 40%] Built target std_msgs_generate_messages_cpp
[4.150s] [ 40%] Built target vector_map_server_generate_messages_lisp
[4.152s] [ 40%] Built target visualization_msgs_generate_messages_lisp
[4.155s] [ 40%] Built target topic_tools_generate_messages_eus
[4.157s] [ 40%] Built target grid_map_msgs_generate_messages_lisp
[4.164s] [ 40%] Built target jsk_footstep_msgs_generate_messages_eus
[4.165s] [ 40%] Built target jsk_footstep_msgs_generate_messages_lisp
[4.172s] [ 40%] Built target actionlib_msgs_generate_messages_py
[4.175s] [ 40%] Built target tf2_msgs_generate_messages_eus
[4.176s] [ 40%] Built target actionlib_msgs_generate_messages_eus
[4.181s] [ 40%] Built target std_srvs_generate_messages_cpp
[4.185s] [ 40%] Built target roscpp_generate_messages_lisp
[4.190s] [ 40%] Built target grid_map_msgs_generate_messages_nodejs
[4.196s] [ 40%] Built target std_srvs_generate_messages_eus
[4.197s] [ 40%] Built target jsk_footstep_msgs_generate_messages_nodejs
[4.202s] [ 40%] Built target jsk_recognition_msgs_generate_messages_nodejs
[4.203s] [ 40%] Built target rosgraph_msgs_generate_messages_nodejs
[4.212s] [ 40%] Built target rosgraph_msgs_generate_messages_lisp
[4.215s] [ 40%] Built target actionlib_msgs_generate_messages_lisp
[4.217s] [ 40%] Built target jsk_hark_msgs_generate_messages_cpp
[4.223s] [ 40%] Built target rosgraph_msgs_generate_messages_py
[4.227s] [ 40%] Built target roscpp_generate_messages_py
[4.234s] [ 40%] Built target dynamic_reconfigure_gencfg
[4.235s] [ 40%] Built target nav_msgs_generate_messages_cpp
[4.237s] [ 40%] Built target grid_map_msgs_generate_messages_eus
[4.237s] [ 40%] Built target grid_map_msgs_generate_messages_py
[4.238s] [ 40%] Built target pcl_msgs_generate_messages_nodejs
[4.239s] [ 40%] Built target nav_msgs_generate_messages_eus
[4.248s] [ 40%] Built target vector_map_server_generate_messages_py
[4.252s] [ 40%] Built target std_srvs_generate_messages_nodejs
[4.252s] [ 40%] Built target topic_tools_generate_messages_lisp
[4.252s] [ 40%] Built target tf2_msgs_generate_messages_lisp
[4.252s] [ 40%] Built target nav_msgs_generate_messages_lisp
[4.255s] [ 40%] Built target nodelet_topic_tools_gencfg
[4.256s] [ 40%] Built target pcl_msgs_generate_messages_lisp
[4.257s] [ 40%] Built target jsk_recognition_msgs_generate_messages_cpp
[4.259s] [ 40%] Built target grid_map_msgs_generate_messages_cpp
[4.260s] [ 40%] Built target roscpp_generate_messages_eus
[4.260s] [ 40%] Built target tf_generate_messages_cpp
[4.262s] [ 40%] Built target std_srvs_generate_messages_py
[4.266s] [ 40%] Built target map_msgs_generate_messages_nodejs
[4.269s] [ 40%] Built target jsk_footstep_msgs_generate_messages_cpp
[4.270s] [ 40%] Built target topic_tools_generate_messages_nodejs
[4.270s] [ 40%] Built target nav_msgs_generate_messages_py
[4.271s] [ 40%] Built target std_srvs_generate_messages_lisp
[4.273s] [ 40%] Built target _catkin_empty_exported_target
[4.274s] [ 40%] Built target sensor_msgs_generate_messages_lisp
[4.275s] [ 40%] Built target actionlib_msgs_generate_messages_nodejs
[4.278s] [ 40%] Built target topic_tools_generate_messages_py
[4.283s] [ 40%] Built target actionlib_generate_messages_nodejs
[4.285s] [ 40%] Built target actionlib_msgs_generate_messages_cpp
[4.365s] [100%] Built target lidar_euclidean_cluster_detect
[4.400s] Install the project...
[4.449s] -- Install configuration: "Release"
[4.449s] -- Up-to-date: /home/autoware/Autoware/install/lidar_euclidean_cluster_detect/lib/pkgconfig/lidar_euclidean_cluster_detect.pc
[4.450s] -- Up-to-date: /home/autoware/Autoware/install/lidar_euclidean_cluster_detect/share/lidar_euclidean_cluster_detect/cmake/lidar_euclidean_cluster_detectConfig.cmake
[4.450s] -- Up-to-date: /home/autoware/Autoware/install/lidar_euclidean_cluster_detect/share/lidar_euclidean_cluster_detect/cmake/lidar_euclidean_cluster_detectConfig-version.cmake
[4.450s] -- Up-to-date: /home/autoware/Autoware/install/lidar_euclidean_cluster_detect/share/lidar_euclidean_cluster_detect/package.xml
[4.450s] -- Up-to-date: /home/autoware/Autoware/install/lidar_euclidean_cluster_detect/lib/libgpu_euclidean_clustering.so
[4.450s] -- Up-to-date: /home/autoware/Autoware/install/lidar_euclidean_cluster_detect/include/lidar_euclidean_cluster_detect
[4.450s] -- Up-to-date: /home/autoware/Autoware/install/lidar_euclidean_cluster_detect/include/lidar_euclidean_cluster_detect/gencolors.cpp
[4.450s] -- Up-to-date: /home/autoware/Autoware/install/lidar_euclidean_cluster_detect/include/lidar_euclidean_cluster_detect/cluster.h
[4.450s] -- Up-to-date: /home/autoware/Autoware/install/lidar_euclidean_cluster_detect/include/lidar_euclidean_cluster_detect/gpu_euclidean_clustering.h
[4.450s] -- Up-to-date: /home/autoware/Autoware/install/lidar_euclidean_cluster_detect/lib/lidar_euclidean_cluster_detect/lidar_euclidean_cluster_detect
[4.450s] -- Up-to-date: /home/autoware/Autoware/install/lidar_euclidean_cluster_detect/share/lidar_euclidean_cluster_detect/launch
[4.450s] -- Up-to-date: /home/autoware/Autoware/install/lidar_euclidean_cluster_detect/share/lidar_euclidean_cluster_detect/launch/lidar_euclidean_cluster_detect.launch
[4.451s] -- Up-to-date: /home/autoware/Autoware/install/lidar_euclidean_cluster_detect/share/lidar_euclidean_cluster_detect/launch/euclidean_clustering_Exp.launch
[4.451s] -- Up-to-date: /home/autoware/Autoware/install/lidar_euclidean_cluster_detect/share/lidar_euclidean_cluster_detect/launch/lidar_euclidean_cluster_detect_param.launch
[4.451s] -- Up-to-date: /home/autoware/Autoware/install/lidar_euclidean_cluster_detect/share/lidar_euclidean_cluster_detect/config
[4.451s] -- Up-to-date: /home/autoware/Autoware/install/lidar_euclidean_cluster_detect/share/lidar_euclidean_cluster_detect/config/params.yaml
[4.467s] Invoked command in '/home/autoware/Autoware/build/lidar_euclidean_cluster_detect' returned '0': CMAKE_PREFIX_PATH=/home/autoware/Autoware/install/vector_map_server:/home/autoware/Autoware/install/vector_map:/home/autoware/Autoware/install/vector_map_msgs:/home/autoware/Autoware/install/autoware_msgs:/home/autoware/Autoware/install/autoware_build_flags:${CMAKE_PREFIX_PATH} LD_LIBRARY_PATH=/home/autoware/Autoware/install/vector_map/lib:${LD_LIBRARY_PATH} PKG_CONFIG_PATH=/home/autoware/Autoware/install/vector_map_server/lib/x86_64-linux-gnu/pkgconfig:/home/autoware/Autoware/install/vector_map_server/lib/pkgconfig:/home/autoware/Autoware/install/vector_map/lib/x86_64-linux-gnu/pkgconfig:/home/autoware/Autoware/install/vector_map/lib/pkgconfig:/home/autoware/Autoware/install/vector_map_msgs/lib/x86_64-linux-gnu/pkgconfig:/home/autoware/Autoware/install/vector_map_msgs/lib/pkgconfig:/home/autoware/Autoware/install/autoware_msgs/lib/x86_64-linux-gnu/pkgconfig:/home/autoware/Autoware/install/autoware_msgs/lib/pkgconfig:/home/autoware/Autoware/install/autoware_build_flags/lib/x86_64-linux-gnu/pkgconfig:/home/autoware/Autoware/install/autoware_build_flags/lib/pkgconfig:${PKG_CONFIG_PATH} PYTHONPATH=/home/autoware/Autoware/install/vector_map_server/lib/python2.7/dist-packages:/home/autoware/Autoware/install/vector_map_msgs/lib/python2.7/dist-packages:/home/autoware/Autoware/install/autoware_msgs/lib/python2.7/dist-packages:${PYTHONPATH} ROS_PACKAGE_PATH=/home/autoware/Autoware/install/vector_map_server/share:/home/autoware/Autoware/install/vector_map/share:/home/autoware/Autoware/install/vector_map_msgs/share:/home/autoware/Autoware/install/autoware_msgs/share:/home/autoware/Autoware/install/autoware_build_flags/share:${ROS_PACKAGE_PATH} /usr/bin/cmake --build /home/autoware/Autoware/build/lidar_euclidean_cluster_detect --target install -- -j32 -l32
