[0.621s] Invoking command in '/home/autoware/Autoware/build/state_machine_lib': CMAKE_PREFIX_PATH=/home/autoware/Autoware/install/autoware_msgs:/home/autoware/Autoware/install/autoware_build_flags:${CMAKE_PREFIX_PATH} PKG_CONFIG_PATH=/home/autoware/Autoware/install/autoware_msgs/lib/x86_64-linux-gnu/pkgconfig:/home/autoware/Autoware/install/autoware_msgs/lib/pkgconfig:/home/autoware/Autoware/install/autoware_build_flags/lib/x86_64-linux-gnu/pkgconfig:/home/autoware/Autoware/install/autoware_build_flags/lib/pkgconfig:${PKG_CONFIG_PATH} PYTHONPATH=/home/autoware/Autoware/install/autoware_msgs/lib/python2.7/dist-packages:${PYTHONPATH} ROS_PACKAGE_PATH=/home/autoware/Autoware/install/autoware_msgs/share:/home/autoware/Autoware/install/autoware_build_flags/share:${ROS_PACKAGE_PATH} /usr/bin/cmake --build /home/autoware/Autoware/build/state_machine_lib -- -j32 -l32
[1.028s] [  0%] Built target actionlib_msgs_generate_messages_cpp
[1.029s] [  0%] Built target actionlib_msgs_generate_messages_eus
[1.029s] [  0%] Built target rosgraph_msgs_generate_messages_lisp
[1.029s] [  0%] Built target geometry_msgs_generate_messages_nodejs
[1.029s] [  0%] Built target geometry_msgs_generate_messages_lisp
[1.029s] [  0%] Built target pcl_msgs_generate_messages_py
[1.029s] [  0%] Built target rosgraph_msgs_generate_messages_nodejs
[1.029s] [  0%] Built target roscpp_generate_messages_py
[1.029s] [  0%] Built target roscpp_generate_messages_lisp
[1.029s] [  0%] Built target actionlib_msgs_generate_messages_nodejs
[1.029s] [  0%] Built target jsk_recognition_msgs_generate_messages_cpp
[1.030s] [  0%] Built target rosgraph_msgs_generate_messages_py
[1.030s] [  0%] Built target autoware_msgs_generate_messages_nodejs
[1.030s] [  0%] Built target actionlib_msgs_generate_messages_py
[1.030s] [  0%] Built target autoware_msgs_generate_messages_eus
[1.030s] [  0%] Built target geometry_msgs_generate_messages_cpp
[1.030s] [  0%] Built target roscpp_generate_messages_nodejs
[1.030s] [  0%] Built target roscpp_generate_messages_eus
[1.030s] [  0%] Built target pcl_msgs_generate_messages_cpp
[1.030s] [  0%] Built target jsk_footstep_msgs_generate_messages_nodejs
[1.030s] [  0%] Built target std_msgs_generate_messages_cpp
[1.030s] [  0%] Built target jsk_footstep_msgs_generate_messages_lisp
[1.030s] [  0%] Built target jsk_footstep_msgs_generate_messages_cpp
[1.031s] [  0%] Built target jsk_footstep_msgs_generate_messages_eus
[1.031s] [  0%] Built target autoware_msgs_generate_messages_lisp
[1.031s] [  0%] Built target std_msgs_generate_messages_eus
[1.031s] [  0%] Built target sensor_msgs_generate_messages_lisp
[1.031s] [  0%] Built target jsk_footstep_msgs_generate_messages_py
[1.031s] [  0%] Built target geometry_msgs_generate_messages_eus
[1.031s] [  0%] Built target pcl_msgs_generate_messages_eus
[1.031s] [  0%] Built target sensor_msgs_generate_messages_py
[1.031s] [  0%] Built target actionlib_msgs_generate_messages_lisp
[1.031s] [  0%] Built target pcl_msgs_generate_messages_lisp
[1.031s] [  0%] Built target rosgraph_msgs_generate_messages_cpp
[1.031s] [  0%] Built target jsk_recognition_msgs_generate_messages_lisp
[1.032s] [  0%] Built target sensor_msgs_generate_messages_eus
[1.032s] [  0%] Built target sensor_msgs_generate_messages_cpp
[1.032s] [  0%] Built target autoware_msgs_generate_messages_py
[1.032s] [  0%] Built target rosgraph_msgs_generate_messages_eus
[1.032s] [  0%] Built target geometry_msgs_generate_messages_py
[1.032s] [  0%] Built target jsk_recognition_msgs_generate_messages_py
[1.032s] [  0%] Built target std_msgs_generate_messages_lisp
[1.032s] [  0%] Built target std_msgs_generate_messages_py
[1.032s] [  0%] Built target std_msgs_generate_messages_nodejs
[1.032s] [  0%] Built target _catkin_empty_exported_target
[1.032s] [  0%] Built target pcl_msgs_generate_messages_nodejs
[1.032s] [  0%] Built target autoware_msgs_generate_messages_cpp
[1.032s] [  0%] Built target jsk_recognition_msgs_generate_messages_eus
[1.033s] [  0%] Built target roscpp_generate_messages_cpp
[1.033s] [  0%] Built target jsk_recognition_msgs_generate_messages_nodejs
[1.033s] [  0%] Built target sensor_msgs_generate_messages_nodejs
[1.216s] [100%] Built target state_machine_lib
[1.525s] Invoked command in '/home/autoware/Autoware/build/state_machine_lib' returned '0': CMAKE_PREFIX_PATH=/home/autoware/Autoware/install/autoware_msgs:/home/autoware/Autoware/install/autoware_build_flags:${CMAKE_PREFIX_PATH} PKG_CONFIG_PATH=/home/autoware/Autoware/install/autoware_msgs/lib/x86_64-linux-gnu/pkgconfig:/home/autoware/Autoware/install/autoware_msgs/lib/pkgconfig:/home/autoware/Autoware/install/autoware_build_flags/lib/x86_64-linux-gnu/pkgconfig:/home/autoware/Autoware/install/autoware_build_flags/lib/pkgconfig:${PKG_CONFIG_PATH} PYTHONPATH=/home/autoware/Autoware/install/autoware_msgs/lib/python2.7/dist-packages:${PYTHONPATH} ROS_PACKAGE_PATH=/home/autoware/Autoware/install/autoware_msgs/share:/home/autoware/Autoware/install/autoware_build_flags/share:${ROS_PACKAGE_PATH} /usr/bin/cmake --build /home/autoware/Autoware/build/state_machine_lib -- -j32 -l32
[2.443s] Invoking command in '/home/autoware/Autoware/build/state_machine_lib': CMAKE_PREFIX_PATH=/home/autoware/Autoware/install/autoware_msgs:/home/autoware/Autoware/install/autoware_build_flags:${CMAKE_PREFIX_PATH} PKG_CONFIG_PATH=/home/autoware/Autoware/install/autoware_msgs/lib/x86_64-linux-gnu/pkgconfig:/home/autoware/Autoware/install/autoware_msgs/lib/pkgconfig:/home/autoware/Autoware/install/autoware_build_flags/lib/x86_64-linux-gnu/pkgconfig:/home/autoware/Autoware/install/autoware_build_flags/lib/pkgconfig:${PKG_CONFIG_PATH} PYTHONPATH=/home/autoware/Autoware/install/autoware_msgs/lib/python2.7/dist-packages:${PYTHONPATH} ROS_PACKAGE_PATH=/home/autoware/Autoware/install/autoware_msgs/share:/home/autoware/Autoware/install/autoware_build_flags/share:${ROS_PACKAGE_PATH} /usr/bin/cmake --build /home/autoware/Autoware/build/state_machine_lib --target tests -- -j32 -l32
[2.692s] Built target tests
[2.799s] Invoked command in '/home/autoware/Autoware/build/state_machine_lib' returned '0': CMAKE_PREFIX_PATH=/home/autoware/Autoware/install/autoware_msgs:/home/autoware/Autoware/install/autoware_build_flags:${CMAKE_PREFIX_PATH} PKG_CONFIG_PATH=/home/autoware/Autoware/install/autoware_msgs/lib/x86_64-linux-gnu/pkgconfig:/home/autoware/Autoware/install/autoware_msgs/lib/pkgconfig:/home/autoware/Autoware/install/autoware_build_flags/lib/x86_64-linux-gnu/pkgconfig:/home/autoware/Autoware/install/autoware_build_flags/lib/pkgconfig:${PKG_CONFIG_PATH} PYTHONPATH=/home/autoware/Autoware/install/autoware_msgs/lib/python2.7/dist-packages:${PYTHONPATH} ROS_PACKAGE_PATH=/home/autoware/Autoware/install/autoware_msgs/share:/home/autoware/Autoware/install/autoware_build_flags/share:${ROS_PACKAGE_PATH} /usr/bin/cmake --build /home/autoware/Autoware/build/state_machine_lib --target tests -- -j32 -l32
[2.991s] Invoking command in '/home/autoware/Autoware/build/state_machine_lib': CMAKE_PREFIX_PATH=/home/autoware/Autoware/install/autoware_msgs:/home/autoware/Autoware/install/autoware_build_flags:${CMAKE_PREFIX_PATH} PKG_CONFIG_PATH=/home/autoware/Autoware/install/autoware_msgs/lib/x86_64-linux-gnu/pkgconfig:/home/autoware/Autoware/install/autoware_msgs/lib/pkgconfig:/home/autoware/Autoware/install/autoware_build_flags/lib/x86_64-linux-gnu/pkgconfig:/home/autoware/Autoware/install/autoware_build_flags/lib/pkgconfig:${PKG_CONFIG_PATH} PYTHONPATH=/home/autoware/Autoware/install/autoware_msgs/lib/python2.7/dist-packages:${PYTHONPATH} ROS_PACKAGE_PATH=/home/autoware/Autoware/install/autoware_msgs/share:/home/autoware/Autoware/install/autoware_build_flags/share:${ROS_PACKAGE_PATH} /usr/bin/cmake --build /home/autoware/Autoware/build/state_machine_lib --target install -- -j32 -l32
[3.184s] [  0%] Built target jsk_footstep_msgs_generate_messages_cpp
[3.184s] [  0%] Built target jsk_footstep_msgs_generate_messages_lisp
[3.184s] [  0%] Built target roscpp_generate_messages_eus
[3.184s] [  0%] Built target actionlib_msgs_generate_messages_cpp
[3.184s] [  0%] Built target autoware_msgs_generate_messages_nodejs
[3.184s] [  0%] Built target roscpp_generate_messages_lisp
[3.184s] [  0%] Built target std_msgs_generate_messages_eus
[3.185s] [  0%] Built target geometry_msgs_generate_messages_eus
[3.185s] [  0%] Built target autoware_msgs_generate_messages_lisp
[3.185s] [  0%] Built target rosgraph_msgs_generate_messages_lisp
[3.280s] [  0%] Built target jsk_footstep_msgs_generate_messages_eus
[3.280s] [  0%] Built target std_msgs_generate_messages_cpp
[3.280s] [  0%] Built target roscpp_generate_messages_py
[3.280s] [  0%] Built target roscpp_generate_messages_nodejs
[3.280s] [  0%] Built target pcl_msgs_generate_messages_lisp
[3.281s] [  0%] Built target geometry_msgs_generate_messages_cpp
[3.281s] [  0%] Built target geometry_msgs_generate_messages_lisp
[3.281s] [  0%] Built target rosgraph_msgs_generate_messages_nodejs
[3.282s] [  0%] Built target sensor_msgs_generate_messages_py
[3.282s] [  0%] Built target rosgraph_msgs_generate_messages_py
[3.282s] [  0%] Built target actionlib_msgs_generate_messages_py
[3.282s] [  0%] Built target pcl_msgs_generate_messages_py
[3.282s] [  0%] Built target pcl_msgs_generate_messages_cpp
[3.282s] [  0%] Built target jsk_footstep_msgs_generate_messages_nodejs
[3.282s] [  0%] Built target autoware_msgs_generate_messages_eus
[3.282s] [  0%] Built target actionlib_msgs_generate_messages_lisp
[3.282s] [  0%] Built target jsk_recognition_msgs_generate_messages_cpp
[3.282s] [  0%] Built target jsk_footstep_msgs_generate_messages_py
[3.282s] [  0%] Built target sensor_msgs_generate_messages_lisp
[3.282s] [  0%] Built target geometry_msgs_generate_messages_nodejs
[3.283s] [  0%] Built target actionlib_msgs_generate_messages_nodejs
[3.283s] [  0%] Built target actionlib_msgs_generate_messages_eus
[3.283s] [  0%] Built target autoware_msgs_generate_messages_cpp
[3.283s] [  0%] Built target rosgraph_msgs_generate_messages_cpp
[3.283s] [  0%] Built target _catkin_empty_exported_target
[3.283s] [  0%] Built target sensor_msgs_generate_messages_cpp
[3.283s] [  0%] Built target jsk_recognition_msgs_generate_messages_py
[3.283s] [  0%] Built target std_msgs_generate_messages_lisp
[3.283s] [  0%] Built target jsk_recognition_msgs_generate_messages_lisp
[3.283s] [  0%] Built target sensor_msgs_generate_messages_eus
[3.320s] [  0%] Built target pcl_msgs_generate_messages_eus
[3.321s] [  0%] Built target jsk_recognition_msgs_generate_messages_nodejs
[3.321s] [  0%] Built target pcl_msgs_generate_messages_nodejs
[3.321s] [  0%] Built target autoware_msgs_generate_messages_py
[3.321s] [  0%] Built target geometry_msgs_generate_messages_py
[3.321s] [  0%] Built target rosgraph_msgs_generate_messages_eus
[3.321s] [  0%] Built target std_msgs_generate_messages_nodejs
[3.321s] [  0%] Built target std_msgs_generate_messages_py
[3.321s] [  0%] Built target jsk_recognition_msgs_generate_messages_eus
[3.321s] [  0%] Built target roscpp_generate_messages_cpp
[3.321s] [  0%] Built target sensor_msgs_generate_messages_nodejs
[3.598s] [100%] Built target state_machine_lib
[3.598s] Install the project...
[3.632s] -- Install configuration: "Release"
[3.632s] -- Up-to-date: /home/autoware/Autoware/install/state_machine_lib/lib/pkgconfig/state_machine_lib.pc
[3.632s] -- Up-to-date: /home/autoware/Autoware/install/state_machine_lib/share/state_machine_lib/cmake/state_machine_libConfig.cmake
[3.633s] -- Up-to-date: /home/autoware/Autoware/install/state_machine_lib/share/state_machine_lib/cmake/state_machine_libConfig-version.cmake
[3.633s] -- Up-to-date: /home/autoware/Autoware/install/state_machine_lib/share/state_machine_lib/package.xml
[3.634s] -- Up-to-date: /home/autoware/Autoware/install/state_machine_lib/include/state_machine_lib
[3.634s] -- Up-to-date: /home/autoware/Autoware/install/state_machine_lib/include/state_machine_lib/state.hpp
[3.634s] -- Up-to-date: /home/autoware/Autoware/install/state_machine_lib/include/state_machine_lib/state_common.hpp
[3.634s] -- Up-to-date: /home/autoware/Autoware/install/state_machine_lib/include/state_machine_lib/state_flags.hpp
[3.635s] -- Up-to-date: /home/autoware/Autoware/install/state_machine_lib/include/state_machine_lib/state_context.hpp
[3.635s] -- Up-to-date: /home/autoware/Autoware/install/state_machine_lib/lib/libstate_machine_lib.so
[3.680s] Invoked command in '/home/autoware/Autoware/build/state_machine_lib' returned '0': CMAKE_PREFIX_PATH=/home/autoware/Autoware/install/autoware_msgs:/home/autoware/Autoware/install/autoware_build_flags:${CMAKE_PREFIX_PATH} PKG_CONFIG_PATH=/home/autoware/Autoware/install/autoware_msgs/lib/x86_64-linux-gnu/pkgconfig:/home/autoware/Autoware/install/autoware_msgs/lib/pkgconfig:/home/autoware/Autoware/install/autoware_build_flags/lib/x86_64-linux-gnu/pkgconfig:/home/autoware/Autoware/install/autoware_build_flags/lib/pkgconfig:${PKG_CONFIG_PATH} PYTHONPATH=/home/autoware/Autoware/install/autoware_msgs/lib/python2.7/dist-packages:${PYTHONPATH} ROS_PACKAGE_PATH=/home/autoware/Autoware/install/autoware_msgs/share:/home/autoware/Autoware/install/autoware_build_flags/share:${ROS_PACKAGE_PATH} /usr/bin/cmake --build /home/autoware/Autoware/build/state_machine_lib --target install -- -j32 -l32
