[0.290s] Invoking command in '/home/autoware/Autoware/build/decision_maker': CMAKE_PREFIX_PATH=/home/autoware/Autoware/install/lanelet2_extension:/home/autoware/Autoware/install/vector_map:/home/autoware/Autoware/install/state_machine_lib:/home/autoware/Autoware/install/amathutils_lib:/home/autoware/Autoware/install/vector_map_msgs:/home/autoware/Autoware/install/autoware_msgs:/home/autoware/Autoware/install/autoware_lanelet2_msgs:/home/autoware/Autoware/install/autoware_config_msgs:/home/autoware/Autoware/install/autoware_build_flags:${CMAKE_PREFIX_PATH} LD_LIBRARY_PATH=/home/autoware/Autoware/install/lanelet2_extension/lib:/home/autoware/Autoware/install/vector_map/lib:/home/autoware/Autoware/install/state_machine_lib/lib:/home/autoware/Autoware/install/amathutils_lib/lib:${LD_LIBRARY_PATH} PKG_CONFIG_PATH=/home/autoware/Autoware/install/lanelet2_extension/lib/x86_64-linux-gnu/pkgconfig:/home/autoware/Autoware/install/lanelet2_extension/lib/pkgconfig:/home/autoware/Autoware/install/vector_map/lib/x86_64-linux-gnu/pkgconfig:/home/autoware/Autoware/install/vector_map/lib/pkgconfig:/home/autoware/Autoware/install/state_machine_lib/lib/x86_64-linux-gnu/pkgconfig:/home/autoware/Autoware/install/state_machine_lib/lib/pkgconfig:/home/autoware/Autoware/install/amathutils_lib/lib/x86_64-linux-gnu/pkgconfig:/home/autoware/Autoware/install/amathutils_lib/lib/pkgconfig:/home/autoware/Autoware/install/vector_map_msgs/lib/x86_64-linux-gnu/pkgconfig:/home/autoware/Autoware/install/vector_map_msgs/lib/pkgconfig:/home/autoware/Autoware/install/autoware_msgs/lib/x86_64-linux-gnu/pkgconfig:/home/autoware/Autoware/install/autoware_msgs/lib/pkgconfig:/home/autoware/Autoware/install/autoware_lanelet2_msgs/lib/x86_64-linux-gnu/pkgconfig:/home/autoware/Autoware/install/autoware_lanelet2_msgs/lib/pkgconfig:/home/autoware/Autoware/install/autoware_config_msgs/lib/x86_64-linux-gnu/pkgconfig:/home/autoware/Autoware/install/autoware_config_msgs/lib/pkgconfig:/home/autoware/Autoware/install/autoware_build_flags/lib/x86_64-linux-gnu/pkgconfig:/home/autoware/Autoware/install/autoware_build_flags/lib/pkgconfig:${PKG_CONFIG_PATH} PYTHONPATH=/home/autoware/Autoware/install/vector_map_msgs/lib/python2.7/dist-packages:/home/autoware/Autoware/install/autoware_msgs/lib/python2.7/dist-packages:/home/autoware/Autoware/install/autoware_lanelet2_msgs/lib/python2.7/dist-packages:/home/autoware/Autoware/install/autoware_config_msgs/lib/python2.7/dist-packages:${PYTHONPATH} ROS_PACKAGE_PATH=/home/autoware/Autoware/install/lanelet2_extension/share:/home/autoware/Autoware/install/vector_map/share:/home/autoware/Autoware/install/state_machine_lib/share:/home/autoware/Autoware/install/amathutils_lib/share:/home/autoware/Autoware/install/vector_map_msgs/share:/home/autoware/Autoware/install/autoware_msgs/share:/home/autoware/Autoware/install/autoware_lanelet2_msgs/share:/home/autoware/Autoware/install/autoware_config_msgs/share:/home/autoware/Autoware/install/autoware_build_flags/share:${ROS_PACKAGE_PATH} /usr/bin/cmake --build /home/autoware/Autoware/build/decision_maker -- -j32 -l32
[0.806s] [  0%] Built target autoware_config_msgs_generate_messages_eus
[0.829s] [  0%] Built target actionlib_msgs_generate_messages_py
[0.885s] [  0%] Built target autoware_msgs_generate_messages_eus
[0.888s] [  0%] Built target jsk_footstep_msgs_generate_messages_py
[0.898s] [  0%] Built target topic_tools_generate_messages_py
[0.899s] [  0%] Built target actionlib_generate_messages_eus
[0.920s] [  0%] Built target std_srvs_generate_messages_eus
[0.936s] [  0%] Built target visualization_msgs_generate_messages_lisp
[0.939s] [  0%] Built target tf_generate_messages_nodejs
[0.956s] [  0%] Built target tf_generate_messages_lisp
[0.971s] [  0%] Built target jsk_recognition_msgs_generate_messages_nodejs
[0.986s] [  0%] Built target geometry_msgs_generate_messages_eus
[0.994s] [  0%] Built target roscpp_generate_messages_nodejs
[0.994s] [  0%] Built target jsk_footstep_msgs_generate_messages_cpp
[0.996s] [  0%] Built target actionlib_msgs_generate_messages_lisp
[0.999s] [  0%] Built target autoware_lanelet2_msgs_generate_messages_py
[1.000s] [  0%] Built target topic_tools_generate_messages_lisp
[1.000s] [  0%] Built target sensor_msgs_generate_messages_py
[1.011s] [  0%] Built target autoware_lanelet2_msgs_generate_messages_nodejs
[1.025s] [  0%] Built target actionlib_msgs_generate_messages_cpp
[1.028s] [  0%] Built target tf_generate_messages_eus
[1.083s] [  0%] Built target jsk_recognition_msgs_generate_messages_cpp
[1.083s] [  0%] Built target actionlib_msgs_generate_messages_nodejs
[1.083s] [  0%] Built target nodelet_topic_tools_gencfg
[1.286s] [  0%] Built target geometry_msgs_generate_messages_cpp
[1.325s] [  0%] Built target std_msgs_generate_messages_lisp
[1.325s] [  0%] Built target tf2_msgs_generate_messages_eus
[1.325s] [  0%] Built target dynamic_reconfigure_generate_messages_cpp
[1.325s] [  0%] Built target autoware_config_msgs_generate_messages_nodejs
[1.326s] [  0%] Built target pcl_msgs_generate_messages_cpp
[1.326s] [  0%] Built target autoware_msgs_generate_messages_lisp
[1.326s] [  0%] Built target sensor_msgs_generate_messages_lisp
[1.326s] [  0%] Built target pcl_msgs_generate_messages_nodejs
[1.326s] [  0%] Built target jsk_hark_msgs_generate_messages_lisp
[1.326s] [  0%] Built target std_msgs_generate_messages_nodejs
[1.326s] [  0%] Built target jsk_recognition_msgs_generate_messages_py
[1.326s] [  0%] Built target nav_msgs_generate_messages_cpp
[1.326s] [  0%] Built target std_srvs_generate_messages_lisp
[1.326s] [  0%] Built target std_msgs_generate_messages_cpp
[1.326s] [  0%] Built target autoware_msgs_generate_messages_cpp
[1.326s] [  0%] Built target bond_generate_messages_nodejs
[1.326s] [  0%] Built target _catkin_empty_exported_target
[1.327s] [  0%] Built target tf2_msgs_generate_messages_cpp
[1.327s] [  0%] Built target std_msgs_generate_messages_eus
[1.327s] [  0%] Built target sensor_msgs_generate_messages_nodejs
[1.327s] [  0%] Built target jsk_recognition_msgs_generate_messages_lisp
[1.327s] [  0%] Built target pcl_msgs_generate_messages_eus
[1.327s] [  0%] Built target autoware_msgs_generate_messages_nodejs
[1.327s] [  0%] Built target std_srvs_generate_messages_cpp
[1.327s] [  0%] Built target jsk_footstep_msgs_generate_messages_lisp
[1.327s] [  0%] Built target autoware_msgs_generate_messages_py
[1.327s] [  0%] Built target sensor_msgs_generate_messages_cpp
[1.394s] [  0%] Built target nodelet_generate_messages_lisp
[1.394s] [  0%] Built target dynamic_reconfigure_generate_messages_nodejs
[1.394s] [  0%] Built target geometry_msgs_generate_messages_nodejs
[1.401s] [  0%] Built target jsk_rviz_plugins_generate_messages_cpp
[1.401s] [  0%] Built target nav_msgs_generate_messages_lisp
[1.401s] [  0%] Built target people_msgs_generate_messages_nodejs
[1.401s] [  0%] Built target sensor_msgs_generate_messages_eus
[1.401s] [  0%] Built target rviz_generate_messages_lisp
[1.401s] [  0%] Built target rosgraph_msgs_generate_messages_eus
[1.402s] [  0%] Built target actionlib_generate_messages_cpp
[1.402s] [  0%] Built target geometry_msgs_generate_messages_py
[1.402s] [  0%] Built target jsk_rviz_plugins_gencfg
[1.402s] [  0%] Built target jsk_rviz_plugins_generate_messages_nodejs
[1.402s] [  0%] Built target dynamic_reconfigure_generate_messages_py
[1.409s] [  0%] Built target std_msgs_generate_messages_py
[1.410s] [  0%] Built target rosgraph_msgs_generate_messages_lisp
[1.440s] [  0%] Built target jsk_hark_msgs_generate_messages_eus
[1.440s] [  0%] Built target jsk_rviz_plugins_generate_messages_py
[1.440s] [  0%] Built target jsk_recognition_msgs_generate_messages_eus
[1.440s] [  0%] Built target dynamic_reconfigure_gencfg
[1.441s] [  0%] Built target jsk_rviz_plugins_generate_messages_lisp
[1.441s] [  0%] Built target jsk_footstep_msgs_generate_messages_eus
[1.442s] [  0%] Built target jsk_hark_msgs_generate_messages_nodejs
[1.442s] [  0%] Built target nodelet_generate_messages_eus
[1.442s] [  0%] Built target jsk_hark_msgs_generate_messages_cpp
[1.442s] [  0%] Built target jsk_recognition_utils_gencfg
[1.443s] [  0%] Built target pcl_ros_gencfg
[1.445s] [  0%] Built target nodelet_generate_messages_cpp
[1.445s] [  0%] Built target nav_msgs_generate_messages_py
[1.445s] [  0%] Built target vector_map_msgs_generate_messages_nodejs
[1.445s] [  0%] Built target geometry_msgs_generate_messages_lisp
[1.445s] [  0%] Built target bond_generate_messages_eus
[1.445s] [  0%] Built target jsk_footstep_msgs_generate_messages_nodejs
[1.446s] [  0%] Built target map_msgs_generate_messages_eus
[1.446s] [  0%] Built target jsk_hark_msgs_generate_messages_py
[1.447s] [  0%] Built target bond_generate_messages_lisp
[1.450s] [  0%] Built target std_srvs_generate_messages_nodejs
[1.462s] [  0%] Built target roscpp_generate_messages_cpp
[1.462s] [  0%] Built target bond_generate_messages_py
[1.462s] [  0%] Built target topic_tools_generate_messages_cpp
[1.462s] [  0%] Built target rviz_generate_messages_nodejs
[1.463s] [  0%] Built target topic_tools_generate_messages_eus
[1.481s] [  0%] Built target bond_generate_messages_cpp
[1.482s] [  0%] Built target map_msgs_generate_messages_py
[1.482s] [  0%] Built target topic_tools_generate_messages_nodejs
[1.482s] [  0%] Built target visualization_msgs_generate_messages_eus
[1.482s] [  0%] Built target tf_generate_messages_py
[1.482s] [  0%] Built target nodelet_generate_messages_py
[1.482s] [  0%] Built target nodelet_generate_messages_nodejs
[1.484s] [  0%] Built target std_srvs_generate_messages_py
[1.491s] [  0%] Built target people_msgs_generate_messages_lisp
[1.495s] [  0%] Built target visualization_msgs_generate_messages_nodejs
[1.496s] [  0%] Built target visualization_msgs_generate_messages_py
[1.507s] [  0%] Built target people_msgs_generate_messages_cpp
[1.514s] [  0%] Built target rviz_generate_messages_eus
[1.516s] [  0%] Built target autoware_lanelet2_msgs_generate_messages_lisp
[1.519s] [  0%] Built target people_msgs_generate_messages_py
[1.531s] [  0%] Built target people_msgs_generate_messages_eus
[1.532s] [  0%] Built target tf2_msgs_generate_messages_lisp
[1.533s] [  0%] Built target autoware_lanelet2_msgs_generate_messages_eus
[1.541s] [  0%] Built target vector_map_msgs_generate_messages_cpp
[1.543s] [  0%] Built target rviz_generate_messages_cpp
[1.543s] [  0%] Built target tf2_msgs_generate_messages_nodejs
[1.545s] [  0%] Built target rosgraph_msgs_generate_messages_cpp
[1.580s] [  0%] Built target visualization_msgs_generate_messages_cpp
[1.581s] [  0%] Built target map_msgs_generate_messages_nodejs
[1.581s] [  0%] Built target dynamic_reconfigure_generate_messages_eus
[1.581s] [  0%] Built target map_msgs_generate_messages_lisp
[1.581s] [  0%] Built target tf2_msgs_generate_messages_py
[1.581s] [  0%] Built target dynamic_reconfigure_generate_messages_lisp
[1.581s] [  0%] Built target autoware_config_msgs_generate_messages_lisp
[1.581s] [  0%] Built target nav_msgs_generate_messages_nodejs
[1.581s] [  0%] Built target actionlib_generate_messages_py
[1.581s] [  0%] Built target map_msgs_generate_messages_cpp
[1.581s] [  0%] Built target autoware_lanelet2_msgs_generate_messages_cpp
[1.581s] [  0%] Built target rviz_generate_messages_py
[1.582s] [  0%] Built target vector_map_msgs_generate_messages_lisp
[1.583s] [  0%] Built target nav_msgs_generate_messages_eus
[1.584s] [  0%] Built target tf_generate_messages_cpp
[1.614s] [  0%] Built target vector_map_msgs_generate_messages_eus
[1.614s] [  0%] Built target pcl_msgs_generate_messages_lisp
[1.615s] [  0%] Built target roscpp_generate_messages_py
[1.615s] [  0%] Built target vector_map_msgs_generate_messages_py
[1.615s] [  0%] Built target actionlib_generate_messages_lisp
[1.615s] [  0%] Built target actionlib_msgs_generate_messages_eus
[1.615s] [  0%] Built target jsk_rviz_plugins_generate_messages_eus
[1.615s] [  0%] Built target autoware_config_msgs_generate_messages_cpp
[1.615s] [  0%] Built target roscpp_generate_messages_eus
[1.615s] [  0%] Built target rosgraph_msgs_generate_messages_py
[1.617s] [  0%] Built target pcl_msgs_generate_messages_py
[1.619s] [  0%] Built target autoware_config_msgs_generate_messages_py
[1.624s] [  0%] Built target actionlib_generate_messages_nodejs
[1.632s] [  0%] Built target rosgraph_msgs_generate_messages_nodejs
[1.641s] [  0%] Built target roscpp_generate_messages_lisp
[1.781s] [100%] Built target decision_maker_node
[1.848s] Invoked command in '/home/autoware/Autoware/build/decision_maker' returned '0': CMAKE_PREFIX_PATH=/home/autoware/Autoware/install/lanelet2_extension:/home/autoware/Autoware/install/vector_map:/home/autoware/Autoware/install/state_machine_lib:/home/autoware/Autoware/install/amathutils_lib:/home/autoware/Autoware/install/vector_map_msgs:/home/autoware/Autoware/install/autoware_msgs:/home/autoware/Autoware/install/autoware_lanelet2_msgs:/home/autoware/Autoware/install/autoware_config_msgs:/home/autoware/Autoware/install/autoware_build_flags:${CMAKE_PREFIX_PATH} LD_LIBRARY_PATH=/home/autoware/Autoware/install/lanelet2_extension/lib:/home/autoware/Autoware/install/vector_map/lib:/home/autoware/Autoware/install/state_machine_lib/lib:/home/autoware/Autoware/install/amathutils_lib/lib:${LD_LIBRARY_PATH} PKG_CONFIG_PATH=/home/autoware/Autoware/install/lanelet2_extension/lib/x86_64-linux-gnu/pkgconfig:/home/autoware/Autoware/install/lanelet2_extension/lib/pkgconfig:/home/autoware/Autoware/install/vector_map/lib/x86_64-linux-gnu/pkgconfig:/home/autoware/Autoware/install/vector_map/lib/pkgconfig:/home/autoware/Autoware/install/state_machine_lib/lib/x86_64-linux-gnu/pkgconfig:/home/autoware/Autoware/install/state_machine_lib/lib/pkgconfig:/home/autoware/Autoware/install/amathutils_lib/lib/x86_64-linux-gnu/pkgconfig:/home/autoware/Autoware/install/amathutils_lib/lib/pkgconfig:/home/autoware/Autoware/install/vector_map_msgs/lib/x86_64-linux-gnu/pkgconfig:/home/autoware/Autoware/install/vector_map_msgs/lib/pkgconfig:/home/autoware/Autoware/install/autoware_msgs/lib/x86_64-linux-gnu/pkgconfig:/home/autoware/Autoware/install/autoware_msgs/lib/pkgconfig:/home/autoware/Autoware/install/autoware_lanelet2_msgs/lib/x86_64-linux-gnu/pkgconfig:/home/autoware/Autoware/install/autoware_lanelet2_msgs/lib/pkgconfig:/home/autoware/Autoware/install/autoware_config_msgs/lib/x86_64-linux-gnu/pkgconfig:/home/autoware/Autoware/install/autoware_config_msgs/lib/pkgconfig:/home/autoware/Autoware/install/autoware_build_flags/lib/x86_64-linux-gnu/pkgconfig:/home/autoware/Autoware/install/autoware_build_flags/lib/pkgconfig:${PKG_CONFIG_PATH} PYTHONPATH=/home/autoware/Autoware/install/vector_map_msgs/lib/python2.7/dist-packages:/home/autoware/Autoware/install/autoware_msgs/lib/python2.7/dist-packages:/home/autoware/Autoware/install/autoware_lanelet2_msgs/lib/python2.7/dist-packages:/home/autoware/Autoware/install/autoware_config_msgs/lib/python2.7/dist-packages:${PYTHONPATH} ROS_PACKAGE_PATH=/home/autoware/Autoware/install/lanelet2_extension/share:/home/autoware/Autoware/install/vector_map/share:/home/autoware/Autoware/install/state_machine_lib/share:/home/autoware/Autoware/install/amathutils_lib/share:/home/autoware/Autoware/install/vector_map_msgs/share:/home/autoware/Autoware/install/autoware_msgs/share:/home/autoware/Autoware/install/autoware_lanelet2_msgs/share:/home/autoware/Autoware/install/autoware_config_msgs/share:/home/autoware/Autoware/install/autoware_build_flags/share:${ROS_PACKAGE_PATH} /usr/bin/cmake --build /home/autoware/Autoware/build/decision_maker -- -j32 -l32
[2.809s] Invoking command in '/home/autoware/Autoware/build/decision_maker': CMAKE_PREFIX_PATH=/home/autoware/Autoware/install/lanelet2_extension:/home/autoware/Autoware/install/vector_map:/home/autoware/Autoware/install/state_machine_lib:/home/autoware/Autoware/install/amathutils_lib:/home/autoware/Autoware/install/vector_map_msgs:/home/autoware/Autoware/install/autoware_msgs:/home/autoware/Autoware/install/autoware_lanelet2_msgs:/home/autoware/Autoware/install/autoware_config_msgs:/home/autoware/Autoware/install/autoware_build_flags:${CMAKE_PREFIX_PATH} LD_LIBRARY_PATH=/home/autoware/Autoware/install/lanelet2_extension/lib:/home/autoware/Autoware/install/vector_map/lib:/home/autoware/Autoware/install/state_machine_lib/lib:/home/autoware/Autoware/install/amathutils_lib/lib:${LD_LIBRARY_PATH} PKG_CONFIG_PATH=/home/autoware/Autoware/install/lanelet2_extension/lib/x86_64-linux-gnu/pkgconfig:/home/autoware/Autoware/install/lanelet2_extension/lib/pkgconfig:/home/autoware/Autoware/install/vector_map/lib/x86_64-linux-gnu/pkgconfig:/home/autoware/Autoware/install/vector_map/lib/pkgconfig:/home/autoware/Autoware/install/state_machine_lib/lib/x86_64-linux-gnu/pkgconfig:/home/autoware/Autoware/install/state_machine_lib/lib/pkgconfig:/home/autoware/Autoware/install/amathutils_lib/lib/x86_64-linux-gnu/pkgconfig:/home/autoware/Autoware/install/amathutils_lib/lib/pkgconfig:/home/autoware/Autoware/install/vector_map_msgs/lib/x86_64-linux-gnu/pkgconfig:/home/autoware/Autoware/install/vector_map_msgs/lib/pkgconfig:/home/autoware/Autoware/install/autoware_msgs/lib/x86_64-linux-gnu/pkgconfig:/home/autoware/Autoware/install/autoware_msgs/lib/pkgconfig:/home/autoware/Autoware/install/autoware_lanelet2_msgs/lib/x86_64-linux-gnu/pkgconfig:/home/autoware/Autoware/install/autoware_lanelet2_msgs/lib/pkgconfig:/home/autoware/Autoware/install/autoware_config_msgs/lib/x86_64-linux-gnu/pkgconfig:/home/autoware/Autoware/install/autoware_config_msgs/lib/pkgconfig:/home/autoware/Autoware/install/autoware_build_flags/lib/x86_64-linux-gnu/pkgconfig:/home/autoware/Autoware/install/autoware_build_flags/lib/pkgconfig:${PKG_CONFIG_PATH} PYTHONPATH=/home/autoware/Autoware/install/vector_map_msgs/lib/python2.7/dist-packages:/home/autoware/Autoware/install/autoware_msgs/lib/python2.7/dist-packages:/home/autoware/Autoware/install/autoware_lanelet2_msgs/lib/python2.7/dist-packages:/home/autoware/Autoware/install/autoware_config_msgs/lib/python2.7/dist-packages:${PYTHONPATH} ROS_PACKAGE_PATH=/home/autoware/Autoware/install/lanelet2_extension/share:/home/autoware/Autoware/install/vector_map/share:/home/autoware/Autoware/install/state_machine_lib/share:/home/autoware/Autoware/install/amathutils_lib/share:/home/autoware/Autoware/install/vector_map_msgs/share:/home/autoware/Autoware/install/autoware_msgs/share:/home/autoware/Autoware/install/autoware_lanelet2_msgs/share:/home/autoware/Autoware/install/autoware_config_msgs/share:/home/autoware/Autoware/install/autoware_build_flags/share:${ROS_PACKAGE_PATH} /usr/bin/cmake --build /home/autoware/Autoware/build/decision_maker --target tests -- -j32 -l32
[3.033s] [  0%] Built target tf2_msgs_generate_messages_eus
[3.039s] [  0%] Built target std_msgs_generate_messages_lisp
[3.047s] [  0%] Built target tf_generate_messages_nodejs
[3.049s] [  0%] Built target dynamic_reconfigure_generate_messages_cpp
[3.052s] [  0%] Built target jsk_recognition_msgs_generate_messages_nodejs
[3.062s] [  0%] Built target tf_generate_messages_eus
[3.069s] [  0%] Built target autoware_config_msgs_generate_messages_eus
[3.069s] [  0%] Built target tf_generate_messages_lisp
[3.069s] [  0%] Built target actionlib_msgs_generate_messages_py
[3.072s] [  0%] Built target actionlib_msgs_generate_messages_nodejs
[3.074s] [  0%] Built target pcl_msgs_generate_messages_cpp
[3.074s] [  0%] Built target jsk_recognition_msgs_generate_messages_cpp
[3.075s] [  0%] Built target topic_tools_generate_messages_lisp
[3.076s] [  0%] Built target std_srvs_generate_messages_eus
[3.083s] [  0%] Built target nodelet_topic_tools_gencfg
[3.085s] [  0%] Built target actionlib_generate_messages_eus
[3.086s] [  0%] Built target autoware_config_msgs_generate_messages_nodejs
[3.089s] [  0%] Built target actionlib_msgs_generate_messages_lisp
[3.090s] [  0%] Built target jsk_footstep_msgs_generate_messages_lisp
[3.090s] [  0%] Built target autoware_lanelet2_msgs_generate_messages_nodejs
[3.090s] [  0%] Built target geometry_msgs_generate_messages_cpp
[3.091s] [  0%] Built target jsk_footstep_msgs_generate_messages_py
[3.109s] [  0%] Built target roscpp_generate_messages_nodejs
[3.111s] [  0%] Built target geometry_msgs_generate_messages_eus
[3.112s] [  0%] Built target nav_msgs_generate_messages_cpp
[3.115s] [  0%] Built target autoware_lanelet2_msgs_generate_messages_py
[3.119s] [  0%] Built target actionlib_msgs_generate_messages_cpp
[3.119s] [  0%] Built target autoware_msgs_generate_messages_nodejs
[3.120s] [  0%] Built target topic_tools_generate_messages_py
[3.125s] [  0%] Built target autoware_msgs_generate_messages_eus
[3.128s] [  0%] Built target autoware_msgs_generate_messages_lisp
[3.130s] [  0%] Built target visualization_msgs_generate_messages_lisp
[3.140s] [  0%] Built target nodelet_generate_messages_lisp
[3.147s] [  0%] Built target jsk_hark_msgs_generate_messages_lisp
[3.149s] [  0%] Built target bond_generate_messages_nodejs
[3.150s] [  0%] Built target std_msgs_generate_messages_eus
[3.152s] [  0%] Built target sensor_msgs_generate_messages_eus
[3.154s] [  0%] Built target sensor_msgs_generate_messages_cpp
[3.155s] [  0%] Built target pcl_msgs_generate_messages_nodejs
[3.159s] [  0%] Built target sensor_msgs_generate_messages_lisp
[3.164s] [  0%] Built target _catkin_empty_exported_target
[3.166s] [  0%] Built target geometry_msgs_generate_messages_nodejs
[3.167s] [  0%] Built target jsk_recognition_msgs_generate_messages_py
[3.169s] [  0%] Built target std_srvs_generate_messages_lisp
[3.171s] [  0%] Built target autoware_msgs_generate_messages_cpp
[3.175s] [  0%] Built target autoware_msgs_generate_messages_py
[3.175s] [  0%] Built target jsk_rviz_plugins_generate_messages_cpp
[3.176s] [  0%] Built target std_msgs_generate_messages_py
[3.176s] [  0%] Built target std_srvs_generate_messages_cpp
[3.176s] [  0%] Built target dynamic_reconfigure_gencfg
[3.177s] [  0%] Built target std_msgs_generate_messages_cpp
[3.177s] [  0%] Built target jsk_recognition_msgs_generate_messages_eus
[3.177s] [  0%] Built target jsk_footstep_msgs_generate_messages_cpp
[3.179s] [  0%] Built target sensor_msgs_generate_messages_py
[3.179s] [  0%] Built target jsk_recognition_msgs_generate_messages_lisp
[3.179s] [  0%] Built target nav_msgs_generate_messages_lisp
[3.183s] [  0%] Built target std_msgs_generate_messages_nodejs
[3.186s] [  0%] Built target nav_msgs_generate_messages_py
[3.186s] [  0%] Built target rosgraph_msgs_generate_messages_eus
[3.189s] [  0%] Built target pcl_msgs_generate_messages_eus
[3.192s] [  0%] Built target tf2_msgs_generate_messages_cpp
[3.195s] [  0%] Built target sensor_msgs_generate_messages_nodejs
[3.196s] [  0%] Built target jsk_rviz_plugins_gencfg
[3.199s] [  0%] Built target actionlib_generate_messages_cpp
[3.203s] [  0%] Built target geometry_msgs_generate_messages_py
[3.204s] [  0%] Built target people_msgs_generate_messages_nodejs
[3.206s] [  0%] Built target dynamic_reconfigure_generate_messages_py
[3.208s] [  0%] Built target rosgraph_msgs_generate_messages_lisp
[3.209s] [  0%] Built target dynamic_reconfigure_generate_messages_nodejs
[3.214s] [  0%] Built target jsk_footstep_msgs_generate_messages_eus
[3.215s] [  0%] Built target jsk_rviz_plugins_generate_messages_nodejs
[3.216s] [  0%] Built target jsk_rviz_plugins_generate_messages_py
[3.216s] [  0%] Built target pcl_ros_gencfg
[3.216s] [  0%] Built target rviz_generate_messages_nodejs
[3.217s] [  0%] Built target jsk_rviz_plugins_generate_messages_lisp
[3.217s] [  0%] Built target jsk_recognition_utils_gencfg
[3.217s] [  0%] Built target geometry_msgs_generate_messages_lisp
[3.219s] [  0%] Built target jsk_hark_msgs_generate_messages_cpp
[3.219s] [  0%] Built target nodelet_generate_messages_eus
[3.221s] [  0%] Built target jsk_hark_msgs_generate_messages_nodejs
[3.221s] [  0%] Built target jsk_footstep_msgs_generate_messages_nodejs
[3.222s] [  0%] Built target nodelet_generate_messages_cpp
[3.224s] [  0%] Built target roscpp_generate_messages_cpp
[3.225s] [  0%] Built target jsk_hark_msgs_generate_messages_py
[3.226s] [  0%] Built target map_msgs_generate_messages_eus
[3.226s] [  0%] Built target jsk_hark_msgs_generate_messages_eus
[3.228s] [  0%] Built target bond_generate_messages_lisp
[3.237s] [  0%] Built target bond_generate_messages_py
[3.237s] [  0%] Built target nodelet_generate_messages_nodejs
[3.237s] [  0%] Built target map_msgs_generate_messages_py
[3.237s] [  0%] Built target rviz_generate_messages_lisp
[3.237s] [  0%] Built target vector_map_msgs_generate_messages_nodejs
[3.237s] [  0%] Built target bond_generate_messages_cpp
[3.238s] [  0%] Built target std_srvs_generate_messages_nodejs
[3.241s] [  0%] Built target nodelet_generate_messages_py
[3.242s] [  0%] Built target topic_tools_generate_messages_cpp
[3.244s] [  0%] Built target std_srvs_generate_messages_py
[3.244s] [  0%] Built target topic_tools_generate_messages_eus
[3.245s] [  0%] Built target bond_generate_messages_eus
[3.245s] [  0%] Built target topic_tools_generate_messages_nodejs
[3.249s] [  0%] Built target tf_generate_messages_py
[3.253s] [  0%] Built target dynamic_reconfigure_generate_messages_lisp
[3.254s] [  0%] Built target people_msgs_generate_messages_eus
[3.255s] [  0%] Built target rviz_generate_messages_cpp
[3.256s] [  0%] Built target people_msgs_generate_messages_lisp
[3.256s] [  0%] Built target visualization_msgs_generate_messages_eus
[3.256s] [  0%] Built target map_msgs_generate_messages_lisp
[3.257s] [  0%] Built target people_msgs_generate_messages_cpp
[3.258s] [  0%] Built target visualization_msgs_generate_messages_py
[3.258s] [  0%] Built target people_msgs_generate_messages_py
[3.259s] [  0%] Built target tf2_msgs_generate_messages_lisp
[3.260s] [  0%] Built target rviz_generate_messages_eus
[3.261s] [  0%] Built target nav_msgs_generate_messages_nodejs
[3.263s] [  0%] Built target visualization_msgs_generate_messages_nodejs
[3.264s] [  0%] Built target rviz_generate_messages_py
[3.264s] [  0%] Built target autoware_lanelet2_msgs_generate_messages_lisp
[3.266s] [  0%] Built target autoware_lanelet2_msgs_generate_messages_cpp
[3.266s] [  0%] Built target vector_map_msgs_generate_messages_eus
[3.267s] [  0%] Built target autoware_lanelet2_msgs_generate_messages_eus
[3.267s] [  0%] Built target vector_map_msgs_generate_messages_cpp
[3.277s] [  0%] Built target map_msgs_generate_messages_nodejs
[3.277s] [  0%] Built target rosgraph_msgs_generate_messages_cpp
[3.277s] [  5%] Built target dynamic_reconfigure_generate_messages_eus
[3.277s] [ 11%] Built target gtest
[3.277s] [ 11%] Built target vector_map_msgs_generate_messages_lisp
[3.278s] [ 11%] Built target actionlib_generate_messages_py
[3.278s] [ 11%] Built target autoware_config_msgs_generate_messages_lisp
[3.280s] [ 11%] Built target vector_map_msgs_generate_messages_py
[3.283s] [ 11%] Built target visualization_msgs_generate_messages_cpp
[3.283s] [ 11%] Built target tf2_msgs_generate_messages_nodejs
[3.284s] [ 11%] Built target nav_msgs_generate_messages_eus
[3.284s] [ 11%] Built target map_msgs_generate_messages_cpp
[3.284s] [ 11%] Built target tf2_msgs_generate_messages_py
[3.288s] [ 11%] Built target actionlib_generate_messages_nodejs
[3.289s] [ 11%] Built target actionlib_generate_messages_lisp
[3.289s] [ 11%] Built target pcl_msgs_generate_messages_lisp
[3.289s] [ 11%] Built target tf_generate_messages_cpp
[3.290s] [ 11%] Built target jsk_rviz_plugins_generate_messages_eus
[3.291s] [ 11%] Built target actionlib_msgs_generate_messages_eus
[3.291s] [ 11%] Built target autoware_config_msgs_generate_messages_py
[3.292s] [ 11%] Built target roscpp_generate_messages_eus
[3.293s] [ 11%] Built target autoware_config_msgs_generate_messages_cpp
[3.293s] [ 11%] Built target rosgraph_msgs_generate_messages_py
[3.293s] [ 11%] Built target pcl_msgs_generate_messages_py
[3.294s] [ 11%] Built target rosgraph_msgs_generate_messages_nodejs
[3.295s] [ 11%] Built target roscpp_generate_messages_lisp
[3.297s] [ 11%] Built target roscpp_generate_messages_py
[3.521s] [100%] Built target test-decision_maker
[3.587s] [100%] Built target tests
[3.624s] Invoked command in '/home/autoware/Autoware/build/decision_maker' returned '0': CMAKE_PREFIX_PATH=/home/autoware/Autoware/install/lanelet2_extension:/home/autoware/Autoware/install/vector_map:/home/autoware/Autoware/install/state_machine_lib:/home/autoware/Autoware/install/amathutils_lib:/home/autoware/Autoware/install/vector_map_msgs:/home/autoware/Autoware/install/autoware_msgs:/home/autoware/Autoware/install/autoware_lanelet2_msgs:/home/autoware/Autoware/install/autoware_config_msgs:/home/autoware/Autoware/install/autoware_build_flags:${CMAKE_PREFIX_PATH} LD_LIBRARY_PATH=/home/autoware/Autoware/install/lanelet2_extension/lib:/home/autoware/Autoware/install/vector_map/lib:/home/autoware/Autoware/install/state_machine_lib/lib:/home/autoware/Autoware/install/amathutils_lib/lib:${LD_LIBRARY_PATH} PKG_CONFIG_PATH=/home/autoware/Autoware/install/lanelet2_extension/lib/x86_64-linux-gnu/pkgconfig:/home/autoware/Autoware/install/lanelet2_extension/lib/pkgconfig:/home/autoware/Autoware/install/vector_map/lib/x86_64-linux-gnu/pkgconfig:/home/autoware/Autoware/install/vector_map/lib/pkgconfig:/home/autoware/Autoware/install/state_machine_lib/lib/x86_64-linux-gnu/pkgconfig:/home/autoware/Autoware/install/state_machine_lib/lib/pkgconfig:/home/autoware/Autoware/install/amathutils_lib/lib/x86_64-linux-gnu/pkgconfig:/home/autoware/Autoware/install/amathutils_lib/lib/pkgconfig:/home/autoware/Autoware/install/vector_map_msgs/lib/x86_64-linux-gnu/pkgconfig:/home/autoware/Autoware/install/vector_map_msgs/lib/pkgconfig:/home/autoware/Autoware/install/autoware_msgs/lib/x86_64-linux-gnu/pkgconfig:/home/autoware/Autoware/install/autoware_msgs/lib/pkgconfig:/home/autoware/Autoware/install/autoware_lanelet2_msgs/lib/x86_64-linux-gnu/pkgconfig:/home/autoware/Autoware/install/autoware_lanelet2_msgs/lib/pkgconfig:/home/autoware/Autoware/install/autoware_config_msgs/lib/x86_64-linux-gnu/pkgconfig:/home/autoware/Autoware/install/autoware_config_msgs/lib/pkgconfig:/home/autoware/Autoware/install/autoware_build_flags/lib/x86_64-linux-gnu/pkgconfig:/home/autoware/Autoware/install/autoware_build_flags/lib/pkgconfig:${PKG_CONFIG_PATH} PYTHONPATH=/home/autoware/Autoware/install/vector_map_msgs/lib/python2.7/dist-packages:/home/autoware/Autoware/install/autoware_msgs/lib/python2.7/dist-packages:/home/autoware/Autoware/install/autoware_lanelet2_msgs/lib/python2.7/dist-packages:/home/autoware/Autoware/install/autoware_config_msgs/lib/python2.7/dist-packages:${PYTHONPATH} ROS_PACKAGE_PATH=/home/autoware/Autoware/install/lanelet2_extension/share:/home/autoware/Autoware/install/vector_map/share:/home/autoware/Autoware/install/state_machine_lib/share:/home/autoware/Autoware/install/amathutils_lib/share:/home/autoware/Autoware/install/vector_map_msgs/share:/home/autoware/Autoware/install/autoware_msgs/share:/home/autoware/Autoware/install/autoware_lanelet2_msgs/share:/home/autoware/Autoware/install/autoware_config_msgs/share:/home/autoware/Autoware/install/autoware_build_flags/share:${ROS_PACKAGE_PATH} /usr/bin/cmake --build /home/autoware/Autoware/build/decision_maker --target tests -- -j32 -l32
[4.036s] Invoking command in '/home/autoware/Autoware/build/decision_maker': CMAKE_PREFIX_PATH=/home/autoware/Autoware/install/lanelet2_extension:/home/autoware/Autoware/install/vector_map:/home/autoware/Autoware/install/state_machine_lib:/home/autoware/Autoware/install/amathutils_lib:/home/autoware/Autoware/install/vector_map_msgs:/home/autoware/Autoware/install/autoware_msgs:/home/autoware/Autoware/install/autoware_lanelet2_msgs:/home/autoware/Autoware/install/autoware_config_msgs:/home/autoware/Autoware/install/autoware_build_flags:${CMAKE_PREFIX_PATH} LD_LIBRARY_PATH=/home/autoware/Autoware/install/lanelet2_extension/lib:/home/autoware/Autoware/install/vector_map/lib:/home/autoware/Autoware/install/state_machine_lib/lib:/home/autoware/Autoware/install/amathutils_lib/lib:${LD_LIBRARY_PATH} PKG_CONFIG_PATH=/home/autoware/Autoware/install/lanelet2_extension/lib/x86_64-linux-gnu/pkgconfig:/home/autoware/Autoware/install/lanelet2_extension/lib/pkgconfig:/home/autoware/Autoware/install/vector_map/lib/x86_64-linux-gnu/pkgconfig:/home/autoware/Autoware/install/vector_map/lib/pkgconfig:/home/autoware/Autoware/install/state_machine_lib/lib/x86_64-linux-gnu/pkgconfig:/home/autoware/Autoware/install/state_machine_lib/lib/pkgconfig:/home/autoware/Autoware/install/amathutils_lib/lib/x86_64-linux-gnu/pkgconfig:/home/autoware/Autoware/install/amathutils_lib/lib/pkgconfig:/home/autoware/Autoware/install/vector_map_msgs/lib/x86_64-linux-gnu/pkgconfig:/home/autoware/Autoware/install/vector_map_msgs/lib/pkgconfig:/home/autoware/Autoware/install/autoware_msgs/lib/x86_64-linux-gnu/pkgconfig:/home/autoware/Autoware/install/autoware_msgs/lib/pkgconfig:/home/autoware/Autoware/install/autoware_lanelet2_msgs/lib/x86_64-linux-gnu/pkgconfig:/home/autoware/Autoware/install/autoware_lanelet2_msgs/lib/pkgconfig:/home/autoware/Autoware/install/autoware_config_msgs/lib/x86_64-linux-gnu/pkgconfig:/home/autoware/Autoware/install/autoware_config_msgs/lib/pkgconfig:/home/autoware/Autoware/install/autoware_build_flags/lib/x86_64-linux-gnu/pkgconfig:/home/autoware/Autoware/install/autoware_build_flags/lib/pkgconfig:${PKG_CONFIG_PATH} PYTHONPATH=/home/autoware/Autoware/install/vector_map_msgs/lib/python2.7/dist-packages:/home/autoware/Autoware/install/autoware_msgs/lib/python2.7/dist-packages:/home/autoware/Autoware/install/autoware_lanelet2_msgs/lib/python2.7/dist-packages:/home/autoware/Autoware/install/autoware_config_msgs/lib/python2.7/dist-packages:${PYTHONPATH} ROS_PACKAGE_PATH=/home/autoware/Autoware/install/lanelet2_extension/share:/home/autoware/Autoware/install/vector_map/share:/home/autoware/Autoware/install/state_machine_lib/share:/home/autoware/Autoware/install/amathutils_lib/share:/home/autoware/Autoware/install/vector_map_msgs/share:/home/autoware/Autoware/install/autoware_msgs/share:/home/autoware/Autoware/install/autoware_lanelet2_msgs/share:/home/autoware/Autoware/install/autoware_config_msgs/share:/home/autoware/Autoware/install/autoware_build_flags/share:${ROS_PACKAGE_PATH} /usr/bin/cmake --build /home/autoware/Autoware/build/decision_maker --target install -- -j32 -l32
[4.212s] [  0%] Built target visualization_msgs_generate_messages_lisp
[4.212s] [  0%] Built target jsk_footstep_msgs_generate_messages_cpp
[4.212s] [  0%] Built target tf_generate_messages_nodejs
[4.212s] [  0%] Built target tf_generate_messages_eus
[4.212s] [  0%] Built target actionlib_msgs_generate_messages_cpp
[4.212s] [  0%] Built target autoware_msgs_generate_messages_nodejs
[4.212s] [  0%] Built target autoware_config_msgs_generate_messages_nodejs
[4.212s] [  0%] Built target actionlib_generate_messages_eus
[4.212s] [  0%] Built target autoware_config_msgs_generate_messages_eus
[4.212s] [  0%] Built target tf_generate_messages_lisp
[4.213s] [  0%] Built target actionlib_msgs_generate_messages_lisp
[4.213s] [  0%] Built target nodelet_topic_tools_gencfg
[4.216s] [  0%] Built target std_msgs_generate_messages_lisp
[4.216s] [  0%] Built target autoware_lanelet2_msgs_generate_messages_py
[4.216s] [  0%] Built target jsk_recognition_msgs_generate_messages_cpp
[4.218s] [  0%] Built target std_srvs_generate_messages_eus
[4.220s] [  0%] Built target topic_tools_generate_messages_lisp
[4.223s] [  0%] Built target pcl_msgs_generate_messages_cpp
[4.228s] [  0%] Built target jsk_footstep_msgs_generate_messages_lisp
[4.232s] [  0%] Built target dynamic_reconfigure_generate_messages_cpp
[4.234s] [  0%] Built target bond_generate_messages_nodejs
[4.241s] [  0%] Built target tf2_msgs_generate_messages_eus
[4.249s] [  0%] Built target autoware_lanelet2_msgs_generate_messages_nodejs
[4.249s] [  0%] Built target actionlib_msgs_generate_messages_py
[4.249s] [  0%] Built target autoware_msgs_generate_messages_lisp
[4.249s] [  0%] Built target actionlib_msgs_generate_messages_nodejs
[4.251s] [  0%] Built target jsk_recognition_msgs_generate_messages_nodejs
[4.252s] [  0%] Built target autoware_msgs_generate_messages_eus
[4.272s] [  0%] Built target topic_tools_generate_messages_py
[4.272s] [  0%] Built target geometry_msgs_generate_messages_cpp
[4.273s] [  0%] Built target roscpp_generate_messages_nodejs
[4.277s] [  0%] Built target jsk_footstep_msgs_generate_messages_py
[4.282s] [  0%] Built target geometry_msgs_generate_messages_eus
[4.293s] [  0%] Built target nav_msgs_generate_messages_lisp
[4.319s] [  0%] Built target sensor_msgs_generate_messages_cpp
[4.319s] [  0%] Built target autoware_msgs_generate_messages_cpp
[4.320s] [  0%] Built target pcl_msgs_generate_messages_nodejs
[4.324s] [  0%] Built target sensor_msgs_generate_messages_py
[4.341s] [  0%] Built target nodelet_generate_messages_lisp
[4.341s] [  0%] Built target jsk_recognition_msgs_generate_messages_py
[4.341s] [  0%] Built target dynamic_reconfigure_gencfg
[4.341s] [  0%] Built target std_msgs_generate_messages_nodejs
[4.341s] [  0%] Built target std_srvs_generate_messages_lisp
[4.341s] [  0%] Built target sensor_msgs_generate_messages_eus
[4.341s] [  0%] Built target std_srvs_generate_messages_cpp
[4.341s] [  0%] Built target autoware_msgs_generate_messages_py
[4.344s] [  0%] Built target jsk_recognition_msgs_generate_messages_lisp
[4.349s] [  0%] Built target std_msgs_generate_messages_eus
[4.350s] [  0%] Built target sensor_msgs_generate_messages_lisp
[4.355s] [  0%] Built target std_msgs_generate_messages_cpp
[4.357s] [  0%] Built target jsk_rviz_plugins_generate_messages_cpp
[4.357s] [  0%] Built target jsk_hark_msgs_generate_messages_lisp
[4.363s] [  0%] Built target nav_msgs_generate_messages_cpp
[4.363s] [  0%] Built target _catkin_empty_exported_target
[4.363s] [  0%] Built target jsk_recognition_msgs_generate_messages_eus
[4.364s] [  0%] Built target geometry_msgs_generate_messages_nodejs
[4.366s] [  0%] Built target tf2_msgs_generate_messages_cpp
[4.371s] [  0%] Built target people_msgs_generate_messages_nodejs
[4.391s] [  0%] Built target pcl_msgs_generate_messages_eus
[4.391s] [  0%] Built target geometry_msgs_generate_messages_py
[4.391s] [  0%] Built target actionlib_generate_messages_cpp
[4.391s] [  0%] Built target sensor_msgs_generate_messages_nodejs
[4.391s] [  0%] Built target rosgraph_msgs_generate_messages_eus
[4.391s] [  0%] Built target std_msgs_generate_messages_py
[4.392s] [  0%] Built target nav_msgs_generate_messages_py
[4.401s] [  0%] Built target dynamic_reconfigure_generate_messages_nodejs
[4.405s] [  0%] Built target jsk_hark_msgs_generate_messages_nodejs
[4.412s] [  0%] Built target dynamic_reconfigure_generate_messages_py
[4.413s] [  0%] Built target jsk_rviz_plugins_gencfg
[4.413s] [  0%] Built target jsk_hark_msgs_generate_messages_eus
[4.414s] [  0%] Built target jsk_recognition_utils_gencfg
[4.422s] [  0%] Built target jsk_rviz_plugins_generate_messages_nodejs
[4.423s] [  0%] Built target jsk_hark_msgs_generate_messages_cpp
[4.423s] [  0%] Built target jsk_footstep_msgs_generate_messages_nodejs
[4.427s] [  0%] Built target rviz_generate_messages_lisp
[4.428s] [  0%] Built target jsk_hark_msgs_generate_messages_py
[4.432s] [  0%] Built target bond_generate_messages_cpp
[4.433s] [  0%] Built target nodelet_generate_messages_py
[4.433s] [  0%] Built target jsk_rviz_plugins_generate_messages_py
[4.434s] [  0%] Built target map_msgs_generate_messages_eus
[4.441s] [  0%] Built target pcl_ros_gencfg
[4.445s] [  0%] Built target nodelet_generate_messages_eus
[4.447s] [  0%] Built target jsk_rviz_plugins_generate_messages_lisp
[4.448s] [  0%] Built target bond_generate_messages_py
[4.450s] [  0%] Built target vector_map_msgs_generate_messages_nodejs
[4.450s] [  0%] Built target nodelet_generate_messages_cpp
[4.450s] [  0%] Built target map_msgs_generate_messages_py
[4.453s] [  0%] Built target rosgraph_msgs_generate_messages_lisp
[4.456s] [  0%] Built target std_srvs_generate_messages_nodejs
[4.457s] [  0%] Built target rviz_generate_messages_nodejs
[4.458s] [  0%] Built target jsk_footstep_msgs_generate_messages_eus
[4.459s] [  0%] Built target nodelet_generate_messages_nodejs
[4.463s] [  0%] Built target roscpp_generate_messages_cpp
[4.466s] [  0%] Built target std_srvs_generate_messages_py
[4.474s] [  0%] Built target bond_generate_messages_lisp
[4.475s] [  0%] Built target topic_tools_generate_messages_eus
[4.479s] [  0%] Built target geometry_msgs_generate_messages_lisp
[4.481s] [  0%] Built target visualization_msgs_generate_messages_eus
[4.488s] [  0%] Built target topic_tools_generate_messages_cpp
[4.495s] [  0%] Built target people_msgs_generate_messages_py
[4.496s] [  0%] Built target tf_generate_messages_py
[4.496s] [  0%] Built target people_msgs_generate_messages_lisp
[4.499s] [  0%] Built target rviz_generate_messages_py
[4.510s] [  0%] Built target dynamic_reconfigure_generate_messages_lisp
[4.524s] [  0%] Built target topic_tools_generate_messages_nodejs
[4.570s] [  0%] Built target people_msgs_generate_messages_eus
[4.570s] [  0%] Built target rviz_generate_messages_cpp
[4.570s] [  0%] Built target bond_generate_messages_eus
[4.570s] [  0%] Built target visualization_msgs_generate_messages_py
[4.570s] [  0%] Built target people_msgs_generate_messages_cpp
[4.571s] [  0%] Built target nav_msgs_generate_messages_nodejs
[4.571s] [  0%] Built target dynamic_reconfigure_generate_messages_eus
[4.571s] [  0%] Built target map_msgs_generate_messages_lisp
[4.571s] [  0%] Built target vector_map_msgs_generate_messages_lisp
[4.571s] [  0%] Built target visualization_msgs_generate_messages_cpp
[4.571s] [  0%] Built target map_msgs_generate_messages_nodejs
[4.571s] [  0%] Built target autoware_lanelet2_msgs_generate_messages_cpp
[4.571s] [  0%] Built target rosgraph_msgs_generate_messages_cpp
[4.571s] [  0%] Built target autoware_lanelet2_msgs_generate_messages_lisp
[4.571s] [  0%] Built target vector_map_msgs_generate_messages_cpp
[4.571s] [  0%] Built target tf2_msgs_generate_messages_lisp
[4.574s] [  0%] Built target visualization_msgs_generate_messages_nodejs
[4.575s] [  0%] Built target actionlib_generate_messages_py
[4.596s] [  0%] Built target actionlib_generate_messages_nodejs
[4.597s] [  0%] Built target rviz_generate_messages_eus
[4.609s] [  0%] Built target map_msgs_generate_messages_cpp
[4.615s] [  0%] Built target tf2_msgs_generate_messages_py
[4.615s] [  0%] Built target autoware_lanelet2_msgs_generate_messages_eus
[4.618s] [  0%] Built target vector_map_msgs_generate_messages_eus
[4.637s] [  0%] Built target roscpp_generate_messages_eus
[4.638s] [  0%] Built target actionlib_msgs_generate_messages_eus
[4.646s] [  0%] Built target tf2_msgs_generate_messages_nodejs
[4.646s] [  0%] Built target vector_map_msgs_generate_messages_py
[4.646s] [  0%] Built target nav_msgs_generate_messages_eus
[4.654s] [  0%] Built target pcl_msgs_generate_messages_py
[4.655s] [  0%] Built target rosgraph_msgs_generate_messages_nodejs
[4.661s] [  0%] Built target autoware_config_msgs_generate_messages_cpp
[4.663s] [  0%] Built target pcl_msgs_generate_messages_lisp
[4.664s] [  0%] Built target tf_generate_messages_cpp
[4.668s] [  0%] Built target actionlib_generate_messages_lisp
[4.692s] [  0%] Built target autoware_config_msgs_generate_messages_py
[4.696s] [  0%] Built target roscpp_generate_messages_lisp
[4.698s] [  0%] Built target rosgraph_msgs_generate_messages_py
[4.713s] [  0%] Built target jsk_rviz_plugins_generate_messages_eus
[4.734s] [  0%] Built target roscpp_generate_messages_py
[4.746s] [  0%] Built target autoware_config_msgs_generate_messages_lisp
[4.955s] [100%] Built target decision_maker_node
[4.992s] Install the project...
[5.005s] -- Install configuration: "Release"
[5.005s] -- Up-to-date: /home/autoware/Autoware/install/decision_maker/lib/pkgconfig/decision_maker.pc
[5.006s] -- Up-to-date: /home/autoware/Autoware/install/decision_maker/share/decision_maker/cmake/decision_makerConfig.cmake
[5.007s] -- Up-to-date: /home/autoware/Autoware/install/decision_maker/share/decision_maker/cmake/decision_makerConfig-version.cmake
[5.007s] -- Up-to-date: /home/autoware/Autoware/install/decision_maker/share/decision_maker/package.xml
[5.009s] -- Up-to-date: /home/autoware/Autoware/install/decision_maker/lib/decision_maker/decision_maker_node
[5.010s] -- Up-to-date: /home/autoware/Autoware/install/decision_maker/share/decision_maker/launch
[5.011s] -- Up-to-date: /home/autoware/Autoware/install/decision_maker/share/decision_maker/launch/decision_maker.launch
[5.012s] -- Up-to-date: /home/autoware/Autoware/install/decision_maker/share/decision_maker/autoware_state_behavior.yaml
[5.013s] -- Up-to-date: /home/autoware/Autoware/install/decision_maker/share/decision_maker/autoware_state_motion.yaml
[5.014s] -- Up-to-date: /home/autoware/Autoware/install/decision_maker/share/decision_maker/autoware_state_mission.yaml
[5.015s] -- Up-to-date: /home/autoware/Autoware/install/decision_maker/share/decision_maker/autoware_state_vehicle.yaml
[5.022s] Invoked command in '/home/autoware/Autoware/build/decision_maker' returned '0': CMAKE_PREFIX_PATH=/home/autoware/Autoware/install/lanelet2_extension:/home/autoware/Autoware/install/vector_map:/home/autoware/Autoware/install/state_machine_lib:/home/autoware/Autoware/install/amathutils_lib:/home/autoware/Autoware/install/vector_map_msgs:/home/autoware/Autoware/install/autoware_msgs:/home/autoware/Autoware/install/autoware_lanelet2_msgs:/home/autoware/Autoware/install/autoware_config_msgs:/home/autoware/Autoware/install/autoware_build_flags:${CMAKE_PREFIX_PATH} LD_LIBRARY_PATH=/home/autoware/Autoware/install/lanelet2_extension/lib:/home/autoware/Autoware/install/vector_map/lib:/home/autoware/Autoware/install/state_machine_lib/lib:/home/autoware/Autoware/install/amathutils_lib/lib:${LD_LIBRARY_PATH} PKG_CONFIG_PATH=/home/autoware/Autoware/install/lanelet2_extension/lib/x86_64-linux-gnu/pkgconfig:/home/autoware/Autoware/install/lanelet2_extension/lib/pkgconfig:/home/autoware/Autoware/install/vector_map/lib/x86_64-linux-gnu/pkgconfig:/home/autoware/Autoware/install/vector_map/lib/pkgconfig:/home/autoware/Autoware/install/state_machine_lib/lib/x86_64-linux-gnu/pkgconfig:/home/autoware/Autoware/install/state_machine_lib/lib/pkgconfig:/home/autoware/Autoware/install/amathutils_lib/lib/x86_64-linux-gnu/pkgconfig:/home/autoware/Autoware/install/amathutils_lib/lib/pkgconfig:/home/autoware/Autoware/install/vector_map_msgs/lib/x86_64-linux-gnu/pkgconfig:/home/autoware/Autoware/install/vector_map_msgs/lib/pkgconfig:/home/autoware/Autoware/install/autoware_msgs/lib/x86_64-linux-gnu/pkgconfig:/home/autoware/Autoware/install/autoware_msgs/lib/pkgconfig:/home/autoware/Autoware/install/autoware_lanelet2_msgs/lib/x86_64-linux-gnu/pkgconfig:/home/autoware/Autoware/install/autoware_lanelet2_msgs/lib/pkgconfig:/home/autoware/Autoware/install/autoware_config_msgs/lib/x86_64-linux-gnu/pkgconfig:/home/autoware/Autoware/install/autoware_config_msgs/lib/pkgconfig:/home/autoware/Autoware/install/autoware_build_flags/lib/x86_64-linux-gnu/pkgconfig:/home/autoware/Autoware/install/autoware_build_flags/lib/pkgconfig:${PKG_CONFIG_PATH} PYTHONPATH=/home/autoware/Autoware/install/vector_map_msgs/lib/python2.7/dist-packages:/home/autoware/Autoware/install/autoware_msgs/lib/python2.7/dist-packages:/home/autoware/Autoware/install/autoware_lanelet2_msgs/lib/python2.7/dist-packages:/home/autoware/Autoware/install/autoware_config_msgs/lib/python2.7/dist-packages:${PYTHONPATH} ROS_PACKAGE_PATH=/home/autoware/Autoware/install/lanelet2_extension/share:/home/autoware/Autoware/install/vector_map/share:/home/autoware/Autoware/install/state_machine_lib/share:/home/autoware/Autoware/install/amathutils_lib/share:/home/autoware/Autoware/install/vector_map_msgs/share:/home/autoware/Autoware/install/autoware_msgs/share:/home/autoware/Autoware/install/autoware_lanelet2_msgs/share:/home/autoware/Autoware/install/autoware_config_msgs/share:/home/autoware/Autoware/install/autoware_build_flags/share:${ROS_PACKAGE_PATH} /usr/bin/cmake --build /home/autoware/Autoware/build/decision_maker --target install -- -j32 -l32
