[0.808s] Invoking command in '/home/autoware/Autoware/build/vehicle_sim_model': CMAKE_PREFIX_PATH=/home/autoware/Autoware/install/autoware_build_flags:${CMAKE_PREFIX_PATH} PKG_CONFIG_PATH=/home/autoware/Autoware/install/autoware_build_flags/lib/x86_64-linux-gnu/pkgconfig:/home/autoware/Autoware/install/autoware_build_flags/lib/pkgconfig:${PKG_CONFIG_PATH} ROS_PACKAGE_PATH=/home/autoware/Autoware/install/autoware_build_flags/share:${ROS_PACKAGE_PATH} /usr/bin/cmake --build /home/autoware/Autoware/build/vehicle_sim_model -- -j32 -l32
[1.062s] [  0%] Built target _catkin_empty_exported_target
[1.064s] [100%] Built target vehicle_sim_model
[1.132s] Invoked command in '/home/autoware/Autoware/build/vehicle_sim_model' returned '0': CMAKE_PREFIX_PATH=/home/autoware/Autoware/install/autoware_build_flags:${CMAKE_PREFIX_PATH} PKG_CONFIG_PATH=/home/autoware/Autoware/install/autoware_build_flags/lib/x86_64-linux-gnu/pkgconfig:/home/autoware/Autoware/install/autoware_build_flags/lib/pkgconfig:${PKG_CONFIG_PATH} ROS_PACKAGE_PATH=/home/autoware/Autoware/install/autoware_build_flags/share:${ROS_PACKAGE_PATH} /usr/bin/cmake --build /home/autoware/Autoware/build/vehicle_sim_model -- -j32 -l32
[1.478s] Invoking command in '/home/autoware/Autoware/build/vehicle_sim_model': CMAKE_PREFIX_PATH=/home/autoware/Autoware/install/autoware_build_flags:${CMAKE_PREFIX_PATH} PKG_CONFIG_PATH=/home/autoware/Autoware/install/autoware_build_flags/lib/x86_64-linux-gnu/pkgconfig:/home/autoware/Autoware/install/autoware_build_flags/lib/pkgconfig:${PKG_CONFIG_PATH} ROS_PACKAGE_PATH=/home/autoware/Autoware/install/autoware_build_flags/share:${ROS_PACKAGE_PATH} /usr/bin/cmake --build /home/autoware/Autoware/build/vehicle_sim_model --target tests -- -j32 -l32
[1.573s] [  0%] Built target _catkin_empty_exported_target
[1.573s] [ 22%] Built target gtest
[1.618s] [ 77%] Built target vehicle_sim_model
[1.645s] [100%] Built target test-vehicle_sim_model
[1.663s] [100%] Built target tests
[1.717s] Invoked command in '/home/autoware/Autoware/build/vehicle_sim_model' returned '0': CMAKE_PREFIX_PATH=/home/autoware/Autoware/install/autoware_build_flags:${CMAKE_PREFIX_PATH} PKG_CONFIG_PATH=/home/autoware/Autoware/install/autoware_build_flags/lib/x86_64-linux-gnu/pkgconfig:/home/autoware/Autoware/install/autoware_build_flags/lib/pkgconfig:${PKG_CONFIG_PATH} ROS_PACKAGE_PATH=/home/autoware/Autoware/install/autoware_build_flags/share:${ROS_PACKAGE_PATH} /usr/bin/cmake --build /home/autoware/Autoware/build/vehicle_sim_model --target tests -- -j32 -l32
[1.957s] Invoking command in '/home/autoware/Autoware/build/vehicle_sim_model': CMAKE_PREFIX_PATH=/home/autoware/Autoware/install/autoware_build_flags:${CMAKE_PREFIX_PATH} PKG_CONFIG_PATH=/home/autoware/Autoware/install/autoware_build_flags/lib/x86_64-linux-gnu/pkgconfig:/home/autoware/Autoware/install/autoware_build_flags/lib/pkgconfig:${PKG_CONFIG_PATH} ROS_PACKAGE_PATH=/home/autoware/Autoware/install/autoware_build_flags/share:${ROS_PACKAGE_PATH} /usr/bin/cmake --build /home/autoware/Autoware/build/vehicle_sim_model --target install -- -j32 -l32
[2.122s] [  0%] Built target _catkin_empty_exported_target
[2.122s] [100%] Built target vehicle_sim_model
[2.156s] Install the project...
[2.156s] -- Install configuration: "Release"
[2.156s] -- Up-to-date: /home/autoware/Autoware/install/vehicle_sim_model/lib/pkgconfig/vehicle_sim_model.pc
[2.156s] -- Up-to-date: /home/autoware/Autoware/install/vehicle_sim_model/share/vehicle_sim_model/cmake/vehicle_sim_modelConfig.cmake
[2.156s] -- Up-to-date: /home/autoware/Autoware/install/vehicle_sim_model/share/vehicle_sim_model/cmake/vehicle_sim_modelConfig-version.cmake
[2.156s] -- Up-to-date: /home/autoware/Autoware/install/vehicle_sim_model/share/vehicle_sim_model/package.xml
[2.156s] -- Up-to-date: /home/autoware/Autoware/install/vehicle_sim_model/lib/libvehicle_sim_model.so
[2.156s] -- Up-to-date: /home/autoware/Autoware/install/vehicle_sim_model/include/vehicle_sim_model
[2.156s] -- Up-to-date: /home/autoware/Autoware/install/vehicle_sim_model/include/vehicle_sim_model/vehicle_model_ideal.h
[2.156s] -- Up-to-date: /home/autoware/Autoware/install/vehicle_sim_model/include/vehicle_sim_model/vehicle_model_constant_acceleration.h
[2.157s] -- Up-to-date: /home/autoware/Autoware/install/vehicle_sim_model/include/vehicle_sim_model/vehicle_model_interface.h
[2.157s] -- Up-to-date: /home/autoware/Autoware/install/vehicle_sim_model/include/vehicle_sim_model/vehicle_model_time_delay.h
[2.157s] -- Up-to-date: /home/autoware/Autoware/install/vehicle_sim_model/lib/vehicle_sim_model/fitParamDelayInputModel.py
[2.363s] Invoked command in '/home/autoware/Autoware/build/vehicle_sim_model' returned '0': CMAKE_PREFIX_PATH=/home/autoware/Autoware/install/autoware_build_flags:${CMAKE_PREFIX_PATH} PKG_CONFIG_PATH=/home/autoware/Autoware/install/autoware_build_flags/lib/x86_64-linux-gnu/pkgconfig:/home/autoware/Autoware/install/autoware_build_flags/lib/pkgconfig:${PKG_CONFIG_PATH} ROS_PACKAGE_PATH=/home/autoware/Autoware/install/autoware_build_flags/share:${ROS_PACKAGE_PATH} /usr/bin/cmake --build /home/autoware/Autoware/build/vehicle_sim_model --target install -- -j32 -l32
