[0.080s] Invoking command in '/home/autoware/Autoware/build/op_simulation_package': CMAKE_PREFIX_PATH=/home/autoware/Autoware/install/op_ros_helpers:/home/autoware/Autoware/install/op_simu:/home/autoware/Autoware/install/op_planner:/home/autoware/Autoware/install/op_utility:/home/autoware/Autoware/install/map_file:/home/autoware/Autoware/install/vector_map_server:/home/autoware/Autoware/install/libwaypoint_follower:/home/autoware/Autoware/install/lanelet2_extension:/home/autoware/Autoware/install/vector_map:/home/autoware/Autoware/install/amathutils_lib:/home/autoware/Autoware/install/vector_map_msgs:/home/autoware/Autoware/install/autoware_msgs:/home/autoware/Autoware/install/autoware_lanelet2_msgs:/home/autoware/Autoware/install/autoware_build_flags:${CMAKE_PREFIX_PATH} LD_LIBRARY_PATH=/home/autoware/Autoware/install/op_ros_helpers/lib:/home/autoware/Autoware/install/op_simu/lib:/home/autoware/Autoware/install/op_planner/lib:/home/autoware/Autoware/install/op_utility/lib:/home/autoware/Autoware/install/map_file/lib:/home/autoware/Autoware/install/libwaypoint_follower/lib:/home/autoware/Autoware/install/lanelet2_extension/lib:/home/autoware/Autoware/install/vector_map/lib:/home/autoware/Autoware/install/amathutils_lib/lib:${LD_LIBRARY_PATH} PKG_CONFIG_PATH=/home/autoware/Autoware/install/op_ros_helpers/lib/x86_64-linux-gnu/pkgconfig:/home/autoware/Autoware/install/op_ros_helpers/lib/pkgconfig:/home/autoware/Autoware/install/op_simu/lib/x86_64-linux-gnu/pkgconfig:/home/autoware/Autoware/install/op_simu/lib/pkgconfig:/home/autoware/Autoware/install/op_planner/lib/x86_64-linux-gnu/pkgconfig:/home/autoware/Autoware/install/op_planner/lib/pkgconfig:/home/autoware/Autoware/install/op_utility/lib/x86_64-linux-gnu/pkgconfig:/home/autoware/Autoware/install/op_utility/lib/pkgconfig:/home/autoware/Autoware/install/map_file/lib/x86_64-linux-gnu/pkgconfig:/home/autoware/Autoware/install/map_file/lib/pkgconfig:/home/autoware/Autoware/install/vector_map_server/lib/x86_64-linux-gnu/pkgconfig:/home/autoware/Autoware/install/vector_map_server/lib/pkgconfig:/home/autoware/Autoware/install/libwaypoint_follower/lib/x86_64-linux-gnu/pkgconfig:/home/autoware/Autoware/install/libwaypoint_follower/lib/pkgconfig:/home/autoware/Autoware/install/lanelet2_extension/lib/x86_64-linux-gnu/pkgconfig:/home/autoware/Autoware/install/lanelet2_extension/lib/pkgconfig:/home/autoware/Autoware/install/vector_map/lib/x86_64-linux-gnu/pkgconfig:/home/autoware/Autoware/install/vector_map/lib/pkgconfig:/home/autoware/Autoware/install/amathutils_lib/lib/x86_64-linux-gnu/pkgconfig:/home/autoware/Autoware/install/amathutils_lib/lib/pkgconfig:/home/autoware/Autoware/install/vector_map_msgs/lib/x86_64-linux-gnu/pkgconfig:/home/autoware/Autoware/install/vector_map_msgs/lib/pkgconfig:/home/autoware/Autoware/install/autoware_msgs/lib/x86_64-linux-gnu/pkgconfig:/home/autoware/Autoware/install/autoware_msgs/lib/pkgconfig:/home/autoware/Autoware/install/autoware_lanelet2_msgs/lib/x86_64-linux-gnu/pkgconfig:/home/autoware/Autoware/install/autoware_lanelet2_msgs/lib/pkgconfig:/home/autoware/Autoware/install/autoware_build_flags/lib/x86_64-linux-gnu/pkgconfig:/home/autoware/Autoware/install/autoware_build_flags/lib/pkgconfig:${PKG_CONFIG_PATH} PYTHONPATH=/home/autoware/Autoware/install/vector_map_server/lib/python2.7/dist-packages:/home/autoware/Autoware/install/vector_map_msgs/lib/python2.7/dist-packages:/home/autoware/Autoware/install/autoware_msgs/lib/python2.7/dist-packages:/home/autoware/Autoware/install/autoware_lanelet2_msgs/lib/python2.7/dist-packages:${PYTHONPATH} ROS_PACKAGE_PATH=/home/autoware/Autoware/install/op_ros_helpers/share:/home/autoware/Autoware/install/op_simu/share:/home/autoware/Autoware/install/op_planner/share:/home/autoware/Autoware/install/op_utility/share:/home/autoware/Autoware/install/map_file/share:/home/autoware/Autoware/install/vector_map_server/share:/home/autoware/Autoware/install/libwaypoint_follower/share:/home/autoware/Autoware/install/lanelet2_extension/share:/home/autoware/Autoware/install/vector_map/share:/home/autoware/Autoware/install/amathutils_lib/share:/home/autoware/Autoware/install/vector_map_msgs/share:/home/autoware/Autoware/install/autoware_msgs/share:/home/autoware/Autoware/install/autoware_lanelet2_msgs/share:/home/autoware/Autoware/install/autoware_build_flags/share:${ROS_PACKAGE_PATH} /usr/bin/cmake --build /home/autoware/Autoware/build/op_simulation_package -- -j32 -l32
[0.354s] [  0%] Built target sensor_msgs_generate_messages_nodejs
[0.359s] [  0%] Built target nodelet_generate_messages_eus
[0.363s] [  0%] Built target bond_generate_messages_cpp
[0.366s] [  0%] Built target topic_tools_generate_messages_eus
[0.366s] [  0%] Built target vector_map_server_generate_messages_nodejs
[0.370s] [  0%] Built target nodelet_generate_messages_cpp
[0.377s] [  0%] Built target dynamic_reconfigure_generate_messages_nodejs
[0.400s] [  0%] Built target std_srvs_generate_messages_py
[0.406s] [  0%] Built target vector_map_msgs_generate_messages_nodejs
[0.408s] [  0%] Built target topic_tools_generate_messages_nodejs
[0.413s] [  0%] Built target vector_map_server_generate_messages_eus
[0.416s] [  0%] Built target bond_generate_messages_nodejs
[0.419s] [  0%] Built target roscpp_generate_messages_cpp
[0.428s] [  0%] Built target bond_generate_messages_lisp
[0.430s] [  0%] Built target nodelet_generate_messages_nodejs
[0.447s] [  0%] Built target actionlib_generate_messages_cpp
[0.454s] [  0%] Built target dynamic_reconfigure_generate_messages_eus
[0.471s] [  0%] Built target rosgraph_msgs_generate_messages_eus
[0.495s] [  0%] Built target dynamic_reconfigure_generate_messages_py
[0.502s] [  0%] Built target std_srvs_generate_messages_nodejs
[0.503s] [  0%] Built target topic_tools_generate_messages_cpp
[0.506s] [  0%] Built target dynamic_reconfigure_generate_messages_lisp
[0.508s] [  0%] Built target bond_generate_messages_py
[0.511s] [  0%] Built target vector_map_msgs_generate_messages_lisp
[0.513s] [  0%] Built target geometry_msgs_generate_messages_py
[0.518s] [  0%] Built target bond_generate_messages_eus
[0.518s] [  0%] Built target pcl_ros_gencfg
[0.537s] [ 33%] Built target op_signs_simulator
[0.545s] [ 33%] Built target pcl_msgs_generate_messages_eus
[0.563s] [ 33%] Built target vector_map_msgs_generate_messages_py
[0.579s] [ 33%] Built target std_msgs_generate_messages_nodejs
[0.641s] [ 33%] Built target vector_map_msgs_generate_messages_eus
[0.642s] [ 33%] Built target autoware_msgs_generate_messages_py
[0.642s] [ 33%] Built target std_msgs_generate_messages_py
[0.642s] [ 33%] Built target nodelet_generate_messages_lisp
[0.642s] [ 33%] Built target jsk_recognition_msgs_generate_messages_eus
[0.642s] [ 33%] Built target tf2_msgs_generate_messages_cpp
[0.645s] [ 33%] Built target std_srvs_generate_messages_lisp
[0.649s] [ 33%] Built target sensor_msgs_generate_messages_cpp
[0.649s] [ 33%] Built target jsk_recognition_msgs_generate_messages_lisp
[0.655s] [ 33%] Built target sensor_msgs_generate_messages_eus
[0.664s] [ 33%] Built target nodelet_topic_tools_gencfg
[0.669s] [ 33%] Built target std_srvs_generate_messages_cpp
[0.678s] [ 33%] Built target autoware_msgs_generate_messages_cpp
[0.679s] [ 33%] Built target jsk_recognition_msgs_generate_messages_py
[0.679s] [ 33%] Built target _catkin_empty_exported_target
[0.697s] [ 33%] Built target actionlib_msgs_generate_messages_nodejs
[0.738s] [ 33%] Built target rosgraph_msgs_generate_messages_cpp
[0.748s] [ 33%] Built target roscpp_generate_messages_nodejs
[0.755s] [ 33%] Built target nodelet_generate_messages_py
[0.757s] [ 33%] Built target sensor_msgs_generate_messages_lisp
[0.759s] [ 33%] Built target tf_generate_messages_py
[0.761s] [ 33%] Built target std_msgs_generate_messages_lisp
[0.762s] [ 33%] Built target topic_tools_generate_messages_lisp
[0.766s] [ 33%] Built target visualization_msgs_generate_messages_nodejs
[0.796s] [ 33%] Built target autoware_msgs_generate_messages_nodejs
[0.801s] [ 33%] Built target geometry_msgs_generate_messages_nodejs
[0.803s] [ 33%] Built target jsk_footstep_msgs_generate_messages_py
[0.808s] [ 33%] Built target dynamic_reconfigure_generate_messages_cpp
[0.820s] [ 33%] Built target topic_tools_generate_messages_py
[0.825s] [ 33%] Built target pcl_msgs_generate_messages_nodejs
[0.829s] [ 33%] Built target sensor_msgs_generate_messages_py
[0.832s] [ 33%] Built target geometry_msgs_generate_messages_eus
[0.845s] [ 33%] Built target std_msgs_generate_messages_cpp
[0.850s] [ 33%] Built target jsk_footstep_msgs_generate_messages_cpp
[0.861s] [ 33%] Built target jsk_footstep_msgs_generate_messages_eus
[0.867s] [ 33%] Built target geometry_msgs_generate_messages_lisp
[0.879s] [ 33%] Built target std_srvs_generate_messages_eus
[0.880s] [ 33%] Built target pcl_msgs_generate_messages_cpp
[0.887s] [ 33%] Built target visualization_msgs_generate_messages_lisp
[0.890s] [ 33%] Built target vector_map_server_generate_messages_lisp
[0.892s] [ 33%] Built target autoware_msgs_generate_messages_lisp
[0.892s] [ 33%] Built target autoware_msgs_generate_messages_eus
[0.907s] [ 33%] Built target std_msgs_generate_messages_eus
[0.912s] [ 33%] Built target jsk_footstep_msgs_generate_messages_lisp
[0.912s] [ 33%] Built target jsk_recognition_msgs_generate_messages_nodejs
[0.916s] [ 33%] Built target jsk_footstep_msgs_generate_messages_nodejs
[0.929s] [ 33%] Built target actionlib_msgs_generate_messages_lisp
[0.933s] [ 33%] Built target tf_generate_messages_nodejs
[0.935s] [ 33%] Built target actionlib_msgs_generate_messages_cpp
[0.936s] [ 33%] Built target rosgraph_msgs_generate_messages_lisp
[0.938s] [ 33%] Built target actionlib_msgs_generate_messages_py
[0.942s] [ 33%] Built target jsk_recognition_msgs_generate_messages_cpp
[0.956s] [ 33%] Built target rosgraph_msgs_generate_messages_py
[0.957s] [ 66%] Built target roscpp_generate_messages_eus
[0.957s] [ 66%] Built target op_perception_simulator
[0.957s] [ 66%] Built target tf_generate_messages_eus
[0.957s] [ 66%] Built target roscpp_generate_messages_lisp
[0.965s] [ 66%] Built target tf_generate_messages_lisp
[0.967s] [ 66%] Built target pcl_msgs_generate_messages_py
[0.981s] [ 66%] Built target rosgraph_msgs_generate_messages_nodejs
[0.989s] [ 66%] Built target roscpp_generate_messages_py
[0.994s] [ 66%] Built target tf_generate_messages_cpp
[0.994s] [ 66%] Built target vector_map_server_generate_messages_py
[0.998s] [ 66%] Built target actionlib_msgs_generate_messages_eus
[1.004s] [ 66%] Built target dynamic_reconfigure_gencfg
[1.009s] [ 66%] Built target pcl_msgs_generate_messages_lisp
[1.009s] [ 66%] Built target tf2_msgs_generate_messages_lisp
[1.013s] [ 66%] Built target actionlib_generate_messages_eus
[1.016s] [ 66%] Built target visualization_msgs_generate_messages_eus
[1.016s] [ 66%] Built target actionlib_generate_messages_nodejs
[1.017s] [ 66%] Built target actionlib_generate_messages_lisp
[1.022s] [ 66%] Built target visualization_msgs_generate_messages_py
[1.023s] [ 66%] Built target geometry_msgs_generate_messages_cpp
[1.024s] [ 66%] Built target actionlib_generate_messages_py
[1.025s] [ 66%] Built target tf2_msgs_generate_messages_py
[1.027s] [ 66%] Built target vector_map_msgs_generate_messages_cpp
[1.027s] [ 66%] Built target tf2_msgs_generate_messages_nodejs
[1.027s] [ 66%] Built target tf2_msgs_generate_messages_eus
[1.028s] [ 66%] Built target vector_map_server_generate_messages_cpp
[1.029s] [ 66%] Built target visualization_msgs_generate_messages_cpp
[1.078s] [100%] Built target op_car_simulator
[1.101s] Invoked command in '/home/autoware/Autoware/build/op_simulation_package' returned '0': CMAKE_PREFIX_PATH=/home/autoware/Autoware/install/op_ros_helpers:/home/autoware/Autoware/install/op_simu:/home/autoware/Autoware/install/op_planner:/home/autoware/Autoware/install/op_utility:/home/autoware/Autoware/install/map_file:/home/autoware/Autoware/install/vector_map_server:/home/autoware/Autoware/install/libwaypoint_follower:/home/autoware/Autoware/install/lanelet2_extension:/home/autoware/Autoware/install/vector_map:/home/autoware/Autoware/install/amathutils_lib:/home/autoware/Autoware/install/vector_map_msgs:/home/autoware/Autoware/install/autoware_msgs:/home/autoware/Autoware/install/autoware_lanelet2_msgs:/home/autoware/Autoware/install/autoware_build_flags:${CMAKE_PREFIX_PATH} LD_LIBRARY_PATH=/home/autoware/Autoware/install/op_ros_helpers/lib:/home/autoware/Autoware/install/op_simu/lib:/home/autoware/Autoware/install/op_planner/lib:/home/autoware/Autoware/install/op_utility/lib:/home/autoware/Autoware/install/map_file/lib:/home/autoware/Autoware/install/libwaypoint_follower/lib:/home/autoware/Autoware/install/lanelet2_extension/lib:/home/autoware/Autoware/install/vector_map/lib:/home/autoware/Autoware/install/amathutils_lib/lib:${LD_LIBRARY_PATH} PKG_CONFIG_PATH=/home/autoware/Autoware/install/op_ros_helpers/lib/x86_64-linux-gnu/pkgconfig:/home/autoware/Autoware/install/op_ros_helpers/lib/pkgconfig:/home/autoware/Autoware/install/op_simu/lib/x86_64-linux-gnu/pkgconfig:/home/autoware/Autoware/install/op_simu/lib/pkgconfig:/home/autoware/Autoware/install/op_planner/lib/x86_64-linux-gnu/pkgconfig:/home/autoware/Autoware/install/op_planner/lib/pkgconfig:/home/autoware/Autoware/install/op_utility/lib/x86_64-linux-gnu/pkgconfig:/home/autoware/Autoware/install/op_utility/lib/pkgconfig:/home/autoware/Autoware/install/map_file/lib/x86_64-linux-gnu/pkgconfig:/home/autoware/Autoware/install/map_file/lib/pkgconfig:/home/autoware/Autoware/install/vector_map_server/lib/x86_64-linux-gnu/pkgconfig:/home/autoware/Autoware/install/vector_map_server/lib/pkgconfig:/home/autoware/Autoware/install/libwaypoint_follower/lib/x86_64-linux-gnu/pkgconfig:/home/autoware/Autoware/install/libwaypoint_follower/lib/pkgconfig:/home/autoware/Autoware/install/lanelet2_extension/lib/x86_64-linux-gnu/pkgconfig:/home/autoware/Autoware/install/lanelet2_extension/lib/pkgconfig:/home/autoware/Autoware/install/vector_map/lib/x86_64-linux-gnu/pkgconfig:/home/autoware/Autoware/install/vector_map/lib/pkgconfig:/home/autoware/Autoware/install/amathutils_lib/lib/x86_64-linux-gnu/pkgconfig:/home/autoware/Autoware/install/amathutils_lib/lib/pkgconfig:/home/autoware/Autoware/install/vector_map_msgs/lib/x86_64-linux-gnu/pkgconfig:/home/autoware/Autoware/install/vector_map_msgs/lib/pkgconfig:/home/autoware/Autoware/install/autoware_msgs/lib/x86_64-linux-gnu/pkgconfig:/home/autoware/Autoware/install/autoware_msgs/lib/pkgconfig:/home/autoware/Autoware/install/autoware_lanelet2_msgs/lib/x86_64-linux-gnu/pkgconfig:/home/autoware/Autoware/install/autoware_lanelet2_msgs/lib/pkgconfig:/home/autoware/Autoware/install/autoware_build_flags/lib/x86_64-linux-gnu/pkgconfig:/home/autoware/Autoware/install/autoware_build_flags/lib/pkgconfig:${PKG_CONFIG_PATH} PYTHONPATH=/home/autoware/Autoware/install/vector_map_server/lib/python2.7/dist-packages:/home/autoware/Autoware/install/vector_map_msgs/lib/python2.7/dist-packages:/home/autoware/Autoware/install/autoware_msgs/lib/python2.7/dist-packages:/home/autoware/Autoware/install/autoware_lanelet2_msgs/lib/python2.7/dist-packages:${PYTHONPATH} ROS_PACKAGE_PATH=/home/autoware/Autoware/install/op_ros_helpers/share:/home/autoware/Autoware/install/op_simu/share:/home/autoware/Autoware/install/op_planner/share:/home/autoware/Autoware/install/op_utility/share:/home/autoware/Autoware/install/map_file/share:/home/autoware/Autoware/install/vector_map_server/share:/home/autoware/Autoware/install/libwaypoint_follower/share:/home/autoware/Autoware/install/lanelet2_extension/share:/home/autoware/Autoware/install/vector_map/share:/home/autoware/Autoware/install/amathutils_lib/share:/home/autoware/Autoware/install/vector_map_msgs/share:/home/autoware/Autoware/install/autoware_msgs/share:/home/autoware/Autoware/install/autoware_lanelet2_msgs/share:/home/autoware/Autoware/install/autoware_build_flags/share:${ROS_PACKAGE_PATH} /usr/bin/cmake --build /home/autoware/Autoware/build/op_simulation_package -- -j32 -l32
[1.232s] Invoking command in '/home/autoware/Autoware/build/op_simulation_package': CMAKE_PREFIX_PATH=/home/autoware/Autoware/install/op_ros_helpers:/home/autoware/Autoware/install/op_simu:/home/autoware/Autoware/install/op_planner:/home/autoware/Autoware/install/op_utility:/home/autoware/Autoware/install/map_file:/home/autoware/Autoware/install/vector_map_server:/home/autoware/Autoware/install/libwaypoint_follower:/home/autoware/Autoware/install/lanelet2_extension:/home/autoware/Autoware/install/vector_map:/home/autoware/Autoware/install/amathutils_lib:/home/autoware/Autoware/install/vector_map_msgs:/home/autoware/Autoware/install/autoware_msgs:/home/autoware/Autoware/install/autoware_lanelet2_msgs:/home/autoware/Autoware/install/autoware_build_flags:${CMAKE_PREFIX_PATH} LD_LIBRARY_PATH=/home/autoware/Autoware/install/op_ros_helpers/lib:/home/autoware/Autoware/install/op_simu/lib:/home/autoware/Autoware/install/op_planner/lib:/home/autoware/Autoware/install/op_utility/lib:/home/autoware/Autoware/install/map_file/lib:/home/autoware/Autoware/install/libwaypoint_follower/lib:/home/autoware/Autoware/install/lanelet2_extension/lib:/home/autoware/Autoware/install/vector_map/lib:/home/autoware/Autoware/install/amathutils_lib/lib:${LD_LIBRARY_PATH} PKG_CONFIG_PATH=/home/autoware/Autoware/install/op_ros_helpers/lib/x86_64-linux-gnu/pkgconfig:/home/autoware/Autoware/install/op_ros_helpers/lib/pkgconfig:/home/autoware/Autoware/install/op_simu/lib/x86_64-linux-gnu/pkgconfig:/home/autoware/Autoware/install/op_simu/lib/pkgconfig:/home/autoware/Autoware/install/op_planner/lib/x86_64-linux-gnu/pkgconfig:/home/autoware/Autoware/install/op_planner/lib/pkgconfig:/home/autoware/Autoware/install/op_utility/lib/x86_64-linux-gnu/pkgconfig:/home/autoware/Autoware/install/op_utility/lib/pkgconfig:/home/autoware/Autoware/install/map_file/lib/x86_64-linux-gnu/pkgconfig:/home/autoware/Autoware/install/map_file/lib/pkgconfig:/home/autoware/Autoware/install/vector_map_server/lib/x86_64-linux-gnu/pkgconfig:/home/autoware/Autoware/install/vector_map_server/lib/pkgconfig:/home/autoware/Autoware/install/libwaypoint_follower/lib/x86_64-linux-gnu/pkgconfig:/home/autoware/Autoware/install/libwaypoint_follower/lib/pkgconfig:/home/autoware/Autoware/install/lanelet2_extension/lib/x86_64-linux-gnu/pkgconfig:/home/autoware/Autoware/install/lanelet2_extension/lib/pkgconfig:/home/autoware/Autoware/install/vector_map/lib/x86_64-linux-gnu/pkgconfig:/home/autoware/Autoware/install/vector_map/lib/pkgconfig:/home/autoware/Autoware/install/amathutils_lib/lib/x86_64-linux-gnu/pkgconfig:/home/autoware/Autoware/install/amathutils_lib/lib/pkgconfig:/home/autoware/Autoware/install/vector_map_msgs/lib/x86_64-linux-gnu/pkgconfig:/home/autoware/Autoware/install/vector_map_msgs/lib/pkgconfig:/home/autoware/Autoware/install/autoware_msgs/lib/x86_64-linux-gnu/pkgconfig:/home/autoware/Autoware/install/autoware_msgs/lib/pkgconfig:/home/autoware/Autoware/install/autoware_lanelet2_msgs/lib/x86_64-linux-gnu/pkgconfig:/home/autoware/Autoware/install/autoware_lanelet2_msgs/lib/pkgconfig:/home/autoware/Autoware/install/autoware_build_flags/lib/x86_64-linux-gnu/pkgconfig:/home/autoware/Autoware/install/autoware_build_flags/lib/pkgconfig:${PKG_CONFIG_PATH} PYTHONPATH=/home/autoware/Autoware/install/vector_map_server/lib/python2.7/dist-packages:/home/autoware/Autoware/install/vector_map_msgs/lib/python2.7/dist-packages:/home/autoware/Autoware/install/autoware_msgs/lib/python2.7/dist-packages:/home/autoware/Autoware/install/autoware_lanelet2_msgs/lib/python2.7/dist-packages:${PYTHONPATH} ROS_PACKAGE_PATH=/home/autoware/Autoware/install/op_ros_helpers/share:/home/autoware/Autoware/install/op_simu/share:/home/autoware/Autoware/install/op_planner/share:/home/autoware/Autoware/install/op_utility/share:/home/autoware/Autoware/install/map_file/share:/home/autoware/Autoware/install/vector_map_server/share:/home/autoware/Autoware/install/libwaypoint_follower/share:/home/autoware/Autoware/install/lanelet2_extension/share:/home/autoware/Autoware/install/vector_map/share:/home/autoware/Autoware/install/amathutils_lib/share:/home/autoware/Autoware/install/vector_map_msgs/share:/home/autoware/Autoware/install/autoware_msgs/share:/home/autoware/Autoware/install/autoware_lanelet2_msgs/share:/home/autoware/Autoware/install/autoware_build_flags/share:${ROS_PACKAGE_PATH} /usr/bin/cmake --build /home/autoware/Autoware/build/op_simulation_package --target tests -- -j32 -l32
[1.328s] Built target tests
[1.342s] Invoked command in '/home/autoware/Autoware/build/op_simulation_package' returned '0': CMAKE_PREFIX_PATH=/home/autoware/Autoware/install/op_ros_helpers:/home/autoware/Autoware/install/op_simu:/home/autoware/Autoware/install/op_planner:/home/autoware/Autoware/install/op_utility:/home/autoware/Autoware/install/map_file:/home/autoware/Autoware/install/vector_map_server:/home/autoware/Autoware/install/libwaypoint_follower:/home/autoware/Autoware/install/lanelet2_extension:/home/autoware/Autoware/install/vector_map:/home/autoware/Autoware/install/amathutils_lib:/home/autoware/Autoware/install/vector_map_msgs:/home/autoware/Autoware/install/autoware_msgs:/home/autoware/Autoware/install/autoware_lanelet2_msgs:/home/autoware/Autoware/install/autoware_build_flags:${CMAKE_PREFIX_PATH} LD_LIBRARY_PATH=/home/autoware/Autoware/install/op_ros_helpers/lib:/home/autoware/Autoware/install/op_simu/lib:/home/autoware/Autoware/install/op_planner/lib:/home/autoware/Autoware/install/op_utility/lib:/home/autoware/Autoware/install/map_file/lib:/home/autoware/Autoware/install/libwaypoint_follower/lib:/home/autoware/Autoware/install/lanelet2_extension/lib:/home/autoware/Autoware/install/vector_map/lib:/home/autoware/Autoware/install/amathutils_lib/lib:${LD_LIBRARY_PATH} PKG_CONFIG_PATH=/home/autoware/Autoware/install/op_ros_helpers/lib/x86_64-linux-gnu/pkgconfig:/home/autoware/Autoware/install/op_ros_helpers/lib/pkgconfig:/home/autoware/Autoware/install/op_simu/lib/x86_64-linux-gnu/pkgconfig:/home/autoware/Autoware/install/op_simu/lib/pkgconfig:/home/autoware/Autoware/install/op_planner/lib/x86_64-linux-gnu/pkgconfig:/home/autoware/Autoware/install/op_planner/lib/pkgconfig:/home/autoware/Autoware/install/op_utility/lib/x86_64-linux-gnu/pkgconfig:/home/autoware/Autoware/install/op_utility/lib/pkgconfig:/home/autoware/Autoware/install/map_file/lib/x86_64-linux-gnu/pkgconfig:/home/autoware/Autoware/install/map_file/lib/pkgconfig:/home/autoware/Autoware/install/vector_map_server/lib/x86_64-linux-gnu/pkgconfig:/home/autoware/Autoware/install/vector_map_server/lib/pkgconfig:/home/autoware/Autoware/install/libwaypoint_follower/lib/x86_64-linux-gnu/pkgconfig:/home/autoware/Autoware/install/libwaypoint_follower/lib/pkgconfig:/home/autoware/Autoware/install/lanelet2_extension/lib/x86_64-linux-gnu/pkgconfig:/home/autoware/Autoware/install/lanelet2_extension/lib/pkgconfig:/home/autoware/Autoware/install/vector_map/lib/x86_64-linux-gnu/pkgconfig:/home/autoware/Autoware/install/vector_map/lib/pkgconfig:/home/autoware/Autoware/install/amathutils_lib/lib/x86_64-linux-gnu/pkgconfig:/home/autoware/Autoware/install/amathutils_lib/lib/pkgconfig:/home/autoware/Autoware/install/vector_map_msgs/lib/x86_64-linux-gnu/pkgconfig:/home/autoware/Autoware/install/vector_map_msgs/lib/pkgconfig:/home/autoware/Autoware/install/autoware_msgs/lib/x86_64-linux-gnu/pkgconfig:/home/autoware/Autoware/install/autoware_msgs/lib/pkgconfig:/home/autoware/Autoware/install/autoware_lanelet2_msgs/lib/x86_64-linux-gnu/pkgconfig:/home/autoware/Autoware/install/autoware_lanelet2_msgs/lib/pkgconfig:/home/autoware/Autoware/install/autoware_build_flags/lib/x86_64-linux-gnu/pkgconfig:/home/autoware/Autoware/install/autoware_build_flags/lib/pkgconfig:${PKG_CONFIG_PATH} PYTHONPATH=/home/autoware/Autoware/install/vector_map_server/lib/python2.7/dist-packages:/home/autoware/Autoware/install/vector_map_msgs/lib/python2.7/dist-packages:/home/autoware/Autoware/install/autoware_msgs/lib/python2.7/dist-packages:/home/autoware/Autoware/install/autoware_lanelet2_msgs/lib/python2.7/dist-packages:${PYTHONPATH} ROS_PACKAGE_PATH=/home/autoware/Autoware/install/op_ros_helpers/share:/home/autoware/Autoware/install/op_simu/share:/home/autoware/Autoware/install/op_planner/share:/home/autoware/Autoware/install/op_utility/share:/home/autoware/Autoware/install/map_file/share:/home/autoware/Autoware/install/vector_map_server/share:/home/autoware/Autoware/install/libwaypoint_follower/share:/home/autoware/Autoware/install/lanelet2_extension/share:/home/autoware/Autoware/install/vector_map/share:/home/autoware/Autoware/install/amathutils_lib/share:/home/autoware/Autoware/install/vector_map_msgs/share:/home/autoware/Autoware/install/autoware_msgs/share:/home/autoware/Autoware/install/autoware_lanelet2_msgs/share:/home/autoware/Autoware/install/autoware_build_flags/share:${ROS_PACKAGE_PATH} /usr/bin/cmake --build /home/autoware/Autoware/build/op_simulation_package --target tests -- -j32 -l32
[1.642s] Invoking command in '/home/autoware/Autoware/build/op_simulation_package': CMAKE_PREFIX_PATH=/home/autoware/Autoware/install/op_ros_helpers:/home/autoware/Autoware/install/op_simu:/home/autoware/Autoware/install/op_planner:/home/autoware/Autoware/install/op_utility:/home/autoware/Autoware/install/map_file:/home/autoware/Autoware/install/vector_map_server:/home/autoware/Autoware/install/libwaypoint_follower:/home/autoware/Autoware/install/lanelet2_extension:/home/autoware/Autoware/install/vector_map:/home/autoware/Autoware/install/amathutils_lib:/home/autoware/Autoware/install/vector_map_msgs:/home/autoware/Autoware/install/autoware_msgs:/home/autoware/Autoware/install/autoware_lanelet2_msgs:/home/autoware/Autoware/install/autoware_build_flags:${CMAKE_PREFIX_PATH} LD_LIBRARY_PATH=/home/autoware/Autoware/install/op_ros_helpers/lib:/home/autoware/Autoware/install/op_simu/lib:/home/autoware/Autoware/install/op_planner/lib:/home/autoware/Autoware/install/op_utility/lib:/home/autoware/Autoware/install/map_file/lib:/home/autoware/Autoware/install/libwaypoint_follower/lib:/home/autoware/Autoware/install/lanelet2_extension/lib:/home/autoware/Autoware/install/vector_map/lib:/home/autoware/Autoware/install/amathutils_lib/lib:${LD_LIBRARY_PATH} PKG_CONFIG_PATH=/home/autoware/Autoware/install/op_ros_helpers/lib/x86_64-linux-gnu/pkgconfig:/home/autoware/Autoware/install/op_ros_helpers/lib/pkgconfig:/home/autoware/Autoware/install/op_simu/lib/x86_64-linux-gnu/pkgconfig:/home/autoware/Autoware/install/op_simu/lib/pkgconfig:/home/autoware/Autoware/install/op_planner/lib/x86_64-linux-gnu/pkgconfig:/home/autoware/Autoware/install/op_planner/lib/pkgconfig:/home/autoware/Autoware/install/op_utility/lib/x86_64-linux-gnu/pkgconfig:/home/autoware/Autoware/install/op_utility/lib/pkgconfig:/home/autoware/Autoware/install/map_file/lib/x86_64-linux-gnu/pkgconfig:/home/autoware/Autoware/install/map_file/lib/pkgconfig:/home/autoware/Autoware/install/vector_map_server/lib/x86_64-linux-gnu/pkgconfig:/home/autoware/Autoware/install/vector_map_server/lib/pkgconfig:/home/autoware/Autoware/install/libwaypoint_follower/lib/x86_64-linux-gnu/pkgconfig:/home/autoware/Autoware/install/libwaypoint_follower/lib/pkgconfig:/home/autoware/Autoware/install/lanelet2_extension/lib/x86_64-linux-gnu/pkgconfig:/home/autoware/Autoware/install/lanelet2_extension/lib/pkgconfig:/home/autoware/Autoware/install/vector_map/lib/x86_64-linux-gnu/pkgconfig:/home/autoware/Autoware/install/vector_map/lib/pkgconfig:/home/autoware/Autoware/install/amathutils_lib/lib/x86_64-linux-gnu/pkgconfig:/home/autoware/Autoware/install/amathutils_lib/lib/pkgconfig:/home/autoware/Autoware/install/vector_map_msgs/lib/x86_64-linux-gnu/pkgconfig:/home/autoware/Autoware/install/vector_map_msgs/lib/pkgconfig:/home/autoware/Autoware/install/autoware_msgs/lib/x86_64-linux-gnu/pkgconfig:/home/autoware/Autoware/install/autoware_msgs/lib/pkgconfig:/home/autoware/Autoware/install/autoware_lanelet2_msgs/lib/x86_64-linux-gnu/pkgconfig:/home/autoware/Autoware/install/autoware_lanelet2_msgs/lib/pkgconfig:/home/autoware/Autoware/install/autoware_build_flags/lib/x86_64-linux-gnu/pkgconfig:/home/autoware/Autoware/install/autoware_build_flags/lib/pkgconfig:${PKG_CONFIG_PATH} PYTHONPATH=/home/autoware/Autoware/install/vector_map_server/lib/python2.7/dist-packages:/home/autoware/Autoware/install/vector_map_msgs/lib/python2.7/dist-packages:/home/autoware/Autoware/install/autoware_msgs/lib/python2.7/dist-packages:/home/autoware/Autoware/install/autoware_lanelet2_msgs/lib/python2.7/dist-packages:${PYTHONPATH} ROS_PACKAGE_PATH=/home/autoware/Autoware/install/op_ros_helpers/share:/home/autoware/Autoware/install/op_simu/share:/home/autoware/Autoware/install/op_planner/share:/home/autoware/Autoware/install/op_utility/share:/home/autoware/Autoware/install/map_file/share:/home/autoware/Autoware/install/vector_map_server/share:/home/autoware/Autoware/install/libwaypoint_follower/share:/home/autoware/Autoware/install/lanelet2_extension/share:/home/autoware/Autoware/install/vector_map/share:/home/autoware/Autoware/install/amathutils_lib/share:/home/autoware/Autoware/install/vector_map_msgs/share:/home/autoware/Autoware/install/autoware_msgs/share:/home/autoware/Autoware/install/autoware_lanelet2_msgs/share:/home/autoware/Autoware/install/autoware_build_flags/share:${ROS_PACKAGE_PATH} /usr/bin/cmake --build /home/autoware/Autoware/build/op_simulation_package --target install -- -j32 -l32
[1.836s] [  0%] Built target topic_tools_generate_messages_nodejs
[1.845s] [  0%] Built target bond_generate_messages_py
[1.847s] [  0%] Built target dynamic_reconfigure_generate_messages_eus
[1.848s] [  0%] Built target roscpp_generate_messages_cpp
[1.849s] [  0%] Built target nodelet_generate_messages_eus
[1.860s] [  0%] Built target nodelet_generate_messages_cpp
[1.861s] [  0%] Built target vector_map_msgs_generate_messages_py
[1.862s] [  0%] Built target sensor_msgs_generate_messages_nodejs
[1.863s] [  0%] Built target pcl_ros_gencfg
[1.867s] [  0%] Built target topic_tools_generate_messages_eus
[1.869s] [  0%] Built target topic_tools_generate_messages_cpp
[1.872s] [  0%] Built target pcl_msgs_generate_messages_eus
[1.874s] [  0%] Built target bond_generate_messages_lisp
[1.877s] [  0%] Built target rosgraph_msgs_generate_messages_eus
[1.877s] [  0%] Built target dynamic_reconfigure_generate_messages_py
[1.879s] [  0%] Built target vector_map_msgs_generate_messages_lisp
[1.879s] [  0%] Built target geometry_msgs_generate_messages_py
[1.881s] [  0%] Built target vector_map_msgs_generate_messages_eus
[1.881s] [  0%] Built target nodelet_generate_messages_nodejs
[1.883s] [  0%] Built target vector_map_server_generate_messages_nodejs
[1.884s] [  0%] Built target actionlib_generate_messages_cpp
[1.885s] [  0%] Built target vector_map_server_generate_messages_eus
[1.886s] [  0%] Built target dynamic_reconfigure_generate_messages_nodejs
[1.888s] [  0%] Built target dynamic_reconfigure_generate_messages_lisp
[1.890s] [  0%] Built target std_srvs_generate_messages_nodejs
[1.890s] [  0%] Built target std_srvs_generate_messages_py
[1.891s] [  0%] Built target bond_generate_messages_nodejs
[1.893s] [  0%] Built target vector_map_msgs_generate_messages_nodejs
[1.896s] [  0%] Built target jsk_recognition_msgs_generate_messages_lisp
[1.910s] [  0%] Built target bond_generate_messages_cpp
[1.915s] [  0%] Built target bond_generate_messages_eus
[1.921s] [ 33%] Built target op_signs_simulator
[1.923s] [ 33%] Built target jsk_recognition_msgs_generate_messages_eus
[1.933s] [ 33%] Built target std_srvs_generate_messages_lisp
[1.936s] [ 33%] Built target rosgraph_msgs_generate_messages_cpp
[1.939s] [ 33%] Built target std_msgs_generate_messages_py
[1.940s] [ 33%] Built target std_msgs_generate_messages_nodejs
[1.941s] [ 33%] Built target sensor_msgs_generate_messages_eus
[1.944s] [ 33%] Built target sensor_msgs_generate_messages_py
[1.944s] [ 33%] Built target nodelet_generate_messages_lisp
[1.944s] [ 33%] Built target tf2_msgs_generate_messages_cpp
[1.945s] [ 33%] Built target sensor_msgs_generate_messages_lisp
[1.946s] [ 33%] Built target autoware_msgs_generate_messages_py
[1.947s] [ 33%] Built target sensor_msgs_generate_messages_cpp
[1.947s] [ 33%] Built target pcl_msgs_generate_messages_nodejs
[1.948s] [ 33%] Built target visualization_msgs_generate_messages_nodejs
[1.950s] [ 33%] Built target nodelet_topic_tools_gencfg
[1.950s] [ 33%] Built target std_msgs_generate_messages_lisp
[1.952s] [ 33%] Built target topic_tools_generate_messages_py
[1.953s] [ 33%] Built target actionlib_msgs_generate_messages_nodejs
[1.956s] [ 33%] Built target nodelet_generate_messages_py
[1.958s] [ 33%] Built target jsk_recognition_msgs_generate_messages_py
[1.959s] [ 33%] Built target autoware_msgs_generate_messages_cpp
[1.962s] [ 33%] Built target std_srvs_generate_messages_cpp
[1.962s] [ 33%] Built target geometry_msgs_generate_messages_eus
[1.962s] [ 33%] Built target _catkin_empty_exported_target
[1.962s] [ 33%] Built target jsk_footstep_msgs_generate_messages_py
[1.962s] [ 33%] Built target tf_generate_messages_py
[1.962s] [ 33%] Built target roscpp_generate_messages_nodejs
[1.963s] [ 33%] Built target dynamic_reconfigure_generate_messages_cpp
[1.967s] [ 33%] Built target geometry_msgs_generate_messages_nodejs
[1.967s] [ 33%] Built target std_msgs_generate_messages_cpp
[1.976s] [ 33%] Built target geometry_msgs_generate_messages_lisp
[1.977s] [ 33%] Built target pcl_msgs_generate_messages_cpp
[1.986s] [ 33%] Built target topic_tools_generate_messages_lisp
[1.991s] [ 33%] Built target jsk_recognition_msgs_generate_messages_cpp
[1.991s] [ 33%] Built target autoware_msgs_generate_messages_nodejs
[1.992s] [ 33%] Built target autoware_msgs_generate_messages_eus
[1.994s] [ 33%] Built target jsk_footstep_msgs_generate_messages_eus
[1.994s] [ 33%] Built target autoware_msgs_generate_messages_lisp
[1.995s] [ 33%] Built target std_msgs_generate_messages_eus
[1.996s] [ 33%] Built target visualization_msgs_generate_messages_lisp
[1.997s] [ 33%] Built target jsk_footstep_msgs_generate_messages_nodejs
[1.998s] [ 33%] Built target actionlib_msgs_generate_messages_lisp
[2.000s] [ 33%] Built target actionlib_msgs_generate_messages_cpp
[2.001s] [ 33%] Built target jsk_footstep_msgs_generate_messages_lisp
[2.002s] [ 33%] Built target actionlib_msgs_generate_messages_py
[2.002s] [ 33%] Built target jsk_footstep_msgs_generate_messages_cpp
[2.003s] [ 66%] Built target op_perception_simulator
[2.004s] [ 66%] Built target jsk_recognition_msgs_generate_messages_nodejs
[2.004s] [ 66%] Built target roscpp_generate_messages_lisp
[2.004s] [ 66%] Built target vector_map_server_generate_messages_lisp
[2.005s] [ 66%] Built target tf_generate_messages_eus
[2.005s] [ 66%] Built target rosgraph_msgs_generate_messages_lisp
[2.006s] [ 66%] Built target roscpp_generate_messages_py
[2.007s] [ 66%] Built target tf_generate_messages_nodejs
[2.007s] [ 66%] Built target std_srvs_generate_messages_eus
[2.008s] [ 66%] Built target tf_generate_messages_lisp
[2.009s] [ 66%] Built target vector_map_server_generate_messages_py
[2.010s] [ 66%] Built target rosgraph_msgs_generate_messages_nodejs
[2.011s] [ 66%] Built target actionlib_msgs_generate_messages_eus
[2.011s] [ 66%] Built target roscpp_generate_messages_eus
[2.016s] [ 66%] Built target pcl_msgs_generate_messages_py
[2.019s] [ 66%] Built target rosgraph_msgs_generate_messages_py
[2.020s] [ 66%] Built target geometry_msgs_generate_messages_cpp
[2.021s] [ 66%] Built target actionlib_generate_messages_eus
[2.058s] [ 66%] Built target actionlib_generate_messages_lisp
[2.058s] [ 66%] Built target pcl_msgs_generate_messages_lisp
[2.058s] [ 66%] Built target tf2_msgs_generate_messages_nodejs
[2.058s] [ 66%] Built target actionlib_generate_messages_nodejs
[2.058s] [ 66%] Built target tf_generate_messages_cpp
[2.058s] [ 66%] Built target tf2_msgs_generate_messages_py
[2.058s] [ 66%] Built target dynamic_reconfigure_gencfg
[2.059s] [ 66%] Built target tf2_msgs_generate_messages_lisp
[2.059s] [ 66%] Built target visualization_msgs_generate_messages_cpp
[2.059s] [ 66%] Built target vector_map_server_generate_messages_cpp
[2.059s] [ 66%] Built target visualization_msgs_generate_messages_eus
[2.059s] [ 66%] Built target actionlib_generate_messages_py
[2.059s] [ 66%] Built target visualization_msgs_generate_messages_py
[2.059s] [ 66%] Built target tf2_msgs_generate_messages_eus
[2.059s] [ 66%] Built target vector_map_msgs_generate_messages_cpp
[2.150s] [100%] Built target op_car_simulator
[2.188s] Install the project...
[2.205s] -- Install configuration: "Release"
[2.205s] -- Up-to-date: /home/autoware/Autoware/install/op_simulation_package/lib/pkgconfig/op_simulation_package.pc
[2.206s] -- Up-to-date: /home/autoware/Autoware/install/op_simulation_package/share/op_simulation_package/cmake/op_simulation_packageConfig.cmake
[2.207s] -- Up-to-date: /home/autoware/Autoware/install/op_simulation_package/share/op_simulation_package/cmake/op_simulation_packageConfig-version.cmake
[2.208s] -- Up-to-date: /home/autoware/Autoware/install/op_simulation_package/share/op_simulation_package/package.xml
[2.209s] -- Up-to-date: /home/autoware/Autoware/install/op_simulation_package/lib/op_simulation_package/op_car_simulator
[2.211s] -- Up-to-date: /home/autoware/Autoware/install/op_simulation_package/lib/op_simulation_package/op_perception_simulator
[2.213s] -- Up-to-date: /home/autoware/Autoware/install/op_simulation_package/lib/op_simulation_package/op_signs_simulator
[2.215s] -- Up-to-date: /home/autoware/Autoware/install/op_simulation_package/share/op_simulation_package/launch
[2.215s] -- Up-to-date: /home/autoware/Autoware/install/op_simulation_package/share/op_simulation_package/launch/op_car_simulator_5.launch
[2.216s] -- Up-to-date: /home/autoware/Autoware/install/op_simulation_package/share/op_simulation_package/launch/op_car_simulator_2.launch
[2.217s] -- Up-to-date: /home/autoware/Autoware/install/op_simulation_package/share/op_simulation_package/launch/op_perception_simulator.launch
[2.218s] -- Up-to-date: /home/autoware/Autoware/install/op_simulation_package/share/op_simulation_package/launch/op_car_simulator_1.launch
[2.218s] -- Up-to-date: /home/autoware/Autoware/install/op_simulation_package/share/op_simulation_package/launch/op_car_simulator_4.launch
[2.219s] -- Up-to-date: /home/autoware/Autoware/install/op_simulation_package/share/op_simulation_package/launch/op_car_simulator_3.launch
[2.220s] -- Up-to-date: /home/autoware/Autoware/install/op_simulation_package/share/op_simulation_package/launch/op_signs_simulator.launch
[2.225s] Invoked command in '/home/autoware/Autoware/build/op_simulation_package' returned '0': CMAKE_PREFIX_PATH=/home/autoware/Autoware/install/op_ros_helpers:/home/autoware/Autoware/install/op_simu:/home/autoware/Autoware/install/op_planner:/home/autoware/Autoware/install/op_utility:/home/autoware/Autoware/install/map_file:/home/autoware/Autoware/install/vector_map_server:/home/autoware/Autoware/install/libwaypoint_follower:/home/autoware/Autoware/install/lanelet2_extension:/home/autoware/Autoware/install/vector_map:/home/autoware/Autoware/install/amathutils_lib:/home/autoware/Autoware/install/vector_map_msgs:/home/autoware/Autoware/install/autoware_msgs:/home/autoware/Autoware/install/autoware_lanelet2_msgs:/home/autoware/Autoware/install/autoware_build_flags:${CMAKE_PREFIX_PATH} LD_LIBRARY_PATH=/home/autoware/Autoware/install/op_ros_helpers/lib:/home/autoware/Autoware/install/op_simu/lib:/home/autoware/Autoware/install/op_planner/lib:/home/autoware/Autoware/install/op_utility/lib:/home/autoware/Autoware/install/map_file/lib:/home/autoware/Autoware/install/libwaypoint_follower/lib:/home/autoware/Autoware/install/lanelet2_extension/lib:/home/autoware/Autoware/install/vector_map/lib:/home/autoware/Autoware/install/amathutils_lib/lib:${LD_LIBRARY_PATH} PKG_CONFIG_PATH=/home/autoware/Autoware/install/op_ros_helpers/lib/x86_64-linux-gnu/pkgconfig:/home/autoware/Autoware/install/op_ros_helpers/lib/pkgconfig:/home/autoware/Autoware/install/op_simu/lib/x86_64-linux-gnu/pkgconfig:/home/autoware/Autoware/install/op_simu/lib/pkgconfig:/home/autoware/Autoware/install/op_planner/lib/x86_64-linux-gnu/pkgconfig:/home/autoware/Autoware/install/op_planner/lib/pkgconfig:/home/autoware/Autoware/install/op_utility/lib/x86_64-linux-gnu/pkgconfig:/home/autoware/Autoware/install/op_utility/lib/pkgconfig:/home/autoware/Autoware/install/map_file/lib/x86_64-linux-gnu/pkgconfig:/home/autoware/Autoware/install/map_file/lib/pkgconfig:/home/autoware/Autoware/install/vector_map_server/lib/x86_64-linux-gnu/pkgconfig:/home/autoware/Autoware/install/vector_map_server/lib/pkgconfig:/home/autoware/Autoware/install/libwaypoint_follower/lib/x86_64-linux-gnu/pkgconfig:/home/autoware/Autoware/install/libwaypoint_follower/lib/pkgconfig:/home/autoware/Autoware/install/lanelet2_extension/lib/x86_64-linux-gnu/pkgconfig:/home/autoware/Autoware/install/lanelet2_extension/lib/pkgconfig:/home/autoware/Autoware/install/vector_map/lib/x86_64-linux-gnu/pkgconfig:/home/autoware/Autoware/install/vector_map/lib/pkgconfig:/home/autoware/Autoware/install/amathutils_lib/lib/x86_64-linux-gnu/pkgconfig:/home/autoware/Autoware/install/amathutils_lib/lib/pkgconfig:/home/autoware/Autoware/install/vector_map_msgs/lib/x86_64-linux-gnu/pkgconfig:/home/autoware/Autoware/install/vector_map_msgs/lib/pkgconfig:/home/autoware/Autoware/install/autoware_msgs/lib/x86_64-linux-gnu/pkgconfig:/home/autoware/Autoware/install/autoware_msgs/lib/pkgconfig:/home/autoware/Autoware/install/autoware_lanelet2_msgs/lib/x86_64-linux-gnu/pkgconfig:/home/autoware/Autoware/install/autoware_lanelet2_msgs/lib/pkgconfig:/home/autoware/Autoware/install/autoware_build_flags/lib/x86_64-linux-gnu/pkgconfig:/home/autoware/Autoware/install/autoware_build_flags/lib/pkgconfig:${PKG_CONFIG_PATH} PYTHONPATH=/home/autoware/Autoware/install/vector_map_server/lib/python2.7/dist-packages:/home/autoware/Autoware/install/vector_map_msgs/lib/python2.7/dist-packages:/home/autoware/Autoware/install/autoware_msgs/lib/python2.7/dist-packages:/home/autoware/Autoware/install/autoware_lanelet2_msgs/lib/python2.7/dist-packages:${PYTHONPATH} ROS_PACKAGE_PATH=/home/autoware/Autoware/install/op_ros_helpers/share:/home/autoware/Autoware/install/op_simu/share:/home/autoware/Autoware/install/op_planner/share:/home/autoware/Autoware/install/op_utility/share:/home/autoware/Autoware/install/map_file/share:/home/autoware/Autoware/install/vector_map_server/share:/home/autoware/Autoware/install/libwaypoint_follower/share:/home/autoware/Autoware/install/lanelet2_extension/share:/home/autoware/Autoware/install/vector_map/share:/home/autoware/Autoware/install/amathutils_lib/share:/home/autoware/Autoware/install/vector_map_msgs/share:/home/autoware/Autoware/install/autoware_msgs/share:/home/autoware/Autoware/install/autoware_lanelet2_msgs/share:/home/autoware/Autoware/install/autoware_build_flags/share:${ROS_PACKAGE_PATH} /usr/bin/cmake --build /home/autoware/Autoware/build/op_simulation_package --target install -- -j32 -l32
