[0.628s] Invoking command in '/home/autoware/Autoware/build/adi_driver': CMAKE_PREFIX_PATH=/home/autoware/Autoware/install/autoware_build_flags:${CMAKE_PREFIX_PATH} PKG_CONFIG_PATH=/home/autoware/Autoware/install/autoware_build_flags/lib/x86_64-linux-gnu/pkgconfig:/home/autoware/Autoware/install/autoware_build_flags/lib/pkgconfig:${PKG_CONFIG_PATH} ROS_PACKAGE_PATH=/home/autoware/Autoware/install/autoware_build_flags/share:${ROS_PACKAGE_PATH} /usr/bin/cmake --build /home/autoware/Autoware/build/adi_driver -- -j32 -l32
[0.818s] [ 50%] Built target adis16470_node
[0.818s] [100%] Built target adxl345_node
[0.876s] Invoked command in '/home/autoware/Autoware/build/adi_driver' returned '0': CMAKE_PREFIX_PATH=/home/autoware/Autoware/install/autoware_build_flags:${CMAKE_PREFIX_PATH} PKG_CONFIG_PATH=/home/autoware/Autoware/install/autoware_build_flags/lib/x86_64-linux-gnu/pkgconfig:/home/autoware/Autoware/install/autoware_build_flags/lib/pkgconfig:${PKG_CONFIG_PATH} ROS_PACKAGE_PATH=/home/autoware/Autoware/install/autoware_build_flags/share:${ROS_PACKAGE_PATH} /usr/bin/cmake --build /home/autoware/Autoware/build/adi_driver -- -j32 -l32
[1.149s] Invoking command in '/home/autoware/Autoware/build/adi_driver': CMAKE_PREFIX_PATH=/home/autoware/Autoware/install/autoware_build_flags:${CMAKE_PREFIX_PATH} PKG_CONFIG_PATH=/home/autoware/Autoware/install/autoware_build_flags/lib/x86_64-linux-gnu/pkgconfig:/home/autoware/Autoware/install/autoware_build_flags/lib/pkgconfig:${PKG_CONFIG_PATH} ROS_PACKAGE_PATH=/home/autoware/Autoware/install/autoware_build_flags/share:${ROS_PACKAGE_PATH} /usr/bin/cmake --build /home/autoware/Autoware/build/adi_driver --target tests -- -j32 -l32
[1.288s] Built target tests
[1.336s] Invoked command in '/home/autoware/Autoware/build/adi_driver' returned '0': CMAKE_PREFIX_PATH=/home/autoware/Autoware/install/autoware_build_flags:${CMAKE_PREFIX_PATH} PKG_CONFIG_PATH=/home/autoware/Autoware/install/autoware_build_flags/lib/x86_64-linux-gnu/pkgconfig:/home/autoware/Autoware/install/autoware_build_flags/lib/pkgconfig:${PKG_CONFIG_PATH} ROS_PACKAGE_PATH=/home/autoware/Autoware/install/autoware_build_flags/share:${ROS_PACKAGE_PATH} /usr/bin/cmake --build /home/autoware/Autoware/build/adi_driver --target tests -- -j32 -l32
[1.545s] Invoking command in '/home/autoware/Autoware/build/adi_driver': CMAKE_PREFIX_PATH=/home/autoware/Autoware/install/autoware_build_flags:${CMAKE_PREFIX_PATH} PKG_CONFIG_PATH=/home/autoware/Autoware/install/autoware_build_flags/lib/x86_64-linux-gnu/pkgconfig:/home/autoware/Autoware/install/autoware_build_flags/lib/pkgconfig:${PKG_CONFIG_PATH} ROS_PACKAGE_PATH=/home/autoware/Autoware/install/autoware_build_flags/share:${ROS_PACKAGE_PATH} /usr/bin/cmake --build /home/autoware/Autoware/build/adi_driver --target install -- -j32 -l32
[1.702s] [ 50%] Built target adxl345_node
[1.702s] [100%] Built target adis16470_node
[1.702s] Install the project...
[1.702s] -- Install configuration: "Release"
[1.702s] -- Up-to-date: /home/autoware/Autoware/install/adi_driver/lib/pkgconfig/adi_driver.pc
[1.811s] -- Up-to-date: /home/autoware/Autoware/install/adi_driver/share/adi_driver/cmake/adi_driverConfig.cmake
[1.811s] -- Up-to-date: /home/autoware/Autoware/install/adi_driver/share/adi_driver/cmake/adi_driverConfig-version.cmake
[1.811s] -- Up-to-date: /home/autoware/Autoware/install/adi_driver/share/adi_driver/package.xml
[1.811s] -- Up-to-date: /home/autoware/Autoware/install/adi_driver/lib/adi_driver/adis16470_node
[1.811s] -- Up-to-date: /home/autoware/Autoware/install/adi_driver/lib/adi_driver/adxl345_node
[1.811s] -- Up-to-date: /home/autoware/Autoware/install/adi_driver/include/adi_driver
[1.811s] -- Up-to-date: /home/autoware/Autoware/install/adi_driver/include/adi_driver/adxl345.h
[1.811s] -- Up-to-date: /home/autoware/Autoware/install/adi_driver/include/adi_driver/adis16470.h
[1.811s] -- Up-to-date: /home/autoware/Autoware/install/adi_driver/share/adi_driver/launch
[1.825s] -- Up-to-date: /home/autoware/Autoware/install/adi_driver/share/adi_driver/launch/imu.rviz
[1.825s] -- Up-to-date: /home/autoware/Autoware/install/adi_driver/share/adi_driver/launch/adis16470.launch
[1.825s] -- Up-to-date: /home/autoware/Autoware/install/adi_driver/share/adi_driver/launch/adxl345.launch
[1.825s] -- Up-to-date: /home/autoware/Autoware/install/adi_driver/share/adi_driver/test
[1.825s] -- Up-to-date: /home/autoware/Autoware/install/adi_driver/share/adi_driver/test/test_adis16470.py
[1.825s] -- Up-to-date: /home/autoware/Autoware/install/adi_driver/share/adi_driver/test/test_adxl345.py
[1.825s] -- Up-to-date: /home/autoware/Autoware/install/adi_driver/share/adi_driver/urdf
[1.826s] -- Up-to-date: /home/autoware/Autoware/install/adi_driver/share/adi_driver/urdf/adis16470_breakout.urdf
[2.015s] Invoked command in '/home/autoware/Autoware/build/adi_driver' returned '0': CMAKE_PREFIX_PATH=/home/autoware/Autoware/install/autoware_build_flags:${CMAKE_PREFIX_PATH} PKG_CONFIG_PATH=/home/autoware/Autoware/install/autoware_build_flags/lib/x86_64-linux-gnu/pkgconfig:/home/autoware/Autoware/install/autoware_build_flags/lib/pkgconfig:${PKG_CONFIG_PATH} ROS_PACKAGE_PATH=/home/autoware/Autoware/install/autoware_build_flags/share:${ROS_PACKAGE_PATH} /usr/bin/cmake --build /home/autoware/Autoware/build/adi_driver --target install -- -j32 -l32
