[0.571s] Invoking command in '/home/autoware/Autoware/build/multi_lidar_calibrator': CMAKE_PREFIX_PATH=/home/autoware/Autoware/install/autoware_build_flags:${CMAKE_PREFIX_PATH} PKG_CONFIG_PATH=/home/autoware/Autoware/install/autoware_build_flags/lib/x86_64-linux-gnu/pkgconfig:/home/autoware/Autoware/install/autoware_build_flags/lib/pkgconfig:${PKG_CONFIG_PATH} ROS_PACKAGE_PATH=/home/autoware/Autoware/install/autoware_build_flags/share:${ROS_PACKAGE_PATH} /usr/bin/cmake --build /home/autoware/Autoware/build/multi_lidar_calibrator -- -j32 -l32
[1.398s] [ 50%] Built target multi_lidar_calibrator_lib
[1.603s] [100%] Built target multi_lidar_calibrator
[1.666s] Invoked command in '/home/autoware/Autoware/build/multi_lidar_calibrator' returned '0': CMAKE_PREFIX_PATH=/home/autoware/Autoware/install/autoware_build_flags:${CMAKE_PREFIX_PATH} PKG_CONFIG_PATH=/home/autoware/Autoware/install/autoware_build_flags/lib/x86_64-linux-gnu/pkgconfig:/home/autoware/Autoware/install/autoware_build_flags/lib/pkgconfig:${PKG_CONFIG_PATH} ROS_PACKAGE_PATH=/home/autoware/Autoware/install/autoware_build_flags/share:${ROS_PACKAGE_PATH} /usr/bin/cmake --build /home/autoware/Autoware/build/multi_lidar_calibrator -- -j32 -l32
[2.187s] Invoking command in '/home/autoware/Autoware/build/multi_lidar_calibrator': CMAKE_PREFIX_PATH=/home/autoware/Autoware/install/autoware_build_flags:${CMAKE_PREFIX_PATH} PKG_CONFIG_PATH=/home/autoware/Autoware/install/autoware_build_flags/lib/x86_64-linux-gnu/pkgconfig:/home/autoware/Autoware/install/autoware_build_flags/lib/pkgconfig:${PKG_CONFIG_PATH} ROS_PACKAGE_PATH=/home/autoware/Autoware/install/autoware_build_flags/share:${ROS_PACKAGE_PATH} /usr/bin/cmake --build /home/autoware/Autoware/build/multi_lidar_calibrator --target tests -- -j32 -l32
[2.340s] Built target tests
[2.414s] Invoked command in '/home/autoware/Autoware/build/multi_lidar_calibrator' returned '0': CMAKE_PREFIX_PATH=/home/autoware/Autoware/install/autoware_build_flags:${CMAKE_PREFIX_PATH} PKG_CONFIG_PATH=/home/autoware/Autoware/install/autoware_build_flags/lib/x86_64-linux-gnu/pkgconfig:/home/autoware/Autoware/install/autoware_build_flags/lib/pkgconfig:${PKG_CONFIG_PATH} ROS_PACKAGE_PATH=/home/autoware/Autoware/install/autoware_build_flags/share:${ROS_PACKAGE_PATH} /usr/bin/cmake --build /home/autoware/Autoware/build/multi_lidar_calibrator --target tests -- -j32 -l32
[3.041s] Invoking command in '/home/autoware/Autoware/build/multi_lidar_calibrator': CMAKE_PREFIX_PATH=/home/autoware/Autoware/install/autoware_build_flags:${CMAKE_PREFIX_PATH} PKG_CONFIG_PATH=/home/autoware/Autoware/install/autoware_build_flags/lib/x86_64-linux-gnu/pkgconfig:/home/autoware/Autoware/install/autoware_build_flags/lib/pkgconfig:${PKG_CONFIG_PATH} ROS_PACKAGE_PATH=/home/autoware/Autoware/install/autoware_build_flags/share:${ROS_PACKAGE_PATH} /usr/bin/cmake --build /home/autoware/Autoware/build/multi_lidar_calibrator --target install -- -j32 -l32
[3.309s] [ 50%] Built target multi_lidar_calibrator_lib
[3.380s] [100%] Built target multi_lidar_calibrator
[3.380s] Install the project...
[3.478s] -- Install configuration: "Release"
[3.479s] -- Up-to-date: /home/autoware/Autoware/install/multi_lidar_calibrator/lib/pkgconfig/multi_lidar_calibrator.pc
[3.479s] -- Up-to-date: /home/autoware/Autoware/install/multi_lidar_calibrator/share/multi_lidar_calibrator/cmake/multi_lidar_calibratorConfig.cmake
[3.479s] -- Up-to-date: /home/autoware/Autoware/install/multi_lidar_calibrator/share/multi_lidar_calibrator/cmake/multi_lidar_calibratorConfig-version.cmake
[3.479s] -- Up-to-date: /home/autoware/Autoware/install/multi_lidar_calibrator/share/multi_lidar_calibrator/package.xml
[3.479s] -- Up-to-date: /home/autoware/Autoware/install/multi_lidar_calibrator/lib/multi_lidar_calibrator/multi_lidar_calibrator
[3.479s] -- Up-to-date: /home/autoware/Autoware/install/multi_lidar_calibrator/lib/libmulti_lidar_calibrator_lib.so
[3.479s] -- Up-to-date: /home/autoware/Autoware/install/multi_lidar_calibrator/share/multi_lidar_calibrator/launch
[3.479s] -- Up-to-date: /home/autoware/Autoware/install/multi_lidar_calibrator/share/multi_lidar_calibrator/launch/multi_lidar_calibrator.launch
[3.633s] Invoked command in '/home/autoware/Autoware/build/multi_lidar_calibrator' returned '0': CMAKE_PREFIX_PATH=/home/autoware/Autoware/install/autoware_build_flags:${CMAKE_PREFIX_PATH} PKG_CONFIG_PATH=/home/autoware/Autoware/install/autoware_build_flags/lib/x86_64-linux-gnu/pkgconfig:/home/autoware/Autoware/install/autoware_build_flags/lib/pkgconfig:${PKG_CONFIG_PATH} ROS_PACKAGE_PATH=/home/autoware/Autoware/install/autoware_build_flags/share:${ROS_PACKAGE_PATH} /usr/bin/cmake --build /home/autoware/Autoware/build/multi_lidar_calibrator --target install -- -j32 -l32
