[0.446s] Invoking command in '/home/autoware/Autoware/build/sick_ldmrs_driver': CMAKE_PREFIX_PATH=/home/autoware/Autoware/install/sick_ldmrs_msgs:/home/autoware/Autoware/install/sick_ldmrs_description:${CMAKE_PREFIX_PATH} PKG_CONFIG_PATH=/home/autoware/Autoware/install/sick_ldmrs_msgs/lib/x86_64-linux-gnu/pkgconfig:/home/autoware/Autoware/install/sick_ldmrs_msgs/lib/pkgconfig:/home/autoware/Autoware/install/sick_ldmrs_description/lib/x86_64-linux-gnu/pkgconfig:/home/autoware/Autoware/install/sick_ldmrs_description/lib/pkgconfig:${PKG_CONFIG_PATH} PYTHONPATH=/home/autoware/Autoware/install/sick_ldmrs_msgs/lib/python2.7/dist-packages:${PYTHONPATH} ROS_PACKAGE_PATH=/home/autoware/Autoware/install/sick_ldmrs_msgs/share:/home/autoware/Autoware/install/sick_ldmrs_description/share:${ROS_PACKAGE_PATH} /usr/bin/cmake --build /home/autoware/Autoware/build/sick_ldmrs_driver -- -j32 -l32
[0.620s] [  0%] Built target rosgraph_msgs_generate_messages_lisp
[0.620s] [  0%] Built target dynamic_reconfigure_generate_messages_py
[0.620s] [  0%] Built target rosgraph_msgs_generate_messages_cpp
[0.620s] [  0%] Built target pcl_msgs_generate_messages_cpp
[0.620s] [  0%] Built target pcl_msgs_generate_messages_eus
[0.621s] [  0%] Built target rosgraph_msgs_generate_messages_eus
[0.621s] [  0%] Built target sensor_msgs_generate_messages_lisp
[0.621s] [  0%] Built target actionlib_msgs_generate_messages_lisp
[0.621s] [  0%] Built target geometry_msgs_generate_messages_eus
[0.621s] [  0%] Built target dynamic_reconfigure_generate_messages_lisp
[0.621s] [  0%] Built target pcl_msgs_generate_messages_nodejs
[0.621s] [  0%] Built target rosgraph_msgs_generate_messages_nodejs
[0.621s] [  0%] Built target diagnostic_msgs_generate_messages_nodejs
[0.621s] [  0%] Built target sick_ldmrs_msgs_generate_messages_lisp
[0.621s] [  0%] Built target sick_ldmrs_msgs_generate_messages_nodejs
[0.622s] [  0%] Built target std_msgs_generate_messages_nodejs
[0.622s] [  0%] Built target dynamic_reconfigure_generate_messages_nodejs
[0.622s] [  0%] Built target roscpp_generate_messages_py
[0.622s] [  0%] Built target std_msgs_generate_messages_py
[0.622s] [  0%] Built target std_msgs_generate_messages_lisp
[0.622s] [  0%] Built target actionlib_msgs_generate_messages_nodejs
[0.622s] [  0%] Built target sick_ldmrs_msgs_generate_messages_eus
[0.622s] [  0%] Built target geometry_msgs_generate_messages_nodejs
[0.622s] [  1%] Built target sick_ldmrs_driver_gencfg
[0.622s] [  1%] Built target diagnostic_msgs_generate_messages_eus
[0.623s] [  1%] Built target std_msgs_generate_messages_cpp
[0.623s] [  1%] Built target roscpp_generate_messages_lisp
[0.623s] [  1%] Built target dynamic_reconfigure_generate_messages_eus
[0.623s] [  1%] Built target roscpp_generate_messages_nodejs
[0.623s] [  1%] Built target diagnostic_msgs_generate_messages_lisp
[0.623s] [  1%] Built target diagnostic_msgs_generate_messages_py
[0.623s] [ 49%] Built target sick_ldmrs
[0.623s] [ 49%] Built target sensor_msgs_generate_messages_nodejs
[0.623s] [ 49%] Built target roscpp_generate_messages_cpp
[0.624s] [ 49%] Built target diagnostic_msgs_generate_messages_cpp
[0.624s] [ 49%] Built target sick_ldmrs_msgs_generate_messages_cpp
[0.624s] [ 49%] Built target sensor_msgs_generate_messages_cpp
[0.624s] [ 49%] Built target tf_generate_messages_py
[0.624s] [ 49%] Built target geometry_msgs_generate_messages_lisp
[0.625s] [ 49%] Built target tf_generate_messages_lisp
[0.625s] [ 49%] Built target sensor_msgs_generate_messages_py
[0.625s] [ 49%] Built target dynamic_reconfigure_generate_messages_cpp
[0.625s] [ 49%] Built target sensor_msgs_generate_messages_eus
[0.626s] [ 49%] Built target pcl_msgs_generate_messages_py
[0.626s] [ 49%] Built target dynamic_reconfigure_gencfg
[0.626s] [ 49%] Built target geometry_msgs_generate_messages_py
[0.626s] [ 49%] Built target actionlib_generate_messages_cpp
[0.626s] [ 49%] Built target actionlib_generate_messages_eus
[0.626s] [ 49%] Built target tf_generate_messages_nodejs
[0.626s] [ 49%] Built target geometry_msgs_generate_messages_cpp
[0.626s] [ 49%] Built target tf_generate_messages_cpp
[0.626s] [ 49%] Built target tf2_msgs_generate_messages_py
[0.628s] [ 49%] Built target actionlib_generate_messages_nodejs
[0.629s] [ 49%] Built target sick_ldmrs_msgs_generate_messages_py
[0.629s] [ 49%] Built target actionlib_generate_messages_py
[0.629s] [ 49%] Built target actionlib_generate_messages_lisp
[0.629s] [ 49%] Built target actionlib_msgs_generate_messages_cpp
[0.629s] [ 49%] Built target tf_generate_messages_eus
[0.629s] [ 49%] Built target actionlib_msgs_generate_messages_eus
[0.629s] [ 49%] Built target pcl_msgs_generate_messages_lisp
[0.630s] [ 49%] Built target roscpp_generate_messages_eus
[0.630s] [ 49%] Built target tf2_msgs_generate_messages_lisp
[0.630s] [ 49%] Built target actionlib_msgs_generate_messages_py
[0.630s] [ 49%] Built target tf2_msgs_generate_messages_cpp
[0.630s] [ 49%] Built target rosgraph_msgs_generate_messages_py
[0.630s] [ 49%] Built target tf2_msgs_generate_messages_eus
[0.668s] [ 49%] Built target std_msgs_generate_messages_eus
[0.668s] [ 49%] Built target tf2_msgs_generate_messages_nodejs
[0.668s] [ 97%] Built target LDMRS_Example
[0.751s] [100%] Built target sick_ldmrs_node
[0.825s] Invoked command in '/home/autoware/Autoware/build/sick_ldmrs_driver' returned '0': CMAKE_PREFIX_PATH=/home/autoware/Autoware/install/sick_ldmrs_msgs:/home/autoware/Autoware/install/sick_ldmrs_description:${CMAKE_PREFIX_PATH} PKG_CONFIG_PATH=/home/autoware/Autoware/install/sick_ldmrs_msgs/lib/x86_64-linux-gnu/pkgconfig:/home/autoware/Autoware/install/sick_ldmrs_msgs/lib/pkgconfig:/home/autoware/Autoware/install/sick_ldmrs_description/lib/x86_64-linux-gnu/pkgconfig:/home/autoware/Autoware/install/sick_ldmrs_description/lib/pkgconfig:${PKG_CONFIG_PATH} PYTHONPATH=/home/autoware/Autoware/install/sick_ldmrs_msgs/lib/python2.7/dist-packages:${PYTHONPATH} ROS_PACKAGE_PATH=/home/autoware/Autoware/install/sick_ldmrs_msgs/share:/home/autoware/Autoware/install/sick_ldmrs_description/share:${ROS_PACKAGE_PATH} /usr/bin/cmake --build /home/autoware/Autoware/build/sick_ldmrs_driver -- -j32 -l32
[1.002s] Invoking command in '/home/autoware/Autoware/build/sick_ldmrs_driver': CMAKE_PREFIX_PATH=/home/autoware/Autoware/install/sick_ldmrs_msgs:/home/autoware/Autoware/install/sick_ldmrs_description:${CMAKE_PREFIX_PATH} PKG_CONFIG_PATH=/home/autoware/Autoware/install/sick_ldmrs_msgs/lib/x86_64-linux-gnu/pkgconfig:/home/autoware/Autoware/install/sick_ldmrs_msgs/lib/pkgconfig:/home/autoware/Autoware/install/sick_ldmrs_description/lib/x86_64-linux-gnu/pkgconfig:/home/autoware/Autoware/install/sick_ldmrs_description/lib/pkgconfig:${PKG_CONFIG_PATH} PYTHONPATH=/home/autoware/Autoware/install/sick_ldmrs_msgs/lib/python2.7/dist-packages:${PYTHONPATH} ROS_PACKAGE_PATH=/home/autoware/Autoware/install/sick_ldmrs_msgs/share:/home/autoware/Autoware/install/sick_ldmrs_description/share:${ROS_PACKAGE_PATH} /usr/bin/cmake --build /home/autoware/Autoware/build/sick_ldmrs_driver --target tests -- -j32 -l32
[1.205s] Built target tests
[1.259s] Invoked command in '/home/autoware/Autoware/build/sick_ldmrs_driver' returned '0': CMAKE_PREFIX_PATH=/home/autoware/Autoware/install/sick_ldmrs_msgs:/home/autoware/Autoware/install/sick_ldmrs_description:${CMAKE_PREFIX_PATH} PKG_CONFIG_PATH=/home/autoware/Autoware/install/sick_ldmrs_msgs/lib/x86_64-linux-gnu/pkgconfig:/home/autoware/Autoware/install/sick_ldmrs_msgs/lib/pkgconfig:/home/autoware/Autoware/install/sick_ldmrs_description/lib/x86_64-linux-gnu/pkgconfig:/home/autoware/Autoware/install/sick_ldmrs_description/lib/pkgconfig:${PKG_CONFIG_PATH} PYTHONPATH=/home/autoware/Autoware/install/sick_ldmrs_msgs/lib/python2.7/dist-packages:${PYTHONPATH} ROS_PACKAGE_PATH=/home/autoware/Autoware/install/sick_ldmrs_msgs/share:/home/autoware/Autoware/install/sick_ldmrs_description/share:${ROS_PACKAGE_PATH} /usr/bin/cmake --build /home/autoware/Autoware/build/sick_ldmrs_driver --target tests -- -j32 -l32
[1.602s] Invoking command in '/home/autoware/Autoware/build/sick_ldmrs_driver': CMAKE_PREFIX_PATH=/home/autoware/Autoware/install/sick_ldmrs_msgs:/home/autoware/Autoware/install/sick_ldmrs_description:${CMAKE_PREFIX_PATH} PKG_CONFIG_PATH=/home/autoware/Autoware/install/sick_ldmrs_msgs/lib/x86_64-linux-gnu/pkgconfig:/home/autoware/Autoware/install/sick_ldmrs_msgs/lib/pkgconfig:/home/autoware/Autoware/install/sick_ldmrs_description/lib/x86_64-linux-gnu/pkgconfig:/home/autoware/Autoware/install/sick_ldmrs_description/lib/pkgconfig:${PKG_CONFIG_PATH} PYTHONPATH=/home/autoware/Autoware/install/sick_ldmrs_msgs/lib/python2.7/dist-packages:${PYTHONPATH} ROS_PACKAGE_PATH=/home/autoware/Autoware/install/sick_ldmrs_msgs/share:/home/autoware/Autoware/install/sick_ldmrs_description/share:${ROS_PACKAGE_PATH} /usr/bin/cmake --build /home/autoware/Autoware/build/sick_ldmrs_driver --target install -- -j32 -l32
[1.979s] [  0%] Built target dynamic_reconfigure_generate_messages_lisp
[1.980s] [  1%] Built target sick_ldmrs_driver_gencfg
[1.980s] [  1%] Built target geometry_msgs_generate_messages_eus
[1.980s] [  1%] Built target dynamic_reconfigure_generate_messages_py
[1.980s] [  1%] Built target rosgraph_msgs_generate_messages_lisp
[1.980s] [  1%] Built target pcl_msgs_generate_messages_nodejs
[1.983s] [  1%] Built target rosgraph_msgs_generate_messages_eus
[1.983s] [  1%] Built target diagnostic_msgs_generate_messages_py
[1.983s] [  1%] Built target dynamic_reconfigure_generate_messages_eus
[1.985s] [  1%] Built target rosgraph_msgs_generate_messages_cpp
[1.985s] [  1%] Built target roscpp_generate_messages_py
[1.985s] [  1%] Built target roscpp_generate_messages_nodejs
[1.985s] [  1%] Built target std_msgs_generate_messages_cpp
[1.985s] [  1%] Built target sick_ldmrs_msgs_generate_messages_lisp
[1.985s] [  1%] Built target sick_ldmrs_msgs_generate_messages_nodejs
[1.986s] [  1%] Built target pcl_msgs_generate_messages_eus
[1.987s] [  1%] Built target dynamic_reconfigure_generate_messages_nodejs
[1.988s] [  1%] Built target sensor_msgs_generate_messages_lisp
[1.988s] [  1%] Built target actionlib_msgs_generate_messages_nodejs
[1.988s] [  1%] Built target std_msgs_generate_messages_nodejs
[1.988s] [  1%] Built target pcl_msgs_generate_messages_cpp
[1.989s] [  1%] Built target diagnostic_msgs_generate_messages_lisp
[1.989s] [  1%] Built target geometry_msgs_generate_messages_nodejs
[1.989s] [  1%] Built target rosgraph_msgs_generate_messages_nodejs
[1.989s] [  1%] Built target diagnostic_msgs_generate_messages_nodejs
[1.990s] [  1%] Built target diagnostic_msgs_generate_messages_eus
[1.990s] [  1%] Built target roscpp_generate_messages_lisp
[1.990s] [  1%] Built target std_msgs_generate_messages_lisp
[1.991s] [  1%] Built target std_msgs_generate_messages_py
[1.991s] [  1%] Built target sick_ldmrs_msgs_generate_messages_eus
[1.991s] [  1%] Built target actionlib_msgs_generate_messages_lisp
[1.991s] [ 49%] Built target sick_ldmrs
[1.992s] [ 49%] Built target sensor_msgs_generate_messages_eus
[1.993s] [ 49%] Built target roscpp_generate_messages_cpp
[1.993s] [ 49%] Built target actionlib_generate_messages_cpp
[1.993s] [ 49%] Built target sensor_msgs_generate_messages_py
[1.994s] [ 49%] Built target sensor_msgs_generate_messages_cpp
[1.994s] [ 49%] Built target tf2_msgs_generate_messages_lisp
[1.994s] [ 49%] Built target diagnostic_msgs_generate_messages_cpp
[1.994s] [ 49%] Built target actionlib_generate_messages_eus
[1.995s] [ 49%] Built target dynamic_reconfigure_generate_messages_cpp
[1.995s] [ 49%] Built target sick_ldmrs_msgs_generate_messages_cpp
[1.995s] [ 49%] Built target pcl_msgs_generate_messages_py
[1.995s] [ 49%] Built target sensor_msgs_generate_messages_nodejs
[1.996s] [ 49%] Built target tf_generate_messages_py
[1.996s] [ 49%] Built target dynamic_reconfigure_gencfg
[1.996s] [ 49%] Built target actionlib_generate_messages_lisp
[1.997s] [ 49%] Built target pcl_msgs_generate_messages_lisp
[1.998s] [ 49%] Built target geometry_msgs_generate_messages_cpp
[1.998s] [ 49%] Built target geometry_msgs_generate_messages_py
[1.998s] [ 49%] Built target tf_generate_messages_nodejs
[1.998s] [ 49%] Built target tf_generate_messages_lisp
[1.999s] [ 49%] Built target tf2_msgs_generate_messages_py
[1.999s] [ 49%] Built target actionlib_msgs_generate_messages_cpp
[1.999s] [ 49%] Built target geometry_msgs_generate_messages_lisp
[2.000s] [ 49%] Built target rosgraph_msgs_generate_messages_py
[2.000s] [ 49%] Built target tf_generate_messages_cpp
[2.000s] [ 49%] Built target actionlib_generate_messages_nodejs
[2.000s] [ 49%] Built target tf_generate_messages_eus
[2.000s] [ 49%] Built target sick_ldmrs_msgs_generate_messages_py
[2.001s] [ 49%] Built target actionlib_msgs_generate_messages_eus
[2.001s] [ 49%] Built target roscpp_generate_messages_eus
[2.001s] [ 49%] Built target actionlib_generate_messages_py
[2.001s] [ 49%] Built target actionlib_msgs_generate_messages_py
[2.003s] [ 49%] Built target tf2_msgs_generate_messages_nodejs
[2.003s] [ 49%] Built target std_msgs_generate_messages_eus
[2.003s] [ 49%] Built target tf2_msgs_generate_messages_eus
[2.003s] [ 49%] Built target tf2_msgs_generate_messages_cpp
[2.004s] [ 97%] Built target LDMRS_Example
[2.004s] [100%] Built target sick_ldmrs_node
[2.004s] Install the project...
[2.004s] -- Install configuration: "Release"
[2.004s] -- Up-to-date: /home/autoware/Autoware/install/sick_ldmrs_driver/include/sick_ldmrs_driver/SickLDMRSDriverConfig.h
[2.004s] -- Up-to-date: /home/autoware/Autoware/install/sick_ldmrs_driver/lib/python2.7/dist-packages/sick_ldmrs_driver/__init__.py
[2.005s] Listing /home/autoware/Autoware/build/sick_ldmrs_driver/devel/lib/python2.7/dist-packages/sick_ldmrs_driver/cfg ...
[2.006s] -- Up-to-date: /home/autoware/Autoware/install/sick_ldmrs_driver/lib/python2.7/dist-packages/sick_ldmrs_driver/cfg
[2.006s] -- Up-to-date: /home/autoware/Autoware/install/sick_ldmrs_driver/lib/python2.7/dist-packages/sick_ldmrs_driver/cfg/__init__.py
[2.006s] -- Up-to-date: /home/autoware/Autoware/install/sick_ldmrs_driver/lib/python2.7/dist-packages/sick_ldmrs_driver/cfg/SickLDMRSDriverConfig.py
[2.006s] -- Up-to-date: /home/autoware/Autoware/install/sick_ldmrs_driver/lib/python2.7/dist-packages/sick_ldmrs_driver/cfg/__init__.pyc
[2.007s] -- Up-to-date: /home/autoware/Autoware/install/sick_ldmrs_driver/lib/python2.7/dist-packages/sick_ldmrs_driver/cfg/SickLDMRSDriverConfig.pyc
[2.007s] -- Up-to-date: /home/autoware/Autoware/install/sick_ldmrs_driver/lib/pkgconfig/sick_ldmrs_driver.pc
[2.007s] -- Up-to-date: /home/autoware/Autoware/install/sick_ldmrs_driver/share/sick_ldmrs_driver/cmake/sick_ldmrs_driverConfig.cmake
[2.007s] -- Up-to-date: /home/autoware/Autoware/install/sick_ldmrs_driver/share/sick_ldmrs_driver/cmake/sick_ldmrs_driverConfig-version.cmake
[2.007s] -- Up-to-date: /home/autoware/Autoware/install/sick_ldmrs_driver/share/sick_ldmrs_driver/package.xml
[2.007s] -- Up-to-date: /home/autoware/Autoware/install/sick_ldmrs_driver/include/sick_ldmrs_driver
[2.008s] -- Up-to-date: /home/autoware/Autoware/install/sick_ldmrs_driver/include/sick_ldmrs_driver/sick_ldmrs_node.hpp
[2.008s] -- Up-to-date: /home/autoware/Autoware/install/sick_ldmrs_driver/lib/sick_ldmrs_driver/sick_ldmrs_node
[2.008s] -- Up-to-date: /home/autoware/Autoware/install/sick_ldmrs_driver/share/sick_ldmrs_driver/config
[2.008s] -- Up-to-date: /home/autoware/Autoware/install/sick_ldmrs_driver/share/sick_ldmrs_driver/config/analyzers.yaml
[2.009s] -- Up-to-date: /home/autoware/Autoware/install/sick_ldmrs_driver/share/sick_ldmrs_driver/launch
[2.009s] -- Up-to-date: /home/autoware/Autoware/install/sick_ldmrs_driver/share/sick_ldmrs_driver/launch/sick_ldmrs_node.launch
[2.009s] -- Up-to-date: /home/autoware/Autoware/install/sick_ldmrs_driver/share/sick_ldmrs_driver/launch/sick_ldmrs_node_with_aggregator.launch
[2.010s] -- Up-to-date: /home/autoware/Autoware/install/sick_ldmrs_driver/share/sick_ldmrs_driver/launch/sick_ldmrs.launch
[2.010s] -- Up-to-date: /home/autoware/Autoware/install/sick_ldmrs_driver/lib/cmake/SickLDMRS/SickLDMRSConfig.cmake
[2.011s] -- Up-to-date: /home/autoware/Autoware/install/sick_ldmrs_driver/lib/cmake/SickLDMRS/SickLDMRSConfigVersion.cmake
[2.011s] -- Up-to-date: /home/autoware/Autoware/install/sick_ldmrs_driver/lib/cmake/SickLDMRS/SickLDMRSTargets.cmake
[2.011s] -- Up-to-date: /home/autoware/Autoware/install/sick_ldmrs_driver/lib/cmake/SickLDMRS/SickLDMRSTargets-release.cmake
[2.011s] -- Up-to-date: /home/autoware/Autoware/install/sick_ldmrs_driver/share/sick_ldmrs/package.xml
[2.012s] -- Up-to-date: /home/autoware/Autoware/install/sick_ldmrs_driver/bin/LDMRS_Example
[2.012s] -- Up-to-date: /home/autoware/Autoware/install/sick_ldmrs_driver/lib/libsick_ldmrs.so.0.1.0
[2.012s] -- Up-to-date: /home/autoware/Autoware/install/sick_ldmrs_driver/lib/libsick_ldmrs.so.0
[2.012s] -- Up-to-date: /home/autoware/Autoware/install/sick_ldmrs_driver/lib/libsick_ldmrs.so
[2.012s] -- Up-to-date: /home/autoware/Autoware/install/sick_ldmrs_driver/include/sick_ldmrs/.
[2.012s] -- Up-to-date: /home/autoware/Autoware/install/sick_ldmrs_driver/include/sick_ldmrs/./devices
[2.013s] -- Up-to-date: /home/autoware/Autoware/install/sick_ldmrs_driver/include/sick_ldmrs/./devices/BasicDevice.hpp
[2.013s] -- Up-to-date: /home/autoware/Autoware/install/sick_ldmrs_driver/include/sick_ldmrs/./devices/LuxBase.hpp
[2.013s] -- Up-to-date: /home/autoware/Autoware/install/sick_ldmrs_driver/include/sick_ldmrs/./devices/LD_MRS.hpp
[2.013s] -- Up-to-date: /home/autoware/Autoware/install/sick_ldmrs_driver/include/sick_ldmrs/./tools
[2.013s] -- Up-to-date: /home/autoware/Autoware/install/sick_ldmrs_driver/include/sick_ldmrs/./tools/Time.hpp
[2.015s] -- Up-to-date: /home/autoware/Autoware/install/sick_ldmrs_driver/include/sick_ldmrs/./tools/Timer.hpp
[2.015s] -- Up-to-date: /home/autoware/Autoware/install/sick_ldmrs_driver/include/sick_ldmrs/./tools/Mutex.hpp
[2.015s] -- Up-to-date: /home/autoware/Autoware/install/sick_ldmrs_driver/include/sick_ldmrs/./tools/toolbox.hpp
[2.016s] -- Up-to-date: /home/autoware/Autoware/install/sick_ldmrs_driver/include/sick_ldmrs/./tools/BasicDataBuffer.hpp
[2.016s] -- Up-to-date: /home/autoware/Autoware/install/sick_ldmrs_driver/include/sick_ldmrs/./tools/errorhandler.hpp
[2.016s] -- Up-to-date: /home/autoware/Autoware/install/sick_ldmrs_driver/include/sick_ldmrs/./tools/MathToolbox.hpp
[2.017s] -- Up-to-date: /home/autoware/Autoware/install/sick_ldmrs_driver/include/sick_ldmrs/./tools/WatchdogTimer.hpp
[2.017s] -- Up-to-date: /home/autoware/Autoware/install/sick_ldmrs_driver/include/sick_ldmrs/./tools/SickThread.hpp
[2.017s] -- Up-to-date: /home/autoware/Autoware/install/sick_ldmrs_driver/include/sick_ldmrs/./manager.hpp
[2.017s] -- Up-to-date: /home/autoware/Autoware/install/sick_ldmrs_driver/include/sick_ldmrs/./interfaces
[2.018s] -- Up-to-date: /home/autoware/Autoware/install/sick_ldmrs_driver/include/sick_ldmrs/./interfaces/tcp.hpp
[2.018s] -- Up-to-date: /home/autoware/Autoware/install/sick_ldmrs_driver/include/sick_ldmrs/./interfaces/file.hpp
[2.018s] -- Up-to-date: /home/autoware/Autoware/install/sick_ldmrs_driver/include/sick_ldmrs/./sopas
[2.019s] -- Up-to-date: /home/autoware/Autoware/install/sick_ldmrs_driver/include/sick_ldmrs/./sopas/colaa.hpp
[2.019s] -- Up-to-date: /home/autoware/Autoware/install/sick_ldmrs_driver/include/sick_ldmrs/./sopas/SopasBase.hpp
[2.019s] -- Up-to-date: /home/autoware/Autoware/install/sick_ldmrs_driver/include/sick_ldmrs/./sopas/colab.hpp
[2.019s] -- Up-to-date: /home/autoware/Autoware/install/sick_ldmrs_driver/include/sick_ldmrs/./sopas/LdmrsSopasLayer.hpp
[2.020s] -- Up-to-date: /home/autoware/Autoware/install/sick_ldmrs_driver/include/sick_ldmrs/./datatypes
[2.020s] -- Up-to-date: /home/autoware/Autoware/install/sick_ldmrs_driver/include/sick_ldmrs/./datatypes/Ellipse2D.hpp
[2.020s] -- Up-to-date: /home/autoware/Autoware/install/sick_ldmrs_driver/include/sick_ldmrs/./datatypes/EvalCaseResults.hpp
[2.021s] -- Up-to-date: /home/autoware/Autoware/install/sick_ldmrs_driver/include/sick_ldmrs/./datatypes/Scan.hpp
[2.021s] -- Up-to-date: /home/autoware/Autoware/install/sick_ldmrs_driver/include/sick_ldmrs/./datatypes/SensorStateInfo.hpp
[2.022s] -- Up-to-date: /home/autoware/Autoware/install/sick_ldmrs_driver/include/sick_ldmrs/./datatypes/Position3D.hpp
[2.023s] -- Up-to-date: /home/autoware/Autoware/install/sick_ldmrs_driver/include/sick_ldmrs/./datatypes/Msg.hpp
[2.023s] -- Up-to-date: /home/autoware/Autoware/install/sick_ldmrs_driver/include/sick_ldmrs/./datatypes/ScannerInfo.hpp
[2.024s] -- Up-to-date: /home/autoware/Autoware/install/sick_ldmrs_driver/include/sick_ldmrs/./datatypes/Polygon3D.hpp
[2.024s] -- Up-to-date: /home/autoware/Autoware/install/sick_ldmrs_driver/include/sick_ldmrs/./datatypes/PositionWGS84.hpp
[2.024s] -- Up-to-date: /home/autoware/Autoware/install/sick_ldmrs_driver/include/sick_ldmrs/./datatypes/ScanPoint.hpp
[2.024s] -- Up-to-date: /home/autoware/Autoware/install/sick_ldmrs_driver/include/sick_ldmrs/./datatypes/Fields.hpp
[2.025s] -- Up-to-date: /home/autoware/Autoware/install/sick_ldmrs_driver/include/sick_ldmrs/./datatypes/Line2D.hpp
[2.025s] -- Up-to-date: /home/autoware/Autoware/install/sick_ldmrs_driver/include/sick_ldmrs/./datatypes/Point3D.hpp
[2.025s] -- Up-to-date: /home/autoware/Autoware/install/sick_ldmrs_driver/include/sick_ldmrs/./datatypes/Box2D.hpp
[2.025s] -- Up-to-date: /home/autoware/Autoware/install/sick_ldmrs_driver/include/sick_ldmrs/./datatypes/Polygon2D.hpp
[2.025s] -- Up-to-date: /home/autoware/Autoware/install/sick_ldmrs_driver/include/sick_ldmrs/./datatypes/EvalCaseResult.hpp
[2.025s] -- Up-to-date: /home/autoware/Autoware/install/sick_ldmrs_driver/include/sick_ldmrs/./datatypes/EvalCases.hpp
[2.025s] -- Up-to-date: /home/autoware/Autoware/install/sick_ldmrs_driver/include/sick_ldmrs/./datatypes/FieldDescription.hpp
[2.026s] -- Up-to-date: /home/autoware/Autoware/install/sick_ldmrs_driver/include/sick_ldmrs/./datatypes/Trigger.hpp
[2.026s] -- Up-to-date: /home/autoware/Autoware/install/sick_ldmrs_driver/include/sick_ldmrs/./datatypes/EvalCase.hpp
[2.026s] -- Up-to-date: /home/autoware/Autoware/install/sick_ldmrs_driver/include/sick_ldmrs/./datatypes/FieldParameter.hpp
[2.026s] -- Up-to-date: /home/autoware/Autoware/install/sick_ldmrs_driver/include/sick_ldmrs/./datatypes/Object.hpp
[2.028s] -- Up-to-date: /home/autoware/Autoware/install/sick_ldmrs_driver/include/sick_ldmrs/./datatypes/Measurement.hpp
[2.028s] -- Up-to-date: /home/autoware/Autoware/install/sick_ldmrs_driver/include/sick_ldmrs/./datatypes/Circle2D.hpp
[2.028s] -- Up-to-date: /home/autoware/Autoware/install/sick_ldmrs_driver/include/sick_ldmrs/./datatypes/Point2D.hpp
[2.028s] -- Up-to-date: /home/autoware/Autoware/install/sick_ldmrs_driver/include/sick_ldmrs/./application
[2.029s] -- Up-to-date: /home/autoware/Autoware/install/sick_ldmrs_driver/include/sick_ldmrs/./application/BasicApplication.hpp
[2.029s] -- Up-to-date: /home/autoware/Autoware/install/sick_ldmrs_driver/include/sick_ldmrs/./application/LdmrsFieldApp.hpp
[2.029s] -- Up-to-date: /home/autoware/Autoware/install/sick_ldmrs_driver/include/sick_ldmrs/./application/LdmrsApp.hpp
[2.029s] -- Up-to-date: /home/autoware/Autoware/install/sick_ldmrs_driver/include/sick_ldmrs/./application/LdmrsScanpointCoordinateApp.hpp
[2.029s] -- Up-to-date: /home/autoware/Autoware/install/sick_ldmrs_driver/include/sick_ldmrs/./application/LdmrsSectorChangeApp.hpp
[2.029s] -- Up-to-date: /home/autoware/Autoware/install/sick_ldmrs_driver/include/sick_ldmrs/./application/LdmrsNtpTimeApp.hpp
[2.029s] -- Up-to-date: /home/autoware/Autoware/install/sick_ldmrs_driver/include/sick_ldmrs/./BasicDatatypes.hpp
[2.270s] Invoked command in '/home/autoware/Autoware/build/sick_ldmrs_driver' returned '0': CMAKE_PREFIX_PATH=/home/autoware/Autoware/install/sick_ldmrs_msgs:/home/autoware/Autoware/install/sick_ldmrs_description:${CMAKE_PREFIX_PATH} PKG_CONFIG_PATH=/home/autoware/Autoware/install/sick_ldmrs_msgs/lib/x86_64-linux-gnu/pkgconfig:/home/autoware/Autoware/install/sick_ldmrs_msgs/lib/pkgconfig:/home/autoware/Autoware/install/sick_ldmrs_description/lib/x86_64-linux-gnu/pkgconfig:/home/autoware/Autoware/install/sick_ldmrs_description/lib/pkgconfig:${PKG_CONFIG_PATH} PYTHONPATH=/home/autoware/Autoware/install/sick_ldmrs_msgs/lib/python2.7/dist-packages:${PYTHONPATH} ROS_PACKAGE_PATH=/home/autoware/Autoware/install/sick_ldmrs_msgs/share:/home/autoware/Autoware/install/sick_ldmrs_description/share:${ROS_PACKAGE_PATH} /usr/bin/cmake --build /home/autoware/Autoware/build/sick_ldmrs_driver --target install -- -j32 -l32
