[01m[K/home/autoware/Autoware/src/autoware/core_planning/waypoint_planner/src/velocity_set_lanelet2/velocity_set_lanelet2.cpp:387:77:[m[K [01;35m[Kwarning: [m[Kcharacter constant too long for its type
   ROS_INFO('Decelerate obstacle waypoint : %d', decelerate_obstacle_waypoint[01;35m[K)[m[K;
                                                                             [01;35m[K^[m[K
[01m[K/home/autoware/Autoware/src/autoware/core_planning/waypoint_planner/src/velocity_set_lanelet2/velocity_set_lanelet2.cpp:410:31:[m[K [01;35m[Kwarning: [m[Kcharacter constant too long for its type
     ROS_INFO('Both were found'[01;35m[K)[m[K;
                               [01;35m[K^[m[K
[01m[K/home/autoware/Autoware/src/autoware/core_planning/waypoint_planner/src/velocity_set_lanelet2/velocity_set_lanelet2.cpp:416:20:[m[K [01;35m[Kwarning: [m[Kmulti-character character constant [[01;35m[K-Wmultichar[m[K]
     ROS_INFO('Else'[01;35m[K)[m[K;
                    [01;35m[K^[m[K
In file included from [01m[K/opt/ros/melodic/include/ros/ros.h:40:0[m[K,
                 from [01m[K/home/autoware/Autoware/src/autoware/core_planning/waypoint_planner/src/velocity_set_lanelet2/velocity_set_lanelet2.cpp:17[m[K:
[01m[K/home/autoware/Autoware/src/autoware/core_planning/waypoint_planner/src/velocity_set_lanelet2/velocity_set_lanelet2.cpp:[m[K In function ‘[01m[KEControl pointsDetection(const pcl::PointCloud<pcl::PointXYZ>&, int, int, const Lane&, const ConstLanelets&, const VelocitySetInfo&, int*, ObstaclePoints*)[m[K’:
[01m[K/home/autoware/Autoware/src/autoware/core_planning/waypoint_planner/src/velocity_set_lanelet2/velocity_set_lanelet2.cpp:387:3:[m[K [01;31m[Kerror: [m[Kinvalid conversion from ‘[01m[Kint[m[K’ to ‘[01m[Kconst char*[m[K’ [[01;31m[K-fpermissive[m[K]
   [01;31m[KR[m[KOS_INFO('Decelerate obstacle waypoint : %d', decelerate_obstacle_waypoint);
   [01;31m[K^[m[K
[01m[K/opt/ros/melodic/include/ros/console.h:158:22:[m[K [01;36m[Knote: [m[K  initializing argument 7 of ‘[01m[Kvoid ros::console::print(ros::console::FilterBase*, void*, ros::console::Level, const char*, int, const char*, const char*, ...)[m[K’
 ROSCONSOLE_DECL void [01;36m[Kprint[m[K(FilterBase* filter, void* logger, Level level,
                      [01;36m[K^~~~~[m[K
[01m[K/home/autoware/Autoware/src/autoware/core_planning/waypoint_planner/src/velocity_set_lanelet2/velocity_set_lanelet2.cpp:410:5:[m[K [01;31m[Kerror: [m[Kinvalid conversion from ‘[01m[Kint[m[K’ to ‘[01m[Kconst char*[m[K’ [[01;31m[K-fpermissive[m[K]
     [01;31m[KR[m[KOS_INFO('Both were found');
     [01;31m[K^[m[K
[01m[K/opt/ros/melodic/include/ros/console.h:158:22:[m[K [01;36m[Knote: [m[K  initializing argument 7 of ‘[01m[Kvoid ros::console::print(ros::console::FilterBase*, void*, ros::console::Level, const char*, int, const char*, const char*, ...)[m[K’
 ROSCONSOLE_DECL void [01;36m[Kprint[m[K(FilterBase* filter, void* logger, Level level,
                      [01;36m[K^~~~~[m[K
[01m[K/home/autoware/Autoware/src/autoware/core_planning/waypoint_planner/src/velocity_set_lanelet2/velocity_set_lanelet2.cpp:416:5:[m[K [01;31m[Kerror: [m[Kinvalid conversion from ‘[01m[Kint[m[K’ to ‘[01m[Kconst char*[m[K’ [[01;31m[K-fpermissive[m[K]
     [01;31m[KR[m[KOS_INFO('Else');
     [01;31m[K^[m[K
[01m[K/opt/ros/melodic/include/ros/console.h:158:22:[m[K [01;36m[Knote: [m[K  initializing argument 7 of ‘[01m[Kvoid ros::console::print(ros::console::FilterBase*, void*, ros::console::Level, const char*, int, const char*, const char*, ...)[m[K’
 ROSCONSOLE_DECL void [01;36m[Kprint[m[K(FilterBase* filter, void* logger, Level level,
                      [01;36m[K^~~~~[m[K
make[2]: *** [CMakeFiles/velocity_set_lanelet2.dir/src/velocity_set_lanelet2/velocity_set_lanelet2.cpp.o] Error 1
make[1]: *** [CMakeFiles/velocity_set_lanelet2.dir/all] Error 2
make: *** [all] Error 2
