[0.231s] Invoking command in '/home/autoware/Autoware/build/tablet_socket_msgs': /usr/bin/cmake --build /home/autoware/Autoware/build/tablet_socket_msgs -- -j32 -l32
[0.795s] [  0%] Built target std_msgs_generate_messages_lisp
[0.795s] [  0%] Built target std_msgs_generate_messages_cpp
[0.796s] [  0%] Built target std_msgs_generate_messages_eus
[0.796s] [  0%] Built target _tablet_socket_msgs_generate_messages_check_deps_Waypoint
[0.796s] [  0%] Built target std_msgs_generate_messages_nodejs
[0.796s] [  0%] Built target std_msgs_generate_messages_py
[0.796s] [  0%] Built target _tablet_socket_msgs_generate_messages_check_deps_error_info
[0.796s] [  0%] Built target _tablet_socket_msgs_generate_messages_check_deps_mode_cmd
[0.796s] [  0%] Built target _tablet_socket_msgs_generate_messages_check_deps_mode_info
[0.796s] [  0%] Built target _tablet_socket_msgs_generate_messages_check_deps_gear_cmd
[0.796s] [  0%] Built target _tablet_socket_msgs_generate_messages_check_deps_route_cmd
[0.796s] [ 18%] Built target tablet_socket_msgs_generate_messages_lisp
[0.797s] [ 37%] Built target tablet_socket_msgs_generate_messages_cpp
[0.797s] [ 59%] Built target tablet_socket_msgs_generate_messages_py
[0.797s] [ 78%] Built target tablet_socket_msgs_generate_messages_nodejs
[0.889s] [100%] Built target tablet_socket_msgs_generate_messages_eus
[0.920s] [100%] Built target tablet_socket_msgs_generate_messages
[0.932s] Invoked command in '/home/autoware/Autoware/build/tablet_socket_msgs' returned '0': /usr/bin/cmake --build /home/autoware/Autoware/build/tablet_socket_msgs -- -j32 -l32
[1.064s] Invoking command in '/home/autoware/Autoware/build/tablet_socket_msgs': /usr/bin/cmake --build /home/autoware/Autoware/build/tablet_socket_msgs --target tests -- -j32 -l32
[1.167s] Built target tests
[1.222s] Invoked command in '/home/autoware/Autoware/build/tablet_socket_msgs' returned '0': /usr/bin/cmake --build /home/autoware/Autoware/build/tablet_socket_msgs --target tests -- -j32 -l32
[1.368s] Invoking command in '/home/autoware/Autoware/build/tablet_socket_msgs': /usr/bin/cmake --build /home/autoware/Autoware/build/tablet_socket_msgs --target install -- -j32 -l32
[1.674s] [  0%] Built target std_msgs_generate_messages_cpp
[1.675s] [  0%] Built target std_msgs_generate_messages_py
[1.675s] [  0%] Built target std_msgs_generate_messages_lisp
[1.675s] [  0%] Built target std_msgs_generate_messages_nodejs
[1.675s] [  0%] Built target std_msgs_generate_messages_eus
[1.675s] [  0%] Built target _tablet_socket_msgs_generate_messages_check_deps_error_info
[1.675s] [  0%] Built target _tablet_socket_msgs_generate_messages_check_deps_route_cmd
[1.675s] [  0%] Built target _tablet_socket_msgs_generate_messages_check_deps_gear_cmd
[1.675s] [  0%] Built target _tablet_socket_msgs_generate_messages_check_deps_Waypoint
[1.676s] [  0%] Built target _tablet_socket_msgs_generate_messages_check_deps_mode_cmd
[1.676s] [  0%] Built target _tablet_socket_msgs_generate_messages_check_deps_mode_info
[1.676s] [ 18%] Built target tablet_socket_msgs_generate_messages_nodejs
[1.676s] [ 40%] Built target tablet_socket_msgs_generate_messages_py
[1.676s] [ 59%] Built target tablet_socket_msgs_generate_messages_cpp
[1.676s] [ 81%] Built target tablet_socket_msgs_generate_messages_eus
[1.676s] [100%] Built target tablet_socket_msgs_generate_messages_lisp
[1.763s] [100%] Built target tablet_socket_msgs_generate_messages
[1.763s] Install the project...
[1.763s] -- Install configuration: "Release"
[1.763s] -- Up-to-date: /home/autoware/Autoware/install/tablet_socket_msgs/share/tablet_socket_msgs/msg/Waypoint.msg
[1.763s] -- Up-to-date: /home/autoware/Autoware/install/tablet_socket_msgs/share/tablet_socket_msgs/msg/error_info.msg
[1.764s] -- Up-to-date: /home/autoware/Autoware/install/tablet_socket_msgs/share/tablet_socket_msgs/msg/gear_cmd.msg
[1.764s] -- Up-to-date: /home/autoware/Autoware/install/tablet_socket_msgs/share/tablet_socket_msgs/msg/mode_cmd.msg
[1.764s] -- Up-to-date: /home/autoware/Autoware/install/tablet_socket_msgs/share/tablet_socket_msgs/msg/mode_info.msg
[1.764s] -- Up-to-date: /home/autoware/Autoware/install/tablet_socket_msgs/share/tablet_socket_msgs/msg/route_cmd.msg
[1.764s] -- Up-to-date: /home/autoware/Autoware/install/tablet_socket_msgs/share/tablet_socket_msgs/cmake/tablet_socket_msgs-msg-paths.cmake
[1.764s] -- Up-to-date: /home/autoware/Autoware/install/tablet_socket_msgs/include/tablet_socket_msgs
[1.770s] -- Up-to-date: /home/autoware/Autoware/install/tablet_socket_msgs/include/tablet_socket_msgs/Waypoint.h
[1.770s] -- Up-to-date: /home/autoware/Autoware/install/tablet_socket_msgs/include/tablet_socket_msgs/gear_cmd.h
[1.770s] -- Up-to-date: /home/autoware/Autoware/install/tablet_socket_msgs/include/tablet_socket_msgs/error_info.h
[1.770s] -- Up-to-date: /home/autoware/Autoware/install/tablet_socket_msgs/include/tablet_socket_msgs/mode_cmd.h
[1.772s] -- Up-to-date: /home/autoware/Autoware/install/tablet_socket_msgs/include/tablet_socket_msgs/route_cmd.h
[1.774s] -- Up-to-date: /home/autoware/Autoware/install/tablet_socket_msgs/include/tablet_socket_msgs/mode_info.h
[1.775s] -- Up-to-date: /home/autoware/Autoware/install/tablet_socket_msgs/share/roseus/ros/tablet_socket_msgs
[1.775s] -- Up-to-date: /home/autoware/Autoware/install/tablet_socket_msgs/share/roseus/ros/tablet_socket_msgs/manifest.l
[1.775s] -- Up-to-date: /home/autoware/Autoware/install/tablet_socket_msgs/share/roseus/ros/tablet_socket_msgs/msg
[1.775s] -- Up-to-date: /home/autoware/Autoware/install/tablet_socket_msgs/share/roseus/ros/tablet_socket_msgs/msg/route_cmd.l
[1.775s] -- Up-to-date: /home/autoware/Autoware/install/tablet_socket_msgs/share/roseus/ros/tablet_socket_msgs/msg/error_info.l
[1.775s] -- Up-to-date: /home/autoware/Autoware/install/tablet_socket_msgs/share/roseus/ros/tablet_socket_msgs/msg/mode_cmd.l
[1.776s] -- Up-to-date: /home/autoware/Autoware/install/tablet_socket_msgs/share/roseus/ros/tablet_socket_msgs/msg/gear_cmd.l
[1.776s] -- Up-to-date: /home/autoware/Autoware/install/tablet_socket_msgs/share/roseus/ros/tablet_socket_msgs/msg/Waypoint.l
[1.776s] -- Up-to-date: /home/autoware/Autoware/install/tablet_socket_msgs/share/roseus/ros/tablet_socket_msgs/msg/mode_info.l
[1.776s] -- Up-to-date: /home/autoware/Autoware/install/tablet_socket_msgs/share/common-lisp/ros/tablet_socket_msgs
[1.776s] -- Up-to-date: /home/autoware/Autoware/install/tablet_socket_msgs/share/common-lisp/ros/tablet_socket_msgs/msg
[1.776s] -- Up-to-date: /home/autoware/Autoware/install/tablet_socket_msgs/share/common-lisp/ros/tablet_socket_msgs/msg/_package.lisp
[1.777s] -- Up-to-date: /home/autoware/Autoware/install/tablet_socket_msgs/share/common-lisp/ros/tablet_socket_msgs/msg/_package_mode_info.lisp
[1.777s] -- Up-to-date: /home/autoware/Autoware/install/tablet_socket_msgs/share/common-lisp/ros/tablet_socket_msgs/msg/_package_route_cmd.lisp
[1.777s] -- Up-to-date: /home/autoware/Autoware/install/tablet_socket_msgs/share/common-lisp/ros/tablet_socket_msgs/msg/_package_mode_cmd.lisp
[1.778s] -- Up-to-date: /home/autoware/Autoware/install/tablet_socket_msgs/share/common-lisp/ros/tablet_socket_msgs/msg/route_cmd.lisp
[1.778s] -- Up-to-date: /home/autoware/Autoware/install/tablet_socket_msgs/share/common-lisp/ros/tablet_socket_msgs/msg/_package_error_info.lisp
[1.778s] -- Up-to-date: /home/autoware/Autoware/install/tablet_socket_msgs/share/common-lisp/ros/tablet_socket_msgs/msg/mode_cmd.lisp
[1.778s] -- Up-to-date: /home/autoware/Autoware/install/tablet_socket_msgs/share/common-lisp/ros/tablet_socket_msgs/msg/_package_gear_cmd.lisp
[1.778s] -- Up-to-date: /home/autoware/Autoware/install/tablet_socket_msgs/share/common-lisp/ros/tablet_socket_msgs/msg/gear_cmd.lisp
[1.779s] -- Up-to-date: /home/autoware/Autoware/install/tablet_socket_msgs/share/common-lisp/ros/tablet_socket_msgs/msg/error_info.lisp
[1.779s] -- Up-to-date: /home/autoware/Autoware/install/tablet_socket_msgs/share/common-lisp/ros/tablet_socket_msgs/msg/tablet_socket_msgs-msg.asd
[1.779s] -- Up-to-date: /home/autoware/Autoware/install/tablet_socket_msgs/share/common-lisp/ros/tablet_socket_msgs/msg/_package_Waypoint.lisp
[1.779s] -- Up-to-date: /home/autoware/Autoware/install/tablet_socket_msgs/share/common-lisp/ros/tablet_socket_msgs/msg/mode_info.lisp
[1.779s] -- Up-to-date: /home/autoware/Autoware/install/tablet_socket_msgs/share/common-lisp/ros/tablet_socket_msgs/msg/Waypoint.lisp
[1.779s] -- Up-to-date: /home/autoware/Autoware/install/tablet_socket_msgs/share/gennodejs/ros/tablet_socket_msgs
[1.780s] -- Up-to-date: /home/autoware/Autoware/install/tablet_socket_msgs/share/gennodejs/ros/tablet_socket_msgs/msg
[1.780s] -- Up-to-date: /home/autoware/Autoware/install/tablet_socket_msgs/share/gennodejs/ros/tablet_socket_msgs/msg/Waypoint.js
[1.781s] -- Up-to-date: /home/autoware/Autoware/install/tablet_socket_msgs/share/gennodejs/ros/tablet_socket_msgs/msg/gear_cmd.js
[1.781s] -- Up-to-date: /home/autoware/Autoware/install/tablet_socket_msgs/share/gennodejs/ros/tablet_socket_msgs/msg/mode_cmd.js
[1.781s] -- Up-to-date: /home/autoware/Autoware/install/tablet_socket_msgs/share/gennodejs/ros/tablet_socket_msgs/msg/error_info.js
[1.781s] -- Up-to-date: /home/autoware/Autoware/install/tablet_socket_msgs/share/gennodejs/ros/tablet_socket_msgs/msg/mode_info.js
[1.783s] -- Up-to-date: /home/autoware/Autoware/install/tablet_socket_msgs/share/gennodejs/ros/tablet_socket_msgs/msg/_index.js
[1.783s] -- Up-to-date: /home/autoware/Autoware/install/tablet_socket_msgs/share/gennodejs/ros/tablet_socket_msgs/msg/route_cmd.js
[1.783s] -- Up-to-date: /home/autoware/Autoware/install/tablet_socket_msgs/share/gennodejs/ros/tablet_socket_msgs/_index.js
[1.783s] Listing /home/autoware/Autoware/build/tablet_socket_msgs/devel/lib/python2.7/dist-packages/tablet_socket_msgs ...
[1.783s] Listing /home/autoware/Autoware/build/tablet_socket_msgs/devel/lib/python2.7/dist-packages/tablet_socket_msgs/msg ...
[1.784s] -- Up-to-date: /home/autoware/Autoware/install/tablet_socket_msgs/lib/python2.7/dist-packages/tablet_socket_msgs
[1.784s] -- Up-to-date: /home/autoware/Autoware/install/tablet_socket_msgs/lib/python2.7/dist-packages/tablet_socket_msgs/__init__.py
[1.784s] -- Up-to-date: /home/autoware/Autoware/install/tablet_socket_msgs/lib/python2.7/dist-packages/tablet_socket_msgs/msg
[1.784s] -- Up-to-date: /home/autoware/Autoware/install/tablet_socket_msgs/lib/python2.7/dist-packages/tablet_socket_msgs/msg/__init__.py
[1.785s] -- Up-to-date: /home/autoware/Autoware/install/tablet_socket_msgs/lib/python2.7/dist-packages/tablet_socket_msgs/msg/_Waypoint.pyc
[1.785s] -- Up-to-date: /home/autoware/Autoware/install/tablet_socket_msgs/lib/python2.7/dist-packages/tablet_socket_msgs/msg/_mode_info.pyc
[1.785s] -- Up-to-date: /home/autoware/Autoware/install/tablet_socket_msgs/lib/python2.7/dist-packages/tablet_socket_msgs/msg/_route_cmd.py
[1.787s] -- Up-to-date: /home/autoware/Autoware/install/tablet_socket_msgs/lib/python2.7/dist-packages/tablet_socket_msgs/msg/_mode_cmd.pyc
[1.787s] -- Up-to-date: /home/autoware/Autoware/install/tablet_socket_msgs/lib/python2.7/dist-packages/tablet_socket_msgs/msg/_route_cmd.pyc
[1.788s] -- Up-to-date: /home/autoware/Autoware/install/tablet_socket_msgs/lib/python2.7/dist-packages/tablet_socket_msgs/msg/_error_info.pyc
[1.788s] -- Up-to-date: /home/autoware/Autoware/install/tablet_socket_msgs/lib/python2.7/dist-packages/tablet_socket_msgs/msg/_gear_cmd.py
[1.788s] -- Up-to-date: /home/autoware/Autoware/install/tablet_socket_msgs/lib/python2.7/dist-packages/tablet_socket_msgs/msg/_mode_cmd.py
[1.789s] -- Up-to-date: /home/autoware/Autoware/install/tablet_socket_msgs/lib/python2.7/dist-packages/tablet_socket_msgs/msg/_Waypoint.py
[1.789s] -- Up-to-date: /home/autoware/Autoware/install/tablet_socket_msgs/lib/python2.7/dist-packages/tablet_socket_msgs/msg/__init__.pyc
[1.791s] -- Up-to-date: /home/autoware/Autoware/install/tablet_socket_msgs/lib/python2.7/dist-packages/tablet_socket_msgs/msg/_gear_cmd.pyc
[1.791s] -- Up-to-date: /home/autoware/Autoware/install/tablet_socket_msgs/lib/python2.7/dist-packages/tablet_socket_msgs/msg/_error_info.py
[1.791s] -- Up-to-date: /home/autoware/Autoware/install/tablet_socket_msgs/lib/python2.7/dist-packages/tablet_socket_msgs/msg/_mode_info.py
[1.792s] -- Up-to-date: /home/autoware/Autoware/install/tablet_socket_msgs/lib/python2.7/dist-packages/tablet_socket_msgs/__init__.pyc
[1.792s] -- Up-to-date: /home/autoware/Autoware/install/tablet_socket_msgs/lib/pkgconfig/tablet_socket_msgs.pc
[1.792s] -- Up-to-date: /home/autoware/Autoware/install/tablet_socket_msgs/share/tablet_socket_msgs/cmake/tablet_socket_msgs-msg-extras.cmake
[1.792s] -- Up-to-date: /home/autoware/Autoware/install/tablet_socket_msgs/share/tablet_socket_msgs/cmake/tablet_socket_msgsConfig.cmake
[1.792s] -- Up-to-date: /home/autoware/Autoware/install/tablet_socket_msgs/share/tablet_socket_msgs/cmake/tablet_socket_msgsConfig-version.cmake
[1.792s] -- Up-to-date: /home/autoware/Autoware/install/tablet_socket_msgs/share/tablet_socket_msgs/package.xml
[2.087s] Invoked command in '/home/autoware/Autoware/build/tablet_socket_msgs' returned '0': /usr/bin/cmake --build /home/autoware/Autoware/build/tablet_socket_msgs --target install -- -j32 -l32
