[0.236s] Invoking command in '/home/autoware/Autoware/build/custom_msgs': /usr/bin/cmake --build /home/autoware/Autoware/build/custom_msgs -- -j32 -l32
[0.780s] [  0%] Built target std_msgs_generate_messages_cpp
[0.780s] [  0%] Built target geometry_msgs_generate_messages_cpp
[0.780s] [  0%] Built target geometry_msgs_generate_messages_nodejs
[0.780s] [  0%] Built target sensor_msgs_generate_messages_cpp
[0.780s] [  0%] Built target sensor_msgs_generate_messages_lisp
[0.781s] [  0%] Built target std_msgs_generate_messages_nodejs
[0.781s] [  0%] Built target sensor_msgs_generate_messages_eus
[0.781s] [  0%] Built target geometry_msgs_generate_messages_lisp
[0.781s] [  0%] Built target geometry_msgs_generate_messages_py
[0.781s] [  0%] Built target std_msgs_generate_messages_py
[0.781s] [  0%] Built target sensor_msgs_generate_messages_py
[0.781s] [  0%] Built target geometry_msgs_generate_messages_eus
[0.781s] [  0%] Built target sensor_msgs_generate_messages_nodejs
[0.781s] [  0%] Built target std_msgs_generate_messages_lisp
[0.781s] [  0%] Built target std_msgs_generate_messages_eus
[0.781s] [  0%] Built target _custom_msgs_generate_messages_check_deps_velocityEstimate
[0.781s] [  0%] Built target _custom_msgs_generate_messages_check_deps_gnssSample
[0.782s] [  0%] Built target _custom_msgs_generate_messages_check_deps_XsensQuaternion
[0.782s] [  0%] Built target _custom_msgs_generate_messages_check_deps_ImuSensorSample
[0.782s] [  0%] Built target _custom_msgs_generate_messages_check_deps_positionEstimate
[0.863s] [  0%] Built target _custom_msgs_generate_messages_check_deps_baroSample
[0.863s] [  0%] Built target _custom_msgs_generate_messages_check_deps_GnssSensorSample
[0.863s] [  0%] Built target _custom_msgs_generate_messages_check_deps_BaroSensorSample
[0.863s] [  0%] Built target _custom_msgs_generate_messages_check_deps_orientationEstimate
[0.863s] [  0%] Built target _custom_msgs_generate_messages_check_deps_Internal
[0.881s] [  0%] Built target _custom_msgs_generate_messages_check_deps_sensorSample
[0.881s] [ 19%] Built target custom_msgs_generate_messages_nodejs
[0.882s] [ 38%] Built target custom_msgs_generate_messages_lisp
[0.882s] [ 59%] Built target custom_msgs_generate_messages_eus
[0.882s] [ 78%] Built target custom_msgs_generate_messages_cpp
[0.882s] [100%] Built target custom_msgs_generate_messages_py
[0.897s] [100%] Built target custom_msgs_generate_messages
[0.959s] Invoked command in '/home/autoware/Autoware/build/custom_msgs' returned '0': /usr/bin/cmake --build /home/autoware/Autoware/build/custom_msgs -- -j32 -l32
[1.111s] Invoking command in '/home/autoware/Autoware/build/custom_msgs': /usr/bin/cmake --build /home/autoware/Autoware/build/custom_msgs --target tests -- -j32 -l32
[1.213s] Built target tests
[1.258s] Invoked command in '/home/autoware/Autoware/build/custom_msgs' returned '0': /usr/bin/cmake --build /home/autoware/Autoware/build/custom_msgs --target tests -- -j32 -l32
[1.581s] Invoking command in '/home/autoware/Autoware/build/custom_msgs': /usr/bin/cmake --build /home/autoware/Autoware/build/custom_msgs --target install -- -j32 -l32
[1.964s] [  0%] Built target sensor_msgs_generate_messages_cpp
[1.966s] [  0%] Built target std_msgs_generate_messages_nodejs
[1.967s] [  0%] Built target std_msgs_generate_messages_cpp
[1.967s] [  0%] Built target geometry_msgs_generate_messages_lisp
[1.967s] [  0%] Built target sensor_msgs_generate_messages_lisp
[1.967s] [  0%] Built target sensor_msgs_generate_messages_py
[1.968s] [  0%] Built target geometry_msgs_generate_messages_cpp
[1.968s] [  0%] Built target std_msgs_generate_messages_py
[1.969s] [  0%] Built target std_msgs_generate_messages_eus
[1.969s] [  0%] Built target std_msgs_generate_messages_lisp
[1.969s] [  0%] Built target sensor_msgs_generate_messages_nodejs
[1.969s] [  0%] Built target geometry_msgs_generate_messages_py
[1.969s] [  0%] Built target sensor_msgs_generate_messages_eus
[1.970s] [  0%] Built target geometry_msgs_generate_messages_nodejs
[1.970s] [  0%] Built target geometry_msgs_generate_messages_eus
[1.971s] [  0%] Built target _custom_msgs_generate_messages_check_deps_gnssSample
[1.972s] [  0%] Built target _custom_msgs_generate_messages_check_deps_velocityEstimate
[1.974s] [  0%] Built target _custom_msgs_generate_messages_check_deps_orientationEstimate
[1.974s] [  0%] Built target _custom_msgs_generate_messages_check_deps_sensorSample
[1.974s] [  0%] Built target _custom_msgs_generate_messages_check_deps_XsensQuaternion
[1.974s] [  0%] Built target _custom_msgs_generate_messages_check_deps_ImuSensorSample
[1.975s] [  0%] Built target _custom_msgs_generate_messages_check_deps_positionEstimate
[1.975s] [  0%] Built target _custom_msgs_generate_messages_check_deps_Internal
[1.975s] [  0%] Built target _custom_msgs_generate_messages_check_deps_baroSample
[1.975s] [  0%] Built target _custom_msgs_generate_messages_check_deps_GnssSensorSample
[1.976s] [  0%] Built target _custom_msgs_generate_messages_check_deps_BaroSensorSample
[1.976s] [ 19%] Built target custom_msgs_generate_messages_lisp
[1.976s] [ 40%] Built target custom_msgs_generate_messages_py
[1.976s] [ 70%] Built target custom_msgs_generate_messages_nodejs
[1.976s] [ 78%] Built target custom_msgs_generate_messages_cpp
[1.976s] [100%] Built target custom_msgs_generate_messages_eus
[1.978s] [100%] Built target custom_msgs_generate_messages
[1.978s] Install the project...
[1.978s] -- Install configuration: "Release"
[1.978s] -- Up-to-date: /home/autoware/Autoware/install/custom_msgs/share/custom_msgs/msg/BaroSensorSample.msg
[1.978s] -- Up-to-date: /home/autoware/Autoware/install/custom_msgs/share/custom_msgs/msg/GnssSensorSample.msg
[1.978s] -- Up-to-date: /home/autoware/Autoware/install/custom_msgs/share/custom_msgs/msg/ImuSensorSample.msg
[1.978s] -- Up-to-date: /home/autoware/Autoware/install/custom_msgs/share/custom_msgs/msg/Internal.msg
[1.978s] -- Up-to-date: /home/autoware/Autoware/install/custom_msgs/share/custom_msgs/msg/XsensQuaternion.msg
[1.979s] -- Up-to-date: /home/autoware/Autoware/install/custom_msgs/share/custom_msgs/msg/baroSample.msg
[1.979s] -- Up-to-date: /home/autoware/Autoware/install/custom_msgs/share/custom_msgs/msg/gnssSample.msg
[1.979s] -- Up-to-date: /home/autoware/Autoware/install/custom_msgs/share/custom_msgs/msg/orientationEstimate.msg
[1.979s] -- Up-to-date: /home/autoware/Autoware/install/custom_msgs/share/custom_msgs/msg/positionEstimate.msg
[1.979s] -- Up-to-date: /home/autoware/Autoware/install/custom_msgs/share/custom_msgs/msg/sensorSample.msg
[1.981s] -- Up-to-date: /home/autoware/Autoware/install/custom_msgs/share/custom_msgs/msg/velocityEstimate.msg
[1.981s] -- Up-to-date: /home/autoware/Autoware/install/custom_msgs/share/custom_msgs/cmake/custom_msgs-msg-paths.cmake
[1.983s] -- Up-to-date: /home/autoware/Autoware/install/custom_msgs/include/custom_msgs
[1.983s] -- Up-to-date: /home/autoware/Autoware/install/custom_msgs/include/custom_msgs/XsensQuaternion.h
[1.984s] -- Up-to-date: /home/autoware/Autoware/install/custom_msgs/include/custom_msgs/orientationEstimate.h
[1.984s] -- Up-to-date: /home/autoware/Autoware/install/custom_msgs/include/custom_msgs/BaroSensorSample.h
[1.984s] -- Up-to-date: /home/autoware/Autoware/install/custom_msgs/include/custom_msgs/sensorSample.h
[1.985s] -- Up-to-date: /home/autoware/Autoware/install/custom_msgs/include/custom_msgs/ImuSensorSample.h
[1.985s] -- Up-to-date: /home/autoware/Autoware/install/custom_msgs/include/custom_msgs/GnssSensorSample.h
[1.985s] -- Up-to-date: /home/autoware/Autoware/install/custom_msgs/include/custom_msgs/velocityEstimate.h
[1.985s] -- Up-to-date: /home/autoware/Autoware/install/custom_msgs/include/custom_msgs/positionEstimate.h
[1.985s] -- Up-to-date: /home/autoware/Autoware/install/custom_msgs/include/custom_msgs/Internal.h
[1.985s] -- Up-to-date: /home/autoware/Autoware/install/custom_msgs/include/custom_msgs/gnssSample.h
[1.985s] -- Up-to-date: /home/autoware/Autoware/install/custom_msgs/include/custom_msgs/baroSample.h
[1.985s] -- Up-to-date: /home/autoware/Autoware/install/custom_msgs/share/roseus/ros/custom_msgs
[1.985s] -- Up-to-date: /home/autoware/Autoware/install/custom_msgs/share/roseus/ros/custom_msgs/manifest.l
[1.986s] -- Up-to-date: /home/autoware/Autoware/install/custom_msgs/share/roseus/ros/custom_msgs/msg
[1.986s] -- Up-to-date: /home/autoware/Autoware/install/custom_msgs/share/roseus/ros/custom_msgs/msg/Internal.l
[1.986s] -- Up-to-date: /home/autoware/Autoware/install/custom_msgs/share/roseus/ros/custom_msgs/msg/orientationEstimate.l
[1.986s] -- Up-to-date: /home/autoware/Autoware/install/custom_msgs/share/roseus/ros/custom_msgs/msg/sensorSample.l
[1.986s] -- Up-to-date: /home/autoware/Autoware/install/custom_msgs/share/roseus/ros/custom_msgs/msg/BaroSensorSample.l
[1.986s] -- Up-to-date: /home/autoware/Autoware/install/custom_msgs/share/roseus/ros/custom_msgs/msg/gnssSample.l
[1.989s] -- Up-to-date: /home/autoware/Autoware/install/custom_msgs/share/roseus/ros/custom_msgs/msg/velocityEstimate.l
[1.991s] -- Up-to-date: /home/autoware/Autoware/install/custom_msgs/share/roseus/ros/custom_msgs/msg/GnssSensorSample.l
[1.991s] -- Up-to-date: /home/autoware/Autoware/install/custom_msgs/share/roseus/ros/custom_msgs/msg/positionEstimate.l
[1.991s] -- Up-to-date: /home/autoware/Autoware/install/custom_msgs/share/roseus/ros/custom_msgs/msg/XsensQuaternion.l
[1.991s] -- Up-to-date: /home/autoware/Autoware/install/custom_msgs/share/roseus/ros/custom_msgs/msg/baroSample.l
[1.991s] -- Up-to-date: /home/autoware/Autoware/install/custom_msgs/share/roseus/ros/custom_msgs/msg/ImuSensorSample.l
[1.992s] -- Up-to-date: /home/autoware/Autoware/install/custom_msgs/share/common-lisp/ros/custom_msgs
[1.992s] -- Up-to-date: /home/autoware/Autoware/install/custom_msgs/share/common-lisp/ros/custom_msgs/msg
[1.992s] -- Up-to-date: /home/autoware/Autoware/install/custom_msgs/share/common-lisp/ros/custom_msgs/msg/_package.lisp
[1.998s] -- Up-to-date: /home/autoware/Autoware/install/custom_msgs/share/common-lisp/ros/custom_msgs/msg/baroSample.lisp
[1.998s] -- Up-to-date: /home/autoware/Autoware/install/custom_msgs/share/common-lisp/ros/custom_msgs/msg/gnssSample.lisp
[2.001s] -- Up-to-date: /home/autoware/Autoware/install/custom_msgs/share/common-lisp/ros/custom_msgs/msg/ImuSensorSample.lisp
[2.002s] -- Up-to-date: /home/autoware/Autoware/install/custom_msgs/share/common-lisp/ros/custom_msgs/msg/_package_ImuSensorSample.lisp
[2.002s] -- Up-to-date: /home/autoware/Autoware/install/custom_msgs/share/common-lisp/ros/custom_msgs/msg/_package_positionEstimate.lisp
[2.002s] -- Up-to-date: /home/autoware/Autoware/install/custom_msgs/share/common-lisp/ros/custom_msgs/msg/_package_sensorSample.lisp
[2.002s] -- Up-to-date: /home/autoware/Autoware/install/custom_msgs/share/common-lisp/ros/custom_msgs/msg/_package_orientationEstimate.lisp
[2.002s] -- Up-to-date: /home/autoware/Autoware/install/custom_msgs/share/common-lisp/ros/custom_msgs/msg/Internal.lisp
[2.003s] -- Up-to-date: /home/autoware/Autoware/install/custom_msgs/share/common-lisp/ros/custom_msgs/msg/sensorSample.lisp
[2.003s] -- Up-to-date: /home/autoware/Autoware/install/custom_msgs/share/common-lisp/ros/custom_msgs/msg/custom_msgs-msg.asd
[2.003s] -- Up-to-date: /home/autoware/Autoware/install/custom_msgs/share/common-lisp/ros/custom_msgs/msg/_package_velocityEstimate.lisp
[2.005s] -- Up-to-date: /home/autoware/Autoware/install/custom_msgs/share/common-lisp/ros/custom_msgs/msg/_package_XsensQuaternion.lisp
[2.005s] -- Up-to-date: /home/autoware/Autoware/install/custom_msgs/share/common-lisp/ros/custom_msgs/msg/GnssSensorSample.lisp
[2.005s] -- Up-to-date: /home/autoware/Autoware/install/custom_msgs/share/common-lisp/ros/custom_msgs/msg/XsensQuaternion.lisp
[2.005s] -- Up-to-date: /home/autoware/Autoware/install/custom_msgs/share/common-lisp/ros/custom_msgs/msg/_package_Internal.lisp
[2.005s] -- Up-to-date: /home/autoware/Autoware/install/custom_msgs/share/common-lisp/ros/custom_msgs/msg/_package_gnssSample.lisp
[2.005s] -- Up-to-date: /home/autoware/Autoware/install/custom_msgs/share/common-lisp/ros/custom_msgs/msg/_package_GnssSensorSample.lisp
[2.005s] -- Up-to-date: /home/autoware/Autoware/install/custom_msgs/share/common-lisp/ros/custom_msgs/msg/_package_BaroSensorSample.lisp
[2.005s] -- Up-to-date: /home/autoware/Autoware/install/custom_msgs/share/common-lisp/ros/custom_msgs/msg/velocityEstimate.lisp
[2.006s] -- Up-to-date: /home/autoware/Autoware/install/custom_msgs/share/common-lisp/ros/custom_msgs/msg/orientationEstimate.lisp
[2.006s] -- Up-to-date: /home/autoware/Autoware/install/custom_msgs/share/common-lisp/ros/custom_msgs/msg/_package_baroSample.lisp
[2.006s] -- Up-to-date: /home/autoware/Autoware/install/custom_msgs/share/common-lisp/ros/custom_msgs/msg/positionEstimate.lisp
[2.006s] -- Up-to-date: /home/autoware/Autoware/install/custom_msgs/share/common-lisp/ros/custom_msgs/msg/BaroSensorSample.lisp
[2.006s] -- Up-to-date: /home/autoware/Autoware/install/custom_msgs/share/gennodejs/ros/custom_msgs
[2.008s] -- Up-to-date: /home/autoware/Autoware/install/custom_msgs/share/gennodejs/ros/custom_msgs/msg
[2.008s] -- Up-to-date: /home/autoware/Autoware/install/custom_msgs/share/gennodejs/ros/custom_msgs/msg/baroSample.js
[2.008s] -- Up-to-date: /home/autoware/Autoware/install/custom_msgs/share/gennodejs/ros/custom_msgs/msg/XsensQuaternion.js
[2.008s] -- Up-to-date: /home/autoware/Autoware/install/custom_msgs/share/gennodejs/ros/custom_msgs/msg/sensorSample.js
[2.009s] -- Up-to-date: /home/autoware/Autoware/install/custom_msgs/share/gennodejs/ros/custom_msgs/msg/positionEstimate.js
[2.009s] -- Up-to-date: /home/autoware/Autoware/install/custom_msgs/share/gennodejs/ros/custom_msgs/msg/gnssSample.js
[2.009s] -- Up-to-date: /home/autoware/Autoware/install/custom_msgs/share/gennodejs/ros/custom_msgs/msg/GnssSensorSample.js
[2.009s] -- Up-to-date: /home/autoware/Autoware/install/custom_msgs/share/gennodejs/ros/custom_msgs/msg/orientationEstimate.js
[2.009s] -- Up-to-date: /home/autoware/Autoware/install/custom_msgs/share/gennodejs/ros/custom_msgs/msg/velocityEstimate.js
[2.010s] -- Up-to-date: /home/autoware/Autoware/install/custom_msgs/share/gennodejs/ros/custom_msgs/msg/Internal.js
[2.010s] -- Up-to-date: /home/autoware/Autoware/install/custom_msgs/share/gennodejs/ros/custom_msgs/msg/ImuSensorSample.js
[2.010s] -- Up-to-date: /home/autoware/Autoware/install/custom_msgs/share/gennodejs/ros/custom_msgs/msg/_index.js
[2.010s] -- Up-to-date: /home/autoware/Autoware/install/custom_msgs/share/gennodejs/ros/custom_msgs/msg/BaroSensorSample.js
[2.280s] -- Up-to-date: /home/autoware/Autoware/install/custom_msgs/share/gennodejs/ros/custom_msgs/_index.js
[2.281s] Listing /home/autoware/Autoware/build/custom_msgs/devel/lib/python2.7/dist-packages/custom_msgs ...
[2.281s] Listing /home/autoware/Autoware/build/custom_msgs/devel/lib/python2.7/dist-packages/custom_msgs/msg ...
[2.281s] -- Up-to-date: /home/autoware/Autoware/install/custom_msgs/lib/python2.7/dist-packages/custom_msgs
[2.281s] -- Up-to-date: /home/autoware/Autoware/install/custom_msgs/lib/python2.7/dist-packages/custom_msgs/__init__.py
[2.282s] -- Up-to-date: /home/autoware/Autoware/install/custom_msgs/lib/python2.7/dist-packages/custom_msgs/msg
[2.286s] -- Up-to-date: /home/autoware/Autoware/install/custom_msgs/lib/python2.7/dist-packages/custom_msgs/msg/_GnssSensorSample.py
[2.286s] -- Up-to-date: /home/autoware/Autoware/install/custom_msgs/lib/python2.7/dist-packages/custom_msgs/msg/_gnssSample.py
[2.287s] -- Up-to-date: /home/autoware/Autoware/install/custom_msgs/lib/python2.7/dist-packages/custom_msgs/msg/__init__.py
[2.290s] -- Up-to-date: /home/autoware/Autoware/install/custom_msgs/lib/python2.7/dist-packages/custom_msgs/msg/_ImuSensorSample.pyc
[2.290s] -- Up-to-date: /home/autoware/Autoware/install/custom_msgs/lib/python2.7/dist-packages/custom_msgs/msg/_velocityEstimate.py
[2.290s] -- Up-to-date: /home/autoware/Autoware/install/custom_msgs/lib/python2.7/dist-packages/custom_msgs/msg/_baroSample.py
[2.290s] -- Up-to-date: /home/autoware/Autoware/install/custom_msgs/lib/python2.7/dist-packages/custom_msgs/msg/_Internal.py
[2.291s] -- Up-to-date: /home/autoware/Autoware/install/custom_msgs/lib/python2.7/dist-packages/custom_msgs/msg/_GnssSensorSample.pyc
[2.291s] -- Up-to-date: /home/autoware/Autoware/install/custom_msgs/lib/python2.7/dist-packages/custom_msgs/msg/_baroSample.pyc
[2.291s] -- Up-to-date: /home/autoware/Autoware/install/custom_msgs/lib/python2.7/dist-packages/custom_msgs/msg/_BaroSensorSample.pyc
[2.291s] -- Up-to-date: /home/autoware/Autoware/install/custom_msgs/lib/python2.7/dist-packages/custom_msgs/msg/_ImuSensorSample.py
[2.291s] -- Up-to-date: /home/autoware/Autoware/install/custom_msgs/lib/python2.7/dist-packages/custom_msgs/msg/_sensorSample.py
[2.291s] -- Up-to-date: /home/autoware/Autoware/install/custom_msgs/lib/python2.7/dist-packages/custom_msgs/msg/_sensorSample.pyc
[2.291s] -- Up-to-date: /home/autoware/Autoware/install/custom_msgs/lib/python2.7/dist-packages/custom_msgs/msg/_velocityEstimate.pyc
[2.291s] -- Up-to-date: /home/autoware/Autoware/install/custom_msgs/lib/python2.7/dist-packages/custom_msgs/msg/_orientationEstimate.pyc
[2.291s] -- Up-to-date: /home/autoware/Autoware/install/custom_msgs/lib/python2.7/dist-packages/custom_msgs/msg/_gnssSample.pyc
[2.291s] -- Up-to-date: /home/autoware/Autoware/install/custom_msgs/lib/python2.7/dist-packages/custom_msgs/msg/_Internal.pyc
[2.291s] -- Up-to-date: /home/autoware/Autoware/install/custom_msgs/lib/python2.7/dist-packages/custom_msgs/msg/_orientationEstimate.py
[2.291s] -- Up-to-date: /home/autoware/Autoware/install/custom_msgs/lib/python2.7/dist-packages/custom_msgs/msg/_positionEstimate.pyc
[2.292s] -- Up-to-date: /home/autoware/Autoware/install/custom_msgs/lib/python2.7/dist-packages/custom_msgs/msg/_XsensQuaternion.pyc
[2.292s] -- Up-to-date: /home/autoware/Autoware/install/custom_msgs/lib/python2.7/dist-packages/custom_msgs/msg/__init__.pyc
[2.292s] -- Up-to-date: /home/autoware/Autoware/install/custom_msgs/lib/python2.7/dist-packages/custom_msgs/msg/_positionEstimate.py
[2.292s] -- Up-to-date: /home/autoware/Autoware/install/custom_msgs/lib/python2.7/dist-packages/custom_msgs/msg/_BaroSensorSample.py
[2.292s] -- Up-to-date: /home/autoware/Autoware/install/custom_msgs/lib/python2.7/dist-packages/custom_msgs/msg/_XsensQuaternion.py
[2.292s] -- Up-to-date: /home/autoware/Autoware/install/custom_msgs/lib/python2.7/dist-packages/custom_msgs/__init__.pyc
[2.292s] -- Up-to-date: /home/autoware/Autoware/install/custom_msgs/lib/pkgconfig/custom_msgs.pc
[2.292s] -- Up-to-date: /home/autoware/Autoware/install/custom_msgs/share/custom_msgs/cmake/custom_msgs-msg-extras.cmake
[2.292s] -- Up-to-date: /home/autoware/Autoware/install/custom_msgs/share/custom_msgs/cmake/custom_msgsConfig.cmake
[2.292s] -- Up-to-date: /home/autoware/Autoware/install/custom_msgs/share/custom_msgs/cmake/custom_msgsConfig-version.cmake
[2.293s] -- Up-to-date: /home/autoware/Autoware/install/custom_msgs/share/custom_msgs/package.xml
[2.376s] Invoked command in '/home/autoware/Autoware/build/custom_msgs' returned '0': /usr/bin/cmake --build /home/autoware/Autoware/build/custom_msgs --target install -- -j32 -l32
