[0.095s] Invoking command in '/home/autoware/Autoware/build/lidar_kf_contour_track': CMAKE_PREFIX_PATH=/home/autoware/Autoware/install/op_ros_helpers:/home/autoware/Autoware/install/op_simu:/home/autoware/Autoware/install/op_planner:/home/autoware/Autoware/install/op_utility:/home/autoware/Autoware/install/map_file:/home/autoware/Autoware/install/vector_map_server:/home/autoware/Autoware/install/libwaypoint_follower:/home/autoware/Autoware/install/lanelet2_extension:/home/autoware/Autoware/install/vector_map:/home/autoware/Autoware/install/amathutils_lib:/home/autoware/Autoware/install/vector_map_msgs:/home/autoware/Autoware/install/autoware_msgs:/home/autoware/Autoware/install/autoware_lanelet2_msgs:/home/autoware/Autoware/install/autoware_build_flags:${CMAKE_PREFIX_PATH} LD_LIBRARY_PATH=/home/autoware/Autoware/install/op_ros_helpers/lib:/home/autoware/Autoware/install/op_simu/lib:/home/autoware/Autoware/install/op_planner/lib:/home/autoware/Autoware/install/op_utility/lib:/home/autoware/Autoware/install/map_file/lib:/home/autoware/Autoware/install/libwaypoint_follower/lib:/home/autoware/Autoware/install/lanelet2_extension/lib:/home/autoware/Autoware/install/vector_map/lib:/home/autoware/Autoware/install/amathutils_lib/lib:${LD_LIBRARY_PATH} PKG_CONFIG_PATH=/home/autoware/Autoware/install/op_ros_helpers/lib/x86_64-linux-gnu/pkgconfig:/home/autoware/Autoware/install/op_ros_helpers/lib/pkgconfig:/home/autoware/Autoware/install/op_simu/lib/x86_64-linux-gnu/pkgconfig:/home/autoware/Autoware/install/op_simu/lib/pkgconfig:/home/autoware/Autoware/install/op_planner/lib/x86_64-linux-gnu/pkgconfig:/home/autoware/Autoware/install/op_planner/lib/pkgconfig:/home/autoware/Autoware/install/op_utility/lib/x86_64-linux-gnu/pkgconfig:/home/autoware/Autoware/install/op_utility/lib/pkgconfig:/home/autoware/Autoware/install/map_file/lib/x86_64-linux-gnu/pkgconfig:/home/autoware/Autoware/install/map_file/lib/pkgconfig:/home/autoware/Autoware/install/vector_map_server/lib/x86_64-linux-gnu/pkgconfig:/home/autoware/Autoware/install/vector_map_server/lib/pkgconfig:/home/autoware/Autoware/install/libwaypoint_follower/lib/x86_64-linux-gnu/pkgconfig:/home/autoware/Autoware/install/libwaypoint_follower/lib/pkgconfig:/home/autoware/Autoware/install/lanelet2_extension/lib/x86_64-linux-gnu/pkgconfig:/home/autoware/Autoware/install/lanelet2_extension/lib/pkgconfig:/home/autoware/Autoware/install/vector_map/lib/x86_64-linux-gnu/pkgconfig:/home/autoware/Autoware/install/vector_map/lib/pkgconfig:/home/autoware/Autoware/install/amathutils_lib/lib/x86_64-linux-gnu/pkgconfig:/home/autoware/Autoware/install/amathutils_lib/lib/pkgconfig:/home/autoware/Autoware/install/vector_map_msgs/lib/x86_64-linux-gnu/pkgconfig:/home/autoware/Autoware/install/vector_map_msgs/lib/pkgconfig:/home/autoware/Autoware/install/autoware_msgs/lib/x86_64-linux-gnu/pkgconfig:/home/autoware/Autoware/install/autoware_msgs/lib/pkgconfig:/home/autoware/Autoware/install/autoware_lanelet2_msgs/lib/x86_64-linux-gnu/pkgconfig:/home/autoware/Autoware/install/autoware_lanelet2_msgs/lib/pkgconfig:/home/autoware/Autoware/install/autoware_build_flags/lib/x86_64-linux-gnu/pkgconfig:/home/autoware/Autoware/install/autoware_build_flags/lib/pkgconfig:${PKG_CONFIG_PATH} PYTHONPATH=/home/autoware/Autoware/install/vector_map_server/lib/python2.7/dist-packages:/home/autoware/Autoware/install/vector_map_msgs/lib/python2.7/dist-packages:/home/autoware/Autoware/install/autoware_msgs/lib/python2.7/dist-packages:/home/autoware/Autoware/install/autoware_lanelet2_msgs/lib/python2.7/dist-packages:${PYTHONPATH} ROS_PACKAGE_PATH=/home/autoware/Autoware/install/op_ros_helpers/share:/home/autoware/Autoware/install/op_simu/share:/home/autoware/Autoware/install/op_planner/share:/home/autoware/Autoware/install/op_utility/share:/home/autoware/Autoware/install/map_file/share:/home/autoware/Autoware/install/vector_map_server/share:/home/autoware/Autoware/install/libwaypoint_follower/share:/home/autoware/Autoware/install/lanelet2_extension/share:/home/autoware/Autoware/install/vector_map/share:/home/autoware/Autoware/install/amathutils_lib/share:/home/autoware/Autoware/install/vector_map_msgs/share:/home/autoware/Autoware/install/autoware_msgs/share:/home/autoware/Autoware/install/autoware_lanelet2_msgs/share:/home/autoware/Autoware/install/autoware_build_flags/share:${ROS_PACKAGE_PATH} /usr/bin/cmake --build /home/autoware/Autoware/build/lidar_kf_contour_track -- -j32 -l32
[0.309s] [  0%] Built target sensor_msgs_generate_messages_lisp
[0.318s] [  0%] Built target _catkin_empty_exported_target
[0.324s] [  0%] Built target actionlib_msgs_generate_messages_nodejs
[0.327s] [  0%] Built target geometry_msgs_generate_messages_eus
[0.328s] [  0%] Built target visualization_msgs_generate_messages_py
[0.330s] [  0%] Built target rosgraph_msgs_generate_messages_eus
[0.337s] [  0%] Built target geometry_msgs_generate_messages_py
[0.337s] [  0%] Built target tf2_msgs_generate_messages_cpp
[0.338s] [  0%] Built target tf2_msgs_generate_messages_lisp
[0.339s] [  0%] Built target sensor_msgs_generate_messages_py
[0.347s] [  0%] Built target jsk_recognition_msgs_generate_messages_py
[0.367s] [  0%] Built target autoware_msgs_generate_messages_cpp
[0.368s] [  0%] Built target tf2_msgs_generate_messages_eus
[0.370s] [  0%] Built target std_msgs_generate_messages_py
[0.371s] [  0%] Built target jsk_recognition_msgs_generate_messages_eus
[0.381s] [  0%] Built target rosgraph_msgs_generate_messages_cpp
[0.381s] [  0%] Built target std_msgs_generate_messages_cpp
[0.387s] [  0%] Built target actionlib_generate_messages_cpp
[0.387s] [  0%] Built target jsk_recognition_msgs_generate_messages_lisp
[0.388s] [  0%] Built target pcl_msgs_generate_messages_nodejs
[0.402s] [  0%] Built target visualization_msgs_generate_messages_nodejs
[0.406s] [  0%] Built target sensor_msgs_generate_messages_cpp
[0.410s] [  0%] Built target jsk_footstep_msgs_generate_messages_py
[0.417s] [  0%] Built target sensor_msgs_generate_messages_eus
[0.418s] [  0%] Built target std_msgs_generate_messages_lisp
[0.422s] [  0%] Built target autoware_msgs_generate_messages_py
[0.425s] [  0%] Built target autoware_msgs_generate_messages_eus
[0.427s] [  0%] Built target sensor_msgs_generate_messages_nodejs
[0.432s] [  0%] Built target tf2_msgs_generate_messages_nodejs
[0.453s] [  0%] Built target std_msgs_generate_messages_nodejs
[0.473s] [  0%] Built target pcl_msgs_generate_messages_eus
[0.474s] [  0%] Built target jsk_recognition_msgs_generate_messages_cpp
[0.476s] [  0%] Built target vector_map_msgs_generate_messages_nodejs
[0.480s] [  0%] Built target tf_generate_messages_py
[0.524s] [  0%] Built target geometry_msgs_generate_messages_lisp
[0.540s] [  0%] Built target geometry_msgs_generate_messages_nodejs
[0.542s] [  0%] Built target roscpp_generate_messages_nodejs
[0.552s] [  0%] Built target autoware_msgs_generate_messages_lisp
[0.572s] [  0%] Built target vector_map_msgs_generate_messages_py
[0.584s] [  0%] Built target vector_map_msgs_generate_messages_lisp
[0.584s] [  0%] Built target autoware_msgs_generate_messages_nodejs
[0.595s] [  0%] Built target std_msgs_generate_messages_eus
[0.602s] [  0%] Built target tf_generate_messages_nodejs
[0.604s] [  0%] Built target visualization_msgs_generate_messages_lisp
[0.605s] [  0%] Built target vector_map_server_generate_messages_nodejs
[0.612s] [  0%] Built target vector_map_server_generate_messages_eus
[0.673s] [  0%] Built target pcl_msgs_generate_messages_cpp
[0.674s] [  0%] Built target actionlib_msgs_generate_messages_cpp
[0.674s] [  0%] Built target vector_map_server_generate_messages_lisp
[0.674s] [  0%] Built target actionlib_msgs_generate_messages_py
[0.674s] [  0%] Built target tf_generate_messages_eus
[0.674s] [  0%] Built target visualization_msgs_generate_messages_eus
[0.674s] [  0%] Built target jsk_footstep_msgs_generate_messages_lisp
[0.674s] [  0%] Built target actionlib_msgs_generate_messages_lisp
[0.705s] [  0%] Built target roscpp_generate_messages_py
[0.710s] [  0%] Built target jsk_footstep_msgs_generate_messages_eus
[0.712s] [  0%] Built target jsk_recognition_msgs_generate_messages_nodejs
[0.715s] [  0%] Built target jsk_footstep_msgs_generate_messages_nodejs
[0.720s] [  0%] Built target tf_generate_messages_lisp
[0.721s] [  0%] Built target vector_map_msgs_generate_messages_eus
[0.732s] [  0%] Built target vector_map_server_generate_messages_cpp
[0.735s] [  0%] Built target roscpp_generate_messages_cpp
[0.741s] [  0%] Built target rosgraph_msgs_generate_messages_lisp
[0.760s] [  0%] Built target jsk_footstep_msgs_generate_messages_cpp
[0.763s] [  0%] Built target tf_generate_messages_cpp
[0.782s] [  0%] Built target actionlib_generate_messages_lisp
[0.782s] [  0%] Built target actionlib_msgs_generate_messages_eus
[0.787s] [  0%] Built target pcl_msgs_generate_messages_lisp
[0.789s] [  0%] Built target vector_map_msgs_generate_messages_cpp
[0.794s] [  0%] Built target rosgraph_msgs_generate_messages_py
[0.824s] [  0%] Built target rosgraph_msgs_generate_messages_nodejs
[0.834s] [  0%] Built target pcl_msgs_generate_messages_py
[0.843s] [  0%] Built target roscpp_generate_messages_lisp
[0.860s] [  0%] Built target roscpp_generate_messages_eus
[0.863s] [  0%] Built target actionlib_generate_messages_eus
[0.864s] [  0%] Built target actionlib_generate_messages_py
[0.875s] [  0%] Built target tf2_msgs_generate_messages_py
[0.888s] [  0%] Built target vector_map_server_generate_messages_py
[0.926s] [  0%] Built target actionlib_generate_messages_nodejs
[0.932s] [  0%] Built target visualization_msgs_generate_messages_cpp
[0.967s] [  0%] Built target geometry_msgs_generate_messages_cpp
[1.080s] [100%] Built target lidar_kf_contour_track
[1.100s] Invoked command in '/home/autoware/Autoware/build/lidar_kf_contour_track' returned '0': CMAKE_PREFIX_PATH=/home/autoware/Autoware/install/op_ros_helpers:/home/autoware/Autoware/install/op_simu:/home/autoware/Autoware/install/op_planner:/home/autoware/Autoware/install/op_utility:/home/autoware/Autoware/install/map_file:/home/autoware/Autoware/install/vector_map_server:/home/autoware/Autoware/install/libwaypoint_follower:/home/autoware/Autoware/install/lanelet2_extension:/home/autoware/Autoware/install/vector_map:/home/autoware/Autoware/install/amathutils_lib:/home/autoware/Autoware/install/vector_map_msgs:/home/autoware/Autoware/install/autoware_msgs:/home/autoware/Autoware/install/autoware_lanelet2_msgs:/home/autoware/Autoware/install/autoware_build_flags:${CMAKE_PREFIX_PATH} LD_LIBRARY_PATH=/home/autoware/Autoware/install/op_ros_helpers/lib:/home/autoware/Autoware/install/op_simu/lib:/home/autoware/Autoware/install/op_planner/lib:/home/autoware/Autoware/install/op_utility/lib:/home/autoware/Autoware/install/map_file/lib:/home/autoware/Autoware/install/libwaypoint_follower/lib:/home/autoware/Autoware/install/lanelet2_extension/lib:/home/autoware/Autoware/install/vector_map/lib:/home/autoware/Autoware/install/amathutils_lib/lib:${LD_LIBRARY_PATH} PKG_CONFIG_PATH=/home/autoware/Autoware/install/op_ros_helpers/lib/x86_64-linux-gnu/pkgconfig:/home/autoware/Autoware/install/op_ros_helpers/lib/pkgconfig:/home/autoware/Autoware/install/op_simu/lib/x86_64-linux-gnu/pkgconfig:/home/autoware/Autoware/install/op_simu/lib/pkgconfig:/home/autoware/Autoware/install/op_planner/lib/x86_64-linux-gnu/pkgconfig:/home/autoware/Autoware/install/op_planner/lib/pkgconfig:/home/autoware/Autoware/install/op_utility/lib/x86_64-linux-gnu/pkgconfig:/home/autoware/Autoware/install/op_utility/lib/pkgconfig:/home/autoware/Autoware/install/map_file/lib/x86_64-linux-gnu/pkgconfig:/home/autoware/Autoware/install/map_file/lib/pkgconfig:/home/autoware/Autoware/install/vector_map_server/lib/x86_64-linux-gnu/pkgconfig:/home/autoware/Autoware/install/vector_map_server/lib/pkgconfig:/home/autoware/Autoware/install/libwaypoint_follower/lib/x86_64-linux-gnu/pkgconfig:/home/autoware/Autoware/install/libwaypoint_follower/lib/pkgconfig:/home/autoware/Autoware/install/lanelet2_extension/lib/x86_64-linux-gnu/pkgconfig:/home/autoware/Autoware/install/lanelet2_extension/lib/pkgconfig:/home/autoware/Autoware/install/vector_map/lib/x86_64-linux-gnu/pkgconfig:/home/autoware/Autoware/install/vector_map/lib/pkgconfig:/home/autoware/Autoware/install/amathutils_lib/lib/x86_64-linux-gnu/pkgconfig:/home/autoware/Autoware/install/amathutils_lib/lib/pkgconfig:/home/autoware/Autoware/install/vector_map_msgs/lib/x86_64-linux-gnu/pkgconfig:/home/autoware/Autoware/install/vector_map_msgs/lib/pkgconfig:/home/autoware/Autoware/install/autoware_msgs/lib/x86_64-linux-gnu/pkgconfig:/home/autoware/Autoware/install/autoware_msgs/lib/pkgconfig:/home/autoware/Autoware/install/autoware_lanelet2_msgs/lib/x86_64-linux-gnu/pkgconfig:/home/autoware/Autoware/install/autoware_lanelet2_msgs/lib/pkgconfig:/home/autoware/Autoware/install/autoware_build_flags/lib/x86_64-linux-gnu/pkgconfig:/home/autoware/Autoware/install/autoware_build_flags/lib/pkgconfig:${PKG_CONFIG_PATH} PYTHONPATH=/home/autoware/Autoware/install/vector_map_server/lib/python2.7/dist-packages:/home/autoware/Autoware/install/vector_map_msgs/lib/python2.7/dist-packages:/home/autoware/Autoware/install/autoware_msgs/lib/python2.7/dist-packages:/home/autoware/Autoware/install/autoware_lanelet2_msgs/lib/python2.7/dist-packages:${PYTHONPATH} ROS_PACKAGE_PATH=/home/autoware/Autoware/install/op_ros_helpers/share:/home/autoware/Autoware/install/op_simu/share:/home/autoware/Autoware/install/op_planner/share:/home/autoware/Autoware/install/op_utility/share:/home/autoware/Autoware/install/map_file/share:/home/autoware/Autoware/install/vector_map_server/share:/home/autoware/Autoware/install/libwaypoint_follower/share:/home/autoware/Autoware/install/lanelet2_extension/share:/home/autoware/Autoware/install/vector_map/share:/home/autoware/Autoware/install/amathutils_lib/share:/home/autoware/Autoware/install/vector_map_msgs/share:/home/autoware/Autoware/install/autoware_msgs/share:/home/autoware/Autoware/install/autoware_lanelet2_msgs/share:/home/autoware/Autoware/install/autoware_build_flags/share:${ROS_PACKAGE_PATH} /usr/bin/cmake --build /home/autoware/Autoware/build/lidar_kf_contour_track -- -j32 -l32
[1.200s] Invoking command in '/home/autoware/Autoware/build/lidar_kf_contour_track': CMAKE_PREFIX_PATH=/home/autoware/Autoware/install/op_ros_helpers:/home/autoware/Autoware/install/op_simu:/home/autoware/Autoware/install/op_planner:/home/autoware/Autoware/install/op_utility:/home/autoware/Autoware/install/map_file:/home/autoware/Autoware/install/vector_map_server:/home/autoware/Autoware/install/libwaypoint_follower:/home/autoware/Autoware/install/lanelet2_extension:/home/autoware/Autoware/install/vector_map:/home/autoware/Autoware/install/amathutils_lib:/home/autoware/Autoware/install/vector_map_msgs:/home/autoware/Autoware/install/autoware_msgs:/home/autoware/Autoware/install/autoware_lanelet2_msgs:/home/autoware/Autoware/install/autoware_build_flags:${CMAKE_PREFIX_PATH} LD_LIBRARY_PATH=/home/autoware/Autoware/install/op_ros_helpers/lib:/home/autoware/Autoware/install/op_simu/lib:/home/autoware/Autoware/install/op_planner/lib:/home/autoware/Autoware/install/op_utility/lib:/home/autoware/Autoware/install/map_file/lib:/home/autoware/Autoware/install/libwaypoint_follower/lib:/home/autoware/Autoware/install/lanelet2_extension/lib:/home/autoware/Autoware/install/vector_map/lib:/home/autoware/Autoware/install/amathutils_lib/lib:${LD_LIBRARY_PATH} PKG_CONFIG_PATH=/home/autoware/Autoware/install/op_ros_helpers/lib/x86_64-linux-gnu/pkgconfig:/home/autoware/Autoware/install/op_ros_helpers/lib/pkgconfig:/home/autoware/Autoware/install/op_simu/lib/x86_64-linux-gnu/pkgconfig:/home/autoware/Autoware/install/op_simu/lib/pkgconfig:/home/autoware/Autoware/install/op_planner/lib/x86_64-linux-gnu/pkgconfig:/home/autoware/Autoware/install/op_planner/lib/pkgconfig:/home/autoware/Autoware/install/op_utility/lib/x86_64-linux-gnu/pkgconfig:/home/autoware/Autoware/install/op_utility/lib/pkgconfig:/home/autoware/Autoware/install/map_file/lib/x86_64-linux-gnu/pkgconfig:/home/autoware/Autoware/install/map_file/lib/pkgconfig:/home/autoware/Autoware/install/vector_map_server/lib/x86_64-linux-gnu/pkgconfig:/home/autoware/Autoware/install/vector_map_server/lib/pkgconfig:/home/autoware/Autoware/install/libwaypoint_follower/lib/x86_64-linux-gnu/pkgconfig:/home/autoware/Autoware/install/libwaypoint_follower/lib/pkgconfig:/home/autoware/Autoware/install/lanelet2_extension/lib/x86_64-linux-gnu/pkgconfig:/home/autoware/Autoware/install/lanelet2_extension/lib/pkgconfig:/home/autoware/Autoware/install/vector_map/lib/x86_64-linux-gnu/pkgconfig:/home/autoware/Autoware/install/vector_map/lib/pkgconfig:/home/autoware/Autoware/install/amathutils_lib/lib/x86_64-linux-gnu/pkgconfig:/home/autoware/Autoware/install/amathutils_lib/lib/pkgconfig:/home/autoware/Autoware/install/vector_map_msgs/lib/x86_64-linux-gnu/pkgconfig:/home/autoware/Autoware/install/vector_map_msgs/lib/pkgconfig:/home/autoware/Autoware/install/autoware_msgs/lib/x86_64-linux-gnu/pkgconfig:/home/autoware/Autoware/install/autoware_msgs/lib/pkgconfig:/home/autoware/Autoware/install/autoware_lanelet2_msgs/lib/x86_64-linux-gnu/pkgconfig:/home/autoware/Autoware/install/autoware_lanelet2_msgs/lib/pkgconfig:/home/autoware/Autoware/install/autoware_build_flags/lib/x86_64-linux-gnu/pkgconfig:/home/autoware/Autoware/install/autoware_build_flags/lib/pkgconfig:${PKG_CONFIG_PATH} PYTHONPATH=/home/autoware/Autoware/install/vector_map_server/lib/python2.7/dist-packages:/home/autoware/Autoware/install/vector_map_msgs/lib/python2.7/dist-packages:/home/autoware/Autoware/install/autoware_msgs/lib/python2.7/dist-packages:/home/autoware/Autoware/install/autoware_lanelet2_msgs/lib/python2.7/dist-packages:${PYTHONPATH} ROS_PACKAGE_PATH=/home/autoware/Autoware/install/op_ros_helpers/share:/home/autoware/Autoware/install/op_simu/share:/home/autoware/Autoware/install/op_planner/share:/home/autoware/Autoware/install/op_utility/share:/home/autoware/Autoware/install/map_file/share:/home/autoware/Autoware/install/vector_map_server/share:/home/autoware/Autoware/install/libwaypoint_follower/share:/home/autoware/Autoware/install/lanelet2_extension/share:/home/autoware/Autoware/install/vector_map/share:/home/autoware/Autoware/install/amathutils_lib/share:/home/autoware/Autoware/install/vector_map_msgs/share:/home/autoware/Autoware/install/autoware_msgs/share:/home/autoware/Autoware/install/autoware_lanelet2_msgs/share:/home/autoware/Autoware/install/autoware_build_flags/share:${ROS_PACKAGE_PATH} /usr/bin/cmake --build /home/autoware/Autoware/build/lidar_kf_contour_track --target tests -- -j32 -l32
[1.296s] Built target tests
[1.309s] Invoked command in '/home/autoware/Autoware/build/lidar_kf_contour_track' returned '0': CMAKE_PREFIX_PATH=/home/autoware/Autoware/install/op_ros_helpers:/home/autoware/Autoware/install/op_simu:/home/autoware/Autoware/install/op_planner:/home/autoware/Autoware/install/op_utility:/home/autoware/Autoware/install/map_file:/home/autoware/Autoware/install/vector_map_server:/home/autoware/Autoware/install/libwaypoint_follower:/home/autoware/Autoware/install/lanelet2_extension:/home/autoware/Autoware/install/vector_map:/home/autoware/Autoware/install/amathutils_lib:/home/autoware/Autoware/install/vector_map_msgs:/home/autoware/Autoware/install/autoware_msgs:/home/autoware/Autoware/install/autoware_lanelet2_msgs:/home/autoware/Autoware/install/autoware_build_flags:${CMAKE_PREFIX_PATH} LD_LIBRARY_PATH=/home/autoware/Autoware/install/op_ros_helpers/lib:/home/autoware/Autoware/install/op_simu/lib:/home/autoware/Autoware/install/op_planner/lib:/home/autoware/Autoware/install/op_utility/lib:/home/autoware/Autoware/install/map_file/lib:/home/autoware/Autoware/install/libwaypoint_follower/lib:/home/autoware/Autoware/install/lanelet2_extension/lib:/home/autoware/Autoware/install/vector_map/lib:/home/autoware/Autoware/install/amathutils_lib/lib:${LD_LIBRARY_PATH} PKG_CONFIG_PATH=/home/autoware/Autoware/install/op_ros_helpers/lib/x86_64-linux-gnu/pkgconfig:/home/autoware/Autoware/install/op_ros_helpers/lib/pkgconfig:/home/autoware/Autoware/install/op_simu/lib/x86_64-linux-gnu/pkgconfig:/home/autoware/Autoware/install/op_simu/lib/pkgconfig:/home/autoware/Autoware/install/op_planner/lib/x86_64-linux-gnu/pkgconfig:/home/autoware/Autoware/install/op_planner/lib/pkgconfig:/home/autoware/Autoware/install/op_utility/lib/x86_64-linux-gnu/pkgconfig:/home/autoware/Autoware/install/op_utility/lib/pkgconfig:/home/autoware/Autoware/install/map_file/lib/x86_64-linux-gnu/pkgconfig:/home/autoware/Autoware/install/map_file/lib/pkgconfig:/home/autoware/Autoware/install/vector_map_server/lib/x86_64-linux-gnu/pkgconfig:/home/autoware/Autoware/install/vector_map_server/lib/pkgconfig:/home/autoware/Autoware/install/libwaypoint_follower/lib/x86_64-linux-gnu/pkgconfig:/home/autoware/Autoware/install/libwaypoint_follower/lib/pkgconfig:/home/autoware/Autoware/install/lanelet2_extension/lib/x86_64-linux-gnu/pkgconfig:/home/autoware/Autoware/install/lanelet2_extension/lib/pkgconfig:/home/autoware/Autoware/install/vector_map/lib/x86_64-linux-gnu/pkgconfig:/home/autoware/Autoware/install/vector_map/lib/pkgconfig:/home/autoware/Autoware/install/amathutils_lib/lib/x86_64-linux-gnu/pkgconfig:/home/autoware/Autoware/install/amathutils_lib/lib/pkgconfig:/home/autoware/Autoware/install/vector_map_msgs/lib/x86_64-linux-gnu/pkgconfig:/home/autoware/Autoware/install/vector_map_msgs/lib/pkgconfig:/home/autoware/Autoware/install/autoware_msgs/lib/x86_64-linux-gnu/pkgconfig:/home/autoware/Autoware/install/autoware_msgs/lib/pkgconfig:/home/autoware/Autoware/install/autoware_lanelet2_msgs/lib/x86_64-linux-gnu/pkgconfig:/home/autoware/Autoware/install/autoware_lanelet2_msgs/lib/pkgconfig:/home/autoware/Autoware/install/autoware_build_flags/lib/x86_64-linux-gnu/pkgconfig:/home/autoware/Autoware/install/autoware_build_flags/lib/pkgconfig:${PKG_CONFIG_PATH} PYTHONPATH=/home/autoware/Autoware/install/vector_map_server/lib/python2.7/dist-packages:/home/autoware/Autoware/install/vector_map_msgs/lib/python2.7/dist-packages:/home/autoware/Autoware/install/autoware_msgs/lib/python2.7/dist-packages:/home/autoware/Autoware/install/autoware_lanelet2_msgs/lib/python2.7/dist-packages:${PYTHONPATH} ROS_PACKAGE_PATH=/home/autoware/Autoware/install/op_ros_helpers/share:/home/autoware/Autoware/install/op_simu/share:/home/autoware/Autoware/install/op_planner/share:/home/autoware/Autoware/install/op_utility/share:/home/autoware/Autoware/install/map_file/share:/home/autoware/Autoware/install/vector_map_server/share:/home/autoware/Autoware/install/libwaypoint_follower/share:/home/autoware/Autoware/install/lanelet2_extension/share:/home/autoware/Autoware/install/vector_map/share:/home/autoware/Autoware/install/amathutils_lib/share:/home/autoware/Autoware/install/vector_map_msgs/share:/home/autoware/Autoware/install/autoware_msgs/share:/home/autoware/Autoware/install/autoware_lanelet2_msgs/share:/home/autoware/Autoware/install/autoware_build_flags/share:${ROS_PACKAGE_PATH} /usr/bin/cmake --build /home/autoware/Autoware/build/lidar_kf_contour_track --target tests -- -j32 -l32
[1.410s] Invoking command in '/home/autoware/Autoware/build/lidar_kf_contour_track': CMAKE_PREFIX_PATH=/home/autoware/Autoware/install/op_ros_helpers:/home/autoware/Autoware/install/op_simu:/home/autoware/Autoware/install/op_planner:/home/autoware/Autoware/install/op_utility:/home/autoware/Autoware/install/map_file:/home/autoware/Autoware/install/vector_map_server:/home/autoware/Autoware/install/libwaypoint_follower:/home/autoware/Autoware/install/lanelet2_extension:/home/autoware/Autoware/install/vector_map:/home/autoware/Autoware/install/amathutils_lib:/home/autoware/Autoware/install/vector_map_msgs:/home/autoware/Autoware/install/autoware_msgs:/home/autoware/Autoware/install/autoware_lanelet2_msgs:/home/autoware/Autoware/install/autoware_build_flags:${CMAKE_PREFIX_PATH} LD_LIBRARY_PATH=/home/autoware/Autoware/install/op_ros_helpers/lib:/home/autoware/Autoware/install/op_simu/lib:/home/autoware/Autoware/install/op_planner/lib:/home/autoware/Autoware/install/op_utility/lib:/home/autoware/Autoware/install/map_file/lib:/home/autoware/Autoware/install/libwaypoint_follower/lib:/home/autoware/Autoware/install/lanelet2_extension/lib:/home/autoware/Autoware/install/vector_map/lib:/home/autoware/Autoware/install/amathutils_lib/lib:${LD_LIBRARY_PATH} PKG_CONFIG_PATH=/home/autoware/Autoware/install/op_ros_helpers/lib/x86_64-linux-gnu/pkgconfig:/home/autoware/Autoware/install/op_ros_helpers/lib/pkgconfig:/home/autoware/Autoware/install/op_simu/lib/x86_64-linux-gnu/pkgconfig:/home/autoware/Autoware/install/op_simu/lib/pkgconfig:/home/autoware/Autoware/install/op_planner/lib/x86_64-linux-gnu/pkgconfig:/home/autoware/Autoware/install/op_planner/lib/pkgconfig:/home/autoware/Autoware/install/op_utility/lib/x86_64-linux-gnu/pkgconfig:/home/autoware/Autoware/install/op_utility/lib/pkgconfig:/home/autoware/Autoware/install/map_file/lib/x86_64-linux-gnu/pkgconfig:/home/autoware/Autoware/install/map_file/lib/pkgconfig:/home/autoware/Autoware/install/vector_map_server/lib/x86_64-linux-gnu/pkgconfig:/home/autoware/Autoware/install/vector_map_server/lib/pkgconfig:/home/autoware/Autoware/install/libwaypoint_follower/lib/x86_64-linux-gnu/pkgconfig:/home/autoware/Autoware/install/libwaypoint_follower/lib/pkgconfig:/home/autoware/Autoware/install/lanelet2_extension/lib/x86_64-linux-gnu/pkgconfig:/home/autoware/Autoware/install/lanelet2_extension/lib/pkgconfig:/home/autoware/Autoware/install/vector_map/lib/x86_64-linux-gnu/pkgconfig:/home/autoware/Autoware/install/vector_map/lib/pkgconfig:/home/autoware/Autoware/install/amathutils_lib/lib/x86_64-linux-gnu/pkgconfig:/home/autoware/Autoware/install/amathutils_lib/lib/pkgconfig:/home/autoware/Autoware/install/vector_map_msgs/lib/x86_64-linux-gnu/pkgconfig:/home/autoware/Autoware/install/vector_map_msgs/lib/pkgconfig:/home/autoware/Autoware/install/autoware_msgs/lib/x86_64-linux-gnu/pkgconfig:/home/autoware/Autoware/install/autoware_msgs/lib/pkgconfig:/home/autoware/Autoware/install/autoware_lanelet2_msgs/lib/x86_64-linux-gnu/pkgconfig:/home/autoware/Autoware/install/autoware_lanelet2_msgs/lib/pkgconfig:/home/autoware/Autoware/install/autoware_build_flags/lib/x86_64-linux-gnu/pkgconfig:/home/autoware/Autoware/install/autoware_build_flags/lib/pkgconfig:${PKG_CONFIG_PATH} PYTHONPATH=/home/autoware/Autoware/install/vector_map_server/lib/python2.7/dist-packages:/home/autoware/Autoware/install/vector_map_msgs/lib/python2.7/dist-packages:/home/autoware/Autoware/install/autoware_msgs/lib/python2.7/dist-packages:/home/autoware/Autoware/install/autoware_lanelet2_msgs/lib/python2.7/dist-packages:${PYTHONPATH} ROS_PACKAGE_PATH=/home/autoware/Autoware/install/op_ros_helpers/share:/home/autoware/Autoware/install/op_simu/share:/home/autoware/Autoware/install/op_planner/share:/home/autoware/Autoware/install/op_utility/share:/home/autoware/Autoware/install/map_file/share:/home/autoware/Autoware/install/vector_map_server/share:/home/autoware/Autoware/install/libwaypoint_follower/share:/home/autoware/Autoware/install/lanelet2_extension/share:/home/autoware/Autoware/install/vector_map/share:/home/autoware/Autoware/install/amathutils_lib/share:/home/autoware/Autoware/install/vector_map_msgs/share:/home/autoware/Autoware/install/autoware_msgs/share:/home/autoware/Autoware/install/autoware_lanelet2_msgs/share:/home/autoware/Autoware/install/autoware_build_flags/share:${ROS_PACKAGE_PATH} /usr/bin/cmake --build /home/autoware/Autoware/build/lidar_kf_contour_track --target install -- -j32 -l32
[1.510s] [  0%] Built target tf2_msgs_generate_messages_eus
[1.511s] [  0%] Built target geometry_msgs_generate_messages_py
[1.511s] [  0%] Built target tf2_msgs_generate_messages_nodejs
[1.512s] [  0%] Built target sensor_msgs_generate_messages_nodejs
[1.512s] [  0%] Built target tf2_msgs_generate_messages_lisp
[1.513s] [  0%] Built target pcl_msgs_generate_messages_eus
[1.513s] [  0%] Built target autoware_msgs_generate_messages_cpp
[1.514s] [  0%] Built target autoware_msgs_generate_messages_py
[1.514s] [  0%] Built target std_msgs_generate_messages_nodejs
[1.514s] [  0%] Built target sensor_msgs_generate_messages_cpp
[1.514s] [  0%] Built target std_msgs_generate_messages_lisp
[1.514s] [  0%] Built target visualization_msgs_generate_messages_nodejs
[1.514s] [  0%] Built target actionlib_generate_messages_cpp
[1.514s] [  0%] Built target sensor_msgs_generate_messages_eus
[1.515s] [  0%] Built target jsk_recognition_msgs_generate_messages_py
[1.515s] [  0%] Built target visualization_msgs_generate_messages_py
[1.515s] [  0%] Built target _catkin_empty_exported_target
[1.515s] [  0%] Built target actionlib_msgs_generate_messages_nodejs
[1.515s] [  0%] Built target std_msgs_generate_messages_py
[1.515s] [  0%] Built target sensor_msgs_generate_messages_py
[1.516s] [  0%] Built target sensor_msgs_generate_messages_lisp
[1.516s] [  0%] Built target rosgraph_msgs_generate_messages_cpp
[1.516s] [  0%] Built target tf2_msgs_generate_messages_cpp
[1.516s] [  0%] Built target tf_generate_messages_py
[1.516s] [  0%] Built target jsk_recognition_msgs_generate_messages_lisp
[1.517s] [  0%] Built target pcl_msgs_generate_messages_nodejs
[1.517s] [  0%] Built target jsk_recognition_msgs_generate_messages_eus
[1.518s] [  0%] Built target jsk_footstep_msgs_generate_messages_py
[1.520s] [  0%] Built target rosgraph_msgs_generate_messages_eus
[1.520s] [  0%] Built target geometry_msgs_generate_messages_eus
[1.524s] [  0%] Built target std_msgs_generate_messages_cpp
[1.530s] [  0%] Built target vector_map_msgs_generate_messages_nodejs
[1.569s] [  0%] Built target autoware_msgs_generate_messages_nodejs
[1.571s] [  0%] Built target vector_map_msgs_generate_messages_eus
[1.572s] [  0%] Built target roscpp_generate_messages_nodejs
[1.573s] [  0%] Built target jsk_footstep_msgs_generate_messages_nodejs
[1.575s] [  0%] Built target jsk_recognition_msgs_generate_messages_cpp
[1.575s] [  0%] Built target actionlib_msgs_generate_messages_py
[1.582s] [  0%] Built target pcl_msgs_generate_messages_cpp
[1.584s] [  0%] Built target geometry_msgs_generate_messages_lisp
[1.584s] [  0%] Built target vector_map_server_generate_messages_lisp
[1.584s] [  0%] Built target visualization_msgs_generate_messages_lisp
[1.585s] [  0%] Built target autoware_msgs_generate_messages_eus
[1.587s] [  0%] Built target actionlib_msgs_generate_messages_lisp
[1.592s] [  0%] Built target jsk_recognition_msgs_generate_messages_nodejs
[1.594s] [  0%] Built target visualization_msgs_generate_messages_eus
[1.596s] [  0%] Built target tf_generate_messages_eus
[1.598s] [  0%] Built target geometry_msgs_generate_messages_nodejs
[1.598s] [  0%] Built target std_msgs_generate_messages_eus
[1.608s] [  0%] Built target jsk_footstep_msgs_generate_messages_eus
[1.608s] [  0%] Built target roscpp_generate_messages_cpp
[1.608s] [  0%] Built target vector_map_msgs_generate_messages_lisp
[1.609s] [  0%] Built target vector_map_msgs_generate_messages_cpp
[1.610s] [  0%] Built target jsk_footstep_msgs_generate_messages_cpp
[1.611s] [  0%] Built target tf_generate_messages_nodejs
[1.611s] [  0%] Built target vector_map_server_generate_messages_eus
[1.614s] [  0%] Built target vector_map_server_generate_messages_cpp
[1.615s] [  0%] Built target actionlib_msgs_generate_messages_cpp
[1.619s] [  0%] Built target jsk_footstep_msgs_generate_messages_lisp
[1.620s] [  0%] Built target autoware_msgs_generate_messages_lisp
[1.625s] [  0%] Built target vector_map_msgs_generate_messages_py
[1.630s] [  0%] Built target vector_map_server_generate_messages_nodejs
[1.656s] [  0%] Built target tf_generate_messages_lisp
[1.656s] [  0%] Built target roscpp_generate_messages_lisp
[1.659s] [  0%] Built target geometry_msgs_generate_messages_cpp
[1.680s] [  0%] Built target rosgraph_msgs_generate_messages_lisp
[1.680s] [  0%] Built target roscpp_generate_messages_eus
[1.681s] [  0%] Built target roscpp_generate_messages_py
[1.690s] [  0%] Built target actionlib_msgs_generate_messages_eus
[1.691s] [  0%] Built target pcl_msgs_generate_messages_lisp
[1.699s] [  0%] Built target actionlib_generate_messages_nodejs
[1.701s] [  0%] Built target actionlib_generate_messages_lisp
[1.703s] [  0%] Built target rosgraph_msgs_generate_messages_py
[1.708s] [  0%] Built target rosgraph_msgs_generate_messages_nodejs
[1.714s] [  0%] Built target vector_map_server_generate_messages_py
[1.716s] [  0%] Built target tf_generate_messages_cpp
[1.720s] [  0%] Built target visualization_msgs_generate_messages_cpp
[1.721s] [  0%] Built target actionlib_generate_messages_eus
[1.730s] [  0%] Built target actionlib_generate_messages_py
[1.752s] [  0%] Built target pcl_msgs_generate_messages_py
[1.776s] [  0%] Built target tf2_msgs_generate_messages_py
[1.973s] [100%] Built target lidar_kf_contour_track
[2.021s] Install the project...
[2.039s] -- Install configuration: "Release"
[2.039s] -- Up-to-date: /home/autoware/Autoware/install/lidar_kf_contour_track/lib/pkgconfig/lidar_kf_contour_track.pc
[2.044s] -- Up-to-date: /home/autoware/Autoware/install/lidar_kf_contour_track/share/lidar_kf_contour_track/cmake/lidar_kf_contour_trackConfig.cmake
[2.045s] -- Up-to-date: /home/autoware/Autoware/install/lidar_kf_contour_track/share/lidar_kf_contour_track/cmake/lidar_kf_contour_trackConfig-version.cmake
[2.046s] -- Up-to-date: /home/autoware/Autoware/install/lidar_kf_contour_track/share/lidar_kf_contour_track/package.xml
[2.047s] -- Up-to-date: /home/autoware/Autoware/install/lidar_kf_contour_track/lib/lidar_kf_contour_track/lidar_kf_contour_track
[2.049s] -- Up-to-date: /home/autoware/Autoware/install/lidar_kf_contour_track/share/lidar_kf_contour_track/launch
[2.049s] -- Up-to-date: /home/autoware/Autoware/install/lidar_kf_contour_track/share/lidar_kf_contour_track/launch/lidar_kf_contour_track.launch
[2.056s] Invoked command in '/home/autoware/Autoware/build/lidar_kf_contour_track' returned '0': CMAKE_PREFIX_PATH=/home/autoware/Autoware/install/op_ros_helpers:/home/autoware/Autoware/install/op_simu:/home/autoware/Autoware/install/op_planner:/home/autoware/Autoware/install/op_utility:/home/autoware/Autoware/install/map_file:/home/autoware/Autoware/install/vector_map_server:/home/autoware/Autoware/install/libwaypoint_follower:/home/autoware/Autoware/install/lanelet2_extension:/home/autoware/Autoware/install/vector_map:/home/autoware/Autoware/install/amathutils_lib:/home/autoware/Autoware/install/vector_map_msgs:/home/autoware/Autoware/install/autoware_msgs:/home/autoware/Autoware/install/autoware_lanelet2_msgs:/home/autoware/Autoware/install/autoware_build_flags:${CMAKE_PREFIX_PATH} LD_LIBRARY_PATH=/home/autoware/Autoware/install/op_ros_helpers/lib:/home/autoware/Autoware/install/op_simu/lib:/home/autoware/Autoware/install/op_planner/lib:/home/autoware/Autoware/install/op_utility/lib:/home/autoware/Autoware/install/map_file/lib:/home/autoware/Autoware/install/libwaypoint_follower/lib:/home/autoware/Autoware/install/lanelet2_extension/lib:/home/autoware/Autoware/install/vector_map/lib:/home/autoware/Autoware/install/amathutils_lib/lib:${LD_LIBRARY_PATH} PKG_CONFIG_PATH=/home/autoware/Autoware/install/op_ros_helpers/lib/x86_64-linux-gnu/pkgconfig:/home/autoware/Autoware/install/op_ros_helpers/lib/pkgconfig:/home/autoware/Autoware/install/op_simu/lib/x86_64-linux-gnu/pkgconfig:/home/autoware/Autoware/install/op_simu/lib/pkgconfig:/home/autoware/Autoware/install/op_planner/lib/x86_64-linux-gnu/pkgconfig:/home/autoware/Autoware/install/op_planner/lib/pkgconfig:/home/autoware/Autoware/install/op_utility/lib/x86_64-linux-gnu/pkgconfig:/home/autoware/Autoware/install/op_utility/lib/pkgconfig:/home/autoware/Autoware/install/map_file/lib/x86_64-linux-gnu/pkgconfig:/home/autoware/Autoware/install/map_file/lib/pkgconfig:/home/autoware/Autoware/install/vector_map_server/lib/x86_64-linux-gnu/pkgconfig:/home/autoware/Autoware/install/vector_map_server/lib/pkgconfig:/home/autoware/Autoware/install/libwaypoint_follower/lib/x86_64-linux-gnu/pkgconfig:/home/autoware/Autoware/install/libwaypoint_follower/lib/pkgconfig:/home/autoware/Autoware/install/lanelet2_extension/lib/x86_64-linux-gnu/pkgconfig:/home/autoware/Autoware/install/lanelet2_extension/lib/pkgconfig:/home/autoware/Autoware/install/vector_map/lib/x86_64-linux-gnu/pkgconfig:/home/autoware/Autoware/install/vector_map/lib/pkgconfig:/home/autoware/Autoware/install/amathutils_lib/lib/x86_64-linux-gnu/pkgconfig:/home/autoware/Autoware/install/amathutils_lib/lib/pkgconfig:/home/autoware/Autoware/install/vector_map_msgs/lib/x86_64-linux-gnu/pkgconfig:/home/autoware/Autoware/install/vector_map_msgs/lib/pkgconfig:/home/autoware/Autoware/install/autoware_msgs/lib/x86_64-linux-gnu/pkgconfig:/home/autoware/Autoware/install/autoware_msgs/lib/pkgconfig:/home/autoware/Autoware/install/autoware_lanelet2_msgs/lib/x86_64-linux-gnu/pkgconfig:/home/autoware/Autoware/install/autoware_lanelet2_msgs/lib/pkgconfig:/home/autoware/Autoware/install/autoware_build_flags/lib/x86_64-linux-gnu/pkgconfig:/home/autoware/Autoware/install/autoware_build_flags/lib/pkgconfig:${PKG_CONFIG_PATH} PYTHONPATH=/home/autoware/Autoware/install/vector_map_server/lib/python2.7/dist-packages:/home/autoware/Autoware/install/vector_map_msgs/lib/python2.7/dist-packages:/home/autoware/Autoware/install/autoware_msgs/lib/python2.7/dist-packages:/home/autoware/Autoware/install/autoware_lanelet2_msgs/lib/python2.7/dist-packages:${PYTHONPATH} ROS_PACKAGE_PATH=/home/autoware/Autoware/install/op_ros_helpers/share:/home/autoware/Autoware/install/op_simu/share:/home/autoware/Autoware/install/op_planner/share:/home/autoware/Autoware/install/op_utility/share:/home/autoware/Autoware/install/map_file/share:/home/autoware/Autoware/install/vector_map_server/share:/home/autoware/Autoware/install/libwaypoint_follower/share:/home/autoware/Autoware/install/lanelet2_extension/share:/home/autoware/Autoware/install/vector_map/share:/home/autoware/Autoware/install/amathutils_lib/share:/home/autoware/Autoware/install/vector_map_msgs/share:/home/autoware/Autoware/install/autoware_msgs/share:/home/autoware/Autoware/install/autoware_lanelet2_msgs/share:/home/autoware/Autoware/install/autoware_build_flags/share:${ROS_PACKAGE_PATH} /usr/bin/cmake --build /home/autoware/Autoware/build/lidar_kf_contour_track --target install -- -j32 -l32
