[  0%] Built target tf2_msgs_generate_messages_eus
[  0%] Built target geometry_msgs_generate_messages_lisp
[  0%] Built target pcl_ros_gencfg
[  0%] Built target nodelet_generate_messages_eus
[  0%] Built target geometry_msgs_generate_messages_py
[  0%] Built target topic_tools_generate_messages_cpp
[  0%] Built target actionlib_generate_messages_py
[  0%] Built target actionlib_msgs_generate_messages_py
[  0%] Built target tf2_msgs_generate_messages_cpp
[  0%] Built target jsk_recognition_msgs_generate_messages_py
[  0%] Built target nodelet_generate_messages_nodejs
[  0%] Built target dynamic_reconfigure_generate_messages_lisp
[  0%] Built target pcl_msgs_generate_messages_cpp
[  0%] Built target jsk_footstep_msgs_generate_messages_py
[  0%] Built target tf2_msgs_generate_messages_lisp
[  0%] Built target rosgraph_msgs_generate_messages_cpp
[  0%] Built target jsk_footstep_msgs_generate_messages_nodejs
[  0%] Built target bond_generate_messages_lisp
[  0%] Built target dynamic_reconfigure_generate_messages_py
[  0%] Built target jsk_footstep_msgs_generate_messages_eus
[  0%] Built target dynamic_reconfigure_generate_messages_eus
[  0%] Built target tf2_msgs_generate_messages_nodejs
[  0%] Built target autoware_msgs_generate_messages_nodejs
[  0%] Built target pcl_msgs_generate_messages_nodejs
[  0%] Built target autoware_msgs_generate_messages_lisp
[  0%] Built target jsk_footstep_msgs_generate_messages_lisp
[  0%] Built target dynamic_reconfigure_gencfg
[  0%] Built target jsk_recognition_msgs_generate_messages_lisp
[  0%] Built target autoware_msgs_generate_messages_eus
[  0%] Built target tf2_msgs_generate_messages_py
[  0%] Built target autoware_msgs_generate_messages_cpp
[  0%] Built target jsk_recognition_msgs_generate_messages_eus
[  0%] Built target topic_tools_generate_messages_nodejs
[  0%] Built target std_msgs_generate_messages_cpp
[  0%] Built target autoware_msgs_generate_messages_py
[  0%] Built target sensor_msgs_generate_messages_lisp
[  0%] Built target std_srvs_generate_messages_nodejs
[  0%] Built target sensor_msgs_generate_messages_nodejs
[  0%] Built target actionlib_generate_messages_lisp
[ 50%] Built target gpu_point_pillars_lib
[ 50%] Built target geometry_msgs_generate_messages_cpp
[ 50%] Built target nodelet_generate_messages_lisp
[ 50%] Built target std_srvs_generate_messages_eus
[ 50%] Built target nodelet_generate_messages_cpp
[ 50%] Built target bond_generate_messages_py
[ 50%] Built target std_msgs_generate_messages_lisp
[ 50%] Built target geometry_msgs_generate_messages_eus
[ 50%] Built target roscpp_generate_messages_cpp
[ 50%] Built target dynamic_reconfigure_generate_messages_nodejs
[ 50%] Built target rosgraph_msgs_generate_messages_eus
[ 50%] Built target sensor_msgs_generate_messages_eus
[ 50%] Built target actionlib_generate_messages_cpp
[ 50%] Built target roscpp_generate_messages_py
[ 50%] Built target rosgraph_msgs_generate_messages_py
[ 50%] Built target std_msgs_generate_messages_nodejs
[ 50%] Built target bond_generate_messages_cpp
[ 50%] Built target std_msgs_generate_messages_py
[ 50%] Built target std_msgs_generate_messages_eus
[ 50%] Built target rosgraph_msgs_generate_messages_nodejs
[ 50%] Built target topic_tools_generate_messages_lisp
[ 50%] Built target jsk_recognition_msgs_generate_messages_cpp
[ 50%] Built target geometry_msgs_generate_messages_nodejs
[ 50%] Built target dynamic_reconfigure_generate_messages_cpp
[ 50%] Built target std_srvs_generate_messages_py
[ 50%] Built target nodelet_generate_messages_py
[ 50%] Built target pcl_msgs_generate_messages_eus
[ 50%] Built target roscpp_generate_messages_lisp
[ 50%] Built target bond_generate_messages_eus
[ 50%] Built target sensor_msgs_generate_messages_py
[ 50%] Built target tf_generate_messages_py
[ 50%] Built target bond_generate_messages_nodejs
[ 50%] Built target nodelet_topic_tools_gencfg
[ 50%] Built target actionlib_msgs_generate_messages_cpp
[ 50%] Built target actionlib_msgs_generate_messages_nodejs
[ 50%] Built target jsk_recognition_msgs_generate_messages_nodejs
[ 50%] Built target std_srvs_generate_messages_cpp
[ 50%] Built target roscpp_generate_messages_nodejs
[ 50%] Built target roscpp_generate_messages_eus
[ 50%] Built target jsk_footstep_msgs_generate_messages_cpp
[ 50%] Built target topic_tools_generate_messages_py
[ 50%] Built target rosgraph_msgs_generate_messages_lisp
[ 50%] Built target actionlib_generate_messages_nodejs
[ 50%] Built target sensor_msgs_generate_messages_cpp
[ 50%] Built target std_srvs_generate_messages_lisp
[ 50%] Built target tf_generate_messages_lisp
[ 50%] Built target actionlib_msgs_generate_messages_lisp
[ 50%] Built target pcl_msgs_generate_messages_py
[ 50%] Built target pcl_msgs_generate_messages_lisp
[ 75%] Built target point_pillars_lib
[ 75%] Built target actionlib_generate_messages_eus
[ 75%] Built target tf_generate_messages_eus
[ 75%] Built target actionlib_msgs_generate_messages_eus
[ 75%] Built target topic_tools_generate_messages_eus
[ 75%] Built target tf_generate_messages_nodejs
[ 75%] Built target tf_generate_messages_cpp
[100%] Built target lidar_point_pillars
Built target tests
[  0%] Built target nodelet_generate_messages_eus
[  0%] Built target jsk_footstep_msgs_generate_messages_eus
[  0%] Built target dynamic_reconfigure_generate_messages_lisp
[  0%] Built target topic_tools_generate_messages_cpp
[  0%] Built target actionlib_msgs_generate_messages_py
[  0%] Built target pcl_msgs_generate_messages_nodejs
[  0%] Built target jsk_recognition_msgs_generate_messages_py
[  0%] Built target tf2_msgs_generate_messages_eus
[  0%] Built target jsk_footstep_msgs_generate_messages_nodejs
[  0%] Built target autoware_msgs_generate_messages_nodejs
[  0%] Built target autoware_msgs_generate_messages_eus
[  0%] Built target rosgraph_msgs_generate_messages_cpp
[  0%] Built target tf2_msgs_generate_messages_lisp
[  0%] Built target jsk_recognition_msgs_generate_messages_eus
[  0%] Built target jsk_recognition_msgs_generate_messages_lisp
[  0%] Built target dynamic_reconfigure_gencfg
[  0%] Built target pcl_msgs_generate_messages_cpp
[  0%] Built target geometry_msgs_generate_messages_py
[  0%] Built target autoware_msgs_generate_messages_cpp
[  0%] Built target nodelet_generate_messages_nodejs
[  0%] Built target tf2_msgs_generate_messages_py
[  0%] Built target pcl_ros_gencfg
[  0%] Built target jsk_footstep_msgs_generate_messages_lisp
[  0%] Built target tf2_msgs_generate_messages_nodejs
[  0%] Built target tf2_msgs_generate_messages_cpp
[  0%] Built target geometry_msgs_generate_messages_lisp
[  0%] Built target actionlib_generate_messages_py
[  0%] Built target topic_tools_generate_messages_nodejs
[  0%] Built target dynamic_reconfigure_generate_messages_py
[  0%] Built target jsk_footstep_msgs_generate_messages_py
[  0%] Built target autoware_msgs_generate_messages_lisp
[  0%] Built target std_msgs_generate_messages_cpp
[  0%] Built target roscpp_generate_messages_nodejs
[  0%] Built target geometry_msgs_generate_messages_cpp
[  0%] Built target dynamic_reconfigure_generate_messages_eus
[  0%] Built target std_srvs_generate_messages_nodejs
[ 50%] Built target std_msgs_generate_messages_nodejs
[ 50%] Built target gpu_point_pillars_lib
[ 50%] Built target sensor_msgs_generate_messages_nodejs
[ 50%] Built target bond_generate_messages_eus
[ 50%] Built target roscpp_generate_messages_cpp
[ 50%] Built target sensor_msgs_generate_messages_lisp
[ 50%] Built target rosgraph_msgs_generate_messages_lisp
[ 50%] Built target roscpp_generate_messages_lisp
[ 50%] Built target nodelet_generate_messages_cpp
[ 50%] Built target actionlib_generate_messages_cpp
[ 50%] Built target bond_generate_messages_lisp
[ 50%] Built target actionlib_generate_messages_lisp
[ 50%] Built target bond_generate_messages_py
[ 50%] Built target nodelet_generate_messages_lisp
[ 50%] Built target autoware_msgs_generate_messages_py
[ 50%] Built target jsk_recognition_msgs_generate_messages_nodejs
[ 50%] Built target std_msgs_generate_messages_py
[ 50%] Built target roscpp_generate_messages_py
[ 50%] Built target std_srvs_generate_messages_eus
[ 50%] Built target std_msgs_generate_messages_lisp
[ 50%] Built target geometry_msgs_generate_messages_nodejs
[ 50%] Built target rosgraph_msgs_generate_messages_eus
[ 50%] Built target geometry_msgs_generate_messages_eus
[ 50%] Built target rosgraph_msgs_generate_messages_nodejs
[ 50%] Built target dynamic_reconfigure_generate_messages_nodejs
[ 50%] Built target std_msgs_generate_messages_eus
[ 50%] Built target rosgraph_msgs_generate_messages_py
[ 50%] Built target actionlib_msgs_generate_messages_nodejs
[ 50%] Built target bond_generate_messages_cpp
[ 50%] Built target bond_generate_messages_nodejs
[ 50%] Built target std_srvs_generate_messages_lisp
[ 50%] Built target roscpp_generate_messages_eus
[ 50%] Built target actionlib_msgs_generate_messages_eus
[ 50%] Built target jsk_recognition_msgs_generate_messages_cpp
[ 50%] Built target sensor_msgs_generate_messages_cpp
[ 50%] Built target topic_tools_generate_messages_lisp
[ 50%] Built target sensor_msgs_generate_messages_eus
[ 50%] Built target std_srvs_generate_messages_py
[ 50%] Built target pcl_msgs_generate_messages_py
[ 50%] Built target nodelet_topic_tools_gencfg
[ 50%] Built target nodelet_generate_messages_py
[ 50%] Built target std_srvs_generate_messages_cpp
[ 50%] Built target pcl_msgs_generate_messages_lisp
[ 50%] Built target jsk_footstep_msgs_generate_messages_cpp
[ 50%] Built target tf_generate_messages_eus
[ 50%] Built target topic_tools_generate_messages_py
[ 50%] Built target pcl_msgs_generate_messages_eus
[ 50%] Built target tf_generate_messages_nodejs
[ 50%] Built target tf_generate_messages_cpp
[ 50%] Built target actionlib_generate_messages_eus
[ 50%] Built target actionlib_msgs_generate_messages_cpp
[ 50%] Built target tf_generate_messages_py
[ 50%] Built target sensor_msgs_generate_messages_py
[ 50%] Built target topic_tools_generate_messages_eus
[ 50%] Built target tf_generate_messages_lisp
[ 50%] Built target dynamic_reconfigure_generate_messages_cpp
[ 50%] Built target actionlib_generate_messages_nodejs
[ 75%] Built target point_pillars_lib
[ 75%] Built target actionlib_msgs_generate_messages_lisp
[100%] Built target lidar_point_pillars
Install the project...
-- Install configuration: "Release"
-- Up-to-date: /home/autoware/Autoware/install/lidar_point_pillars/lib/pkgconfig/lidar_point_pillars.pc
-- Up-to-date: /home/autoware/Autoware/install/lidar_point_pillars/share/lidar_point_pillars/cmake/lidar_point_pillarsConfig.cmake
-- Up-to-date: /home/autoware/Autoware/install/lidar_point_pillars/share/lidar_point_pillars/cmake/lidar_point_pillarsConfig-version.cmake
-- Up-to-date: /home/autoware/Autoware/install/lidar_point_pillars/share/lidar_point_pillars/package.xml
-- Up-to-date: /home/autoware/Autoware/install/lidar_point_pillars/lib/libgpu_point_pillars_lib.so
-- Up-to-date: /home/autoware/Autoware/install/lidar_point_pillars/lib/libpoint_pillars_lib.so
-- Up-to-date: /home/autoware/Autoware/install/lidar_point_pillars/lib/lidar_point_pillars/lidar_point_pillars
-- Up-to-date: /home/autoware/Autoware/install/lidar_point_pillars/share/lidar_point_pillars/launch
-- Up-to-date: /home/autoware/Autoware/install/lidar_point_pillars/share/lidar_point_pillars/launch/lidar_point_pillars.launch
-- Up-to-date: /home/autoware/Autoware/install/lidar_point_pillars/include/lidar_point_pillars/lidar_point_pillars/
-- Up-to-date: /home/autoware/Autoware/install/lidar_point_pillars/include/lidar_point_pillars/lidar_point_pillars//lidar_point_pillars
-- Up-to-date: /home/autoware/Autoware/install/lidar_point_pillars/include/lidar_point_pillars/lidar_point_pillars//lidar_point_pillars/nms_cuda.h
-- Up-to-date: /home/autoware/Autoware/install/lidar_point_pillars/include/lidar_point_pillars/lidar_point_pillars//lidar_point_pillars/preprocess_points.h
-- Up-to-date: /home/autoware/Autoware/install/lidar_point_pillars/include/lidar_point_pillars/lidar_point_pillars//lidar_point_pillars/scatter_cuda.h
-- Up-to-date: /home/autoware/Autoware/install/lidar_point_pillars/include/lidar_point_pillars/lidar_point_pillars//lidar_point_pillars/point_pillars.h
-- Up-to-date: /home/autoware/Autoware/install/lidar_point_pillars/include/lidar_point_pillars/lidar_point_pillars//lidar_point_pillars/preprocess_points_cuda.h
-- Up-to-date: /home/autoware/Autoware/install/lidar_point_pillars/include/lidar_point_pillars/lidar_point_pillars//lidar_point_pillars/postprocess_cuda.h
-- Up-to-date: /home/autoware/Autoware/install/lidar_point_pillars/include/lidar_point_pillars/lidar_point_pillars//lidar_point_pillars/point_pillars_ros.h
-- Up-to-date: /home/autoware/Autoware/install/lidar_point_pillars/include/lidar_point_pillars/lidar_point_pillars//lidar_point_pillars/common.h
-- Up-to-date: /home/autoware/Autoware/install/lidar_point_pillars/include/lidar_point_pillars/lidar_point_pillars//lidar_point_pillars/anchor_mask_cuda.h
