[0.548s] Invoking command in '/home/autoware/Autoware/build/lidar_point_pillars': CMAKE_PREFIX_PATH=/home/autoware/Autoware/install/autoware_msgs:/home/autoware/Autoware/install/autoware_build_flags:${CMAKE_PREFIX_PATH} PKG_CONFIG_PATH=/home/autoware/Autoware/install/autoware_msgs/lib/x86_64-linux-gnu/pkgconfig:/home/autoware/Autoware/install/autoware_msgs/lib/pkgconfig:/home/autoware/Autoware/install/autoware_build_flags/lib/x86_64-linux-gnu/pkgconfig:/home/autoware/Autoware/install/autoware_build_flags/lib/pkgconfig:${PKG_CONFIG_PATH} PYTHONPATH=/home/autoware/Autoware/install/autoware_msgs/lib/python2.7/dist-packages:${PYTHONPATH} ROS_PACKAGE_PATH=/home/autoware/Autoware/install/autoware_msgs/share:/home/autoware/Autoware/install/autoware_build_flags/share:${ROS_PACKAGE_PATH} /usr/bin/cmake --build /home/autoware/Autoware/build/lidar_point_pillars -- -j32 -l32
[1.169s] [  0%] Built target tf2_msgs_generate_messages_eus
[1.169s] [  0%] Built target geometry_msgs_generate_messages_lisp
[1.169s] [  0%] Built target pcl_ros_gencfg
[1.169s] [  0%] Built target nodelet_generate_messages_eus
[1.169s] [  0%] Built target geometry_msgs_generate_messages_py
[1.169s] [  0%] Built target topic_tools_generate_messages_cpp
[1.169s] [  0%] Built target actionlib_generate_messages_py
[1.169s] [  0%] Built target actionlib_msgs_generate_messages_py
[1.170s] [  0%] Built target tf2_msgs_generate_messages_cpp
[1.170s] [  0%] Built target jsk_recognition_msgs_generate_messages_py
[1.170s] [  0%] Built target nodelet_generate_messages_nodejs
[1.170s] [  0%] Built target dynamic_reconfigure_generate_messages_lisp
[1.170s] [  0%] Built target pcl_msgs_generate_messages_cpp
[1.170s] [  0%] Built target jsk_footstep_msgs_generate_messages_py
[1.170s] [  0%] Built target tf2_msgs_generate_messages_lisp
[1.170s] [  0%] Built target rosgraph_msgs_generate_messages_cpp
[1.170s] [  0%] Built target jsk_footstep_msgs_generate_messages_nodejs
[1.170s] [  0%] Built target bond_generate_messages_lisp
[1.170s] [  0%] Built target dynamic_reconfigure_generate_messages_py
[1.170s] [  0%] Built target jsk_footstep_msgs_generate_messages_eus
[1.171s] [  0%] Built target dynamic_reconfigure_generate_messages_eus
[1.171s] [  0%] Built target tf2_msgs_generate_messages_nodejs
[1.171s] [  0%] Built target autoware_msgs_generate_messages_nodejs
[1.171s] [  0%] Built target pcl_msgs_generate_messages_nodejs
[1.171s] [  0%] Built target autoware_msgs_generate_messages_lisp
[1.171s] [  0%] Built target jsk_footstep_msgs_generate_messages_lisp
[1.171s] [  0%] Built target dynamic_reconfigure_gencfg
[1.171s] [  0%] Built target jsk_recognition_msgs_generate_messages_lisp
[1.171s] [  0%] Built target autoware_msgs_generate_messages_eus
[1.171s] [  0%] Built target tf2_msgs_generate_messages_py
[1.171s] [  0%] Built target autoware_msgs_generate_messages_cpp
[1.171s] [  0%] Built target jsk_recognition_msgs_generate_messages_eus
[1.172s] [  0%] Built target topic_tools_generate_messages_nodejs
[1.172s] [  0%] Built target std_msgs_generate_messages_cpp
[1.172s] [  0%] Built target autoware_msgs_generate_messages_py
[1.172s] [  0%] Built target sensor_msgs_generate_messages_lisp
[1.172s] [  0%] Built target std_srvs_generate_messages_nodejs
[1.247s] [  0%] Built target sensor_msgs_generate_messages_nodejs
[1.248s] [  0%] Built target actionlib_generate_messages_lisp
[1.248s] [ 50%] Built target gpu_point_pillars_lib
[1.248s] [ 50%] Built target geometry_msgs_generate_messages_cpp
[1.248s] [ 50%] Built target nodelet_generate_messages_lisp
[1.248s] [ 50%] Built target std_srvs_generate_messages_eus
[1.248s] [ 50%] Built target nodelet_generate_messages_cpp
[1.248s] [ 50%] Built target bond_generate_messages_py
[1.248s] [ 50%] Built target std_msgs_generate_messages_lisp
[1.248s] [ 50%] Built target geometry_msgs_generate_messages_eus
[1.248s] [ 50%] Built target roscpp_generate_messages_cpp
[1.248s] [ 50%] Built target dynamic_reconfigure_generate_messages_nodejs
[1.248s] [ 50%] Built target rosgraph_msgs_generate_messages_eus
[1.249s] [ 50%] Built target sensor_msgs_generate_messages_eus
[1.249s] [ 50%] Built target actionlib_generate_messages_cpp
[1.249s] [ 50%] Built target roscpp_generate_messages_py
[1.249s] [ 50%] Built target rosgraph_msgs_generate_messages_py
[1.322s] [ 50%] Built target std_msgs_generate_messages_nodejs
[1.322s] [ 50%] Built target bond_generate_messages_cpp
[1.322s] [ 50%] Built target std_msgs_generate_messages_py
[1.322s] [ 50%] Built target std_msgs_generate_messages_eus
[1.322s] [ 50%] Built target rosgraph_msgs_generate_messages_nodejs
[1.322s] [ 50%] Built target topic_tools_generate_messages_lisp
[1.322s] [ 50%] Built target jsk_recognition_msgs_generate_messages_cpp
[1.322s] [ 50%] Built target geometry_msgs_generate_messages_nodejs
[1.360s] [ 50%] Built target dynamic_reconfigure_generate_messages_cpp
[1.360s] [ 50%] Built target std_srvs_generate_messages_py
[1.360s] [ 50%] Built target nodelet_generate_messages_py
[1.360s] [ 50%] Built target pcl_msgs_generate_messages_eus
[1.360s] [ 50%] Built target roscpp_generate_messages_lisp
[1.361s] [ 50%] Built target bond_generate_messages_eus
[1.361s] [ 50%] Built target sensor_msgs_generate_messages_py
[1.361s] [ 50%] Built target tf_generate_messages_py
[1.361s] [ 50%] Built target bond_generate_messages_nodejs
[1.361s] [ 50%] Built target nodelet_topic_tools_gencfg
[1.427s] [ 50%] Built target actionlib_msgs_generate_messages_cpp
[1.427s] [ 50%] Built target actionlib_msgs_generate_messages_nodejs
[1.427s] [ 50%] Built target jsk_recognition_msgs_generate_messages_nodejs
[1.427s] [ 50%] Built target std_srvs_generate_messages_cpp
[1.427s] [ 50%] Built target roscpp_generate_messages_nodejs
[1.427s] [ 50%] Built target roscpp_generate_messages_eus
[1.428s] [ 50%] Built target jsk_footstep_msgs_generate_messages_cpp
[1.428s] [ 50%] Built target topic_tools_generate_messages_py
[1.428s] [ 50%] Built target rosgraph_msgs_generate_messages_lisp
[1.428s] [ 50%] Built target actionlib_generate_messages_nodejs
[1.557s] [ 50%] Built target sensor_msgs_generate_messages_cpp
[1.557s] [ 50%] Built target std_srvs_generate_messages_lisp
[1.557s] [ 50%] Built target tf_generate_messages_lisp
[1.557s] [ 50%] Built target actionlib_msgs_generate_messages_lisp
[1.557s] [ 50%] Built target pcl_msgs_generate_messages_py
[1.557s] [ 50%] Built target pcl_msgs_generate_messages_lisp
[1.557s] [ 75%] Built target point_pillars_lib
[1.557s] [ 75%] Built target actionlib_generate_messages_eus
[1.557s] [ 75%] Built target tf_generate_messages_eus
[1.557s] [ 75%] Built target actionlib_msgs_generate_messages_eus
[1.557s] [ 75%] Built target topic_tools_generate_messages_eus
[1.557s] [ 75%] Built target tf_generate_messages_nodejs
[1.558s] [ 75%] Built target tf_generate_messages_cpp
[1.870s] [100%] Built target lidar_point_pillars
[1.922s] Invoked command in '/home/autoware/Autoware/build/lidar_point_pillars' returned '0': CMAKE_PREFIX_PATH=/home/autoware/Autoware/install/autoware_msgs:/home/autoware/Autoware/install/autoware_build_flags:${CMAKE_PREFIX_PATH} PKG_CONFIG_PATH=/home/autoware/Autoware/install/autoware_msgs/lib/x86_64-linux-gnu/pkgconfig:/home/autoware/Autoware/install/autoware_msgs/lib/pkgconfig:/home/autoware/Autoware/install/autoware_build_flags/lib/x86_64-linux-gnu/pkgconfig:/home/autoware/Autoware/install/autoware_build_flags/lib/pkgconfig:${PKG_CONFIG_PATH} PYTHONPATH=/home/autoware/Autoware/install/autoware_msgs/lib/python2.7/dist-packages:${PYTHONPATH} ROS_PACKAGE_PATH=/home/autoware/Autoware/install/autoware_msgs/share:/home/autoware/Autoware/install/autoware_build_flags/share:${ROS_PACKAGE_PATH} /usr/bin/cmake --build /home/autoware/Autoware/build/lidar_point_pillars -- -j32 -l32
[2.429s] Invoking command in '/home/autoware/Autoware/build/lidar_point_pillars': CMAKE_PREFIX_PATH=/home/autoware/Autoware/install/autoware_msgs:/home/autoware/Autoware/install/autoware_build_flags:${CMAKE_PREFIX_PATH} PKG_CONFIG_PATH=/home/autoware/Autoware/install/autoware_msgs/lib/x86_64-linux-gnu/pkgconfig:/home/autoware/Autoware/install/autoware_msgs/lib/pkgconfig:/home/autoware/Autoware/install/autoware_build_flags/lib/x86_64-linux-gnu/pkgconfig:/home/autoware/Autoware/install/autoware_build_flags/lib/pkgconfig:${PKG_CONFIG_PATH} PYTHONPATH=/home/autoware/Autoware/install/autoware_msgs/lib/python2.7/dist-packages:${PYTHONPATH} ROS_PACKAGE_PATH=/home/autoware/Autoware/install/autoware_msgs/share:/home/autoware/Autoware/install/autoware_build_flags/share:${ROS_PACKAGE_PATH} /usr/bin/cmake --build /home/autoware/Autoware/build/lidar_point_pillars --target tests -- -j32 -l32
[2.568s] Built target tests
[2.618s] Invoked command in '/home/autoware/Autoware/build/lidar_point_pillars' returned '0': CMAKE_PREFIX_PATH=/home/autoware/Autoware/install/autoware_msgs:/home/autoware/Autoware/install/autoware_build_flags:${CMAKE_PREFIX_PATH} PKG_CONFIG_PATH=/home/autoware/Autoware/install/autoware_msgs/lib/x86_64-linux-gnu/pkgconfig:/home/autoware/Autoware/install/autoware_msgs/lib/pkgconfig:/home/autoware/Autoware/install/autoware_build_flags/lib/x86_64-linux-gnu/pkgconfig:/home/autoware/Autoware/install/autoware_build_flags/lib/pkgconfig:${PKG_CONFIG_PATH} PYTHONPATH=/home/autoware/Autoware/install/autoware_msgs/lib/python2.7/dist-packages:${PYTHONPATH} ROS_PACKAGE_PATH=/home/autoware/Autoware/install/autoware_msgs/share:/home/autoware/Autoware/install/autoware_build_flags/share:${ROS_PACKAGE_PATH} /usr/bin/cmake --build /home/autoware/Autoware/build/lidar_point_pillars --target tests -- -j32 -l32
[3.446s] Invoking command in '/home/autoware/Autoware/build/lidar_point_pillars': CMAKE_PREFIX_PATH=/home/autoware/Autoware/install/autoware_msgs:/home/autoware/Autoware/install/autoware_build_flags:${CMAKE_PREFIX_PATH} PKG_CONFIG_PATH=/home/autoware/Autoware/install/autoware_msgs/lib/x86_64-linux-gnu/pkgconfig:/home/autoware/Autoware/install/autoware_msgs/lib/pkgconfig:/home/autoware/Autoware/install/autoware_build_flags/lib/x86_64-linux-gnu/pkgconfig:/home/autoware/Autoware/install/autoware_build_flags/lib/pkgconfig:${PKG_CONFIG_PATH} PYTHONPATH=/home/autoware/Autoware/install/autoware_msgs/lib/python2.7/dist-packages:${PYTHONPATH} ROS_PACKAGE_PATH=/home/autoware/Autoware/install/autoware_msgs/share:/home/autoware/Autoware/install/autoware_build_flags/share:${ROS_PACKAGE_PATH} /usr/bin/cmake --build /home/autoware/Autoware/build/lidar_point_pillars --target install -- -j32 -l32
[3.706s] [  0%] Built target nodelet_generate_messages_eus
[3.706s] [  0%] Built target jsk_footstep_msgs_generate_messages_eus
[3.707s] [  0%] Built target dynamic_reconfigure_generate_messages_lisp
[3.707s] [  0%] Built target topic_tools_generate_messages_cpp
[3.707s] [  0%] Built target actionlib_msgs_generate_messages_py
[3.707s] [  0%] Built target pcl_msgs_generate_messages_nodejs
[3.707s] [  0%] Built target jsk_recognition_msgs_generate_messages_py
[3.707s] [  0%] Built target tf2_msgs_generate_messages_eus
[3.707s] [  0%] Built target jsk_footstep_msgs_generate_messages_nodejs
[3.707s] [  0%] Built target autoware_msgs_generate_messages_nodejs
[3.707s] [  0%] Built target autoware_msgs_generate_messages_eus
[3.707s] [  0%] Built target rosgraph_msgs_generate_messages_cpp
[3.707s] [  0%] Built target tf2_msgs_generate_messages_lisp
[3.707s] [  0%] Built target jsk_recognition_msgs_generate_messages_eus
[3.707s] [  0%] Built target jsk_recognition_msgs_generate_messages_lisp
[3.707s] [  0%] Built target dynamic_reconfigure_gencfg
[3.707s] [  0%] Built target pcl_msgs_generate_messages_cpp
[3.708s] [  0%] Built target geometry_msgs_generate_messages_py
[3.708s] [  0%] Built target autoware_msgs_generate_messages_cpp
[3.708s] [  0%] Built target nodelet_generate_messages_nodejs
[3.708s] [  0%] Built target tf2_msgs_generate_messages_py
[3.708s] [  0%] Built target pcl_ros_gencfg
[3.708s] [  0%] Built target jsk_footstep_msgs_generate_messages_lisp
[3.708s] [  0%] Built target tf2_msgs_generate_messages_nodejs
[3.708s] [  0%] Built target tf2_msgs_generate_messages_cpp
[3.708s] [  0%] Built target geometry_msgs_generate_messages_lisp
[3.708s] [  0%] Built target actionlib_generate_messages_py
[3.709s] [  0%] Built target topic_tools_generate_messages_nodejs
[3.709s] [  0%] Built target dynamic_reconfigure_generate_messages_py
[3.710s] [  0%] Built target jsk_footstep_msgs_generate_messages_py
[3.760s] [  0%] Built target autoware_msgs_generate_messages_lisp
[3.760s] [  0%] Built target std_msgs_generate_messages_cpp
[3.760s] [  0%] Built target roscpp_generate_messages_nodejs
[3.760s] [  0%] Built target geometry_msgs_generate_messages_cpp
[3.760s] [  0%] Built target dynamic_reconfigure_generate_messages_eus
[3.760s] [  0%] Built target std_srvs_generate_messages_nodejs
[3.760s] [ 50%] Built target std_msgs_generate_messages_nodejs
[3.760s] [ 50%] Built target gpu_point_pillars_lib
[3.760s] [ 50%] Built target sensor_msgs_generate_messages_nodejs
[3.760s] [ 50%] Built target bond_generate_messages_eus
[3.761s] [ 50%] Built target roscpp_generate_messages_cpp
[3.761s] [ 50%] Built target sensor_msgs_generate_messages_lisp
[3.761s] [ 50%] Built target rosgraph_msgs_generate_messages_lisp
[3.761s] [ 50%] Built target roscpp_generate_messages_lisp
[3.761s] [ 50%] Built target nodelet_generate_messages_cpp
[3.762s] [ 50%] Built target actionlib_generate_messages_cpp
[3.762s] [ 50%] Built target bond_generate_messages_lisp
[3.762s] [ 50%] Built target actionlib_generate_messages_lisp
[3.762s] [ 50%] Built target bond_generate_messages_py
[3.762s] [ 50%] Built target nodelet_generate_messages_lisp
[3.762s] [ 50%] Built target autoware_msgs_generate_messages_py
[3.762s] [ 50%] Built target jsk_recognition_msgs_generate_messages_nodejs
[3.762s] [ 50%] Built target std_msgs_generate_messages_py
[3.762s] [ 50%] Built target roscpp_generate_messages_py
[3.762s] [ 50%] Built target std_srvs_generate_messages_eus
[3.762s] [ 50%] Built target std_msgs_generate_messages_lisp
[3.762s] [ 50%] Built target geometry_msgs_generate_messages_nodejs
[3.763s] [ 50%] Built target rosgraph_msgs_generate_messages_eus
[3.763s] [ 50%] Built target geometry_msgs_generate_messages_eus
[3.763s] [ 50%] Built target rosgraph_msgs_generate_messages_nodejs
[3.763s] [ 50%] Built target dynamic_reconfigure_generate_messages_nodejs
[3.763s] [ 50%] Built target std_msgs_generate_messages_eus
[3.763s] [ 50%] Built target rosgraph_msgs_generate_messages_py
[3.763s] [ 50%] Built target actionlib_msgs_generate_messages_nodejs
[3.763s] [ 50%] Built target bond_generate_messages_cpp
[3.763s] [ 50%] Built target bond_generate_messages_nodejs
[3.763s] [ 50%] Built target std_srvs_generate_messages_lisp
[3.763s] [ 50%] Built target roscpp_generate_messages_eus
[3.763s] [ 50%] Built target actionlib_msgs_generate_messages_eus
[3.763s] [ 50%] Built target jsk_recognition_msgs_generate_messages_cpp
[3.763s] [ 50%] Built target sensor_msgs_generate_messages_cpp
[3.763s] [ 50%] Built target topic_tools_generate_messages_lisp
[3.763s] [ 50%] Built target sensor_msgs_generate_messages_eus
[3.764s] [ 50%] Built target std_srvs_generate_messages_py
[3.764s] [ 50%] Built target pcl_msgs_generate_messages_py
[3.764s] [ 50%] Built target nodelet_topic_tools_gencfg
[3.764s] [ 50%] Built target nodelet_generate_messages_py
[3.764s] [ 50%] Built target std_srvs_generate_messages_cpp
[3.764s] [ 50%] Built target pcl_msgs_generate_messages_lisp
[3.764s] [ 50%] Built target jsk_footstep_msgs_generate_messages_cpp
[3.764s] [ 50%] Built target tf_generate_messages_eus
[3.764s] [ 50%] Built target topic_tools_generate_messages_py
[3.764s] [ 50%] Built target pcl_msgs_generate_messages_eus
[3.764s] [ 50%] Built target tf_generate_messages_nodejs
[3.764s] [ 50%] Built target tf_generate_messages_cpp
[3.764s] [ 50%] Built target actionlib_generate_messages_eus
[3.764s] [ 50%] Built target actionlib_msgs_generate_messages_cpp
[3.764s] [ 50%] Built target tf_generate_messages_py
[3.765s] [ 50%] Built target sensor_msgs_generate_messages_py
[3.765s] [ 50%] Built target topic_tools_generate_messages_eus
[3.765s] [ 50%] Built target tf_generate_messages_lisp
[3.765s] [ 50%] Built target dynamic_reconfigure_generate_messages_cpp
[3.765s] [ 50%] Built target actionlib_generate_messages_nodejs
[3.765s] [ 75%] Built target point_pillars_lib
[3.765s] [ 75%] Built target actionlib_msgs_generate_messages_lisp
[3.926s] [100%] Built target lidar_point_pillars
[3.926s] Install the project...
[4.053s] -- Install configuration: "Release"
[4.053s] -- Up-to-date: /home/autoware/Autoware/install/lidar_point_pillars/lib/pkgconfig/lidar_point_pillars.pc
[4.053s] -- Up-to-date: /home/autoware/Autoware/install/lidar_point_pillars/share/lidar_point_pillars/cmake/lidar_point_pillarsConfig.cmake
[4.053s] -- Up-to-date: /home/autoware/Autoware/install/lidar_point_pillars/share/lidar_point_pillars/cmake/lidar_point_pillarsConfig-version.cmake
[4.053s] -- Up-to-date: /home/autoware/Autoware/install/lidar_point_pillars/share/lidar_point_pillars/package.xml
[4.053s] -- Up-to-date: /home/autoware/Autoware/install/lidar_point_pillars/lib/libgpu_point_pillars_lib.so
[4.053s] -- Up-to-date: /home/autoware/Autoware/install/lidar_point_pillars/lib/libpoint_pillars_lib.so
[4.053s] -- Up-to-date: /home/autoware/Autoware/install/lidar_point_pillars/lib/lidar_point_pillars/lidar_point_pillars
[4.053s] -- Up-to-date: /home/autoware/Autoware/install/lidar_point_pillars/share/lidar_point_pillars/launch
[4.053s] -- Up-to-date: /home/autoware/Autoware/install/lidar_point_pillars/share/lidar_point_pillars/launch/lidar_point_pillars.launch
[4.053s] -- Up-to-date: /home/autoware/Autoware/install/lidar_point_pillars/include/lidar_point_pillars/lidar_point_pillars/
[4.054s] -- Up-to-date: /home/autoware/Autoware/install/lidar_point_pillars/include/lidar_point_pillars/lidar_point_pillars//lidar_point_pillars
[4.054s] -- Up-to-date: /home/autoware/Autoware/install/lidar_point_pillars/include/lidar_point_pillars/lidar_point_pillars//lidar_point_pillars/nms_cuda.h
[4.054s] -- Up-to-date: /home/autoware/Autoware/install/lidar_point_pillars/include/lidar_point_pillars/lidar_point_pillars//lidar_point_pillars/preprocess_points.h
[4.054s] -- Up-to-date: /home/autoware/Autoware/install/lidar_point_pillars/include/lidar_point_pillars/lidar_point_pillars//lidar_point_pillars/scatter_cuda.h
[4.054s] -- Up-to-date: /home/autoware/Autoware/install/lidar_point_pillars/include/lidar_point_pillars/lidar_point_pillars//lidar_point_pillars/point_pillars.h
[4.054s] -- Up-to-date: /home/autoware/Autoware/install/lidar_point_pillars/include/lidar_point_pillars/lidar_point_pillars//lidar_point_pillars/preprocess_points_cuda.h
[4.054s] -- Up-to-date: /home/autoware/Autoware/install/lidar_point_pillars/include/lidar_point_pillars/lidar_point_pillars//lidar_point_pillars/postprocess_cuda.h
[4.054s] -- Up-to-date: /home/autoware/Autoware/install/lidar_point_pillars/include/lidar_point_pillars/lidar_point_pillars//lidar_point_pillars/point_pillars_ros.h
[4.054s] -- Up-to-date: /home/autoware/Autoware/install/lidar_point_pillars/include/lidar_point_pillars/lidar_point_pillars//lidar_point_pillars/common.h
[4.054s] -- Up-to-date: /home/autoware/Autoware/install/lidar_point_pillars/include/lidar_point_pillars/lidar_point_pillars//lidar_point_pillars/anchor_mask_cuda.h
[4.312s] Invoked command in '/home/autoware/Autoware/build/lidar_point_pillars' returned '0': CMAKE_PREFIX_PATH=/home/autoware/Autoware/install/autoware_msgs:/home/autoware/Autoware/install/autoware_build_flags:${CMAKE_PREFIX_PATH} PKG_CONFIG_PATH=/home/autoware/Autoware/install/autoware_msgs/lib/x86_64-linux-gnu/pkgconfig:/home/autoware/Autoware/install/autoware_msgs/lib/pkgconfig:/home/autoware/Autoware/install/autoware_build_flags/lib/x86_64-linux-gnu/pkgconfig:/home/autoware/Autoware/install/autoware_build_flags/lib/pkgconfig:${PKG_CONFIG_PATH} PYTHONPATH=/home/autoware/Autoware/install/autoware_msgs/lib/python2.7/dist-packages:${PYTHONPATH} ROS_PACKAGE_PATH=/home/autoware/Autoware/install/autoware_msgs/share:/home/autoware/Autoware/install/autoware_build_flags/share:${ROS_PACKAGE_PATH} /usr/bin/cmake --build /home/autoware/Autoware/build/lidar_point_pillars --target install -- -j32 -l32
