[  0%] Built target sensor_msgs_generate_messages_cpp
[  0%] Built target actionlib_generate_messages_cpp
[  0%] Built target std_msgs_generate_messages_py
[  0%] Built target visualization_msgs_generate_messages_py
[  0%] Built target jsk_recognition_msgs_generate_messages_eus
[  0%] Built target autoware_msgs_generate_messages_py
[  0%] Built target sensor_msgs_generate_messages_nodejs
[  0%] Built target roscpp_generate_messages_cpp
[  0%] Built target rosgraph_msgs_generate_messages_eus
[  0%] Built target rosgraph_msgs_generate_messages_cpp
[  0%] Built target tf2_msgs_generate_messages_cpp
[  0%] Built target sensor_msgs_generate_messages_eus
[  0%] Built target pcl_msgs_generate_messages_nodejs
[  0%] Built target autoware_msgs_generate_messages_cpp
[  0%] Built target jsk_recognition_msgs_generate_messages_lisp
[  0%] Built target jsk_recognition_msgs_generate_messages_py
[  0%] Built target _catkin_empty_exported_target
[  0%] Built target geometry_msgs_generate_messages_py
[  0%] Built target std_msgs_generate_messages_nodejs
[  0%] Built target pcl_msgs_generate_messages_eus
[  0%] Built target geometry_msgs_generate_messages_nodejs
[  0%] Built target visualization_msgs_generate_messages_nodejs
[  0%] Built target sensor_msgs_generate_messages_py
[  0%] Built target sensor_msgs_generate_messages_lisp
[  0%] Built target jsk_footstep_msgs_generate_messages_py
[  0%] Built target actionlib_msgs_generate_messages_nodejs
[  0%] Built target std_msgs_generate_messages_lisp
[  0%] Built target geometry_msgs_generate_messages_eus
[  0%] Built target autoware_msgs_generate_messages_lisp
[  0%] Built target roscpp_generate_messages_nodejs
[  0%] Built target std_msgs_generate_messages_cpp
[  0%] Built target jsk_recognition_msgs_generate_messages_cpp
[  0%] Built target geometry_msgs_generate_messages_lisp
[  0%] Built target jsk_footstep_msgs_generate_messages_eus
[  0%] Built target pcl_msgs_generate_messages_cpp
[  0%] Built target tf_generate_messages_py
[  0%] Built target std_msgs_generate_messages_eus
[  0%] Built target autoware_msgs_generate_messages_nodejs
[  0%] Built target autoware_msgs_generate_messages_eus
[  0%] Built target visualization_msgs_generate_messages_lisp
[  0%] Built target actionlib_msgs_generate_messages_py
[  0%] Built target jsk_recognition_msgs_generate_messages_nodejs
[  0%] Built target actionlib_msgs_generate_messages_lisp
[  0%] Built target roscpp_generate_messages_eus
[  0%] Built target rosgraph_msgs_generate_messages_py
[  0%] Built target roscpp_generate_messages_py
[  0%] Built target roscpp_generate_messages_lisp
[  0%] Built target tf_generate_messages_lisp
[  0%] Built target tf_generate_messages_eus
[  0%] Built target jsk_footstep_msgs_generate_messages_nodejs
[  0%] Built target actionlib_msgs_generate_messages_eus
[  0%] Built target jsk_footstep_msgs_generate_messages_lisp
[  0%] Built target rosgraph_msgs_generate_messages_lisp
[  0%] Built target jsk_footstep_msgs_generate_messages_cpp
[  0%] Built target tf_generate_messages_nodejs
[  0%] Built target pcl_msgs_generate_messages_py
[  0%] Built target rosgraph_msgs_generate_messages_nodejs
[  0%] Built target geometry_msgs_generate_messages_cpp
[  0%] Built target actionlib_msgs_generate_messages_cpp
[  0%] Built target actionlib_generate_messages_eus
[  0%] Built target pcl_msgs_generate_messages_lisp
[  0%] Built target actionlib_generate_messages_nodejs
[  0%] Built target actionlib_generate_messages_lisp
[  0%] Built target actionlib_generate_messages_py
[  0%] Built target tf2_msgs_generate_messages_eus
[  0%] Built target tf2_msgs_generate_messages_lisp
[  0%] Built target tf2_msgs_generate_messages_nodejs
[  0%] Built target tf2_msgs_generate_messages_py
[  0%] Built target visualization_msgs_generate_messages_eus
[  0%] Built target visualization_msgs_generate_messages_cpp
[  0%] Built target tf_generate_messages_cpp
[35m[1mScanning dependencies of target visualize_rects[0m
[ 16%] [32mBuilding CXX object CMakeFiles/visualize_rects.dir/src/visualize_rects_main.cpp.o[0m
[ 33%] [32mBuilding CXX object CMakeFiles/visualize_rects.dir/src/visualize_rects.cpp.o[0m
[ 83%] Built target visualize_detected_objects
CMakeFiles/visualize_rects.dir/build.make:86: recipe for target 'CMakeFiles/visualize_rects.dir/src/visualize_rects.cpp.o' failed
CMakeFiles/Makefile2:2676: recipe for target 'CMakeFiles/visualize_rects.dir/all' failed
Makefile:140: recipe for target 'all' failed
