[0.584s] Invoking command in '/home/autoware/Autoware/build/integrated_viewer': CMAKE_PREFIX_PATH=/home/autoware/Autoware/install/autoware_msgs:/home/autoware/Autoware/install/autoware_build_flags:${CMAKE_PREFIX_PATH} PKG_CONFIG_PATH=/home/autoware/Autoware/install/autoware_msgs/lib/x86_64-linux-gnu/pkgconfig:/home/autoware/Autoware/install/autoware_msgs/lib/pkgconfig:/home/autoware/Autoware/install/autoware_build_flags/lib/x86_64-linux-gnu/pkgconfig:/home/autoware/Autoware/install/autoware_build_flags/lib/pkgconfig:${PKG_CONFIG_PATH} PYTHONPATH=/home/autoware/Autoware/install/autoware_msgs/lib/python2.7/dist-packages:${PYTHONPATH} ROS_PACKAGE_PATH=/home/autoware/Autoware/install/autoware_msgs/share:/home/autoware/Autoware/install/autoware_build_flags/share:${ROS_PACKAGE_PATH} /usr/bin/cmake --build /home/autoware/Autoware/build/integrated_viewer -- -j32 -l32
[1.112s] [  0%] Built target std_msgs_generate_messages_py
[1.112s] [  0%] Built target std_msgs_generate_messages_nodejs
[1.112s] [  0%] Built target roscpp_generate_messages_cpp
[1.112s] [  0%] Built target pcl_msgs_generate_messages_nodejs
[1.112s] [  0%] Built target visualization_msgs_generate_messages_eus
[1.112s] [  0%] Built target autoware_msgs_generate_messages_cpp
[1.113s] [  0%] Built target map_msgs_generate_messages_py
[1.113s] [  0%] Built target sensor_msgs_generate_messages_nodejs
[1.113s] [  0%] Built target std_srvs_generate_messages_nodejs
[1.113s] [  0%] Built target rosgraph_msgs_generate_messages_eus
[1.113s] [  0%] Built target jsk_recognition_msgs_generate_messages_lisp
[1.113s] [  0%] Built target map_msgs_generate_messages_lisp
[1.113s] [  0%] Built target pcl_msgs_generate_messages_eus
[1.113s] [  0%] Built target visualization_msgs_generate_messages_nodejs
[1.113s] [  0%] Built target std_srvs_generate_messages_cpp
[1.113s] [  0%] Built target geometry_msgs_generate_messages_py
[1.113s] [  0%] Built target sensor_msgs_generate_messages_cpp
[1.113s] [  0%] Built target std_srvs_generate_messages_lisp
[1.114s] [  0%] Built target jsk_recognition_msgs_generate_messages_py
[1.114s] [  0%] Built target visualization_msgs_generate_messages_py
[1.114s] [  0%] Built target tf2_msgs_generate_messages_cpp
[1.114s] [  0%] Built target actionlib_generate_messages_cpp
[1.114s] [  0%] Built target sensor_msgs_generate_messages_eus
[1.114s] [  0%] Built target pcl_msgs_generate_messages_cpp
[1.114s] [  0%] Built target map_msgs_generate_messages_eus
[1.114s] [  0%] Built target geometry_msgs_generate_messages_lisp
[1.114s] [  0%] Built target nav_msgs_generate_messages_lisp
[1.114s] [  0%] Built target std_srvs_generate_messages_py
[1.114s] [  0%] Built target nav_msgs_generate_messages_nodejs
[1.308s] [  0%] Built target rosgraph_msgs_generate_messages_cpp
[1.308s] [  0%] Built target geometry_msgs_generate_messages_eus
[1.308s] [  0%] Built target geometry_msgs_generate_messages_nodejs
[1.308s] [  0%] Built target map_msgs_generate_messages_nodejs
[1.309s] [  0%] Built target nav_msgs_generate_messages_cpp
[1.309s] [  0%] Built target tf_generate_messages_py
[1.309s] [  0%] Built target autoware_msgs_generate_messages_nodejs
[1.309s] [  0%] Built target autoware_msgs_generate_messages_eus
[1.309s] [  0%] Built target autoware_msgs_generate_messages_py
[1.309s] [  0%] Built target rviz_generate_messages_cpp
[1.309s] [  0%] Built target jsk_recognition_msgs_generate_messages_cpp
[1.309s] [  0%] Built target _catkin_empty_exported_target
[1.309s] [  0%] Built target std_msgs_generate_messages_cpp
[1.309s] [  0%] Built target jsk_recognition_msgs_generate_messages_eus
[1.309s] [  0%] Built target std_msgs_generate_messages_lisp
[1.389s] [  0%] Built target autoware_msgs_generate_messages_lisp
[1.389s] [  0%] Built target rviz_generate_messages_nodejs
[1.389s] [  0%] Built target jsk_footstep_msgs_generate_messages_py
[1.389s] [  0%] Built target actionlib_msgs_generate_messages_py
[1.389s] [  0%] Built target roscpp_generate_messages_nodejs
[1.389s] [  0%] Built target actionlib_msgs_generate_messages_nodejs
[1.389s] [  0%] Built target jsk_footstep_msgs_generate_messages_nodejs
[1.390s] [  0%] Built target sensor_msgs_generate_messages_lisp
[1.390s] [  0%] Built target std_msgs_generate_messages_eus
[1.390s] [  0%] Built target std_srvs_generate_messages_eus
[1.390s] [  0%] Built target jsk_footstep_msgs_generate_messages_lisp
[1.390s] [  0%] Built target sensor_msgs_generate_messages_py
[1.390s] [  0%] Built target actionlib_msgs_generate_messages_lisp
[1.390s] [  0%] Built target jsk_footstep_msgs_generate_messages_eus
[1.390s] [  0%] Built target actionlib_msgs_generate_messages_eus
[1.390s] [  0%] Built target tf_generate_messages_lisp
[1.390s] [  0%] Built target jsk_recognition_msgs_generate_messages_nodejs
[1.390s] [  0%] Built target actionlib_generate_messages_lisp
[1.390s] [  0%] Built target pcl_msgs_generate_messages_lisp
[1.391s] [  0%] Built target visualization_msgs_generate_messages_lisp
[1.391s] [  0%] Built target actionlib_generate_messages_eus
[1.391s] [  0%] Built target geometry_msgs_generate_messages_cpp
[1.391s] [  0%] Built target actionlib_generate_messages_nodejs
[1.468s] [  0%] Built target roscpp_generate_messages_eus
[1.468s] [  0%] Built target rviz_generate_messages_py
[1.468s] [  0%] Built target pcl_msgs_generate_messages_py
[1.468s] [  0%] Built target nav_msgs_generate_messages_py
[1.468s] [  0%] Built target rviz_generate_messages_lisp
[1.468s] [  0%] Built target rosgraph_msgs_generate_messages_lisp
[1.509s] [  0%] Built target tf2_msgs_generate_messages_lisp
[1.509s] [  0%] Built target tf_generate_messages_nodejs
[1.509s] [  0%] Built target tf2_msgs_generate_messages_nodejs
[1.509s] [  0%] Built target tf2_msgs_generate_messages_py
[1.509s] [  0%] Built target jsk_footstep_msgs_generate_messages_cpp
[1.509s] [  0%] Built target rosgraph_msgs_generate_messages_py
[1.509s] [  0%] Built target actionlib_generate_messages_py
[1.509s] [  0%] Built target rosgraph_msgs_generate_messages_nodejs
[1.509s] [  0%] Built target tf2_msgs_generate_messages_eus
[1.509s] [  0%] Built target actionlib_msgs_generate_messages_cpp
[1.510s] [  0%] Built target nav_msgs_generate_messages_eus
[1.519s] [  0%] Built target roscpp_generate_messages_lisp
[1.519s] [  0%] Built target tf_generate_messages_eus
[1.519s] [  0%] Built target rviz_generate_messages_eus
[1.571s] [  0%] Built target map_msgs_generate_messages_cpp
[1.708s] [  0%] Built target tf_generate_messages_cpp
[1.708s] [  0%] Built target roscpp_generate_messages_py
[1.708s] [  0%] Built target visualization_msgs_generate_messages_cpp
[1.887s] [100%] Built target integrated_viewer
[2.003s] Invoked command in '/home/autoware/Autoware/build/integrated_viewer' returned '0': CMAKE_PREFIX_PATH=/home/autoware/Autoware/install/autoware_msgs:/home/autoware/Autoware/install/autoware_build_flags:${CMAKE_PREFIX_PATH} PKG_CONFIG_PATH=/home/autoware/Autoware/install/autoware_msgs/lib/x86_64-linux-gnu/pkgconfig:/home/autoware/Autoware/install/autoware_msgs/lib/pkgconfig:/home/autoware/Autoware/install/autoware_build_flags/lib/x86_64-linux-gnu/pkgconfig:/home/autoware/Autoware/install/autoware_build_flags/lib/pkgconfig:${PKG_CONFIG_PATH} PYTHONPATH=/home/autoware/Autoware/install/autoware_msgs/lib/python2.7/dist-packages:${PYTHONPATH} ROS_PACKAGE_PATH=/home/autoware/Autoware/install/autoware_msgs/share:/home/autoware/Autoware/install/autoware_build_flags/share:${ROS_PACKAGE_PATH} /usr/bin/cmake --build /home/autoware/Autoware/build/integrated_viewer -- -j32 -l32
[2.586s] Invoking command in '/home/autoware/Autoware/build/integrated_viewer': CMAKE_PREFIX_PATH=/home/autoware/Autoware/install/autoware_msgs:/home/autoware/Autoware/install/autoware_build_flags:${CMAKE_PREFIX_PATH} PKG_CONFIG_PATH=/home/autoware/Autoware/install/autoware_msgs/lib/x86_64-linux-gnu/pkgconfig:/home/autoware/Autoware/install/autoware_msgs/lib/pkgconfig:/home/autoware/Autoware/install/autoware_build_flags/lib/x86_64-linux-gnu/pkgconfig:/home/autoware/Autoware/install/autoware_build_flags/lib/pkgconfig:${PKG_CONFIG_PATH} PYTHONPATH=/home/autoware/Autoware/install/autoware_msgs/lib/python2.7/dist-packages:${PYTHONPATH} ROS_PACKAGE_PATH=/home/autoware/Autoware/install/autoware_msgs/share:/home/autoware/Autoware/install/autoware_build_flags/share:${ROS_PACKAGE_PATH} /usr/bin/cmake --build /home/autoware/Autoware/build/integrated_viewer --target tests -- -j32 -l32
[2.712s] Built target tests
[2.766s] Invoked command in '/home/autoware/Autoware/build/integrated_viewer' returned '0': CMAKE_PREFIX_PATH=/home/autoware/Autoware/install/autoware_msgs:/home/autoware/Autoware/install/autoware_build_flags:${CMAKE_PREFIX_PATH} PKG_CONFIG_PATH=/home/autoware/Autoware/install/autoware_msgs/lib/x86_64-linux-gnu/pkgconfig:/home/autoware/Autoware/install/autoware_msgs/lib/pkgconfig:/home/autoware/Autoware/install/autoware_build_flags/lib/x86_64-linux-gnu/pkgconfig:/home/autoware/Autoware/install/autoware_build_flags/lib/pkgconfig:${PKG_CONFIG_PATH} PYTHONPATH=/home/autoware/Autoware/install/autoware_msgs/lib/python2.7/dist-packages:${PYTHONPATH} ROS_PACKAGE_PATH=/home/autoware/Autoware/install/autoware_msgs/share:/home/autoware/Autoware/install/autoware_build_flags/share:${ROS_PACKAGE_PATH} /usr/bin/cmake --build /home/autoware/Autoware/build/integrated_viewer --target tests -- -j32 -l32
[3.580s] Invoking command in '/home/autoware/Autoware/build/integrated_viewer': CMAKE_PREFIX_PATH=/home/autoware/Autoware/install/autoware_msgs:/home/autoware/Autoware/install/autoware_build_flags:${CMAKE_PREFIX_PATH} PKG_CONFIG_PATH=/home/autoware/Autoware/install/autoware_msgs/lib/x86_64-linux-gnu/pkgconfig:/home/autoware/Autoware/install/autoware_msgs/lib/pkgconfig:/home/autoware/Autoware/install/autoware_build_flags/lib/x86_64-linux-gnu/pkgconfig:/home/autoware/Autoware/install/autoware_build_flags/lib/pkgconfig:${PKG_CONFIG_PATH} PYTHONPATH=/home/autoware/Autoware/install/autoware_msgs/lib/python2.7/dist-packages:${PYTHONPATH} ROS_PACKAGE_PATH=/home/autoware/Autoware/install/autoware_msgs/share:/home/autoware/Autoware/install/autoware_build_flags/share:${ROS_PACKAGE_PATH} /usr/bin/cmake --build /home/autoware/Autoware/build/integrated_viewer --target install -- -j32 -l32
[3.842s] [  0%] Built target pcl_msgs_generate_messages_eus
[3.842s] [  0%] Built target std_srvs_generate_messages_nodejs
[3.842s] [  0%] Built target rosgraph_msgs_generate_messages_eus
[3.843s] [  0%] Built target _catkin_empty_exported_target
[3.843s] [  0%] Built target pcl_msgs_generate_messages_nodejs
[3.843s] [  0%] Built target jsk_recognition_msgs_generate_messages_lisp
[3.843s] [  0%] Built target map_msgs_generate_messages_lisp
[3.843s] [  0%] Built target std_msgs_generate_messages_py
[3.843s] [  0%] Built target map_msgs_generate_messages_eus
[3.843s] [  0%] Built target nav_msgs_generate_messages_cpp
[3.843s] [  0%] Built target visualization_msgs_generate_messages_py
[3.843s] [  0%] Built target sensor_msgs_generate_messages_nodejs
[3.843s] [  0%] Built target visualization_msgs_generate_messages_nodejs
[3.844s] [  0%] Built target autoware_msgs_generate_messages_py
[3.845s] [  0%] Built target actionlib_generate_messages_cpp
[3.848s] [  0%] Built target visualization_msgs_generate_messages_eus
[3.848s] [  0%] Built target jsk_recognition_msgs_generate_messages_py
[3.848s] [  0%] Built target autoware_msgs_generate_messages_cpp
[3.848s] [  0%] Built target map_msgs_generate_messages_py
[3.848s] [  0%] Built target std_srvs_generate_messages_py
[3.849s] [  0%] Built target nav_msgs_generate_messages_lisp
[3.849s] [  0%] Built target std_msgs_generate_messages_nodejs
[3.849s] [  0%] Built target roscpp_generate_messages_cpp
[3.849s] [  0%] Built target nav_msgs_generate_messages_nodejs
[3.849s] [  0%] Built target sensor_msgs_generate_messages_eus
[3.849s] [  0%] Built target std_srvs_generate_messages_lisp
[3.849s] [  0%] Built target jsk_recognition_msgs_generate_messages_eus
[3.849s] [  0%] Built target tf2_msgs_generate_messages_cpp
[3.849s] [  0%] Built target std_srvs_generate_messages_cpp
[3.849s] [  0%] Built target geometry_msgs_generate_messages_py
[3.849s] [  0%] Built target sensor_msgs_generate_messages_cpp
[3.849s] [  0%] Built target rosgraph_msgs_generate_messages_cpp
[3.849s] [  0%] Built target geometry_msgs_generate_messages_eus
[3.850s] [  0%] Built target pcl_msgs_generate_messages_cpp
[3.850s] [  0%] Built target tf_generate_messages_py
[3.891s] [  0%] Built target roscpp_generate_messages_nodejs
[3.891s] [  0%] Built target autoware_msgs_generate_messages_lisp
[3.892s] [  0%] Built target std_msgs_generate_messages_cpp
[3.893s] [  0%] Built target visualization_msgs_generate_messages_lisp
[3.893s] [  0%] Built target geometry_msgs_generate_messages_lisp
[3.895s] [  0%] Built target jsk_footstep_msgs_generate_messages_py
[3.895s] [  0%] Built target map_msgs_generate_messages_nodejs
[3.895s] [  0%] Built target roscpp_generate_messages_lisp
[3.895s] [  0%] Built target rviz_generate_messages_nodejs
[3.895s] [  0%] Built target autoware_msgs_generate_messages_eus
[3.895s] [  0%] Built target jsk_footstep_msgs_generate_messages_eus
[3.896s] [  0%] Built target jsk_footstep_msgs_generate_messages_nodejs
[3.896s] [  0%] Built target jsk_footstep_msgs_generate_messages_lisp
[3.896s] [  0%] Built target actionlib_msgs_generate_messages_py
[3.896s] [  0%] Built target std_msgs_generate_messages_eus
[3.896s] [  0%] Built target autoware_msgs_generate_messages_nodejs
[3.898s] [  0%] Built target sensor_msgs_generate_messages_py
[3.898s] [  0%] Built target sensor_msgs_generate_messages_lisp
[3.898s] [  0%] Built target jsk_recognition_msgs_generate_messages_nodejs
[3.898s] [  0%] Built target actionlib_msgs_generate_messages_nodejs
[3.898s] [  0%] Built target geometry_msgs_generate_messages_nodejs
[3.898s] [  0%] Built target roscpp_generate_messages_py
[3.898s] [  0%] Built target actionlib_msgs_generate_messages_lisp
[3.898s] [  0%] Built target std_msgs_generate_messages_lisp
[3.898s] [  0%] Built target rosgraph_msgs_generate_messages_nodejs
[3.899s] [  0%] Built target jsk_recognition_msgs_generate_messages_cpp
[3.899s] [  0%] Built target rviz_generate_messages_cpp
[3.899s] [  0%] Built target rosgraph_msgs_generate_messages_lisp
[3.899s] [  0%] Built target actionlib_generate_messages_lisp
[3.899s] [  0%] Built target actionlib_msgs_generate_messages_cpp
[3.899s] [  0%] Built target rviz_generate_messages_eus
[3.899s] [  0%] Built target geometry_msgs_generate_messages_cpp
[3.899s] [  0%] Built target jsk_footstep_msgs_generate_messages_cpp
[3.899s] [  0%] Built target rosgraph_msgs_generate_messages_py
[3.899s] [  0%] Built target map_msgs_generate_messages_cpp
[3.899s] [  0%] Built target roscpp_generate_messages_eus
[3.899s] [  0%] Built target actionlib_msgs_generate_messages_eus
[3.900s] [  0%] Built target rviz_generate_messages_py
[3.900s] [  0%] Built target std_srvs_generate_messages_eus
[3.900s] [  0%] Built target actionlib_generate_messages_py
[3.900s] [  0%] Built target tf2_msgs_generate_messages_nodejs
[3.900s] [  0%] Built target tf_generate_messages_lisp
[3.900s] [  0%] Built target actionlib_generate_messages_nodejs
[3.900s] [  0%] Built target pcl_msgs_generate_messages_lisp
[3.900s] [  0%] Built target visualization_msgs_generate_messages_cpp
[3.900s] [  0%] Built target actionlib_generate_messages_eus
[3.900s] [  0%] Built target pcl_msgs_generate_messages_py
[3.900s] [  0%] Built target tf2_msgs_generate_messages_eus
[3.900s] [  0%] Built target rviz_generate_messages_lisp
[3.901s] [  0%] Built target nav_msgs_generate_messages_py
[3.901s] [  0%] Built target tf_generate_messages_cpp
[3.901s] [  0%] Built target tf2_msgs_generate_messages_py
[3.901s] [  0%] Built target tf_generate_messages_nodejs
[3.902s] [  0%] Built target tf_generate_messages_eus
[3.903s] [  0%] Built target nav_msgs_generate_messages_eus
[3.903s] [  0%] Built target tf2_msgs_generate_messages_lisp
[4.070s] [100%] Built target integrated_viewer
[4.070s] Install the project...
[4.195s] -- Install configuration: "Release"
[4.195s] -- Up-to-date: /home/autoware/Autoware/install/integrated_viewer/lib/pkgconfig/integrated_viewer.pc
[4.195s] -- Up-to-date: /home/autoware/Autoware/install/integrated_viewer/share/integrated_viewer/cmake/integrated_viewerConfig.cmake
[4.195s] -- Up-to-date: /home/autoware/Autoware/install/integrated_viewer/share/integrated_viewer/cmake/integrated_viewerConfig-version.cmake
[4.195s] -- Up-to-date: /home/autoware/Autoware/install/integrated_viewer/share/integrated_viewer/package.xml
[4.196s] -- Up-to-date: /home/autoware/Autoware/install/integrated_viewer/lib/libintegrated_viewer.so
[4.196s] -- Up-to-date: /home/autoware/Autoware/install/integrated_viewer/share/integrated_viewer/rviz_plugin_description.xml
[4.196s] -- Up-to-date: /home/autoware/Autoware/install/integrated_viewer/share/integrated_viewer/node/image_viewer_plugin/autoware_logo.png
[4.196s] -- Up-to-date: /home/autoware/Autoware/install/integrated_viewer/share/integrated_viewer/node/image_viewer_plugin/car.png
[4.196s] -- Up-to-date: /home/autoware/Autoware/install/integrated_viewer/share/integrated_viewer/node/image_viewer_plugin/pedestrian.png
[4.439s] Invoked command in '/home/autoware/Autoware/build/integrated_viewer' returned '0': CMAKE_PREFIX_PATH=/home/autoware/Autoware/install/autoware_msgs:/home/autoware/Autoware/install/autoware_build_flags:${CMAKE_PREFIX_PATH} PKG_CONFIG_PATH=/home/autoware/Autoware/install/autoware_msgs/lib/x86_64-linux-gnu/pkgconfig:/home/autoware/Autoware/install/autoware_msgs/lib/pkgconfig:/home/autoware/Autoware/install/autoware_build_flags/lib/x86_64-linux-gnu/pkgconfig:/home/autoware/Autoware/install/autoware_build_flags/lib/pkgconfig:${PKG_CONFIG_PATH} PYTHONPATH=/home/autoware/Autoware/install/autoware_msgs/lib/python2.7/dist-packages:${PYTHONPATH} ROS_PACKAGE_PATH=/home/autoware/Autoware/install/autoware_msgs/share:/home/autoware/Autoware/install/autoware_build_flags/share:${ROS_PACKAGE_PATH} /usr/bin/cmake --build /home/autoware/Autoware/build/integrated_viewer --target install -- -j32 -l32
