[01m[K/home/autoware/Autoware/src/autoware/core_perception/vision_darknet_detect/src/vision_darknet_detect.cpp:[m[K In member function ‘[01m[Kvoid Yolo3DetectorNode::image_callback(const ImageConstPtr&)[m[K’:
[01m[K/home/autoware/Autoware/src/autoware/core_perception/vision_darknet_detect/src/vision_darknet_detect.cpp:270:27:[m[K [01;31m[Kerror: [m[Kexpected primary-expression before ‘[01m[K||[m[K’ token
     if (fault_flag_ == 0) [01;31m[K||[m[K (fault_flag_ == [])
                           [01;31m[K^~[m[K
[01m[K/home/autoware/Autoware/src/autoware/core_perception/vision_darknet_detect/src/vision_darknet_detect.cpp:[m[K In lambda function:
[01m[K/home/autoware/Autoware/src/autoware/core_perception/vision_darknet_detect/src/vision_darknet_detect.cpp:270:48:[m[K [01;31m[Kerror: [m[Kexpected ‘[01m[K{[m[K’ before ‘[01m[K)[m[K’ token
     if (fault_flag_ == 0) || (fault_flag_ == [][01;31m[K)[m[K
                                                [01;31m[K^[m[K
[01m[K/home/autoware/Autoware/src/autoware/core_perception/vision_darknet_detect/src/vision_darknet_detect.cpp:[m[K In member function ‘[01m[Kvoid Yolo3DetectorNode::image_callback(const ImageConstPtr&)[m[K’:
[01m[K/home/autoware/Autoware/src/autoware/core_perception/vision_darknet_detect/src/vision_darknet_detect.cpp:270:43:[m[K [01;31m[Kerror: [m[Kno match for ‘[01m[Koperator==[m[K’ (operand types are ‘[01m[Kint[m[K’ and ‘[01m[KYolo3DetectorNode::image_callback(const ImageConstPtr&)::<lambda()>[m[K’)
     if (fault_flag_ == 0) || (fault_flag_ == [])
In file included from [01m[K/usr/include/opencv2/core/cvstd.hpp:1064:0[m[K,
                 from [01m[K/usr/include/opencv2/core/base.hpp:58[m[K,
                 from [01m[K/usr/include/opencv2/core.hpp:54[m[K,
                 from [01m[K/usr/include/opencv2/core/core.hpp:48[m[K,
                 from [01m[K/opt/ros/melodic/include/cv_bridge/cv_bridge.h:43[m[K,
                 from [01m[K/home/autoware/Autoware/src/autoware/core_perception/vision_darknet_detect/src/vision_darknet_detect.h:37[m[K,
                 from [01m[K/home/autoware/Autoware/src/autoware/core_perception/vision_darknet_detect/src/vision_darknet_detect.cpp:22[m[K:
[01m[K/usr/include/opencv2/core/ptr.inl.hpp:287:6:[m[K [01;36m[Knote: [m[Kcandidate: template<class T> bool cv::operator==(const cv::Ptr<T>&, const cv::Ptr<T>&)
 bool [01;36m[Koperator[m[K == (const Ptr<T>& ptr1, const Ptr<T>& ptr2)
      [01;36m[K^~~~~~~~[m[K
[01m[K/usr/include/opencv2/core/ptr.inl.hpp:287:6:[m[K [01;36m[Knote: [m[K  template argument deduction/substitution failed:
[01m[K/home/autoware/Autoware/src/autoware/core_perception/vision_darknet_detect/src/vision_darknet_detect.cpp:270:48:[m[K [01;36m[Knote: [m[K  mismatched types ‘[01m[Kconst cv::Ptr<T>[m[K’ and ‘[01m[Kint[m[K’
     if (fault_flag_ == 0) || (fault_flag_ == [][01;36m[K)[m[K
                                                [01;36m[K^[m[K
In file included from [01m[K/usr/include/opencv2/core/base.hpp:58:0[m[K,
                 from [01m[K/usr/include/opencv2/core.hpp:54[m[K,
                 from [01m[K/usr/include/opencv2/core/core.hpp:48[m[K,
                 from [01m[K/opt/ros/melodic/include/cv_bridge/cv_bridge.h:43[m[K,
                 from [01m[K/home/autoware/Autoware/src/autoware/core_perception/vision_darknet_detect/src/vision_darknet_detect.h:37[m[K,
                 from [01m[K/home/autoware/Autoware/src/autoware/core_perception/vision_darknet_detect/src/vision_darknet_detect.cpp:22[m[K:
[01m[K/usr/include/opencv2/core/cvstd.hpp:1025:20:[m[K [01;36m[Knote: [m[Kcandidate: bool cv::operator==(const cv::String&, const cv::String&)
 static inline bool [01;36m[Koperator[m[K== (const String& lhs, const String& rhs) { return 0 == lhs.compare(rhs); }
                    [01;36m[K^~~~~~~~[m[K
[01m[K/usr/include/opencv2/core/cvstd.hpp:1025:20:[m[K [01;36m[Knote: [m[K  no known conversion for argument 2 from ‘[01m[KYolo3DetectorNode::image_callback(const ImageConstPtr&)::<lambda()>[m[K’ to ‘[01m[Kconst cv::String&[m[K’
[01m[K/usr/include/opencv2/core/cvstd.hpp:1026:20:[m[K [01;36m[Knote: [m[Kcandidate: bool cv::operator==(const char*, const cv::String&)
 static inline bool [01;36m[Koperator[m[K== (const char*   lhs, const String& rhs) { return 0 == rhs.compare(lhs); }
                    [01;36m[K^~~~~~~~[m[K
[01m[K/usr/include/opencv2/core/cvstd.hpp:1026:20:[m[K [01;36m[Knote: [m[K  no known conversion for argument 2 from ‘[01m[KYolo3DetectorNode::image_callback(const ImageConstPtr&)::<lambda()>[m[K’ to ‘[01m[Kconst cv::String&[m[K’
[01m[K/usr/include/opencv2/core/cvstd.hpp:1027:20:[m[K [01;36m[Knote: [m[Kcandidate: bool cv::operator==(const cv::String&, const char*)
 static inline bool [01;36m[Koperator[m[K== (const String& lhs, const char*   rhs) { return 0 == lhs.compare(rhs); }
                    [01;36m[K^~~~~~~~[m[K
[01m[K/usr/include/opencv2/core/cvstd.hpp:1027:20:[m[K [01;36m[Knote: [m[K  no known conversion for argument 2 from ‘[01m[KYolo3DetectorNode::image_callback(const ImageConstPtr&)::<lambda()>[m[K’ to ‘[01m[Kconst char*[m[K’
In file included from [01m[K/usr/include/opencv2/core.hpp:57:0[m[K,
                 from [01m[K/usr/include/opencv2/core/core.hpp:48[m[K,
                 from [01m[K/opt/ros/melodic/include/cv_bridge/cv_bridge.h:43[m[K,
                 from [01m[K/home/autoware/Autoware/src/autoware/core_perception/vision_darknet_detect/src/vision_darknet_detect.h:37[m[K,
                 from [01m[K/home/autoware/Autoware/src/autoware/core_perception/vision_darknet_detect/src/vision_darknet_detect.cpp:22[m[K:
[01m[K/usr/include/opencv2/core/matx.hpp:1228:6:[m[K [01;36m[Knote: [m[Kcandidate: template<class _Tp, int m, int n> bool cv::operator==(const cv::Matx<_Tp, m, n>&, const cv::Matx<_Tp, m, n>&)
 bool [01;36m[Koperator[m[K == (const Matx<_Tp, m, n>& a, const Matx<_Tp, m, n>& b)
      [01;36m[K^~~~~~~~[m[K
[01m[K/usr/include/opencv2/core/matx.hpp:1228:6:[m[K [01;36m[Knote: [m[K  template argument deduction/substitution failed:
[01m[K/home/autoware/Autoware/src/autoware/core_perception/vision_darknet_detect/src/vision_darknet_detect.cpp:270:48:[m[K [01;36m[Knote: [m[K  mismatched types ‘[01m[Kconst cv::Matx<_Tp, m, n>[m[K’ and ‘[01m[Kint[m[K’
     if (fault_flag_ == 0) || (fault_flag_ == [][01;36m[K)[m[K
                                                [01;36m[K^[m[K
In file included from [01m[K/usr/include/opencv2/core.hpp:58:0[m[K,
                 from [01m[K/usr/include/opencv2/core/core.hpp:48[m[K,
                 from [01m[K/opt/ros/melodic/include/cv_bridge/cv_bridge.h:43[m[K,
                 from [01m[K/home/autoware/Autoware/src/autoware/core_perception/vision_darknet_detect/src/vision_darknet_detect.h:37[m[K,
                 from [01m[K/home/autoware/Autoware/src/autoware/core_perception/vision_darknet_detect/src/vision_darknet_detect.cpp:22[m[K:
[01m[K/usr/include/opencv2/core/types.hpp:925:6:[m[K [01;36m[Knote: [m[Kcandidate: template<class _Tp> bool cv::operator==(const cv::Complex<_Tp>&, const cv::Complex<_Tp>&)
 bool [01;36m[Koperator[m[K == (const Complex<_Tp>& a, const Complex<_Tp>& b)
      [01;36m[K^~~~~~~~[m[K
[01m[K/usr/include/opencv2/core/types.hpp:925:6:[m[K [01;36m[Knote: [m[K  template argument deduction/substitution failed:
[01m[K/home/autoware/Autoware/src/autoware/core_perception/vision_darknet_detect/src/vision_darknet_detect.cpp:270:48:[m[K [01;36m[Knote: [m[K  mismatched types ‘[01m[Kconst cv::Complex<_Tp>[m[K’ and ‘[01m[Kint[m[K’
     if (fault_flag_ == 0) || (fault_flag_ == [][01;36m[K)[m[K
                                                [01;36m[K^[m[K
In file included from [01m[K/usr/include/opencv2/core.hpp:58:0[m[K,
                 from [01m[K/usr/include/opencv2/core/core.hpp:48[m[K,
                 from [01m[K/opt/ros/melodic/include/cv_bridge/cv_bridge.h:43[m[K,
                 from [01m[K/home/autoware/Autoware/src/autoware/core_perception/vision_darknet_detect/src/vision_darknet_detect.h:37[m[K,
                 from [01m[K/home/autoware/Autoware/src/autoware/core_perception/vision_darknet_detect/src/vision_darknet_detect.cpp:22[m[K:
[01m[K/usr/include/opencv2/core/types.hpp:1205:6:[m[K [01;36m[Knote: [m[Kcandidate: template<class _Tp> bool cv::operator==(const cv::Point_<_Tp>&, const cv::Point_<_Tp>&)
 bool [01;36m[Koperator[m[K == (const Point_<_Tp>& a, const Point_<_Tp>& b)
      [01;36m[K^~~~~~~~[m[K
[01m[K/usr/include/opencv2/core/types.hpp:1205:6:[m[K [01;36m[Knote: [m[K  template argument deduction/substitution failed:
[01m[K/home/autoware/Autoware/src/autoware/core_perception/vision_darknet_detect/src/vision_darknet_detect.cpp:270:48:[m[K [01;36m[Knote: [m[K  mismatched types ‘[01m[Kconst cv::Point_<_Tp>[m[K’ and ‘[01m[Kint[m[K’
     if (fault_flag_ == 0) || (fault_flag_ == [][01;36m[K)[m[K
                                                [01;36m[K^[m[K
In file included from [01m[K/usr/include/opencv2/core.hpp:58:0[m[K,
                 from [01m[K/usr/include/opencv2/core/core.hpp:48[m[K,
                 from [01m[K/opt/ros/melodic/include/cv_bridge/cv_bridge.h:43[m[K,
                 from [01m[K/home/autoware/Autoware/src/autoware/core_perception/vision_darknet_detect/src/vision_darknet_detect.h:37[m[K,
                 from [01m[K/home/autoware/Autoware/src/autoware/core_perception/vision_darknet_detect/src/vision_darknet_detect.cpp:22[m[K:
[01m[K/usr/include/opencv2/core/types.hpp:1457:6:[m[K [01;36m[Knote: [m[Kcandidate: template<class _Tp> bool cv::operator==(const cv::Point3_<_Tp>&, const cv::Point3_<_Tp>&)
 bool [01;36m[Koperator[m[K == (const Point3_<_Tp>& a, const Point3_<_Tp>& b)
      [01;36m[K^~~~~~~~[m[K
[01m[K/usr/include/opencv2/core/types.hpp:1457:6:[m[K [01;36m[Knote: [m[K  template argument deduction/substitution failed:
[01m[K/home/autoware/Autoware/src/autoware/core_perception/vision_darknet_detect/src/vision_darknet_detect.cpp:270:48:[m[K [01;36m[Knote: [m[K  mismatched types ‘[01m[Kconst cv::Point3_<_Tp>[m[K’ and ‘[01m[Kint[m[K’
     if (fault_flag_ == 0) || (fault_flag_ == [][01;36m[K)[m[K
                                                [01;36m[K^[m[K
In file included from [01m[K/usr/include/opencv2/core.hpp:58:0[m[K,
                 from [01m[K/usr/include/opencv2/core/core.hpp:48[m[K,
                 from [01m[K/opt/ros/melodic/include/cv_bridge/cv_bridge.h:43[m[K,
                 from [01m[K/home/autoware/Autoware/src/autoware/core_perception/vision_darknet_detect/src/vision_darknet_detect.h:37[m[K,
                 from [01m[K/home/autoware/Autoware/src/autoware/core_perception/vision_darknet_detect/src/vision_darknet_detect.cpp:22[m[K:
[01m[K/usr/include/opencv2/core/types.hpp:1663:6:[m[K [01;36m[Knote: [m[Kcandidate: template<class _Tp> bool cv::operator==(const cv::Size_<_Tp>&, const cv::Size_<_Tp>&)
 bool [01;36m[Koperator[m[K == (const Size_<_Tp>& a, const Size_<_Tp>& b)
      [01;36m[K^~~~~~~~[m[K
[01m[K/usr/include/opencv2/core/types.hpp:1663:6:[m[K [01;36m[Knote: [m[K  template argument deduction/substitution failed:
[01m[K/home/autoware/Autoware/src/autoware/core_perception/vision_darknet_detect/src/vision_darknet_detect.cpp:270:48:[m[K [01;36m[Knote: [m[K  mismatched types ‘[01m[Kconst cv::Size_<_Tp>[m[K’ and ‘[01m[Kint[m[K’
     if (fault_flag_ == 0) || (fault_flag_ == [][01;36m[K)[m[K
                                                [01;36m[K^[m[K
In file included from [01m[K/usr/include/opencv2/core.hpp:58:0[m[K,
                 from [01m[K/usr/include/opencv2/core/core.hpp:48[m[K,
                 from [01m[K/opt/ros/melodic/include/cv_bridge/cv_bridge.h:43[m[K,
                 from [01m[K/home/autoware/Autoware/src/autoware/core_perception/vision_darknet_detect/src/vision_darknet_detect.h:37[m[K,
                 from [01m[K/home/autoware/Autoware/src/autoware/core_perception/vision_darknet_detect/src/vision_darknet_detect.cpp:22[m[K:
[01m[K/usr/include/opencv2/core/types.hpp:1809:6:[m[K [01;36m[Knote: [m[Kcandidate: template<class _Tp> bool cv::operator==(const cv::Rect_<_Tp>&, const cv::Rect_<_Tp>&)
 bool [01;36m[Koperator[m[K == (const Rect_<_Tp>& a, const Rect_<_Tp>& b)
      [01;36m[K^~~~~~~~[m[K
[01m[K/usr/include/opencv2/core/types.hpp:1809:6:[m[K [01;36m[Knote: [m[K  template argument deduction/substitution failed:
[01m[K/home/autoware/Autoware/src/autoware/core_perception/vision_darknet_detect/src/vision_darknet_detect.cpp:270:48:[m[K [01;36m[Knote: [m[K  mismatched types ‘[01m[Kconst cv::Rect_<_Tp>[m[K’ and ‘[01m[Kint[m[K’
     if (fault_flag_ == 0) || (fault_flag_ == [][01;36m[K)[m[K
                                                [01;36m[K^[m[K
In file included from [01m[K/usr/include/opencv2/core.hpp:58:0[m[K,
                 from [01m[K/usr/include/opencv2/core/core.hpp:48[m[K,
                 from [01m[K/opt/ros/melodic/include/cv_bridge/cv_bridge.h:43[m[K,
                 from [01m[K/home/autoware/Autoware/src/autoware/core_perception/vision_darknet_detect/src/vision_darknet_detect.h:37[m[K,
                 from [01m[K/home/autoware/Autoware/src/autoware/core_perception/vision_darknet_detect/src/vision_darknet_detect.cpp:22[m[K:
[01m[K/usr/include/opencv2/core/types.hpp:1915:6:[m[K [01;36m[Knote: [m[Kcandidate: bool cv::operator==(const cv::Range&, const cv::Range&)
 bool [01;36m[Koperator[m[K == (const Range& r1, const Range& r2)
      [01;36m[K^~~~~~~~[m[K
[01m[K/usr/include/opencv2/core/types.hpp:1915:6:[m[K [01;36m[Knote: [m[K  no known conversion for argument 1 from ‘[01m[Kint[m[K’ to ‘[01m[Kconst cv::Range&[m[K’
[01m[K/usr/include/opencv2/core/types.hpp:2074:6:[m[K [01;36m[Knote: [m[Kcandidate: template<class _Tp> bool cv::operator==(const cv::Scalar_<_Tp>&, const cv::Scalar_<_Tp>&)
 bool [01;36m[Koperator[m[K == ( const Scalar_<_Tp>& a, const Scalar_<_Tp>& b )
      [01;36m[K^~~~~~~~[m[K
[01m[K/usr/include/opencv2/core/types.hpp:2074:6:[m[K [01;36m[Knote: [m[K  template argument deduction/substitution failed:
[01m[K/home/autoware/Autoware/src/autoware/core_perception/vision_darknet_detect/src/vision_darknet_detect.cpp:270:48:[m[K [01;36m[Knote: [m[K  mismatched types ‘[01m[Kconst cv::Scalar_<_Tp>[m[K’ and ‘[01m[Kint[m[K’
     if (fault_flag_ == 0) || (fault_flag_ == [][01;36m[K)[m[K
                                                [01;36m[K^[m[K
In file included from [01m[K/usr/include/opencv2/core.hpp:59:0[m[K,
                 from [01m[K/usr/include/opencv2/core/core.hpp:48[m[K,
                 from [01m[K/opt/ros/melodic/include/cv_bridge/cv_bridge.h:43[m[K,
                 from [01m[K/home/autoware/Autoware/src/autoware/core_perception/vision_darknet_detect/src/vision_darknet_detect.h:37[m[K,
                 from [01m[K/home/autoware/Autoware/src/autoware/core_perception/vision_darknet_detect/src/vision_darknet_detect.cpp:22[m[K:
[01m[K/usr/include/opencv2/core/mat.hpp:3458:20:[m[K [01;36m[Knote: [m[Kcandidate: cv::MatExpr cv::operator==(const cv::Mat&, const cv::Mat&)
 CV_EXPORTS MatExpr [01;36m[Koperator[m[K == (const Mat& a, const Mat& b);
                    [01;36m[K^~~~~~~~[m[K
[01m[K/usr/include/opencv2/core/mat.hpp:3458:20:[m[K [01;36m[Knote: [m[K  no known conversion for argument 1 from ‘[01m[Kint[m[K’ to ‘[01m[Kconst cv::Mat&[m[K’
[01m[K/usr/include/opencv2/core/mat.hpp:3459:20:[m[K [01;36m[Knote: [m[Kcandidate: cv::MatExpr cv::operator==(const cv::Mat&, double)
 CV_EXPORTS MatExpr [01;36m[Koperator[m[K == (const Mat& a, double s);
                    [01;36m[K^~~~~~~~[m[K
[01m[K/usr/include/opencv2/core/mat.hpp:3459:20:[m[K [01;36m[Knote: [m[K  no known conversion for argument 1 from ‘[01m[Kint[m[K’ to ‘[01m[Kconst cv::Mat&[m[K’
[01m[K/usr/include/opencv2/core/mat.hpp:3460:20:[m[K [01;36m[Knote: [m[Kcandidate: cv::MatExpr cv::operator==(double, const cv::Mat&)
 CV_EXPORTS MatExpr [01;36m[Koperator[m[K == (double s, const Mat& a);
                    [01;36m[K^~~~~~~~[m[K
[01m[K/usr/include/opencv2/core/mat.hpp:3460:20:[m[K [01;36m[Knote: [m[K  no known conversion for argument 2 from ‘[01m[KYolo3DetectorNode::image_callback(const ImageConstPtr&)::<lambda()>[m[K’ to ‘[01m[Kconst cv::Mat&[m[K’
In file included from [01m[K/usr/include/opencv2/core/mat.hpp:3518:0[m[K,
                 from [01m[K/usr/include/opencv2/core.hpp:59[m[K,
                 from [01m[K/usr/include/opencv2/core/core.hpp:48[m[K,
                 from [01m[K/opt/ros/melodic/include/cv_bridge/cv_bridge.h:43[m[K,
                 from [01m[K/home/autoware/Autoware/src/autoware/core_perception/vision_darknet_detect/src/vision_darknet_detect.h:37[m[K,
                 from [01m[K/home/autoware/Autoware/src/autoware/core_perception/vision_darknet_detect/src/vision_darknet_detect.cpp:22[m[K:
[01m[K/usr/include/opencv2/core/mat.inl.hpp:2488:6:[m[K [01;36m[Knote: [m[Kcandidate: bool cv::operator==(const cv::MatConstIterator&, const cv::MatConstIterator&)
 bool [01;36m[Koperator[m[K == (const MatConstIterator& a, const MatConstIterator& b)
      [01;36m[K^~~~~~~~[m[K
[01m[K/usr/include/opencv2/core/mat.inl.hpp:2488:6:[m[K [01;36m[Knote: [m[K  no known conversion for argument 2 from ‘[01m[KYolo3DetectorNode::image_callback(const ImageConstPtr&)::<lambda()>[m[K’ to ‘[01m[Kconst cv::MatConstIterator&[m[K’
[01m[K/usr/include/opencv2/core/mat.inl.hpp:2671:6:[m[K [01;36m[Knote: [m[Kcandidate: template<class _Tp> bool cv::operator==(const cv::MatConstIterator_<_Tp>&, const cv::MatConstIterator_<_Tp>&)
 bool [01;36m[Koperator[m[K == (const MatConstIterator_<_Tp>& a, const MatConstIterator_<_Tp>& b)
      [01;36m[K^~~~~~~~[m[K
[01m[K/usr/include/opencv2/core/mat.inl.hpp:2671:6:[m[K [01;36m[Knote: [m[K  template argument deduction/substitution failed:
[01m[K/home/autoware/Autoware/src/autoware/core_perception/vision_darknet_detect/src/vision_darknet_detect.cpp:270:48:[m[K [01;36m[Knote: [m[K  mismatched types ‘[01m[Kconst cv::MatConstIterator_<_Tp>[m[K’ and ‘[01m[Kint[m[K’
     if (fault_flag_ == 0) || (fault_flag_ == [][01;36m[K)[m[K
                                                [01;36m[K^[m[K
In file included from [01m[K/usr/include/opencv2/core/mat.hpp:3518:0[m[K,
                 from [01m[K/usr/include/opencv2/core.hpp:59[m[K,
                 from [01m[K/usr/include/opencv2/core/core.hpp:48[m[K,
                 from [01m[K/opt/ros/melodic/include/cv_bridge/cv_bridge.h:43[m[K,
                 from [01m[K/home/autoware/Autoware/src/autoware/core_perception/vision_darknet_detect/src/vision_darknet_detect.h:37[m[K,
                 from [01m[K/home/autoware/Autoware/src/autoware/core_perception/vision_darknet_detect/src/vision_darknet_detect.cpp:22[m[K:
[01m[K/usr/include/opencv2/core/mat.inl.hpp:2808:6:[m[K [01;36m[Knote: [m[Kcandidate: template<class _Tp> bool cv::operator==(const cv::MatIterator_<_Tp>&, const cv::MatIterator_<_Tp>&)
 bool [01;36m[Koperator[m[K == (const MatIterator_<_Tp>& a, const MatIterator_<_Tp>& b)
      [01;36m[K^~~~~~~~[m[K
[01m[K/usr/include/opencv2/core/mat.inl.hpp:2808:6:[m[K [01;36m[Knote: [m[K  template argument deduction/substitution failed:
[01m[K/home/autoware/Autoware/src/autoware/core_perception/vision_darknet_detect/src/vision_darknet_detect.cpp:270:48:[m[K [01;36m[Knote: [m[K  mismatched types ‘[01m[Kconst cv::MatIterator_<_Tp>[m[K’ and ‘[01m[Kint[m[K’
     if (fault_flag_ == 0) || (fault_flag_ == [][01;36m[K)[m[K
                                                [01;36m[K^[m[K
In file included from [01m[K/usr/include/opencv2/core/mat.hpp:3518:0[m[K,
                 from [01m[K/usr/include/opencv2/core.hpp:59[m[K,
                 from [01m[K/usr/include/opencv2/core/core.hpp:48[m[K,
                 from [01m[K/opt/ros/melodic/include/cv_bridge/cv_bridge.h:43[m[K,
                 from [01m[K/home/autoware/Autoware/src/autoware/core_perception/vision_darknet_detect/src/vision_darknet_detect.h:37[m[K,
                 from [01m[K/home/autoware/Autoware/src/autoware/core_perception/vision_darknet_detect/src/vision_darknet_detect.cpp:22[m[K:
[01m[K/usr/include/opencv2/core/mat.inl.hpp:2897:6:[m[K [01;36m[Knote: [m[Kcandidate: bool cv::operator==(const cv::SparseMatConstIterator&, const cv::SparseMatConstIterator&)
 bool [01;36m[Koperator[m[K == (const SparseMatConstIterator& it1, const SparseMatConstIterator& it2)
      [01;36m[K^~~~~~~~[m[K
[01m[K/usr/include/opencv2/core/mat.inl.hpp:2897:6:[m[K [01;36m[Knote: [m[K  no known conversion for argument 2 from ‘[01m[KYolo3DetectorNode::image_callback(const ImageConstPtr&)::<lambda()>[m[K’ to ‘[01m[Kconst cv::SparseMatConstIterator&[m[K’
In file included from [01m[K/usr/include/opencv2/core.hpp:60:0[m[K,
                 from [01m[K/usr/include/opencv2/core/core.hpp:48[m[K,
                 from [01m[K/opt/ros/melodic/include/cv_bridge/cv_bridge.h:43[m[K,
                 from [01m[K/home/autoware/Autoware/src/autoware/core_perception/vision_darknet_detect/src/vision_darknet_detect.h:37[m[K,
                 from [01m[K/home/autoware/Autoware/src/autoware/core_perception/vision_darknet_detect/src/vision_darknet_detect.cpp:22[m[K:
[01m[K/usr/include/opencv2/core/persistence.hpp:1204:6:[m[K [01;36m[Knote: [m[Kcandidate: bool cv::operator==(const cv::FileNodeIterator&, const cv::FileNodeIterator&)
 bool [01;36m[Koperator[m[K == (const FileNodeIterator& it1, const FileNodeIterator& it2)
      [01;36m[K^~~~~~~~[m[K
[01m[K/usr/include/opencv2/core/persistence.hpp:1204:6:[m[K [01;36m[Knote: [m[K  no known conversion for argument 1 from ‘[01m[Kint[m[K’ to ‘[01m[Kconst cv::FileNodeIterator&[m[K’
In file included from [01m[K/usr/include/opencv2/core/utility.hpp:1168:0[m[K,
                 from [01m[K/usr/include/opencv2/core.hpp:3216[m[K,
                 from [01m[K/usr/include/opencv2/core/core.hpp:48[m[K,
                 from [01m[K/opt/ros/melodic/include/cv_bridge/cv_bridge.h:43[m[K,
                 from [01m[K/home/autoware/Autoware/src/autoware/core_perception/vision_darknet_detect/src/vision_darknet_detect.h:37[m[K,
                 from [01m[K/home/autoware/Autoware/src/autoware/core_perception/vision_darknet_detect/src/vision_darknet_detect.cpp:22[m[K:
[01m[K/usr/include/opencv2/core/core_c.h:3166:36:[m[K [01;36m[Knote: [m[Kcandidate: template<class _Tp> bool cv::operator==(const cv::SeqIterator<_Tp>&, const cv::SeqIterator<_Tp>&)
 template<typename _Tp> inline bool [01;36m[Koperator[m[K == (const SeqIterator<_Tp>& a,
                                    [01;36m[K^~~~~~~~[m[K
[01m[K/usr/include/opencv2/core/core_c.h:3166:36:[m[K [01;36m[Knote: [m[K  template argument deduction/substitution failed:
[01m[K/home/autoware/Autoware/src/autoware/core_perception/vision_darknet_detect/src/vision_darknet_detect.cpp:270:48:[m[K [01;36m[Knote: [m[K  mismatched types ‘[01m[Kconst cv::SeqIterator<_Tp>[m[K’ and ‘[01m[Kint[m[K’
     if (fault_flag_ == 0) || (fault_flag_ == [][01;36m[K)[m[K
                                                [01;36m[K^[m[K
make[2]: *** [CMakeFiles/vision_darknet_detect.dir/src/vision_darknet_detect.cpp.o] Error 1
make[1]: *** [CMakeFiles/vision_darknet_detect.dir/all] Error 2
make: *** [all] Error 2
