[0.623s] Invoking command in '/home/autoware/Autoware/build/twist2odom': /usr/bin/cmake --build /home/autoware/Autoware/build/twist2odom -- -j32 -l32
[0.811s] [  0%] Built target rosgraph_msgs_generate_messages_nodejs
[0.811s] [  0%] Built target nav_msgs_generate_messages_nodejs
[0.811s] [  0%] Built target std_msgs_generate_messages_eus
[0.811s] [  0%] Built target nav_msgs_generate_messages_eus
[0.812s] [  0%] Built target std_msgs_generate_messages_py
[0.812s] [  0%] Built target actionlib_msgs_generate_messages_cpp
[0.812s] [  0%] Built target geometry_msgs_generate_messages_cpp
[0.812s] [  0%] Built target geometry_msgs_generate_messages_lisp
[0.812s] [  0%] Built target std_msgs_generate_messages_cpp
[0.812s] [  0%] Built target nav_msgs_generate_messages_cpp
[0.812s] [  0%] Built target roscpp_generate_messages_nodejs
[0.812s] [  0%] Built target geometry_msgs_generate_messages_nodejs
[0.812s] [  0%] Built target geometry_msgs_generate_messages_py
[0.812s] [  0%] Built target rosgraph_msgs_generate_messages_py
[0.812s] [  0%] Built target nav_msgs_generate_messages_lisp
[0.812s] [  0%] Built target roscpp_generate_messages_cpp
[0.812s] [  0%] Built target geometry_msgs_generate_messages_eus
[0.813s] [  0%] Built target std_msgs_generate_messages_nodejs
[0.813s] [  0%] Built target roscpp_generate_messages_lisp
[0.813s] [  0%] Built target rosgraph_msgs_generate_messages_lisp
[0.813s] [  0%] Built target std_msgs_generate_messages_lisp
[0.813s] [  0%] Built target roscpp_generate_messages_eus
[0.813s] [  0%] Built target roscpp_generate_messages_py
[0.813s] [  0%] Built target rosgraph_msgs_generate_messages_eus
[0.814s] [  0%] Built target actionlib_msgs_generate_messages_py
[0.814s] [  0%] Built target actionlib_msgs_generate_messages_nodejs
[0.814s] [  0%] Built target actionlib_msgs_generate_messages_eus
[0.815s] [  0%] Built target nav_msgs_generate_messages_py
[0.815s] [  0%] Built target rosgraph_msgs_generate_messages_cpp
[0.818s] [  0%] Built target actionlib_msgs_generate_messages_lisp
[0.818s] [100%] Built target twist2odom
[0.932s] Invoked command in '/home/autoware/Autoware/build/twist2odom' returned '0': /usr/bin/cmake --build /home/autoware/Autoware/build/twist2odom -- -j32 -l32
[1.159s] Invoking command in '/home/autoware/Autoware/build/twist2odom': /usr/bin/cmake --build /home/autoware/Autoware/build/twist2odom --target tests -- -j32 -l32
[1.297s] [ 40%] Built target gtest
[1.352s] [100%] Built target twist2odom_test
[1.445s] [100%] Built target tests
[1.485s] Invoked command in '/home/autoware/Autoware/build/twist2odom' returned '0': /usr/bin/cmake --build /home/autoware/Autoware/build/twist2odom --target tests -- -j32 -l32
[1.733s] Invoking command in '/home/autoware/Autoware/build/twist2odom': /usr/bin/cmake --build /home/autoware/Autoware/build/twist2odom --target install -- -j32 -l32
[2.069s] [  0%] Built target rosgraph_msgs_generate_messages_nodejs
[2.069s] [  0%] Built target std_msgs_generate_messages_py
[2.069s] [  0%] Built target nav_msgs_generate_messages_nodejs
[2.070s] [  0%] Built target std_msgs_generate_messages_lisp
[2.070s] [  0%] Built target roscpp_generate_messages_cpp
[2.071s] [  0%] Built target geometry_msgs_generate_messages_py
[2.071s] [  0%] Built target actionlib_msgs_generate_messages_cpp
[2.071s] [  0%] Built target nav_msgs_generate_messages_cpp
[2.071s] [  0%] Built target rosgraph_msgs_generate_messages_py
[2.071s] [  0%] Built target actionlib_msgs_generate_messages_nodejs
[2.072s] [  0%] Built target nav_msgs_generate_messages_py
[2.072s] [  0%] Built target std_msgs_generate_messages_nodejs
[2.072s] [  0%] Built target roscpp_generate_messages_py
[2.072s] [  0%] Built target geometry_msgs_generate_messages_cpp
[2.072s] [  0%] Built target std_msgs_generate_messages_eus
[2.072s] [  0%] Built target nav_msgs_generate_messages_lisp
[2.073s] [  0%] Built target actionlib_msgs_generate_messages_eus
[2.074s] [  0%] Built target geometry_msgs_generate_messages_lisp
[2.074s] [  0%] Built target nav_msgs_generate_messages_eus
[2.074s] [  0%] Built target actionlib_msgs_generate_messages_lisp
[2.074s] [  0%] Built target geometry_msgs_generate_messages_eus
[2.075s] [  0%] Built target roscpp_generate_messages_lisp
[2.075s] [  0%] Built target rosgraph_msgs_generate_messages_lisp
[2.075s] [  0%] Built target geometry_msgs_generate_messages_nodejs
[2.075s] [  0%] Built target std_msgs_generate_messages_cpp
[2.075s] [  0%] Built target rosgraph_msgs_generate_messages_eus
[2.076s] [  0%] Built target actionlib_msgs_generate_messages_py
[2.076s] [  0%] Built target roscpp_generate_messages_eus
[2.077s] [  0%] Built target roscpp_generate_messages_nodejs
[2.078s] [  0%] Built target rosgraph_msgs_generate_messages_cpp
[2.079s] [100%] Built target twist2odom
[2.079s] Install the project...
[2.079s] -- Install configuration: "Release"
[2.079s] -- Up-to-date: /home/autoware/Autoware/install/twist2odom/lib/pkgconfig/twist2odom.pc
[2.079s] -- Up-to-date: /home/autoware/Autoware/install/twist2odom/share/twist2odom/cmake/twist2odomConfig.cmake
[2.079s] -- Up-to-date: /home/autoware/Autoware/install/twist2odom/share/twist2odom/cmake/twist2odomConfig-version.cmake
[2.080s] -- Up-to-date: /home/autoware/Autoware/install/twist2odom/share/twist2odom/package.xml
[2.080s] -- Up-to-date: /home/autoware/Autoware/install/twist2odom/lib/twist2odom/twist2odom
[2.399s] Invoked command in '/home/autoware/Autoware/build/twist2odom' returned '0': /usr/bin/cmake --build /home/autoware/Autoware/build/twist2odom --target install -- -j32 -l32
