[0.627s] Invoking command in '/home/autoware/Autoware/build/vehicle_gazebo_simulation_launcher': /usr/bin/cmake --build /home/autoware/Autoware/build/vehicle_gazebo_simulation_launcher -- -j32 -l32
[0.872s] Invoked command in '/home/autoware/Autoware/build/vehicle_gazebo_simulation_launcher' returned '0': /usr/bin/cmake --build /home/autoware/Autoware/build/vehicle_gazebo_simulation_launcher -- -j32 -l32
[1.134s] Invoking command in '/home/autoware/Autoware/build/vehicle_gazebo_simulation_launcher': /usr/bin/cmake --build /home/autoware/Autoware/build/vehicle_gazebo_simulation_launcher --target tests -- -j32 -l32
[1.255s] Built target tests
[1.304s] Invoked command in '/home/autoware/Autoware/build/vehicle_gazebo_simulation_launcher' returned '0': /usr/bin/cmake --build /home/autoware/Autoware/build/vehicle_gazebo_simulation_launcher --target tests -- -j32 -l32
[1.543s] Invoking command in '/home/autoware/Autoware/build/vehicle_gazebo_simulation_launcher': /usr/bin/cmake --build /home/autoware/Autoware/build/vehicle_gazebo_simulation_launcher --target install -- -j32 -l32
[1.700s] Install the project...
[1.701s] -- Install configuration: "Release"
[1.701s] -- Up-to-date: /home/autoware/Autoware/install/vehicle_gazebo_simulation_launcher/lib/pkgconfig/vehicle_gazebo_simulation_launcher.pc
[1.701s] -- Up-to-date: /home/autoware/Autoware/install/vehicle_gazebo_simulation_launcher/share/vehicle_gazebo_simulation_launcher/cmake/vehicle_gazebo_simulation_launcherConfig.cmake
[1.701s] -- Up-to-date: /home/autoware/Autoware/install/vehicle_gazebo_simulation_launcher/share/vehicle_gazebo_simulation_launcher/cmake/vehicle_gazebo_simulation_launcherConfig-version.cmake
[1.701s] -- Up-to-date: /home/autoware/Autoware/install/vehicle_gazebo_simulation_launcher/share/vehicle_gazebo_simulation_launcher/package.xml
[1.701s] -- Up-to-date: /home/autoware/Autoware/install/vehicle_gazebo_simulation_launcher/share/vehicle_gazebo_simulation_launcher/launch
[1.701s] -- Up-to-date: /home/autoware/Autoware/install/vehicle_gazebo_simulation_launcher/share/vehicle_gazebo_simulation_launcher/launch/rviz_test.launch
[1.701s] -- Up-to-date: /home/autoware/Autoware/install/vehicle_gazebo_simulation_launcher/share/vehicle_gazebo_simulation_launcher/launch/gazebo_launcher.launch
[1.701s] -- Up-to-date: /home/autoware/Autoware/install/vehicle_gazebo_simulation_launcher/share/vehicle_gazebo_simulation_launcher/launch/world_test.launch
[1.702s] -- Up-to-date: /home/autoware/Autoware/install/vehicle_gazebo_simulation_launcher/share/vehicle_gazebo_simulation_launcher/scripts
[1.702s] -- Up-to-date: /home/autoware/Autoware/install/vehicle_gazebo_simulation_launcher/share/vehicle_gazebo_simulation_launcher/scripts/download_model.sh
[1.702s] -- Up-to-date: /home/autoware/Autoware/install/vehicle_gazebo_simulation_launcher/share/vehicle_gazebo_simulation_launcher/scripts/setup.sh
[1.702s] -- Up-to-date: /home/autoware/Autoware/install/vehicle_gazebo_simulation_launcher/share/vehicle_gazebo_simulation_launcher/scripts/upgrade_gazebo_stable_version.sh
[1.890s] Invoked command in '/home/autoware/Autoware/build/vehicle_gazebo_simulation_launcher' returned '0': /usr/bin/cmake --build /home/autoware/Autoware/build/vehicle_gazebo_simulation_launcher --target install -- -j32 -l32
