[0.373s] Invoking command in '/home/autoware/Autoware/build/pcl_omp_registration': /usr/bin/cmake --build /home/autoware/Autoware/build/pcl_omp_registration -- -j32 -l32
[0.755s] [100%] Built target pcl_omp_registration
[0.856s] Invoked command in '/home/autoware/Autoware/build/pcl_omp_registration' returned '0': /usr/bin/cmake --build /home/autoware/Autoware/build/pcl_omp_registration -- -j32 -l32
[0.974s] Invoking command in '/home/autoware/Autoware/build/pcl_omp_registration': /usr/bin/cmake --build /home/autoware/Autoware/build/pcl_omp_registration --target tests -- -j32 -l32
[1.097s] Built target tests
[1.128s] Invoked command in '/home/autoware/Autoware/build/pcl_omp_registration' returned '0': /usr/bin/cmake --build /home/autoware/Autoware/build/pcl_omp_registration --target tests -- -j32 -l32
[1.258s] Invoking command in '/home/autoware/Autoware/build/pcl_omp_registration': /usr/bin/cmake --build /home/autoware/Autoware/build/pcl_omp_registration --target install -- -j32 -l32
[1.594s] [100%] Built target pcl_omp_registration
[1.594s] Install the project...
[1.594s] -- Install configuration: "Release"
[1.594s] -- Up-to-date: /home/autoware/Autoware/install/pcl_omp_registration/lib/pkgconfig/pcl_omp_registration.pc
[1.594s] -- Up-to-date: /home/autoware/Autoware/install/pcl_omp_registration/share/pcl_omp_registration/cmake/pcl_omp_registrationConfig.cmake
[1.594s] -- Up-to-date: /home/autoware/Autoware/install/pcl_omp_registration/share/pcl_omp_registration/cmake/pcl_omp_registrationConfig-version.cmake
[1.594s] -- Up-to-date: /home/autoware/Autoware/install/pcl_omp_registration/share/pcl_omp_registration/package.xml
[1.595s] -- Up-to-date: /home/autoware/Autoware/install/pcl_omp_registration/include/pcl_omp_registration
[1.595s] -- Up-to-date: /home/autoware/Autoware/install/pcl_omp_registration/include/pcl_omp_registration/ndt.h
[1.595s] -- Up-to-date: /home/autoware/Autoware/install/pcl_omp_registration/include/pcl_omp_registration/registration.h
[1.595s] -- Up-to-date: /home/autoware/Autoware/install/pcl_omp_registration/include/pcl_omp_registration/impl
[1.595s] -- Up-to-date: /home/autoware/Autoware/install/pcl_omp_registration/include/pcl_omp_registration/impl/registration.hpp
[1.595s] -- Up-to-date: /home/autoware/Autoware/install/pcl_omp_registration/include/pcl_omp_registration/impl/ndt.hpp
[1.595s] -- Up-to-date: /home/autoware/Autoware/install/pcl_omp_registration/lib/libpcl_omp_registration.so
[1.774s] Invoked command in '/home/autoware/Autoware/build/pcl_omp_registration' returned '0': /usr/bin/cmake --build /home/autoware/Autoware/build/pcl_omp_registration --target install -- -j32 -l32
