Determining if the pthread_create exist failed with the following output:
Change Dir: /home/autoware/Autoware/build/vision_lane_detect/CMakeFiles/CMakeTmp

Run Build Command:"/usr/bin/make" "cmTC_43868/fast"
/usr/bin/make -f CMakeFiles/cmTC_43868.dir/build.make CMakeFiles/cmTC_43868.dir/build
make[1]: Entering directory '/home/autoware/Autoware/build/vision_lane_detect/CMakeFiles/CMakeTmp'
Building C object CMakeFiles/cmTC_43868.dir/CheckSymbolExists.c.o
/usr/bin/cc    -o CMakeFiles/cmTC_43868.dir/CheckSymbolExists.c.o   -c /home/autoware/Autoware/build/vision_lane_detect/CMakeFiles/CMakeTmp/CheckSymbolExists.c
Linking C executable cmTC_43868
/usr/bin/cmake -E cmake_link_script CMakeFiles/cmTC_43868.dir/link.txt --verbose=1
/usr/bin/cc      -rdynamic CMakeFiles/cmTC_43868.dir/CheckSymbolExists.c.o  -o cmTC_43868 
CMakeFiles/cmTC_43868.dir/CheckSymbolExists.c.o: In function `main':
CheckSymbolExists.c:(.text+0x1b): undefined reference to `pthread_create'
collect2: error: ld returned 1 exit status
CMakeFiles/cmTC_43868.dir/build.make:97: recipe for target 'cmTC_43868' failed
make[1]: *** [cmTC_43868] Error 1
make[1]: Leaving directory '/home/autoware/Autoware/build/vision_lane_detect/CMakeFiles/CMakeTmp'
Makefile:126: recipe for target 'cmTC_43868/fast' failed
make: *** [cmTC_43868/fast] Error 2

File /home/autoware/Autoware/build/vision_lane_detect/CMakeFiles/CMakeTmp/CheckSymbolExists.c:
/* */
#include <pthread.h>

int main(int argc, char** argv)
{
  (void)argv;
#ifndef pthread_create
  return ((int*)(&pthread_create))[argc];
#else
  (void)argc;
  return 0;
#endif
}

Determining if the function pthread_create exists in the pthreads failed with the following output:
Change Dir: /home/autoware/Autoware/build/vision_lane_detect/CMakeFiles/CMakeTmp

Run Build Command:"/usr/bin/make" "cmTC_aeacd/fast"
/usr/bin/make -f CMakeFiles/cmTC_aeacd.dir/build.make CMakeFiles/cmTC_aeacd.dir/build
make[1]: Entering directory '/home/autoware/Autoware/build/vision_lane_detect/CMakeFiles/CMakeTmp'
Building C object CMakeFiles/cmTC_aeacd.dir/CheckFunctionExists.c.o
/usr/bin/cc   -DCHECK_FUNCTION_EXISTS=pthread_create   -o CMakeFiles/cmTC_aeacd.dir/CheckFunctionExists.c.o   -c /usr/share/cmake-3.10/Modules/CheckFunctionExists.c
Linking C executable cmTC_aeacd
/usr/bin/cmake -E cmake_link_script CMakeFiles/cmTC_aeacd.dir/link.txt --verbose=1
/usr/bin/cc  -DCHECK_FUNCTION_EXISTS=pthread_create    -rdynamic CMakeFiles/cmTC_aeacd.dir/CheckFunctionExists.c.o  -o cmTC_aeacd -lpthreads 
/usr/bin/ld: cannot find -lpthreads
collect2: error: ld returned 1 exit status
CMakeFiles/cmTC_aeacd.dir/build.make:97: recipe for target 'cmTC_aeacd' failed
make[1]: *** [cmTC_aeacd] Error 1
make[1]: Leaving directory '/home/autoware/Autoware/build/vision_lane_detect/CMakeFiles/CMakeTmp'
Makefile:126: recipe for target 'cmTC_aeacd/fast' failed
make: *** [cmTC_aeacd/fast] Error 2


