[0.227s] Invoking command in '/home/autoware/Autoware/build/ds4_msgs': /usr/bin/cmake --build /home/autoware/Autoware/build/ds4_msgs -- -j32 -l32
[0.779s] [  0%] Built target std_msgs_generate_messages_lisp
[0.779s] [  0%] Built target std_msgs_generate_messages_cpp
[0.779s] [  0%] Built target std_msgs_generate_messages_eus
[0.779s] [  0%] Built target std_msgs_generate_messages_nodejs
[0.780s] [  0%] Built target std_msgs_generate_messages_py
[0.785s] [  0%] Built target _ds4_msgs_generate_messages_check_deps_DS4
[0.786s] [ 14%] Built target ds4_msgs_generate_messages_lisp
[0.786s] [ 28%] Built target ds4_msgs_generate_messages_cpp
[0.786s] [ 57%] Built target ds4_msgs_generate_messages_py
[0.795s] [ 85%] Built target ds4_msgs_generate_messages_eus
[0.796s] [100%] Built target ds4_msgs_generate_messages_nodejs
[0.889s] [100%] Built target ds4_msgs_generate_messages
[0.908s] Invoked command in '/home/autoware/Autoware/build/ds4_msgs' returned '0': /usr/bin/cmake --build /home/autoware/Autoware/build/ds4_msgs -- -j32 -l32
[1.039s] Invoking command in '/home/autoware/Autoware/build/ds4_msgs': /usr/bin/cmake --build /home/autoware/Autoware/build/ds4_msgs --target tests -- -j32 -l32
[1.149s] Built target tests
[1.209s] Invoked command in '/home/autoware/Autoware/build/ds4_msgs' returned '0': /usr/bin/cmake --build /home/autoware/Autoware/build/ds4_msgs --target tests -- -j32 -l32
[1.344s] Invoking command in '/home/autoware/Autoware/build/ds4_msgs': /usr/bin/cmake --build /home/autoware/Autoware/build/ds4_msgs --target install -- -j32 -l32
[1.644s] [  0%] Built target std_msgs_generate_messages_cpp
[1.644s] [  0%] Built target std_msgs_generate_messages_lisp
[1.644s] [  0%] Built target std_msgs_generate_messages_eus
[1.644s] [  0%] Built target std_msgs_generate_messages_nodejs
[1.644s] [  0%] Built target std_msgs_generate_messages_py
[1.644s] [  0%] Built target _ds4_msgs_generate_messages_check_deps_DS4
[1.644s] [ 28%] Built target ds4_msgs_generate_messages_nodejs
[1.644s] [ 42%] Built target ds4_msgs_generate_messages_py
[1.644s] [ 71%] Built target ds4_msgs_generate_messages_eus
[1.644s] [ 85%] Built target ds4_msgs_generate_messages_cpp
[1.644s] [100%] Built target ds4_msgs_generate_messages_lisp
[1.645s] [100%] Built target ds4_msgs_generate_messages
[1.729s] Install the project...
[1.729s] -- Install configuration: "Release"
[1.729s] -- Up-to-date: /home/autoware/Autoware/install/ds4_msgs/share/ds4_msgs/msg/DS4.msg
[1.729s] -- Up-to-date: /home/autoware/Autoware/install/ds4_msgs/share/ds4_msgs/cmake/ds4_msgs-msg-paths.cmake
[1.729s] -- Up-to-date: /home/autoware/Autoware/install/ds4_msgs/include/ds4_msgs
[1.729s] -- Up-to-date: /home/autoware/Autoware/install/ds4_msgs/include/ds4_msgs/DS4.h
[1.729s] -- Up-to-date: /home/autoware/Autoware/install/ds4_msgs/share/roseus/ros/ds4_msgs
[1.730s] -- Up-to-date: /home/autoware/Autoware/install/ds4_msgs/share/roseus/ros/ds4_msgs/manifest.l
[1.730s] -- Up-to-date: /home/autoware/Autoware/install/ds4_msgs/share/roseus/ros/ds4_msgs/msg
[1.730s] -- Up-to-date: /home/autoware/Autoware/install/ds4_msgs/share/roseus/ros/ds4_msgs/msg/DS4.l
[1.730s] -- Up-to-date: /home/autoware/Autoware/install/ds4_msgs/share/common-lisp/ros/ds4_msgs
[1.730s] -- Up-to-date: /home/autoware/Autoware/install/ds4_msgs/share/common-lisp/ros/ds4_msgs/msg
[1.730s] -- Up-to-date: /home/autoware/Autoware/install/ds4_msgs/share/common-lisp/ros/ds4_msgs/msg/_package.lisp
[1.730s] -- Up-to-date: /home/autoware/Autoware/install/ds4_msgs/share/common-lisp/ros/ds4_msgs/msg/_package_DS4.lisp
[1.730s] -- Up-to-date: /home/autoware/Autoware/install/ds4_msgs/share/common-lisp/ros/ds4_msgs/msg/DS4.lisp
[1.730s] -- Up-to-date: /home/autoware/Autoware/install/ds4_msgs/share/common-lisp/ros/ds4_msgs/msg/ds4_msgs-msg.asd
[1.730s] -- Up-to-date: /home/autoware/Autoware/install/ds4_msgs/share/gennodejs/ros/ds4_msgs
[1.730s] -- Up-to-date: /home/autoware/Autoware/install/ds4_msgs/share/gennodejs/ros/ds4_msgs/msg
[1.730s] -- Up-to-date: /home/autoware/Autoware/install/ds4_msgs/share/gennodejs/ros/ds4_msgs/msg/DS4.js
[1.730s] -- Up-to-date: /home/autoware/Autoware/install/ds4_msgs/share/gennodejs/ros/ds4_msgs/msg/_index.js
[1.731s] -- Up-to-date: /home/autoware/Autoware/install/ds4_msgs/share/gennodejs/ros/ds4_msgs/_index.js
[1.731s] Listing /home/autoware/Autoware/build/ds4_msgs/devel/lib/python2.7/dist-packages/ds4_msgs ...
[1.731s] Listing /home/autoware/Autoware/build/ds4_msgs/devel/lib/python2.7/dist-packages/ds4_msgs/msg ...
[1.731s] -- Up-to-date: /home/autoware/Autoware/install/ds4_msgs/lib/python2.7/dist-packages/ds4_msgs
[1.731s] -- Up-to-date: /home/autoware/Autoware/install/ds4_msgs/lib/python2.7/dist-packages/ds4_msgs/__init__.py
[1.731s] -- Up-to-date: /home/autoware/Autoware/install/ds4_msgs/lib/python2.7/dist-packages/ds4_msgs/msg
[1.731s] -- Up-to-date: /home/autoware/Autoware/install/ds4_msgs/lib/python2.7/dist-packages/ds4_msgs/msg/__init__.py
[1.731s] -- Up-to-date: /home/autoware/Autoware/install/ds4_msgs/lib/python2.7/dist-packages/ds4_msgs/msg/_DS4.pyc
[1.731s] -- Up-to-date: /home/autoware/Autoware/install/ds4_msgs/lib/python2.7/dist-packages/ds4_msgs/msg/_DS4.py
[1.731s] -- Up-to-date: /home/autoware/Autoware/install/ds4_msgs/lib/python2.7/dist-packages/ds4_msgs/msg/__init__.pyc
[1.731s] -- Up-to-date: /home/autoware/Autoware/install/ds4_msgs/lib/python2.7/dist-packages/ds4_msgs/__init__.pyc
[1.732s] -- Up-to-date: /home/autoware/Autoware/install/ds4_msgs/lib/pkgconfig/ds4_msgs.pc
[1.732s] -- Up-to-date: /home/autoware/Autoware/install/ds4_msgs/share/ds4_msgs/cmake/ds4_msgs-msg-extras.cmake
[1.732s] -- Up-to-date: /home/autoware/Autoware/install/ds4_msgs/share/ds4_msgs/cmake/ds4_msgsConfig.cmake
[1.732s] -- Up-to-date: /home/autoware/Autoware/install/ds4_msgs/share/ds4_msgs/cmake/ds4_msgsConfig-version.cmake
[1.732s] -- Up-to-date: /home/autoware/Autoware/install/ds4_msgs/share/ds4_msgs/package.xml
[1.926s] Invoked command in '/home/autoware/Autoware/build/ds4_msgs' returned '0': /usr/bin/cmake --build /home/autoware/Autoware/build/ds4_msgs --target install -- -j32 -l32
