[100%] Built target gnss
[  0%] Built target rosgraph_msgs_generate_messages_py
[  0%] Built target rosgraph_msgs_generate_messages_cpp
[ 40%] Built target gtest
[ 40%] Built target std_msgs_generate_messages_eus
[ 40%] Built target roscpp_generate_messages_py
[ 40%] Built target rosgraph_msgs_generate_messages_lisp
[ 40%] Built target std_msgs_generate_messages_py
[ 40%] Built target std_msgs_generate_messages_cpp
[ 40%] Built target std_msgs_generate_messages_lisp
[ 40%] Built target rosgraph_msgs_generate_messages_eus
[ 40%] Built target roscpp_generate_messages_nodejs
[ 40%] Built target roscpp_generate_messages_eus
[ 40%] Built target rosgraph_msgs_generate_messages_nodejs
[ 40%] Built target std_msgs_generate_messages_nodejs
[ 40%] Built target roscpp_generate_messages_lisp
[ 40%] Built target roscpp_generate_messages_cpp
[100%] Built target test_gnss
[100%] Built target tests
[100%] Built target gnss
Install the project...
-- Install configuration: "Release"
-- Up-to-date: /home/autoware/Autoware/install/gnss/lib/pkgconfig/gnss.pc
-- Up-to-date: /home/autoware/Autoware/install/gnss/share/gnss/cmake/gnssConfig.cmake
-- Up-to-date: /home/autoware/Autoware/install/gnss/share/gnss/cmake/gnssConfig-version.cmake
-- Up-to-date: /home/autoware/Autoware/install/gnss/share/gnss/package.xml
-- Up-to-date: /home/autoware/Autoware/install/gnss/include/gnss
-- Up-to-date: /home/autoware/Autoware/install/gnss/include/gnss/geo_pos_conv.hpp
-- Up-to-date: /home/autoware/Autoware/install/gnss/lib/libgnss.so
