[0.233s] Invoking command in '/home/autoware/Autoware/build/gnss': /usr/bin/cmake --build /home/autoware/Autoware/build/gnss -- -j32 -l32
[0.802s] [100%] Built target gnss
[0.828s] Invoked command in '/home/autoware/Autoware/build/gnss' returned '0': /usr/bin/cmake --build /home/autoware/Autoware/build/gnss -- -j32 -l32
[1.034s] Invoking command in '/home/autoware/Autoware/build/gnss': /usr/bin/cmake --build /home/autoware/Autoware/build/gnss --target tests -- -j32 -l32
[1.161s] [  0%] Built target rosgraph_msgs_generate_messages_py
[1.161s] [  0%] Built target rosgraph_msgs_generate_messages_cpp
[1.162s] [ 40%] Built target gtest
[1.162s] [ 40%] Built target std_msgs_generate_messages_eus
[1.162s] [ 40%] Built target roscpp_generate_messages_py
[1.162s] [ 40%] Built target rosgraph_msgs_generate_messages_lisp
[1.162s] [ 40%] Built target std_msgs_generate_messages_py
[1.162s] [ 40%] Built target std_msgs_generate_messages_cpp
[1.163s] [ 40%] Built target std_msgs_generate_messages_lisp
[1.163s] [ 40%] Built target rosgraph_msgs_generate_messages_eus
[1.166s] [ 40%] Built target roscpp_generate_messages_nodejs
[1.166s] [ 40%] Built target roscpp_generate_messages_eus
[1.167s] [ 40%] Built target rosgraph_msgs_generate_messages_nodejs
[1.167s] [ 40%] Built target std_msgs_generate_messages_nodejs
[1.167s] [ 40%] Built target roscpp_generate_messages_lisp
[1.167s] [ 40%] Built target roscpp_generate_messages_cpp
[1.212s] [100%] Built target test_gnss
[1.230s] [100%] Built target tests
[1.284s] Invoked command in '/home/autoware/Autoware/build/gnss' returned '0': /usr/bin/cmake --build /home/autoware/Autoware/build/gnss --target tests -- -j32 -l32
[1.556s] Invoking command in '/home/autoware/Autoware/build/gnss': /usr/bin/cmake --build /home/autoware/Autoware/build/gnss --target install -- -j32 -l32
[1.934s] [100%] Built target gnss
[1.935s] Install the project...
[1.935s] -- Install configuration: "Release"
[1.935s] -- Up-to-date: /home/autoware/Autoware/install/gnss/lib/pkgconfig/gnss.pc
[1.935s] -- Up-to-date: /home/autoware/Autoware/install/gnss/share/gnss/cmake/gnssConfig.cmake
[1.936s] -- Up-to-date: /home/autoware/Autoware/install/gnss/share/gnss/cmake/gnssConfig-version.cmake
[1.936s] -- Up-to-date: /home/autoware/Autoware/install/gnss/share/gnss/package.xml
[1.936s] -- Up-to-date: /home/autoware/Autoware/install/gnss/include/gnss
[1.936s] -- Up-to-date: /home/autoware/Autoware/install/gnss/include/gnss/geo_pos_conv.hpp
[1.937s] -- Up-to-date: /home/autoware/Autoware/install/gnss/lib/libgnss.so
[2.272s] Invoked command in '/home/autoware/Autoware/build/gnss' returned '0': /usr/bin/cmake --build /home/autoware/Autoware/build/gnss --target install -- -j32 -l32
