[0.396s] Invoking command in '/home/autoware/Autoware/build/twist_gate': CMAKE_PREFIX_PATH=/home/autoware/Autoware/install/autoware_health_checker:/home/autoware/Autoware/install/tablet_socket_msgs:/home/autoware/Autoware/install/ros_observer:/home/autoware/Autoware/install/autoware_system_msgs:/home/autoware/Autoware/install/autoware_msgs:/home/autoware/Autoware/install/autoware_config_msgs:/home/autoware/Autoware/install/autoware_build_flags:${CMAKE_PREFIX_PATH} LD_LIBRARY_PATH=/home/autoware/Autoware/install/autoware_health_checker/lib:/home/autoware/Autoware/install/ros_observer/lib:${LD_LIBRARY_PATH} PKG_CONFIG_PATH=/home/autoware/Autoware/install/autoware_health_checker/lib/x86_64-linux-gnu/pkgconfig:/home/autoware/Autoware/install/autoware_health_checker/lib/pkgconfig:/home/autoware/Autoware/install/tablet_socket_msgs/lib/x86_64-linux-gnu/pkgconfig:/home/autoware/Autoware/install/tablet_socket_msgs/lib/pkgconfig:/home/autoware/Autoware/install/ros_observer/lib/x86_64-linux-gnu/pkgconfig:/home/autoware/Autoware/install/ros_observer/lib/pkgconfig:/home/autoware/Autoware/install/autoware_system_msgs/lib/x86_64-linux-gnu/pkgconfig:/home/autoware/Autoware/install/autoware_system_msgs/lib/pkgconfig:/home/autoware/Autoware/install/autoware_msgs/lib/x86_64-linux-gnu/pkgconfig:/home/autoware/Autoware/install/autoware_msgs/lib/pkgconfig:/home/autoware/Autoware/install/autoware_config_msgs/lib/x86_64-linux-gnu/pkgconfig:/home/autoware/Autoware/install/autoware_config_msgs/lib/pkgconfig:/home/autoware/Autoware/install/autoware_build_flags/lib/x86_64-linux-gnu/pkgconfig:/home/autoware/Autoware/install/autoware_build_flags/lib/pkgconfig:${PKG_CONFIG_PATH} PYTHONPATH=/home/autoware/Autoware/install/tablet_socket_msgs/lib/python2.7/dist-packages:/home/autoware/Autoware/install/autoware_system_msgs/lib/python2.7/dist-packages:/home/autoware/Autoware/install/autoware_msgs/lib/python2.7/dist-packages:/home/autoware/Autoware/install/autoware_config_msgs/lib/python2.7/dist-packages:${PYTHONPATH} ROS_PACKAGE_PATH=/home/autoware/Autoware/install/autoware_health_checker/share:/home/autoware/Autoware/install/tablet_socket_msgs/share:/home/autoware/Autoware/install/ros_observer/share:/home/autoware/Autoware/install/autoware_system_msgs/share:/home/autoware/Autoware/install/autoware_msgs/share:/home/autoware/Autoware/install/autoware_config_msgs/share:/home/autoware/Autoware/install/autoware_build_flags/share:${ROS_PACKAGE_PATH} /usr/bin/cmake --build /home/autoware/Autoware/build/twist_gate -- -j32 -l32
[0.766s] [  0%] Built target std_msgs_generate_messages_cpp
[0.766s] [  0%] Built target jsk_recognition_msgs_generate_messages_cpp
[0.766s] [  0%] Built target geometry_msgs_generate_messages_nodejs
[0.766s] [  0%] Built target autoware_system_msgs_generate_messages_eus
[0.766s] [  0%] Built target geometry_msgs_generate_messages_cpp
[0.766s] [  0%] Built target autoware_system_msgs_generate_messages_cpp
[0.767s] [  0%] Built target roscpp_generate_messages_eus
[0.767s] [  0%] Built target rosgraph_msgs_generate_messages_nodejs
[0.768s] [  0%] Built target autoware_system_msgs_generate_messages_lisp
[0.768s] [  0%] Built target rosgraph_msgs_generate_messages_eus
[0.808s] [  0%] Built target rosgraph_msgs_generate_messages_cpp
[0.808s] [  0%] Built target autoware_msgs_generate_messages_eus
[0.808s] [  0%] Built target std_msgs_generate_messages_py
[0.809s] [  0%] Built target autoware_msgs_generate_messages_py
[0.809s] [  0%] Built target jsk_footstep_msgs_generate_messages_py
[0.809s] [  0%] Built target sensor_msgs_generate_messages_lisp
[0.810s] [  0%] Built target autoware_config_msgs_generate_messages_cpp
[0.810s] [  0%] Built target rosgraph_msgs_generate_messages_py
[0.810s] [  0%] Built target autoware_config_msgs_generate_messages_py
[0.810s] [  0%] Built target autoware_config_msgs_generate_messages_eus
[0.811s] [  0%] Built target rosgraph_msgs_generate_messages_lisp
[0.811s] [  0%] Built target autoware_config_msgs_generate_messages_nodejs
[0.812s] [  0%] Built target autoware_msgs_generate_messages_nodejs
[0.812s] [  0%] Built target geometry_msgs_generate_messages_eus
[0.812s] [  0%] Built target std_msgs_generate_messages_eus
[0.866s] [  0%] Built target autoware_msgs_generate_messages_cpp
[0.866s] [  0%] Built target tablet_socket_msgs_generate_messages_py
[0.866s] [  0%] Built target geometry_msgs_generate_messages_lisp
[0.866s] [  0%] Built target geometry_msgs_generate_messages_py
[0.866s] [  0%] Built target actionlib_msgs_generate_messages_nodejs
[0.870s] [  0%] Built target actionlib_msgs_generate_messages_eus
[0.871s] [  0%] Built target autoware_msgs_generate_messages_lisp
[0.871s] [  0%] Built target jsk_recognition_msgs_generate_messages_lisp
[0.871s] [  0%] Built target jsk_recognition_msgs_generate_messages_eus
[0.898s] [  0%] Built target sensor_msgs_generate_messages_cpp
[0.898s] [  0%] Built target roscpp_generate_messages_lisp
[0.898s] [  0%] Built target std_msgs_generate_messages_lisp
[0.902s] [  0%] Built target roscpp_generate_messages_py
[0.902s] [  0%] Built target pcl_msgs_generate_messages_eus
[0.902s] [  0%] Built target pcl_msgs_generate_messages_py
[0.902s] [  0%] Built target autoware_system_msgs_generate_messages_nodejs
[0.902s] [  0%] Built target std_msgs_generate_messages_nodejs
[0.902s] [  0%] Built target roscpp_generate_messages_nodejs
[0.902s] [  0%] Built target sensor_msgs_generate_messages_nodejs
[0.903s] [  0%] Built target actionlib_msgs_generate_messages_lisp
[0.903s] [  0%] Built target pcl_msgs_generate_messages_cpp
[0.903s] [  0%] Built target jsk_footstep_msgs_generate_messages_nodejs
[0.903s] [  0%] Built target sensor_msgs_generate_messages_eus
[0.918s] [  0%] Built target pcl_msgs_generate_messages_lisp
[0.918s] [  0%] Built target actionlib_msgs_generate_messages_cpp
[0.918s] [  0%] Built target jsk_recognition_msgs_generate_messages_py
[0.918s] [  0%] Built target jsk_recognition_msgs_generate_messages_nodejs
[0.918s] [  0%] Built target tablet_socket_msgs_generate_messages_cpp
[0.918s] [  0%] Built target tablet_socket_msgs_generate_messages_lisp
[0.918s] [  0%] Built target jsk_footstep_msgs_generate_messages_eus
[0.918s] [  0%] Built target sensor_msgs_generate_messages_py
[0.918s] [  0%] Built target autoware_system_msgs_generate_messages_py
[0.919s] [  0%] Built target pcl_msgs_generate_messages_nodejs
[0.919s] [  0%] Built target autoware_config_msgs_generate_messages_lisp
[0.919s] [  0%] Built target tablet_socket_msgs_generate_messages_eus
[0.919s] [  0%] Built target actionlib_msgs_generate_messages_py
[0.989s] [  0%] Built target jsk_footstep_msgs_generate_messages_lisp
[0.989s] [  0%] Built target jsk_footstep_msgs_generate_messages_cpp
[0.989s] [  0%] Built target roscpp_generate_messages_cpp
[0.989s] [  0%] Built target tablet_socket_msgs_generate_messages_nodejs
[1.053s] [100%] Built target twist_gate
[1.103s] Invoked command in '/home/autoware/Autoware/build/twist_gate' returned '0': CMAKE_PREFIX_PATH=/home/autoware/Autoware/install/autoware_health_checker:/home/autoware/Autoware/install/tablet_socket_msgs:/home/autoware/Autoware/install/ros_observer:/home/autoware/Autoware/install/autoware_system_msgs:/home/autoware/Autoware/install/autoware_msgs:/home/autoware/Autoware/install/autoware_config_msgs:/home/autoware/Autoware/install/autoware_build_flags:${CMAKE_PREFIX_PATH} LD_LIBRARY_PATH=/home/autoware/Autoware/install/autoware_health_checker/lib:/home/autoware/Autoware/install/ros_observer/lib:${LD_LIBRARY_PATH} PKG_CONFIG_PATH=/home/autoware/Autoware/install/autoware_health_checker/lib/x86_64-linux-gnu/pkgconfig:/home/autoware/Autoware/install/autoware_health_checker/lib/pkgconfig:/home/autoware/Autoware/install/tablet_socket_msgs/lib/x86_64-linux-gnu/pkgconfig:/home/autoware/Autoware/install/tablet_socket_msgs/lib/pkgconfig:/home/autoware/Autoware/install/ros_observer/lib/x86_64-linux-gnu/pkgconfig:/home/autoware/Autoware/install/ros_observer/lib/pkgconfig:/home/autoware/Autoware/install/autoware_system_msgs/lib/x86_64-linux-gnu/pkgconfig:/home/autoware/Autoware/install/autoware_system_msgs/lib/pkgconfig:/home/autoware/Autoware/install/autoware_msgs/lib/x86_64-linux-gnu/pkgconfig:/home/autoware/Autoware/install/autoware_msgs/lib/pkgconfig:/home/autoware/Autoware/install/autoware_config_msgs/lib/x86_64-linux-gnu/pkgconfig:/home/autoware/Autoware/install/autoware_config_msgs/lib/pkgconfig:/home/autoware/Autoware/install/autoware_build_flags/lib/x86_64-linux-gnu/pkgconfig:/home/autoware/Autoware/install/autoware_build_flags/lib/pkgconfig:${PKG_CONFIG_PATH} PYTHONPATH=/home/autoware/Autoware/install/tablet_socket_msgs/lib/python2.7/dist-packages:/home/autoware/Autoware/install/autoware_system_msgs/lib/python2.7/dist-packages:/home/autoware/Autoware/install/autoware_msgs/lib/python2.7/dist-packages:/home/autoware/Autoware/install/autoware_config_msgs/lib/python2.7/dist-packages:${PYTHONPATH} ROS_PACKAGE_PATH=/home/autoware/Autoware/install/autoware_health_checker/share:/home/autoware/Autoware/install/tablet_socket_msgs/share:/home/autoware/Autoware/install/ros_observer/share:/home/autoware/Autoware/install/autoware_system_msgs/share:/home/autoware/Autoware/install/autoware_msgs/share:/home/autoware/Autoware/install/autoware_config_msgs/share:/home/autoware/Autoware/install/autoware_build_flags/share:${ROS_PACKAGE_PATH} /usr/bin/cmake --build /home/autoware/Autoware/build/twist_gate -- -j32 -l32
[1.597s] Invoking command in '/home/autoware/Autoware/build/twist_gate': CMAKE_PREFIX_PATH=/home/autoware/Autoware/install/autoware_health_checker:/home/autoware/Autoware/install/tablet_socket_msgs:/home/autoware/Autoware/install/ros_observer:/home/autoware/Autoware/install/autoware_system_msgs:/home/autoware/Autoware/install/autoware_msgs:/home/autoware/Autoware/install/autoware_config_msgs:/home/autoware/Autoware/install/autoware_build_flags:${CMAKE_PREFIX_PATH} LD_LIBRARY_PATH=/home/autoware/Autoware/install/autoware_health_checker/lib:/home/autoware/Autoware/install/ros_observer/lib:${LD_LIBRARY_PATH} PKG_CONFIG_PATH=/home/autoware/Autoware/install/autoware_health_checker/lib/x86_64-linux-gnu/pkgconfig:/home/autoware/Autoware/install/autoware_health_checker/lib/pkgconfig:/home/autoware/Autoware/install/tablet_socket_msgs/lib/x86_64-linux-gnu/pkgconfig:/home/autoware/Autoware/install/tablet_socket_msgs/lib/pkgconfig:/home/autoware/Autoware/install/ros_observer/lib/x86_64-linux-gnu/pkgconfig:/home/autoware/Autoware/install/ros_observer/lib/pkgconfig:/home/autoware/Autoware/install/autoware_system_msgs/lib/x86_64-linux-gnu/pkgconfig:/home/autoware/Autoware/install/autoware_system_msgs/lib/pkgconfig:/home/autoware/Autoware/install/autoware_msgs/lib/x86_64-linux-gnu/pkgconfig:/home/autoware/Autoware/install/autoware_msgs/lib/pkgconfig:/home/autoware/Autoware/install/autoware_config_msgs/lib/x86_64-linux-gnu/pkgconfig:/home/autoware/Autoware/install/autoware_config_msgs/lib/pkgconfig:/home/autoware/Autoware/install/autoware_build_flags/lib/x86_64-linux-gnu/pkgconfig:/home/autoware/Autoware/install/autoware_build_flags/lib/pkgconfig:${PKG_CONFIG_PATH} PYTHONPATH=/home/autoware/Autoware/install/tablet_socket_msgs/lib/python2.7/dist-packages:/home/autoware/Autoware/install/autoware_system_msgs/lib/python2.7/dist-packages:/home/autoware/Autoware/install/autoware_msgs/lib/python2.7/dist-packages:/home/autoware/Autoware/install/autoware_config_msgs/lib/python2.7/dist-packages:${PYTHONPATH} ROS_PACKAGE_PATH=/home/autoware/Autoware/install/autoware_health_checker/share:/home/autoware/Autoware/install/tablet_socket_msgs/share:/home/autoware/Autoware/install/ros_observer/share:/home/autoware/Autoware/install/autoware_system_msgs/share:/home/autoware/Autoware/install/autoware_msgs/share:/home/autoware/Autoware/install/autoware_config_msgs/share:/home/autoware/Autoware/install/autoware_build_flags/share:${ROS_PACKAGE_PATH} /usr/bin/cmake --build /home/autoware/Autoware/build/twist_gate --target tests -- -j32 -l32
[1.900s] [  0%] Built target autoware_config_msgs_generate_messages_py
[1.900s] [  0%] Built target autoware_msgs_generate_messages_lisp
[1.900s] [  0%] Built target geometry_msgs_generate_messages_py
[1.900s] [  0%] Built target autoware_msgs_generate_messages_py
[1.900s] [  0%] Built target jsk_recognition_msgs_generate_messages_cpp
[1.900s] [  0%] Built target geometry_msgs_generate_messages_lisp
[1.900s] [  0%] Built target autoware_config_msgs_generate_messages_eus
[1.900s] [  0%] Built target actionlib_msgs_generate_messages_nodejs
[1.900s] [  0%] Built target jsk_recognition_msgs_generate_messages_eus
[1.901s] [  0%] Built target rosgraph_msgs_generate_messages_py
[1.901s] [  0%] Built target geometry_msgs_generate_messages_cpp
[1.901s] [  0%] Built target rosgraph_msgs_generate_messages_lisp
[1.901s] [ 40%] Built target gtest
[1.902s] [ 40%] Built target autoware_msgs_generate_messages_nodejs
[1.902s] [ 40%] Built target autoware_system_msgs_generate_messages_cpp
[1.902s] [ 40%] Built target autoware_msgs_generate_messages_eus
[1.902s] [ 40%] Built target rosgraph_msgs_generate_messages_nodejs
[1.903s] [ 40%] Built target autoware_config_msgs_generate_messages_cpp
[1.904s] [ 40%] Built target geometry_msgs_generate_messages_nodejs
[1.906s] [ 40%] Built target std_msgs_generate_messages_py
[1.907s] [ 40%] Built target autoware_config_msgs_generate_messages_nodejs
[1.911s] [ 40%] Built target autoware_system_msgs_generate_messages_lisp
[1.912s] [ 40%] Built target autoware_system_msgs_generate_messages_eus
[1.912s] [ 40%] Built target rosgraph_msgs_generate_messages_cpp
[1.913s] [ 40%] Built target std_msgs_generate_messages_eus
[1.915s] [ 40%] Built target roscpp_generate_messages_eus
[1.916s] [ 40%] Built target jsk_footstep_msgs_generate_messages_py
[1.916s] [ 40%] Built target std_msgs_generate_messages_cpp
[1.952s] [ 40%] Built target sensor_msgs_generate_messages_lisp
[1.989s] [ 40%] Built target geometry_msgs_generate_messages_eus
[1.989s] [ 40%] Built target actionlib_msgs_generate_messages_eus
[1.989s] [ 40%] Built target rosgraph_msgs_generate_messages_eus
[1.989s] [ 40%] Built target pcl_msgs_generate_messages_py
[1.989s] [ 40%] Built target jsk_recognition_msgs_generate_messages_lisp
[1.989s] [ 40%] Built target sensor_msgs_generate_messages_eus
[2.054s] [ 40%] Built target roscpp_generate_messages_nodejs
[2.054s] [ 40%] Built target std_msgs_generate_messages_lisp
[2.054s] [ 40%] Built target sensor_msgs_generate_messages_nodejs
[2.054s] [ 40%] Built target sensor_msgs_generate_messages_cpp
[2.054s] [ 40%] Built target jsk_footstep_msgs_generate_messages_nodejs
[2.054s] [ 40%] Built target autoware_system_msgs_generate_messages_nodejs
[2.054s] [ 40%] Built target tablet_socket_msgs_generate_messages_py
[2.054s] [ 40%] Built target pcl_msgs_generate_messages_lisp
[2.054s] [ 40%] Built target roscpp_generate_messages_cpp
[2.055s] [ 40%] Built target jsk_recognition_msgs_generate_messages_py
[2.057s] [ 40%] Built target pcl_msgs_generate_messages_eus
[2.057s] [ 40%] Built target jsk_footstep_msgs_generate_messages_lisp
[2.057s] [ 40%] Built target sensor_msgs_generate_messages_py
[2.057s] [ 40%] Built target pcl_msgs_generate_messages_nodejs
[2.057s] [ 40%] Built target autoware_system_msgs_generate_messages_py
[2.057s] [ 40%] Built target jsk_footstep_msgs_generate_messages_eus
[2.058s] [ 40%] Built target std_msgs_generate_messages_nodejs
[2.058s] [ 40%] Built target pcl_msgs_generate_messages_cpp
[2.058s] [ 40%] Built target actionlib_msgs_generate_messages_cpp
[2.082s] [ 40%] Built target roscpp_generate_messages_lisp
[2.082s] [ 40%] Built target tablet_socket_msgs_generate_messages_cpp
[2.082s] [ 40%] Built target tablet_socket_msgs_generate_messages_eus
[2.082s] [ 40%] Built target actionlib_msgs_generate_messages_py
[2.200s] [ 40%] Built target autoware_msgs_generate_messages_cpp
[2.200s] [ 40%] Built target actionlib_msgs_generate_messages_lisp
[2.200s] [ 40%] Built target jsk_footstep_msgs_generate_messages_cpp
[2.200s] [ 40%] Built target jsk_recognition_msgs_generate_messages_nodejs
[2.200s] [ 40%] Built target tablet_socket_msgs_generate_messages_lisp
[2.200s] [ 40%] Built target autoware_config_msgs_generate_messages_lisp
[2.200s] [ 40%] Built target tablet_socket_msgs_generate_messages_nodejs
[2.201s] [ 40%] Built target roscpp_generate_messages_py
[2.255s] [100%] Built target test-twist_gate
[2.276s] [100%] Built target tests
[2.357s] Invoked command in '/home/autoware/Autoware/build/twist_gate' returned '0': CMAKE_PREFIX_PATH=/home/autoware/Autoware/install/autoware_health_checker:/home/autoware/Autoware/install/tablet_socket_msgs:/home/autoware/Autoware/install/ros_observer:/home/autoware/Autoware/install/autoware_system_msgs:/home/autoware/Autoware/install/autoware_msgs:/home/autoware/Autoware/install/autoware_config_msgs:/home/autoware/Autoware/install/autoware_build_flags:${CMAKE_PREFIX_PATH} LD_LIBRARY_PATH=/home/autoware/Autoware/install/autoware_health_checker/lib:/home/autoware/Autoware/install/ros_observer/lib:${LD_LIBRARY_PATH} PKG_CONFIG_PATH=/home/autoware/Autoware/install/autoware_health_checker/lib/x86_64-linux-gnu/pkgconfig:/home/autoware/Autoware/install/autoware_health_checker/lib/pkgconfig:/home/autoware/Autoware/install/tablet_socket_msgs/lib/x86_64-linux-gnu/pkgconfig:/home/autoware/Autoware/install/tablet_socket_msgs/lib/pkgconfig:/home/autoware/Autoware/install/ros_observer/lib/x86_64-linux-gnu/pkgconfig:/home/autoware/Autoware/install/ros_observer/lib/pkgconfig:/home/autoware/Autoware/install/autoware_system_msgs/lib/x86_64-linux-gnu/pkgconfig:/home/autoware/Autoware/install/autoware_system_msgs/lib/pkgconfig:/home/autoware/Autoware/install/autoware_msgs/lib/x86_64-linux-gnu/pkgconfig:/home/autoware/Autoware/install/autoware_msgs/lib/pkgconfig:/home/autoware/Autoware/install/autoware_config_msgs/lib/x86_64-linux-gnu/pkgconfig:/home/autoware/Autoware/install/autoware_config_msgs/lib/pkgconfig:/home/autoware/Autoware/install/autoware_build_flags/lib/x86_64-linux-gnu/pkgconfig:/home/autoware/Autoware/install/autoware_build_flags/lib/pkgconfig:${PKG_CONFIG_PATH} PYTHONPATH=/home/autoware/Autoware/install/tablet_socket_msgs/lib/python2.7/dist-packages:/home/autoware/Autoware/install/autoware_system_msgs/lib/python2.7/dist-packages:/home/autoware/Autoware/install/autoware_msgs/lib/python2.7/dist-packages:/home/autoware/Autoware/install/autoware_config_msgs/lib/python2.7/dist-packages:${PYTHONPATH} ROS_PACKAGE_PATH=/home/autoware/Autoware/install/autoware_health_checker/share:/home/autoware/Autoware/install/tablet_socket_msgs/share:/home/autoware/Autoware/install/ros_observer/share:/home/autoware/Autoware/install/autoware_system_msgs/share:/home/autoware/Autoware/install/autoware_msgs/share:/home/autoware/Autoware/install/autoware_config_msgs/share:/home/autoware/Autoware/install/autoware_build_flags/share:${ROS_PACKAGE_PATH} /usr/bin/cmake --build /home/autoware/Autoware/build/twist_gate --target tests -- -j32 -l32
[3.764s] Invoking command in '/home/autoware/Autoware/build/twist_gate': CMAKE_PREFIX_PATH=/home/autoware/Autoware/install/autoware_health_checker:/home/autoware/Autoware/install/tablet_socket_msgs:/home/autoware/Autoware/install/ros_observer:/home/autoware/Autoware/install/autoware_system_msgs:/home/autoware/Autoware/install/autoware_msgs:/home/autoware/Autoware/install/autoware_config_msgs:/home/autoware/Autoware/install/autoware_build_flags:${CMAKE_PREFIX_PATH} LD_LIBRARY_PATH=/home/autoware/Autoware/install/autoware_health_checker/lib:/home/autoware/Autoware/install/ros_observer/lib:${LD_LIBRARY_PATH} PKG_CONFIG_PATH=/home/autoware/Autoware/install/autoware_health_checker/lib/x86_64-linux-gnu/pkgconfig:/home/autoware/Autoware/install/autoware_health_checker/lib/pkgconfig:/home/autoware/Autoware/install/tablet_socket_msgs/lib/x86_64-linux-gnu/pkgconfig:/home/autoware/Autoware/install/tablet_socket_msgs/lib/pkgconfig:/home/autoware/Autoware/install/ros_observer/lib/x86_64-linux-gnu/pkgconfig:/home/autoware/Autoware/install/ros_observer/lib/pkgconfig:/home/autoware/Autoware/install/autoware_system_msgs/lib/x86_64-linux-gnu/pkgconfig:/home/autoware/Autoware/install/autoware_system_msgs/lib/pkgconfig:/home/autoware/Autoware/install/autoware_msgs/lib/x86_64-linux-gnu/pkgconfig:/home/autoware/Autoware/install/autoware_msgs/lib/pkgconfig:/home/autoware/Autoware/install/autoware_config_msgs/lib/x86_64-linux-gnu/pkgconfig:/home/autoware/Autoware/install/autoware_config_msgs/lib/pkgconfig:/home/autoware/Autoware/install/autoware_build_flags/lib/x86_64-linux-gnu/pkgconfig:/home/autoware/Autoware/install/autoware_build_flags/lib/pkgconfig:${PKG_CONFIG_PATH} PYTHONPATH=/home/autoware/Autoware/install/tablet_socket_msgs/lib/python2.7/dist-packages:/home/autoware/Autoware/install/autoware_system_msgs/lib/python2.7/dist-packages:/home/autoware/Autoware/install/autoware_msgs/lib/python2.7/dist-packages:/home/autoware/Autoware/install/autoware_config_msgs/lib/python2.7/dist-packages:${PYTHONPATH} ROS_PACKAGE_PATH=/home/autoware/Autoware/install/autoware_health_checker/share:/home/autoware/Autoware/install/tablet_socket_msgs/share:/home/autoware/Autoware/install/ros_observer/share:/home/autoware/Autoware/install/autoware_system_msgs/share:/home/autoware/Autoware/install/autoware_msgs/share:/home/autoware/Autoware/install/autoware_config_msgs/share:/home/autoware/Autoware/install/autoware_build_flags/share:${ROS_PACKAGE_PATH} /usr/bin/cmake --build /home/autoware/Autoware/build/twist_gate --target install -- -j32 -l32
[3.871s] [  0%] Built target geometry_msgs_generate_messages_lisp
[3.903s] [  0%] Built target geometry_msgs_generate_messages_cpp
[3.903s] [  0%] Built target autoware_msgs_generate_messages_cpp
[3.903s] [  0%] Built target autoware_msgs_generate_messages_eus
[3.903s] [  0%] Built target sensor_msgs_generate_messages_lisp
[3.904s] [  0%] Built target rosgraph_msgs_generate_messages_lisp
[3.904s] [  0%] Built target autoware_system_msgs_generate_messages_cpp
[3.904s] [  0%] Built target autoware_config_msgs_generate_messages_nodejs
[3.904s] [  0%] Built target rosgraph_msgs_generate_messages_eus
[3.904s] [  0%] Built target rosgraph_msgs_generate_messages_cpp
[3.904s] [  0%] Built target autoware_system_msgs_generate_messages_lisp
[3.904s] [  0%] Built target actionlib_msgs_generate_messages_nodejs
[3.904s] [  0%] Built target std_msgs_generate_messages_py
[3.904s] [  0%] Built target roscpp_generate_messages_eus
[3.904s] [  0%] Built target jsk_recognition_msgs_generate_messages_cpp
[3.904s] [  0%] Built target rosgraph_msgs_generate_messages_py
[3.904s] [  0%] Built target jsk_footstep_msgs_generate_messages_py
[3.904s] [  0%] Built target std_msgs_generate_messages_cpp
[3.905s] [  0%] Built target rosgraph_msgs_generate_messages_nodejs
[3.905s] [  0%] Built target autoware_msgs_generate_messages_lisp
[3.905s] [  0%] Built target jsk_recognition_msgs_generate_messages_eus
[3.905s] [  0%] Built target actionlib_msgs_generate_messages_eus
[3.905s] [  0%] Built target autoware_config_msgs_generate_messages_py
[3.905s] [  0%] Built target autoware_msgs_generate_messages_nodejs
[3.905s] [  0%] Built target geometry_msgs_generate_messages_nodejs
[3.905s] [  0%] Built target autoware_system_msgs_generate_messages_eus
[3.905s] [  0%] Built target std_msgs_generate_messages_eus
[3.905s] [  0%] Built target geometry_msgs_generate_messages_eus
[3.905s] [  0%] Built target autoware_msgs_generate_messages_py
[3.905s] [  0%] Built target geometry_msgs_generate_messages_py
[3.906s] [  0%] Built target autoware_config_msgs_generate_messages_cpp
[3.906s] [  0%] Built target autoware_config_msgs_generate_messages_eus
[3.923s] [  0%] Built target roscpp_generate_messages_nodejs
[3.923s] [  0%] Built target std_msgs_generate_messages_nodejs
[3.923s] [  0%] Built target jsk_recognition_msgs_generate_messages_py
[3.923s] [  0%] Built target jsk_recognition_msgs_generate_messages_lisp
[3.924s] [  0%] Built target roscpp_generate_messages_cpp
[3.924s] [  0%] Built target autoware_system_msgs_generate_messages_py
[3.924s] [  0%] Built target pcl_msgs_generate_messages_eus
[3.924s] [  0%] Built target jsk_footstep_msgs_generate_messages_eus
[3.924s] [  0%] Built target tablet_socket_msgs_generate_messages_py
[3.924s] [  0%] Built target sensor_msgs_generate_messages_cpp
[3.924s] [  0%] Built target jsk_footstep_msgs_generate_messages_nodejs
[3.924s] [  0%] Built target pcl_msgs_generate_messages_lisp
[3.925s] [  0%] Built target pcl_msgs_generate_messages_py
[3.927s] [  0%] Built target std_msgs_generate_messages_lisp
[3.927s] [  0%] Built target actionlib_msgs_generate_messages_lisp
[3.928s] [  0%] Built target sensor_msgs_generate_messages_nodejs
[3.928s] [  0%] Built target actionlib_msgs_generate_messages_py
[3.928s] [  0%] Built target jsk_footstep_msgs_generate_messages_lisp
[3.928s] [  0%] Built target pcl_msgs_generate_messages_cpp
[3.928s] [  0%] Built target sensor_msgs_generate_messages_py
[3.928s] [  0%] Built target sensor_msgs_generate_messages_eus
[3.929s] [  0%] Built target jsk_footstep_msgs_generate_messages_cpp
[3.932s] [  0%] Built target roscpp_generate_messages_lisp
[3.932s] [  0%] Built target actionlib_msgs_generate_messages_cpp
[3.939s] [  0%] Built target tablet_socket_msgs_generate_messages_eus
[3.939s] [  0%] Built target jsk_recognition_msgs_generate_messages_nodejs
[3.940s] [  0%] Built target pcl_msgs_generate_messages_nodejs
[3.940s] [  0%] Built target tablet_socket_msgs_generate_messages_lisp
[3.940s] [  0%] Built target roscpp_generate_messages_py
[3.951s] [  0%] Built target autoware_config_msgs_generate_messages_lisp
[3.954s] [  0%] Built target tablet_socket_msgs_generate_messages_cpp
[3.955s] [  0%] Built target autoware_system_msgs_generate_messages_nodejs
[3.955s] [  0%] Built target tablet_socket_msgs_generate_messages_nodejs
[4.016s] [100%] Built target twist_gate
[4.045s] Install the project...
[4.053s] -- Install configuration: "Release"
[4.053s] -- Up-to-date: /home/autoware/Autoware/install/twist_gate/lib/pkgconfig/twist_gate.pc
[4.054s] -- Up-to-date: /home/autoware/Autoware/install/twist_gate/share/twist_gate/cmake/twist_gateConfig.cmake
[4.055s] -- Up-to-date: /home/autoware/Autoware/install/twist_gate/share/twist_gate/cmake/twist_gateConfig-version.cmake
[4.056s] -- Up-to-date: /home/autoware/Autoware/install/twist_gate/share/twist_gate/package.xml
[4.057s] -- Up-to-date: /home/autoware/Autoware/install/twist_gate/lib/twist_gate/twist_gate
[4.078s] Invoked command in '/home/autoware/Autoware/build/twist_gate' returned '0': CMAKE_PREFIX_PATH=/home/autoware/Autoware/install/autoware_health_checker:/home/autoware/Autoware/install/tablet_socket_msgs:/home/autoware/Autoware/install/ros_observer:/home/autoware/Autoware/install/autoware_system_msgs:/home/autoware/Autoware/install/autoware_msgs:/home/autoware/Autoware/install/autoware_config_msgs:/home/autoware/Autoware/install/autoware_build_flags:${CMAKE_PREFIX_PATH} LD_LIBRARY_PATH=/home/autoware/Autoware/install/autoware_health_checker/lib:/home/autoware/Autoware/install/ros_observer/lib:${LD_LIBRARY_PATH} PKG_CONFIG_PATH=/home/autoware/Autoware/install/autoware_health_checker/lib/x86_64-linux-gnu/pkgconfig:/home/autoware/Autoware/install/autoware_health_checker/lib/pkgconfig:/home/autoware/Autoware/install/tablet_socket_msgs/lib/x86_64-linux-gnu/pkgconfig:/home/autoware/Autoware/install/tablet_socket_msgs/lib/pkgconfig:/home/autoware/Autoware/install/ros_observer/lib/x86_64-linux-gnu/pkgconfig:/home/autoware/Autoware/install/ros_observer/lib/pkgconfig:/home/autoware/Autoware/install/autoware_system_msgs/lib/x86_64-linux-gnu/pkgconfig:/home/autoware/Autoware/install/autoware_system_msgs/lib/pkgconfig:/home/autoware/Autoware/install/autoware_msgs/lib/x86_64-linux-gnu/pkgconfig:/home/autoware/Autoware/install/autoware_msgs/lib/pkgconfig:/home/autoware/Autoware/install/autoware_config_msgs/lib/x86_64-linux-gnu/pkgconfig:/home/autoware/Autoware/install/autoware_config_msgs/lib/pkgconfig:/home/autoware/Autoware/install/autoware_build_flags/lib/x86_64-linux-gnu/pkgconfig:/home/autoware/Autoware/install/autoware_build_flags/lib/pkgconfig:${PKG_CONFIG_PATH} PYTHONPATH=/home/autoware/Autoware/install/tablet_socket_msgs/lib/python2.7/dist-packages:/home/autoware/Autoware/install/autoware_system_msgs/lib/python2.7/dist-packages:/home/autoware/Autoware/install/autoware_msgs/lib/python2.7/dist-packages:/home/autoware/Autoware/install/autoware_config_msgs/lib/python2.7/dist-packages:${PYTHONPATH} ROS_PACKAGE_PATH=/home/autoware/Autoware/install/autoware_health_checker/share:/home/autoware/Autoware/install/tablet_socket_msgs/share:/home/autoware/Autoware/install/ros_observer/share:/home/autoware/Autoware/install/autoware_system_msgs/share:/home/autoware/Autoware/install/autoware_msgs/share:/home/autoware/Autoware/install/autoware_config_msgs/share:/home/autoware/Autoware/install/autoware_build_flags/share:${ROS_PACKAGE_PATH} /usr/bin/cmake --build /home/autoware/Autoware/build/twist_gate --target install -- -j32 -l32
