Determining if the pthread_create exist failed with the following output:
Change Dir: /home/autoware/Autoware/build/adi_driver/CMakeFiles/CMakeTmp

Run Build Command:"/usr/bin/make" "cmTC_4474e/fast"
/usr/bin/make -f CMakeFiles/cmTC_4474e.dir/build.make CMakeFiles/cmTC_4474e.dir/build
make[1]: Entering directory '/home/autoware/Autoware/build/adi_driver/CMakeFiles/CMakeTmp'
Building C object CMakeFiles/cmTC_4474e.dir/CheckSymbolExists.c.o
/usr/bin/cc    -o CMakeFiles/cmTC_4474e.dir/CheckSymbolExists.c.o   -c /home/autoware/Autoware/build/adi_driver/CMakeFiles/CMakeTmp/CheckSymbolExists.c
Linking C executable cmTC_4474e
/usr/bin/cmake -E cmake_link_script CMakeFiles/cmTC_4474e.dir/link.txt --verbose=1
/usr/bin/cc      -rdynamic CMakeFiles/cmTC_4474e.dir/CheckSymbolExists.c.o  -o cmTC_4474e 
CMakeFiles/cmTC_4474e.dir/CheckSymbolExists.c.o: In function `main':
CheckSymbolExists.c:(.text+0x1b): undefined reference to `pthread_create'
collect2: error: ld returned 1 exit status
CMakeFiles/cmTC_4474e.dir/build.make:97: recipe for target 'cmTC_4474e' failed
make[1]: *** [cmTC_4474e] Error 1
make[1]: Leaving directory '/home/autoware/Autoware/build/adi_driver/CMakeFiles/CMakeTmp'
Makefile:126: recipe for target 'cmTC_4474e/fast' failed
make: *** [cmTC_4474e/fast] Error 2

File /home/autoware/Autoware/build/adi_driver/CMakeFiles/CMakeTmp/CheckSymbolExists.c:
/* */
#include <pthread.h>

int main(int argc, char** argv)
{
  (void)argv;
#ifndef pthread_create
  return ((int*)(&pthread_create))[argc];
#else
  (void)argc;
  return 0;
#endif
}

Determining if the function pthread_create exists in the pthreads failed with the following output:
Change Dir: /home/autoware/Autoware/build/adi_driver/CMakeFiles/CMakeTmp

Run Build Command:"/usr/bin/make" "cmTC_19db1/fast"
/usr/bin/make -f CMakeFiles/cmTC_19db1.dir/build.make CMakeFiles/cmTC_19db1.dir/build
make[1]: Entering directory '/home/autoware/Autoware/build/adi_driver/CMakeFiles/CMakeTmp'
Building C object CMakeFiles/cmTC_19db1.dir/CheckFunctionExists.c.o
/usr/bin/cc   -DCHECK_FUNCTION_EXISTS=pthread_create   -o CMakeFiles/cmTC_19db1.dir/CheckFunctionExists.c.o   -c /usr/share/cmake-3.10/Modules/CheckFunctionExists.c
Linking C executable cmTC_19db1
/usr/bin/cmake -E cmake_link_script CMakeFiles/cmTC_19db1.dir/link.txt --verbose=1
/usr/bin/cc  -DCHECK_FUNCTION_EXISTS=pthread_create    -rdynamic CMakeFiles/cmTC_19db1.dir/CheckFunctionExists.c.o  -o cmTC_19db1 -lpthreads 
/usr/bin/ld: cannot find -lpthreads
collect2: error: ld returned 1 exit status
CMakeFiles/cmTC_19db1.dir/build.make:97: recipe for target 'cmTC_19db1' failed
make[1]: *** [cmTC_19db1] Error 1
make[1]: Leaving directory '/home/autoware/Autoware/build/adi_driver/CMakeFiles/CMakeTmp'
Makefile:126: recipe for target 'cmTC_19db1/fast' failed
make: *** [cmTC_19db1/fast] Error 2


