[0.625s] Invoking command in '/home/autoware/Autoware/build/vehicle_description': /usr/bin/cmake --build /home/autoware/Autoware/build/vehicle_description -- -j32 -l32
[0.818s] Built target vehicle_description_xacro_generated_to_devel_space_
[0.872s] Invoked command in '/home/autoware/Autoware/build/vehicle_description' returned '0': /usr/bin/cmake --build /home/autoware/Autoware/build/vehicle_description -- -j32 -l32
[1.124s] Invoking command in '/home/autoware/Autoware/build/vehicle_description': /usr/bin/cmake --build /home/autoware/Autoware/build/vehicle_description --target tests -- -j32 -l32
[1.221s] Built target tests
[1.290s] Invoked command in '/home/autoware/Autoware/build/vehicle_description' returned '0': /usr/bin/cmake --build /home/autoware/Autoware/build/vehicle_description --target tests -- -j32 -l32
[1.491s] Invoking command in '/home/autoware/Autoware/build/vehicle_description': /usr/bin/cmake --build /home/autoware/Autoware/build/vehicle_description --target install -- -j32 -l32
[1.592s] Built target vehicle_description_xacro_generated_to_devel_space_
[1.672s] Install the project...
[1.672s] -- Install configuration: "Release"
[1.672s] -- Up-to-date: /home/autoware/Autoware/install/vehicle_description/lib/pkgconfig/vehicle_description.pc
[1.672s] -- Up-to-date: /home/autoware/Autoware/install/vehicle_description/share/vehicle_description/cmake/vehicle_descriptionConfig.cmake
[1.672s] -- Up-to-date: /home/autoware/Autoware/install/vehicle_description/share/vehicle_description/cmake/vehicle_descriptionConfig-version.cmake
[1.672s] -- Up-to-date: /home/autoware/Autoware/install/vehicle_description/share/vehicle_description/package.xml
[1.672s] -- Up-to-date: /home/autoware/Autoware/install/vehicle_description/share/vehicle_description/launch
[1.672s] -- Up-to-date: /home/autoware/Autoware/install/vehicle_description/share/vehicle_description/launch/estima_white.launch
[1.673s] -- Up-to-date: /home/autoware/Autoware/install/vehicle_description/share/vehicle_description/launch/estima_black.launch
[1.673s] -- Up-to-date: /home/autoware/Autoware/install/vehicle_description/share/vehicle_description/launch/lexus.launch
[1.673s] -- Up-to-date: /home/autoware/Autoware/install/vehicle_description/share/vehicle_description/launch/vehicle_model.launch
[1.673s] -- Up-to-date: /home/autoware/Autoware/install/vehicle_description/share/vehicle_description/launch/milee.launch
[1.673s] -- Up-to-date: /home/autoware/Autoware/install/vehicle_description/share/vehicle_description/launch/estima_gray.launch
[1.703s] -- Up-to-date: /home/autoware/Autoware/install/vehicle_description/share/vehicle_description/mesh
[1.703s] -- Up-to-date: /home/autoware/Autoware/install/vehicle_description/share/vehicle_description/mesh/CAR_original.stl
[1.703s] -- Up-to-date: /home/autoware/Autoware/install/vehicle_description/share/vehicle_description/mesh/estima_bg_black.jpg
[1.703s] -- Up-to-date: /home/autoware/Autoware/install/vehicle_description/share/vehicle_description/mesh/CAR_original.dae
[1.703s] -- Up-to-date: /home/autoware/Autoware/install/vehicle_description/share/vehicle_description/mesh/estima_right_gray.jpg
[1.703s] -- Up-to-date: /home/autoware/Autoware/install/vehicle_description/share/vehicle_description/mesh/xe.dae
[1.704s] -- Up-to-date: /home/autoware/Autoware/install/vehicle_description/share/vehicle_description/mesh/default.dae
[1.704s] -- Up-to-date: /home/autoware/Autoware/install/vehicle_description/share/vehicle_description/mesh/estima_left_gray.jpg
[1.704s] -- Up-to-date: /home/autoware/Autoware/install/vehicle_description/share/vehicle_description/mesh/estima_right_black.jpg
[1.704s] -- Up-to-date: /home/autoware/Autoware/install/vehicle_description/share/vehicle_description/mesh/estima_white.dae
[1.826s] -- Up-to-date: /home/autoware/Autoware/install/vehicle_description/share/vehicle_description/mesh/estima_gray.dae
[1.826s] -- Up-to-date: /home/autoware/Autoware/install/vehicle_description/share/vehicle_description/mesh/estima_right_white.jpg
[1.826s] -- Up-to-date: /home/autoware/Autoware/install/vehicle_description/share/vehicle_description/mesh/_51225ex2diffuse.jpeg
[1.826s] -- Up-to-date: /home/autoware/Autoware/install/vehicle_description/share/vehicle_description/mesh/lexus.dae
[1.933s] -- Up-to-date: /home/autoware/Autoware/install/vehicle_description/share/vehicle_description/mesh/milee.dae
[1.933s] -- Up-to-date: /home/autoware/Autoware/install/vehicle_description/share/vehicle_description/mesh/estima_left_black.jpg
[1.933s] -- Up-to-date: /home/autoware/Autoware/install/vehicle_description/share/vehicle_description/mesh/prius.dae
[1.933s] -- Up-to-date: /home/autoware/Autoware/install/vehicle_description/share/vehicle_description/mesh/estima_black.dae
[1.933s] -- Up-to-date: /home/autoware/Autoware/install/vehicle_description/share/vehicle_description/mesh/estima_bg_white.jpg
[1.933s] -- Up-to-date: /home/autoware/Autoware/install/vehicle_description/share/vehicle_description/mesh/lexus.jpg
[1.934s] -- Up-to-date: /home/autoware/Autoware/install/vehicle_description/share/vehicle_description/mesh/estima_left_white.jpg
[1.934s] -- Up-to-date: /home/autoware/Autoware/install/vehicle_description/share/vehicle_description/mesh/estima_bg_gray.jpg
[1.935s] -- Up-to-date: /home/autoware/Autoware/install/vehicle_description/share/vehicle_description/mesh/_51225ex1diffuse.jpeg
[1.936s] -- Up-to-date: /home/autoware/Autoware/install/vehicle_description/share/vehicle_description/urdf
[1.937s] -- Up-to-date: /home/autoware/Autoware/install/vehicle_description/share/vehicle_description/urdf/prius.urdf
[1.938s] -- Up-to-date: /home/autoware/Autoware/install/vehicle_description/share/vehicle_description/urdf/estima_white.urdf
[1.938s] -- Up-to-date: /home/autoware/Autoware/install/vehicle_description/share/vehicle_description/urdf/estima_gray.urdf
[1.938s] -- Up-to-date: /home/autoware/Autoware/install/vehicle_description/share/vehicle_description/urdf/lexus.urdf
[1.938s] -- Up-to-date: /home/autoware/Autoware/install/vehicle_description/share/vehicle_description/urdf/sim_default.urdf
[1.939s] -- Up-to-date: /home/autoware/Autoware/install/vehicle_description/share/vehicle_description/urdf/default.urdf
[1.940s] -- Up-to-date: /home/autoware/Autoware/install/vehicle_description/share/vehicle_description/urdf/estima_black.urdf
[1.941s] -- Up-to-date: /home/autoware/Autoware/install/vehicle_description/share/vehicle_description/urdf/xe.urdf
[1.942s] -- Up-to-date: /home/autoware/Autoware/install/vehicle_description/share/vehicle_description/urdf/milee.urdf
[2.080s] Invoked command in '/home/autoware/Autoware/build/vehicle_description' returned '0': /usr/bin/cmake --build /home/autoware/Autoware/build/vehicle_description --target install -- -j32 -l32
