Determining if the pthread_create exist failed with the following output:
Change Dir: /home/autoware/Autoware/build/autoware_lanelet2_msgs/CMakeFiles/CMakeTmp

Run Build Command:"/usr/bin/make" "cmTC_78bc2/fast"
/usr/bin/make -f CMakeFiles/cmTC_78bc2.dir/build.make CMakeFiles/cmTC_78bc2.dir/build
make[1]: Entering directory '/home/autoware/Autoware/build/autoware_lanelet2_msgs/CMakeFiles/CMakeTmp'
Building C object CMakeFiles/cmTC_78bc2.dir/CheckSymbolExists.c.o
/usr/bin/cc    -o CMakeFiles/cmTC_78bc2.dir/CheckSymbolExists.c.o   -c /home/autoware/Autoware/build/autoware_lanelet2_msgs/CMakeFiles/CMakeTmp/CheckSymbolExists.c
Linking C executable cmTC_78bc2
/usr/bin/cmake -E cmake_link_script CMakeFiles/cmTC_78bc2.dir/link.txt --verbose=1
/usr/bin/cc      -rdynamic CMakeFiles/cmTC_78bc2.dir/CheckSymbolExists.c.o  -o cmTC_78bc2 
CMakeFiles/cmTC_78bc2.dir/CheckSymbolExists.c.o: In function `main':
CheckSymbolExists.c:(.text+0x1b): undefined reference to `pthread_create'
collect2: error: ld returned 1 exit status
CMakeFiles/cmTC_78bc2.dir/build.make:97: recipe for target 'cmTC_78bc2' failed
make[1]: *** [cmTC_78bc2] Error 1
make[1]: Leaving directory '/home/autoware/Autoware/build/autoware_lanelet2_msgs/CMakeFiles/CMakeTmp'
Makefile:126: recipe for target 'cmTC_78bc2/fast' failed
make: *** [cmTC_78bc2/fast] Error 2

File /home/autoware/Autoware/build/autoware_lanelet2_msgs/CMakeFiles/CMakeTmp/CheckSymbolExists.c:
/* */
#include <pthread.h>

int main(int argc, char** argv)
{
  (void)argv;
#ifndef pthread_create
  return ((int*)(&pthread_create))[argc];
#else
  (void)argc;
  return 0;
#endif
}

Determining if the function pthread_create exists in the pthreads failed with the following output:
Change Dir: /home/autoware/Autoware/build/autoware_lanelet2_msgs/CMakeFiles/CMakeTmp

Run Build Command:"/usr/bin/make" "cmTC_4c382/fast"
/usr/bin/make -f CMakeFiles/cmTC_4c382.dir/build.make CMakeFiles/cmTC_4c382.dir/build
make[1]: Entering directory '/home/autoware/Autoware/build/autoware_lanelet2_msgs/CMakeFiles/CMakeTmp'
Building C object CMakeFiles/cmTC_4c382.dir/CheckFunctionExists.c.o
/usr/bin/cc   -DCHECK_FUNCTION_EXISTS=pthread_create   -o CMakeFiles/cmTC_4c382.dir/CheckFunctionExists.c.o   -c /usr/share/cmake-3.10/Modules/CheckFunctionExists.c
Linking C executable cmTC_4c382
/usr/bin/cmake -E cmake_link_script CMakeFiles/cmTC_4c382.dir/link.txt --verbose=1
/usr/bin/cc  -DCHECK_FUNCTION_EXISTS=pthread_create    -rdynamic CMakeFiles/cmTC_4c382.dir/CheckFunctionExists.c.o  -o cmTC_4c382 -lpthreads 
/usr/bin/ld: cannot find -lpthreads
collect2: error: ld returned 1 exit status
CMakeFiles/cmTC_4c382.dir/build.make:97: recipe for target 'cmTC_4c382' failed
make[1]: *** [cmTC_4c382] Error 1
make[1]: Leaving directory '/home/autoware/Autoware/build/autoware_lanelet2_msgs/CMakeFiles/CMakeTmp'
Makefile:126: recipe for target 'cmTC_4c382/fast' failed
make: *** [cmTC_4c382/fast] Error 2


