In file included from [01m[K/home/autoware/Autoware/src/autoware/core_planning/waypoint_planner/src/velocity_set/velocity_set_info.cpp:17:0[m[K:
[01m[K/home/autoware/Autoware/src/autoware/core_planning/waypoint_planner/include/waypoint_planner/velocity_set/velocity_set_info.h:[m[K In constructor ‘[01m[KVelocitySetInfo::VelocitySetInfo()[m[K’:
[01m[K/home/autoware/Autoware/src/autoware/core_planning/waypoint_planner/include/waypoint_planner/velocity_set/velocity_set_info.h:53:8:[m[K [01;35m[Kwarning: [m[K‘[01m[KVelocitySetInfo::set_pose_[m[K’ will be initialized after [[01;35m[K-Wreorder[m[K]
   bool [01;35m[Kset_pose_[m[K;
        [01;35m[K^~~~~~~~~[m[K
[01m[K/home/autoware/Autoware/src/autoware/core_planning/waypoint_planner/include/waypoint_planner/velocity_set/velocity_set_info.h:45:8:[m[K [01;35m[Kwarning: [m[K  ‘[01m[Kint VelocitySetInfo::wpidx_detectionResultByOtherNodes_[m[K’ [[01;35m[K-Wreorder[m[K]
   int  [01;35m[Kwpidx_detectionResultByOtherNodes_[m[K; // waypoints index@finalwaypoints
        [01;35m[K^~~~~~~~~~~~~~~~~~~~~~~~~~~~~~~~~~[m[K
[01m[K/home/autoware/Autoware/src/autoware/core_planning/waypoint_planner/src/velocity_set/velocity_set_info.cpp:27:1:[m[K [01;35m[Kwarning: [m[K  when initialized here [[01;35m[K-Wreorder[m[K]
 [01;35m[KVelocitySetInfo[m[K::VelocitySetInfo()
 [01;35m[K^~~~~~~~~~~~~~~[m[K
In file included from [01m[K/home/autoware/Autoware/src/autoware/core_planning/waypoint_planner/src/velocity_set/velocity_set_info.cpp:17:0[m[K:
[01m[K/home/autoware/Autoware/src/autoware/core_planning/waypoint_planner/include/waypoint_planner/velocity_set/velocity_set_info.h:[m[K In constructor ‘[01m[KVelocitySetInfo::VelocitySetInfo()[m[K’:
[01m[K/home/autoware/Autoware/src/autoware/core_planning/waypoint_planner/include/waypoint_planner/velocity_set/velocity_set_info.h:53:8:[m[K [01;35m[Kwarning: [m[K‘[01m[KVelocitySetInfo::set_pose_[m[K’ will be initialized after [[01;35m[K-Wreorder[m[K]
   bool [01;35m[Kset_pose_[m[K;
        [01;35m[K^~~~~~~~~[m[K
[01m[K/home/autoware/Autoware/src/autoware/core_planning/waypoint_planner/include/waypoint_planner/velocity_set/velocity_set_info.h:45:8:[m[K [01;35m[Kwarning: [m[K  ‘[01m[Kint VelocitySetInfo::wpidx_detectionResultByOtherNodes_[m[K’ [[01;35m[K-Wreorder[m[K]
   int  [01;35m[Kwpidx_detectionResultByOtherNodes_[m[K; // waypoints index@finalwaypoints
        [01;35m[K^~~~~~~~~~~~~~~~~~~~~~~~~~~~~~~~~~[m[K
[01m[K/home/autoware/Autoware/src/autoware/core_planning/waypoint_planner/src/velocity_set/velocity_set_info.cpp:27:1:[m[K [01;35m[Kwarning: [m[K  when initialized here [[01;35m[K-Wreorder[m[K]
 [01;35m[KVelocitySetInfo[m[K::VelocitySetInfo()
 [01;35m[K^~~~~~~~~~~~~~~[m[K
[01m[K/home/autoware/Autoware/src/autoware/core_planning/waypoint_planner/src/velocity_set/velocity_set_info.cpp:[m[K In member function ‘[01m[Kvoid VelocitySetInfo::configCallback(const ConfigVelocitySetConstPtr&)[m[K’:
[01m[K/home/autoware/Autoware/src/autoware/core_planning/waypoint_planner/src/velocity_set/velocity_set_info.cpp:79:31:[m[K [01;31m[Kerror: [m[K‘[01m[Kconst struct autoware_config_msgs::ConfigVelocitySet_<std::allocator<void> >[m[K’ has no member named ‘[01m[Kpoints_threshold[m[K’
   points_threshold_ = config->[01;31m[Kpoints_threshold[m[K;
                               [01;31m[K^~~~~~~~~~~~~~~~[m[K
[01m[K/home/autoware/Autoware/src/autoware/core_planning/waypoint_planner/src/velocity_set/velocity_set_info.cpp:[m[K In member function ‘[01m[Kvoid VelocitySetInfo::configCallback(const ConfigVelocitySetConstPtr&)[m[K’:
[01m[K/home/autoware/Autoware/src/autoware/core_planning/waypoint_planner/src/velocity_set/velocity_set_info.cpp:79:31:[m[K [01;31m[Kerror: [m[K‘[01m[Kconst struct autoware_config_msgs::ConfigVelocitySet_<std::allocator<void> >[m[K’ has no member named ‘[01m[Kpoints_threshold[m[K’
   points_threshold_ = config->[01;31m[Kpoints_threshold[m[K;
                               [01;31m[K^~~~~~~~~~~~~~~~[m[K
make[2]: *** [CMakeFiles/velocity_set.dir/src/velocity_set/velocity_set_info.cpp.o] Error 1
make[2]: *** Waiting for unfinished jobs....
make[2]: *** [CMakeFiles/velocity_set_lanelet2.dir/src/velocity_set/velocity_set_info.cpp.o] Error 1
make[2]: *** Waiting for unfinished jobs....
make[1]: *** [CMakeFiles/velocity_set.dir/all] Error 2
make[1]: *** Waiting for unfinished jobs....
make[1]: *** [CMakeFiles/velocity_set_lanelet2.dir/all] Error 2
make: *** [all] Error 2
