[  0%] Built target topic_tools_generate_messages_nodejs
[  0%] Built target vector_map_msgs_generate_messages_eus
[  0%] Built target bond_generate_messages_py
[  0%] Built target tf2_msgs_generate_messages_eus
[  0%] Built target vector_map_msgs_generate_messages_nodejs
[  0%] Built target std_srvs_generate_messages_nodejs
[  0%] Built target bond_generate_messages_lisp
[  0%] Built target std_srvs_generate_messages_py
[  0%] Built target bond_generate_messages_cpp
[  0%] Built target nodelet_generate_messages_nodejs
[  0%] Built target vector_map_msgs_generate_messages_py
[  0%] Built target topic_tools_generate_messages_cpp
[  0%] Built target nodelet_generate_messages_eus
[  0%] Built target dynamic_reconfigure_generate_messages_py
[  0%] Built target nodelet_generate_messages_cpp
[  0%] Built target vector_map_msgs_generate_messages_cpp
[  0%] Built target std_srvs_generate_messages_lisp
[  0%] Built target dynamic_reconfigure_generate_messages_lisp
[  0%] Built target topic_tools_generate_messages_eus
[  0%] Built target dynamic_reconfigure_generate_messages_nodejs
[  0%] Built target dynamic_reconfigure_generate_messages_eus
[  0%] Built target autoware_lanelet2_msgs_generate_messages_lisp
[  0%] Built target pcl_ros_gencfg
[  0%] Built target bond_generate_messages_eus
[  0%] Built target visualization_msgs_generate_messages_py
[  0%] Built target geometry_msgs_generate_messages_eus
[  0%] Built target autoware_lanelet2_msgs_generate_messages_cpp
[  0%] Built target autoware_lanelet2_msgs_generate_messages_eus
[  0%] Built target geometry_msgs_generate_messages_lisp
[  0%] Built target tf2_msgs_generate_messages_nodejs
[  0%] Built target autoware_system_msgs_generate_messages_cpp
[  0%] Built target geometry_msgs_generate_messages_py
[  0%] Built target topic_tools_generate_messages_lisp
[  0%] Built target autoware_msgs_generate_messages_lisp
[  0%] Built target visualization_msgs_generate_messages_nodejs
[  0%] Built target visualization_msgs_generate_messages_eus
[  0%] Built target jsk_recognition_msgs_generate_messages_cpp
[  0%] Built target rosgraph_msgs_generate_messages_cpp
[  0%] Built target autoware_msgs_generate_messages_eus
[  0%] Built target autoware_msgs_generate_messages_cpp
[  0%] Built target autoware_system_msgs_generate_messages_eus
[  0%] Built target tf2_msgs_generate_messages_cpp
[  0%] Built target rosgraph_msgs_generate_messages_lisp
[  0%] Built target sensor_msgs_generate_messages_lisp
[  0%] Built target jsk_recognition_msgs_generate_messages_eus
[  0%] Built target rosgraph_msgs_generate_messages_eus
[  0%] Built target std_srvs_generate_messages_cpp
[  0%] Built target jsk_footstep_msgs_generate_messages_py
[  0%] Built target nodelet_topic_tools_gencfg
[  0%] Built target nodelet_generate_messages_lisp
[  0%] Built target std_msgs_generate_messages_cpp
[  0%] Built target autoware_msgs_generate_messages_py
[  0%] Built target vector_map_msgs_generate_messages_lisp
[  0%] Built target topic_tools_generate_messages_py
[  0%] Built target actionlib_msgs_generate_messages_nodejs
[  0%] Built target autoware_system_msgs_generate_messages_lisp
[  0%] Built target std_msgs_generate_messages_py
[  0%] Built target tf2_msgs_generate_messages_lisp
[  0%] Built target dynamic_reconfigure_gencfg
[  0%] Built target bond_generate_messages_nodejs
[  0%] Built target autoware_config_msgs_generate_messages_py
[  0%] Built target actionlib_msgs_generate_messages_eus
[  0%] Built target autoware_config_msgs_generate_messages_cpp
[  0%] Built target geometry_msgs_generate_messages_nodejs
[  0%] Built target rosgraph_msgs_generate_messages_py
[  0%] Built target std_msgs_generate_messages_eus
[  0%] Built target visualization_msgs_generate_messages_lisp
[  0%] Built target roscpp_generate_messages_eus
[  0%] Built target autoware_config_msgs_generate_messages_eus
[  0%] Built target rosgraph_msgs_generate_messages_nodejs
[  0%] Built target autoware_msgs_generate_messages_nodejs
[  0%] Built target std_msgs_generate_messages_nodejs
[  0%] Built target jsk_recognition_msgs_generate_messages_py
[  0%] Built target roscpp_generate_messages_nodejs
[  0%] Built target std_msgs_generate_messages_lisp
[  0%] Built target sensor_msgs_generate_messages_eus
[  0%] Built target jsk_recognition_msgs_generate_messages_lisp
[  0%] Built target autoware_config_msgs_generate_messages_lisp
[  0%] Built target autoware_system_msgs_generate_messages_py
[  0%] Built target sensor_msgs_generate_messages_cpp
[  0%] Built target sensor_msgs_generate_messages_py
[  0%] Built target sensor_msgs_generate_messages_nodejs
[  0%] Built target actionlib_generate_messages_cpp
[  0%] Built target roscpp_generate_messages_cpp
[  0%] Built target dynamic_reconfigure_generate_messages_cpp
[  0%] Built target pcl_msgs_generate_messages_nodejs
[  0%] Built target pcl_msgs_generate_messages_cpp
[  0%] Built target nodelet_generate_messages_py
[  0%] Built target pcl_msgs_generate_messages_eus
[  0%] Built target tf_generate_messages_py
[  0%] Built target actionlib_msgs_generate_messages_py
[  0%] Built target jsk_footstep_msgs_generate_messages_nodejs
[  0%] Built target actionlib_generate_messages_nodejs
[  0%] Built target jsk_footstep_msgs_generate_messages_lisp
[  0%] Built target autoware_system_msgs_generate_messages_nodejs
[  0%] Built target jsk_footstep_msgs_generate_messages_eus
[  0%] Built target actionlib_msgs_generate_messages_lisp
[  0%] Built target tf_generate_messages_cpp
[  0%] Built target pcl_msgs_generate_messages_lisp
[  0%] Built target jsk_footstep_msgs_generate_messages_cpp
[  0%] Built target actionlib_msgs_generate_messages_cpp
[  0%] Built target tf_generate_messages_eus
[  0%] Built target tf_generate_messages_lisp
[  0%] Built target std_srvs_generate_messages_eus
[  0%] Built target jsk_recognition_msgs_generate_messages_nodejs
[  0%] Built target tf_generate_messages_nodejs
[  0%] Built target autoware_lanelet2_msgs_generate_messages_py
[  0%] Built target roscpp_generate_messages_py
[  0%] Built target roscpp_generate_messages_lisp
[  0%] Built target autoware_lanelet2_msgs_generate_messages_nodejs
[  0%] Built target autoware_config_msgs_generate_messages_nodejs
[  0%] Built target pcl_msgs_generate_messages_py
[  0%] Built target actionlib_generate_messages_eus
[  0%] Built target geometry_msgs_generate_messages_cpp
[  0%] Built target actionlib_generate_messages_lisp
[  0%] Built target tf2_msgs_generate_messages_py
[  0%] Built target visualization_msgs_generate_messages_cpp
[  0%] Built target actionlib_generate_messages_py
[35m[1mScanning dependencies of target velocity_set_lanelet2[0m
[35m[1mScanning dependencies of target velocity_set[0m
[ 23%] Built target astar_avoid
[ 30%] [32mBuilding CXX object CMakeFiles/velocity_set_lanelet2.dir/src/velocity_set/velocity_set_info.cpp.o[0m
[ 38%] [32mBuilding CXX object CMakeFiles/velocity_set_lanelet2.dir/src/velocity_set_lanelet2/velocity_set_lanelet2.cpp.o[0m
[ 46%] [32mBuilding CXX object CMakeFiles/velocity_set.dir/src/velocity_set/velocity_set_info.cpp.o[0m
[ 53%] [32mBuilding CXX object CMakeFiles/velocity_set.dir/src/velocity_set/velocity_set.cpp.o[0m
In file included from [01m[K/home/autoware/Autoware/src/autoware/core_planning/waypoint_planner/src/velocity_set/velocity_set_info.cpp:17:0[m[K:
[01m[K/home/autoware/Autoware/src/autoware/core_planning/waypoint_planner/include/waypoint_planner/velocity_set/velocity_set_info.h:[m[K In constructor ‘[01m[KVelocitySetInfo::VelocitySetInfo()[m[K’:
[01m[K/home/autoware/Autoware/src/autoware/core_planning/waypoint_planner/include/waypoint_planner/velocity_set/velocity_set_info.h:53:8:[m[K [01;35m[Kwarning: [m[K‘[01m[KVelocitySetInfo::set_pose_[m[K’ will be initialized after [[01;35m[K-Wreorder[m[K]
   bool [01;35m[Kset_pose_[m[K;
        [01;35m[K^~~~~~~~~[m[K
[01m[K/home/autoware/Autoware/src/autoware/core_planning/waypoint_planner/include/waypoint_planner/velocity_set/velocity_set_info.h:45:8:[m[K [01;35m[Kwarning: [m[K  ‘[01m[Kint VelocitySetInfo::wpidx_detectionResultByOtherNodes_[m[K’ [[01;35m[K-Wreorder[m[K]
   int  [01;35m[Kwpidx_detectionResultByOtherNodes_[m[K; // waypoints index@finalwaypoints
        [01;35m[K^~~~~~~~~~~~~~~~~~~~~~~~~~~~~~~~~~[m[K
[01m[K/home/autoware/Autoware/src/autoware/core_planning/waypoint_planner/src/velocity_set/velocity_set_info.cpp:27:1:[m[K [01;35m[Kwarning: [m[K  when initialized here [[01;35m[K-Wreorder[m[K]
 [01;35m[KVelocitySetInfo[m[K::VelocitySetInfo()
 [01;35m[K^~~~~~~~~~~~~~~[m[K
In file included from [01m[K/home/autoware/Autoware/src/autoware/core_planning/waypoint_planner/src/velocity_set/velocity_set_info.cpp:17:0[m[K:
[01m[K/home/autoware/Autoware/src/autoware/core_planning/waypoint_planner/include/waypoint_planner/velocity_set/velocity_set_info.h:[m[K In constructor ‘[01m[KVelocitySetInfo::VelocitySetInfo()[m[K’:
[01m[K/home/autoware/Autoware/src/autoware/core_planning/waypoint_planner/include/waypoint_planner/velocity_set/velocity_set_info.h:53:8:[m[K [01;35m[Kwarning: [m[K‘[01m[KVelocitySetInfo::set_pose_[m[K’ will be initialized after [[01;35m[K-Wreorder[m[K]
   bool [01;35m[Kset_pose_[m[K;
        [01;35m[K^~~~~~~~~[m[K
[01m[K/home/autoware/Autoware/src/autoware/core_planning/waypoint_planner/include/waypoint_planner/velocity_set/velocity_set_info.h:45:8:[m[K [01;35m[Kwarning: [m[K  ‘[01m[Kint VelocitySetInfo::wpidx_detectionResultByOtherNodes_[m[K’ [[01;35m[K-Wreorder[m[K]
   int  [01;35m[Kwpidx_detectionResultByOtherNodes_[m[K; // waypoints index@finalwaypoints
        [01;35m[K^~~~~~~~~~~~~~~~~~~~~~~~~~~~~~~~~~[m[K
[01m[K/home/autoware/Autoware/src/autoware/core_planning/waypoint_planner/src/velocity_set/velocity_set_info.cpp:27:1:[m[K [01;35m[Kwarning: [m[K  when initialized here [[01;35m[K-Wreorder[m[K]
 [01;35m[KVelocitySetInfo[m[K::VelocitySetInfo()
 [01;35m[K^~~~~~~~~~~~~~~[m[K
[01m[K/home/autoware/Autoware/src/autoware/core_planning/waypoint_planner/src/velocity_set/velocity_set_info.cpp:[m[K In member function ‘[01m[Kvoid VelocitySetInfo::configCallback(const ConfigVelocitySetConstPtr&)[m[K’:
[01m[K/home/autoware/Autoware/src/autoware/core_planning/waypoint_planner/src/velocity_set/velocity_set_info.cpp:79:31:[m[K [01;31m[Kerror: [m[K‘[01m[Kconst struct autoware_config_msgs::ConfigVelocitySet_<std::allocator<void> >[m[K’ has no member named ‘[01m[Kpoints_threshold[m[K’
   points_threshold_ = config->[01;31m[Kpoints_threshold[m[K;
                               [01;31m[K^~~~~~~~~~~~~~~~[m[K
[01m[K/home/autoware/Autoware/src/autoware/core_planning/waypoint_planner/src/velocity_set/velocity_set_info.cpp:[m[K In member function ‘[01m[Kvoid VelocitySetInfo::configCallback(const ConfigVelocitySetConstPtr&)[m[K’:
[01m[K/home/autoware/Autoware/src/autoware/core_planning/waypoint_planner/src/velocity_set/velocity_set_info.cpp:79:31:[m[K [01;31m[Kerror: [m[K‘[01m[Kconst struct autoware_config_msgs::ConfigVelocitySet_<std::allocator<void> >[m[K’ has no member named ‘[01m[Kpoints_threshold[m[K’
   points_threshold_ = config->[01;31m[Kpoints_threshold[m[K;
                               [01;31m[K^~~~~~~~~~~~~~~~[m[K
CMakeFiles/velocity_set.dir/build.make:110: recipe for target 'CMakeFiles/velocity_set.dir/src/velocity_set/velocity_set_info.cpp.o' failed
make[2]: *** [CMakeFiles/velocity_set.dir/src/velocity_set/velocity_set_info.cpp.o] Error 1
make[2]: *** Waiting for unfinished jobs....
make[2]: *** [CMakeFiles/velocity_set_lanelet2.dir/src/velocity_set/velocity_set_info.cpp.o] Error 1
make[2]: *** Waiting for unfinished jobs....
CMakeFiles/velocity_set_lanelet2.dir/build.make:110: recipe for target 'CMakeFiles/velocity_set_lanelet2.dir/src/velocity_set/velocity_set_info.cpp.o' failed
CMakeFiles/Makefile2:1682: recipe for target 'CMakeFiles/velocity_set.dir/all' failed
make[1]: *** [CMakeFiles/velocity_set.dir/all] Error 2
make[1]: *** Waiting for unfinished jobs....
make[1]: *** [CMakeFiles/velocity_set_lanelet2.dir/all] Error 2
CMakeFiles/Makefile2:248: recipe for target 'CMakeFiles/velocity_set_lanelet2.dir/all' failed
Makefile:140: recipe for target 'all' failed
make: *** [all] Error 2
