[  0%] Built target tf2_msgs_generate_messages_eus
[  0%] Built target nodelet_generate_messages_nodejs
[  0%] Built target vector_map_msgs_generate_messages_nodejs
[  0%] Built target std_srvs_generate_messages_py
[  0%] Built target topic_tools_generate_messages_cpp
[  0%] Built target vector_map_msgs_generate_messages_cpp
[  0%] Built target bond_generate_messages_cpp
[  0%] Built target vector_map_msgs_generate_messages_eus
[  0%] Built target std_srvs_generate_messages_nodejs
[  0%] Built target bond_generate_messages_py
[  0%] Built target vector_map_msgs_generate_messages_py
[  0%] Built target dynamic_reconfigure_generate_messages_py
[  0%] Built target nodelet_generate_messages_eus
[  0%] Built target dynamic_reconfigure_generate_messages_lisp
[  0%] Built target nodelet_generate_messages_cpp
[  0%] Built target topic_tools_generate_messages_nodejs
[  0%] Built target topic_tools_generate_messages_eus
[  0%] Built target std_srvs_generate_messages_lisp
[  0%] Built target bond_generate_messages_lisp
[  0%] Built target dynamic_reconfigure_generate_messages_nodejs
[  0%] Built target dynamic_reconfigure_generate_messages_eus
[  0%] Built target bond_generate_messages_eus
[  0%] Built target pcl_ros_gencfg
[  0%] Built target tf2_msgs_generate_messages_nodejs
[  0%] Built target visualization_msgs_generate_messages_eus
[  0%] Built target visualization_msgs_generate_messages_py
[  0%] Built target geometry_msgs_generate_messages_py
[  0%] Built target geometry_msgs_generate_messages_lisp
[  0%] Built target topic_tools_generate_messages_lisp
[  0%] Built target autoware_system_msgs_generate_messages_cpp
[  0%] Built target autoware_msgs_generate_messages_lisp
[  0%] Built target autoware_lanelet2_msgs_generate_messages_lisp
[  0%] Built target autoware_lanelet2_msgs_generate_messages_cpp
[  0%] Built target geometry_msgs_generate_messages_eus
[  0%] Built target visualization_msgs_generate_messages_nodejs
[  0%] Built target jsk_recognition_msgs_generate_messages_cpp
[  0%] Built target autoware_lanelet2_msgs_generate_messages_eus
[  0%] Built target autoware_msgs_generate_messages_eus
[  0%] Built target autoware_msgs_generate_messages_cpp
[  0%] Built target rosgraph_msgs_generate_messages_cpp
[  0%] Built target rosgraph_msgs_generate_messages_eus
[  0%] Built target rosgraph_msgs_generate_messages_lisp
[  0%] Built target jsk_recognition_msgs_generate_messages_eus
[  0%] Built target autoware_system_msgs_generate_messages_eus
[  0%] Built target topic_tools_generate_messages_py
[  0%] Built target std_srvs_generate_messages_cpp
[  0%] Built target autoware_msgs_generate_messages_py
[  0%] Built target nodelet_generate_messages_lisp
[  0%] Built target jsk_footstep_msgs_generate_messages_py
[  0%] Built target std_msgs_generate_messages_py
[  0%] Built target std_msgs_generate_messages_cpp
[  0%] Built target tf2_msgs_generate_messages_cpp
[  0%] Built target autoware_system_msgs_generate_messages_lisp
[  0%] Built target nodelet_topic_tools_gencfg
[  0%] Built target vector_map_msgs_generate_messages_lisp
[  0%] Built target dynamic_reconfigure_gencfg
[  0%] Built target actionlib_msgs_generate_messages_nodejs
[  0%] Built target sensor_msgs_generate_messages_lisp
[  0%] Built target tf2_msgs_generate_messages_lisp
[  0%] Built target bond_generate_messages_nodejs
[  0%] Built target actionlib_msgs_generate_messages_eus
[  0%] Built target autoware_config_msgs_generate_messages_py
[  0%] Built target autoware_config_msgs_generate_messages_cpp
[  0%] Built target rosgraph_msgs_generate_messages_py
[  0%] Built target roscpp_generate_messages_eus
[  0%] Built target autoware_config_msgs_generate_messages_lisp
[  0%] Built target rosgraph_msgs_generate_messages_nodejs
[  0%] Built target autoware_msgs_generate_messages_nodejs
[  0%] Built target autoware_config_msgs_generate_messages_eus
[  0%] Built target roscpp_generate_messages_nodejs
[  0%] Built target std_msgs_generate_messages_eus
[  0%] Built target visualization_msgs_generate_messages_lisp
[  0%] Built target std_msgs_generate_messages_lisp
[  0%] Built target geometry_msgs_generate_messages_nodejs
[  0%] Built target jsk_recognition_msgs_generate_messages_lisp
[  0%] Built target sensor_msgs_generate_messages_cpp
[  0%] Built target jsk_recognition_msgs_generate_messages_py
[  0%] Built target std_msgs_generate_messages_nodejs
[  0%] Built target sensor_msgs_generate_messages_eus
[  0%] Built target autoware_system_msgs_generate_messages_py
[  0%] Built target sensor_msgs_generate_messages_nodejs
[  0%] Built target roscpp_generate_messages_cpp
[  0%] Built target pcl_msgs_generate_messages_cpp
[  0%] Built target nodelet_generate_messages_py
[  0%] Built target actionlib_generate_messages_cpp
[  0%] Built target tf_generate_messages_py
[  0%] Built target dynamic_reconfigure_generate_messages_cpp
[  0%] Built target sensor_msgs_generate_messages_py
[  0%] Built target pcl_msgs_generate_messages_eus
[  0%] Built target jsk_footstep_msgs_generate_messages_lisp
[  0%] Built target actionlib_msgs_generate_messages_py
[  0%] Built target jsk_footstep_msgs_generate_messages_nodejs
[  0%] Built target actionlib_msgs_generate_messages_lisp
[  0%] Built target jsk_footstep_msgs_generate_messages_eus
[  0%] Built target pcl_msgs_generate_messages_nodejs
[  0%] Built target autoware_system_msgs_generate_messages_nodejs
[  0%] Built target pcl_msgs_generate_messages_lisp
[  0%] Built target actionlib_generate_messages_nodejs
[  0%] Built target jsk_footstep_msgs_generate_messages_cpp
[  0%] Built target tf_generate_messages_cpp
[  0%] Built target actionlib_msgs_generate_messages_cpp
[  0%] Built target tf_generate_messages_eus
[  0%] Built target autoware_config_msgs_generate_messages_nodejs
[  0%] Built target std_srvs_generate_messages_eus
[  0%] Built target tf_generate_messages_lisp
[  0%] Built target tf_generate_messages_nodejs
[  0%] Built target roscpp_generate_messages_lisp
[  0%] Built target jsk_recognition_msgs_generate_messages_nodejs
[  0%] Built target autoware_lanelet2_msgs_generate_messages_nodejs
[  0%] Built target autoware_lanelet2_msgs_generate_messages_py
[  0%] Built target roscpp_generate_messages_py
[  0%] Built target actionlib_generate_messages_eus
[  0%] Built target pcl_msgs_generate_messages_py
[  0%] Built target geometry_msgs_generate_messages_cpp
[  0%] Built target visualization_msgs_generate_messages_cpp
[  0%] Built target tf2_msgs_generate_messages_py
[  0%] Built target actionlib_generate_messages_lisp
[  0%] Built target actionlib_generate_messages_py
[35m[1mScanning dependencies of target velocity_set_lanelet2[0m
[ 23%] Built target astar_avoid
[ 61%] Built target velocity_set
[ 69%] [32mBuilding CXX object CMakeFiles/velocity_set_lanelet2.dir/src/velocity_set_lanelet2/velocity_set_lanelet2.cpp.o[0m
[01m[K/home/autoware/Autoware/src/autoware/core_planning/waypoint_planner/src/velocity_set_lanelet2/velocity_set_lanelet2.cpp:[m[K In function ‘[01m[Kint detectStopObstacle(const pcl::PointCloud<pcl::PointXYZ>&, int, int, const Lane&, const ConstLanelets&, double, double, const PoseStamped&, ObstaclePoints*, EObstacleType*, int)[m[K’:
[01m[K/home/autoware/Autoware/src/autoware/core_planning/waypoint_planner/src/velocity_set_lanelet2/velocity_set_lanelet2.cpp:227:57:[m[K [01;31m[Kerror: [m[K‘[01m[KSTOP_SEARCH_DISTANCE[m[K’ was not declared in this scope
   for (int i = closest_waypoint; i < closest_waypoint + [01;31m[KSTOP_SEARCH_DISTANCE[m[K; i++)
                                                         [01;31m[K^~~~~~~~~~~~~~~~~~~~[m[K
[01m[K/home/autoware/Autoware/src/autoware/core_planning/waypoint_planner/src/velocity_set_lanelet2/velocity_set_lanelet2.cpp:[m[K In function ‘[01m[Kint detectDecelerateObstacle(const pcl::PointCloud<pcl::PointXYZ>&, int, const Lane&, double, double, double, const PoseStamped&, ObstaclePoints*)[m[K’:
[01m[K/home/autoware/Autoware/src/autoware/core_planning/waypoint_planner/src/velocity_set_lanelet2/velocity_set_lanelet2.cpp:302:57:[m[K [01;31m[Kerror: [m[K‘[01m[KDECELERATION_SEARCH_DISTANCE[m[K’ was not declared in this scope
   for (int i = closest_waypoint; i < closest_waypoint + [01;31m[KDECELERATION_SEARCH_DISTANCE[m[K; i++)
                                                         [01;31m[K^~~~~~~~~~~~~~~~~~~~~~~~~~~~[m[K
[01m[K/home/autoware/Autoware/src/autoware/core_planning/waypoint_planner/src/velocity_set_lanelet2/velocity_set_lanelet2.cpp:[m[K In function ‘[01m[Kvoid displayDetectionRange(const Lane&, const ConstLanelets&, int, int, const EControl&, int, double, double, const ros::Publisher&)[m[K’:
[01m[K/home/autoware/Autoware/src/autoware/core_planning/waypoint_planner/src/velocity_set_lanelet2/velocity_set_lanelet2.cpp:537:23:[m[K [01;31m[Kerror: [m[K‘[01m[KSTOP_SEARCH_DISTANCE[m[K’ was not declared in this scope
   for (int i = 0; i < [01;31m[KSTOP_SEARCH_DISTANCE[m[K; i++)
                       [01;31m[K^~~~~~~~~~~~~~~~~~~~[m[K
[01m[K/home/autoware/Autoware/src/autoware/core_planning/waypoint_planner/src/velocity_set_lanelet2/velocity_set_lanelet2.cpp:547:13:[m[K [01;31m[Kerror: [m[K‘[01m[KDECELERATION_SEARCH_DISTANCE[m[K’ was not declared in this scope
     if (i > [01;31m[KDECELERATION_SEARCH_DISTANCE[m[K)
             [01;31m[K^~~~~~~~~~~~~~~~~~~~~~~~~~~~[m[K
[01m[K/home/autoware/Autoware/src/autoware/core_planning/waypoint_planner/src/velocity_set_lanelet2/velocity_set_lanelet2.cpp:[m[K In function ‘[01m[KEControl obstacleDetection(int, int, const Lane&, const ConstLanelets&, VelocitySetInfo, const ros::Publisher&, const ros::Publisher&, int*)[m[K’:
[01m[K/home/autoware/Autoware/src/autoware/core_planning/waypoint_planner/src/velocity_set_lanelet2/velocity_set_lanelet2.cpp:599:23:[m[K [01;31m[Kerror: [m[K‘[01m[KLOOP_RATE[m[K’ was not declared in this scope
     if (false_count < [01;31m[KLOOP_RATE[m[K / 2)
                       [01;31m[K^~~~~~~~~[m[K
[01m[K/home/autoware/Autoware/src/autoware/core_planning/waypoint_planner/src/velocity_set_lanelet2/velocity_set_lanelet2.cpp:599:23:[m[K [01;36m[Knote: [m[Ksuggested alternative: ‘[01m[KLOCK_WRITE[m[K’
     if (false_count < [01;36m[KLOOP_RATE[m[K / 2)
                       [01;36m[K^~~~~~~~~[m[K
                       [32m[KLOCK_WRITE[m[K
[01m[K/home/autoware/Autoware/src/autoware/core_planning/waypoint_planner/src/velocity_set_lanelet2/velocity_set_lanelet2.cpp:[m[K In function ‘[01m[Kint main(int, char**)[m[K’:
[01m[K/home/autoware/Autoware/src/autoware/core_planning/waypoint_planner/src/velocity_set_lanelet2/velocity_set_lanelet2.cpp:662:20:[m[K [01;35m[Kwarning: [m[Kunused variable ‘[01m[KDECELERATION_SEARCH_DISTANCE[m[K’ [[01;35m[K-Wunused-variable[m[K]
   constexpr double [01;35m[KDECELERATION_SEARCH_DISTANCE[m[K = 30;
                    [01;35m[K^~~~~~~~~~~~~~~~~~~~~~~~~~~~[m[K
make[2]: *** [CMakeFiles/velocity_set_lanelet2.dir/src/velocity_set_lanelet2/velocity_set_lanelet2.cpp.o] Error 1
CMakeFiles/velocity_set_lanelet2.dir/build.make:62: recipe for target 'CMakeFiles/velocity_set_lanelet2.dir/src/velocity_set_lanelet2/velocity_set_lanelet2.cpp.o' failed
CMakeFiles/Makefile2:248: recipe for target 'CMakeFiles/velocity_set_lanelet2.dir/all' failed
make[1]: *** [CMakeFiles/velocity_set_lanelet2.dir/all] Error 2
Makefile:140: recipe for target 'all' failed
make: *** [all] Error 2
