[0.246s] Invoking command in '/home/autoware/Autoware/build/autoware_msgs': /usr/bin/cmake --build /home/autoware/Autoware/build/autoware_msgs -- -j32 -l32
[0.825s] [  0%] Built target jsk_recognition_msgs_generate_messages_py
[0.825s] [  0%] Built target sensor_msgs_generate_messages_py
[0.825s] [  0%] Built target std_msgs_generate_messages_py
[0.825s] [  0%] Built target geometry_msgs_generate_messages_py
[0.825s] [  0%] Built target _autoware_msgs_generate_messages_check_deps_StateCmd
[0.825s] [  0%] Built target _autoware_msgs_generate_messages_check_deps_TrafficLightResult
[0.825s] [  0%] Built target _autoware_msgs_generate_messages_check_deps_ImageLaneObjects
[0.826s] [  0%] Built target _autoware_msgs_generate_messages_check_deps_VehicleCmd
[0.826s] [  0%] Built target _autoware_msgs_generate_messages_check_deps_ExtractedPosition
[0.826s] [  0%] Built target _autoware_msgs_generate_messages_check_deps_ProjectionMatrix
[0.826s] [  0%] Built target _autoware_msgs_generate_messages_check_deps_ObjPose
[0.826s] [  0%] Built target _autoware_msgs_generate_messages_check_deps_IndicatorCmd
[0.826s] [  0%] Built target _autoware_msgs_generate_messages_check_deps_RemoteCmd
[0.826s] [  0%] Built target _autoware_msgs_generate_messages_check_deps_ValueSet
[0.826s] [  0%] Built target _autoware_msgs_generate_messages_check_deps_VscanTrackedArray
[0.826s] [  0%] Built target _autoware_msgs_generate_messages_check_deps_ImageRect
[0.826s] [  0%] Built target _autoware_msgs_generate_messages_check_deps_ColorSet
[0.826s] [  0%] Built target _autoware_msgs_generate_messages_check_deps_ImageObj
[0.826s] [  0%] Built target _autoware_msgs_generate_messages_check_deps_DTLane
[0.827s] [  0%] Built target _autoware_msgs_generate_messages_check_deps_Lane
[0.827s] [  0%] Built target _autoware_msgs_generate_messages_check_deps_PointsImage
[0.827s] [  0%] Built target _autoware_msgs_generate_messages_check_deps_TrafficLightResultArray
[0.827s] [  0%] Built target _autoware_msgs_generate_messages_check_deps_CloudClusterArray
[0.827s] [  0%] Built target _autoware_msgs_generate_messages_check_deps_NDTStat
[0.827s] [  0%] Built target _autoware_msgs_generate_messages_check_deps_VehicleLocation
[0.827s] [  0%] Built target _autoware_msgs_generate_messages_check_deps_TrafficLight
[0.827s] [  0%] Built target _autoware_msgs_generate_messages_check_deps_AdjustXY
[0.827s] [  0%] Built target _autoware_msgs_generate_messages_check_deps_ImageObjTracked
[0.827s] [  0%] Built target _autoware_msgs_generate_messages_check_deps_State
[0.827s] [  0%] Built target _autoware_msgs_generate_messages_check_deps_Centroids
[0.827s] [  0%] Built target _autoware_msgs_generate_messages_check_deps_DetectedObject
[0.828s] [  0%] Built target _autoware_msgs_generate_messages_check_deps_AccelCmd
[0.828s] [  0%] Built target _autoware_msgs_generate_messages_check_deps_SyncTimeMonitor
[0.828s] [  0%] Built target _autoware_msgs_generate_messages_check_deps_ImageRectRanged
[0.828s] [  0%] Built target _autoware_msgs_generate_messages_check_deps_TunedResult
[0.828s] [  0%] Built target _autoware_msgs_generate_messages_check_deps_GeometricRectangle
[0.828s] [  0%] Built target _autoware_msgs_generate_messages_check_deps_VehicleStatus
[0.828s] [  0%] Built target _autoware_msgs_generate_messages_check_deps_ScanImage
[0.828s] [  0%] Built target _autoware_msgs_generate_messages_check_deps_LampCmd
[0.828s] [  0%] Built target _autoware_msgs_generate_messages_check_deps_SteerCmd
[0.828s] [  0%] Built target _autoware_msgs_generate_messages_check_deps_Waypoint
[0.828s] [  0%] Built target std_msgs_generate_messages_cpp
[0.829s] [  0%] Built target _autoware_msgs_generate_messages_check_deps_CloudCluster
[0.829s] [  0%] Built target sensor_msgs_generate_messages_cpp
[0.829s] [  0%] Built target _autoware_msgs_generate_messages_check_deps_LaneArray
[0.829s] [  0%] Built target _autoware_msgs_generate_messages_check_deps_DetectedObjectArray
[0.829s] [  0%] Built target _autoware_msgs_generate_messages_check_deps_Gear
[0.829s] [  0%] Built target _autoware_msgs_generate_messages_check_deps_SyncTimeDiff
[0.829s] [  0%] Built target _autoware_msgs_generate_messages_check_deps_ObjLabel
[0.829s] [  0%] Built target _autoware_msgs_generate_messages_check_deps_ImageObjRanged
[0.829s] [  0%] Built target jsk_recognition_msgs_generate_messages_cpp
[0.829s] [  0%] Built target _autoware_msgs_generate_messages_check_deps_ICPStat
[0.829s] [  0%] Built target geometry_msgs_generate_messages_eus
[0.829s] [  0%] Built target jsk_recognition_msgs_generate_messages_eus
[0.830s] [  0%] Built target _autoware_msgs_generate_messages_check_deps_ImageObjects
[0.830s] [  0%] Built target geometry_msgs_generate_messages_lisp
[0.830s] [  0%] Built target sensor_msgs_generate_messages_lisp
[0.830s] [  0%] Built target std_msgs_generate_messages_lisp
[0.830s] [  0%] Built target jsk_recognition_msgs_generate_messages_lisp
[0.830s] [  0%] Built target geometry_msgs_generate_messages_cpp
[0.830s] [  0%] Built target _autoware_msgs_generate_messages_check_deps_BrakeCmd
[0.830s] [  0%] Built target _autoware_msgs_generate_messages_check_deps_WaypointState
[0.830s] [  0%] Built target _autoware_msgs_generate_messages_check_deps_VscanTracked
[0.830s] [  0%] Built target _autoware_msgs_generate_messages_check_deps_ControlCommand
[0.863s] [  0%] Built target _autoware_msgs_generate_messages_check_deps_ControlCommandStamped
[0.863s] [  0%] Built target std_msgs_generate_messages_nodejs
[0.936s] [  0%] Built target geometry_msgs_generate_messages_nodejs
[0.936s] [  0%] Built target jsk_recognition_msgs_generate_messages_nodejs
[0.936s] [  0%] Built target sensor_msgs_generate_messages_nodejs
[0.937s] [  0%] Built target std_msgs_generate_messages_eus
[0.937s] [  0%] Built target _autoware_msgs_generate_messages_check_deps_RecognizeLightState
[0.937s] [  0%] Built target sensor_msgs_generate_messages_eus
[0.955s] [  0%] Built target _autoware_msgs_generate_messages_check_deps_Signals
[0.955s] [ 20%] Built target autoware_msgs_generate_messages_py
[0.955s] [ 41%] Built target autoware_msgs_generate_messages_eus
[0.955s] [ 61%] Built target autoware_msgs_generate_messages_lisp
[0.955s] [ 81%] Built target autoware_msgs_generate_messages_nodejs
[0.955s] [100%] Built target autoware_msgs_generate_messages_cpp
[0.971s] [100%] Built target autoware_msgs_generate_messages
[1.029s] Invoked command in '/home/autoware/Autoware/build/autoware_msgs' returned '0': /usr/bin/cmake --build /home/autoware/Autoware/build/autoware_msgs -- -j32 -l32
[1.266s] Invoking command in '/home/autoware/Autoware/build/autoware_msgs': /usr/bin/cmake --build /home/autoware/Autoware/build/autoware_msgs --target tests -- -j32 -l32
[1.397s] Built target tests
[1.434s] Invoked command in '/home/autoware/Autoware/build/autoware_msgs' returned '0': /usr/bin/cmake --build /home/autoware/Autoware/build/autoware_msgs --target tests -- -j32 -l32
[2.314s] Invoking command in '/home/autoware/Autoware/build/autoware_msgs': /usr/bin/cmake --build /home/autoware/Autoware/build/autoware_msgs --target install -- -j32 -l32
[2.599s] [  0%] Built target geometry_msgs_generate_messages_py
[2.599s] [  0%] Built target jsk_recognition_msgs_generate_messages_py
[2.599s] [  0%] Built target sensor_msgs_generate_messages_py
[2.600s] [  0%] Built target std_msgs_generate_messages_py
[2.600s] [  0%] Built target _autoware_msgs_generate_messages_check_deps_SyncTimeMonitor
[2.601s] [  0%] Built target _autoware_msgs_generate_messages_check_deps_CloudClusterArray
[2.602s] [  0%] Built target _autoware_msgs_generate_messages_check_deps_TrafficLightResultArray
[2.602s] [  0%] Built target _autoware_msgs_generate_messages_check_deps_DTLane
[2.602s] [  0%] Built target _autoware_msgs_generate_messages_check_deps_PointsImage
[2.602s] [  0%] Built target _autoware_msgs_generate_messages_check_deps_ImageRectRanged
[2.602s] [  0%] Built target _autoware_msgs_generate_messages_check_deps_Lane
[2.602s] [  0%] Built target _autoware_msgs_generate_messages_check_deps_ImageObjTracked
[2.602s] [  0%] Built target _autoware_msgs_generate_messages_check_deps_ColorSet
[2.603s] [  0%] Built target _autoware_msgs_generate_messages_check_deps_RemoteCmd
[2.603s] [  0%] Built target _autoware_msgs_generate_messages_check_deps_ExtractedPosition
[2.603s] [  0%] Built target _autoware_msgs_generate_messages_check_deps_VehicleCmd
[2.604s] [  0%] Built target _autoware_msgs_generate_messages_check_deps_DetectedObject
[2.604s] [  0%] Built target _autoware_msgs_generate_messages_check_deps_VehicleLocation
[2.604s] [  0%] Built target _autoware_msgs_generate_messages_check_deps_ProjectionMatrix
[2.604s] [  0%] Built target _autoware_msgs_generate_messages_check_deps_State
[2.604s] [  0%] Built target _autoware_msgs_generate_messages_check_deps_AdjustXY
[2.604s] [  0%] Built target _autoware_msgs_generate_messages_check_deps_ImageLaneObjects
[2.604s] [  0%] Built target _autoware_msgs_generate_messages_check_deps_NDTStat
[2.604s] [  0%] Built target _autoware_msgs_generate_messages_check_deps_ValueSet
[2.605s] [  0%] Built target _autoware_msgs_generate_messages_check_deps_VscanTrackedArray
[2.605s] [  0%] Built target _autoware_msgs_generate_messages_check_deps_TrafficLight
[2.605s] [  0%] Built target _autoware_msgs_generate_messages_check_deps_StateCmd
[2.605s] [  0%] Built target _autoware_msgs_generate_messages_check_deps_TrafficLightResult
[2.605s] [  0%] Built target _autoware_msgs_generate_messages_check_deps_ImageRect
[2.605s] [  0%] Built target _autoware_msgs_generate_messages_check_deps_ImageObj
[2.605s] [  0%] Built target _autoware_msgs_generate_messages_check_deps_ObjPose
[2.605s] [  0%] Built target _autoware_msgs_generate_messages_check_deps_IndicatorCmd
[2.605s] [  0%] Built target _autoware_msgs_generate_messages_check_deps_Centroids
[2.605s] [  0%] Built target geometry_msgs_generate_messages_cpp
[2.605s] [  0%] Built target std_msgs_generate_messages_cpp
[2.606s] [  0%] Built target jsk_recognition_msgs_generate_messages_lisp
[2.606s] [  0%] Built target _autoware_msgs_generate_messages_check_deps_Gear
[2.606s] [  0%] Built target jsk_recognition_msgs_generate_messages_cpp
[2.606s] [  0%] Built target _autoware_msgs_generate_messages_check_deps_LaneArray
[2.606s] [  0%] Built target sensor_msgs_generate_messages_cpp
[2.606s] [  0%] Built target _autoware_msgs_generate_messages_check_deps_AccelCmd
[2.606s] [  0%] Built target sensor_msgs_generate_messages_lisp
[2.606s] [  0%] Built target _autoware_msgs_generate_messages_check_deps_VehicleStatus
[2.607s] [  0%] Built target _autoware_msgs_generate_messages_check_deps_ControlCommand
[2.607s] [  0%] Built target _autoware_msgs_generate_messages_check_deps_ScanImage
[2.607s] [  0%] Built target std_msgs_generate_messages_lisp
[2.607s] [  0%] Built target _autoware_msgs_generate_messages_check_deps_Waypoint
[2.607s] [  0%] Built target _autoware_msgs_generate_messages_check_deps_ImageObjects
[2.607s] [  0%] Built target _autoware_msgs_generate_messages_check_deps_BrakeCmd
[2.607s] [  0%] Built target _autoware_msgs_generate_messages_check_deps_CloudCluster
[2.607s] [  0%] Built target _autoware_msgs_generate_messages_check_deps_TunedResult
[2.607s] [  0%] Built target _autoware_msgs_generate_messages_check_deps_SyncTimeDiff
[2.607s] [  0%] Built target _autoware_msgs_generate_messages_check_deps_ImageObjRanged
[2.607s] [  0%] Built target _autoware_msgs_generate_messages_check_deps_VscanTracked
[2.607s] [  0%] Built target _autoware_msgs_generate_messages_check_deps_ControlCommandStamped
[2.607s] [  0%] Built target _autoware_msgs_generate_messages_check_deps_LampCmd
[2.607s] [  0%] Built target _autoware_msgs_generate_messages_check_deps_DetectedObjectArray
[2.607s] [  0%] Built target _autoware_msgs_generate_messages_check_deps_ICPStat
[2.608s] [  0%] Built target _autoware_msgs_generate_messages_check_deps_RecognizeLightState
[2.608s] [  0%] Built target _autoware_msgs_generate_messages_check_deps_WaypointState
[2.608s] [  0%] Built target _autoware_msgs_generate_messages_check_deps_SteerCmd
[2.608s] [  0%] Built target geometry_msgs_generate_messages_eus
[2.608s] [  0%] Built target geometry_msgs_generate_messages_lisp
[2.608s] [  0%] Built target sensor_msgs_generate_messages_eus
[2.609s] [  0%] Built target _autoware_msgs_generate_messages_check_deps_GeometricRectangle
[2.609s] [  0%] Built target _autoware_msgs_generate_messages_check_deps_ObjLabel
[2.610s] [  0%] Built target geometry_msgs_generate_messages_nodejs
[2.610s] [  0%] Built target std_msgs_generate_messages_eus
[2.610s] [  0%] Built target sensor_msgs_generate_messages_nodejs
[2.610s] [  0%] Built target _autoware_msgs_generate_messages_check_deps_Signals
[2.610s] [  0%] Built target std_msgs_generate_messages_nodejs
[2.611s] [  0%] Built target jsk_recognition_msgs_generate_messages_nodejs
[2.611s] [  0%] Built target jsk_recognition_msgs_generate_messages_eus
[2.611s] [ 19%] Built target autoware_msgs_generate_messages_lisp
[2.611s] [ 51%] Built target autoware_msgs_generate_messages_py
[2.611s] [ 70%] Built target autoware_msgs_generate_messages_nodejs
[2.612s] [ 79%] Built target autoware_msgs_generate_messages_cpp
[2.612s] [100%] Built target autoware_msgs_generate_messages_eus
[2.665s] [100%] Built target autoware_msgs_generate_messages
[2.665s] Install the project...
[2.665s] -- Install configuration: "Release"
[2.666s] -- Up-to-date: /home/autoware/Autoware/install/autoware_msgs/share/autoware_msgs/msg/AccelCmd.msg
[2.666s] -- Up-to-date: /home/autoware/Autoware/install/autoware_msgs/share/autoware_msgs/msg/AdjustXY.msg
[2.666s] -- Up-to-date: /home/autoware/Autoware/install/autoware_msgs/share/autoware_msgs/msg/BrakeCmd.msg
[2.666s] -- Up-to-date: /home/autoware/Autoware/install/autoware_msgs/share/autoware_msgs/msg/Centroids.msg
[2.666s] -- Up-to-date: /home/autoware/Autoware/install/autoware_msgs/share/autoware_msgs/msg/CloudCluster.msg
[2.666s] -- Up-to-date: /home/autoware/Autoware/install/autoware_msgs/share/autoware_msgs/msg/CloudClusterArray.msg
[2.667s] -- Up-to-date: /home/autoware/Autoware/install/autoware_msgs/share/autoware_msgs/msg/ColorSet.msg
[2.667s] -- Up-to-date: /home/autoware/Autoware/install/autoware_msgs/share/autoware_msgs/msg/ControlCommand.msg
[2.668s] -- Up-to-date: /home/autoware/Autoware/install/autoware_msgs/share/autoware_msgs/msg/ControlCommandStamped.msg
[2.669s] -- Up-to-date: /home/autoware/Autoware/install/autoware_msgs/share/autoware_msgs/msg/DTLane.msg
[2.670s] -- Up-to-date: /home/autoware/Autoware/install/autoware_msgs/share/autoware_msgs/msg/DetectedObject.msg
[2.670s] -- Up-to-date: /home/autoware/Autoware/install/autoware_msgs/share/autoware_msgs/msg/DetectedObjectArray.msg
[2.670s] -- Up-to-date: /home/autoware/Autoware/install/autoware_msgs/share/autoware_msgs/msg/ExtractedPosition.msg
[2.670s] -- Up-to-date: /home/autoware/Autoware/install/autoware_msgs/share/autoware_msgs/msg/Gear.msg
[2.670s] -- Up-to-date: /home/autoware/Autoware/install/autoware_msgs/share/autoware_msgs/msg/GeometricRectangle.msg
[2.671s] -- Up-to-date: /home/autoware/Autoware/install/autoware_msgs/share/autoware_msgs/msg/ICPStat.msg
[2.671s] -- Up-to-date: /home/autoware/Autoware/install/autoware_msgs/share/autoware_msgs/msg/ImageLaneObjects.msg
[2.671s] -- Up-to-date: /home/autoware/Autoware/install/autoware_msgs/share/autoware_msgs/msg/ImageObj.msg
[2.671s] -- Up-to-date: /home/autoware/Autoware/install/autoware_msgs/share/autoware_msgs/msg/ImageObjRanged.msg
[2.672s] -- Up-to-date: /home/autoware/Autoware/install/autoware_msgs/share/autoware_msgs/msg/ImageObjTracked.msg
[2.672s] -- Up-to-date: /home/autoware/Autoware/install/autoware_msgs/share/autoware_msgs/msg/ImageObjects.msg
[2.672s] -- Up-to-date: /home/autoware/Autoware/install/autoware_msgs/share/autoware_msgs/msg/ImageRect.msg
[2.672s] -- Up-to-date: /home/autoware/Autoware/install/autoware_msgs/share/autoware_msgs/msg/ImageRectRanged.msg
[2.672s] -- Up-to-date: /home/autoware/Autoware/install/autoware_msgs/share/autoware_msgs/msg/IndicatorCmd.msg
[2.672s] -- Up-to-date: /home/autoware/Autoware/install/autoware_msgs/share/autoware_msgs/msg/LampCmd.msg
[2.672s] -- Up-to-date: /home/autoware/Autoware/install/autoware_msgs/share/autoware_msgs/msg/Lane.msg
[2.672s] -- Up-to-date: /home/autoware/Autoware/install/autoware_msgs/share/autoware_msgs/msg/LaneArray.msg
[2.673s] -- Up-to-date: /home/autoware/Autoware/install/autoware_msgs/share/autoware_msgs/msg/NDTStat.msg
[2.673s] -- Up-to-date: /home/autoware/Autoware/install/autoware_msgs/share/autoware_msgs/msg/ObjLabel.msg
[2.673s] -- Up-to-date: /home/autoware/Autoware/install/autoware_msgs/share/autoware_msgs/msg/ObjPose.msg
[2.673s] -- Up-to-date: /home/autoware/Autoware/install/autoware_msgs/share/autoware_msgs/msg/PointsImage.msg
[2.734s] -- Up-to-date: /home/autoware/Autoware/install/autoware_msgs/share/autoware_msgs/msg/ProjectionMatrix.msg
[2.735s] -- Up-to-date: /home/autoware/Autoware/install/autoware_msgs/share/autoware_msgs/msg/RemoteCmd.msg
[2.735s] -- Up-to-date: /home/autoware/Autoware/install/autoware_msgs/share/autoware_msgs/msg/ScanImage.msg
[2.735s] -- Up-to-date: /home/autoware/Autoware/install/autoware_msgs/share/autoware_msgs/msg/Signals.msg
[2.741s] -- Up-to-date: /home/autoware/Autoware/install/autoware_msgs/share/autoware_msgs/msg/State.msg
[2.742s] -- Up-to-date: /home/autoware/Autoware/install/autoware_msgs/share/autoware_msgs/msg/StateCmd.msg
[2.742s] -- Up-to-date: /home/autoware/Autoware/install/autoware_msgs/share/autoware_msgs/msg/SteerCmd.msg
[2.743s] -- Up-to-date: /home/autoware/Autoware/install/autoware_msgs/share/autoware_msgs/msg/SyncTimeDiff.msg
[2.743s] -- Up-to-date: /home/autoware/Autoware/install/autoware_msgs/share/autoware_msgs/msg/SyncTimeMonitor.msg
[2.743s] -- Up-to-date: /home/autoware/Autoware/install/autoware_msgs/share/autoware_msgs/msg/TrafficLight.msg
[2.743s] -- Up-to-date: /home/autoware/Autoware/install/autoware_msgs/share/autoware_msgs/msg/TrafficLightResult.msg
[2.743s] -- Up-to-date: /home/autoware/Autoware/install/autoware_msgs/share/autoware_msgs/msg/TrafficLightResultArray.msg
[2.743s] -- Up-to-date: /home/autoware/Autoware/install/autoware_msgs/share/autoware_msgs/msg/TunedResult.msg
[2.743s] -- Up-to-date: /home/autoware/Autoware/install/autoware_msgs/share/autoware_msgs/msg/ValueSet.msg
[2.743s] -- Up-to-date: /home/autoware/Autoware/install/autoware_msgs/share/autoware_msgs/msg/VehicleCmd.msg
[2.744s] -- Up-to-date: /home/autoware/Autoware/install/autoware_msgs/share/autoware_msgs/msg/VehicleLocation.msg
[2.744s] -- Up-to-date: /home/autoware/Autoware/install/autoware_msgs/share/autoware_msgs/msg/VehicleStatus.msg
[2.744s] -- Up-to-date: /home/autoware/Autoware/install/autoware_msgs/share/autoware_msgs/msg/VscanTracked.msg
[2.744s] -- Up-to-date: /home/autoware/Autoware/install/autoware_msgs/share/autoware_msgs/msg/VscanTrackedArray.msg
[2.744s] -- Up-to-date: /home/autoware/Autoware/install/autoware_msgs/share/autoware_msgs/msg/Waypoint.msg
[2.745s] -- Up-to-date: /home/autoware/Autoware/install/autoware_msgs/share/autoware_msgs/msg/WaypointState.msg
[2.745s] -- Up-to-date: /home/autoware/Autoware/install/autoware_msgs/share/autoware_msgs/srv/RecognizeLightState.srv
[2.745s] -- Up-to-date: /home/autoware/Autoware/install/autoware_msgs/share/autoware_msgs/cmake/autoware_msgs-msg-paths.cmake
[2.745s] -- Up-to-date: /home/autoware/Autoware/install/autoware_msgs/include/autoware_msgs
[2.745s] -- Up-to-date: /home/autoware/Autoware/install/autoware_msgs/include/autoware_msgs/SyncTimeMonitor.h
[2.746s] -- Up-to-date: /home/autoware/Autoware/install/autoware_msgs/include/autoware_msgs/TunedResult.h
[2.746s] -- Up-to-date: /home/autoware/Autoware/install/autoware_msgs/include/autoware_msgs/RecognizeLightStateRequest.h
[2.746s] -- Up-to-date: /home/autoware/Autoware/install/autoware_msgs/include/autoware_msgs/Waypoint.h
[2.746s] -- Up-to-date: /home/autoware/Autoware/install/autoware_msgs/include/autoware_msgs/VehicleCmd.h
[2.746s] -- Up-to-date: /home/autoware/Autoware/install/autoware_msgs/include/autoware_msgs/Gear.h
[2.747s] -- Up-to-date: /home/autoware/Autoware/install/autoware_msgs/include/autoware_msgs/Centroids.h
[2.747s] -- Up-to-date: /home/autoware/Autoware/install/autoware_msgs/include/autoware_msgs/SteerCmd.h
[2.747s] -- Up-to-date: /home/autoware/Autoware/install/autoware_msgs/include/autoware_msgs/ImageRectRanged.h
[2.748s] -- Up-to-date: /home/autoware/Autoware/install/autoware_msgs/include/autoware_msgs/TrafficLightResult.h
[2.748s] -- Up-to-date: /home/autoware/Autoware/install/autoware_msgs/include/autoware_msgs/GeometricRectangle.h
[2.749s] -- Up-to-date: /home/autoware/Autoware/install/autoware_msgs/include/autoware_msgs/RecognizeLightStateResponse.h
[2.749s] -- Up-to-date: /home/autoware/Autoware/install/autoware_msgs/include/autoware_msgs/ControlCommandStamped.h
[2.749s] -- Up-to-date: /home/autoware/Autoware/install/autoware_msgs/include/autoware_msgs/ObjLabel.h
[2.753s] -- Up-to-date: /home/autoware/Autoware/install/autoware_msgs/include/autoware_msgs/LampCmd.h
[2.753s] -- Up-to-date: /home/autoware/Autoware/install/autoware_msgs/include/autoware_msgs/RecognizeLightState.h
[2.753s] -- Up-to-date: /home/autoware/Autoware/install/autoware_msgs/include/autoware_msgs/VehicleLocation.h
[2.753s] -- Up-to-date: /home/autoware/Autoware/install/autoware_msgs/include/autoware_msgs/ImageRect.h
[2.753s] -- Up-to-date: /home/autoware/Autoware/install/autoware_msgs/include/autoware_msgs/ImageObjTracked.h
[2.754s] -- Up-to-date: /home/autoware/Autoware/install/autoware_msgs/include/autoware_msgs/ControlCommand.h
[2.754s] -- Up-to-date: /home/autoware/Autoware/install/autoware_msgs/include/autoware_msgs/VscanTrackedArray.h
[2.790s] -- Up-to-date: /home/autoware/Autoware/install/autoware_msgs/include/autoware_msgs/AdjustXY.h
[2.793s] -- Up-to-date: /home/autoware/Autoware/install/autoware_msgs/include/autoware_msgs/State.h
[2.794s] -- Up-to-date: /home/autoware/Autoware/install/autoware_msgs/include/autoware_msgs/CloudClusterArray.h
[2.794s] -- Up-to-date: /home/autoware/Autoware/install/autoware_msgs/include/autoware_msgs/CloudCluster.h
[2.794s] -- Up-to-date: /home/autoware/Autoware/install/autoware_msgs/include/autoware_msgs/ObjPose.h
[2.794s] -- Up-to-date: /home/autoware/Autoware/install/autoware_msgs/include/autoware_msgs/BrakeCmd.h
[2.794s] -- Up-to-date: /home/autoware/Autoware/install/autoware_msgs/include/autoware_msgs/Lane.h
[2.794s] -- Up-to-date: /home/autoware/Autoware/install/autoware_msgs/include/autoware_msgs/IndicatorCmd.h
[2.795s] -- Up-to-date: /home/autoware/Autoware/install/autoware_msgs/include/autoware_msgs/VscanTracked.h
[2.795s] -- Up-to-date: /home/autoware/Autoware/install/autoware_msgs/include/autoware_msgs/ImageObjRanged.h
[2.795s] -- Up-to-date: /home/autoware/Autoware/install/autoware_msgs/include/autoware_msgs/RemoteCmd.h
[2.795s] -- Up-to-date: /home/autoware/Autoware/install/autoware_msgs/include/autoware_msgs/WaypointState.h
[2.795s] -- Up-to-date: /home/autoware/Autoware/install/autoware_msgs/include/autoware_msgs/TrafficLightResultArray.h
[2.795s] -- Up-to-date: /home/autoware/Autoware/install/autoware_msgs/include/autoware_msgs/StateCmd.h
[2.795s] -- Up-to-date: /home/autoware/Autoware/install/autoware_msgs/include/autoware_msgs/AccelCmd.h
[2.795s] -- Up-to-date: /home/autoware/Autoware/install/autoware_msgs/include/autoware_msgs/ImageObj.h
[2.795s] -- Up-to-date: /home/autoware/Autoware/install/autoware_msgs/include/autoware_msgs/PointsImage.h
[2.796s] -- Up-to-date: /home/autoware/Autoware/install/autoware_msgs/include/autoware_msgs/DTLane.h
[2.796s] -- Up-to-date: /home/autoware/Autoware/install/autoware_msgs/include/autoware_msgs/ScanImage.h
[2.796s] -- Up-to-date: /home/autoware/Autoware/install/autoware_msgs/include/autoware_msgs/DetectedObjectArray.h
[2.796s] -- Up-to-date: /home/autoware/Autoware/install/autoware_msgs/include/autoware_msgs/VehicleStatus.h
[2.796s] -- Up-to-date: /home/autoware/Autoware/install/autoware_msgs/include/autoware_msgs/ValueSet.h
[2.796s] -- Up-to-date: /home/autoware/Autoware/install/autoware_msgs/include/autoware_msgs/ColorSet.h
[2.796s] -- Up-to-date: /home/autoware/Autoware/install/autoware_msgs/include/autoware_msgs/SyncTimeDiff.h
[2.796s] -- Up-to-date: /home/autoware/Autoware/install/autoware_msgs/include/autoware_msgs/ImageLaneObjects.h
[2.796s] -- Up-to-date: /home/autoware/Autoware/install/autoware_msgs/include/autoware_msgs/Signals.h
[2.796s] -- Up-to-date: /home/autoware/Autoware/install/autoware_msgs/include/autoware_msgs/DetectedObject.h
[2.797s] -- Up-to-date: /home/autoware/Autoware/install/autoware_msgs/include/autoware_msgs/LaneArray.h
[2.797s] -- Up-to-date: /home/autoware/Autoware/install/autoware_msgs/include/autoware_msgs/ProjectionMatrix.h
[2.797s] -- Up-to-date: /home/autoware/Autoware/install/autoware_msgs/include/autoware_msgs/NDTStat.h
[2.797s] -- Up-to-date: /home/autoware/Autoware/install/autoware_msgs/include/autoware_msgs/ExtractedPosition.h
[2.797s] -- Up-to-date: /home/autoware/Autoware/install/autoware_msgs/include/autoware_msgs/ICPStat.h
[2.797s] -- Up-to-date: /home/autoware/Autoware/install/autoware_msgs/include/autoware_msgs/TrafficLight.h
[2.797s] -- Up-to-date: /home/autoware/Autoware/install/autoware_msgs/include/autoware_msgs/ImageObjects.h
[2.797s] -- Up-to-date: /home/autoware/Autoware/install/autoware_msgs/share/roseus/ros/autoware_msgs
[2.797s] -- Up-to-date: /home/autoware/Autoware/install/autoware_msgs/share/roseus/ros/autoware_msgs/manifest.l
[2.798s] -- Up-to-date: /home/autoware/Autoware/install/autoware_msgs/share/roseus/ros/autoware_msgs/msg
[2.798s] -- Up-to-date: /home/autoware/Autoware/install/autoware_msgs/share/roseus/ros/autoware_msgs/msg/TrafficLightResultArray.l
[2.798s] -- Up-to-date: /home/autoware/Autoware/install/autoware_msgs/share/roseus/ros/autoware_msgs/msg/NDTStat.l
[2.799s] -- Up-to-date: /home/autoware/Autoware/install/autoware_msgs/share/roseus/ros/autoware_msgs/msg/Gear.l
[2.799s] -- Up-to-date: /home/autoware/Autoware/install/autoware_msgs/share/roseus/ros/autoware_msgs/msg/WaypointState.l
[2.799s] -- Up-to-date: /home/autoware/Autoware/install/autoware_msgs/share/roseus/ros/autoware_msgs/msg/ImageRect.l
[2.799s] -- Up-to-date: /home/autoware/Autoware/install/autoware_msgs/share/roseus/ros/autoware_msgs/msg/ExtractedPosition.l
[2.800s] -- Up-to-date: /home/autoware/Autoware/install/autoware_msgs/share/roseus/ros/autoware_msgs/msg/ICPStat.l
[2.800s] -- Up-to-date: /home/autoware/Autoware/install/autoware_msgs/share/roseus/ros/autoware_msgs/msg/ImageLaneObjects.l
[2.801s] -- Up-to-date: /home/autoware/Autoware/install/autoware_msgs/share/roseus/ros/autoware_msgs/msg/State.l
[2.801s] -- Up-to-date: /home/autoware/Autoware/install/autoware_msgs/share/roseus/ros/autoware_msgs/msg/GeometricRectangle.l
[2.801s] -- Up-to-date: /home/autoware/Autoware/install/autoware_msgs/share/roseus/ros/autoware_msgs/msg/ControlCommand.l
[2.801s] -- Up-to-date: /home/autoware/Autoware/install/autoware_msgs/share/roseus/ros/autoware_msgs/msg/ImageObj.l
[2.802s] -- Up-to-date: /home/autoware/Autoware/install/autoware_msgs/share/roseus/ros/autoware_msgs/msg/BrakeCmd.l
[2.802s] -- Up-to-date: /home/autoware/Autoware/install/autoware_msgs/share/roseus/ros/autoware_msgs/msg/VehicleLocation.l
[2.802s] -- Up-to-date: /home/autoware/Autoware/install/autoware_msgs/share/roseus/ros/autoware_msgs/msg/VehicleCmd.l
[2.802s] -- Up-to-date: /home/autoware/Autoware/install/autoware_msgs/share/roseus/ros/autoware_msgs/msg/DetectedObjectArray.l
[2.802s] -- Up-to-date: /home/autoware/Autoware/install/autoware_msgs/share/roseus/ros/autoware_msgs/msg/Lane.l
[2.802s] -- Up-to-date: /home/autoware/Autoware/install/autoware_msgs/share/roseus/ros/autoware_msgs/msg/LaneArray.l
[2.802s] -- Up-to-date: /home/autoware/Autoware/install/autoware_msgs/share/roseus/ros/autoware_msgs/msg/AccelCmd.l
[2.802s] -- Up-to-date: /home/autoware/Autoware/install/autoware_msgs/share/roseus/ros/autoware_msgs/msg/IndicatorCmd.l
[2.803s] -- Up-to-date: /home/autoware/Autoware/install/autoware_msgs/share/roseus/ros/autoware_msgs/msg/SyncTimeMonitor.l
[2.803s] -- Up-to-date: /home/autoware/Autoware/install/autoware_msgs/share/roseus/ros/autoware_msgs/msg/ValueSet.l
[2.803s] -- Up-to-date: /home/autoware/Autoware/install/autoware_msgs/share/roseus/ros/autoware_msgs/msg/ProjectionMatrix.l
[2.807s] -- Up-to-date: /home/autoware/Autoware/install/autoware_msgs/share/roseus/ros/autoware_msgs/msg/ImageObjTracked.l
[2.807s] -- Up-to-date: /home/autoware/Autoware/install/autoware_msgs/share/roseus/ros/autoware_msgs/msg/ObjPose.l
[2.807s] -- Up-to-date: /home/autoware/Autoware/install/autoware_msgs/share/roseus/ros/autoware_msgs/msg/SyncTimeDiff.l
[2.807s] -- Up-to-date: /home/autoware/Autoware/install/autoware_msgs/share/roseus/ros/autoware_msgs/msg/SteerCmd.l
[2.846s] -- Up-to-date: /home/autoware/Autoware/install/autoware_msgs/share/roseus/ros/autoware_msgs/msg/ImageRectRanged.l
[2.846s] -- Up-to-date: /home/autoware/Autoware/install/autoware_msgs/share/roseus/ros/autoware_msgs/msg/TrafficLightResult.l
[2.846s] -- Up-to-date: /home/autoware/Autoware/install/autoware_msgs/share/roseus/ros/autoware_msgs/msg/TrafficLight.l
[2.846s] -- Up-to-date: /home/autoware/Autoware/install/autoware_msgs/share/roseus/ros/autoware_msgs/msg/TunedResult.l
[2.846s] -- Up-to-date: /home/autoware/Autoware/install/autoware_msgs/share/roseus/ros/autoware_msgs/msg/ControlCommandStamped.l
[2.846s] -- Up-to-date: /home/autoware/Autoware/install/autoware_msgs/share/roseus/ros/autoware_msgs/msg/StateCmd.l
[2.847s] -- Up-to-date: /home/autoware/Autoware/install/autoware_msgs/share/roseus/ros/autoware_msgs/msg/VscanTrackedArray.l
[2.847s] -- Up-to-date: /home/autoware/Autoware/install/autoware_msgs/share/roseus/ros/autoware_msgs/msg/VscanTracked.l
[2.847s] -- Up-to-date: /home/autoware/Autoware/install/autoware_msgs/share/roseus/ros/autoware_msgs/msg/ColorSet.l
[2.847s] -- Up-to-date: /home/autoware/Autoware/install/autoware_msgs/share/roseus/ros/autoware_msgs/msg/AdjustXY.l
[2.847s] -- Up-to-date: /home/autoware/Autoware/install/autoware_msgs/share/roseus/ros/autoware_msgs/msg/CloudCluster.l
[2.847s] -- Up-to-date: /home/autoware/Autoware/install/autoware_msgs/share/roseus/ros/autoware_msgs/msg/DetectedObject.l
[2.847s] -- Up-to-date: /home/autoware/Autoware/install/autoware_msgs/share/roseus/ros/autoware_msgs/msg/Centroids.l
[2.847s] -- Up-to-date: /home/autoware/Autoware/install/autoware_msgs/share/roseus/ros/autoware_msgs/msg/VehicleStatus.l
[2.847s] -- Up-to-date: /home/autoware/Autoware/install/autoware_msgs/share/roseus/ros/autoware_msgs/msg/LampCmd.l
[2.847s] -- Up-to-date: /home/autoware/Autoware/install/autoware_msgs/share/roseus/ros/autoware_msgs/msg/ImageObjects.l
[2.848s] -- Up-to-date: /home/autoware/Autoware/install/autoware_msgs/share/roseus/ros/autoware_msgs/msg/RemoteCmd.l
[2.848s] -- Up-to-date: /home/autoware/Autoware/install/autoware_msgs/share/roseus/ros/autoware_msgs/msg/Waypoint.l
[2.848s] -- Up-to-date: /home/autoware/Autoware/install/autoware_msgs/share/roseus/ros/autoware_msgs/msg/Signals.l
[2.848s] -- Up-to-date: /home/autoware/Autoware/install/autoware_msgs/share/roseus/ros/autoware_msgs/msg/ObjLabel.l
[2.848s] -- Up-to-date: /home/autoware/Autoware/install/autoware_msgs/share/roseus/ros/autoware_msgs/msg/PointsImage.l
[2.848s] -- Up-to-date: /home/autoware/Autoware/install/autoware_msgs/share/roseus/ros/autoware_msgs/msg/CloudClusterArray.l
[2.848s] -- Up-to-date: /home/autoware/Autoware/install/autoware_msgs/share/roseus/ros/autoware_msgs/msg/DTLane.l
[2.849s] -- Up-to-date: /home/autoware/Autoware/install/autoware_msgs/share/roseus/ros/autoware_msgs/msg/ScanImage.l
[2.849s] -- Up-to-date: /home/autoware/Autoware/install/autoware_msgs/share/roseus/ros/autoware_msgs/msg/ImageObjRanged.l
[2.850s] -- Up-to-date: /home/autoware/Autoware/install/autoware_msgs/share/roseus/ros/autoware_msgs/srv
[2.851s] -- Up-to-date: /home/autoware/Autoware/install/autoware_msgs/share/roseus/ros/autoware_msgs/srv/RecognizeLightState.l
[2.851s] -- Up-to-date: /home/autoware/Autoware/install/autoware_msgs/share/common-lisp/ros/autoware_msgs
[2.854s] -- Up-to-date: /home/autoware/Autoware/install/autoware_msgs/share/common-lisp/ros/autoware_msgs/msg
[2.854s] -- Up-to-date: /home/autoware/Autoware/install/autoware_msgs/share/common-lisp/ros/autoware_msgs/msg/ExtractedPosition.lisp
[2.854s] -- Up-to-date: /home/autoware/Autoware/install/autoware_msgs/share/common-lisp/ros/autoware_msgs/msg/_package.lisp
[2.854s] -- Up-to-date: /home/autoware/Autoware/install/autoware_msgs/share/common-lisp/ros/autoware_msgs/msg/BrakeCmd.lisp
[2.854s] -- Up-to-date: /home/autoware/Autoware/install/autoware_msgs/share/common-lisp/ros/autoware_msgs/msg/WaypointState.lisp
[2.855s] -- Up-to-date: /home/autoware/Autoware/install/autoware_msgs/share/common-lisp/ros/autoware_msgs/msg/VehicleLocation.lisp
[2.855s] -- Up-to-date: /home/autoware/Autoware/install/autoware_msgs/share/common-lisp/ros/autoware_msgs/msg/_package_ImageRectRanged.lisp
[2.855s] -- Up-to-date: /home/autoware/Autoware/install/autoware_msgs/share/common-lisp/ros/autoware_msgs/msg/_package_BrakeCmd.lisp
[2.855s] -- Up-to-date: /home/autoware/Autoware/install/autoware_msgs/share/common-lisp/ros/autoware_msgs/msg/VehicleCmd.lisp
[2.855s] -- Up-to-date: /home/autoware/Autoware/install/autoware_msgs/share/common-lisp/ros/autoware_msgs/msg/_package_State.lisp
[2.856s] -- Up-to-date: /home/autoware/Autoware/install/autoware_msgs/share/common-lisp/ros/autoware_msgs/msg/ImageRectRanged.lisp
[2.856s] -- Up-to-date: /home/autoware/Autoware/install/autoware_msgs/share/common-lisp/ros/autoware_msgs/msg/IndicatorCmd.lisp
[2.856s] -- Up-to-date: /home/autoware/Autoware/install/autoware_msgs/share/common-lisp/ros/autoware_msgs/msg/_package_SyncTimeMonitor.lisp
[2.856s] -- Up-to-date: /home/autoware/Autoware/install/autoware_msgs/share/common-lisp/ros/autoware_msgs/msg/_package_ICPStat.lisp
[2.857s] -- Up-to-date: /home/autoware/Autoware/install/autoware_msgs/share/common-lisp/ros/autoware_msgs/msg/CloudCluster.lisp
[2.857s] -- Up-to-date: /home/autoware/Autoware/install/autoware_msgs/share/common-lisp/ros/autoware_msgs/msg/ColorSet.lisp
[2.857s] -- Up-to-date: /home/autoware/Autoware/install/autoware_msgs/share/common-lisp/ros/autoware_msgs/msg/Signals.lisp
[2.858s] -- Up-to-date: /home/autoware/Autoware/install/autoware_msgs/share/common-lisp/ros/autoware_msgs/msg/VehicleStatus.lisp
[2.858s] -- Up-to-date: /home/autoware/Autoware/install/autoware_msgs/share/common-lisp/ros/autoware_msgs/msg/TrafficLight.lisp
[2.858s] -- Up-to-date: /home/autoware/Autoware/install/autoware_msgs/share/common-lisp/ros/autoware_msgs/msg/_package_CloudCluster.lisp
[2.858s] -- Up-to-date: /home/autoware/Autoware/install/autoware_msgs/share/common-lisp/ros/autoware_msgs/msg/_package_Lane.lisp
[2.858s] -- Up-to-date: /home/autoware/Autoware/install/autoware_msgs/share/common-lisp/ros/autoware_msgs/msg/DTLane.lisp
[2.858s] -- Up-to-date: /home/autoware/Autoware/install/autoware_msgs/share/common-lisp/ros/autoware_msgs/msg/AdjustXY.lisp
[2.858s] -- Up-to-date: /home/autoware/Autoware/install/autoware_msgs/share/common-lisp/ros/autoware_msgs/msg/_package_AccelCmd.lisp
[2.859s] -- Up-to-date: /home/autoware/Autoware/install/autoware_msgs/share/common-lisp/ros/autoware_msgs/msg/_package_VehicleStatus.lisp
[2.859s] -- Up-to-date: /home/autoware/Autoware/install/autoware_msgs/share/common-lisp/ros/autoware_msgs/msg/_package_VscanTrackedArray.lisp
[2.859s] -- Up-to-date: /home/autoware/Autoware/install/autoware_msgs/share/common-lisp/ros/autoware_msgs/msg/_package_ValueSet.lisp
[2.861s] -- Up-to-date: /home/autoware/Autoware/install/autoware_msgs/share/common-lisp/ros/autoware_msgs/msg/VscanTrackedArray.lisp
[2.861s] -- Up-to-date: /home/autoware/Autoware/install/autoware_msgs/share/common-lisp/ros/autoware_msgs/msg/LampCmd.lisp
[2.861s] -- Up-to-date: /home/autoware/Autoware/install/autoware_msgs/share/common-lisp/ros/autoware_msgs/msg/SteerCmd.lisp
[2.862s] -- Up-to-date: /home/autoware/Autoware/install/autoware_msgs/share/common-lisp/ros/autoware_msgs/msg/ObjPose.lisp
[2.862s] -- Up-to-date: /home/autoware/Autoware/install/autoware_msgs/share/common-lisp/ros/autoware_msgs/msg/_package_DetectedObjectArray.lisp
[2.863s] -- Up-to-date: /home/autoware/Autoware/install/autoware_msgs/share/common-lisp/ros/autoware_msgs/msg/_package_ImageObjects.lisp
[2.863s] -- Up-to-date: /home/autoware/Autoware/install/autoware_msgs/share/common-lisp/ros/autoware_msgs/msg/ImageObjTracked.lisp
[2.864s] -- Up-to-date: /home/autoware/Autoware/install/autoware_msgs/share/common-lisp/ros/autoware_msgs/msg/VscanTracked.lisp
[2.865s] -- Up-to-date: /home/autoware/Autoware/install/autoware_msgs/share/common-lisp/ros/autoware_msgs/msg/_package_ImageRect.lisp
[2.865s] -- Up-to-date: /home/autoware/Autoware/install/autoware_msgs/share/common-lisp/ros/autoware_msgs/msg/_package_Centroids.lisp
[2.865s] -- Up-to-date: /home/autoware/Autoware/install/autoware_msgs/share/common-lisp/ros/autoware_msgs/msg/DetectedObject.lisp
[2.865s] -- Up-to-date: /home/autoware/Autoware/install/autoware_msgs/share/common-lisp/ros/autoware_msgs/msg/ImageRect.lisp
[2.866s] -- Up-to-date: /home/autoware/Autoware/install/autoware_msgs/share/common-lisp/ros/autoware_msgs/msg/AccelCmd.lisp
[2.866s] -- Up-to-date: /home/autoware/Autoware/install/autoware_msgs/share/common-lisp/ros/autoware_msgs/msg/ControlCommand.lisp
[2.867s] -- Up-to-date: /home/autoware/Autoware/install/autoware_msgs/share/common-lisp/ros/autoware_msgs/msg/_package_TrafficLight.lisp
[2.867s] -- Up-to-date: /home/autoware/Autoware/install/autoware_msgs/share/common-lisp/ros/autoware_msgs/msg/Gear.lisp
[2.867s] -- Up-to-date: /home/autoware/Autoware/install/autoware_msgs/share/common-lisp/ros/autoware_msgs/msg/_package_DetectedObject.lisp
[2.867s] -- Up-to-date: /home/autoware/Autoware/install/autoware_msgs/share/common-lisp/ros/autoware_msgs/msg/ImageLaneObjects.lisp
[2.868s] -- Up-to-date: /home/autoware/Autoware/install/autoware_msgs/share/common-lisp/ros/autoware_msgs/msg/_package_CloudClusterArray.lisp
[2.868s] -- Up-to-date: /home/autoware/Autoware/install/autoware_msgs/share/common-lisp/ros/autoware_msgs/msg/_package_TunedResult.lisp
[2.868s] -- Up-to-date: /home/autoware/Autoware/install/autoware_msgs/share/common-lisp/ros/autoware_msgs/msg/Lane.lisp
[2.868s] -- Up-to-date: /home/autoware/Autoware/install/autoware_msgs/share/common-lisp/ros/autoware_msgs/msg/ProjectionMatrix.lisp
[2.868s] -- Up-to-date: /home/autoware/Autoware/install/autoware_msgs/share/common-lisp/ros/autoware_msgs/msg/PointsImage.lisp
[2.869s] -- Up-to-date: /home/autoware/Autoware/install/autoware_msgs/share/common-lisp/ros/autoware_msgs/msg/_package_GeometricRectangle.lisp
[2.870s] -- Up-to-date: /home/autoware/Autoware/install/autoware_msgs/share/common-lisp/ros/autoware_msgs/msg/State.lisp
[2.912s] -- Up-to-date: /home/autoware/Autoware/install/autoware_msgs/share/common-lisp/ros/autoware_msgs/msg/_package_Signals.lisp
[2.913s] -- Up-to-date: /home/autoware/Autoware/install/autoware_msgs/share/common-lisp/ros/autoware_msgs/msg/CloudClusterArray.lisp
[2.913s] -- Up-to-date: /home/autoware/Autoware/install/autoware_msgs/share/common-lisp/ros/autoware_msgs/msg/StateCmd.lisp
[2.913s] -- Up-to-date: /home/autoware/Autoware/install/autoware_msgs/share/common-lisp/ros/autoware_msgs/msg/SyncTimeMonitor.lisp
[2.914s] -- Up-to-date: /home/autoware/Autoware/install/autoware_msgs/share/common-lisp/ros/autoware_msgs/msg/_package_LaneArray.lisp
[2.914s] -- Up-to-date: /home/autoware/Autoware/install/autoware_msgs/share/common-lisp/ros/autoware_msgs/msg/NDTStat.lisp
[2.914s] -- Up-to-date: /home/autoware/Autoware/install/autoware_msgs/share/common-lisp/ros/autoware_msgs/msg/_package_IndicatorCmd.lisp
[2.914s] -- Up-to-date: /home/autoware/Autoware/install/autoware_msgs/share/common-lisp/ros/autoware_msgs/msg/TunedResult.lisp
[2.914s] -- Up-to-date: /home/autoware/Autoware/install/autoware_msgs/share/common-lisp/ros/autoware_msgs/msg/_package_ControlCommand.lisp
[2.914s] -- Up-to-date: /home/autoware/Autoware/install/autoware_msgs/share/common-lisp/ros/autoware_msgs/msg/_package_ProjectionMatrix.lisp
[2.915s] -- Up-to-date: /home/autoware/Autoware/install/autoware_msgs/share/common-lisp/ros/autoware_msgs/msg/TrafficLightResult.lisp
[2.915s] -- Up-to-date: /home/autoware/Autoware/install/autoware_msgs/share/common-lisp/ros/autoware_msgs/msg/_package_ImageObj.lisp
[2.915s] -- Up-to-date: /home/autoware/Autoware/install/autoware_msgs/share/common-lisp/ros/autoware_msgs/msg/autoware_msgs-msg.asd
[2.915s] -- Up-to-date: /home/autoware/Autoware/install/autoware_msgs/share/common-lisp/ros/autoware_msgs/msg/RemoteCmd.lisp
[2.915s] -- Up-to-date: /home/autoware/Autoware/install/autoware_msgs/share/common-lisp/ros/autoware_msgs/msg/_package_AdjustXY.lisp
[2.915s] -- Up-to-date: /home/autoware/Autoware/install/autoware_msgs/share/common-lisp/ros/autoware_msgs/msg/_package_VehicleCmd.lisp
[2.915s] -- Up-to-date: /home/autoware/Autoware/install/autoware_msgs/share/common-lisp/ros/autoware_msgs/msg/_package_TrafficLightResult.lisp
[2.915s] -- Up-to-date: /home/autoware/Autoware/install/autoware_msgs/share/common-lisp/ros/autoware_msgs/msg/_package_NDTStat.lisp
[2.915s] -- Up-to-date: /home/autoware/Autoware/install/autoware_msgs/share/common-lisp/ros/autoware_msgs/msg/ImageObj.lisp
[2.920s] -- Up-to-date: /home/autoware/Autoware/install/autoware_msgs/share/common-lisp/ros/autoware_msgs/msg/_package_ColorSet.lisp
[2.922s] -- Up-to-date: /home/autoware/Autoware/install/autoware_msgs/share/common-lisp/ros/autoware_msgs/msg/ScanImage.lisp
[2.922s] -- Up-to-date: /home/autoware/Autoware/install/autoware_msgs/share/common-lisp/ros/autoware_msgs/msg/_package_ObjLabel.lisp
[2.922s] -- Up-to-date: /home/autoware/Autoware/install/autoware_msgs/share/common-lisp/ros/autoware_msgs/msg/_package_Gear.lisp
[2.922s] -- Up-to-date: /home/autoware/Autoware/install/autoware_msgs/share/common-lisp/ros/autoware_msgs/msg/ICPStat.lisp
[2.922s] -- Up-to-date: /home/autoware/Autoware/install/autoware_msgs/share/common-lisp/ros/autoware_msgs/msg/_package_ImageObjTracked.lisp
[2.922s] -- Up-to-date: /home/autoware/Autoware/install/autoware_msgs/share/common-lisp/ros/autoware_msgs/msg/_package_ObjPose.lisp
[2.922s] -- Up-to-date: /home/autoware/Autoware/install/autoware_msgs/share/common-lisp/ros/autoware_msgs/msg/_package_RemoteCmd.lisp
[2.923s] -- Up-to-date: /home/autoware/Autoware/install/autoware_msgs/share/common-lisp/ros/autoware_msgs/msg/GeometricRectangle.lisp
[2.923s] -- Up-to-date: /home/autoware/Autoware/install/autoware_msgs/share/common-lisp/ros/autoware_msgs/msg/DetectedObjectArray.lisp
[2.923s] -- Up-to-date: /home/autoware/Autoware/install/autoware_msgs/share/common-lisp/ros/autoware_msgs/msg/_package_ImageObjRanged.lisp
[2.923s] -- Up-to-date: /home/autoware/Autoware/install/autoware_msgs/share/common-lisp/ros/autoware_msgs/msg/LaneArray.lisp
[2.923s] -- Up-to-date: /home/autoware/Autoware/install/autoware_msgs/share/common-lisp/ros/autoware_msgs/msg/_package_ImageLaneObjects.lisp
[2.923s] -- Up-to-date: /home/autoware/Autoware/install/autoware_msgs/share/common-lisp/ros/autoware_msgs/msg/_package_PointsImage.lisp
[2.923s] -- Up-to-date: /home/autoware/Autoware/install/autoware_msgs/share/common-lisp/ros/autoware_msgs/msg/SyncTimeDiff.lisp
[2.923s] -- Up-to-date: /home/autoware/Autoware/install/autoware_msgs/share/common-lisp/ros/autoware_msgs/msg/_package_TrafficLightResultArray.lisp
[2.923s] -- Up-to-date: /home/autoware/Autoware/install/autoware_msgs/share/common-lisp/ros/autoware_msgs/msg/ImageObjRanged.lisp
[2.924s] -- Up-to-date: /home/autoware/Autoware/install/autoware_msgs/share/common-lisp/ros/autoware_msgs/msg/ImageObjects.lisp
[2.924s] -- Up-to-date: /home/autoware/Autoware/install/autoware_msgs/share/common-lisp/ros/autoware_msgs/msg/_package_DTLane.lisp
[2.924s] -- Up-to-date: /home/autoware/Autoware/install/autoware_msgs/share/common-lisp/ros/autoware_msgs/msg/_package_VehicleLocation.lisp
[2.924s] -- Up-to-date: /home/autoware/Autoware/install/autoware_msgs/share/common-lisp/ros/autoware_msgs/msg/_package_StateCmd.lisp
[2.924s] -- Up-to-date: /home/autoware/Autoware/install/autoware_msgs/share/common-lisp/ros/autoware_msgs/msg/ValueSet.lisp
[2.924s] -- Up-to-date: /home/autoware/Autoware/install/autoware_msgs/share/common-lisp/ros/autoware_msgs/msg/_package_Waypoint.lisp
[2.926s] -- Up-to-date: /home/autoware/Autoware/install/autoware_msgs/share/common-lisp/ros/autoware_msgs/msg/_package_LampCmd.lisp
[2.927s] -- Up-to-date: /home/autoware/Autoware/install/autoware_msgs/share/common-lisp/ros/autoware_msgs/msg/ControlCommandStamped.lisp
[2.927s] -- Up-to-date: /home/autoware/Autoware/install/autoware_msgs/share/common-lisp/ros/autoware_msgs/msg/_package_ExtractedPosition.lisp
[2.930s] -- Up-to-date: /home/autoware/Autoware/install/autoware_msgs/share/common-lisp/ros/autoware_msgs/msg/_package_WaypointState.lisp
[2.930s] -- Up-to-date: /home/autoware/Autoware/install/autoware_msgs/share/common-lisp/ros/autoware_msgs/msg/_package_SyncTimeDiff.lisp
[2.931s] -- Up-to-date: /home/autoware/Autoware/install/autoware_msgs/share/common-lisp/ros/autoware_msgs/msg/ObjLabel.lisp
[2.931s] -- Up-to-date: /home/autoware/Autoware/install/autoware_msgs/share/common-lisp/ros/autoware_msgs/msg/_package_ControlCommandStamped.lisp
[2.931s] -- Up-to-date: /home/autoware/Autoware/install/autoware_msgs/share/common-lisp/ros/autoware_msgs/msg/TrafficLightResultArray.lisp
[2.931s] -- Up-to-date: /home/autoware/Autoware/install/autoware_msgs/share/common-lisp/ros/autoware_msgs/msg/_package_SteerCmd.lisp
[2.931s] -- Up-to-date: /home/autoware/Autoware/install/autoware_msgs/share/common-lisp/ros/autoware_msgs/msg/_package_VscanTracked.lisp
[2.931s] -- Up-to-date: /home/autoware/Autoware/install/autoware_msgs/share/common-lisp/ros/autoware_msgs/msg/Waypoint.lisp
[2.931s] -- Up-to-date: /home/autoware/Autoware/install/autoware_msgs/share/common-lisp/ros/autoware_msgs/msg/Centroids.lisp
[2.931s] -- Up-to-date: /home/autoware/Autoware/install/autoware_msgs/share/common-lisp/ros/autoware_msgs/msg/_package_ScanImage.lisp
[2.931s] -- Up-to-date: /home/autoware/Autoware/install/autoware_msgs/share/common-lisp/ros/autoware_msgs/srv
[2.931s] -- Up-to-date: /home/autoware/Autoware/install/autoware_msgs/share/common-lisp/ros/autoware_msgs/srv/_package.lisp
[2.932s] -- Up-to-date: /home/autoware/Autoware/install/autoware_msgs/share/common-lisp/ros/autoware_msgs/srv/autoware_msgs-srv.asd
[2.932s] -- Up-to-date: /home/autoware/Autoware/install/autoware_msgs/share/common-lisp/ros/autoware_msgs/srv/RecognizeLightState.lisp
[2.932s] -- Up-to-date: /home/autoware/Autoware/install/autoware_msgs/share/common-lisp/ros/autoware_msgs/srv/_package_RecognizeLightState.lisp
[2.932s] -- Up-to-date: /home/autoware/Autoware/install/autoware_msgs/share/gennodejs/ros/autoware_msgs
[2.932s] -- Up-to-date: /home/autoware/Autoware/install/autoware_msgs/share/gennodejs/ros/autoware_msgs/msg
[2.932s] -- Up-to-date: /home/autoware/Autoware/install/autoware_msgs/share/gennodejs/ros/autoware_msgs/msg/Waypoint.js
[2.932s] -- Up-to-date: /home/autoware/Autoware/install/autoware_msgs/share/gennodejs/ros/autoware_msgs/msg/ObjPose.js
[2.932s] -- Up-to-date: /home/autoware/Autoware/install/autoware_msgs/share/gennodejs/ros/autoware_msgs/msg/GeometricRectangle.js
[2.932s] -- Up-to-date: /home/autoware/Autoware/install/autoware_msgs/share/gennodejs/ros/autoware_msgs/msg/ImageObjects.js
[2.932s] -- Up-to-date: /home/autoware/Autoware/install/autoware_msgs/share/gennodejs/ros/autoware_msgs/msg/TrafficLightResult.js
[2.932s] -- Up-to-date: /home/autoware/Autoware/install/autoware_msgs/share/gennodejs/ros/autoware_msgs/msg/DetectedObjectArray.js
[2.933s] -- Up-to-date: /home/autoware/Autoware/install/autoware_msgs/share/gennodejs/ros/autoware_msgs/msg/AccelCmd.js
[2.946s] -- Up-to-date: /home/autoware/Autoware/install/autoware_msgs/share/gennodejs/ros/autoware_msgs/msg/Gear.js
[2.949s] -- Up-to-date: /home/autoware/Autoware/install/autoware_msgs/share/gennodejs/ros/autoware_msgs/msg/AdjustXY.js
[2.949s] -- Up-to-date: /home/autoware/Autoware/install/autoware_msgs/share/gennodejs/ros/autoware_msgs/msg/TunedResult.js
[2.949s] -- Up-to-date: /home/autoware/Autoware/install/autoware_msgs/share/gennodejs/ros/autoware_msgs/msg/StateCmd.js
[2.950s] -- Up-to-date: /home/autoware/Autoware/install/autoware_msgs/share/gennodejs/ros/autoware_msgs/msg/SyncTimeDiff.js
[2.950s] -- Up-to-date: /home/autoware/Autoware/install/autoware_msgs/share/gennodejs/ros/autoware_msgs/msg/ProjectionMatrix.js
[2.950s] -- Up-to-date: /home/autoware/Autoware/install/autoware_msgs/share/gennodejs/ros/autoware_msgs/msg/ImageRectRanged.js
[2.950s] -- Up-to-date: /home/autoware/Autoware/install/autoware_msgs/share/gennodejs/ros/autoware_msgs/msg/IndicatorCmd.js
[2.950s] -- Up-to-date: /home/autoware/Autoware/install/autoware_msgs/share/gennodejs/ros/autoware_msgs/msg/CloudCluster.js
[2.950s] -- Up-to-date: /home/autoware/Autoware/install/autoware_msgs/share/gennodejs/ros/autoware_msgs/msg/LaneArray.js
[2.950s] -- Up-to-date: /home/autoware/Autoware/install/autoware_msgs/share/gennodejs/ros/autoware_msgs/msg/ValueSet.js
[2.950s] -- Up-to-date: /home/autoware/Autoware/install/autoware_msgs/share/gennodejs/ros/autoware_msgs/msg/ImageObjTracked.js
[2.950s] -- Up-to-date: /home/autoware/Autoware/install/autoware_msgs/share/gennodejs/ros/autoware_msgs/msg/SyncTimeMonitor.js
[2.950s] -- Up-to-date: /home/autoware/Autoware/install/autoware_msgs/share/gennodejs/ros/autoware_msgs/msg/NDTStat.js
[2.950s] -- Up-to-date: /home/autoware/Autoware/install/autoware_msgs/share/gennodejs/ros/autoware_msgs/msg/ICPStat.js
[2.951s] -- Up-to-date: /home/autoware/Autoware/install/autoware_msgs/share/gennodejs/ros/autoware_msgs/msg/ExtractedPosition.js
[2.951s] -- Up-to-date: /home/autoware/Autoware/install/autoware_msgs/share/gennodejs/ros/autoware_msgs/msg/ImageObjRanged.js
[2.951s] -- Up-to-date: /home/autoware/Autoware/install/autoware_msgs/share/gennodejs/ros/autoware_msgs/msg/VehicleCmd.js
[2.951s] -- Up-to-date: /home/autoware/Autoware/install/autoware_msgs/share/gennodejs/ros/autoware_msgs/msg/RemoteCmd.js
[2.951s] -- Up-to-date: /home/autoware/Autoware/install/autoware_msgs/share/gennodejs/ros/autoware_msgs/msg/Signals.js
[2.951s] -- Up-to-date: /home/autoware/Autoware/install/autoware_msgs/share/gennodejs/ros/autoware_msgs/msg/ControlCommand.js
[2.951s] -- Up-to-date: /home/autoware/Autoware/install/autoware_msgs/share/gennodejs/ros/autoware_msgs/msg/VscanTracked.js
[2.951s] -- Up-to-date: /home/autoware/Autoware/install/autoware_msgs/share/gennodejs/ros/autoware_msgs/msg/CloudClusterArray.js
[2.951s] -- Up-to-date: /home/autoware/Autoware/install/autoware_msgs/share/gennodejs/ros/autoware_msgs/msg/Centroids.js
[2.951s] -- Up-to-date: /home/autoware/Autoware/install/autoware_msgs/share/gennodejs/ros/autoware_msgs/msg/TrafficLightResultArray.js
[2.951s] -- Up-to-date: /home/autoware/Autoware/install/autoware_msgs/share/gennodejs/ros/autoware_msgs/msg/VehicleLocation.js
[2.951s] -- Up-to-date: /home/autoware/Autoware/install/autoware_msgs/share/gennodejs/ros/autoware_msgs/msg/ImageRect.js
[2.951s] -- Up-to-date: /home/autoware/Autoware/install/autoware_msgs/share/gennodejs/ros/autoware_msgs/msg/ControlCommandStamped.js
[2.951s] -- Up-to-date: /home/autoware/Autoware/install/autoware_msgs/share/gennodejs/ros/autoware_msgs/msg/WaypointState.js
[2.952s] -- Up-to-date: /home/autoware/Autoware/install/autoware_msgs/share/gennodejs/ros/autoware_msgs/msg/VehicleStatus.js
[2.952s] -- Up-to-date: /home/autoware/Autoware/install/autoware_msgs/share/gennodejs/ros/autoware_msgs/msg/ColorSet.js
[2.952s] -- Up-to-date: /home/autoware/Autoware/install/autoware_msgs/share/gennodejs/ros/autoware_msgs/msg/BrakeCmd.js
[2.952s] -- Up-to-date: /home/autoware/Autoware/install/autoware_msgs/share/gennodejs/ros/autoware_msgs/msg/TrafficLight.js
[2.952s] -- Up-to-date: /home/autoware/Autoware/install/autoware_msgs/share/gennodejs/ros/autoware_msgs/msg/ImageLaneObjects.js
[2.952s] -- Up-to-date: /home/autoware/Autoware/install/autoware_msgs/share/gennodejs/ros/autoware_msgs/msg/DTLane.js
[2.952s] -- Up-to-date: /home/autoware/Autoware/install/autoware_msgs/share/gennodejs/ros/autoware_msgs/msg/ScanImage.js
[2.952s] -- Up-to-date: /home/autoware/Autoware/install/autoware_msgs/share/gennodejs/ros/autoware_msgs/msg/ObjLabel.js
[2.952s] -- Up-to-date: /home/autoware/Autoware/install/autoware_msgs/share/gennodejs/ros/autoware_msgs/msg/DetectedObject.js
[2.952s] -- Up-to-date: /home/autoware/Autoware/install/autoware_msgs/share/gennodejs/ros/autoware_msgs/msg/VscanTrackedArray.js
[2.953s] -- Up-to-date: /home/autoware/Autoware/install/autoware_msgs/share/gennodejs/ros/autoware_msgs/msg/PointsImage.js
[2.953s] -- Up-to-date: /home/autoware/Autoware/install/autoware_msgs/share/gennodejs/ros/autoware_msgs/msg/SteerCmd.js
[2.954s] -- Up-to-date: /home/autoware/Autoware/install/autoware_msgs/share/gennodejs/ros/autoware_msgs/msg/LampCmd.js
[2.955s] -- Up-to-date: /home/autoware/Autoware/install/autoware_msgs/share/gennodejs/ros/autoware_msgs/msg/_index.js
[2.956s] -- Up-to-date: /home/autoware/Autoware/install/autoware_msgs/share/gennodejs/ros/autoware_msgs/msg/State.js
[2.956s] -- Up-to-date: /home/autoware/Autoware/install/autoware_msgs/share/gennodejs/ros/autoware_msgs/msg/Lane.js
[2.956s] -- Up-to-date: /home/autoware/Autoware/install/autoware_msgs/share/gennodejs/ros/autoware_msgs/msg/ImageObj.js
[2.956s] -- Up-to-date: /home/autoware/Autoware/install/autoware_msgs/share/gennodejs/ros/autoware_msgs/_index.js
[2.956s] -- Up-to-date: /home/autoware/Autoware/install/autoware_msgs/share/gennodejs/ros/autoware_msgs/srv
[2.957s] -- Up-to-date: /home/autoware/Autoware/install/autoware_msgs/share/gennodejs/ros/autoware_msgs/srv/RecognizeLightState.js
[2.957s] -- Up-to-date: /home/autoware/Autoware/install/autoware_msgs/share/gennodejs/ros/autoware_msgs/srv/_index.js
[3.057s] Listing /home/autoware/Autoware/build/autoware_msgs/devel/lib/python2.7/dist-packages/autoware_msgs ...
[3.057s] Listing /home/autoware/Autoware/build/autoware_msgs/devel/lib/python2.7/dist-packages/autoware_msgs/msg ...
[3.057s] Listing /home/autoware/Autoware/build/autoware_msgs/devel/lib/python2.7/dist-packages/autoware_msgs/srv ...
[3.057s] -- Up-to-date: /home/autoware/Autoware/install/autoware_msgs/lib/python2.7/dist-packages/autoware_msgs
[3.057s] -- Up-to-date: /home/autoware/Autoware/install/autoware_msgs/lib/python2.7/dist-packages/autoware_msgs/__init__.py
[3.058s] -- Up-to-date: /home/autoware/Autoware/install/autoware_msgs/lib/python2.7/dist-packages/autoware_msgs/msg
[3.058s] -- Up-to-date: /home/autoware/Autoware/install/autoware_msgs/lib/python2.7/dist-packages/autoware_msgs/msg/_ICPStat.py
[3.058s] -- Up-to-date: /home/autoware/Autoware/install/autoware_msgs/lib/python2.7/dist-packages/autoware_msgs/msg/_Centroids.py
[3.058s] -- Up-to-date: /home/autoware/Autoware/install/autoware_msgs/lib/python2.7/dist-packages/autoware_msgs/msg/_BrakeCmd.py
[3.058s] -- Up-to-date: /home/autoware/Autoware/install/autoware_msgs/lib/python2.7/dist-packages/autoware_msgs/msg/_ControlCommandStamped.pyc
[3.058s] -- Up-to-date: /home/autoware/Autoware/install/autoware_msgs/lib/python2.7/dist-packages/autoware_msgs/msg/_CloudCluster.py
[3.058s] -- Up-to-date: /home/autoware/Autoware/install/autoware_msgs/lib/python2.7/dist-packages/autoware_msgs/msg/__init__.py
[3.058s] -- Up-to-date: /home/autoware/Autoware/install/autoware_msgs/lib/python2.7/dist-packages/autoware_msgs/msg/_ControlCommand.pyc
[3.058s] -- Up-to-date: /home/autoware/Autoware/install/autoware_msgs/lib/python2.7/dist-packages/autoware_msgs/msg/_BrakeCmd.pyc
[3.058s] -- Up-to-date: /home/autoware/Autoware/install/autoware_msgs/lib/python2.7/dist-packages/autoware_msgs/msg/_Waypoint.pyc
[3.058s] -- Up-to-date: /home/autoware/Autoware/install/autoware_msgs/lib/python2.7/dist-packages/autoware_msgs/msg/_NDTStat.py
[3.058s] -- Up-to-date: /home/autoware/Autoware/install/autoware_msgs/lib/python2.7/dist-packages/autoware_msgs/msg/_VscanTracked.pyc
[3.058s] -- Up-to-date: /home/autoware/Autoware/install/autoware_msgs/lib/python2.7/dist-packages/autoware_msgs/msg/_ImageObjRanged.pyc
[3.059s] -- Up-to-date: /home/autoware/Autoware/install/autoware_msgs/lib/python2.7/dist-packages/autoware_msgs/msg/_AdjustXY.pyc
[3.059s] -- Up-to-date: /home/autoware/Autoware/install/autoware_msgs/lib/python2.7/dist-packages/autoware_msgs/msg/_IndicatorCmd.py
[3.059s] -- Up-to-date: /home/autoware/Autoware/install/autoware_msgs/lib/python2.7/dist-packages/autoware_msgs/msg/_LampCmd.py
[3.059s] -- Up-to-date: /home/autoware/Autoware/install/autoware_msgs/lib/python2.7/dist-packages/autoware_msgs/msg/_SyncTimeMonitor.pyc
[3.059s] -- Up-to-date: /home/autoware/Autoware/install/autoware_msgs/lib/python2.7/dist-packages/autoware_msgs/msg/_StateCmd.pyc
[3.059s] -- Up-to-date: /home/autoware/Autoware/install/autoware_msgs/lib/python2.7/dist-packages/autoware_msgs/msg/_ImageObj.py
[3.059s] -- Up-to-date: /home/autoware/Autoware/install/autoware_msgs/lib/python2.7/dist-packages/autoware_msgs/msg/_ImageObjects.py
[3.059s] -- Up-to-date: /home/autoware/Autoware/install/autoware_msgs/lib/python2.7/dist-packages/autoware_msgs/msg/_ImageLaneObjects.py
[3.059s] -- Up-to-date: /home/autoware/Autoware/install/autoware_msgs/lib/python2.7/dist-packages/autoware_msgs/msg/_DetectedObject.pyc
[3.059s] -- Up-to-date: /home/autoware/Autoware/install/autoware_msgs/lib/python2.7/dist-packages/autoware_msgs/msg/_State.py
[3.059s] -- Up-to-date: /home/autoware/Autoware/install/autoware_msgs/lib/python2.7/dist-packages/autoware_msgs/msg/_ObjPose.py
[3.059s] -- Up-to-date: /home/autoware/Autoware/install/autoware_msgs/lib/python2.7/dist-packages/autoware_msgs/msg/_ImageRect.pyc
[3.059s] -- Up-to-date: /home/autoware/Autoware/install/autoware_msgs/lib/python2.7/dist-packages/autoware_msgs/msg/_DTLane.py
[3.060s] -- Up-to-date: /home/autoware/Autoware/install/autoware_msgs/lib/python2.7/dist-packages/autoware_msgs/msg/_Lane.pyc
[3.060s] -- Up-to-date: /home/autoware/Autoware/install/autoware_msgs/lib/python2.7/dist-packages/autoware_msgs/msg/_ImageRectRanged.py
[3.060s] -- Up-to-date: /home/autoware/Autoware/install/autoware_msgs/lib/python2.7/dist-packages/autoware_msgs/msg/_RemoteCmd.pyc
[3.060s] -- Up-to-date: /home/autoware/Autoware/install/autoware_msgs/lib/python2.7/dist-packages/autoware_msgs/msg/_ProjectionMatrix.pyc
[3.060s] -- Up-to-date: /home/autoware/Autoware/install/autoware_msgs/lib/python2.7/dist-packages/autoware_msgs/msg/_ImageObjects.pyc
[3.060s] -- Up-to-date: /home/autoware/Autoware/install/autoware_msgs/lib/python2.7/dist-packages/autoware_msgs/msg/_DTLane.pyc
[3.060s] -- Up-to-date: /home/autoware/Autoware/install/autoware_msgs/lib/python2.7/dist-packages/autoware_msgs/msg/_VehicleStatus.pyc
[3.060s] -- Up-to-date: /home/autoware/Autoware/install/autoware_msgs/lib/python2.7/dist-packages/autoware_msgs/msg/_DetectedObject.py
[3.060s] -- Up-to-date: /home/autoware/Autoware/install/autoware_msgs/lib/python2.7/dist-packages/autoware_msgs/msg/_NDTStat.pyc
[3.060s] -- Up-to-date: /home/autoware/Autoware/install/autoware_msgs/lib/python2.7/dist-packages/autoware_msgs/msg/_WaypointState.pyc
[3.060s] -- Up-to-date: /home/autoware/Autoware/install/autoware_msgs/lib/python2.7/dist-packages/autoware_msgs/msg/_LampCmd.pyc
[3.061s] -- Up-to-date: /home/autoware/Autoware/install/autoware_msgs/lib/python2.7/dist-packages/autoware_msgs/msg/_Gear.pyc
[3.061s] -- Up-to-date: /home/autoware/Autoware/install/autoware_msgs/lib/python2.7/dist-packages/autoware_msgs/msg/_RemoteCmd.py
[3.061s] -- Up-to-date: /home/autoware/Autoware/install/autoware_msgs/lib/python2.7/dist-packages/autoware_msgs/msg/_ObjLabel.py
[3.061s] -- Up-to-date: /home/autoware/Autoware/install/autoware_msgs/lib/python2.7/dist-packages/autoware_msgs/msg/_Signals.pyc
[3.061s] -- Up-to-date: /home/autoware/Autoware/install/autoware_msgs/lib/python2.7/dist-packages/autoware_msgs/msg/_VscanTrackedArray.py
[3.061s] -- Up-to-date: /home/autoware/Autoware/install/autoware_msgs/lib/python2.7/dist-packages/autoware_msgs/msg/_TrafficLight.py
[3.061s] -- Up-to-date: /home/autoware/Autoware/install/autoware_msgs/lib/python2.7/dist-packages/autoware_msgs/msg/_GeometricRectangle.py
[3.061s] -- Up-to-date: /home/autoware/Autoware/install/autoware_msgs/lib/python2.7/dist-packages/autoware_msgs/msg/_TrafficLightResultArray.pyc
[3.061s] -- Up-to-date: /home/autoware/Autoware/install/autoware_msgs/lib/python2.7/dist-packages/autoware_msgs/msg/_VehicleLocation.pyc
[3.061s] -- Up-to-date: /home/autoware/Autoware/install/autoware_msgs/lib/python2.7/dist-packages/autoware_msgs/msg/_ScanImage.pyc
[3.061s] -- Up-to-date: /home/autoware/Autoware/install/autoware_msgs/lib/python2.7/dist-packages/autoware_msgs/msg/_Signals.py
[3.061s] -- Up-to-date: /home/autoware/Autoware/install/autoware_msgs/lib/python2.7/dist-packages/autoware_msgs/msg/_ExtractedPosition.py
[3.062s] -- Up-to-date: /home/autoware/Autoware/install/autoware_msgs/lib/python2.7/dist-packages/autoware_msgs/msg/_VehicleLocation.py
[3.062s] -- Up-to-date: /home/autoware/Autoware/install/autoware_msgs/lib/python2.7/dist-packages/autoware_msgs/msg/_SyncTimeDiff.py
[3.062s] -- Up-to-date: /home/autoware/Autoware/install/autoware_msgs/lib/python2.7/dist-packages/autoware_msgs/msg/_VehicleCmd.pyc
[3.062s] -- Up-to-date: /home/autoware/Autoware/install/autoware_msgs/lib/python2.7/dist-packages/autoware_msgs/msg/_AccelCmd.py
[3.062s] -- Up-to-date: /home/autoware/Autoware/install/autoware_msgs/lib/python2.7/dist-packages/autoware_msgs/msg/_ObjLabel.pyc
[3.062s] -- Up-to-date: /home/autoware/Autoware/install/autoware_msgs/lib/python2.7/dist-packages/autoware_msgs/msg/_DetectedObjectArray.py
[3.062s] -- Up-to-date: /home/autoware/Autoware/install/autoware_msgs/lib/python2.7/dist-packages/autoware_msgs/msg/_SyncTimeDiff.pyc
[3.062s] -- Up-to-date: /home/autoware/Autoware/install/autoware_msgs/lib/python2.7/dist-packages/autoware_msgs/msg/_State.pyc
[3.062s] -- Up-to-date: /home/autoware/Autoware/install/autoware_msgs/lib/python2.7/dist-packages/autoware_msgs/msg/_Gear.py
[3.062s] -- Up-to-date: /home/autoware/Autoware/install/autoware_msgs/lib/python2.7/dist-packages/autoware_msgs/msg/_Lane.py
[3.062s] -- Up-to-date: /home/autoware/Autoware/install/autoware_msgs/lib/python2.7/dist-packages/autoware_msgs/msg/_AdjustXY.py
[3.062s] -- Up-to-date: /home/autoware/Autoware/install/autoware_msgs/lib/python2.7/dist-packages/autoware_msgs/msg/_ICPStat.pyc
[3.063s] -- Up-to-date: /home/autoware/Autoware/install/autoware_msgs/lib/python2.7/dist-packages/autoware_msgs/msg/_IndicatorCmd.pyc
[3.063s] -- Up-to-date: /home/autoware/Autoware/install/autoware_msgs/lib/python2.7/dist-packages/autoware_msgs/msg/_TrafficLight.pyc
[3.063s] -- Up-to-date: /home/autoware/Autoware/install/autoware_msgs/lib/python2.7/dist-packages/autoware_msgs/msg/_TrafficLightResult.pyc
[3.063s] -- Up-to-date: /home/autoware/Autoware/install/autoware_msgs/lib/python2.7/dist-packages/autoware_msgs/msg/_VehicleStatus.py
[3.063s] -- Up-to-date: /home/autoware/Autoware/install/autoware_msgs/lib/python2.7/dist-packages/autoware_msgs/msg/_ImageRectRanged.pyc
[3.063s] -- Up-to-date: /home/autoware/Autoware/install/autoware_msgs/lib/python2.7/dist-packages/autoware_msgs/msg/_AccelCmd.pyc
[3.063s] -- Up-to-date: /home/autoware/Autoware/install/autoware_msgs/lib/python2.7/dist-packages/autoware_msgs/msg/_GeometricRectangle.pyc
[3.063s] -- Up-to-date: /home/autoware/Autoware/install/autoware_msgs/lib/python2.7/dist-packages/autoware_msgs/msg/_ImageObj.pyc
[3.063s] -- Up-to-date: /home/autoware/Autoware/install/autoware_msgs/lib/python2.7/dist-packages/autoware_msgs/msg/_ValueSet.py
[3.103s] -- Up-to-date: /home/autoware/Autoware/install/autoware_msgs/lib/python2.7/dist-packages/autoware_msgs/msg/_ExtractedPosition.pyc
[3.103s] -- Up-to-date: /home/autoware/Autoware/install/autoware_msgs/lib/python2.7/dist-packages/autoware_msgs/msg/_LaneArray.py
[3.103s] -- Up-to-date: /home/autoware/Autoware/install/autoware_msgs/lib/python2.7/dist-packages/autoware_msgs/msg/_ColorSet.py
[3.103s] -- Up-to-date: /home/autoware/Autoware/install/autoware_msgs/lib/python2.7/dist-packages/autoware_msgs/msg/_PointsImage.py
[3.104s] -- Up-to-date: /home/autoware/Autoware/install/autoware_msgs/lib/python2.7/dist-packages/autoware_msgs/msg/_ControlCommandStamped.py
[3.104s] -- Up-to-date: /home/autoware/Autoware/install/autoware_msgs/lib/python2.7/dist-packages/autoware_msgs/msg/_CloudClusterArray.pyc
[3.105s] -- Up-to-date: /home/autoware/Autoware/install/autoware_msgs/lib/python2.7/dist-packages/autoware_msgs/msg/_WaypointState.py
[3.105s] -- Up-to-date: /home/autoware/Autoware/install/autoware_msgs/lib/python2.7/dist-packages/autoware_msgs/msg/_DetectedObjectArray.pyc
[3.105s] -- Up-to-date: /home/autoware/Autoware/install/autoware_msgs/lib/python2.7/dist-packages/autoware_msgs/msg/_TrafficLightResultArray.py
[3.105s] -- Up-to-date: /home/autoware/Autoware/install/autoware_msgs/lib/python2.7/dist-packages/autoware_msgs/msg/_ObjPose.pyc
[3.105s] -- Up-to-date: /home/autoware/Autoware/install/autoware_msgs/lib/python2.7/dist-packages/autoware_msgs/msg/_ScanImage.py
[3.105s] -- Up-to-date: /home/autoware/Autoware/install/autoware_msgs/lib/python2.7/dist-packages/autoware_msgs/msg/_ControlCommand.py
[3.105s] -- Up-to-date: /home/autoware/Autoware/install/autoware_msgs/lib/python2.7/dist-packages/autoware_msgs/msg/_StateCmd.py
[3.106s] -- Up-to-date: /home/autoware/Autoware/install/autoware_msgs/lib/python2.7/dist-packages/autoware_msgs/msg/_TrafficLightResult.py
[3.106s] -- Up-to-date: /home/autoware/Autoware/install/autoware_msgs/lib/python2.7/dist-packages/autoware_msgs/msg/_CloudClusterArray.py
[3.106s] -- Up-to-date: /home/autoware/Autoware/install/autoware_msgs/lib/python2.7/dist-packages/autoware_msgs/msg/_ImageLaneObjects.pyc
[3.106s] -- Up-to-date: /home/autoware/Autoware/install/autoware_msgs/lib/python2.7/dist-packages/autoware_msgs/msg/_ImageObjTracked.pyc
[3.106s] -- Up-to-date: /home/autoware/Autoware/install/autoware_msgs/lib/python2.7/dist-packages/autoware_msgs/msg/_SyncTimeMonitor.py
[3.106s] -- Up-to-date: /home/autoware/Autoware/install/autoware_msgs/lib/python2.7/dist-packages/autoware_msgs/msg/_ValueSet.pyc
[3.106s] -- Up-to-date: /home/autoware/Autoware/install/autoware_msgs/lib/python2.7/dist-packages/autoware_msgs/msg/_VscanTrackedArray.pyc
[3.106s] -- Up-to-date: /home/autoware/Autoware/install/autoware_msgs/lib/python2.7/dist-packages/autoware_msgs/msg/_TunedResult.py
[3.108s] -- Up-to-date: /home/autoware/Autoware/install/autoware_msgs/lib/python2.7/dist-packages/autoware_msgs/msg/_ColorSet.pyc
[3.109s] -- Up-to-date: /home/autoware/Autoware/install/autoware_msgs/lib/python2.7/dist-packages/autoware_msgs/msg/_VehicleCmd.py
[3.109s] -- Up-to-date: /home/autoware/Autoware/install/autoware_msgs/lib/python2.7/dist-packages/autoware_msgs/msg/_TunedResult.pyc
[3.109s] -- Up-to-date: /home/autoware/Autoware/install/autoware_msgs/lib/python2.7/dist-packages/autoware_msgs/msg/_VscanTracked.py
[3.109s] -- Up-to-date: /home/autoware/Autoware/install/autoware_msgs/lib/python2.7/dist-packages/autoware_msgs/msg/_LaneArray.pyc
[3.109s] -- Up-to-date: /home/autoware/Autoware/install/autoware_msgs/lib/python2.7/dist-packages/autoware_msgs/msg/_Waypoint.py
[3.109s] -- Up-to-date: /home/autoware/Autoware/install/autoware_msgs/lib/python2.7/dist-packages/autoware_msgs/msg/__init__.pyc
[3.109s] -- Up-to-date: /home/autoware/Autoware/install/autoware_msgs/lib/python2.7/dist-packages/autoware_msgs/msg/_PointsImage.pyc
[3.109s] -- Up-to-date: /home/autoware/Autoware/install/autoware_msgs/lib/python2.7/dist-packages/autoware_msgs/msg/_ImageObjRanged.py
[3.110s] -- Up-to-date: /home/autoware/Autoware/install/autoware_msgs/lib/python2.7/dist-packages/autoware_msgs/msg/_ImageObjTracked.py
[3.110s] -- Up-to-date: /home/autoware/Autoware/install/autoware_msgs/lib/python2.7/dist-packages/autoware_msgs/msg/_SteerCmd.py
[3.110s] -- Up-to-date: /home/autoware/Autoware/install/autoware_msgs/lib/python2.7/dist-packages/autoware_msgs/msg/_CloudCluster.pyc
[3.110s] -- Up-to-date: /home/autoware/Autoware/install/autoware_msgs/lib/python2.7/dist-packages/autoware_msgs/msg/_Centroids.pyc
[3.110s] -- Up-to-date: /home/autoware/Autoware/install/autoware_msgs/lib/python2.7/dist-packages/autoware_msgs/msg/_ProjectionMatrix.py
[3.110s] -- Up-to-date: /home/autoware/Autoware/install/autoware_msgs/lib/python2.7/dist-packages/autoware_msgs/msg/_SteerCmd.pyc
[3.110s] -- Up-to-date: /home/autoware/Autoware/install/autoware_msgs/lib/python2.7/dist-packages/autoware_msgs/msg/_ImageRect.py
[3.110s] -- Up-to-date: /home/autoware/Autoware/install/autoware_msgs/lib/python2.7/dist-packages/autoware_msgs/__init__.pyc
[3.110s] -- Up-to-date: /home/autoware/Autoware/install/autoware_msgs/lib/python2.7/dist-packages/autoware_msgs/srv
[3.110s] -- Up-to-date: /home/autoware/Autoware/install/autoware_msgs/lib/python2.7/dist-packages/autoware_msgs/srv/__init__.py
[3.110s] -- Up-to-date: /home/autoware/Autoware/install/autoware_msgs/lib/python2.7/dist-packages/autoware_msgs/srv/_RecognizeLightState.py
[3.110s] -- Up-to-date: /home/autoware/Autoware/install/autoware_msgs/lib/python2.7/dist-packages/autoware_msgs/srv/_RecognizeLightState.pyc
[3.110s] -- Up-to-date: /home/autoware/Autoware/install/autoware_msgs/lib/python2.7/dist-packages/autoware_msgs/srv/__init__.pyc
[3.111s] -- Up-to-date: /home/autoware/Autoware/install/autoware_msgs/lib/pkgconfig/autoware_msgs.pc
[3.111s] -- Up-to-date: /home/autoware/Autoware/install/autoware_msgs/share/autoware_msgs/cmake/autoware_msgs-msg-extras.cmake
[3.111s] -- Up-to-date: /home/autoware/Autoware/install/autoware_msgs/share/autoware_msgs/cmake/autoware_msgsConfig.cmake
[3.111s] -- Up-to-date: /home/autoware/Autoware/install/autoware_msgs/share/autoware_msgs/cmake/autoware_msgsConfig-version.cmake
[3.112s] -- Up-to-date: /home/autoware/Autoware/install/autoware_msgs/share/autoware_msgs/package.xml
[3.163s] Invoked command in '/home/autoware/Autoware/build/autoware_msgs' returned '0': /usr/bin/cmake --build /home/autoware/Autoware/build/autoware_msgs --target install -- -j32 -l32
