[0.257s] Invoking command in '/home/autoware/Autoware/build/imm_ukf_pda_track': CMAKE_PREFIX_PATH=/home/autoware/Autoware/install/lanelet2_extension:/home/autoware/Autoware/install/vector_map:/home/autoware/Autoware/install/amathutils_lib:/home/autoware/Autoware/install/vector_map_msgs:/home/autoware/Autoware/install/autoware_msgs:/home/autoware/Autoware/install/autoware_lanelet2_msgs:/home/autoware/Autoware/install/autoware_build_flags:${CMAKE_PREFIX_PATH} LD_LIBRARY_PATH=/home/autoware/Autoware/install/lanelet2_extension/lib:/home/autoware/Autoware/install/vector_map/lib:/home/autoware/Autoware/install/amathutils_lib/lib:${LD_LIBRARY_PATH} PKG_CONFIG_PATH=/home/autoware/Autoware/install/lanelet2_extension/lib/x86_64-linux-gnu/pkgconfig:/home/autoware/Autoware/install/lanelet2_extension/lib/pkgconfig:/home/autoware/Autoware/install/vector_map/lib/x86_64-linux-gnu/pkgconfig:/home/autoware/Autoware/install/vector_map/lib/pkgconfig:/home/autoware/Autoware/install/amathutils_lib/lib/x86_64-linux-gnu/pkgconfig:/home/autoware/Autoware/install/amathutils_lib/lib/pkgconfig:/home/autoware/Autoware/install/vector_map_msgs/lib/x86_64-linux-gnu/pkgconfig:/home/autoware/Autoware/install/vector_map_msgs/lib/pkgconfig:/home/autoware/Autoware/install/autoware_msgs/lib/x86_64-linux-gnu/pkgconfig:/home/autoware/Autoware/install/autoware_msgs/lib/pkgconfig:/home/autoware/Autoware/install/autoware_lanelet2_msgs/lib/x86_64-linux-gnu/pkgconfig:/home/autoware/Autoware/install/autoware_lanelet2_msgs/lib/pkgconfig:/home/autoware/Autoware/install/autoware_build_flags/lib/x86_64-linux-gnu/pkgconfig:/home/autoware/Autoware/install/autoware_build_flags/lib/pkgconfig:${PKG_CONFIG_PATH} PYTHONPATH=/home/autoware/Autoware/install/vector_map_msgs/lib/python2.7/dist-packages:/home/autoware/Autoware/install/autoware_msgs/lib/python2.7/dist-packages:/home/autoware/Autoware/install/autoware_lanelet2_msgs/lib/python2.7/dist-packages:${PYTHONPATH} ROS_PACKAGE_PATH=/home/autoware/Autoware/install/lanelet2_extension/share:/home/autoware/Autoware/install/vector_map/share:/home/autoware/Autoware/install/amathutils_lib/share:/home/autoware/Autoware/install/vector_map_msgs/share:/home/autoware/Autoware/install/autoware_msgs/share:/home/autoware/Autoware/install/autoware_lanelet2_msgs/share:/home/autoware/Autoware/install/autoware_build_flags/share:${ROS_PACKAGE_PATH} /usr/bin/cmake --build /home/autoware/Autoware/build/imm_ukf_pda_track -- -j32 -l32
[0.570s] [  0%] Built target vector_map_msgs_generate_messages_eus
[0.570s] [  0%] Built target geometry_msgs_generate_messages_nodejs
[0.570s] [  0%] Built target vector_map_msgs_generate_messages_py
[0.583s] [  0%] Built target vector_map_msgs_generate_messages_cpp
[0.583s] [  0%] Built target pcl_msgs_generate_messages_cpp
[0.583s] [  0%] Built target roscpp_generate_messages_lisp
[0.583s] [  0%] Built target actionlib_msgs_generate_messages_lisp
[0.583s] [  0%] Built target tf_generate_messages_eus
[0.584s] [  0%] Built target autoware_msgs_generate_messages_nodejs
[0.584s] [  0%] Built target actionlib_msgs_generate_messages_py
[0.589s] [  0%] Built target topic_tools_generate_messages_eus
[0.589s] [  0%] Built target jsk_footstep_msgs_generate_messages_cpp
[0.594s] [  0%] Built target std_srvs_generate_messages_eus
[0.611s] [  0%] Built target tf_generate_messages_lisp
[0.614s] [  0%] Built target std_msgs_generate_messages_eus
[0.622s] [  0%] Built target topic_tools_generate_messages_nodejs
[0.626s] [  0%] Built target actionlib_msgs_generate_messages_cpp
[0.627s] [  0%] Built target jsk_footstep_msgs_generate_messages_lisp
[0.630s] [  0%] Built target topic_tools_generate_messages_lisp
[0.637s] [  0%] Built target autoware_msgs_generate_messages_eus
[0.645s] [  0%] Built target visualization_msgs_generate_messages_lisp
[0.658s] [  0%] Built target autoware_lanelet2_msgs_generate_messages_py
[0.658s] [  0%] Built target jsk_recognition_msgs_generate_messages_nodejs
[0.664s] [  0%] Built target jsk_footstep_msgs_generate_messages_nodejs
[0.678s] [  0%] Built target jsk_footstep_msgs_generate_messages_eus
[0.695s] [  0%] Built target geometry_msgs_generate_messages_cpp
[0.698s] [  0%] Built target geometry_msgs_generate_messages_lisp
[0.705s] [  0%] Built target actionlib_msgs_generate_messages_eus
[0.738s] [  0%] Built target tf_generate_messages_nodejs
[0.738s] [  0%] Built target pcl_msgs_generate_messages_py
[0.738s] [  0%] Built target autoware_msgs_generate_messages_lisp
[0.738s] [  0%] Built target vector_map_msgs_generate_messages_lisp
[0.751s] [  0%] Built target tf2_msgs_generate_messages_eus
[0.762s] [  0%] Built target actionlib_generate_messages_eus
[0.768s] [  0%] Built target roscpp_generate_messages_eus
[0.771s] [  0%] Built target autoware_lanelet2_msgs_generate_messages_cpp
[0.789s] [  0%] Built target rosgraph_msgs_generate_messages_lisp
[0.802s] [  0%] Built target rosgraph_msgs_generate_messages_nodejs
[0.805s] [  0%] Built target jsk_recognition_msgs_generate_messages_cpp
[0.805s] [  0%] Built target dynamic_reconfigure_gencfg
[0.808s] [  0%] Built target actionlib_generate_messages_nodejs
[0.809s] [  0%] Built target roscpp_generate_messages_py
[0.812s] [  0%] Built target visualization_msgs_generate_messages_cpp
[0.836s] [  0%] Built target tf2_msgs_generate_messages_nodejs
[0.862s] [  0%] Built target rosgraph_msgs_generate_messages_py
[0.866s] [  0%] Built target autoware_lanelet2_msgs_generate_messages_nodejs
[0.870s] [  0%] Built target actionlib_generate_messages_lisp
[0.872s] [  0%] Built target autoware_lanelet2_msgs_generate_messages_lisp
[0.882s] [  0%] Built target visualization_msgs_generate_messages_py
[0.886s] [  0%] Built target autoware_lanelet2_msgs_generate_messages_eus
[0.891s] [  0%] Built target tf2_msgs_generate_messages_lisp
[0.899s] [  0%] Built target pcl_msgs_generate_messages_lisp
[0.904s] [  0%] Built target jsk_recognition_msgs_generate_messages_py
[0.912s] [  0%] Built target std_srvs_generate_messages_py
[0.919s] [  0%] Built target tf_generate_messages_cpp
[0.933s] [  0%] Built target vector_map_msgs_generate_messages_nodejs
[0.933s] [  0%] Built target tf2_msgs_generate_messages_py
[0.948s] [  0%] Built target bond_generate_messages_cpp
[0.962s] [  0%] Built target nodelet_generate_messages_eus
[1.000s] [  0%] Built target dynamic_reconfigure_generate_messages_nodejs
[1.000s] [  0%] Built target topic_tools_generate_messages_cpp
[1.005s] [  0%] Built target std_srvs_generate_messages_nodejs
[1.037s] [  0%] Built target bond_generate_messages_py
[1.048s] [  0%] Built target rosgraph_msgs_generate_messages_eus
[1.059s] [  0%] Built target std_msgs_generate_messages_py
[1.068s] [  0%] Built target visualization_msgs_generate_messages_eus
[1.121s] [  0%] Built target bond_generate_messages_nodejs
[1.121s] [  0%] Built target nodelet_generate_messages_cpp
[1.121s] [  0%] Built target actionlib_generate_messages_py
[1.121s] [  0%] Built target roscpp_generate_messages_cpp
[1.121s] [  0%] Built target visualization_msgs_generate_messages_nodejs
[1.121s] [  0%] Built target nodelet_generate_messages_nodejs
[1.121s] [  0%] Built target _catkin_empty_exported_target
[1.121s] [  0%] Built target bond_generate_messages_lisp
[1.121s] [  0%] Built target jsk_recognition_msgs_generate_messages_lisp
[1.326s] [  0%] Built target tf2_msgs_generate_messages_cpp
[1.409s] [  0%] Built target bond_generate_messages_eus
[1.410s] [  0%] Built target dynamic_reconfigure_generate_messages_lisp
[1.410s] [  0%] Built target autoware_msgs_generate_messages_py
[1.410s] [  0%] Built target actionlib_generate_messages_cpp
[1.410s] [  0%] Built target sensor_msgs_generate_messages_cpp
[1.410s] [  0%] Built target dynamic_reconfigure_generate_messages_eus
[1.410s] [  0%] Built target pcl_ros_gencfg
[1.410s] [  0%] Built target dynamic_reconfigure_generate_messages_py
[1.410s] [  0%] Built target jsk_recognition_msgs_generate_messages_eus
[1.410s] [  0%] Built target sensor_msgs_generate_messages_nodejs
[1.410s] [  0%] Built target pcl_msgs_generate_messages_nodejs
[1.410s] [  0%] Built target geometry_msgs_generate_messages_eus
[1.410s] [  0%] Built target sensor_msgs_generate_messages_eus
[1.411s] [  0%] Built target nodelet_topic_tools_gencfg
[1.411s] [  0%] Built target nodelet_generate_messages_lisp
[1.411s] [  0%] Built target nodelet_generate_messages_py
[1.411s] [  0%] Built target std_srvs_generate_messages_lisp
[1.411s] [  0%] Built target pcl_msgs_generate_messages_eus
[1.411s] [  0%] Built target std_msgs_generate_messages_nodejs
[1.411s] [  0%] Built target geometry_msgs_generate_messages_py
[1.420s] [  0%] Built target sensor_msgs_generate_messages_lisp
[1.420s] [  0%] Built target roscpp_generate_messages_nodejs
[1.420s] [  0%] Built target dynamic_reconfigure_generate_messages_cpp
[1.420s] [  0%] Built target autoware_msgs_generate_messages_cpp
[1.421s] [  0%] Built target actionlib_msgs_generate_messages_nodejs
[1.445s] [  0%] Built target tf_generate_messages_py
[1.446s] [  0%] Built target rosgraph_msgs_generate_messages_cpp
[1.446s] [  0%] Built target std_msgs_generate_messages_lisp
[1.446s] [  0%] Built target std_srvs_generate_messages_cpp
[1.450s] [  0%] Built target sensor_msgs_generate_messages_py
[1.450s] [  0%] Built target jsk_footstep_msgs_generate_messages_py
[1.483s] [  0%] Built target std_msgs_generate_messages_cpp
[1.486s] [  0%] Built target topic_tools_generate_messages_py
[1.656s] [ 50%] Built target imm_ukf_pda
[1.684s] [100%] Built target imm_ukf_pda_lanelet2
[1.711s] Invoked command in '/home/autoware/Autoware/build/imm_ukf_pda_track' returned '0': CMAKE_PREFIX_PATH=/home/autoware/Autoware/install/lanelet2_extension:/home/autoware/Autoware/install/vector_map:/home/autoware/Autoware/install/amathutils_lib:/home/autoware/Autoware/install/vector_map_msgs:/home/autoware/Autoware/install/autoware_msgs:/home/autoware/Autoware/install/autoware_lanelet2_msgs:/home/autoware/Autoware/install/autoware_build_flags:${CMAKE_PREFIX_PATH} LD_LIBRARY_PATH=/home/autoware/Autoware/install/lanelet2_extension/lib:/home/autoware/Autoware/install/vector_map/lib:/home/autoware/Autoware/install/amathutils_lib/lib:${LD_LIBRARY_PATH} PKG_CONFIG_PATH=/home/autoware/Autoware/install/lanelet2_extension/lib/x86_64-linux-gnu/pkgconfig:/home/autoware/Autoware/install/lanelet2_extension/lib/pkgconfig:/home/autoware/Autoware/install/vector_map/lib/x86_64-linux-gnu/pkgconfig:/home/autoware/Autoware/install/vector_map/lib/pkgconfig:/home/autoware/Autoware/install/amathutils_lib/lib/x86_64-linux-gnu/pkgconfig:/home/autoware/Autoware/install/amathutils_lib/lib/pkgconfig:/home/autoware/Autoware/install/vector_map_msgs/lib/x86_64-linux-gnu/pkgconfig:/home/autoware/Autoware/install/vector_map_msgs/lib/pkgconfig:/home/autoware/Autoware/install/autoware_msgs/lib/x86_64-linux-gnu/pkgconfig:/home/autoware/Autoware/install/autoware_msgs/lib/pkgconfig:/home/autoware/Autoware/install/autoware_lanelet2_msgs/lib/x86_64-linux-gnu/pkgconfig:/home/autoware/Autoware/install/autoware_lanelet2_msgs/lib/pkgconfig:/home/autoware/Autoware/install/autoware_build_flags/lib/x86_64-linux-gnu/pkgconfig:/home/autoware/Autoware/install/autoware_build_flags/lib/pkgconfig:${PKG_CONFIG_PATH} PYTHONPATH=/home/autoware/Autoware/install/vector_map_msgs/lib/python2.7/dist-packages:/home/autoware/Autoware/install/autoware_msgs/lib/python2.7/dist-packages:/home/autoware/Autoware/install/autoware_lanelet2_msgs/lib/python2.7/dist-packages:${PYTHONPATH} ROS_PACKAGE_PATH=/home/autoware/Autoware/install/lanelet2_extension/share:/home/autoware/Autoware/install/vector_map/share:/home/autoware/Autoware/install/amathutils_lib/share:/home/autoware/Autoware/install/vector_map_msgs/share:/home/autoware/Autoware/install/autoware_msgs/share:/home/autoware/Autoware/install/autoware_lanelet2_msgs/share:/home/autoware/Autoware/install/autoware_build_flags/share:${ROS_PACKAGE_PATH} /usr/bin/cmake --build /home/autoware/Autoware/build/imm_ukf_pda_track -- -j32 -l32
[2.603s] Invoking command in '/home/autoware/Autoware/build/imm_ukf_pda_track': CMAKE_PREFIX_PATH=/home/autoware/Autoware/install/lanelet2_extension:/home/autoware/Autoware/install/vector_map:/home/autoware/Autoware/install/amathutils_lib:/home/autoware/Autoware/install/vector_map_msgs:/home/autoware/Autoware/install/autoware_msgs:/home/autoware/Autoware/install/autoware_lanelet2_msgs:/home/autoware/Autoware/install/autoware_build_flags:${CMAKE_PREFIX_PATH} LD_LIBRARY_PATH=/home/autoware/Autoware/install/lanelet2_extension/lib:/home/autoware/Autoware/install/vector_map/lib:/home/autoware/Autoware/install/amathutils_lib/lib:${LD_LIBRARY_PATH} PKG_CONFIG_PATH=/home/autoware/Autoware/install/lanelet2_extension/lib/x86_64-linux-gnu/pkgconfig:/home/autoware/Autoware/install/lanelet2_extension/lib/pkgconfig:/home/autoware/Autoware/install/vector_map/lib/x86_64-linux-gnu/pkgconfig:/home/autoware/Autoware/install/vector_map/lib/pkgconfig:/home/autoware/Autoware/install/amathutils_lib/lib/x86_64-linux-gnu/pkgconfig:/home/autoware/Autoware/install/amathutils_lib/lib/pkgconfig:/home/autoware/Autoware/install/vector_map_msgs/lib/x86_64-linux-gnu/pkgconfig:/home/autoware/Autoware/install/vector_map_msgs/lib/pkgconfig:/home/autoware/Autoware/install/autoware_msgs/lib/x86_64-linux-gnu/pkgconfig:/home/autoware/Autoware/install/autoware_msgs/lib/pkgconfig:/home/autoware/Autoware/install/autoware_lanelet2_msgs/lib/x86_64-linux-gnu/pkgconfig:/home/autoware/Autoware/install/autoware_lanelet2_msgs/lib/pkgconfig:/home/autoware/Autoware/install/autoware_build_flags/lib/x86_64-linux-gnu/pkgconfig:/home/autoware/Autoware/install/autoware_build_flags/lib/pkgconfig:${PKG_CONFIG_PATH} PYTHONPATH=/home/autoware/Autoware/install/vector_map_msgs/lib/python2.7/dist-packages:/home/autoware/Autoware/install/autoware_msgs/lib/python2.7/dist-packages:/home/autoware/Autoware/install/autoware_lanelet2_msgs/lib/python2.7/dist-packages:${PYTHONPATH} ROS_PACKAGE_PATH=/home/autoware/Autoware/install/lanelet2_extension/share:/home/autoware/Autoware/install/vector_map/share:/home/autoware/Autoware/install/amathutils_lib/share:/home/autoware/Autoware/install/vector_map_msgs/share:/home/autoware/Autoware/install/autoware_msgs/share:/home/autoware/Autoware/install/autoware_lanelet2_msgs/share:/home/autoware/Autoware/install/autoware_build_flags/share:${ROS_PACKAGE_PATH} /usr/bin/cmake --build /home/autoware/Autoware/build/imm_ukf_pda_track --target tests -- -j32 -l32
[2.729s] Built target tests
[2.748s] Invoked command in '/home/autoware/Autoware/build/imm_ukf_pda_track' returned '0': CMAKE_PREFIX_PATH=/home/autoware/Autoware/install/lanelet2_extension:/home/autoware/Autoware/install/vector_map:/home/autoware/Autoware/install/amathutils_lib:/home/autoware/Autoware/install/vector_map_msgs:/home/autoware/Autoware/install/autoware_msgs:/home/autoware/Autoware/install/autoware_lanelet2_msgs:/home/autoware/Autoware/install/autoware_build_flags:${CMAKE_PREFIX_PATH} LD_LIBRARY_PATH=/home/autoware/Autoware/install/lanelet2_extension/lib:/home/autoware/Autoware/install/vector_map/lib:/home/autoware/Autoware/install/amathutils_lib/lib:${LD_LIBRARY_PATH} PKG_CONFIG_PATH=/home/autoware/Autoware/install/lanelet2_extension/lib/x86_64-linux-gnu/pkgconfig:/home/autoware/Autoware/install/lanelet2_extension/lib/pkgconfig:/home/autoware/Autoware/install/vector_map/lib/x86_64-linux-gnu/pkgconfig:/home/autoware/Autoware/install/vector_map/lib/pkgconfig:/home/autoware/Autoware/install/amathutils_lib/lib/x86_64-linux-gnu/pkgconfig:/home/autoware/Autoware/install/amathutils_lib/lib/pkgconfig:/home/autoware/Autoware/install/vector_map_msgs/lib/x86_64-linux-gnu/pkgconfig:/home/autoware/Autoware/install/vector_map_msgs/lib/pkgconfig:/home/autoware/Autoware/install/autoware_msgs/lib/x86_64-linux-gnu/pkgconfig:/home/autoware/Autoware/install/autoware_msgs/lib/pkgconfig:/home/autoware/Autoware/install/autoware_lanelet2_msgs/lib/x86_64-linux-gnu/pkgconfig:/home/autoware/Autoware/install/autoware_lanelet2_msgs/lib/pkgconfig:/home/autoware/Autoware/install/autoware_build_flags/lib/x86_64-linux-gnu/pkgconfig:/home/autoware/Autoware/install/autoware_build_flags/lib/pkgconfig:${PKG_CONFIG_PATH} PYTHONPATH=/home/autoware/Autoware/install/vector_map_msgs/lib/python2.7/dist-packages:/home/autoware/Autoware/install/autoware_msgs/lib/python2.7/dist-packages:/home/autoware/Autoware/install/autoware_lanelet2_msgs/lib/python2.7/dist-packages:${PYTHONPATH} ROS_PACKAGE_PATH=/home/autoware/Autoware/install/lanelet2_extension/share:/home/autoware/Autoware/install/vector_map/share:/home/autoware/Autoware/install/amathutils_lib/share:/home/autoware/Autoware/install/vector_map_msgs/share:/home/autoware/Autoware/install/autoware_msgs/share:/home/autoware/Autoware/install/autoware_lanelet2_msgs/share:/home/autoware/Autoware/install/autoware_build_flags/share:${ROS_PACKAGE_PATH} /usr/bin/cmake --build /home/autoware/Autoware/build/imm_ukf_pda_track --target tests -- -j32 -l32
[3.314s] Invoking command in '/home/autoware/Autoware/build/imm_ukf_pda_track': CMAKE_PREFIX_PATH=/home/autoware/Autoware/install/lanelet2_extension:/home/autoware/Autoware/install/vector_map:/home/autoware/Autoware/install/amathutils_lib:/home/autoware/Autoware/install/vector_map_msgs:/home/autoware/Autoware/install/autoware_msgs:/home/autoware/Autoware/install/autoware_lanelet2_msgs:/home/autoware/Autoware/install/autoware_build_flags:${CMAKE_PREFIX_PATH} LD_LIBRARY_PATH=/home/autoware/Autoware/install/lanelet2_extension/lib:/home/autoware/Autoware/install/vector_map/lib:/home/autoware/Autoware/install/amathutils_lib/lib:${LD_LIBRARY_PATH} PKG_CONFIG_PATH=/home/autoware/Autoware/install/lanelet2_extension/lib/x86_64-linux-gnu/pkgconfig:/home/autoware/Autoware/install/lanelet2_extension/lib/pkgconfig:/home/autoware/Autoware/install/vector_map/lib/x86_64-linux-gnu/pkgconfig:/home/autoware/Autoware/install/vector_map/lib/pkgconfig:/home/autoware/Autoware/install/amathutils_lib/lib/x86_64-linux-gnu/pkgconfig:/home/autoware/Autoware/install/amathutils_lib/lib/pkgconfig:/home/autoware/Autoware/install/vector_map_msgs/lib/x86_64-linux-gnu/pkgconfig:/home/autoware/Autoware/install/vector_map_msgs/lib/pkgconfig:/home/autoware/Autoware/install/autoware_msgs/lib/x86_64-linux-gnu/pkgconfig:/home/autoware/Autoware/install/autoware_msgs/lib/pkgconfig:/home/autoware/Autoware/install/autoware_lanelet2_msgs/lib/x86_64-linux-gnu/pkgconfig:/home/autoware/Autoware/install/autoware_lanelet2_msgs/lib/pkgconfig:/home/autoware/Autoware/install/autoware_build_flags/lib/x86_64-linux-gnu/pkgconfig:/home/autoware/Autoware/install/autoware_build_flags/lib/pkgconfig:${PKG_CONFIG_PATH} PYTHONPATH=/home/autoware/Autoware/install/vector_map_msgs/lib/python2.7/dist-packages:/home/autoware/Autoware/install/autoware_msgs/lib/python2.7/dist-packages:/home/autoware/Autoware/install/autoware_lanelet2_msgs/lib/python2.7/dist-packages:${PYTHONPATH} ROS_PACKAGE_PATH=/home/autoware/Autoware/install/lanelet2_extension/share:/home/autoware/Autoware/install/vector_map/share:/home/autoware/Autoware/install/amathutils_lib/share:/home/autoware/Autoware/install/vector_map_msgs/share:/home/autoware/Autoware/install/autoware_msgs/share:/home/autoware/Autoware/install/autoware_lanelet2_msgs/share:/home/autoware/Autoware/install/autoware_build_flags/share:${ROS_PACKAGE_PATH} /usr/bin/cmake --build /home/autoware/Autoware/build/imm_ukf_pda_track --target install -- -j32 -l32
[3.456s] [  0%] Built target topic_tools_generate_messages_eus
[3.456s] [  0%] Built target std_msgs_generate_messages_eus
[3.457s] [  0%] Built target topic_tools_generate_messages_lisp
[3.457s] [  0%] Built target geometry_msgs_generate_messages_nodejs
[3.457s] [  0%] Built target autoware_msgs_generate_messages_nodejs
[3.457s] [  0%] Built target topic_tools_generate_messages_nodejs
[3.457s] [  0%] Built target tf_generate_messages_eus
[3.457s] [  0%] Built target tf_generate_messages_lisp
[3.457s] [  0%] Built target geometry_msgs_generate_messages_lisp
[3.457s] [  0%] Built target rosgraph_msgs_generate_messages_lisp
[3.457s] [  0%] Built target vector_map_msgs_generate_messages_lisp
[3.457s] [  0%] Built target jsk_footstep_msgs_generate_messages_lisp
[3.457s] [  0%] Built target autoware_lanelet2_msgs_generate_messages_py
[3.457s] [  0%] Built target jsk_footstep_msgs_generate_messages_nodejs
[3.458s] [  0%] Built target tf_generate_messages_nodejs
[3.458s] [  0%] Built target autoware_msgs_generate_messages_lisp
[3.458s] [  0%] Built target actionlib_msgs_generate_messages_lisp
[3.458s] [  0%] Built target actionlib_msgs_generate_messages_cpp
[3.458s] [  0%] Built target roscpp_generate_messages_lisp
[3.458s] [  0%] Built target jsk_recognition_msgs_generate_messages_cpp
[3.458s] [  0%] Built target autoware_msgs_generate_messages_eus
[3.458s] [  0%] Built target jsk_recognition_msgs_generate_messages_nodejs
[3.458s] [  0%] Built target actionlib_msgs_generate_messages_py
[3.458s] [  0%] Built target vector_map_msgs_generate_messages_eus
[3.458s] [  0%] Built target autoware_lanelet2_msgs_generate_messages_cpp
[3.459s] [  0%] Built target jsk_footstep_msgs_generate_messages_cpp
[3.459s] [  0%] Built target pcl_msgs_generate_messages_cpp
[3.459s] [  0%] Built target vector_map_msgs_generate_messages_cpp
[3.459s] [  0%] Built target std_srvs_generate_messages_eus
[3.459s] [  0%] Built target vector_map_msgs_generate_messages_py
[3.459s] [  0%] Built target visualization_msgs_generate_messages_lisp
[3.459s] [  0%] Built target jsk_footstep_msgs_generate_messages_eus
[3.463s] [  0%] Built target rosgraph_msgs_generate_messages_py
[3.483s] [  0%] Built target rosgraph_msgs_generate_messages_nodejs
[3.483s] [  0%] Built target actionlib_msgs_generate_messages_eus
[3.483s] [  0%] Built target pcl_msgs_generate_messages_lisp
[3.483s] [  0%] Built target tf2_msgs_generate_messages_eus
[3.483s] [  0%] Built target tf2_msgs_generate_messages_py
[3.483s] [  0%] Built target pcl_msgs_generate_messages_py
[3.484s] [  0%] Built target actionlib_generate_messages_lisp
[3.490s] [  0%] Built target geometry_msgs_generate_messages_cpp
[3.490s] [  0%] Built target autoware_lanelet2_msgs_generate_messages_nodejs
[3.492s] [  0%] Built target visualization_msgs_generate_messages_cpp
[3.492s] [  0%] Built target tf_generate_messages_cpp
[3.492s] [  0%] Built target autoware_lanelet2_msgs_generate_messages_eus
[3.493s] [  0%] Built target roscpp_generate_messages_eus
[3.496s] [  0%] Built target jsk_recognition_msgs_generate_messages_py
[3.499s] [  0%] Built target tf2_msgs_generate_messages_nodejs
[3.504s] [  0%] Built target actionlib_generate_messages_nodejs
[3.509s] [  0%] Built target tf2_msgs_generate_messages_lisp
[3.510s] [  0%] Built target std_srvs_generate_messages_py
[3.511s] [  0%] Built target actionlib_generate_messages_py
[3.513s] [  0%] Built target roscpp_generate_messages_py
[3.516s] [  0%] Built target std_srvs_generate_messages_nodejs
[3.516s] [  0%] Built target autoware_lanelet2_msgs_generate_messages_lisp
[3.518s] [  0%] Built target bond_generate_messages_py
[3.518s] [  0%] Built target dynamic_reconfigure_generate_messages_nodejs
[3.518s] [  0%] Built target actionlib_generate_messages_eus
[3.521s] [  0%] Built target topic_tools_generate_messages_cpp
[3.522s] [  0%] Built target visualization_msgs_generate_messages_py
[3.524s] [  0%] Built target nodelet_generate_messages_nodejs
[3.524s] [  0%] Built target bond_generate_messages_nodejs
[3.524s] [  0%] Built target dynamic_reconfigure_gencfg
[3.524s] [  0%] Built target nodelet_generate_messages_eus
[3.531s] [  0%] Built target bond_generate_messages_eus
[3.535s] [  0%] Built target bond_generate_messages_lisp
[3.536s] [  0%] Built target bond_generate_messages_cpp
[3.536s] [  0%] Built target nodelet_generate_messages_cpp
[3.538s] [  0%] Built target pcl_ros_gencfg
[3.540s] [  0%] Built target geometry_msgs_generate_messages_py
[3.541s] [  0%] Built target dynamic_reconfigure_generate_messages_py
[3.544s] [  0%] Built target vector_map_msgs_generate_messages_nodejs
[3.547s] [  0%] Built target dynamic_reconfigure_generate_messages_eus
[3.548s] [  0%] Built target visualization_msgs_generate_messages_nodejs
[3.548s] [  0%] Built target dynamic_reconfigure_generate_messages_lisp
[3.557s] [  0%] Built target jsk_recognition_msgs_generate_messages_lisp
[3.559s] [  0%] Built target roscpp_generate_messages_cpp
[3.560s] [  0%] Built target actionlib_generate_messages_cpp
[3.564s] [  0%] Built target std_srvs_generate_messages_lisp
[3.567s] [  0%] Built target rosgraph_msgs_generate_messages_eus
[3.567s] [  0%] Built target tf2_msgs_generate_messages_cpp
[3.568s] [  0%] Built target visualization_msgs_generate_messages_eus
[3.568s] [  0%] Built target jsk_recognition_msgs_generate_messages_eus
[3.574s] [  0%] Built target sensor_msgs_generate_messages_eus
[3.575s] [  0%] Built target nodelet_generate_messages_lisp
[3.577s] [  0%] Built target autoware_msgs_generate_messages_py
[3.578s] [  0%] Built target autoware_msgs_generate_messages_cpp
[3.581s] [  0%] Built target std_msgs_generate_messages_py
[3.583s] [  0%] Built target std_srvs_generate_messages_cpp
[3.583s] [  0%] Built target pcl_msgs_generate_messages_eus
[3.585s] [  0%] Built target rosgraph_msgs_generate_messages_cpp
[3.586s] [  0%] Built target topic_tools_generate_messages_py
[3.586s] [  0%] Built target std_msgs_generate_messages_nodejs
[3.588s] [  0%] Built target sensor_msgs_generate_messages_nodejs
[3.593s] [  0%] Built target sensor_msgs_generate_messages_cpp
[3.596s] [  0%] Built target pcl_msgs_generate_messages_nodejs
[3.599s] [  0%] Built target sensor_msgs_generate_messages_py
[3.608s] [  0%] Built target sensor_msgs_generate_messages_lisp
[3.615s] [  0%] Built target nodelet_generate_messages_py
[3.616s] [  0%] Built target tf_generate_messages_py
[3.621s] [  0%] Built target _catkin_empty_exported_target
[3.622s] [  0%] Built target dynamic_reconfigure_generate_messages_cpp
[3.622s] [  0%] Built target nodelet_topic_tools_gencfg
[3.622s] [  0%] Built target std_msgs_generate_messages_cpp
[3.622s] [  0%] Built target roscpp_generate_messages_nodejs
[3.628s] [  0%] Built target geometry_msgs_generate_messages_eus
[3.631s] [  0%] Built target jsk_footstep_msgs_generate_messages_py
[3.636s] [  0%] Built target std_msgs_generate_messages_lisp
[3.664s] [  0%] Built target actionlib_msgs_generate_messages_nodejs
[3.767s] [ 50%] Built target imm_ukf_pda
[3.770s] [100%] Built target imm_ukf_pda_lanelet2
[3.852s] Install the project...
[3.875s] -- Install configuration: "Release"
[3.875s] -- Up-to-date: /home/autoware/Autoware/install/imm_ukf_pda_track/lib/pkgconfig/imm_ukf_pda_track.pc
[3.894s] -- Up-to-date: /home/autoware/Autoware/install/imm_ukf_pda_track/share/imm_ukf_pda_track/cmake/imm_ukf_pda_trackConfig.cmake
[3.920s] -- Up-to-date: /home/autoware/Autoware/install/imm_ukf_pda_track/share/imm_ukf_pda_track/cmake/imm_ukf_pda_trackConfig-version.cmake
[3.945s] -- Up-to-date: /home/autoware/Autoware/install/imm_ukf_pda_track/share/imm_ukf_pda_track/package.xml
[3.970s] -- Up-to-date: /home/autoware/Autoware/install/imm_ukf_pda_track/lib/imm_ukf_pda_track/imm_ukf_pda
[3.973s] -- Up-to-date: /home/autoware/Autoware/install/imm_ukf_pda_track/lib/imm_ukf_pda_track/imm_ukf_pda_lanelet2
[3.974s] -- Up-to-date: /home/autoware/Autoware/install/imm_ukf_pda_track/share/imm_ukf_pda_track/launch
[3.975s] -- Up-to-date: /home/autoware/Autoware/install/imm_ukf_pda_track/share/imm_ukf_pda_track/launch/imm_ukf_pda_track.launch
[3.976s] -- Up-to-date: /home/autoware/Autoware/install/imm_ukf_pda_track/share/imm_ukf_pda_track/launch/imm_ukf_pda_track_lanelet2.launch
[3.976s] -- Up-to-date: /home/autoware/Autoware/install/imm_ukf_pda_track/share/imm_ukf_pda_track/launch/imm_ukf_pda_track_option.launch
[3.983s] Invoked command in '/home/autoware/Autoware/build/imm_ukf_pda_track' returned '0': CMAKE_PREFIX_PATH=/home/autoware/Autoware/install/lanelet2_extension:/home/autoware/Autoware/install/vector_map:/home/autoware/Autoware/install/amathutils_lib:/home/autoware/Autoware/install/vector_map_msgs:/home/autoware/Autoware/install/autoware_msgs:/home/autoware/Autoware/install/autoware_lanelet2_msgs:/home/autoware/Autoware/install/autoware_build_flags:${CMAKE_PREFIX_PATH} LD_LIBRARY_PATH=/home/autoware/Autoware/install/lanelet2_extension/lib:/home/autoware/Autoware/install/vector_map/lib:/home/autoware/Autoware/install/amathutils_lib/lib:${LD_LIBRARY_PATH} PKG_CONFIG_PATH=/home/autoware/Autoware/install/lanelet2_extension/lib/x86_64-linux-gnu/pkgconfig:/home/autoware/Autoware/install/lanelet2_extension/lib/pkgconfig:/home/autoware/Autoware/install/vector_map/lib/x86_64-linux-gnu/pkgconfig:/home/autoware/Autoware/install/vector_map/lib/pkgconfig:/home/autoware/Autoware/install/amathutils_lib/lib/x86_64-linux-gnu/pkgconfig:/home/autoware/Autoware/install/amathutils_lib/lib/pkgconfig:/home/autoware/Autoware/install/vector_map_msgs/lib/x86_64-linux-gnu/pkgconfig:/home/autoware/Autoware/install/vector_map_msgs/lib/pkgconfig:/home/autoware/Autoware/install/autoware_msgs/lib/x86_64-linux-gnu/pkgconfig:/home/autoware/Autoware/install/autoware_msgs/lib/pkgconfig:/home/autoware/Autoware/install/autoware_lanelet2_msgs/lib/x86_64-linux-gnu/pkgconfig:/home/autoware/Autoware/install/autoware_lanelet2_msgs/lib/pkgconfig:/home/autoware/Autoware/install/autoware_build_flags/lib/x86_64-linux-gnu/pkgconfig:/home/autoware/Autoware/install/autoware_build_flags/lib/pkgconfig:${PKG_CONFIG_PATH} PYTHONPATH=/home/autoware/Autoware/install/vector_map_msgs/lib/python2.7/dist-packages:/home/autoware/Autoware/install/autoware_msgs/lib/python2.7/dist-packages:/home/autoware/Autoware/install/autoware_lanelet2_msgs/lib/python2.7/dist-packages:${PYTHONPATH} ROS_PACKAGE_PATH=/home/autoware/Autoware/install/lanelet2_extension/share:/home/autoware/Autoware/install/vector_map/share:/home/autoware/Autoware/install/amathutils_lib/share:/home/autoware/Autoware/install/vector_map_msgs/share:/home/autoware/Autoware/install/autoware_msgs/share:/home/autoware/Autoware/install/autoware_lanelet2_msgs/share:/home/autoware/Autoware/install/autoware_build_flags/share:${ROS_PACKAGE_PATH} /usr/bin/cmake --build /home/autoware/Autoware/build/imm_ukf_pda_track --target install -- -j32 -l32
