[0.706s] Invoking command in '/home/autoware/Autoware/build/vision_lane_detect': CMAKE_PREFIX_PATH=/home/autoware/Autoware/install/autoware_msgs:${CMAKE_PREFIX_PATH} PKG_CONFIG_PATH=/home/autoware/Autoware/install/autoware_msgs/lib/x86_64-linux-gnu/pkgconfig:/home/autoware/Autoware/install/autoware_msgs/lib/pkgconfig:${PKG_CONFIG_PATH} PYTHONPATH=/home/autoware/Autoware/install/autoware_msgs/lib/python2.7/dist-packages:${PYTHONPATH} ROS_PACKAGE_PATH=/home/autoware/Autoware/install/autoware_msgs/share:${ROS_PACKAGE_PATH} /usr/bin/cmake --build /home/autoware/Autoware/build/vision_lane_detect -- -j32 -l32
[1.206s] [  0%] Built target autoware_msgs_generate_messages_lisp
[1.206s] [  0%] Built target rosgraph_msgs_generate_messages_nodejs
[1.206s] [  0%] Built target geometry_msgs_generate_messages_lisp
[1.206s] [  0%] Built target pcl_msgs_generate_messages_py
[1.206s] [  0%] Built target geometry_msgs_generate_messages_eus
[1.206s] [  0%] Built target jsk_footstep_msgs_generate_messages_eus
[1.207s] [  0%] Built target std_msgs_generate_messages_cpp
[1.207s] [  0%] Built target geometry_msgs_generate_messages_cpp
[1.207s] [  0%] Built target jsk_footstep_msgs_generate_messages_lisp
[1.207s] [  0%] Built target roscpp_generate_messages_nodejs
[1.207s] [  0%] Built target jsk_footstep_msgs_generate_messages_cpp
[1.207s] [  0%] Built target actionlib_msgs_generate_messages_py
[1.207s] [  0%] Built target autoware_msgs_generate_messages_eus
[1.207s] [  0%] Built target roscpp_generate_messages_eus
[1.207s] [  0%] Built target std_msgs_generate_messages_eus
[1.207s] [  0%] Built target actionlib_msgs_generate_messages_lisp
[1.207s] [  0%] Built target roscpp_generate_messages_lisp
[1.207s] [  0%] Built target actionlib_msgs_generate_messages_nodejs
[1.207s] [  0%] Built target actionlib_msgs_generate_messages_cpp
[1.208s] [  0%] Built target jsk_footstep_msgs_generate_messages_py
[1.208s] [  0%] Built target geometry_msgs_generate_messages_nodejs
[1.208s] [  0%] Built target autoware_msgs_generate_messages_nodejs
[1.208s] [  0%] Built target sensor_msgs_generate_messages_lisp
[1.208s] [  0%] Built target jsk_recognition_msgs_generate_messages_cpp
[1.208s] [  0%] Built target actionlib_msgs_generate_messages_eus
[1.208s] [  0%] Built target roscpp_generate_messages_py
[1.208s] [  0%] Built target jsk_footstep_msgs_generate_messages_nodejs
[1.208s] [  0%] Built target pcl_msgs_generate_messages_cpp
[1.208s] [  0%] Built target rosgraph_msgs_generate_messages_py
[1.208s] [  0%] Built target sensor_msgs_generate_messages_py
[1.208s] [  0%] Built target pcl_msgs_generate_messages_lisp
[1.209s] [  0%] Built target sensor_msgs_generate_messages_eus
[1.209s] [  0%] Built target rosgraph_msgs_generate_messages_lisp
[1.273s] [  0%] Built target jsk_recognition_msgs_generate_messages_eus
[1.273s] [  0%] Built target sensor_msgs_generate_messages_cpp
[1.273s] [  0%] Built target jsk_recognition_msgs_generate_messages_py
[1.363s] [  0%] Built target std_msgs_generate_messages_py
[1.364s] [  0%] Built target pcl_msgs_generate_messages_nodejs
[1.364s] [  0%] Built target _catkin_empty_exported_target
[1.364s] [  0%] Built target autoware_msgs_generate_messages_py
[1.364s] [  0%] Built target sensor_msgs_generate_messages_nodejs
[1.364s] [  0%] Built target std_msgs_generate_messages_lisp
[1.364s] [  0%] Built target pcl_msgs_generate_messages_eus
[1.364s] [  0%] Built target rosgraph_msgs_generate_messages_cpp
[1.364s] [  0%] Built target rosgraph_msgs_generate_messages_eus
[1.364s] [  0%] Built target std_msgs_generate_messages_nodejs
[1.364s] [  0%] Built target geometry_msgs_generate_messages_py
[1.364s] [  0%] Built target autoware_msgs_generate_messages_cpp
[1.365s] [  0%] Built target jsk_recognition_msgs_generate_messages_nodejs
[1.365s] [  0%] Built target roscpp_generate_messages_cpp
[1.365s] [  0%] Built target jsk_recognition_msgs_generate_messages_lisp
[1.511s] [100%] Built target vision_lane_detect
[1.619s] Invoked command in '/home/autoware/Autoware/build/vision_lane_detect' returned '0': CMAKE_PREFIX_PATH=/home/autoware/Autoware/install/autoware_msgs:${CMAKE_PREFIX_PATH} PKG_CONFIG_PATH=/home/autoware/Autoware/install/autoware_msgs/lib/x86_64-linux-gnu/pkgconfig:/home/autoware/Autoware/install/autoware_msgs/lib/pkgconfig:${PKG_CONFIG_PATH} PYTHONPATH=/home/autoware/Autoware/install/autoware_msgs/lib/python2.7/dist-packages:${PYTHONPATH} ROS_PACKAGE_PATH=/home/autoware/Autoware/install/autoware_msgs/share:${ROS_PACKAGE_PATH} /usr/bin/cmake --build /home/autoware/Autoware/build/vision_lane_detect -- -j32 -l32
[2.062s] Invoking command in '/home/autoware/Autoware/build/vision_lane_detect': CMAKE_PREFIX_PATH=/home/autoware/Autoware/install/autoware_msgs:${CMAKE_PREFIX_PATH} PKG_CONFIG_PATH=/home/autoware/Autoware/install/autoware_msgs/lib/x86_64-linux-gnu/pkgconfig:/home/autoware/Autoware/install/autoware_msgs/lib/pkgconfig:${PKG_CONFIG_PATH} PYTHONPATH=/home/autoware/Autoware/install/autoware_msgs/lib/python2.7/dist-packages:${PYTHONPATH} ROS_PACKAGE_PATH=/home/autoware/Autoware/install/autoware_msgs/share:${ROS_PACKAGE_PATH} /usr/bin/cmake --build /home/autoware/Autoware/build/vision_lane_detect --target tests -- -j32 -l32
[2.363s] Built target tests
[2.488s] Invoked command in '/home/autoware/Autoware/build/vision_lane_detect' returned '0': CMAKE_PREFIX_PATH=/home/autoware/Autoware/install/autoware_msgs:${CMAKE_PREFIX_PATH} PKG_CONFIG_PATH=/home/autoware/Autoware/install/autoware_msgs/lib/x86_64-linux-gnu/pkgconfig:/home/autoware/Autoware/install/autoware_msgs/lib/pkgconfig:${PKG_CONFIG_PATH} PYTHONPATH=/home/autoware/Autoware/install/autoware_msgs/lib/python2.7/dist-packages:${PYTHONPATH} ROS_PACKAGE_PATH=/home/autoware/Autoware/install/autoware_msgs/share:${ROS_PACKAGE_PATH} /usr/bin/cmake --build /home/autoware/Autoware/build/vision_lane_detect --target tests -- -j32 -l32
[3.160s] Invoking command in '/home/autoware/Autoware/build/vision_lane_detect': CMAKE_PREFIX_PATH=/home/autoware/Autoware/install/autoware_msgs:${CMAKE_PREFIX_PATH} PKG_CONFIG_PATH=/home/autoware/Autoware/install/autoware_msgs/lib/x86_64-linux-gnu/pkgconfig:/home/autoware/Autoware/install/autoware_msgs/lib/pkgconfig:${PKG_CONFIG_PATH} PYTHONPATH=/home/autoware/Autoware/install/autoware_msgs/lib/python2.7/dist-packages:${PYTHONPATH} ROS_PACKAGE_PATH=/home/autoware/Autoware/install/autoware_msgs/share:${ROS_PACKAGE_PATH} /usr/bin/cmake --build /home/autoware/Autoware/build/vision_lane_detect --target install -- -j32 -l32
[3.470s] [  0%] Built target pcl_msgs_generate_messages_py
[3.470s] [  0%] Built target geometry_msgs_generate_messages_nodejs
[3.470s] [  0%] Built target jsk_footstep_msgs_generate_messages_nodejs
[3.470s] [  0%] Built target autoware_msgs_generate_messages_eus
[3.470s] [  0%] Built target geometry_msgs_generate_messages_cpp
[3.470s] [  0%] Built target sensor_msgs_generate_messages_py
[3.470s] [  0%] Built target actionlib_msgs_generate_messages_nodejs
[3.471s] [  0%] Built target jsk_footstep_msgs_generate_messages_py
[3.471s] [  0%] Built target autoware_msgs_generate_messages_nodejs
[3.471s] [  0%] Built target roscpp_generate_messages_eus
[3.471s] [  0%] Built target geometry_msgs_generate_messages_eus
[3.471s] [  0%] Built target actionlib_msgs_generate_messages_py
[3.471s] [  0%] Built target rosgraph_msgs_generate_messages_nodejs
[3.471s] [  0%] Built target actionlib_msgs_generate_messages_eus
[3.471s] [  0%] Built target rosgraph_msgs_generate_messages_py
[3.471s] [  0%] Built target pcl_msgs_generate_messages_cpp
[3.471s] [  0%] Built target geometry_msgs_generate_messages_lisp
[3.472s] [  0%] Built target jsk_footstep_msgs_generate_messages_cpp
[3.472s] [  0%] Built target autoware_msgs_generate_messages_lisp
[3.472s] [  0%] Built target std_msgs_generate_messages_cpp
[3.472s] [  0%] Built target actionlib_msgs_generate_messages_lisp
[3.472s] [  0%] Built target std_msgs_generate_messages_eus
[3.472s] [  0%] Built target jsk_footstep_msgs_generate_messages_eus
[3.472s] [  0%] Built target sensor_msgs_generate_messages_lisp
[3.472s] [  0%] Built target roscpp_generate_messages_nodejs
[3.472s] [  0%] Built target rosgraph_msgs_generate_messages_lisp
[3.473s] [  0%] Built target jsk_recognition_msgs_generate_messages_cpp
[3.473s] [  0%] Built target actionlib_msgs_generate_messages_cpp
[3.473s] [  0%] Built target pcl_msgs_generate_messages_lisp
[3.473s] [  0%] Built target jsk_footstep_msgs_generate_messages_lisp
[3.473s] [  0%] Built target roscpp_generate_messages_lisp
[3.473s] [  0%] Built target pcl_msgs_generate_messages_nodejs
[3.532s] [  0%] Built target roscpp_generate_messages_py
[3.532s] [  0%] Built target jsk_recognition_msgs_generate_messages_nodejs
[3.532s] [  0%] Built target jsk_recognition_msgs_generate_messages_py
[3.532s] [  0%] Built target jsk_recognition_msgs_generate_messages_eus
[3.532s] [  0%] Built target std_msgs_generate_messages_lisp
[3.532s] [  0%] Built target jsk_recognition_msgs_generate_messages_lisp
[3.571s] [  0%] Built target pcl_msgs_generate_messages_eus
[3.571s] [  0%] Built target sensor_msgs_generate_messages_nodejs
[3.571s] [  0%] Built target sensor_msgs_generate_messages_cpp
[3.571s] [  0%] Built target rosgraph_msgs_generate_messages_cpp
[3.571s] [  0%] Built target _catkin_empty_exported_target
[3.572s] [  0%] Built target autoware_msgs_generate_messages_cpp
[3.572s] [  0%] Built target std_msgs_generate_messages_py
[3.572s] [  0%] Built target geometry_msgs_generate_messages_py
[3.572s] [  0%] Built target roscpp_generate_messages_cpp
[3.581s] [  0%] Built target autoware_msgs_generate_messages_py
[3.581s] [  0%] Built target std_msgs_generate_messages_nodejs
[3.581s] [  0%] Built target rosgraph_msgs_generate_messages_eus
[3.581s] [  0%] Built target sensor_msgs_generate_messages_eus
[3.681s] [100%] Built target vision_lane_detect
[3.857s] Install the project...
[3.895s] -- Install configuration: "Release"
[3.895s] -- Up-to-date: /home/autoware/Autoware/install/vision_lane_detect/lib/pkgconfig/vision_lane_detect.pc
[3.895s] -- Up-to-date: /home/autoware/Autoware/install/vision_lane_detect/share/vision_lane_detect/cmake/vision_lane_detectConfig.cmake
[3.895s] -- Up-to-date: /home/autoware/Autoware/install/vision_lane_detect/share/vision_lane_detect/cmake/vision_lane_detectConfig-version.cmake
[3.895s] -- Up-to-date: /home/autoware/Autoware/install/vision_lane_detect/share/vision_lane_detect/package.xml
[3.895s] -- Up-to-date: /home/autoware/Autoware/install/vision_lane_detect/lib/vision_lane_detect/vision_lane_detect
[3.896s] Invoked command in '/home/autoware/Autoware/build/vision_lane_detect' returned '0': CMAKE_PREFIX_PATH=/home/autoware/Autoware/install/autoware_msgs:${CMAKE_PREFIX_PATH} PKG_CONFIG_PATH=/home/autoware/Autoware/install/autoware_msgs/lib/x86_64-linux-gnu/pkgconfig:/home/autoware/Autoware/install/autoware_msgs/lib/pkgconfig:${PKG_CONFIG_PATH} PYTHONPATH=/home/autoware/Autoware/install/autoware_msgs/lib/python2.7/dist-packages:${PYTHONPATH} ROS_PACKAGE_PATH=/home/autoware/Autoware/install/autoware_msgs/share:${ROS_PACKAGE_PATH} /usr/bin/cmake --build /home/autoware/Autoware/build/vision_lane_detect --target install -- -j32 -l32
