[  0%] Built target rosgraph_msgs_generate_messages_nodejs
[  0%] Built target std_msgs_generate_messages_lisp
[  0%] Built target actionlib_msgs_generate_messages_cpp
[  0%] Built target rosgraph_msgs_generate_messages_cpp
[  0%] Built target actionlib_msgs_generate_messages_lisp
[  0%] Built target pcl_msgs_generate_messages_eus
[  0%] Built target pcl_msgs_generate_messages_py
[  0%] Built target jsk_footstep_msgs_generate_messages_eus
[  0%] Built target pcl_msgs_generate_messages_lisp
[  0%] Built target rosgraph_msgs_generate_messages_lisp
[  0%] Built target autoware_msgs_generate_messages_cpp
[  0%] Built target actionlib_msgs_generate_messages_py
[  0%] Built target roscpp_generate_messages_py
[  0%] Built target pcl_msgs_generate_messages_nodejs
[  0%] Built target roscpp_generate_messages_lisp
[  0%] Built target std_msgs_generate_messages_nodejs
[  0%] Built target jsk_footstep_msgs_generate_messages_nodejs
[  0%] Built target sensor_msgs_generate_messages_cpp
[  0%] Built target sensor_msgs_generate_messages_nodejs
[  0%] Built target sensor_msgs_generate_messages_eus
[  0%] Built target autoware_config_msgs_generate_messages_lisp
[  0%] Built target jsk_footstep_msgs_generate_messages_lisp
[  0%] Built target actionlib_msgs_generate_messages_nodejs
[  0%] Built target autoware_msgs_generate_messages_eus
[  0%] Built target std_msgs_generate_messages_py
[  0%] Built target autoware_config_msgs_generate_messages_py
[  0%] Built target std_msgs_generate_messages_eus
[  0%] Built target autoware_msgs_generate_messages_nodejs
[  0%] Built target sensor_msgs_generate_messages_py
[  0%] Built target actionlib_msgs_generate_messages_eus
[  0%] Built target jsk_recognition_msgs_generate_messages_cpp
[  0%] Built target autoware_msgs_generate_messages_py
[  0%] Built target rosgraph_msgs_generate_messages_py
[  0%] Built target jsk_recognition_msgs_generate_messages_py
[  0%] Built target std_msgs_generate_messages_cpp
[  0%] Built target autoware_msgs_generate_messages_lisp
[  0%] Built target autoware_config_msgs_generate_messages_eus
[  0%] Built target pcl_msgs_generate_messages_cpp
[  0%] Built target jsk_footstep_msgs_generate_messages_py
[  0%] Built target sensor_msgs_generate_messages_lisp
[  0%] Built target roscpp_generate_messages_nodejs
[  0%] Built target roscpp_generate_messages_eus
[  0%] Built target autoware_config_msgs_generate_messages_nodejs
[  0%] Built target jsk_recognition_msgs_generate_messages_nodejs
[  0%] Built target geometry_msgs_generate_messages_cpp
[  0%] Built target jsk_recognition_msgs_generate_messages_eus
[  0%] Built target geometry_msgs_generate_messages_lisp
[  0%] Built target autoware_config_msgs_generate_messages_cpp
[  0%] Built target geometry_msgs_generate_messages_nodejs
[  0%] Built target jsk_recognition_msgs_generate_messages_lisp
[  0%] Built target jsk_footstep_msgs_generate_messages_cpp
[  0%] Built target geometry_msgs_generate_messages_eus
[  0%] Built target roscpp_generate_messages_cpp
[  0%] Built target geometry_msgs_generate_messages_py
[  0%] Built target rosgraph_msgs_generate_messages_eus
[ 94%] Built target vision_darknet_detect_lib
[35m[1mScanning dependencies of target vision_darknet_detect[0m
[ 96%] [32mBuilding CXX object CMakeFiles/vision_darknet_detect.dir/src/vision_darknet_detect_node.cpp.o[0m
[ 98%] [32mBuilding CXX object CMakeFiles/vision_darknet_detect.dir/src/vision_darknet_detect.cpp.o[0m
In file included from [01m[K/home/autoware/Autoware/src/autoware/core_perception/vision_darknet_detect/src/vision_darknet_detect.cpp:22:0[m[K:
[01m[K/home/autoware/Autoware/src/autoware/core_perception/vision_darknet_detect/src/vision_darknet_detect.h:118:87:[m[K [01;31m[Kerror: [m[Kexpected ‘[01m[K;[m[K’ at end of member declaration
     void                            fit_flag_callback(const std_msgs::Int64& fault_msg[01;31m[K)[m[K
                                                                                       [01;31m[K^[m[K
In file included from [01m[K/home/autoware/Autoware/src/autoware/core_perception/vision_darknet_detect/src/vision_darknet_detect_node.cpp:21:0[m[K:
[01m[K/home/autoware/Autoware/src/autoware/core_perception/vision_darknet_detect/src/vision_darknet_detect.h:118:87:[m[K [01;31m[Kerror: [m[Kexpected ‘[01m[K;[m[K’ at end of member declaration
     void                            fit_flag_callback(const std_msgs::Int64& fault_msg[01;31m[K)[m[K
                                                                                       [01;31m[K^[m[K
In file included from [01m[K/opt/ros/melodic/include/ros/ros.h:40:0[m[K,
                 from [01m[K/opt/ros/melodic/include/image_transport/publisher.h:38[m[K,
                 from [01m[K/opt/ros/melodic/include/image_transport/image_transport.h:38[m[K,
                 from [01m[K/home/autoware/Autoware/src/autoware/core_perception/vision_darknet_detect/src/vision_darknet_detect.h:33[m[K,
                 from [01m[K/home/autoware/Autoware/src/autoware/core_perception/vision_darknet_detect/src/vision_darknet_detect.cpp:22[m[K:
[01m[K/home/autoware/Autoware/src/autoware/core_perception/vision_darknet_detect/src/vision_darknet_detect.cpp:[m[K In member function ‘[01m[Kvoid Yolo3DetectorNode::fit_flag_callback(const Int64&)[m[K’:
[01m[K/home/autoware/Autoware/src/autoware/core_perception/vision_darknet_detect/src/vision_darknet_detect.cpp:252:41:[m[K [01;31m[Kerror: [m[Kbase operand of ‘[01m[K->[m[K’ has non-pointer type ‘[01m[Kconst Int64 {aka const std_msgs::Int64_<std::allocator<void> >}[m[K’
     ROS_INFO("Fault flag: %d", fault_msg[01;31m[K-[m[K>data);
                                         [01;31m[K^[m[K
[01m[K/opt/ros/melodic/include/ros/console.h:348:165:[m[K [01;36m[Knote: [m[Kin definition of macro ‘[01m[KROSCONSOLE_PRINT_AT_LOCATION_WITH_FILTER[m[K’
     ::ros::console::print(filter, __rosconsole_define_location__loc.logger_, __rosconsole_define_location__loc.level_, __FILE__, __LINE__, __ROSCONSOLE_FUNCTION__, [01;36m[K__VA_ARGS__[m[K)
                                                                                                                                                                     [01;36m[K^~~~~~~~~~~[m[K
[01m[K/opt/ros/melodic/include/ros/console.h:387:7:[m[K [01;36m[Knote: [m[Kin expansion of macro ‘[01m[KROSCONSOLE_PRINT_AT_LOCATION[m[K’
       [01;36m[KROSCONSOLE_PRINT_AT_LOCATION[m[K(__VA_ARGS__); \
       [01;36m[K^~~~~~~~~~~~~~~~~~~~~~~~~~~~[m[K
[01m[K/opt/ros/melodic/include/ros/console.h:572:35:[m[K [01;36m[Knote: [m[Kin expansion of macro ‘[01m[KROS_LOG_COND[m[K’
 #define ROS_LOG(level, name, ...) [01;36m[KROS_LOG_COND[m[K(true, level, name, __VA_ARGS__)
                                   [01;36m[K^~~~~~~~~~~~[m[K
[01m[K/opt/ros/melodic/include/rosconsole/macros_generated.h:110:23:[m[K [01;36m[Knote: [m[Kin expansion of macro ‘[01m[KROS_LOG[m[K’
 #define ROS_INFO(...) [01;36m[KROS_LOG[m[K(::ros::console::levels::Info, ROSCONSOLE_DEFAULT_NAME, __VA_ARGS__)
                       [01;36m[K^~~~~~~[m[K
[01m[K/home/autoware/Autoware/src/autoware/core_perception/vision_darknet_detect/src/vision_darknet_detect.cpp:252:5:[m[K [01;36m[Knote: [m[Kin expansion of macro ‘[01m[KROS_INFO[m[K’
     [01;36m[KR[m[KOS_INFO("Fault flag: %d", fault_msg->data);
     [01;36m[K^[m[K
[01m[K/home/autoware/Autoware/src/autoware/core_perception/vision_darknet_detect/src/vision_darknet_detect.cpp:[m[K In member function ‘[01m[Kvoid Yolo3DetectorNode::Run()[m[K’:
[01m[K/home/autoware/Autoware/src/autoware/core_perception/vision_darknet_detect/src/vision_darknet_detect.cpp:396:5:[m[K [01;31m[Kerror: [m[Kexpected ‘[01m[K;[m[K’ before ‘[01m[Kstd[m[K’
     [01;31m[Kstd[m[K::string config_topic("/config");
     [01;31m[K^~~[m[K
[01m[K/home/autoware/Autoware/src/autoware/core_perception/vision_darknet_detect/src/vision_darknet_detect.cpp:397:5:[m[K [01;31m[Kerror: [m[K‘[01m[Kconfig_topic[m[K’ was not declared in this scope
     [01;31m[Kconfig_topic[m[K += "/Yolo3";
     [01;31m[K^~~~~~~~~~~~[m[K
[01m[K/home/autoware/Autoware/src/autoware/core_perception/vision_darknet_detect/src/vision_darknet_detect.cpp:397:5:[m[K [01;36m[Knote: [m[Ksuggested alternative: ‘[01m[Kconfig_cb[m[K’
     [01;36m[Kconfig_topic[m[K += "/Yolo3";
     [01;36m[K^~~~~~~~~~~~[m[K
     [32m[Kconfig_cb[m[K
CMakeFiles/vision_darknet_detect.dir/build.make:62: recipe for target 'CMakeFiles/vision_darknet_detect.dir/src/vision_darknet_detect_node.cpp.o' failed
make[2]: *** [CMakeFiles/vision_darknet_detect.dir/src/vision_darknet_detect_node.cpp.o] Error 1
make[2]: *** Waiting for unfinished jobs....
CMakeFiles/vision_darknet_detect.dir/build.make:86: recipe for target 'CMakeFiles/vision_darknet_detect.dir/src/vision_darknet_detect.cpp.o' failed
make[2]: *** [CMakeFiles/vision_darknet_detect.dir/src/vision_darknet_detect.cpp.o] Error 1
CMakeFiles/Makefile2:122: recipe for target 'CMakeFiles/vision_darknet_detect.dir/all' failed
make[1]: *** [CMakeFiles/vision_darknet_detect.dir/all] Error 2
Makefile:140: recipe for target 'all' failed
make: *** [all] Error 2
