[0.450s] Invoking command in '/home/autoware/Autoware/build/autoware_rviz_plugins': CMAKE_PREFIX_PATH=/home/autoware/Autoware/install/autoware_build_flags:${CMAKE_PREFIX_PATH} PKG_CONFIG_PATH=/home/autoware/Autoware/install/autoware_build_flags/lib/x86_64-linux-gnu/pkgconfig:/home/autoware/Autoware/install/autoware_build_flags/lib/pkgconfig:${PKG_CONFIG_PATH} ROS_PACKAGE_PATH=/home/autoware/Autoware/install/autoware_build_flags/share:${ROS_PACKAGE_PATH} /usr/bin/cmake --build /home/autoware/Autoware/build/autoware_rviz_plugins -- -j32 -l32
[0.630s] [ 20%] Automatic MOC for target autoware_rviz_plugins
[0.630s] [ 20%] Built target autoware_rviz_plugins_autogen
[0.668s] [100%] Built target autoware_rviz_plugins
[0.802s] Invoked command in '/home/autoware/Autoware/build/autoware_rviz_plugins' returned '0': CMAKE_PREFIX_PATH=/home/autoware/Autoware/install/autoware_build_flags:${CMAKE_PREFIX_PATH} PKG_CONFIG_PATH=/home/autoware/Autoware/install/autoware_build_flags/lib/x86_64-linux-gnu/pkgconfig:/home/autoware/Autoware/install/autoware_build_flags/lib/pkgconfig:${PKG_CONFIG_PATH} ROS_PACKAGE_PATH=/home/autoware/Autoware/install/autoware_build_flags/share:${ROS_PACKAGE_PATH} /usr/bin/cmake --build /home/autoware/Autoware/build/autoware_rviz_plugins -- -j32 -l32
[0.973s] Invoking command in '/home/autoware/Autoware/build/autoware_rviz_plugins': CMAKE_PREFIX_PATH=/home/autoware/Autoware/install/autoware_build_flags:${CMAKE_PREFIX_PATH} PKG_CONFIG_PATH=/home/autoware/Autoware/install/autoware_build_flags/lib/x86_64-linux-gnu/pkgconfig:/home/autoware/Autoware/install/autoware_build_flags/lib/pkgconfig:${PKG_CONFIG_PATH} ROS_PACKAGE_PATH=/home/autoware/Autoware/install/autoware_build_flags/share:${ROS_PACKAGE_PATH} /usr/bin/cmake --build /home/autoware/Autoware/build/autoware_rviz_plugins --target tests -- -j32 -l32
[1.126s] Built target tests
[1.235s] Invoked command in '/home/autoware/Autoware/build/autoware_rviz_plugins' returned '0': CMAKE_PREFIX_PATH=/home/autoware/Autoware/install/autoware_build_flags:${CMAKE_PREFIX_PATH} PKG_CONFIG_PATH=/home/autoware/Autoware/install/autoware_build_flags/lib/x86_64-linux-gnu/pkgconfig:/home/autoware/Autoware/install/autoware_build_flags/lib/pkgconfig:${PKG_CONFIG_PATH} ROS_PACKAGE_PATH=/home/autoware/Autoware/install/autoware_build_flags/share:${ROS_PACKAGE_PATH} /usr/bin/cmake --build /home/autoware/Autoware/build/autoware_rviz_plugins --target tests -- -j32 -l32
[1.529s] Invoking command in '/home/autoware/Autoware/build/autoware_rviz_plugins': CMAKE_PREFIX_PATH=/home/autoware/Autoware/install/autoware_build_flags:${CMAKE_PREFIX_PATH} PKG_CONFIG_PATH=/home/autoware/Autoware/install/autoware_build_flags/lib/x86_64-linux-gnu/pkgconfig:/home/autoware/Autoware/install/autoware_build_flags/lib/pkgconfig:${PKG_CONFIG_PATH} ROS_PACKAGE_PATH=/home/autoware/Autoware/install/autoware_build_flags/share:${ROS_PACKAGE_PATH} /usr/bin/cmake --build /home/autoware/Autoware/build/autoware_rviz_plugins --target install -- -j32 -l32
[1.915s] [ 20%] Automatic MOC for target autoware_rviz_plugins
[1.916s] [ 20%] Built target autoware_rviz_plugins_autogen
[1.917s] [100%] Built target autoware_rviz_plugins
[1.920s] Install the project...
[1.920s] -- Install configuration: "Release"
[1.921s] -- Up-to-date: /home/autoware/Autoware/install/autoware_rviz_plugins/lib/pkgconfig/autoware_rviz_plugins.pc
[1.921s] -- Up-to-date: /home/autoware/Autoware/install/autoware_rviz_plugins/share/autoware_rviz_plugins/cmake/autoware_rviz_pluginsConfig.cmake
[1.921s] -- Up-to-date: /home/autoware/Autoware/install/autoware_rviz_plugins/share/autoware_rviz_plugins/cmake/autoware_rviz_pluginsConfig-version.cmake
[1.921s] -- Up-to-date: /home/autoware/Autoware/install/autoware_rviz_plugins/share/autoware_rviz_plugins/package.xml
[1.921s] -- Up-to-date: /home/autoware/Autoware/install/autoware_rviz_plugins/lib/libautoware_rviz_plugins.so
[1.922s] -- Up-to-date: /home/autoware/Autoware/install/autoware_rviz_plugins/share/autoware_rviz_plugins/media
[1.922s] -- Up-to-date: /home/autoware/Autoware/install/autoware_rviz_plugins/share/autoware_rviz_plugins/media/flag.dae
[1.923s] -- Up-to-date: /home/autoware/Autoware/install/autoware_rviz_plugins/share/autoware_rviz_plugins/icons
[1.923s] -- Up-to-date: /home/autoware/Autoware/install/autoware_rviz_plugins/share/autoware_rviz_plugins/icons/classes
[1.923s] -- Up-to-date: /home/autoware/Autoware/install/autoware_rviz_plugins/share/autoware_rviz_plugins/icons/classes/OpFlag.png
[1.923s] -- Up-to-date: /home/autoware/Autoware/install/autoware_rviz_plugins/share/autoware_rviz_plugins/plugin_description.xml
[2.198s] Invoked command in '/home/autoware/Autoware/build/autoware_rviz_plugins' returned '0': CMAKE_PREFIX_PATH=/home/autoware/Autoware/install/autoware_build_flags:${CMAKE_PREFIX_PATH} PKG_CONFIG_PATH=/home/autoware/Autoware/install/autoware_build_flags/lib/x86_64-linux-gnu/pkgconfig:/home/autoware/Autoware/install/autoware_build_flags/lib/pkgconfig:${PKG_CONFIG_PATH} ROS_PACKAGE_PATH=/home/autoware/Autoware/install/autoware_build_flags/share:${ROS_PACKAGE_PATH} /usr/bin/cmake --build /home/autoware/Autoware/build/autoware_rviz_plugins --target install -- -j32 -l32
