[0.462s] Invoking command in '/home/autoware/Autoware/build/emergency_handler': CMAKE_PREFIX_PATH=/home/autoware/Autoware/install/autoware_health_checker:/home/autoware/Autoware/install/ros_observer:/home/autoware/Autoware/install/autoware_system_msgs:/home/autoware/Autoware/install/autoware_msgs:${CMAKE_PREFIX_PATH} LD_LIBRARY_PATH=/home/autoware/Autoware/install/autoware_health_checker/lib:/home/autoware/Autoware/install/ros_observer/lib:${LD_LIBRARY_PATH} PKG_CONFIG_PATH=/home/autoware/Autoware/install/autoware_health_checker/lib/x86_64-linux-gnu/pkgconfig:/home/autoware/Autoware/install/autoware_health_checker/lib/pkgconfig:/home/autoware/Autoware/install/ros_observer/lib/x86_64-linux-gnu/pkgconfig:/home/autoware/Autoware/install/ros_observer/lib/pkgconfig:/home/autoware/Autoware/install/autoware_system_msgs/lib/x86_64-linux-gnu/pkgconfig:/home/autoware/Autoware/install/autoware_system_msgs/lib/pkgconfig:/home/autoware/Autoware/install/autoware_msgs/lib/x86_64-linux-gnu/pkgconfig:/home/autoware/Autoware/install/autoware_msgs/lib/pkgconfig:${PKG_CONFIG_PATH} PYTHONPATH=/home/autoware/Autoware/install/autoware_system_msgs/lib/python2.7/dist-packages:/home/autoware/Autoware/install/autoware_msgs/lib/python2.7/dist-packages:${PYTHONPATH} ROS_PACKAGE_PATH=/home/autoware/Autoware/install/autoware_health_checker/share:/home/autoware/Autoware/install/ros_observer/share:/home/autoware/Autoware/install/autoware_system_msgs/share:/home/autoware/Autoware/install/autoware_msgs/share:${ROS_PACKAGE_PATH} /usr/bin/cmake --build /home/autoware/Autoware/build/emergency_handler -- -j32 -l32
[0.708s] [  0%] Built target std_msgs_generate_messages_eus
[0.708s] [  0%] Built target autoware_msgs_generate_messages_eus
[0.708s] [  0%] Built target rosgraph_msgs_generate_messages_py
[0.708s] [  0%] Built target jsk_recognition_msgs_generate_messages_py
[0.708s] [  0%] Built target jsk_recognition_msgs_generate_messages_cpp
[0.709s] [  0%] Built target autoware_msgs_generate_messages_cpp
[0.709s] [  0%] Built target geometry_msgs_generate_messages_lisp
[0.711s] [  0%] Built target rosgraph_msgs_generate_messages_eus
[0.711s] [  0%] Built target geometry_msgs_generate_messages_eus
[0.711s] [  0%] Built target std_msgs_generate_messages_nodejs
[0.712s] [  0%] Built target std_msgs_generate_messages_py
[0.712s] [  0%] Built target roscpp_generate_messages_nodejs
[0.712s] [  0%] Built target autoware_system_msgs_generate_messages_lisp
[0.712s] [  0%] Built target std_msgs_generate_messages_cpp
[0.712s] [  0%] Built target rosgraph_msgs_generate_messages_nodejs
[0.712s] [  0%] Built target rosgraph_msgs_generate_messages_lisp
[0.714s] [  0%] Built target jsk_recognition_msgs_generate_messages_eus
[0.715s] [  0%] Built target autoware_system_msgs_generate_messages_eus
[0.715s] [  0%] Built target std_msgs_generate_messages_lisp
[0.715s] [  0%] Built target geometry_msgs_generate_messages_py
[0.715s] [  0%] Built target roscpp_generate_messages_eus
[0.715s] [  0%] Built target actionlib_msgs_generate_messages_eus
[0.715s] [  0%] Built target geometry_msgs_generate_messages_nodejs
[0.715s] [  0%] Built target geometry_msgs_generate_messages_cpp
[0.715s] [  0%] Built target actionlib_msgs_generate_messages_nodejs
[0.715s] [  0%] Built target autoware_msgs_generate_messages_lisp
[0.716s] [  0%] Built target autoware_msgs_generate_messages_nodejs
[0.716s] [  0%] Built target autoware_msgs_generate_messages_py
[0.717s] [  0%] Built target sensor_msgs_generate_messages_cpp
[0.718s] [  0%] Built target sensor_msgs_generate_messages_eus
[0.719s] [  0%] Built target sensor_msgs_generate_messages_lisp
[0.719s] [  0%] Built target autoware_system_msgs_generate_messages_cpp
[0.719s] [  0%] Built target jsk_footstep_msgs_generate_messages_py
[0.720s] [  0%] Built target jsk_recognition_msgs_generate_messages_lisp
[0.720s] [  0%] Built target pcl_msgs_generate_messages_lisp
[0.720s] [  0%] Built target sensor_msgs_generate_messages_nodejs
[0.720s] [  0%] Built target sensor_msgs_generate_messages_py
[0.720s] [  0%] Built target roscpp_generate_messages_cpp
[0.720s] [  0%] Built target pcl_msgs_generate_messages_eus
[0.720s] [  0%] Built target actionlib_msgs_generate_messages_lisp
[0.720s] [  0%] Built target jsk_footstep_msgs_generate_messages_cpp
[0.720s] [  0%] Built target pcl_msgs_generate_messages_nodejs
[0.720s] [  0%] Built target actionlib_msgs_generate_messages_cpp
[0.720s] [  0%] Built target autoware_system_msgs_generate_messages_py
[0.720s] [  0%] Built target pcl_msgs_generate_messages_py
[0.721s] [  0%] Built target pcl_msgs_generate_messages_cpp
[0.721s] [  0%] Built target roscpp_generate_messages_lisp
[0.722s] [  0%] Built target autoware_system_msgs_generate_messages_nodejs
[0.722s] [  0%] Built target roscpp_generate_messages_py
[0.722s] [  0%] Built target rosgraph_msgs_generate_messages_cpp
[0.723s] [  0%] Built target jsk_footstep_msgs_generate_messages_lisp
[0.723s] [  0%] Built target jsk_footstep_msgs_generate_messages_nodejs
[0.723s] [  0%] Built target actionlib_msgs_generate_messages_py
[0.723s] [  0%] Built target jsk_footstep_msgs_generate_messages_eus
[0.723s] [  0%] Built target jsk_recognition_msgs_generate_messages_nodejs
[0.723s] [ 37%] Built target system_status_filter
[0.842s] [100%] Built target emergency_handler
[1.020s] Invoked command in '/home/autoware/Autoware/build/emergency_handler' returned '0': CMAKE_PREFIX_PATH=/home/autoware/Autoware/install/autoware_health_checker:/home/autoware/Autoware/install/ros_observer:/home/autoware/Autoware/install/autoware_system_msgs:/home/autoware/Autoware/install/autoware_msgs:${CMAKE_PREFIX_PATH} LD_LIBRARY_PATH=/home/autoware/Autoware/install/autoware_health_checker/lib:/home/autoware/Autoware/install/ros_observer/lib:${LD_LIBRARY_PATH} PKG_CONFIG_PATH=/home/autoware/Autoware/install/autoware_health_checker/lib/x86_64-linux-gnu/pkgconfig:/home/autoware/Autoware/install/autoware_health_checker/lib/pkgconfig:/home/autoware/Autoware/install/ros_observer/lib/x86_64-linux-gnu/pkgconfig:/home/autoware/Autoware/install/ros_observer/lib/pkgconfig:/home/autoware/Autoware/install/autoware_system_msgs/lib/x86_64-linux-gnu/pkgconfig:/home/autoware/Autoware/install/autoware_system_msgs/lib/pkgconfig:/home/autoware/Autoware/install/autoware_msgs/lib/x86_64-linux-gnu/pkgconfig:/home/autoware/Autoware/install/autoware_msgs/lib/pkgconfig:${PKG_CONFIG_PATH} PYTHONPATH=/home/autoware/Autoware/install/autoware_system_msgs/lib/python2.7/dist-packages:/home/autoware/Autoware/install/autoware_msgs/lib/python2.7/dist-packages:${PYTHONPATH} ROS_PACKAGE_PATH=/home/autoware/Autoware/install/autoware_health_checker/share:/home/autoware/Autoware/install/ros_observer/share:/home/autoware/Autoware/install/autoware_system_msgs/share:/home/autoware/Autoware/install/autoware_msgs/share:${ROS_PACKAGE_PATH} /usr/bin/cmake --build /home/autoware/Autoware/build/emergency_handler -- -j32 -l32
[2.082s] Invoking command in '/home/autoware/Autoware/build/emergency_handler': CMAKE_PREFIX_PATH=/home/autoware/Autoware/install/autoware_health_checker:/home/autoware/Autoware/install/ros_observer:/home/autoware/Autoware/install/autoware_system_msgs:/home/autoware/Autoware/install/autoware_msgs:${CMAKE_PREFIX_PATH} LD_LIBRARY_PATH=/home/autoware/Autoware/install/autoware_health_checker/lib:/home/autoware/Autoware/install/ros_observer/lib:${LD_LIBRARY_PATH} PKG_CONFIG_PATH=/home/autoware/Autoware/install/autoware_health_checker/lib/x86_64-linux-gnu/pkgconfig:/home/autoware/Autoware/install/autoware_health_checker/lib/pkgconfig:/home/autoware/Autoware/install/ros_observer/lib/x86_64-linux-gnu/pkgconfig:/home/autoware/Autoware/install/ros_observer/lib/pkgconfig:/home/autoware/Autoware/install/autoware_system_msgs/lib/x86_64-linux-gnu/pkgconfig:/home/autoware/Autoware/install/autoware_system_msgs/lib/pkgconfig:/home/autoware/Autoware/install/autoware_msgs/lib/x86_64-linux-gnu/pkgconfig:/home/autoware/Autoware/install/autoware_msgs/lib/pkgconfig:${PKG_CONFIG_PATH} PYTHONPATH=/home/autoware/Autoware/install/autoware_system_msgs/lib/python2.7/dist-packages:/home/autoware/Autoware/install/autoware_msgs/lib/python2.7/dist-packages:${PYTHONPATH} ROS_PACKAGE_PATH=/home/autoware/Autoware/install/autoware_health_checker/share:/home/autoware/Autoware/install/ros_observer/share:/home/autoware/Autoware/install/autoware_system_msgs/share:/home/autoware/Autoware/install/autoware_msgs/share:${ROS_PACKAGE_PATH} /usr/bin/cmake --build /home/autoware/Autoware/build/emergency_handler --target tests -- -j32 -l32
[2.441s] [  0%] Built target jsk_recognition_msgs_generate_messages_lisp
[2.441s] [  0%] Built target std_msgs_generate_messages_eus
[2.441s] [  0%] Built target rosgraph_msgs_generate_messages_py
[2.441s] [  0%] Built target sensor_msgs_generate_messages_cpp
[2.441s] [  0%] Built target geometry_msgs_generate_messages_cpp
[2.441s] [  0%] Built target jsk_recognition_msgs_generate_messages_eus
[2.441s] [  0%] Built target autoware_msgs_generate_messages_nodejs
[2.442s] [  0%] Built target geometry_msgs_generate_messages_lisp
[2.442s] [  0%] Built target geometry_msgs_generate_messages_py
[2.442s] [  0%] Built target autoware_msgs_generate_messages_cpp
[2.442s] [  0%] Built target std_msgs_generate_messages_nodejs
[2.442s] [  0%] Built target std_msgs_generate_messages_cpp
[2.442s] [  0%] Built target autoware_system_msgs_generate_messages_cpp
[2.442s] [  0%] Built target rosgraph_msgs_generate_messages_eus
[2.442s] [  0%] Built target jsk_recognition_msgs_generate_messages_cpp
[2.475s] [  0%] Built target jsk_footstep_msgs_generate_messages_py
[2.475s] [  0%] Built target jsk_recognition_msgs_generate_messages_py
[2.475s] [  0%] Built target sensor_msgs_generate_messages_lisp
[2.476s] [  0%] Built target autoware_system_msgs_generate_messages_lisp
[2.476s] [  0%] Built target actionlib_msgs_generate_messages_eus
[2.476s] [  0%] Built target autoware_msgs_generate_messages_lisp
[2.476s] [  0%] Built target autoware_system_msgs_generate_messages_eus
[2.476s] [  0%] Built target autoware_msgs_generate_messages_eus
[2.476s] [  0%] Built target geometry_msgs_generate_messages_nodejs
[2.476s] [  0%] Built target geometry_msgs_generate_messages_eus
[2.476s] [  0%] Built target roscpp_generate_messages_nodejs
[2.476s] [  0%] Built target std_msgs_generate_messages_lisp
[2.476s] [ 20%] Built target gtest
[2.476s] [ 20%] Built target roscpp_generate_messages_eus
[2.476s] [ 20%] Built target std_msgs_generate_messages_py
[2.476s] [ 20%] Built target rosgraph_msgs_generate_messages_nodejs
[2.477s] [ 20%] Built target rosgraph_msgs_generate_messages_lisp
[2.477s] [ 20%] Built target actionlib_msgs_generate_messages_nodejs
[2.477s] [ 20%] Built target pcl_msgs_generate_messages_py
[2.477s] [ 20%] Built target autoware_msgs_generate_messages_py
[2.477s] [ 20%] Built target sensor_msgs_generate_messages_nodejs
[2.477s] [ 20%] Built target sensor_msgs_generate_messages_eus
[2.477s] [ 20%] Built target pcl_msgs_generate_messages_cpp
[2.477s] [ 20%] Built target autoware_system_msgs_generate_messages_py
[2.477s] [ 20%] Built target autoware_system_msgs_generate_messages_nodejs
[2.538s] [ 20%] Built target sensor_msgs_generate_messages_py
[2.538s] [ 20%] Built target pcl_msgs_generate_messages_nodejs
[2.538s] [ 20%] Built target rosgraph_msgs_generate_messages_cpp
[2.538s] [ 20%] Built target jsk_footstep_msgs_generate_messages_nodejs
[2.538s] [ 20%] Built target actionlib_msgs_generate_messages_lisp
[2.538s] [ 20%] Built target jsk_footstep_msgs_generate_messages_cpp
[2.538s] [ 20%] Built target jsk_recognition_msgs_generate_messages_nodejs
[2.552s] [ 20%] Built target pcl_msgs_generate_messages_lisp
[2.553s] [ 20%] Built target actionlib_msgs_generate_messages_py
[2.553s] [ 20%] Built target actionlib_msgs_generate_messages_cpp
[2.553s] [ 20%] Built target roscpp_generate_messages_cpp
[2.553s] [ 20%] Built target jsk_footstep_msgs_generate_messages_lisp
[2.553s] [ 20%] Built target pcl_msgs_generate_messages_eus
[2.553s] [ 20%] Built target jsk_footstep_msgs_generate_messages_eus
[2.553s] [ 20%] Built target roscpp_generate_messages_lisp
[2.553s] [ 20%] Built target roscpp_generate_messages_py
[2.654s] [ 50%] Built target system_status_filter
[2.764s] [100%] Built target test_emergency_handler
[2.912s] [100%] Built target tests
[3.073s] Invoked command in '/home/autoware/Autoware/build/emergency_handler' returned '0': CMAKE_PREFIX_PATH=/home/autoware/Autoware/install/autoware_health_checker:/home/autoware/Autoware/install/ros_observer:/home/autoware/Autoware/install/autoware_system_msgs:/home/autoware/Autoware/install/autoware_msgs:${CMAKE_PREFIX_PATH} LD_LIBRARY_PATH=/home/autoware/Autoware/install/autoware_health_checker/lib:/home/autoware/Autoware/install/ros_observer/lib:${LD_LIBRARY_PATH} PKG_CONFIG_PATH=/home/autoware/Autoware/install/autoware_health_checker/lib/x86_64-linux-gnu/pkgconfig:/home/autoware/Autoware/install/autoware_health_checker/lib/pkgconfig:/home/autoware/Autoware/install/ros_observer/lib/x86_64-linux-gnu/pkgconfig:/home/autoware/Autoware/install/ros_observer/lib/pkgconfig:/home/autoware/Autoware/install/autoware_system_msgs/lib/x86_64-linux-gnu/pkgconfig:/home/autoware/Autoware/install/autoware_system_msgs/lib/pkgconfig:/home/autoware/Autoware/install/autoware_msgs/lib/x86_64-linux-gnu/pkgconfig:/home/autoware/Autoware/install/autoware_msgs/lib/pkgconfig:${PKG_CONFIG_PATH} PYTHONPATH=/home/autoware/Autoware/install/autoware_system_msgs/lib/python2.7/dist-packages:/home/autoware/Autoware/install/autoware_msgs/lib/python2.7/dist-packages:${PYTHONPATH} ROS_PACKAGE_PATH=/home/autoware/Autoware/install/autoware_health_checker/share:/home/autoware/Autoware/install/ros_observer/share:/home/autoware/Autoware/install/autoware_system_msgs/share:/home/autoware/Autoware/install/autoware_msgs/share:${ROS_PACKAGE_PATH} /usr/bin/cmake --build /home/autoware/Autoware/build/emergency_handler --target tests -- -j32 -l32
[3.499s] Invoking command in '/home/autoware/Autoware/build/emergency_handler': CMAKE_PREFIX_PATH=/home/autoware/Autoware/install/autoware_health_checker:/home/autoware/Autoware/install/ros_observer:/home/autoware/Autoware/install/autoware_system_msgs:/home/autoware/Autoware/install/autoware_msgs:${CMAKE_PREFIX_PATH} LD_LIBRARY_PATH=/home/autoware/Autoware/install/autoware_health_checker/lib:/home/autoware/Autoware/install/ros_observer/lib:${LD_LIBRARY_PATH} PKG_CONFIG_PATH=/home/autoware/Autoware/install/autoware_health_checker/lib/x86_64-linux-gnu/pkgconfig:/home/autoware/Autoware/install/autoware_health_checker/lib/pkgconfig:/home/autoware/Autoware/install/ros_observer/lib/x86_64-linux-gnu/pkgconfig:/home/autoware/Autoware/install/ros_observer/lib/pkgconfig:/home/autoware/Autoware/install/autoware_system_msgs/lib/x86_64-linux-gnu/pkgconfig:/home/autoware/Autoware/install/autoware_system_msgs/lib/pkgconfig:/home/autoware/Autoware/install/autoware_msgs/lib/x86_64-linux-gnu/pkgconfig:/home/autoware/Autoware/install/autoware_msgs/lib/pkgconfig:${PKG_CONFIG_PATH} PYTHONPATH=/home/autoware/Autoware/install/autoware_system_msgs/lib/python2.7/dist-packages:/home/autoware/Autoware/install/autoware_msgs/lib/python2.7/dist-packages:${PYTHONPATH} ROS_PACKAGE_PATH=/home/autoware/Autoware/install/autoware_health_checker/share:/home/autoware/Autoware/install/ros_observer/share:/home/autoware/Autoware/install/autoware_system_msgs/share:/home/autoware/Autoware/install/autoware_msgs/share:${ROS_PACKAGE_PATH} /usr/bin/cmake --build /home/autoware/Autoware/build/emergency_handler --target install -- -j32 -l32
[4.035s] [  0%] Built target sensor_msgs_generate_messages_cpp
[4.047s] [  0%] Built target roscpp_generate_messages_eus
[4.110s] [  0%] Built target rosgraph_msgs_generate_messages_py
[4.357s] [  0%] Built target autoware_system_msgs_generate_messages_cpp
[4.357s] [  0%] Built target actionlib_msgs_generate_messages_nodejs
[4.357s] [  0%] Built target autoware_system_msgs_generate_messages_eus
[4.357s] [  0%] Built target std_msgs_generate_messages_eus
[4.357s] [  0%] Built target geometry_msgs_generate_messages_nodejs
[4.357s] [  0%] Built target jsk_recognition_msgs_generate_messages_cpp
[4.357s] [  0%] Built target geometry_msgs_generate_messages_py
[4.358s] [  0%] Built target sensor_msgs_generate_messages_lisp
[4.358s] [  0%] Built target std_msgs_generate_messages_nodejs
[4.358s] [  0%] Built target rosgraph_msgs_generate_messages_lisp
[4.358s] [  0%] Built target std_msgs_generate_messages_lisp
[4.358s] [  0%] Built target geometry_msgs_generate_messages_cpp
[4.358s] [  0%] Built target roscpp_generate_messages_nodejs
[4.358s] [  0%] Built target geometry_msgs_generate_messages_lisp
[4.358s] [  0%] Built target jsk_footstep_msgs_generate_messages_py
[4.358s] [  0%] Built target jsk_recognition_msgs_generate_messages_eus
[4.358s] [  0%] Built target jsk_recognition_msgs_generate_messages_py
[4.358s] [  0%] Built target pcl_msgs_generate_messages_nodejs
[4.359s] [  0%] Built target autoware_msgs_generate_messages_nodejs
[4.359s] [  0%] Built target geometry_msgs_generate_messages_eus
[4.359s] [  0%] Built target autoware_system_msgs_generate_messages_py
[4.362s] [  0%] Built target rosgraph_msgs_generate_messages_eus
[4.362s] [  0%] Built target autoware_msgs_generate_messages_lisp
[4.362s] [  0%] Built target actionlib_msgs_generate_messages_eus
[4.362s] [  0%] Built target pcl_msgs_generate_messages_eus
[4.363s] [  0%] Built target roscpp_generate_messages_cpp
[4.363s] [  0%] Built target std_msgs_generate_messages_py
[4.363s] [  0%] Built target pcl_msgs_generate_messages_lisp
[4.363s] [  0%] Built target autoware_system_msgs_generate_messages_lisp
[4.365s] [  0%] Built target autoware_msgs_generate_messages_cpp
[4.366s] [  0%] Built target jsk_footstep_msgs_generate_messages_cpp
[4.405s] [  0%] Built target actionlib_msgs_generate_messages_py
[4.405s] [  0%] Built target jsk_recognition_msgs_generate_messages_lisp
[4.405s] [  0%] Built target jsk_footstep_msgs_generate_messages_nodejs
[4.405s] [  0%] Built target sensor_msgs_generate_messages_eus
[4.405s] [  0%] Built target autoware_msgs_generate_messages_eus
[4.406s] [  0%] Built target autoware_msgs_generate_messages_py
[4.426s] [  0%] Built target pcl_msgs_generate_messages_py
[4.427s] [  0%] Built target sensor_msgs_generate_messages_py
[4.427s] [  0%] Built target autoware_system_msgs_generate_messages_nodejs
[4.427s] [  0%] Built target jsk_footstep_msgs_generate_messages_eus
[4.427s] [  0%] Built target sensor_msgs_generate_messages_nodejs
[4.427s] [  0%] Built target roscpp_generate_messages_py
[4.427s] [  0%] Built target rosgraph_msgs_generate_messages_nodejs
[4.427s] [  0%] Built target jsk_footstep_msgs_generate_messages_lisp
[4.434s] [  0%] Built target std_msgs_generate_messages_cpp
[4.434s] [  0%] Built target roscpp_generate_messages_lisp
[4.435s] [  0%] Built target actionlib_msgs_generate_messages_cpp
[4.436s] [  0%] Built target pcl_msgs_generate_messages_cpp
[4.438s] [  0%] Built target jsk_recognition_msgs_generate_messages_nodejs
[4.438s] [  0%] Built target rosgraph_msgs_generate_messages_cpp
[4.470s] [  0%] Built target actionlib_msgs_generate_messages_lisp
[4.540s] [ 37%] Built target system_status_filter
[4.648s] [100%] Built target emergency_handler
[4.680s] Install the project...
[4.696s] -- Install configuration: "Release"
[4.696s] -- Up-to-date: /home/autoware/Autoware/install/emergency_handler/lib/pkgconfig/emergency_handler.pc
[4.711s] -- Up-to-date: /home/autoware/Autoware/install/emergency_handler/share/emergency_handler/cmake/emergency_handlerConfig.cmake
[4.711s] -- Up-to-date: /home/autoware/Autoware/install/emergency_handler/share/emergency_handler/cmake/emergency_handlerConfig-version.cmake
[4.711s] -- Up-to-date: /home/autoware/Autoware/install/emergency_handler/share/emergency_handler/package.xml
[4.712s] -- Up-to-date: /home/autoware/Autoware/install/emergency_handler/lib/emergency_handler/emergency_handler
[4.712s] -- Up-to-date: /home/autoware/Autoware/install/emergency_handler/lib/libsystem_status_filter.so
[4.712s] -- Up-to-date: /home/autoware/Autoware/install/emergency_handler/include/emergency_handler
[4.715s] -- Up-to-date: /home/autoware/Autoware/install/emergency_handler/include/emergency_handler/emergency_stop_planner.h
[4.715s] -- Up-to-date: /home/autoware/Autoware/install/emergency_handler/include/emergency_handler/libvital_monitor.h
[4.721s] -- Up-to-date: /home/autoware/Autoware/install/emergency_handler/include/emergency_handler/libsystem_status_filter.h
[4.722s] -- Up-to-date: /home/autoware/Autoware/install/emergency_handler/include/emergency_handler/emergency_handler.h
[4.722s] -- Up-to-date: /home/autoware/Autoware/install/emergency_handler/include/emergency_handler/system_status_filter.h
[4.722s] -- Up-to-date: /home/autoware/Autoware/install/emergency_handler/include/emergency_handler/emergency_planner.h
[4.722s] -- Up-to-date: /home/autoware/Autoware/install/emergency_handler/share/emergency_handler/launch
[4.722s] -- Up-to-date: /home/autoware/Autoware/install/emergency_handler/share/emergency_handler/launch/emergency_handler.launch
[4.723s] -- Up-to-date: /home/autoware/Autoware/install/emergency_handler/share/emergency_handler/config
[4.723s] -- Up-to-date: /home/autoware/Autoware/install/emergency_handler/share/emergency_handler/config/emergency_handler.yaml
[4.723s] -- Up-to-date: /home/autoware/Autoware/install/emergency_handler/share/emergency_handler/config/README.md
[4.724s] Invoked command in '/home/autoware/Autoware/build/emergency_handler' returned '0': CMAKE_PREFIX_PATH=/home/autoware/Autoware/install/autoware_health_checker:/home/autoware/Autoware/install/ros_observer:/home/autoware/Autoware/install/autoware_system_msgs:/home/autoware/Autoware/install/autoware_msgs:${CMAKE_PREFIX_PATH} LD_LIBRARY_PATH=/home/autoware/Autoware/install/autoware_health_checker/lib:/home/autoware/Autoware/install/ros_observer/lib:${LD_LIBRARY_PATH} PKG_CONFIG_PATH=/home/autoware/Autoware/install/autoware_health_checker/lib/x86_64-linux-gnu/pkgconfig:/home/autoware/Autoware/install/autoware_health_checker/lib/pkgconfig:/home/autoware/Autoware/install/ros_observer/lib/x86_64-linux-gnu/pkgconfig:/home/autoware/Autoware/install/ros_observer/lib/pkgconfig:/home/autoware/Autoware/install/autoware_system_msgs/lib/x86_64-linux-gnu/pkgconfig:/home/autoware/Autoware/install/autoware_system_msgs/lib/pkgconfig:/home/autoware/Autoware/install/autoware_msgs/lib/x86_64-linux-gnu/pkgconfig:/home/autoware/Autoware/install/autoware_msgs/lib/pkgconfig:${PKG_CONFIG_PATH} PYTHONPATH=/home/autoware/Autoware/install/autoware_system_msgs/lib/python2.7/dist-packages:/home/autoware/Autoware/install/autoware_msgs/lib/python2.7/dist-packages:${PYTHONPATH} ROS_PACKAGE_PATH=/home/autoware/Autoware/install/autoware_health_checker/share:/home/autoware/Autoware/install/ros_observer/share:/home/autoware/Autoware/install/autoware_system_msgs/share:/home/autoware/Autoware/install/autoware_msgs/share:${ROS_PACKAGE_PATH} /usr/bin/cmake --build /home/autoware/Autoware/build/emergency_handler --target install -- -j32 -l32
