[0.701s] Invoking command in '/home/autoware/Autoware/build/vision_beyond_track': CMAKE_PREFIX_PATH=/home/autoware/Autoware/install/autoware_msgs:/home/autoware/Autoware/install/autoware_build_flags:${CMAKE_PREFIX_PATH} PKG_CONFIG_PATH=/home/autoware/Autoware/install/autoware_msgs/lib/x86_64-linux-gnu/pkgconfig:/home/autoware/Autoware/install/autoware_msgs/lib/pkgconfig:/home/autoware/Autoware/install/autoware_build_flags/lib/x86_64-linux-gnu/pkgconfig:/home/autoware/Autoware/install/autoware_build_flags/lib/pkgconfig:${PKG_CONFIG_PATH} PYTHONPATH=/home/autoware/Autoware/install/autoware_msgs/lib/python2.7/dist-packages:${PYTHONPATH} ROS_PACKAGE_PATH=/home/autoware/Autoware/install/autoware_msgs/share:/home/autoware/Autoware/install/autoware_build_flags/share:${ROS_PACKAGE_PATH} /usr/bin/cmake --build /home/autoware/Autoware/build/vision_beyond_track -- -j32 -l32
[1.110s] [  0%] Built target actionlib_generate_messages_cpp
[1.110s] [  0%] Built target std_msgs_generate_messages_cpp
[1.110s] [  0%] Built target sensor_msgs_generate_messages_cpp
[1.110s] [  0%] Built target sensor_msgs_generate_messages_nodejs
[1.110s] [  0%] Built target roscpp_generate_messages_nodejs
[1.110s] [  0%] Built target sensor_msgs_generate_messages_eus
[1.110s] [  0%] Built target tf2_msgs_generate_messages_cpp
[1.110s] [  0%] Built target rosgraph_msgs_generate_messages_eus
[1.110s] [  0%] Built target autoware_msgs_generate_messages_eus
[1.110s] [  0%] Built target jsk_recognition_msgs_generate_messages_py
[1.111s] [  0%] Built target std_msgs_generate_messages_lisp
[1.191s] [  0%] Built target jsk_recognition_msgs_generate_messages_eus
[1.191s] [  0%] Built target std_msgs_generate_messages_py
[1.191s] [  0%] Built target tf_generate_messages_py
[1.191s] [  0%] Built target autoware_msgs_generate_messages_py
[1.192s] [  0%] Built target pcl_msgs_generate_messages_cpp
[1.192s] [  0%] Built target autoware_msgs_generate_messages_lisp
[1.192s] [  0%] Built target autoware_msgs_generate_messages_cpp
[1.192s] [  0%] Built target jsk_recognition_msgs_generate_messages_cpp
[1.192s] [  0%] Built target rosgraph_msgs_generate_messages_cpp
[1.192s] [  0%] Built target jsk_recognition_msgs_generate_messages_lisp
[1.192s] [  0%] Built target geometry_msgs_generate_messages_eus
[1.192s] [  0%] Built target jsk_footstep_msgs_generate_messages_py
[1.192s] [  0%] Built target sensor_msgs_generate_messages_py
[1.192s] [  0%] Built target roscpp_generate_messages_py
[1.192s] [  0%] Built target std_msgs_generate_messages_nodejs
[1.192s] [  0%] Built target pcl_msgs_generate_messages_nodejs
[1.192s] [  0%] Built target _catkin_empty_exported_target
[1.193s] [  0%] Built target pcl_msgs_generate_messages_eus
[1.193s] [  0%] Built target roscpp_generate_messages_cpp
[1.193s] [  0%] Built target sensor_msgs_generate_messages_lisp
[1.193s] [  0%] Built target jsk_footstep_msgs_generate_messages_nodejs
[1.298s] [  0%] Built target geometry_msgs_generate_messages_py
[1.298s] [  0%] Built target actionlib_msgs_generate_messages_py
[1.298s] [  0%] Built target actionlib_msgs_generate_messages_lisp
[1.298s] [  0%] Built target roscpp_generate_messages_eus
[1.298s] [  0%] Built target geometry_msgs_generate_messages_lisp
[1.298s] [  0%] Built target rosgraph_msgs_generate_messages_nodejs
[1.298s] [  0%] Built target jsk_footstep_msgs_generate_messages_eus
[1.298s] [  0%] Built target geometry_msgs_generate_messages_nodejs
[1.298s] [  0%] Built target rosgraph_msgs_generate_messages_lisp
[1.298s] [  0%] Built target actionlib_msgs_generate_messages_cpp
[1.298s] [  0%] Built target tf_generate_messages_nodejs
[1.299s] [  0%] Built target jsk_footstep_msgs_generate_messages_lisp
[1.299s] [  0%] Built target actionlib_generate_messages_nodejs
[1.299s] [  0%] Built target pcl_msgs_generate_messages_py
[1.299s] [  0%] Built target tf_generate_messages_lisp
[1.299s] [  0%] Built target roscpp_generate_messages_lisp
[1.299s] [  0%] Built target actionlib_msgs_generate_messages_eus
[1.299s] [  0%] Built target actionlib_generate_messages_py
[1.299s] [  0%] Built target tf2_msgs_generate_messages_py
[1.300s] [  0%] Built target jsk_footstep_msgs_generate_messages_cpp
[1.300s] [  0%] Built target rosgraph_msgs_generate_messages_py
[1.300s] [  0%] Built target tf_generate_messages_eus
[1.300s] [  0%] Built target actionlib_generate_messages_lisp
[1.445s] [  0%] Built target pcl_msgs_generate_messages_lisp
[1.445s] [  0%] Built target autoware_msgs_generate_messages_nodejs
[1.445s] [  0%] Built target tf_generate_messages_cpp
[1.445s] [  0%] Built target jsk_recognition_msgs_generate_messages_nodejs
[1.446s] [  0%] Built target std_msgs_generate_messages_eus
[1.446s] [  0%] Built target tf2_msgs_generate_messages_lisp
[1.446s] [  0%] Built target actionlib_generate_messages_eus
[1.446s] [  0%] Built target tf2_msgs_generate_messages_eus
[1.446s] [  0%] Built target tf2_msgs_generate_messages_nodejs
[1.446s] [  0%] Built target geometry_msgs_generate_messages_cpp
[1.446s] [  0%] Built target actionlib_msgs_generate_messages_nodejs
[1.446s] [ 50%] Built target beyond_track_lib
[1.493s] [100%] Built target vision_beyond_track
[1.593s] Invoked command in '/home/autoware/Autoware/build/vision_beyond_track' returned '0': CMAKE_PREFIX_PATH=/home/autoware/Autoware/install/autoware_msgs:/home/autoware/Autoware/install/autoware_build_flags:${CMAKE_PREFIX_PATH} PKG_CONFIG_PATH=/home/autoware/Autoware/install/autoware_msgs/lib/x86_64-linux-gnu/pkgconfig:/home/autoware/Autoware/install/autoware_msgs/lib/pkgconfig:/home/autoware/Autoware/install/autoware_build_flags/lib/x86_64-linux-gnu/pkgconfig:/home/autoware/Autoware/install/autoware_build_flags/lib/pkgconfig:${PKG_CONFIG_PATH} PYTHONPATH=/home/autoware/Autoware/install/autoware_msgs/lib/python2.7/dist-packages:${PYTHONPATH} ROS_PACKAGE_PATH=/home/autoware/Autoware/install/autoware_msgs/share:/home/autoware/Autoware/install/autoware_build_flags/share:${ROS_PACKAGE_PATH} /usr/bin/cmake --build /home/autoware/Autoware/build/vision_beyond_track -- -j32 -l32
[2.162s] Invoking command in '/home/autoware/Autoware/build/vision_beyond_track': CMAKE_PREFIX_PATH=/home/autoware/Autoware/install/autoware_msgs:/home/autoware/Autoware/install/autoware_build_flags:${CMAKE_PREFIX_PATH} PKG_CONFIG_PATH=/home/autoware/Autoware/install/autoware_msgs/lib/x86_64-linux-gnu/pkgconfig:/home/autoware/Autoware/install/autoware_msgs/lib/pkgconfig:/home/autoware/Autoware/install/autoware_build_flags/lib/x86_64-linux-gnu/pkgconfig:/home/autoware/Autoware/install/autoware_build_flags/lib/pkgconfig:${PKG_CONFIG_PATH} PYTHONPATH=/home/autoware/Autoware/install/autoware_msgs/lib/python2.7/dist-packages:${PYTHONPATH} ROS_PACKAGE_PATH=/home/autoware/Autoware/install/autoware_msgs/share:/home/autoware/Autoware/install/autoware_build_flags/share:${ROS_PACKAGE_PATH} /usr/bin/cmake --build /home/autoware/Autoware/build/vision_beyond_track --target tests -- -j32 -l32
[2.467s] Built target tests
[2.588s] Invoked command in '/home/autoware/Autoware/build/vision_beyond_track' returned '0': CMAKE_PREFIX_PATH=/home/autoware/Autoware/install/autoware_msgs:/home/autoware/Autoware/install/autoware_build_flags:${CMAKE_PREFIX_PATH} PKG_CONFIG_PATH=/home/autoware/Autoware/install/autoware_msgs/lib/x86_64-linux-gnu/pkgconfig:/home/autoware/Autoware/install/autoware_msgs/lib/pkgconfig:/home/autoware/Autoware/install/autoware_build_flags/lib/x86_64-linux-gnu/pkgconfig:/home/autoware/Autoware/install/autoware_build_flags/lib/pkgconfig:${PKG_CONFIG_PATH} PYTHONPATH=/home/autoware/Autoware/install/autoware_msgs/lib/python2.7/dist-packages:${PYTHONPATH} ROS_PACKAGE_PATH=/home/autoware/Autoware/install/autoware_msgs/share:/home/autoware/Autoware/install/autoware_build_flags/share:${ROS_PACKAGE_PATH} /usr/bin/cmake --build /home/autoware/Autoware/build/vision_beyond_track --target tests -- -j32 -l32
[3.268s] Invoking command in '/home/autoware/Autoware/build/vision_beyond_track': CMAKE_PREFIX_PATH=/home/autoware/Autoware/install/autoware_msgs:/home/autoware/Autoware/install/autoware_build_flags:${CMAKE_PREFIX_PATH} PKG_CONFIG_PATH=/home/autoware/Autoware/install/autoware_msgs/lib/x86_64-linux-gnu/pkgconfig:/home/autoware/Autoware/install/autoware_msgs/lib/pkgconfig:/home/autoware/Autoware/install/autoware_build_flags/lib/x86_64-linux-gnu/pkgconfig:/home/autoware/Autoware/install/autoware_build_flags/lib/pkgconfig:${PKG_CONFIG_PATH} PYTHONPATH=/home/autoware/Autoware/install/autoware_msgs/lib/python2.7/dist-packages:${PYTHONPATH} ROS_PACKAGE_PATH=/home/autoware/Autoware/install/autoware_msgs/share:/home/autoware/Autoware/install/autoware_build_flags/share:${ROS_PACKAGE_PATH} /usr/bin/cmake --build /home/autoware/Autoware/build/vision_beyond_track --target install -- -j32 -l32
[3.603s] [  0%] Built target jsk_recognition_msgs_generate_messages_eus
[3.603s] [  0%] Built target rosgraph_msgs_generate_messages_eus
[3.603s] [  0%] Built target roscpp_generate_messages_cpp
[3.603s] [  0%] Built target sensor_msgs_generate_messages_eus
[3.603s] [  0%] Built target roscpp_generate_messages_nodejs
[3.603s] [  0%] Built target std_msgs_generate_messages_py
[3.603s] [  0%] Built target pcl_msgs_generate_messages_nodejs
[3.603s] [  0%] Built target pcl_msgs_generate_messages_cpp
[3.604s] [  0%] Built target jsk_footstep_msgs_generate_messages_py
[3.604s] [  0%] Built target rosgraph_msgs_generate_messages_cpp
[3.604s] [  0%] Built target autoware_msgs_generate_messages_py
[3.604s] [  0%] Built target geometry_msgs_generate_messages_py
[3.604s] [  0%] Built target geometry_msgs_generate_messages_eus
[3.604s] [  0%] Built target actionlib_generate_messages_cpp
[3.647s] [  0%] Built target autoware_msgs_generate_messages_cpp
[3.647s] [  0%] Built target jsk_recognition_msgs_generate_messages_py
[3.648s] [  0%] Built target sensor_msgs_generate_messages_lisp
[3.648s] [  0%] Built target _catkin_empty_exported_target
[3.648s] [  0%] Built target sensor_msgs_generate_messages_nodejs
[3.648s] [  0%] Built target sensor_msgs_generate_messages_py
[3.648s] [  0%] Built target std_msgs_generate_messages_nodejs
[3.648s] [  0%] Built target tf2_msgs_generate_messages_cpp
[3.648s] [  0%] Built target std_msgs_generate_messages_cpp
[3.648s] [  0%] Built target sensor_msgs_generate_messages_cpp
[3.648s] [  0%] Built target std_msgs_generate_messages_lisp
[3.648s] [  0%] Built target autoware_msgs_generate_messages_lisp
[3.664s] [  0%] Built target tf_generate_messages_py
[3.664s] [  0%] Built target pcl_msgs_generate_messages_eus
[3.664s] [  0%] Built target jsk_recognition_msgs_generate_messages_cpp
[3.664s] [  0%] Built target geometry_msgs_generate_messages_lisp
[3.664s] [  0%] Built target jsk_recognition_msgs_generate_messages_nodejs
[3.664s] [  0%] Built target geometry_msgs_generate_messages_nodejs
[3.664s] [  0%] Built target jsk_recognition_msgs_generate_messages_lisp
[3.664s] [  0%] Built target roscpp_generate_messages_py
[3.665s] [  0%] Built target autoware_msgs_generate_messages_eus
[3.665s] [  0%] Built target jsk_footstep_msgs_generate_messages_nodejs
[3.665s] [  0%] Built target rosgraph_msgs_generate_messages_nodejs
[3.665s] [  0%] Built target actionlib_msgs_generate_messages_lisp
[3.665s] [  0%] Built target autoware_msgs_generate_messages_nodejs
[3.665s] [  0%] Built target jsk_footstep_msgs_generate_messages_eus
[3.665s] [  0%] Built target actionlib_msgs_generate_messages_eus
[3.665s] [  0%] Built target rosgraph_msgs_generate_messages_py
[3.665s] [  0%] Built target actionlib_msgs_generate_messages_py
[3.665s] [  0%] Built target roscpp_generate_messages_lisp
[3.665s] [  0%] Built target geometry_msgs_generate_messages_cpp
[3.666s] [  0%] Built target pcl_msgs_generate_messages_py
[3.666s] [  0%] Built target pcl_msgs_generate_messages_lisp
[3.666s] [  0%] Built target actionlib_generate_messages_lisp
[3.691s] [  0%] Built target rosgraph_msgs_generate_messages_lisp
[3.691s] [  0%] Built target actionlib_msgs_generate_messages_cpp
[3.691s] [  0%] Built target jsk_footstep_msgs_generate_messages_lisp
[3.710s] [  0%] Built target tf_generate_messages_nodejs
[3.710s] [  0%] Built target tf2_msgs_generate_messages_py
[3.711s] [  0%] Built target tf_generate_messages_lisp
[3.711s] [  0%] Built target actionlib_generate_messages_nodejs
[3.711s] [  0%] Built target tf_generate_messages_cpp
[3.711s] [  0%] Built target actionlib_msgs_generate_messages_nodejs
[3.711s] [  0%] Built target tf2_msgs_generate_messages_eus
[3.742s] [  0%] Built target actionlib_generate_messages_eus
[3.742s] [  0%] Built target jsk_footstep_msgs_generate_messages_cpp
[3.742s] [  0%] Built target roscpp_generate_messages_eus
[3.742s] [ 50%] Built target beyond_track_lib
[3.761s] [ 50%] Built target actionlib_generate_messages_py
[3.761s] [ 50%] Built target tf2_msgs_generate_messages_nodejs
[3.761s] [ 50%] Built target std_msgs_generate_messages_eus
[3.761s] [ 50%] Built target tf2_msgs_generate_messages_lisp
[3.770s] [ 50%] Built target tf_generate_messages_eus
[3.954s] [100%] Built target vision_beyond_track
[4.167s] Install the project...
[4.179s] -- Install configuration: "Release"
[4.179s] -- Up-to-date: /home/autoware/Autoware/install/vision_beyond_track/lib/pkgconfig/vision_beyond_track.pc
[4.179s] -- Up-to-date: /home/autoware/Autoware/install/vision_beyond_track/share/vision_beyond_track/cmake/vision_beyond_trackConfig.cmake
[4.179s] -- Up-to-date: /home/autoware/Autoware/install/vision_beyond_track/share/vision_beyond_track/cmake/vision_beyond_trackConfig-version.cmake
[4.179s] -- Up-to-date: /home/autoware/Autoware/install/vision_beyond_track/share/vision_beyond_track/package.xml
[4.179s] -- Up-to-date: /home/autoware/Autoware/install/vision_beyond_track/lib/libbeyond_track_lib.a
[4.179s] -- Up-to-date: /home/autoware/Autoware/install/vision_beyond_track/lib/vision_beyond_track/vision_beyond_track
[4.180s] -- Up-to-date: /home/autoware/Autoware/install/vision_beyond_track/share/vision_beyond_track/launch
[4.180s] -- Up-to-date: /home/autoware/Autoware/install/vision_beyond_track/share/vision_beyond_track/launch/vision_beyond_track.launch
[4.257s] Invoked command in '/home/autoware/Autoware/build/vision_beyond_track' returned '0': CMAKE_PREFIX_PATH=/home/autoware/Autoware/install/autoware_msgs:/home/autoware/Autoware/install/autoware_build_flags:${CMAKE_PREFIX_PATH} PKG_CONFIG_PATH=/home/autoware/Autoware/install/autoware_msgs/lib/x86_64-linux-gnu/pkgconfig:/home/autoware/Autoware/install/autoware_msgs/lib/pkgconfig:/home/autoware/Autoware/install/autoware_build_flags/lib/x86_64-linux-gnu/pkgconfig:/home/autoware/Autoware/install/autoware_build_flags/lib/pkgconfig:${PKG_CONFIG_PATH} PYTHONPATH=/home/autoware/Autoware/install/autoware_msgs/lib/python2.7/dist-packages:${PYTHONPATH} ROS_PACKAGE_PATH=/home/autoware/Autoware/install/autoware_msgs/share:/home/autoware/Autoware/install/autoware_build_flags/share:${ROS_PACKAGE_PATH} /usr/bin/cmake --build /home/autoware/Autoware/build/vision_beyond_track --target install -- -j32 -l32
