[  0%] Built target roscpp_generate_messages_cpp
[  0%] Built target autoware_msgs_generate_messages_py
[  0%] Built target actionlib_generate_messages_cpp
[  0%] Built target std_msgs_generate_messages_nodejs
[  0%] Built target sensor_msgs_generate_messages_nodejs
[  0%] Built target jsk_recognition_msgs_generate_messages_lisp
[  0%] Built target rosgraph_msgs_generate_messages_eus
[  0%] Built target pcl_msgs_generate_messages_nodejs
[  0%] Built target rosgraph_msgs_generate_messages_cpp
[  0%] Built target sensor_msgs_generate_messages_eus
[  0%] Built target pcl_msgs_generate_messages_eus
[  0%] Built target tf2_msgs_generate_messages_cpp
[  0%] Built target geometry_msgs_generate_messages_py
[  0%] Built target jsk_recognition_msgs_generate_messages_eus
[  0%] Built target std_msgs_generate_messages_py
[  0%] Built target visualization_msgs_generate_messages_py
[  0%] Built target _catkin_empty_exported_target
[  0%] Built target autoware_msgs_generate_messages_cpp
[  0%] Built target sensor_msgs_generate_messages_cpp
[  0%] Built target jsk_recognition_msgs_generate_messages_py
[  0%] Built target sensor_msgs_generate_messages_py
[  0%] Built target std_msgs_generate_messages_cpp
[  0%] Built target sensor_msgs_generate_messages_lisp
[  0%] Built target std_msgs_generate_messages_lisp
[  0%] Built target geometry_msgs_generate_messages_nodejs
[  0%] Built target pcl_msgs_generate_messages_cpp
[  0%] Built target visualization_msgs_generate_messages_nodejs
[  0%] Built target geometry_msgs_generate_messages_lisp
[  0%] Built target geometry_msgs_generate_messages_eus
[  0%] Built target jsk_recognition_msgs_generate_messages_cpp
[  0%] Built target tf_generate_messages_py
[  0%] Built target autoware_msgs_generate_messages_lisp
[  0%] Built target actionlib_msgs_generate_messages_nodejs
[  0%] Built target jsk_footstep_msgs_generate_messages_py
[  0%] Built target autoware_msgs_generate_messages_nodejs
[  0%] Built target std_msgs_generate_messages_eus
[  0%] Built target autoware_msgs_generate_messages_eus
[  0%] Built target visualization_msgs_generate_messages_lisp
[  0%] Built target jsk_footstep_msgs_generate_messages_eus
[  0%] Built target roscpp_generate_messages_nodejs
[  0%] Built target actionlib_msgs_generate_messages_py
[  0%] Built target jsk_footstep_msgs_generate_messages_lisp
[  0%] Built target rosgraph_msgs_generate_messages_lisp
[  0%] Built target actionlib_msgs_generate_messages_lisp
[  0%] Built target jsk_recognition_msgs_generate_messages_nodejs
[  0%] Built target roscpp_generate_messages_eus
[  0%] Built target roscpp_generate_messages_py
[  0%] Built target roscpp_generate_messages_lisp
[  0%] Built target tf_generate_messages_lisp
[  0%] Built target actionlib_msgs_generate_messages_eus
[  0%] Built target jsk_footstep_msgs_generate_messages_nodejs
[  0%] Built target tf_generate_messages_nodejs
[  0%] Built target tf_generate_messages_eus
[  0%] Built target actionlib_msgs_generate_messages_cpp
[  0%] Built target rosgraph_msgs_generate_messages_nodejs
[  0%] Built target jsk_footstep_msgs_generate_messages_cpp
[  0%] Built target pcl_msgs_generate_messages_py
[  0%] Built target rosgraph_msgs_generate_messages_py
[  0%] Built target geometry_msgs_generate_messages_cpp
[  0%] Built target actionlib_generate_messages_eus
[  0%] Built target actionlib_generate_messages_lisp
[  0%] Built target pcl_msgs_generate_messages_lisp
[  0%] Built target actionlib_generate_messages_nodejs
[  0%] Built target tf2_msgs_generate_messages_lisp
[  0%] Built target visualization_msgs_generate_messages_eus
[  0%] Built target tf_generate_messages_cpp
[  0%] Built target visualization_msgs_generate_messages_cpp
[  0%] Built target actionlib_generate_messages_py
[  0%] Built target tf2_msgs_generate_messages_eus
[  0%] Built target tf2_msgs_generate_messages_py
[  0%] Built target tf2_msgs_generate_messages_nodejs
[35m[1mScanning dependencies of target visualize_rects[0m
[ 50%] Built target visualize_detected_objects
[ 66%] [32mBuilding CXX object CMakeFiles/visualize_rects.dir/src/visualize_rects.cpp.o[0m
[ 83%] [32mBuilding CXX object CMakeFiles/visualize_rects.dir/src/visualize_rects_main.cpp.o[0m
[01m[K/home/autoware/Autoware/src/autoware/visualization/detected_objects_visualizer/src/visualize_rects.cpp:[m[K In constructor ‘[01m[KVisualizeRects::VisualizeRects()[m[K’:
[01m[K/home/autoware/Autoware/src/autoware/visualization/detected_objects_visualizer/src/visualize_rects.cpp:63:3:[m[K [01;31m[Kerror: [m[K‘[01m[Kfit_image_filter_subscriber_[m[K’ was not declared in this scope
   [01;31m[Kfit_image_filter_subscriber_[m[K = new message_filters::Subscriber<sensor_msgs::Image>(private_nh_,
   [01;31m[K^~~~~~~~~~~~~~~~~~~~~~~~~~~~[m[K
[01m[K/home/autoware/Autoware/src/autoware/visualization/detected_objects_visualizer/src/visualize_rects.cpp:63:3:[m[K [01;36m[Knote: [m[Ksuggested alternative: ‘[01m[Kimage_filter_subscriber_[m[K’
   [01;36m[Kfit_image_filter_subscriber_[m[K = new message_filters::Subscriber<sensor_msgs::Image>(private_nh_,
   [01;36m[K^~~~~~~~~~~~~~~~~~~~~~~~~~~~[m[K
   [32m[Kimage_filter_subscriber_[m[K
[01m[K/home/autoware/Autoware/src/autoware/visualization/detected_objects_visualizer/src/visualize_rects.cpp:79:3:[m[K [01;31m[Kerror: [m[K‘[01m[Kfit_detections_synchronizer_[m[K’ was not declared in this scope
   [01;31m[Kfit_detections_synchronizer_[m[K =
   [01;31m[K^~~~~~~~~~~~~~~~~~~~~~~~~~~~[m[K
[01m[K/home/autoware/Autoware/src/autoware/visualization/detected_objects_visualizer/src/visualize_rects.cpp:79:3:[m[K [01;36m[Knote: [m[Ksuggested alternative: ‘[01m[Kdetections_synchronizer_[m[K’
   [01;36m[Kfit_detections_synchronizer_[m[K =
   [01;36m[K^~~~~~~~~~~~~~~~~~~~~~~~~~~~[m[K
   [32m[Kdetections_synchronizer_[m[K
CMakeFiles/visualize_rects.dir/build.make:86: recipe for target 'CMakeFiles/visualize_rects.dir/src/visualize_rects.cpp.o' failed
make[2]: *** [CMakeFiles/visualize_rects.dir/src/visualize_rects.cpp.o] Error 1
CMakeFiles/Makefile2:2676: recipe for target 'CMakeFiles/visualize_rects.dir/all' failed
make[1]: *** [CMakeFiles/visualize_rects.dir/all] Error 2
Makefile:140: recipe for target 'all' failed
make: *** [all] Error 2
