[0.377s] Invoking command in '/home/autoware/Autoware/build/tablet_socket': CMAKE_PREFIX_PATH=/home/autoware/Autoware/install/tablet_socket_msgs:/home/autoware/Autoware/install/gnss:/home/autoware/Autoware/install/autoware_msgs:/home/autoware/Autoware/install/autoware_can_msgs:/home/autoware/Autoware/install/autoware_build_flags:${CMAKE_PREFIX_PATH} LD_LIBRARY_PATH=/home/autoware/Autoware/install/gnss/lib:${LD_LIBRARY_PATH} PKG_CONFIG_PATH=/home/autoware/Autoware/install/tablet_socket_msgs/lib/x86_64-linux-gnu/pkgconfig:/home/autoware/Autoware/install/tablet_socket_msgs/lib/pkgconfig:/home/autoware/Autoware/install/gnss/lib/x86_64-linux-gnu/pkgconfig:/home/autoware/Autoware/install/gnss/lib/pkgconfig:/home/autoware/Autoware/install/autoware_msgs/lib/x86_64-linux-gnu/pkgconfig:/home/autoware/Autoware/install/autoware_msgs/lib/pkgconfig:/home/autoware/Autoware/install/autoware_can_msgs/lib/x86_64-linux-gnu/pkgconfig:/home/autoware/Autoware/install/autoware_can_msgs/lib/pkgconfig:/home/autoware/Autoware/install/autoware_build_flags/lib/x86_64-linux-gnu/pkgconfig:/home/autoware/Autoware/install/autoware_build_flags/lib/pkgconfig:${PKG_CONFIG_PATH} PYTHONPATH=/home/autoware/Autoware/install/tablet_socket_msgs/lib/python2.7/dist-packages:/home/autoware/Autoware/install/autoware_msgs/lib/python2.7/dist-packages:/home/autoware/Autoware/install/autoware_can_msgs/lib/python2.7/dist-packages:${PYTHONPATH} ROS_PACKAGE_PATH=/home/autoware/Autoware/install/tablet_socket_msgs/share:/home/autoware/Autoware/install/gnss/share:/home/autoware/Autoware/install/autoware_msgs/share:/home/autoware/Autoware/install/autoware_can_msgs/share:/home/autoware/Autoware/install/autoware_build_flags/share:${ROS_PACKAGE_PATH} /usr/bin/cmake --build /home/autoware/Autoware/build/tablet_socket -- -j32 -l32
[0.662s] [  0%] Built target roscpp_generate_messages_cpp
[0.663s] [  0%] Built target rosgraph_msgs_generate_messages_eus
[0.663s] [  0%] Built target actionlib_generate_messages_cpp
[0.663s] [  0%] Built target pcl_msgs_generate_messages_cpp
[0.663s] [  0%] Built target sensor_msgs_generate_messages_lisp
[0.663s] [  0%] Built target autoware_msgs_generate_messages_lisp
[0.663s] [  0%] Built target autoware_can_msgs_generate_messages_nodejs
[0.663s] [  0%] Built target jsk_recognition_msgs_generate_messages_lisp
[0.663s] [  0%] Built target jsk_recognition_msgs_generate_messages_eus
[0.663s] [  0%] Built target tf2_msgs_generate_messages_cpp
[0.664s] [  0%] Built target autoware_can_msgs_generate_messages_cpp
[0.664s] [  0%] Built target tf2_msgs_generate_messages_nodejs
[0.664s] [  0%] Built target sensor_msgs_generate_messages_eus
[0.664s] [  0%] Built target std_msgs_generate_messages_eus
[0.664s] [  0%] Built target tf2_msgs_generate_messages_lisp
[0.664s] [  0%] Built target geometry_msgs_generate_messages_lisp
[0.664s] [  0%] Built target autoware_msgs_generate_messages_eus
[0.664s] [  0%] Built target jsk_recognition_msgs_generate_messages_py
[0.664s] [  0%] Built target std_msgs_generate_messages_py
[0.664s] [  0%] Built target geometry_msgs_generate_messages_eus
[0.664s] [  0%] Built target autoware_msgs_generate_messages_py
[0.664s] [  0%] Built target autoware_msgs_generate_messages_nodejs
[0.664s] [  0%] Built target sensor_msgs_generate_messages_nodejs
[0.665s] [  0%] Built target std_msgs_generate_messages_cpp
[0.665s] [  0%] Built target jsk_recognition_msgs_generate_messages_cpp
[0.665s] [  0%] Built target sensor_msgs_generate_messages_py
[0.665s] [  0%] Built target geometry_msgs_generate_messages_nodejs
[0.665s] [  0%] Built target autoware_can_msgs_generate_messages_py
[0.665s] [  0%] Built target actionlib_msgs_generate_messages_nodejs
[0.665s] [  0%] Built target autoware_can_msgs_generate_messages_lisp
[0.665s] [  0%] Built target tablet_socket_msgs_generate_messages_cpp
[0.665s] [  0%] Built target geometry_msgs_generate_messages_py
[0.665s] [  0%] Built target std_msgs_generate_messages_lisp
[0.665s] [  0%] Built target roscpp_generate_messages_nodejs
[0.665s] [  0%] Built target sensor_msgs_generate_messages_cpp
[0.665s] [  0%] Built target autoware_msgs_generate_messages_cpp
[0.666s] [  0%] Built target rosgraph_msgs_generate_messages_cpp
[0.666s] [  0%] Built target actionlib_msgs_generate_messages_py
[0.666s] [  0%] Built target std_msgs_generate_messages_nodejs
[0.666s] [  0%] Built target pcl_msgs_generate_messages_nodejs
[0.666s] [  0%] Built target jsk_footstep_msgs_generate_messages_eus
[0.666s] [  0%] Built target roscpp_generate_messages_eus
[0.666s] [  0%] Built target pcl_msgs_generate_messages_eus
[0.666s] [  0%] Built target actionlib_msgs_generate_messages_lisp
[0.667s] [  0%] Built target rosgraph_msgs_generate_messages_lisp
[0.667s] [  0%] Built target roscpp_generate_messages_py
[0.667s] [  0%] Built target jsk_footstep_msgs_generate_messages_lisp
[0.667s] [  0%] Built target roscpp_generate_messages_lisp
[0.667s] [  0%] Built target actionlib_msgs_generate_messages_eus
[0.667s] [  0%] Built target jsk_recognition_msgs_generate_messages_nodejs
[0.667s] [  0%] Built target tablet_socket_msgs_generate_messages_nodejs
[0.667s] [  0%] Built target tf_generate_messages_py
[0.667s] [  0%] Built target rosgraph_msgs_generate_messages_nodejs
[0.667s] [  0%] Built target rosgraph_msgs_generate_messages_py
[0.667s] [  0%] Built target jsk_footstep_msgs_generate_messages_py
[0.667s] [  0%] Built target autoware_can_msgs_generate_messages_eus
[0.668s] [  0%] Built target tf_generate_messages_nodejs
[0.668s] [  0%] Built target tablet_socket_msgs_generate_messages_lisp
[0.668s] [  0%] Built target pcl_msgs_generate_messages_lisp
[0.668s] [  0%] Built target tablet_socket_msgs_generate_messages_py
[0.668s] [  0%] Built target tf_generate_messages_cpp
[0.668s] [  0%] Built target jsk_footstep_msgs_generate_messages_cpp
[0.668s] [  0%] Built target actionlib_generate_messages_nodejs
[0.668s] [  0%] Built target jsk_footstep_msgs_generate_messages_nodejs
[0.668s] [  0%] Built target actionlib_generate_messages_eus
[0.668s] [  0%] Built target actionlib_generate_messages_lisp
[0.668s] [  0%] Built target actionlib_generate_messages_py
[0.668s] [  0%] Built target tablet_socket_msgs_generate_messages_eus
[0.669s] [  0%] Built target tf2_msgs_generate_messages_eus
[0.669s] [  0%] Built target geometry_msgs_generate_messages_cpp
[0.669s] [  0%] Built target pcl_msgs_generate_messages_py
[0.669s] [  0%] Built target tf_generate_messages_lisp
[0.669s] [  0%] Built target actionlib_msgs_generate_messages_cpp
[0.669s] [  0%] Built target tf_generate_messages_eus
[0.669s] [  0%] Built target tf2_msgs_generate_messages_py
[0.869s] [ 50%] Built target tablet_sender
[0.869s] [100%] Built target tablet_receiver
[1.148s] Invoked command in '/home/autoware/Autoware/build/tablet_socket' returned '0': CMAKE_PREFIX_PATH=/home/autoware/Autoware/install/tablet_socket_msgs:/home/autoware/Autoware/install/gnss:/home/autoware/Autoware/install/autoware_msgs:/home/autoware/Autoware/install/autoware_can_msgs:/home/autoware/Autoware/install/autoware_build_flags:${CMAKE_PREFIX_PATH} LD_LIBRARY_PATH=/home/autoware/Autoware/install/gnss/lib:${LD_LIBRARY_PATH} PKG_CONFIG_PATH=/home/autoware/Autoware/install/tablet_socket_msgs/lib/x86_64-linux-gnu/pkgconfig:/home/autoware/Autoware/install/tablet_socket_msgs/lib/pkgconfig:/home/autoware/Autoware/install/gnss/lib/x86_64-linux-gnu/pkgconfig:/home/autoware/Autoware/install/gnss/lib/pkgconfig:/home/autoware/Autoware/install/autoware_msgs/lib/x86_64-linux-gnu/pkgconfig:/home/autoware/Autoware/install/autoware_msgs/lib/pkgconfig:/home/autoware/Autoware/install/autoware_can_msgs/lib/x86_64-linux-gnu/pkgconfig:/home/autoware/Autoware/install/autoware_can_msgs/lib/pkgconfig:/home/autoware/Autoware/install/autoware_build_flags/lib/x86_64-linux-gnu/pkgconfig:/home/autoware/Autoware/install/autoware_build_flags/lib/pkgconfig:${PKG_CONFIG_PATH} PYTHONPATH=/home/autoware/Autoware/install/tablet_socket_msgs/lib/python2.7/dist-packages:/home/autoware/Autoware/install/autoware_msgs/lib/python2.7/dist-packages:/home/autoware/Autoware/install/autoware_can_msgs/lib/python2.7/dist-packages:${PYTHONPATH} ROS_PACKAGE_PATH=/home/autoware/Autoware/install/tablet_socket_msgs/share:/home/autoware/Autoware/install/gnss/share:/home/autoware/Autoware/install/autoware_msgs/share:/home/autoware/Autoware/install/autoware_can_msgs/share:/home/autoware/Autoware/install/autoware_build_flags/share:${ROS_PACKAGE_PATH} /usr/bin/cmake --build /home/autoware/Autoware/build/tablet_socket -- -j32 -l32
[2.343s] Invoking command in '/home/autoware/Autoware/build/tablet_socket': CMAKE_PREFIX_PATH=/home/autoware/Autoware/install/tablet_socket_msgs:/home/autoware/Autoware/install/gnss:/home/autoware/Autoware/install/autoware_msgs:/home/autoware/Autoware/install/autoware_can_msgs:/home/autoware/Autoware/install/autoware_build_flags:${CMAKE_PREFIX_PATH} LD_LIBRARY_PATH=/home/autoware/Autoware/install/gnss/lib:${LD_LIBRARY_PATH} PKG_CONFIG_PATH=/home/autoware/Autoware/install/tablet_socket_msgs/lib/x86_64-linux-gnu/pkgconfig:/home/autoware/Autoware/install/tablet_socket_msgs/lib/pkgconfig:/home/autoware/Autoware/install/gnss/lib/x86_64-linux-gnu/pkgconfig:/home/autoware/Autoware/install/gnss/lib/pkgconfig:/home/autoware/Autoware/install/autoware_msgs/lib/x86_64-linux-gnu/pkgconfig:/home/autoware/Autoware/install/autoware_msgs/lib/pkgconfig:/home/autoware/Autoware/install/autoware_can_msgs/lib/x86_64-linux-gnu/pkgconfig:/home/autoware/Autoware/install/autoware_can_msgs/lib/pkgconfig:/home/autoware/Autoware/install/autoware_build_flags/lib/x86_64-linux-gnu/pkgconfig:/home/autoware/Autoware/install/autoware_build_flags/lib/pkgconfig:${PKG_CONFIG_PATH} PYTHONPATH=/home/autoware/Autoware/install/tablet_socket_msgs/lib/python2.7/dist-packages:/home/autoware/Autoware/install/autoware_msgs/lib/python2.7/dist-packages:/home/autoware/Autoware/install/autoware_can_msgs/lib/python2.7/dist-packages:${PYTHONPATH} ROS_PACKAGE_PATH=/home/autoware/Autoware/install/tablet_socket_msgs/share:/home/autoware/Autoware/install/gnss/share:/home/autoware/Autoware/install/autoware_msgs/share:/home/autoware/Autoware/install/autoware_can_msgs/share:/home/autoware/Autoware/install/autoware_build_flags/share:${ROS_PACKAGE_PATH} /usr/bin/cmake --build /home/autoware/Autoware/build/tablet_socket --target tests -- -j32 -l32
[2.644s] Built target tests
[2.712s] Invoked command in '/home/autoware/Autoware/build/tablet_socket' returned '0': CMAKE_PREFIX_PATH=/home/autoware/Autoware/install/tablet_socket_msgs:/home/autoware/Autoware/install/gnss:/home/autoware/Autoware/install/autoware_msgs:/home/autoware/Autoware/install/autoware_can_msgs:/home/autoware/Autoware/install/autoware_build_flags:${CMAKE_PREFIX_PATH} LD_LIBRARY_PATH=/home/autoware/Autoware/install/gnss/lib:${LD_LIBRARY_PATH} PKG_CONFIG_PATH=/home/autoware/Autoware/install/tablet_socket_msgs/lib/x86_64-linux-gnu/pkgconfig:/home/autoware/Autoware/install/tablet_socket_msgs/lib/pkgconfig:/home/autoware/Autoware/install/gnss/lib/x86_64-linux-gnu/pkgconfig:/home/autoware/Autoware/install/gnss/lib/pkgconfig:/home/autoware/Autoware/install/autoware_msgs/lib/x86_64-linux-gnu/pkgconfig:/home/autoware/Autoware/install/autoware_msgs/lib/pkgconfig:/home/autoware/Autoware/install/autoware_can_msgs/lib/x86_64-linux-gnu/pkgconfig:/home/autoware/Autoware/install/autoware_can_msgs/lib/pkgconfig:/home/autoware/Autoware/install/autoware_build_flags/lib/x86_64-linux-gnu/pkgconfig:/home/autoware/Autoware/install/autoware_build_flags/lib/pkgconfig:${PKG_CONFIG_PATH} PYTHONPATH=/home/autoware/Autoware/install/tablet_socket_msgs/lib/python2.7/dist-packages:/home/autoware/Autoware/install/autoware_msgs/lib/python2.7/dist-packages:/home/autoware/Autoware/install/autoware_can_msgs/lib/python2.7/dist-packages:${PYTHONPATH} ROS_PACKAGE_PATH=/home/autoware/Autoware/install/tablet_socket_msgs/share:/home/autoware/Autoware/install/gnss/share:/home/autoware/Autoware/install/autoware_msgs/share:/home/autoware/Autoware/install/autoware_can_msgs/share:/home/autoware/Autoware/install/autoware_build_flags/share:${ROS_PACKAGE_PATH} /usr/bin/cmake --build /home/autoware/Autoware/build/tablet_socket --target tests -- -j32 -l32
[3.621s] Invoking command in '/home/autoware/Autoware/build/tablet_socket': CMAKE_PREFIX_PATH=/home/autoware/Autoware/install/tablet_socket_msgs:/home/autoware/Autoware/install/gnss:/home/autoware/Autoware/install/autoware_msgs:/home/autoware/Autoware/install/autoware_can_msgs:/home/autoware/Autoware/install/autoware_build_flags:${CMAKE_PREFIX_PATH} LD_LIBRARY_PATH=/home/autoware/Autoware/install/gnss/lib:${LD_LIBRARY_PATH} PKG_CONFIG_PATH=/home/autoware/Autoware/install/tablet_socket_msgs/lib/x86_64-linux-gnu/pkgconfig:/home/autoware/Autoware/install/tablet_socket_msgs/lib/pkgconfig:/home/autoware/Autoware/install/gnss/lib/x86_64-linux-gnu/pkgconfig:/home/autoware/Autoware/install/gnss/lib/pkgconfig:/home/autoware/Autoware/install/autoware_msgs/lib/x86_64-linux-gnu/pkgconfig:/home/autoware/Autoware/install/autoware_msgs/lib/pkgconfig:/home/autoware/Autoware/install/autoware_can_msgs/lib/x86_64-linux-gnu/pkgconfig:/home/autoware/Autoware/install/autoware_can_msgs/lib/pkgconfig:/home/autoware/Autoware/install/autoware_build_flags/lib/x86_64-linux-gnu/pkgconfig:/home/autoware/Autoware/install/autoware_build_flags/lib/pkgconfig:${PKG_CONFIG_PATH} PYTHONPATH=/home/autoware/Autoware/install/tablet_socket_msgs/lib/python2.7/dist-packages:/home/autoware/Autoware/install/autoware_msgs/lib/python2.7/dist-packages:/home/autoware/Autoware/install/autoware_can_msgs/lib/python2.7/dist-packages:${PYTHONPATH} ROS_PACKAGE_PATH=/home/autoware/Autoware/install/tablet_socket_msgs/share:/home/autoware/Autoware/install/gnss/share:/home/autoware/Autoware/install/autoware_msgs/share:/home/autoware/Autoware/install/autoware_can_msgs/share:/home/autoware/Autoware/install/autoware_build_flags/share:${ROS_PACKAGE_PATH} /usr/bin/cmake --build /home/autoware/Autoware/build/tablet_socket --target install -- -j32 -l32
[3.962s] [  0%] Built target rosgraph_msgs_generate_messages_eus
[3.962s] [  0%] Built target autoware_msgs_generate_messages_lisp
[3.962s] [  0%] Built target tf2_msgs_generate_messages_nodejs
[3.962s] [  0%] Built target sensor_msgs_generate_messages_eus
[3.962s] [  0%] Built target tf2_msgs_generate_messages_lisp
[3.962s] [  0%] Built target tf2_msgs_generate_messages_cpp
[3.963s] [  0%] Built target geometry_msgs_generate_messages_lisp
[3.963s] [  0%] Built target roscpp_generate_messages_cpp
[3.963s] [  0%] Built target actionlib_generate_messages_cpp
[3.963s] [  0%] Built target geometry_msgs_generate_messages_eus
[3.963s] [  0%] Built target sensor_msgs_generate_messages_nodejs
[3.963s] [  0%] Built target sensor_msgs_generate_messages_lisp
[3.963s] [  0%] Built target jsk_recognition_msgs_generate_messages_py
[3.963s] [  0%] Built target geometry_msgs_generate_messages_py
[3.963s] [  0%] Built target autoware_msgs_generate_messages_nodejs
[3.963s] [  0%] Built target tablet_socket_msgs_generate_messages_cpp
[3.963s] [  0%] Built target autoware_can_msgs_generate_messages_nodejs
[3.963s] [  0%] Built target jsk_recognition_msgs_generate_messages_cpp
[3.963s] [  0%] Built target autoware_msgs_generate_messages_py
[3.964s] [  0%] Built target pcl_msgs_generate_messages_cpp
[3.964s] [  0%] Built target geometry_msgs_generate_messages_nodejs
[3.964s] [  0%] Built target autoware_msgs_generate_messages_eus
[3.964s] [  0%] Built target autoware_can_msgs_generate_messages_lisp
[3.964s] [  0%] Built target jsk_recognition_msgs_generate_messages_eus
[3.964s] [  0%] Built target autoware_can_msgs_generate_messages_py
[3.964s] [  0%] Built target std_msgs_generate_messages_cpp
[3.964s] [  0%] Built target std_msgs_generate_messages_py
[3.964s] [  0%] Built target actionlib_msgs_generate_messages_nodejs
[3.964s] [  0%] Built target sensor_msgs_generate_messages_py
[3.964s] [  0%] Built target std_msgs_generate_messages_eus
[3.965s] [  0%] Built target autoware_can_msgs_generate_messages_cpp
[3.965s] [  0%] Built target jsk_recognition_msgs_generate_messages_nodejs
[3.965s] [  0%] Built target sensor_msgs_generate_messages_cpp
[3.965s] [  0%] Built target actionlib_msgs_generate_messages_lisp
[3.965s] [  0%] Built target std_msgs_generate_messages_nodejs
[3.965s] [  0%] Built target jsk_recognition_msgs_generate_messages_lisp
[3.965s] [  0%] Built target std_msgs_generate_messages_lisp
[3.965s] [  0%] Built target autoware_msgs_generate_messages_cpp
[3.965s] [  0%] Built target rosgraph_msgs_generate_messages_cpp
[3.965s] [  0%] Built target jsk_footstep_msgs_generate_messages_nodejs
[3.965s] [  0%] Built target tablet_socket_msgs_generate_messages_lisp
[3.965s] [  0%] Built target jsk_footstep_msgs_generate_messages_eus
[3.966s] [  0%] Built target rosgraph_msgs_generate_messages_nodejs
[3.966s] [  0%] Built target pcl_msgs_generate_messages_nodejs
[3.966s] [  0%] Built target actionlib_msgs_generate_messages_py
[3.966s] [  0%] Built target roscpp_generate_messages_lisp
[3.966s] [  0%] Built target roscpp_generate_messages_nodejs
[3.966s] [  0%] Built target jsk_footstep_msgs_generate_messages_lisp
[3.966s] [  0%] Built target roscpp_generate_messages_eus
[3.966s] [  0%] Built target autoware_can_msgs_generate_messages_eus
[3.966s] [  0%] Built target pcl_msgs_generate_messages_eus
[3.966s] [  0%] Built target actionlib_msgs_generate_messages_eus
[3.966s] [  0%] Built target tf_generate_messages_nodejs
[3.966s] [  0%] Built target roscpp_generate_messages_py
[3.967s] [  0%] Built target rosgraph_msgs_generate_messages_py
[3.967s] [  0%] Built target jsk_footstep_msgs_generate_messages_py
[3.967s] [  0%] Built target jsk_footstep_msgs_generate_messages_cpp
[3.967s] [  0%] Built target rosgraph_msgs_generate_messages_lisp
[3.967s] [  0%] Built target tablet_socket_msgs_generate_messages_py
[3.967s] [  0%] Built target tf_generate_messages_py
[3.967s] [  0%] Built target tablet_socket_msgs_generate_messages_nodejs
[3.967s] [  0%] Built target tf_generate_messages_cpp
[3.967s] [  0%] Built target actionlib_generate_messages_eus
[3.967s] [  0%] Built target tf_generate_messages_lisp
[3.967s] [  0%] Built target geometry_msgs_generate_messages_cpp
[3.967s] [  0%] Built target actionlib_generate_messages_nodejs
[3.968s] [  0%] Built target pcl_msgs_generate_messages_lisp
[3.968s] [  0%] Built target actionlib_generate_messages_py
[3.968s] [  0%] Built target actionlib_msgs_generate_messages_cpp
[3.968s] [  0%] Built target tf_generate_messages_eus
[3.968s] [  0%] Built target actionlib_generate_messages_lisp
[3.968s] [  0%] Built target tablet_socket_msgs_generate_messages_eus
[3.968s] [  0%] Built target tf2_msgs_generate_messages_eus
[3.968s] [  0%] Built target tf2_msgs_generate_messages_py
[3.968s] [  0%] Built target pcl_msgs_generate_messages_py
[4.131s] [ 50%] Built target tablet_sender
[4.132s] [100%] Built target tablet_receiver
[4.207s] Install the project...
[4.240s] -- Install configuration: "Release"
[4.240s] -- Up-to-date: /home/autoware/Autoware/install/tablet_socket/lib/pkgconfig/tablet_socket.pc
[4.240s] -- Up-to-date: /home/autoware/Autoware/install/tablet_socket/share/tablet_socket/cmake/tablet_socketConfig.cmake
[4.240s] -- Up-to-date: /home/autoware/Autoware/install/tablet_socket/share/tablet_socket/cmake/tablet_socketConfig-version.cmake
[4.240s] -- Up-to-date: /home/autoware/Autoware/install/tablet_socket/share/tablet_socket/package.xml
[4.240s] -- Up-to-date: /home/autoware/Autoware/install/tablet_socket/lib/tablet_socket/tablet_receiver
[4.240s] -- Up-to-date: /home/autoware/Autoware/install/tablet_socket/lib/tablet_socket/tablet_sender
[4.255s] Invoked command in '/home/autoware/Autoware/build/tablet_socket' returned '0': CMAKE_PREFIX_PATH=/home/autoware/Autoware/install/tablet_socket_msgs:/home/autoware/Autoware/install/gnss:/home/autoware/Autoware/install/autoware_msgs:/home/autoware/Autoware/install/autoware_can_msgs:/home/autoware/Autoware/install/autoware_build_flags:${CMAKE_PREFIX_PATH} LD_LIBRARY_PATH=/home/autoware/Autoware/install/gnss/lib:${LD_LIBRARY_PATH} PKG_CONFIG_PATH=/home/autoware/Autoware/install/tablet_socket_msgs/lib/x86_64-linux-gnu/pkgconfig:/home/autoware/Autoware/install/tablet_socket_msgs/lib/pkgconfig:/home/autoware/Autoware/install/gnss/lib/x86_64-linux-gnu/pkgconfig:/home/autoware/Autoware/install/gnss/lib/pkgconfig:/home/autoware/Autoware/install/autoware_msgs/lib/x86_64-linux-gnu/pkgconfig:/home/autoware/Autoware/install/autoware_msgs/lib/pkgconfig:/home/autoware/Autoware/install/autoware_can_msgs/lib/x86_64-linux-gnu/pkgconfig:/home/autoware/Autoware/install/autoware_can_msgs/lib/pkgconfig:/home/autoware/Autoware/install/autoware_build_flags/lib/x86_64-linux-gnu/pkgconfig:/home/autoware/Autoware/install/autoware_build_flags/lib/pkgconfig:${PKG_CONFIG_PATH} PYTHONPATH=/home/autoware/Autoware/install/tablet_socket_msgs/lib/python2.7/dist-packages:/home/autoware/Autoware/install/autoware_msgs/lib/python2.7/dist-packages:/home/autoware/Autoware/install/autoware_can_msgs/lib/python2.7/dist-packages:${PYTHONPATH} ROS_PACKAGE_PATH=/home/autoware/Autoware/install/tablet_socket_msgs/share:/home/autoware/Autoware/install/gnss/share:/home/autoware/Autoware/install/autoware_msgs/share:/home/autoware/Autoware/install/autoware_can_msgs/share:/home/autoware/Autoware/install/autoware_build_flags/share:${ROS_PACKAGE_PATH} /usr/bin/cmake --build /home/autoware/Autoware/build/tablet_socket --target install -- -j32 -l32
