[  0%] Built target visualization_msgs_generate_messages_py
[  0%] Built target sensor_msgs_generate_messages_nodejs
[  0%] Built target vector_map_msgs_generate_messages_py
[  0%] Built target vector_map_msgs_generate_messages_cpp
[  0%] Built target nodelet_generate_messages_nodejs
[  0%] Built target bond_generate_messages_cpp
[  0%] Built target topic_tools_generate_messages_nodejs
[  0%] Built target vector_map_msgs_generate_messages_eus
[  0%] Built target nodelet_generate_messages_eus
[  0%] Built target visualization_msgs_generate_messages_eus
[  0%] Built target topic_tools_generate_messages_cpp
[  0%] Built target dynamic_reconfigure_generate_messages_lisp
[  0%] Built target std_srvs_generate_messages_lisp
[  0%] Built target vector_map_msgs_generate_messages_nodejs
[  0%] Built target vector_map_server_generate_messages_nodejs
[  0%] Built target visualization_msgs_generate_messages_nodejs
[  0%] Built target bond_generate_messages_nodejs
[  0%] Built target dynamic_reconfigure_generate_messages_eus
[  0%] Built target vector_map_msgs_generate_messages_lisp
[  0%] Built target geometry_msgs_generate_messages_py
[  0%] Built target topic_tools_generate_messages_eus
[  0%] Built target std_srvs_generate_messages_nodejs
[  0%] Built target bond_generate_messages_py
[  0%] Built target bond_generate_messages_lisp
[  0%] Built target pcl_ros_gencfg
[  0%] Built target std_srvs_generate_messages_py
[  0%] Built target bond_generate_messages_eus
[  0%] Built target pcl_msgs_generate_messages_cpp
[  0%] Built target actionlib_generate_messages_cpp
[  0%] Built target geometry_msgs_generate_messages_eus
[  0%] Built target rosgraph_msgs_generate_messages_eus
[  0%] Built target nodelet_generate_messages_cpp
[  0%] Built target roscpp_generate_messages_cpp
[  0%] Built target jsk_recognition_msgs_generate_messages_cpp
[  0%] Built target dynamic_reconfigure_generate_messages_py
[  0%] Built target vector_map_server_generate_messages_eus
[  0%] Built target std_srvs_generate_messages_cpp
[  0%] Built target jsk_recognition_msgs_generate_messages_eus
[ 21%] Built target op_motion_predictor
[ 42%] Built target op_trajectory_generator
[ 64%] Built target op_trajectory_evaluator
[ 64%] Built target sensor_msgs_generate_messages_py
[ 64%] Built target topic_tools_generate_messages_lisp
[ 64%] Built target pcl_msgs_generate_messages_eus
[ 64%] Built target sensor_msgs_generate_messages_lisp
[ 85%] Built target op_behavior_selector
[ 85%] Built target autoware_can_msgs_generate_messages_lisp
[ 85%] Built target pcl_msgs_generate_messages_nodejs
[ 85%] Built target tf_generate_messages_py
[ 85%] Built target jsk_recognition_msgs_generate_messages_lisp
[ 85%] Built target autoware_can_msgs_generate_messages_nodejs
[ 85%] Built target autoware_can_msgs_generate_messages_cpp
[ 85%] Built target tf2_msgs_generate_messages_cpp
[ 85%] Built target jsk_recognition_msgs_generate_messages_py
[ 85%] Built target nodelet_generate_messages_py
[ 85%] Built target geometry_msgs_generate_messages_lisp
[ 85%] Built target std_msgs_generate_messages_cpp
[ 85%] Built target actionlib_msgs_generate_messages_nodejs
[ 85%] Built target std_msgs_generate_messages_lisp
[ 85%] Built target dynamic_reconfigure_generate_messages_cpp
[ 85%] Built target geometry_msgs_generate_messages_nodejs
[ 85%] Built target topic_tools_generate_messages_py
[ 85%] Built target jsk_footstep_msgs_generate_messages_lisp
[ 85%] Built target dynamic_reconfigure_generate_messages_nodejs
[ 85%] Built target std_msgs_generate_messages_eus
[ 85%] Built target sensor_msgs_generate_messages_eus
[ 85%] Built target autoware_msgs_generate_messages_py
[ 85%] Built target visualization_msgs_generate_messages_lisp
[ 85%] Built target std_msgs_generate_messages_nodejs
[ 85%] Built target nodelet_topic_tools_gencfg
[ 85%] Built target sensor_msgs_generate_messages_cpp
[ 85%] Built target actionlib_msgs_generate_messages_lisp
[ 85%] Built target autoware_can_msgs_generate_messages_py
[ 85%] Built target nodelet_generate_messages_lisp
[ 85%] Built target jsk_footstep_msgs_generate_messages_py
[ 85%] Built target actionlib_msgs_generate_messages_py
[ 85%] Built target jsk_footstep_msgs_generate_messages_eus
[ 85%] Built target autoware_msgs_generate_messages_lisp
[ 85%] Built target autoware_msgs_generate_messages_cpp
[ 85%] Built target roscpp_generate_messages_nodejs
[ 85%] Built target std_msgs_generate_messages_py
[ 85%] Built target actionlib_msgs_generate_messages_cpp
[ 85%] Built target rosgraph_msgs_generate_messages_cpp
[ 85%] Built target vector_map_server_generate_messages_lisp
[ 85%] Built target roscpp_generate_messages_lisp
[ 85%] Built target jsk_footstep_msgs_generate_messages_nodejs
[ 85%] Built target autoware_msgs_generate_messages_nodejs
[ 85%] Built target autoware_msgs_generate_messages_eus
[ 85%] Built target std_srvs_generate_messages_eus
[ 85%] Built target jsk_footstep_msgs_generate_messages_cpp
[ 85%] Built target tf_generate_messages_eus
[ 85%] Built target tf_generate_messages_cpp
[ 85%] Built target pcl_msgs_generate_messages_lisp
[ 85%] Built target actionlib_generate_messages_nodejs
[ 85%] Built target jsk_recognition_msgs_generate_messages_nodejs
[ 85%] Built target vector_map_server_generate_messages_py
[ 85%] Built target rosgraph_msgs_generate_messages_lisp
[ 85%] Built target actionlib_msgs_generate_messages_eus
[ 85%] Built target roscpp_generate_messages_eus
[ 85%] Built target dynamic_reconfigure_gencfg
[ 85%] Built target pcl_msgs_generate_messages_py
[ 85%] Built target tf_generate_messages_lisp
[ 85%] Built target rosgraph_msgs_generate_messages_nodejs
[ 85%] Built target autoware_can_msgs_generate_messages_eus
[ 85%] Built target tf2_msgs_generate_messages_lisp
[ 85%] Built target roscpp_generate_messages_py
[ 85%] Built target rosgraph_msgs_generate_messages_py
[ 85%] Built target tf_generate_messages_nodejs
[ 85%] Built target geometry_msgs_generate_messages_cpp
[ 85%] Built target actionlib_generate_messages_py
[ 85%] Built target actionlib_generate_messages_lisp
[ 85%] Built target actionlib_generate_messages_eus
[ 85%] Built target visualization_msgs_generate_messages_cpp
[ 85%] Built target tf2_msgs_generate_messages_py
[ 85%] Built target vector_map_server_generate_messages_cpp
[ 85%] Built target tf2_msgs_generate_messages_nodejs
[ 85%] Built target tf2_msgs_generate_messages_eus
[100%] Built target op_common_params
Built target tests
[  0%] Built target bond_generate_messages_eus
[  0%] Built target bond_generate_messages_cpp
[  0%] Built target std_srvs_generate_messages_lisp
[  0%] Built target topic_tools_generate_messages_nodejs
[  0%] Built target topic_tools_generate_messages_eus
[  0%] Built target visualization_msgs_generate_messages_py
[  0%] Built target std_srvs_generate_messages_py
[  0%] Built target visualization_msgs_generate_messages_nodejs
[  0%] Built target bond_generate_messages_nodejs
[  0%] Built target sensor_msgs_generate_messages_nodejs
[  0%] Built target vector_map_msgs_generate_messages_nodejs
[  0%] Built target dynamic_reconfigure_generate_messages_lisp
[  0%] Built target topic_tools_generate_messages_cpp
[  0%] Built target nodelet_generate_messages_nodejs
[  0%] Built target vector_map_msgs_generate_messages_lisp
[  0%] Built target bond_generate_messages_py
[  0%] Built target nodelet_generate_messages_eus
[  0%] Built target visualization_msgs_generate_messages_eus
[  0%] Built target vector_map_msgs_generate_messages_py
[  0%] Built target vector_map_msgs_generate_messages_eus
[  0%] Built target vector_map_server_generate_messages_nodejs
[  0%] Built target nodelet_generate_messages_cpp
[  0%] Built target pcl_ros_gencfg
[  0%] Built target vector_map_msgs_generate_messages_cpp
[  0%] Built target bond_generate_messages_lisp
[  0%] Built target geometry_msgs_generate_messages_py
[  0%] Built target dynamic_reconfigure_generate_messages_eus
[  0%] Built target std_srvs_generate_messages_nodejs
[ 35%] Built target op_trajectory_evaluator
[ 42%] Built target op_trajectory_generator
[ 64%] Built target op_motion_predictor
[ 64%] Built target roscpp_generate_messages_cpp
[ 85%] Built target op_behavior_selector
[ 85%] Built target vector_map_server_generate_messages_eus
[ 85%] Built target jsk_recognition_msgs_generate_messages_lisp
[ 85%] Built target rosgraph_msgs_generate_messages_eus
[ 85%] Built target actionlib_generate_messages_cpp
[ 85%] Built target pcl_msgs_generate_messages_eus
[ 85%] Built target tf2_msgs_generate_messages_cpp
[ 85%] Built target std_srvs_generate_messages_cpp
[ 85%] Built target sensor_msgs_generate_messages_lisp
[ 85%] Built target autoware_can_msgs_generate_messages_lisp
[ 85%] Built target jsk_recognition_msgs_generate_messages_eus
[ 85%] Built target pcl_msgs_generate_messages_cpp
[ 85%] Built target geometry_msgs_generate_messages_lisp
[ 85%] Built target dynamic_reconfigure_generate_messages_py
[ 85%] Built target topic_tools_generate_messages_lisp
[ 85%] Built target autoware_can_msgs_generate_messages_cpp
[ 85%] Built target nodelet_generate_messages_py
[ 85%] Built target jsk_recognition_msgs_generate_messages_py
[ 85%] Built target autoware_can_msgs_generate_messages_nodejs
[ 85%] Built target geometry_msgs_generate_messages_eus
[ 85%] Built target jsk_recognition_msgs_generate_messages_cpp
[ 85%] Built target sensor_msgs_generate_messages_py
[ 85%] Built target nodelet_topic_tools_gencfg
[ 85%] Built target dynamic_reconfigure_generate_messages_cpp
[ 85%] Built target tf_generate_messages_py
[ 85%] Built target pcl_msgs_generate_messages_nodejs
[ 85%] Built target topic_tools_generate_messages_py
[ 85%] Built target actionlib_msgs_generate_messages_nodejs
[ 85%] Built target visualization_msgs_generate_messages_lisp
[ 85%] Built target jsk_footstep_msgs_generate_messages_py
[ 85%] Built target std_msgs_generate_messages_cpp
[ 85%] Built target geometry_msgs_generate_messages_nodejs
[ 85%] Built target autoware_can_msgs_generate_messages_py
[ 85%] Built target sensor_msgs_generate_messages_eus
[ 85%] Built target sensor_msgs_generate_messages_cpp
[ 85%] Built target std_msgs_generate_messages_eus
[ 85%] Built target dynamic_reconfigure_generate_messages_nodejs
[ 85%] Built target autoware_msgs_generate_messages_py
[ 85%] Built target std_msgs_generate_messages_lisp
[ 85%] Built target nodelet_generate_messages_lisp
[ 85%] Built target jsk_footstep_msgs_generate_messages_lisp
[ 85%] Built target jsk_footstep_msgs_generate_messages_eus
[ 85%] Built target std_msgs_generate_messages_nodejs
[ 85%] Built target std_msgs_generate_messages_py
[ 85%] Built target actionlib_msgs_generate_messages_py
[ 85%] Built target roscpp_generate_messages_nodejs
[ 85%] Built target vector_map_server_generate_messages_lisp
[ 85%] Built target actionlib_generate_messages_nodejs
[ 85%] Built target autoware_msgs_generate_messages_cpp
[ 85%] Built target autoware_msgs_generate_messages_lisp
[ 85%] Built target autoware_msgs_generate_messages_eus
[ 85%] Built target jsk_footstep_msgs_generate_messages_nodejs
[ 85%] Built target actionlib_msgs_generate_messages_lisp
[ 85%] Built target autoware_msgs_generate_messages_nodejs
[ 85%] Built target rosgraph_msgs_generate_messages_cpp
[ 85%] Built target jsk_footstep_msgs_generate_messages_cpp
[ 85%] Built target tf_generate_messages_cpp
[ 85%] Built target tf_generate_messages_eus
[ 85%] Built target actionlib_msgs_generate_messages_cpp
[ 85%] Built target pcl_msgs_generate_messages_lisp
[ 85%] Built target tf_generate_messages_lisp
[ 85%] Built target std_srvs_generate_messages_eus
[ 85%] Built target tf_generate_messages_nodejs
[ 85%] Built target jsk_recognition_msgs_generate_messages_nodejs
[ 85%] Built target rosgraph_msgs_generate_messages_nodejs
[ 85%] Built target roscpp_generate_messages_py
[ 85%] Built target rosgraph_msgs_generate_messages_lisp
[ 85%] Built target tf2_msgs_generate_messages_lisp
[ 85%] Built target pcl_msgs_generate_messages_py
[ 85%] Built target vector_map_server_generate_messages_py
[ 85%] Built target roscpp_generate_messages_eus
[ 85%] Built target geometry_msgs_generate_messages_cpp
[ 85%] Built target roscpp_generate_messages_lisp
[ 85%] Built target autoware_can_msgs_generate_messages_eus
[ 85%] Built target actionlib_msgs_generate_messages_eus
[ 85%] Built target actionlib_generate_messages_eus
[ 85%] Built target tf2_msgs_generate_messages_eus
[ 85%] Built target dynamic_reconfigure_gencfg
[ 85%] Built target rosgraph_msgs_generate_messages_py
[ 85%] Built target tf2_msgs_generate_messages_py
[ 85%] Built target actionlib_generate_messages_lisp
[ 85%] Built target tf2_msgs_generate_messages_nodejs
[ 85%] Built target actionlib_generate_messages_py
[ 85%] Built target vector_map_server_generate_messages_cpp
[ 85%] Built target visualization_msgs_generate_messages_cpp
[100%] Built target op_common_params
Install the project...
-- Install configuration: "Release"
-- Up-to-date: /home/autoware/Autoware/install/op_local_planner/lib/pkgconfig/op_local_planner.pc
-- Up-to-date: /home/autoware/Autoware/install/op_local_planner/share/op_local_planner/cmake/op_local_plannerConfig.cmake
-- Up-to-date: /home/autoware/Autoware/install/op_local_planner/share/op_local_planner/cmake/op_local_plannerConfig-version.cmake
-- Up-to-date: /home/autoware/Autoware/install/op_local_planner/share/op_local_planner/package.xml
-- Up-to-date: /home/autoware/Autoware/install/op_local_planner/lib/op_local_planner/op_common_params
-- Up-to-date: /home/autoware/Autoware/install/op_local_planner/lib/op_local_planner/op_trajectory_generator
-- Up-to-date: /home/autoware/Autoware/install/op_local_planner/lib/op_local_planner/op_trajectory_evaluator
-- Up-to-date: /home/autoware/Autoware/install/op_local_planner/lib/op_local_planner/op_behavior_selector
-- Up-to-date: /home/autoware/Autoware/install/op_local_planner/lib/op_local_planner/op_motion_predictor
-- Up-to-date: /home/autoware/Autoware/install/op_local_planner/share/op_local_planner/launch
-- Up-to-date: /home/autoware/Autoware/install/op_local_planner/share/op_local_planner/launch/op_trajectory_generator.launch
-- Up-to-date: /home/autoware/Autoware/install/op_local_planner/share/op_local_planner/launch/op_behavior_selector.launch
-- Up-to-date: /home/autoware/Autoware/install/op_local_planner/share/op_local_planner/launch/op_common_params.launch
-- Up-to-date: /home/autoware/Autoware/install/op_local_planner/share/op_local_planner/launch/op_trajectory_evaluator.launch
-- Up-to-date: /home/autoware/Autoware/install/op_local_planner/share/op_local_planner/launch/op_motion_predictor.launch
