[0.090s] Invoking command in '/home/autoware/Autoware/build/op_local_planner': CMAKE_PREFIX_PATH=/home/autoware/Autoware/install/op_ros_helpers:/home/autoware/Autoware/install/op_simu:/home/autoware/Autoware/install/op_planner:/home/autoware/Autoware/install/op_utility:/home/autoware/Autoware/install/map_file:/home/autoware/Autoware/install/vector_map_server:/home/autoware/Autoware/install/libwaypoint_follower:/home/autoware/Autoware/install/lanelet2_extension:/home/autoware/Autoware/install/vector_map:/home/autoware/Autoware/install/amathutils_lib:/home/autoware/Autoware/install/vector_map_msgs:/home/autoware/Autoware/install/autoware_msgs:/home/autoware/Autoware/install/autoware_lanelet2_msgs:/home/autoware/Autoware/install/autoware_can_msgs:/home/autoware/Autoware/install/autoware_build_flags:${CMAKE_PREFIX_PATH} LD_LIBRARY_PATH=/home/autoware/Autoware/install/op_ros_helpers/lib:/home/autoware/Autoware/install/op_simu/lib:/home/autoware/Autoware/install/op_planner/lib:/home/autoware/Autoware/install/op_utility/lib:/home/autoware/Autoware/install/map_file/lib:/home/autoware/Autoware/install/libwaypoint_follower/lib:/home/autoware/Autoware/install/lanelet2_extension/lib:/home/autoware/Autoware/install/vector_map/lib:/home/autoware/Autoware/install/amathutils_lib/lib:${LD_LIBRARY_PATH} PKG_CONFIG_PATH=/home/autoware/Autoware/install/op_ros_helpers/lib/x86_64-linux-gnu/pkgconfig:/home/autoware/Autoware/install/op_ros_helpers/lib/pkgconfig:/home/autoware/Autoware/install/op_simu/lib/x86_64-linux-gnu/pkgconfig:/home/autoware/Autoware/install/op_simu/lib/pkgconfig:/home/autoware/Autoware/install/op_planner/lib/x86_64-linux-gnu/pkgconfig:/home/autoware/Autoware/install/op_planner/lib/pkgconfig:/home/autoware/Autoware/install/op_utility/lib/x86_64-linux-gnu/pkgconfig:/home/autoware/Autoware/install/op_utility/lib/pkgconfig:/home/autoware/Autoware/install/map_file/lib/x86_64-linux-gnu/pkgconfig:/home/autoware/Autoware/install/map_file/lib/pkgconfig:/home/autoware/Autoware/install/vector_map_server/lib/x86_64-linux-gnu/pkgconfig:/home/autoware/Autoware/install/vector_map_server/lib/pkgconfig:/home/autoware/Autoware/install/libwaypoint_follower/lib/x86_64-linux-gnu/pkgconfig:/home/autoware/Autoware/install/libwaypoint_follower/lib/pkgconfig:/home/autoware/Autoware/install/lanelet2_extension/lib/x86_64-linux-gnu/pkgconfig:/home/autoware/Autoware/install/lanelet2_extension/lib/pkgconfig:/home/autoware/Autoware/install/vector_map/lib/x86_64-linux-gnu/pkgconfig:/home/autoware/Autoware/install/vector_map/lib/pkgconfig:/home/autoware/Autoware/install/amathutils_lib/lib/x86_64-linux-gnu/pkgconfig:/home/autoware/Autoware/install/amathutils_lib/lib/pkgconfig:/home/autoware/Autoware/install/vector_map_msgs/lib/x86_64-linux-gnu/pkgconfig:/home/autoware/Autoware/install/vector_map_msgs/lib/pkgconfig:/home/autoware/Autoware/install/autoware_msgs/lib/x86_64-linux-gnu/pkgconfig:/home/autoware/Autoware/install/autoware_msgs/lib/pkgconfig:/home/autoware/Autoware/install/autoware_lanelet2_msgs/lib/x86_64-linux-gnu/pkgconfig:/home/autoware/Autoware/install/autoware_lanelet2_msgs/lib/pkgconfig:/home/autoware/Autoware/install/autoware_can_msgs/lib/x86_64-linux-gnu/pkgconfig:/home/autoware/Autoware/install/autoware_can_msgs/lib/pkgconfig:/home/autoware/Autoware/install/autoware_build_flags/lib/x86_64-linux-gnu/pkgconfig:/home/autoware/Autoware/install/autoware_build_flags/lib/pkgconfig:${PKG_CONFIG_PATH} PYTHONPATH=/home/autoware/Autoware/install/vector_map_server/lib/python2.7/dist-packages:/home/autoware/Autoware/install/vector_map_msgs/lib/python2.7/dist-packages:/home/autoware/Autoware/install/autoware_msgs/lib/python2.7/dist-packages:/home/autoware/Autoware/install/autoware_lanelet2_msgs/lib/python2.7/dist-packages:/home/autoware/Autoware/install/autoware_can_msgs/lib/python2.7/dist-packages:${PYTHONPATH} ROS_PACKAGE_PATH=/home/autoware/Autoware/install/op_ros_helpers/share:/home/autoware/Autoware/install/op_simu/share:/home/autoware/Autoware/install/op_planner/share:/home/autoware/Autoware/install/op_utility/share:/home/autoware/Autoware/install/map_file/share:/home/autoware/Autoware/install/vector_map_server/share:/home/autoware/Autoware/install/libwaypoint_follower/share:/home/autoware/Autoware/install/lanelet2_extension/share:/home/autoware/Autoware/install/vector_map/share:/home/autoware/Autoware/install/amathutils_lib/share:/home/autoware/Autoware/install/vector_map_msgs/share:/home/autoware/Autoware/install/autoware_msgs/share:/home/autoware/Autoware/install/autoware_lanelet2_msgs/share:/home/autoware/Autoware/install/autoware_can_msgs/share:/home/autoware/Autoware/install/autoware_build_flags/share:${ROS_PACKAGE_PATH} /usr/bin/cmake --build /home/autoware/Autoware/build/op_local_planner -- -j32 -l32
[0.312s] [  0%] Built target visualization_msgs_generate_messages_py
[0.359s] [  0%] Built target sensor_msgs_generate_messages_nodejs
[0.359s] [  0%] Built target vector_map_msgs_generate_messages_py
[0.363s] [  0%] Built target vector_map_msgs_generate_messages_cpp
[0.365s] [  0%] Built target nodelet_generate_messages_nodejs
[0.386s] [  0%] Built target bond_generate_messages_cpp
[0.387s] [  0%] Built target topic_tools_generate_messages_nodejs
[0.391s] [  0%] Built target vector_map_msgs_generate_messages_eus
[0.404s] [  0%] Built target nodelet_generate_messages_eus
[0.414s] [  0%] Built target visualization_msgs_generate_messages_eus
[0.415s] [  0%] Built target topic_tools_generate_messages_cpp
[0.417s] [  0%] Built target dynamic_reconfigure_generate_messages_lisp
[0.417s] [  0%] Built target std_srvs_generate_messages_lisp
[0.430s] [  0%] Built target vector_map_msgs_generate_messages_nodejs
[0.435s] [  0%] Built target vector_map_server_generate_messages_nodejs
[0.445s] [  0%] Built target visualization_msgs_generate_messages_nodejs
[0.460s] [  0%] Built target bond_generate_messages_nodejs
[0.461s] [  0%] Built target dynamic_reconfigure_generate_messages_eus
[0.471s] [  0%] Built target vector_map_msgs_generate_messages_lisp
[0.475s] [  0%] Built target geometry_msgs_generate_messages_py
[0.484s] [  0%] Built target topic_tools_generate_messages_eus
[0.492s] [  0%] Built target std_srvs_generate_messages_nodejs
[0.495s] [  0%] Built target bond_generate_messages_py
[0.532s] [  0%] Built target bond_generate_messages_lisp
[0.535s] [  0%] Built target pcl_ros_gencfg
[0.578s] [  0%] Built target std_srvs_generate_messages_py
[0.580s] [  0%] Built target bond_generate_messages_eus
[0.596s] [  0%] Built target pcl_msgs_generate_messages_cpp
[0.660s] [  0%] Built target actionlib_generate_messages_cpp
[0.660s] [  0%] Built target geometry_msgs_generate_messages_eus
[0.660s] [  0%] Built target rosgraph_msgs_generate_messages_eus
[0.660s] [  0%] Built target nodelet_generate_messages_cpp
[0.660s] [  0%] Built target roscpp_generate_messages_cpp
[0.661s] [  0%] Built target jsk_recognition_msgs_generate_messages_cpp
[0.662s] [  0%] Built target dynamic_reconfigure_generate_messages_py
[0.666s] [  0%] Built target vector_map_server_generate_messages_eus
[0.667s] [  0%] Built target std_srvs_generate_messages_cpp
[0.669s] [  0%] Built target jsk_recognition_msgs_generate_messages_eus
[0.684s] [ 21%] Built target op_motion_predictor
[0.690s] [ 42%] Built target op_trajectory_generator
[0.691s] [ 64%] Built target op_trajectory_evaluator
[0.705s] [ 64%] Built target sensor_msgs_generate_messages_py
[0.706s] [ 64%] Built target topic_tools_generate_messages_lisp
[0.709s] [ 64%] Built target pcl_msgs_generate_messages_eus
[0.716s] [ 64%] Built target sensor_msgs_generate_messages_lisp
[0.723s] [ 85%] Built target op_behavior_selector
[0.725s] [ 85%] Built target autoware_can_msgs_generate_messages_lisp
[0.734s] [ 85%] Built target pcl_msgs_generate_messages_nodejs
[0.739s] [ 85%] Built target tf_generate_messages_py
[0.745s] [ 85%] Built target jsk_recognition_msgs_generate_messages_lisp
[0.749s] [ 85%] Built target autoware_can_msgs_generate_messages_nodejs
[0.750s] [ 85%] Built target autoware_can_msgs_generate_messages_cpp
[0.778s] [ 85%] Built target tf2_msgs_generate_messages_cpp
[0.819s] [ 85%] Built target jsk_recognition_msgs_generate_messages_py
[0.844s] [ 85%] Built target nodelet_generate_messages_py
[0.852s] [ 85%] Built target geometry_msgs_generate_messages_lisp
[0.852s] [ 85%] Built target std_msgs_generate_messages_cpp
[0.854s] [ 85%] Built target actionlib_msgs_generate_messages_nodejs
[0.855s] [ 85%] Built target std_msgs_generate_messages_lisp
[0.858s] [ 85%] Built target dynamic_reconfigure_generate_messages_cpp
[0.882s] [ 85%] Built target geometry_msgs_generate_messages_nodejs
[0.895s] [ 85%] Built target topic_tools_generate_messages_py
[0.903s] [ 85%] Built target jsk_footstep_msgs_generate_messages_lisp
[0.904s] [ 85%] Built target dynamic_reconfigure_generate_messages_nodejs
[0.911s] [ 85%] Built target std_msgs_generate_messages_eus
[0.911s] [ 85%] Built target sensor_msgs_generate_messages_eus
[0.912s] [ 85%] Built target autoware_msgs_generate_messages_py
[0.913s] [ 85%] Built target visualization_msgs_generate_messages_lisp
[0.915s] [ 85%] Built target std_msgs_generate_messages_nodejs
[0.922s] [ 85%] Built target nodelet_topic_tools_gencfg
[0.924s] [ 85%] Built target sensor_msgs_generate_messages_cpp
[0.924s] [ 85%] Built target actionlib_msgs_generate_messages_lisp
[0.930s] [ 85%] Built target autoware_can_msgs_generate_messages_py
[0.944s] [ 85%] Built target nodelet_generate_messages_lisp
[0.954s] [ 85%] Built target jsk_footstep_msgs_generate_messages_py
[0.954s] [ 85%] Built target actionlib_msgs_generate_messages_py
[0.956s] [ 85%] Built target jsk_footstep_msgs_generate_messages_eus
[0.958s] [ 85%] Built target autoware_msgs_generate_messages_lisp
[0.961s] [ 85%] Built target autoware_msgs_generate_messages_cpp
[0.966s] [ 85%] Built target roscpp_generate_messages_nodejs
[0.979s] [ 85%] Built target std_msgs_generate_messages_py
[0.988s] [ 85%] Built target actionlib_msgs_generate_messages_cpp
[0.993s] [ 85%] Built target rosgraph_msgs_generate_messages_cpp
[0.993s] [ 85%] Built target vector_map_server_generate_messages_lisp
[0.995s] [ 85%] Built target roscpp_generate_messages_lisp
[0.996s] [ 85%] Built target jsk_footstep_msgs_generate_messages_nodejs
[1.000s] [ 85%] Built target autoware_msgs_generate_messages_nodejs
[1.002s] [ 85%] Built target autoware_msgs_generate_messages_eus
[1.006s] [ 85%] Built target std_srvs_generate_messages_eus
[1.009s] [ 85%] Built target jsk_footstep_msgs_generate_messages_cpp
[1.013s] [ 85%] Built target tf_generate_messages_eus
[1.013s] [ 85%] Built target tf_generate_messages_cpp
[1.015s] [ 85%] Built target pcl_msgs_generate_messages_lisp
[1.018s] [ 85%] Built target actionlib_generate_messages_nodejs
[1.022s] [ 85%] Built target jsk_recognition_msgs_generate_messages_nodejs
[1.026s] [ 85%] Built target vector_map_server_generate_messages_py
[1.027s] [ 85%] Built target rosgraph_msgs_generate_messages_lisp
[1.028s] [ 85%] Built target actionlib_msgs_generate_messages_eus
[1.028s] [ 85%] Built target roscpp_generate_messages_eus
[1.029s] [ 85%] Built target dynamic_reconfigure_gencfg
[1.029s] [ 85%] Built target pcl_msgs_generate_messages_py
[1.030s] [ 85%] Built target tf_generate_messages_lisp
[1.031s] [ 85%] Built target rosgraph_msgs_generate_messages_nodejs
[1.034s] [ 85%] Built target autoware_can_msgs_generate_messages_eus
[1.034s] [ 85%] Built target tf2_msgs_generate_messages_lisp
[1.035s] [ 85%] Built target roscpp_generate_messages_py
[1.042s] [ 85%] Built target rosgraph_msgs_generate_messages_py
[1.044s] [ 85%] Built target tf_generate_messages_nodejs
[1.046s] [ 85%] Built target geometry_msgs_generate_messages_cpp
[1.046s] [ 85%] Built target actionlib_generate_messages_py
[1.046s] [ 85%] Built target actionlib_generate_messages_lisp
[1.047s] [ 85%] Built target actionlib_generate_messages_eus
[1.048s] [ 85%] Built target visualization_msgs_generate_messages_cpp
[1.049s] [ 85%] Built target tf2_msgs_generate_messages_py
[1.050s] [ 85%] Built target vector_map_server_generate_messages_cpp
[1.050s] [ 85%] Built target tf2_msgs_generate_messages_nodejs
[1.052s] [ 85%] Built target tf2_msgs_generate_messages_eus
[1.095s] [100%] Built target op_common_params
[1.111s] Invoked command in '/home/autoware/Autoware/build/op_local_planner' returned '0': CMAKE_PREFIX_PATH=/home/autoware/Autoware/install/op_ros_helpers:/home/autoware/Autoware/install/op_simu:/home/autoware/Autoware/install/op_planner:/home/autoware/Autoware/install/op_utility:/home/autoware/Autoware/install/map_file:/home/autoware/Autoware/install/vector_map_server:/home/autoware/Autoware/install/libwaypoint_follower:/home/autoware/Autoware/install/lanelet2_extension:/home/autoware/Autoware/install/vector_map:/home/autoware/Autoware/install/amathutils_lib:/home/autoware/Autoware/install/vector_map_msgs:/home/autoware/Autoware/install/autoware_msgs:/home/autoware/Autoware/install/autoware_lanelet2_msgs:/home/autoware/Autoware/install/autoware_can_msgs:/home/autoware/Autoware/install/autoware_build_flags:${CMAKE_PREFIX_PATH} LD_LIBRARY_PATH=/home/autoware/Autoware/install/op_ros_helpers/lib:/home/autoware/Autoware/install/op_simu/lib:/home/autoware/Autoware/install/op_planner/lib:/home/autoware/Autoware/install/op_utility/lib:/home/autoware/Autoware/install/map_file/lib:/home/autoware/Autoware/install/libwaypoint_follower/lib:/home/autoware/Autoware/install/lanelet2_extension/lib:/home/autoware/Autoware/install/vector_map/lib:/home/autoware/Autoware/install/amathutils_lib/lib:${LD_LIBRARY_PATH} PKG_CONFIG_PATH=/home/autoware/Autoware/install/op_ros_helpers/lib/x86_64-linux-gnu/pkgconfig:/home/autoware/Autoware/install/op_ros_helpers/lib/pkgconfig:/home/autoware/Autoware/install/op_simu/lib/x86_64-linux-gnu/pkgconfig:/home/autoware/Autoware/install/op_simu/lib/pkgconfig:/home/autoware/Autoware/install/op_planner/lib/x86_64-linux-gnu/pkgconfig:/home/autoware/Autoware/install/op_planner/lib/pkgconfig:/home/autoware/Autoware/install/op_utility/lib/x86_64-linux-gnu/pkgconfig:/home/autoware/Autoware/install/op_utility/lib/pkgconfig:/home/autoware/Autoware/install/map_file/lib/x86_64-linux-gnu/pkgconfig:/home/autoware/Autoware/install/map_file/lib/pkgconfig:/home/autoware/Autoware/install/vector_map_server/lib/x86_64-linux-gnu/pkgconfig:/home/autoware/Autoware/install/vector_map_server/lib/pkgconfig:/home/autoware/Autoware/install/libwaypoint_follower/lib/x86_64-linux-gnu/pkgconfig:/home/autoware/Autoware/install/libwaypoint_follower/lib/pkgconfig:/home/autoware/Autoware/install/lanelet2_extension/lib/x86_64-linux-gnu/pkgconfig:/home/autoware/Autoware/install/lanelet2_extension/lib/pkgconfig:/home/autoware/Autoware/install/vector_map/lib/x86_64-linux-gnu/pkgconfig:/home/autoware/Autoware/install/vector_map/lib/pkgconfig:/home/autoware/Autoware/install/amathutils_lib/lib/x86_64-linux-gnu/pkgconfig:/home/autoware/Autoware/install/amathutils_lib/lib/pkgconfig:/home/autoware/Autoware/install/vector_map_msgs/lib/x86_64-linux-gnu/pkgconfig:/home/autoware/Autoware/install/vector_map_msgs/lib/pkgconfig:/home/autoware/Autoware/install/autoware_msgs/lib/x86_64-linux-gnu/pkgconfig:/home/autoware/Autoware/install/autoware_msgs/lib/pkgconfig:/home/autoware/Autoware/install/autoware_lanelet2_msgs/lib/x86_64-linux-gnu/pkgconfig:/home/autoware/Autoware/install/autoware_lanelet2_msgs/lib/pkgconfig:/home/autoware/Autoware/install/autoware_can_msgs/lib/x86_64-linux-gnu/pkgconfig:/home/autoware/Autoware/install/autoware_can_msgs/lib/pkgconfig:/home/autoware/Autoware/install/autoware_build_flags/lib/x86_64-linux-gnu/pkgconfig:/home/autoware/Autoware/install/autoware_build_flags/lib/pkgconfig:${PKG_CONFIG_PATH} PYTHONPATH=/home/autoware/Autoware/install/vector_map_server/lib/python2.7/dist-packages:/home/autoware/Autoware/install/vector_map_msgs/lib/python2.7/dist-packages:/home/autoware/Autoware/install/autoware_msgs/lib/python2.7/dist-packages:/home/autoware/Autoware/install/autoware_lanelet2_msgs/lib/python2.7/dist-packages:/home/autoware/Autoware/install/autoware_can_msgs/lib/python2.7/dist-packages:${PYTHONPATH} ROS_PACKAGE_PATH=/home/autoware/Autoware/install/op_ros_helpers/share:/home/autoware/Autoware/install/op_simu/share:/home/autoware/Autoware/install/op_planner/share:/home/autoware/Autoware/install/op_utility/share:/home/autoware/Autoware/install/map_file/share:/home/autoware/Autoware/install/vector_map_server/share:/home/autoware/Autoware/install/libwaypoint_follower/share:/home/autoware/Autoware/install/lanelet2_extension/share:/home/autoware/Autoware/install/vector_map/share:/home/autoware/Autoware/install/amathutils_lib/share:/home/autoware/Autoware/install/vector_map_msgs/share:/home/autoware/Autoware/install/autoware_msgs/share:/home/autoware/Autoware/install/autoware_lanelet2_msgs/share:/home/autoware/Autoware/install/autoware_can_msgs/share:/home/autoware/Autoware/install/autoware_build_flags/share:${ROS_PACKAGE_PATH} /usr/bin/cmake --build /home/autoware/Autoware/build/op_local_planner -- -j32 -l32
[1.254s] Invoking command in '/home/autoware/Autoware/build/op_local_planner': CMAKE_PREFIX_PATH=/home/autoware/Autoware/install/op_ros_helpers:/home/autoware/Autoware/install/op_simu:/home/autoware/Autoware/install/op_planner:/home/autoware/Autoware/install/op_utility:/home/autoware/Autoware/install/map_file:/home/autoware/Autoware/install/vector_map_server:/home/autoware/Autoware/install/libwaypoint_follower:/home/autoware/Autoware/install/lanelet2_extension:/home/autoware/Autoware/install/vector_map:/home/autoware/Autoware/install/amathutils_lib:/home/autoware/Autoware/install/vector_map_msgs:/home/autoware/Autoware/install/autoware_msgs:/home/autoware/Autoware/install/autoware_lanelet2_msgs:/home/autoware/Autoware/install/autoware_can_msgs:/home/autoware/Autoware/install/autoware_build_flags:${CMAKE_PREFIX_PATH} LD_LIBRARY_PATH=/home/autoware/Autoware/install/op_ros_helpers/lib:/home/autoware/Autoware/install/op_simu/lib:/home/autoware/Autoware/install/op_planner/lib:/home/autoware/Autoware/install/op_utility/lib:/home/autoware/Autoware/install/map_file/lib:/home/autoware/Autoware/install/libwaypoint_follower/lib:/home/autoware/Autoware/install/lanelet2_extension/lib:/home/autoware/Autoware/install/vector_map/lib:/home/autoware/Autoware/install/amathutils_lib/lib:${LD_LIBRARY_PATH} PKG_CONFIG_PATH=/home/autoware/Autoware/install/op_ros_helpers/lib/x86_64-linux-gnu/pkgconfig:/home/autoware/Autoware/install/op_ros_helpers/lib/pkgconfig:/home/autoware/Autoware/install/op_simu/lib/x86_64-linux-gnu/pkgconfig:/home/autoware/Autoware/install/op_simu/lib/pkgconfig:/home/autoware/Autoware/install/op_planner/lib/x86_64-linux-gnu/pkgconfig:/home/autoware/Autoware/install/op_planner/lib/pkgconfig:/home/autoware/Autoware/install/op_utility/lib/x86_64-linux-gnu/pkgconfig:/home/autoware/Autoware/install/op_utility/lib/pkgconfig:/home/autoware/Autoware/install/map_file/lib/x86_64-linux-gnu/pkgconfig:/home/autoware/Autoware/install/map_file/lib/pkgconfig:/home/autoware/Autoware/install/vector_map_server/lib/x86_64-linux-gnu/pkgconfig:/home/autoware/Autoware/install/vector_map_server/lib/pkgconfig:/home/autoware/Autoware/install/libwaypoint_follower/lib/x86_64-linux-gnu/pkgconfig:/home/autoware/Autoware/install/libwaypoint_follower/lib/pkgconfig:/home/autoware/Autoware/install/lanelet2_extension/lib/x86_64-linux-gnu/pkgconfig:/home/autoware/Autoware/install/lanelet2_extension/lib/pkgconfig:/home/autoware/Autoware/install/vector_map/lib/x86_64-linux-gnu/pkgconfig:/home/autoware/Autoware/install/vector_map/lib/pkgconfig:/home/autoware/Autoware/install/amathutils_lib/lib/x86_64-linux-gnu/pkgconfig:/home/autoware/Autoware/install/amathutils_lib/lib/pkgconfig:/home/autoware/Autoware/install/vector_map_msgs/lib/x86_64-linux-gnu/pkgconfig:/home/autoware/Autoware/install/vector_map_msgs/lib/pkgconfig:/home/autoware/Autoware/install/autoware_msgs/lib/x86_64-linux-gnu/pkgconfig:/home/autoware/Autoware/install/autoware_msgs/lib/pkgconfig:/home/autoware/Autoware/install/autoware_lanelet2_msgs/lib/x86_64-linux-gnu/pkgconfig:/home/autoware/Autoware/install/autoware_lanelet2_msgs/lib/pkgconfig:/home/autoware/Autoware/install/autoware_can_msgs/lib/x86_64-linux-gnu/pkgconfig:/home/autoware/Autoware/install/autoware_can_msgs/lib/pkgconfig:/home/autoware/Autoware/install/autoware_build_flags/lib/x86_64-linux-gnu/pkgconfig:/home/autoware/Autoware/install/autoware_build_flags/lib/pkgconfig:${PKG_CONFIG_PATH} PYTHONPATH=/home/autoware/Autoware/install/vector_map_server/lib/python2.7/dist-packages:/home/autoware/Autoware/install/vector_map_msgs/lib/python2.7/dist-packages:/home/autoware/Autoware/install/autoware_msgs/lib/python2.7/dist-packages:/home/autoware/Autoware/install/autoware_lanelet2_msgs/lib/python2.7/dist-packages:/home/autoware/Autoware/install/autoware_can_msgs/lib/python2.7/dist-packages:${PYTHONPATH} ROS_PACKAGE_PATH=/home/autoware/Autoware/install/op_ros_helpers/share:/home/autoware/Autoware/install/op_simu/share:/home/autoware/Autoware/install/op_planner/share:/home/autoware/Autoware/install/op_utility/share:/home/autoware/Autoware/install/map_file/share:/home/autoware/Autoware/install/vector_map_server/share:/home/autoware/Autoware/install/libwaypoint_follower/share:/home/autoware/Autoware/install/lanelet2_extension/share:/home/autoware/Autoware/install/vector_map/share:/home/autoware/Autoware/install/amathutils_lib/share:/home/autoware/Autoware/install/vector_map_msgs/share:/home/autoware/Autoware/install/autoware_msgs/share:/home/autoware/Autoware/install/autoware_lanelet2_msgs/share:/home/autoware/Autoware/install/autoware_can_msgs/share:/home/autoware/Autoware/install/autoware_build_flags/share:${ROS_PACKAGE_PATH} /usr/bin/cmake --build /home/autoware/Autoware/build/op_local_planner --target tests -- -j32 -l32
[1.344s] Built target tests
[1.363s] Invoked command in '/home/autoware/Autoware/build/op_local_planner' returned '0': CMAKE_PREFIX_PATH=/home/autoware/Autoware/install/op_ros_helpers:/home/autoware/Autoware/install/op_simu:/home/autoware/Autoware/install/op_planner:/home/autoware/Autoware/install/op_utility:/home/autoware/Autoware/install/map_file:/home/autoware/Autoware/install/vector_map_server:/home/autoware/Autoware/install/libwaypoint_follower:/home/autoware/Autoware/install/lanelet2_extension:/home/autoware/Autoware/install/vector_map:/home/autoware/Autoware/install/amathutils_lib:/home/autoware/Autoware/install/vector_map_msgs:/home/autoware/Autoware/install/autoware_msgs:/home/autoware/Autoware/install/autoware_lanelet2_msgs:/home/autoware/Autoware/install/autoware_can_msgs:/home/autoware/Autoware/install/autoware_build_flags:${CMAKE_PREFIX_PATH} LD_LIBRARY_PATH=/home/autoware/Autoware/install/op_ros_helpers/lib:/home/autoware/Autoware/install/op_simu/lib:/home/autoware/Autoware/install/op_planner/lib:/home/autoware/Autoware/install/op_utility/lib:/home/autoware/Autoware/install/map_file/lib:/home/autoware/Autoware/install/libwaypoint_follower/lib:/home/autoware/Autoware/install/lanelet2_extension/lib:/home/autoware/Autoware/install/vector_map/lib:/home/autoware/Autoware/install/amathutils_lib/lib:${LD_LIBRARY_PATH} PKG_CONFIG_PATH=/home/autoware/Autoware/install/op_ros_helpers/lib/x86_64-linux-gnu/pkgconfig:/home/autoware/Autoware/install/op_ros_helpers/lib/pkgconfig:/home/autoware/Autoware/install/op_simu/lib/x86_64-linux-gnu/pkgconfig:/home/autoware/Autoware/install/op_simu/lib/pkgconfig:/home/autoware/Autoware/install/op_planner/lib/x86_64-linux-gnu/pkgconfig:/home/autoware/Autoware/install/op_planner/lib/pkgconfig:/home/autoware/Autoware/install/op_utility/lib/x86_64-linux-gnu/pkgconfig:/home/autoware/Autoware/install/op_utility/lib/pkgconfig:/home/autoware/Autoware/install/map_file/lib/x86_64-linux-gnu/pkgconfig:/home/autoware/Autoware/install/map_file/lib/pkgconfig:/home/autoware/Autoware/install/vector_map_server/lib/x86_64-linux-gnu/pkgconfig:/home/autoware/Autoware/install/vector_map_server/lib/pkgconfig:/home/autoware/Autoware/install/libwaypoint_follower/lib/x86_64-linux-gnu/pkgconfig:/home/autoware/Autoware/install/libwaypoint_follower/lib/pkgconfig:/home/autoware/Autoware/install/lanelet2_extension/lib/x86_64-linux-gnu/pkgconfig:/home/autoware/Autoware/install/lanelet2_extension/lib/pkgconfig:/home/autoware/Autoware/install/vector_map/lib/x86_64-linux-gnu/pkgconfig:/home/autoware/Autoware/install/vector_map/lib/pkgconfig:/home/autoware/Autoware/install/amathutils_lib/lib/x86_64-linux-gnu/pkgconfig:/home/autoware/Autoware/install/amathutils_lib/lib/pkgconfig:/home/autoware/Autoware/install/vector_map_msgs/lib/x86_64-linux-gnu/pkgconfig:/home/autoware/Autoware/install/vector_map_msgs/lib/pkgconfig:/home/autoware/Autoware/install/autoware_msgs/lib/x86_64-linux-gnu/pkgconfig:/home/autoware/Autoware/install/autoware_msgs/lib/pkgconfig:/home/autoware/Autoware/install/autoware_lanelet2_msgs/lib/x86_64-linux-gnu/pkgconfig:/home/autoware/Autoware/install/autoware_lanelet2_msgs/lib/pkgconfig:/home/autoware/Autoware/install/autoware_can_msgs/lib/x86_64-linux-gnu/pkgconfig:/home/autoware/Autoware/install/autoware_can_msgs/lib/pkgconfig:/home/autoware/Autoware/install/autoware_build_flags/lib/x86_64-linux-gnu/pkgconfig:/home/autoware/Autoware/install/autoware_build_flags/lib/pkgconfig:${PKG_CONFIG_PATH} PYTHONPATH=/home/autoware/Autoware/install/vector_map_server/lib/python2.7/dist-packages:/home/autoware/Autoware/install/vector_map_msgs/lib/python2.7/dist-packages:/home/autoware/Autoware/install/autoware_msgs/lib/python2.7/dist-packages:/home/autoware/Autoware/install/autoware_lanelet2_msgs/lib/python2.7/dist-packages:/home/autoware/Autoware/install/autoware_can_msgs/lib/python2.7/dist-packages:${PYTHONPATH} ROS_PACKAGE_PATH=/home/autoware/Autoware/install/op_ros_helpers/share:/home/autoware/Autoware/install/op_simu/share:/home/autoware/Autoware/install/op_planner/share:/home/autoware/Autoware/install/op_utility/share:/home/autoware/Autoware/install/map_file/share:/home/autoware/Autoware/install/vector_map_server/share:/home/autoware/Autoware/install/libwaypoint_follower/share:/home/autoware/Autoware/install/lanelet2_extension/share:/home/autoware/Autoware/install/vector_map/share:/home/autoware/Autoware/install/amathutils_lib/share:/home/autoware/Autoware/install/vector_map_msgs/share:/home/autoware/Autoware/install/autoware_msgs/share:/home/autoware/Autoware/install/autoware_lanelet2_msgs/share:/home/autoware/Autoware/install/autoware_can_msgs/share:/home/autoware/Autoware/install/autoware_build_flags/share:${ROS_PACKAGE_PATH} /usr/bin/cmake --build /home/autoware/Autoware/build/op_local_planner --target tests -- -j32 -l32
[1.975s] Invoking command in '/home/autoware/Autoware/build/op_local_planner': CMAKE_PREFIX_PATH=/home/autoware/Autoware/install/op_ros_helpers:/home/autoware/Autoware/install/op_simu:/home/autoware/Autoware/install/op_planner:/home/autoware/Autoware/install/op_utility:/home/autoware/Autoware/install/map_file:/home/autoware/Autoware/install/vector_map_server:/home/autoware/Autoware/install/libwaypoint_follower:/home/autoware/Autoware/install/lanelet2_extension:/home/autoware/Autoware/install/vector_map:/home/autoware/Autoware/install/amathutils_lib:/home/autoware/Autoware/install/vector_map_msgs:/home/autoware/Autoware/install/autoware_msgs:/home/autoware/Autoware/install/autoware_lanelet2_msgs:/home/autoware/Autoware/install/autoware_can_msgs:/home/autoware/Autoware/install/autoware_build_flags:${CMAKE_PREFIX_PATH} LD_LIBRARY_PATH=/home/autoware/Autoware/install/op_ros_helpers/lib:/home/autoware/Autoware/install/op_simu/lib:/home/autoware/Autoware/install/op_planner/lib:/home/autoware/Autoware/install/op_utility/lib:/home/autoware/Autoware/install/map_file/lib:/home/autoware/Autoware/install/libwaypoint_follower/lib:/home/autoware/Autoware/install/lanelet2_extension/lib:/home/autoware/Autoware/install/vector_map/lib:/home/autoware/Autoware/install/amathutils_lib/lib:${LD_LIBRARY_PATH} PKG_CONFIG_PATH=/home/autoware/Autoware/install/op_ros_helpers/lib/x86_64-linux-gnu/pkgconfig:/home/autoware/Autoware/install/op_ros_helpers/lib/pkgconfig:/home/autoware/Autoware/install/op_simu/lib/x86_64-linux-gnu/pkgconfig:/home/autoware/Autoware/install/op_simu/lib/pkgconfig:/home/autoware/Autoware/install/op_planner/lib/x86_64-linux-gnu/pkgconfig:/home/autoware/Autoware/install/op_planner/lib/pkgconfig:/home/autoware/Autoware/install/op_utility/lib/x86_64-linux-gnu/pkgconfig:/home/autoware/Autoware/install/op_utility/lib/pkgconfig:/home/autoware/Autoware/install/map_file/lib/x86_64-linux-gnu/pkgconfig:/home/autoware/Autoware/install/map_file/lib/pkgconfig:/home/autoware/Autoware/install/vector_map_server/lib/x86_64-linux-gnu/pkgconfig:/home/autoware/Autoware/install/vector_map_server/lib/pkgconfig:/home/autoware/Autoware/install/libwaypoint_follower/lib/x86_64-linux-gnu/pkgconfig:/home/autoware/Autoware/install/libwaypoint_follower/lib/pkgconfig:/home/autoware/Autoware/install/lanelet2_extension/lib/x86_64-linux-gnu/pkgconfig:/home/autoware/Autoware/install/lanelet2_extension/lib/pkgconfig:/home/autoware/Autoware/install/vector_map/lib/x86_64-linux-gnu/pkgconfig:/home/autoware/Autoware/install/vector_map/lib/pkgconfig:/home/autoware/Autoware/install/amathutils_lib/lib/x86_64-linux-gnu/pkgconfig:/home/autoware/Autoware/install/amathutils_lib/lib/pkgconfig:/home/autoware/Autoware/install/vector_map_msgs/lib/x86_64-linux-gnu/pkgconfig:/home/autoware/Autoware/install/vector_map_msgs/lib/pkgconfig:/home/autoware/Autoware/install/autoware_msgs/lib/x86_64-linux-gnu/pkgconfig:/home/autoware/Autoware/install/autoware_msgs/lib/pkgconfig:/home/autoware/Autoware/install/autoware_lanelet2_msgs/lib/x86_64-linux-gnu/pkgconfig:/home/autoware/Autoware/install/autoware_lanelet2_msgs/lib/pkgconfig:/home/autoware/Autoware/install/autoware_can_msgs/lib/x86_64-linux-gnu/pkgconfig:/home/autoware/Autoware/install/autoware_can_msgs/lib/pkgconfig:/home/autoware/Autoware/install/autoware_build_flags/lib/x86_64-linux-gnu/pkgconfig:/home/autoware/Autoware/install/autoware_build_flags/lib/pkgconfig:${PKG_CONFIG_PATH} PYTHONPATH=/home/autoware/Autoware/install/vector_map_server/lib/python2.7/dist-packages:/home/autoware/Autoware/install/vector_map_msgs/lib/python2.7/dist-packages:/home/autoware/Autoware/install/autoware_msgs/lib/python2.7/dist-packages:/home/autoware/Autoware/install/autoware_lanelet2_msgs/lib/python2.7/dist-packages:/home/autoware/Autoware/install/autoware_can_msgs/lib/python2.7/dist-packages:${PYTHONPATH} ROS_PACKAGE_PATH=/home/autoware/Autoware/install/op_ros_helpers/share:/home/autoware/Autoware/install/op_simu/share:/home/autoware/Autoware/install/op_planner/share:/home/autoware/Autoware/install/op_utility/share:/home/autoware/Autoware/install/map_file/share:/home/autoware/Autoware/install/vector_map_server/share:/home/autoware/Autoware/install/libwaypoint_follower/share:/home/autoware/Autoware/install/lanelet2_extension/share:/home/autoware/Autoware/install/vector_map/share:/home/autoware/Autoware/install/amathutils_lib/share:/home/autoware/Autoware/install/vector_map_msgs/share:/home/autoware/Autoware/install/autoware_msgs/share:/home/autoware/Autoware/install/autoware_lanelet2_msgs/share:/home/autoware/Autoware/install/autoware_can_msgs/share:/home/autoware/Autoware/install/autoware_build_flags/share:${ROS_PACKAGE_PATH} /usr/bin/cmake --build /home/autoware/Autoware/build/op_local_planner --target install -- -j32 -l32
[2.103s] [  0%] Built target bond_generate_messages_eus
[2.103s] [  0%] Built target bond_generate_messages_cpp
[2.103s] [  0%] Built target std_srvs_generate_messages_lisp
[2.103s] [  0%] Built target topic_tools_generate_messages_nodejs
[2.103s] [  0%] Built target topic_tools_generate_messages_eus
[2.103s] [  0%] Built target visualization_msgs_generate_messages_py
[2.103s] [  0%] Built target std_srvs_generate_messages_py
[2.103s] [  0%] Built target visualization_msgs_generate_messages_nodejs
[2.103s] [  0%] Built target bond_generate_messages_nodejs
[2.103s] [  0%] Built target sensor_msgs_generate_messages_nodejs
[2.104s] [  0%] Built target vector_map_msgs_generate_messages_nodejs
[2.104s] [  0%] Built target dynamic_reconfigure_generate_messages_lisp
[2.104s] [  0%] Built target topic_tools_generate_messages_cpp
[2.104s] [  0%] Built target nodelet_generate_messages_nodejs
[2.104s] [  0%] Built target vector_map_msgs_generate_messages_lisp
[2.104s] [  0%] Built target bond_generate_messages_py
[2.104s] [  0%] Built target nodelet_generate_messages_eus
[2.104s] [  0%] Built target visualization_msgs_generate_messages_eus
[2.104s] [  0%] Built target vector_map_msgs_generate_messages_py
[2.105s] [  0%] Built target vector_map_msgs_generate_messages_eus
[2.105s] [  0%] Built target vector_map_server_generate_messages_nodejs
[2.105s] [  0%] Built target nodelet_generate_messages_cpp
[2.105s] [  0%] Built target pcl_ros_gencfg
[2.105s] [  0%] Built target vector_map_msgs_generate_messages_cpp
[2.107s] [  0%] Built target bond_generate_messages_lisp
[2.110s] [  0%] Built target geometry_msgs_generate_messages_py
[2.110s] [  0%] Built target dynamic_reconfigure_generate_messages_eus
[2.113s] [  0%] Built target std_srvs_generate_messages_nodejs
[2.126s] [ 35%] Built target op_trajectory_evaluator
[2.126s] [ 42%] Built target op_trajectory_generator
[2.127s] [ 64%] Built target op_motion_predictor
[2.139s] [ 64%] Built target roscpp_generate_messages_cpp
[2.140s] [ 85%] Built target op_behavior_selector
[2.141s] [ 85%] Built target vector_map_server_generate_messages_eus
[2.145s] [ 85%] Built target jsk_recognition_msgs_generate_messages_lisp
[2.164s] [ 85%] Built target rosgraph_msgs_generate_messages_eus
[2.164s] [ 85%] Built target actionlib_generate_messages_cpp
[2.164s] [ 85%] Built target pcl_msgs_generate_messages_eus
[2.164s] [ 85%] Built target tf2_msgs_generate_messages_cpp
[2.164s] [ 85%] Built target std_srvs_generate_messages_cpp
[2.164s] [ 85%] Built target sensor_msgs_generate_messages_lisp
[2.164s] [ 85%] Built target autoware_can_msgs_generate_messages_lisp
[2.164s] [ 85%] Built target jsk_recognition_msgs_generate_messages_eus
[2.164s] [ 85%] Built target pcl_msgs_generate_messages_cpp
[2.164s] [ 85%] Built target geometry_msgs_generate_messages_lisp
[2.165s] [ 85%] Built target dynamic_reconfigure_generate_messages_py
[2.165s] [ 85%] Built target topic_tools_generate_messages_lisp
[2.165s] [ 85%] Built target autoware_can_msgs_generate_messages_cpp
[2.165s] [ 85%] Built target nodelet_generate_messages_py
[2.165s] [ 85%] Built target jsk_recognition_msgs_generate_messages_py
[2.165s] [ 85%] Built target autoware_can_msgs_generate_messages_nodejs
[2.165s] [ 85%] Built target geometry_msgs_generate_messages_eus
[2.165s] [ 85%] Built target jsk_recognition_msgs_generate_messages_cpp
[2.165s] [ 85%] Built target sensor_msgs_generate_messages_py
[2.165s] [ 85%] Built target nodelet_topic_tools_gencfg
[2.165s] [ 85%] Built target dynamic_reconfigure_generate_messages_cpp
[2.165s] [ 85%] Built target tf_generate_messages_py
[2.166s] [ 85%] Built target pcl_msgs_generate_messages_nodejs
[2.166s] [ 85%] Built target topic_tools_generate_messages_py
[2.166s] [ 85%] Built target actionlib_msgs_generate_messages_nodejs
[2.177s] [ 85%] Built target visualization_msgs_generate_messages_lisp
[2.178s] [ 85%] Built target jsk_footstep_msgs_generate_messages_py
[2.178s] [ 85%] Built target std_msgs_generate_messages_cpp
[2.186s] [ 85%] Built target geometry_msgs_generate_messages_nodejs
[2.189s] [ 85%] Built target autoware_can_msgs_generate_messages_py
[2.189s] [ 85%] Built target sensor_msgs_generate_messages_eus
[2.190s] [ 85%] Built target sensor_msgs_generate_messages_cpp
[2.191s] [ 85%] Built target std_msgs_generate_messages_eus
[2.193s] [ 85%] Built target dynamic_reconfigure_generate_messages_nodejs
[2.194s] [ 85%] Built target autoware_msgs_generate_messages_py
[2.195s] [ 85%] Built target std_msgs_generate_messages_lisp
[2.196s] [ 85%] Built target nodelet_generate_messages_lisp
[2.197s] [ 85%] Built target jsk_footstep_msgs_generate_messages_lisp
[2.198s] [ 85%] Built target jsk_footstep_msgs_generate_messages_eus
[2.198s] [ 85%] Built target std_msgs_generate_messages_nodejs
[2.198s] [ 85%] Built target std_msgs_generate_messages_py
[2.198s] [ 85%] Built target actionlib_msgs_generate_messages_py
[2.199s] [ 85%] Built target roscpp_generate_messages_nodejs
[2.199s] [ 85%] Built target vector_map_server_generate_messages_lisp
[2.200s] [ 85%] Built target actionlib_generate_messages_nodejs
[2.200s] [ 85%] Built target autoware_msgs_generate_messages_cpp
[2.200s] [ 85%] Built target autoware_msgs_generate_messages_lisp
[2.200s] [ 85%] Built target autoware_msgs_generate_messages_eus
[2.201s] [ 85%] Built target jsk_footstep_msgs_generate_messages_nodejs
[2.202s] [ 85%] Built target actionlib_msgs_generate_messages_lisp
[2.203s] [ 85%] Built target autoware_msgs_generate_messages_nodejs
[2.203s] [ 85%] Built target rosgraph_msgs_generate_messages_cpp
[2.204s] [ 85%] Built target jsk_footstep_msgs_generate_messages_cpp
[2.204s] [ 85%] Built target tf_generate_messages_cpp
[2.204s] [ 85%] Built target tf_generate_messages_eus
[2.204s] [ 85%] Built target actionlib_msgs_generate_messages_cpp
[2.207s] [ 85%] Built target pcl_msgs_generate_messages_lisp
[2.224s] [ 85%] Built target tf_generate_messages_lisp
[2.224s] [ 85%] Built target std_srvs_generate_messages_eus
[2.225s] [ 85%] Built target tf_generate_messages_nodejs
[2.226s] [ 85%] Built target jsk_recognition_msgs_generate_messages_nodejs
[2.230s] [ 85%] Built target rosgraph_msgs_generate_messages_nodejs
[2.232s] [ 85%] Built target roscpp_generate_messages_py
[2.233s] [ 85%] Built target rosgraph_msgs_generate_messages_lisp
[2.236s] [ 85%] Built target tf2_msgs_generate_messages_lisp
[2.236s] [ 85%] Built target pcl_msgs_generate_messages_py
[2.236s] [ 85%] Built target vector_map_server_generate_messages_py
[2.237s] [ 85%] Built target roscpp_generate_messages_eus
[2.239s] [ 85%] Built target geometry_msgs_generate_messages_cpp
[2.239s] [ 85%] Built target roscpp_generate_messages_lisp
[2.240s] [ 85%] Built target autoware_can_msgs_generate_messages_eus
[2.241s] [ 85%] Built target actionlib_msgs_generate_messages_eus
[2.254s] [ 85%] Built target actionlib_generate_messages_eus
[2.254s] [ 85%] Built target tf2_msgs_generate_messages_eus
[2.254s] [ 85%] Built target dynamic_reconfigure_gencfg
[2.254s] [ 85%] Built target rosgraph_msgs_generate_messages_py
[2.254s] [ 85%] Built target tf2_msgs_generate_messages_py
[2.254s] [ 85%] Built target actionlib_generate_messages_lisp
[2.255s] [ 85%] Built target tf2_msgs_generate_messages_nodejs
[2.255s] [ 85%] Built target actionlib_generate_messages_py
[2.255s] [ 85%] Built target vector_map_server_generate_messages_cpp
[2.255s] [ 85%] Built target visualization_msgs_generate_messages_cpp
[2.281s] [100%] Built target op_common_params
[2.311s] Install the project...
[2.324s] -- Install configuration: "Release"
[2.324s] -- Up-to-date: /home/autoware/Autoware/install/op_local_planner/lib/pkgconfig/op_local_planner.pc
[2.325s] -- Up-to-date: /home/autoware/Autoware/install/op_local_planner/share/op_local_planner/cmake/op_local_plannerConfig.cmake
[2.326s] -- Up-to-date: /home/autoware/Autoware/install/op_local_planner/share/op_local_planner/cmake/op_local_plannerConfig-version.cmake
[2.326s] -- Up-to-date: /home/autoware/Autoware/install/op_local_planner/share/op_local_planner/package.xml
[2.327s] -- Up-to-date: /home/autoware/Autoware/install/op_local_planner/lib/op_local_planner/op_common_params
[2.329s] -- Up-to-date: /home/autoware/Autoware/install/op_local_planner/lib/op_local_planner/op_trajectory_generator
[2.330s] -- Up-to-date: /home/autoware/Autoware/install/op_local_planner/lib/op_local_planner/op_trajectory_evaluator
[2.332s] -- Up-to-date: /home/autoware/Autoware/install/op_local_planner/lib/op_local_planner/op_behavior_selector
[2.334s] -- Up-to-date: /home/autoware/Autoware/install/op_local_planner/lib/op_local_planner/op_motion_predictor
[2.336s] -- Up-to-date: /home/autoware/Autoware/install/op_local_planner/share/op_local_planner/launch
[2.336s] -- Up-to-date: /home/autoware/Autoware/install/op_local_planner/share/op_local_planner/launch/op_trajectory_generator.launch
[2.336s] -- Up-to-date: /home/autoware/Autoware/install/op_local_planner/share/op_local_planner/launch/op_behavior_selector.launch
[2.337s] -- Up-to-date: /home/autoware/Autoware/install/op_local_planner/share/op_local_planner/launch/op_common_params.launch
[2.338s] -- Up-to-date: /home/autoware/Autoware/install/op_local_planner/share/op_local_planner/launch/op_trajectory_evaluator.launch
[2.338s] -- Up-to-date: /home/autoware/Autoware/install/op_local_planner/share/op_local_planner/launch/op_motion_predictor.launch
[2.344s] Invoked command in '/home/autoware/Autoware/build/op_local_planner' returned '0': CMAKE_PREFIX_PATH=/home/autoware/Autoware/install/op_ros_helpers:/home/autoware/Autoware/install/op_simu:/home/autoware/Autoware/install/op_planner:/home/autoware/Autoware/install/op_utility:/home/autoware/Autoware/install/map_file:/home/autoware/Autoware/install/vector_map_server:/home/autoware/Autoware/install/libwaypoint_follower:/home/autoware/Autoware/install/lanelet2_extension:/home/autoware/Autoware/install/vector_map:/home/autoware/Autoware/install/amathutils_lib:/home/autoware/Autoware/install/vector_map_msgs:/home/autoware/Autoware/install/autoware_msgs:/home/autoware/Autoware/install/autoware_lanelet2_msgs:/home/autoware/Autoware/install/autoware_can_msgs:/home/autoware/Autoware/install/autoware_build_flags:${CMAKE_PREFIX_PATH} LD_LIBRARY_PATH=/home/autoware/Autoware/install/op_ros_helpers/lib:/home/autoware/Autoware/install/op_simu/lib:/home/autoware/Autoware/install/op_planner/lib:/home/autoware/Autoware/install/op_utility/lib:/home/autoware/Autoware/install/map_file/lib:/home/autoware/Autoware/install/libwaypoint_follower/lib:/home/autoware/Autoware/install/lanelet2_extension/lib:/home/autoware/Autoware/install/vector_map/lib:/home/autoware/Autoware/install/amathutils_lib/lib:${LD_LIBRARY_PATH} PKG_CONFIG_PATH=/home/autoware/Autoware/install/op_ros_helpers/lib/x86_64-linux-gnu/pkgconfig:/home/autoware/Autoware/install/op_ros_helpers/lib/pkgconfig:/home/autoware/Autoware/install/op_simu/lib/x86_64-linux-gnu/pkgconfig:/home/autoware/Autoware/install/op_simu/lib/pkgconfig:/home/autoware/Autoware/install/op_planner/lib/x86_64-linux-gnu/pkgconfig:/home/autoware/Autoware/install/op_planner/lib/pkgconfig:/home/autoware/Autoware/install/op_utility/lib/x86_64-linux-gnu/pkgconfig:/home/autoware/Autoware/install/op_utility/lib/pkgconfig:/home/autoware/Autoware/install/map_file/lib/x86_64-linux-gnu/pkgconfig:/home/autoware/Autoware/install/map_file/lib/pkgconfig:/home/autoware/Autoware/install/vector_map_server/lib/x86_64-linux-gnu/pkgconfig:/home/autoware/Autoware/install/vector_map_server/lib/pkgconfig:/home/autoware/Autoware/install/libwaypoint_follower/lib/x86_64-linux-gnu/pkgconfig:/home/autoware/Autoware/install/libwaypoint_follower/lib/pkgconfig:/home/autoware/Autoware/install/lanelet2_extension/lib/x86_64-linux-gnu/pkgconfig:/home/autoware/Autoware/install/lanelet2_extension/lib/pkgconfig:/home/autoware/Autoware/install/vector_map/lib/x86_64-linux-gnu/pkgconfig:/home/autoware/Autoware/install/vector_map/lib/pkgconfig:/home/autoware/Autoware/install/amathutils_lib/lib/x86_64-linux-gnu/pkgconfig:/home/autoware/Autoware/install/amathutils_lib/lib/pkgconfig:/home/autoware/Autoware/install/vector_map_msgs/lib/x86_64-linux-gnu/pkgconfig:/home/autoware/Autoware/install/vector_map_msgs/lib/pkgconfig:/home/autoware/Autoware/install/autoware_msgs/lib/x86_64-linux-gnu/pkgconfig:/home/autoware/Autoware/install/autoware_msgs/lib/pkgconfig:/home/autoware/Autoware/install/autoware_lanelet2_msgs/lib/x86_64-linux-gnu/pkgconfig:/home/autoware/Autoware/install/autoware_lanelet2_msgs/lib/pkgconfig:/home/autoware/Autoware/install/autoware_can_msgs/lib/x86_64-linux-gnu/pkgconfig:/home/autoware/Autoware/install/autoware_can_msgs/lib/pkgconfig:/home/autoware/Autoware/install/autoware_build_flags/lib/x86_64-linux-gnu/pkgconfig:/home/autoware/Autoware/install/autoware_build_flags/lib/pkgconfig:${PKG_CONFIG_PATH} PYTHONPATH=/home/autoware/Autoware/install/vector_map_server/lib/python2.7/dist-packages:/home/autoware/Autoware/install/vector_map_msgs/lib/python2.7/dist-packages:/home/autoware/Autoware/install/autoware_msgs/lib/python2.7/dist-packages:/home/autoware/Autoware/install/autoware_lanelet2_msgs/lib/python2.7/dist-packages:/home/autoware/Autoware/install/autoware_can_msgs/lib/python2.7/dist-packages:${PYTHONPATH} ROS_PACKAGE_PATH=/home/autoware/Autoware/install/op_ros_helpers/share:/home/autoware/Autoware/install/op_simu/share:/home/autoware/Autoware/install/op_planner/share:/home/autoware/Autoware/install/op_utility/share:/home/autoware/Autoware/install/map_file/share:/home/autoware/Autoware/install/vector_map_server/share:/home/autoware/Autoware/install/libwaypoint_follower/share:/home/autoware/Autoware/install/lanelet2_extension/share:/home/autoware/Autoware/install/vector_map/share:/home/autoware/Autoware/install/amathutils_lib/share:/home/autoware/Autoware/install/vector_map_msgs/share:/home/autoware/Autoware/install/autoware_msgs/share:/home/autoware/Autoware/install/autoware_lanelet2_msgs/share:/home/autoware/Autoware/install/autoware_can_msgs/share:/home/autoware/Autoware/install/autoware_build_flags/share:${ROS_PACKAGE_PATH} /usr/bin/cmake --build /home/autoware/Autoware/build/op_local_planner --target install -- -j32 -l32
