[0.622s] Invoking command in '/home/autoware/Autoware/build/autoware_camera_lidar_calibrator': CMAKE_PREFIX_PATH=/home/autoware/Autoware/install/autoware_msgs:/home/autoware/Autoware/install/autoware_build_flags:${CMAKE_PREFIX_PATH} PKG_CONFIG_PATH=/home/autoware/Autoware/install/autoware_msgs/lib/x86_64-linux-gnu/pkgconfig:/home/autoware/Autoware/install/autoware_msgs/lib/pkgconfig:/home/autoware/Autoware/install/autoware_build_flags/lib/x86_64-linux-gnu/pkgconfig:/home/autoware/Autoware/install/autoware_build_flags/lib/pkgconfig:${PKG_CONFIG_PATH} PYTHONPATH=/home/autoware/Autoware/install/autoware_msgs/lib/python2.7/dist-packages:${PYTHONPATH} ROS_PACKAGE_PATH=/home/autoware/Autoware/install/autoware_msgs/share:/home/autoware/Autoware/install/autoware_build_flags/share:${ROS_PACKAGE_PATH} /usr/bin/cmake --build /home/autoware/Autoware/build/autoware_camera_lidar_calibrator -- -j32 -l32
[1.035s] [  0%] Built target rosgraph_msgs_generate_messages_cpp
[1.035s] [  0%] Built target nodelet_generate_messages_nodejs
[1.035s] [  0%] Built target topic_tools_generate_messages_eus
[1.035s] [  0%] Built target tf2_msgs_generate_messages_eus
[1.035s] [  0%] Built target bond_generate_messages_lisp
[1.035s] [  0%] Built target jsk_recognition_msgs_generate_messages_py
[1.035s] [  0%] Built target std_msgs_generate_messages_py
[1.035s] [  0%] Built target jsk_recognition_msgs_generate_messages_eus
[1.035s] [  0%] Built target std_srvs_generate_messages_lisp
[1.035s] [  0%] Built target tf2_msgs_generate_messages_cpp
[1.035s] [  0%] Built target std_msgs_generate_messages_nodejs
[1.035s] [  0%] Built target topic_tools_generate_messages_cpp
[1.036s] [  0%] Built target pcl_msgs_generate_messages_nodejs
[1.036s] [  0%] Built target topic_tools_generate_messages_nodejs
[1.036s] [  0%] Built target actionlib_generate_messages_cpp
[1.036s] [  0%] Built target roscpp_generate_messages_cpp
[1.036s] [  0%] Built target tf_generate_messages_lisp
[1.036s] [  0%] Built target rosgraph_msgs_generate_messages_eus
[1.036s] [  0%] Built target tf2_msgs_generate_messages_nodejs
[1.036s] [  0%] Built target std_srvs_generate_messages_py
[1.036s] [  0%] Built target sensor_msgs_generate_messages_cpp
[1.036s] [  0%] Built target tf_generate_messages_py
[1.036s] [  0%] Built target sensor_msgs_generate_messages_nodejs
[1.036s] [  0%] Built target geometry_msgs_generate_messages_py
[1.037s] [  0%] Built target pcl_msgs_generate_messages_eus
[1.037s] [  0%] Built target tf_generate_messages_nodejs
[1.037s] [  0%] Built target sensor_msgs_generate_messages_eus
[1.037s] [  0%] Built target jsk_recognition_msgs_generate_messages_lisp
[1.037s] [  0%] Built target autoware_msgs_generate_messages_cpp
[1.037s] [  0%] Built target geometry_msgs_generate_messages_eus
[1.037s] [  0%] Built target tf2_msgs_generate_messages_py
[1.037s] [  0%] Built target dynamic_reconfigure_generate_messages_cpp
[1.037s] [  0%] Built target actionlib_generate_messages_py
[1.037s] [  0%] Built target actionlib_generate_messages_eus
[1.037s] [  0%] Built target jsk_footstep_msgs_generate_messages_py
[1.037s] [  0%] Built target std_msgs_generate_messages_cpp
[1.038s] [  0%] Built target sensor_msgs_generate_messages_py
[1.038s] [  0%] Built target autoware_msgs_generate_messages_lisp
[1.038s] [  0%] Built target roscpp_generate_messages_nodejs
[1.209s] [  0%] Built target topic_tools_generate_messages_lisp
[1.209s] [  0%] Built target nodelet_generate_messages_lisp
[1.209s] [  0%] Built target geometry_msgs_generate_messages_cpp
[1.210s] [  0%] Built target actionlib_generate_messages_nodejs
[1.210s] [  0%] Built target sensor_msgs_generate_messages_lisp
[1.210s] [  0%] Built target pcl_msgs_generate_messages_cpp
[1.210s] [  0%] Built target dynamic_reconfigure_generate_messages_lisp
[1.210s] [  0%] Built target autoware_msgs_generate_messages_eus
[1.210s] [  0%] Built target jsk_footstep_msgs_generate_messages_nodejs
[1.210s] [  0%] Built target pcl_msgs_generate_messages_py
[1.210s] [  0%] Built target std_msgs_generate_messages_eus
[1.210s] [  0%] Built target autoware_msgs_generate_messages_nodejs
[1.210s] [  0%] Built target jsk_footstep_msgs_generate_messages_lisp
[1.210s] [  0%] Built target jsk_footstep_msgs_generate_messages_eus
[1.210s] [  0%] Built target jsk_recognition_msgs_generate_messages_cpp
[1.211s] [  0%] Built target tf_generate_messages_eus
[1.211s] [  0%] Built target autoware_msgs_generate_messages_py
[1.211s] [  0%] Built target jsk_footstep_msgs_generate_messages_cpp
[1.211s] [  0%] Built target tf_generate_messages_cpp
[1.211s] [  0%] Built target pcl_msgs_generate_messages_lisp
[1.211s] [  0%] Built target actionlib_generate_messages_lisp
[1.211s] [  0%] Built target actionlib_msgs_generate_messages_py
[1.211s] [  0%] Built target bond_generate_messages_eus
[1.211s] [  0%] Built target jsk_recognition_msgs_generate_messages_nodejs
[1.212s] [  0%] Built target nodelet_generate_messages_py
[1.212s] [  0%] Built target geometry_msgs_generate_messages_nodejs
[1.212s] [  0%] Built target dynamic_reconfigure_generate_messages_py
[1.212s] [  0%] Built target geometry_msgs_generate_messages_lisp
[1.212s] [  0%] Built target std_msgs_generate_messages_lisp
[1.212s] [  0%] Built target actionlib_msgs_generate_messages_cpp
[1.212s] [  0%] Built target dynamic_reconfigure_generate_messages_eus
[1.212s] [  0%] Built target rosgraph_msgs_generate_messages_py
[1.212s] [  0%] Built target roscpp_generate_messages_lisp
[1.212s] [  0%] Built target roscpp_generate_messages_eus
[1.212s] [  0%] Built target std_srvs_generate_messages_nodejs
[1.212s] [  0%] Built target rosgraph_msgs_generate_messages_nodejs
[1.212s] [  0%] Built target actionlib_msgs_generate_messages_eus
[1.212s] [  0%] Built target tf2_msgs_generate_messages_lisp
[1.213s] [  0%] Built target dynamic_reconfigure_gencfg
[1.213s] [  0%] Built target bond_generate_messages_py
[1.213s] [  0%] Built target bond_generate_messages_cpp
[1.213s] [  0%] Built target std_srvs_generate_messages_eus
[1.213s] [  0%] Built target dynamic_reconfigure_generate_messages_nodejs
[1.213s] [  0%] Built target pcl_ros_gencfg
[1.213s] [  0%] Built target std_srvs_generate_messages_cpp
[1.213s] [  0%] Built target nodelet_generate_messages_cpp
[1.213s] [  0%] Built target rosgraph_msgs_generate_messages_lisp
[1.213s] [  0%] Built target actionlib_msgs_generate_messages_nodejs
[1.213s] [  0%] Built target bond_generate_messages_nodejs
[1.214s] [  0%] Built target nodelet_generate_messages_eus
[1.214s] [  0%] Built target roscpp_generate_messages_py
[1.214s] [  0%] Built target topic_tools_generate_messages_py
[1.214s] [  0%] Built target actionlib_msgs_generate_messages_lisp
[1.319s] [  0%] Built target nodelet_topic_tools_gencfg
[1.545s] [  0%] Built target _catkin_empty_exported_target
[1.712s] [100%] Built target autoware_camera_lidar_calibration_node
[1.915s] Invoked command in '/home/autoware/Autoware/build/autoware_camera_lidar_calibrator' returned '0': CMAKE_PREFIX_PATH=/home/autoware/Autoware/install/autoware_msgs:/home/autoware/Autoware/install/autoware_build_flags:${CMAKE_PREFIX_PATH} PKG_CONFIG_PATH=/home/autoware/Autoware/install/autoware_msgs/lib/x86_64-linux-gnu/pkgconfig:/home/autoware/Autoware/install/autoware_msgs/lib/pkgconfig:/home/autoware/Autoware/install/autoware_build_flags/lib/x86_64-linux-gnu/pkgconfig:/home/autoware/Autoware/install/autoware_build_flags/lib/pkgconfig:${PKG_CONFIG_PATH} PYTHONPATH=/home/autoware/Autoware/install/autoware_msgs/lib/python2.7/dist-packages:${PYTHONPATH} ROS_PACKAGE_PATH=/home/autoware/Autoware/install/autoware_msgs/share:/home/autoware/Autoware/install/autoware_build_flags/share:${ROS_PACKAGE_PATH} /usr/bin/cmake --build /home/autoware/Autoware/build/autoware_camera_lidar_calibrator -- -j32 -l32
[2.584s] Invoking command in '/home/autoware/Autoware/build/autoware_camera_lidar_calibrator': CMAKE_PREFIX_PATH=/home/autoware/Autoware/install/autoware_msgs:/home/autoware/Autoware/install/autoware_build_flags:${CMAKE_PREFIX_PATH} PKG_CONFIG_PATH=/home/autoware/Autoware/install/autoware_msgs/lib/x86_64-linux-gnu/pkgconfig:/home/autoware/Autoware/install/autoware_msgs/lib/pkgconfig:/home/autoware/Autoware/install/autoware_build_flags/lib/x86_64-linux-gnu/pkgconfig:/home/autoware/Autoware/install/autoware_build_flags/lib/pkgconfig:${PKG_CONFIG_PATH} PYTHONPATH=/home/autoware/Autoware/install/autoware_msgs/lib/python2.7/dist-packages:${PYTHONPATH} ROS_PACKAGE_PATH=/home/autoware/Autoware/install/autoware_msgs/share:/home/autoware/Autoware/install/autoware_build_flags/share:${ROS_PACKAGE_PATH} /usr/bin/cmake --build /home/autoware/Autoware/build/autoware_camera_lidar_calibrator --target tests -- -j32 -l32
[2.837s] Built target tests
[2.867s] Invoked command in '/home/autoware/Autoware/build/autoware_camera_lidar_calibrator' returned '0': CMAKE_PREFIX_PATH=/home/autoware/Autoware/install/autoware_msgs:/home/autoware/Autoware/install/autoware_build_flags:${CMAKE_PREFIX_PATH} PKG_CONFIG_PATH=/home/autoware/Autoware/install/autoware_msgs/lib/x86_64-linux-gnu/pkgconfig:/home/autoware/Autoware/install/autoware_msgs/lib/pkgconfig:/home/autoware/Autoware/install/autoware_build_flags/lib/x86_64-linux-gnu/pkgconfig:/home/autoware/Autoware/install/autoware_build_flags/lib/pkgconfig:${PKG_CONFIG_PATH} PYTHONPATH=/home/autoware/Autoware/install/autoware_msgs/lib/python2.7/dist-packages:${PYTHONPATH} ROS_PACKAGE_PATH=/home/autoware/Autoware/install/autoware_msgs/share:/home/autoware/Autoware/install/autoware_build_flags/share:${ROS_PACKAGE_PATH} /usr/bin/cmake --build /home/autoware/Autoware/build/autoware_camera_lidar_calibrator --target tests -- -j32 -l32
[3.287s] Invoking command in '/home/autoware/Autoware/build/autoware_camera_lidar_calibrator': CMAKE_PREFIX_PATH=/home/autoware/Autoware/install/autoware_msgs:/home/autoware/Autoware/install/autoware_build_flags:${CMAKE_PREFIX_PATH} PKG_CONFIG_PATH=/home/autoware/Autoware/install/autoware_msgs/lib/x86_64-linux-gnu/pkgconfig:/home/autoware/Autoware/install/autoware_msgs/lib/pkgconfig:/home/autoware/Autoware/install/autoware_build_flags/lib/x86_64-linux-gnu/pkgconfig:/home/autoware/Autoware/install/autoware_build_flags/lib/pkgconfig:${PKG_CONFIG_PATH} PYTHONPATH=/home/autoware/Autoware/install/autoware_msgs/lib/python2.7/dist-packages:${PYTHONPATH} ROS_PACKAGE_PATH=/home/autoware/Autoware/install/autoware_msgs/share:/home/autoware/Autoware/install/autoware_build_flags/share:${ROS_PACKAGE_PATH} /usr/bin/cmake --build /home/autoware/Autoware/build/autoware_camera_lidar_calibrator --target install -- -j32 -l32
[3.644s] [  0%] Built target geometry_msgs_generate_messages_py
[3.644s] [  0%] Built target tf2_msgs_generate_messages_py
[3.644s] [  0%] Built target bond_generate_messages_lisp
[3.644s] [  0%] Built target std_srvs_generate_messages_lisp
[3.644s] [  0%] Built target topic_tools_generate_messages_nodejs
[3.644s] [  0%] Built target jsk_recognition_msgs_generate_messages_eus
[3.644s] [  0%] Built target sensor_msgs_generate_messages_eus
[3.644s] [  0%] Built target jsk_recognition_msgs_generate_messages_lisp
[3.645s] [  0%] Built target actionlib_generate_messages_cpp
[3.645s] [  0%] Built target rosgraph_msgs_generate_messages_cpp
[3.645s] [  0%] Built target tf_generate_messages_lisp
[3.645s] [  0%] Built target sensor_msgs_generate_messages_nodejs
[3.645s] [  0%] Built target tf2_msgs_generate_messages_cpp
[3.645s] [  0%] Built target dynamic_reconfigure_generate_messages_cpp
[3.645s] [  0%] Built target std_msgs_generate_messages_py
[3.645s] [  0%] Built target sensor_msgs_generate_messages_cpp
[3.645s] [  0%] Built target tf_generate_messages_nodejs
[3.645s] [  0%] Built target actionlib_generate_messages_py
[3.645s] [  0%] Built target tf2_msgs_generate_messages_nodejs
[3.645s] [  0%] Built target tf_generate_messages_py
[3.645s] [  0%] Built target topic_tools_generate_messages_eus
[3.646s] [  0%] Built target topic_tools_generate_messages_cpp
[3.646s] [  0%] Built target rosgraph_msgs_generate_messages_eus
[3.646s] [  0%] Built target jsk_recognition_msgs_generate_messages_py
[3.646s] [  0%] Built target pcl_msgs_generate_messages_eus
[3.646s] [  0%] Built target roscpp_generate_messages_cpp
[3.646s] [  0%] Built target std_srvs_generate_messages_py
[3.646s] [  0%] Built target std_msgs_generate_messages_nodejs
[3.646s] [  0%] Built target pcl_msgs_generate_messages_nodejs
[3.646s] [  0%] Built target sensor_msgs_generate_messages_lisp
[3.670s] [  0%] Built target autoware_msgs_generate_messages_cpp
[3.670s] [  0%] Built target nodelet_generate_messages_nodejs
[3.704s] [  0%] Built target tf2_msgs_generate_messages_eus
[3.704s] [  0%] Built target std_msgs_generate_messages_cpp
[3.704s] [  0%] Built target actionlib_generate_messages_eus
[3.704s] [  0%] Built target actionlib_generate_messages_lisp
[3.704s] [  0%] Built target jsk_footstep_msgs_generate_messages_py
[3.704s] [  0%] Built target geometry_msgs_generate_messages_cpp
[3.704s] [  0%] Built target geometry_msgs_generate_messages_lisp
[3.705s] [  0%] Built target sensor_msgs_generate_messages_py
[3.705s] [  0%] Built target geometry_msgs_generate_messages_nodejs
[3.705s] [  0%] Built target std_msgs_generate_messages_lisp
[3.705s] [  0%] Built target geometry_msgs_generate_messages_eus
[3.705s] [  0%] Built target pcl_msgs_generate_messages_py
[3.705s] [  0%] Built target roscpp_generate_messages_nodejs
[3.705s] [  0%] Built target topic_tools_generate_messages_lisp
[3.705s] [  0%] Built target nodelet_generate_messages_py
[3.705s] [  0%] Built target autoware_msgs_generate_messages_py
[3.705s] [  0%] Built target jsk_recognition_msgs_generate_messages_cpp
[3.705s] [  0%] Built target autoware_msgs_generate_messages_lisp
[3.705s] [  0%] Built target nodelet_generate_messages_lisp
[3.706s] [  0%] Built target pcl_msgs_generate_messages_lisp
[3.706s] [  0%] Built target autoware_msgs_generate_messages_nodejs
[3.706s] [  0%] Built target autoware_msgs_generate_messages_eus
[3.706s] [  0%] Built target actionlib_msgs_generate_messages_cpp
[3.706s] [  0%] Built target pcl_msgs_generate_messages_cpp
[3.706s] [  0%] Built target jsk_footstep_msgs_generate_messages_eus
[3.706s] [  0%] Built target tf_generate_messages_cpp
[3.706s] [  0%] Built target jsk_footstep_msgs_generate_messages_cpp
[3.706s] [  0%] Built target tf_generate_messages_eus
[3.706s] [  0%] Built target actionlib_msgs_generate_messages_py
[3.706s] [  0%] Built target std_srvs_generate_messages_cpp
[3.706s] [  0%] Built target std_msgs_generate_messages_eus
[3.707s] [  0%] Built target dynamic_reconfigure_generate_messages_lisp
[3.707s] [  0%] Built target actionlib_msgs_generate_messages_lisp
[3.707s] [  0%] Built target actionlib_generate_messages_nodejs
[3.707s] [  0%] Built target std_srvs_generate_messages_eus
[3.707s] [  0%] Built target jsk_recognition_msgs_generate_messages_nodejs
[3.707s] [  0%] Built target roscpp_generate_messages_py
[3.707s] [  0%] Built target roscpp_generate_messages_eus
[3.707s] [  0%] Built target jsk_footstep_msgs_generate_messages_lisp
[3.707s] [  0%] Built target actionlib_msgs_generate_messages_eus
[3.707s] [  0%] Built target rosgraph_msgs_generate_messages_py
[3.708s] [  0%] Built target tf2_msgs_generate_messages_lisp
[3.708s] [  0%] Built target rosgraph_msgs_generate_messages_nodejs
[3.708s] [  0%] Built target jsk_footstep_msgs_generate_messages_nodejs
[3.708s] [  0%] Built target bond_generate_messages_eus
[3.708s] [  0%] Built target dynamic_reconfigure_generate_messages_py
[3.708s] [  0%] Built target pcl_ros_gencfg
[3.708s] [  0%] Built target dynamic_reconfigure_generate_messages_nodejs
[3.708s] [  0%] Built target dynamic_reconfigure_gencfg
[3.708s] [  0%] Built target roscpp_generate_messages_lisp
[3.708s] [  0%] Built target bond_generate_messages_cpp
[3.708s] [  0%] Built target bond_generate_messages_py
[3.778s] [  0%] Built target dynamic_reconfigure_generate_messages_eus
[3.823s] [  0%] Built target nodelet_generate_messages_eus
[3.823s] [  0%] Built target rosgraph_msgs_generate_messages_lisp
[3.823s] [  0%] Built target _catkin_empty_exported_target
[3.823s] [  0%] Built target std_srvs_generate_messages_nodejs
[3.824s] [  0%] Built target bond_generate_messages_nodejs
[3.824s] [  0%] Built target nodelet_generate_messages_cpp
[3.824s] [  0%] Built target actionlib_msgs_generate_messages_nodejs
[3.824s] [  0%] Built target nodelet_topic_tools_gencfg
[3.824s] [  0%] Built target topic_tools_generate_messages_py
[3.895s] [100%] Built target autoware_camera_lidar_calibration_node
[3.993s] Install the project...
[3.993s] -- Install configuration: "Release"
[3.993s] -- Up-to-date: /home/autoware/Autoware/install/autoware_camera_lidar_calibrator/lib/pkgconfig/autoware_camera_lidar_calibrator.pc
[3.993s] -- Up-to-date: /home/autoware/Autoware/install/autoware_camera_lidar_calibrator/share/autoware_camera_lidar_calibrator/cmake/autoware_camera_lidar_calibratorConfig.cmake
[3.993s] -- Up-to-date: /home/autoware/Autoware/install/autoware_camera_lidar_calibrator/share/autoware_camera_lidar_calibrator/cmake/autoware_camera_lidar_calibratorConfig-version.cmake
[3.993s] -- Up-to-date: /home/autoware/Autoware/install/autoware_camera_lidar_calibrator/share/autoware_camera_lidar_calibrator/package.xml
[3.993s] + cd /home/autoware/Autoware/src/autoware/utilities/autoware_camera_lidar_calibrator
[3.994s] + mkdir -p /home/autoware/Autoware/install/autoware_camera_lidar_calibrator/lib/python2.7/dist-packages
[3.994s] + /usr/bin/env PYTHONPATH=/home/autoware/Autoware/install/autoware_camera_lidar_calibrator/lib/python2.7/dist-packages:/home/autoware/Autoware/build/autoware_camera_lidar_calibrator/lib/python2.7/dist-packages:/home/autoware/Autoware/install/autoware_msgs/lib/python2.7/dist-packages:/opt/ros/melodic/lib/python2.7/dist-packages CATKIN_BINARY_DIR=/home/autoware/Autoware/build/autoware_camera_lidar_calibrator /usr/bin/python2 /home/autoware/Autoware/src/autoware/utilities/autoware_camera_lidar_calibrator/setup.py build --build-base /home/autoware/Autoware/build/autoware_camera_lidar_calibrator install --root=/ --install-layout=deb --prefix=/home/autoware/Autoware/install/autoware_camera_lidar_calibrator --install-scripts=/home/autoware/Autoware/install/autoware_camera_lidar_calibrator/bin
[4.058s] running build
[4.058s] running build_py
[4.058s] running install
[4.058s] running install_lib
[4.058s] running install_egg_info
[4.058s] Removing /home/autoware/Autoware/install/autoware_camera_lidar_calibrator/lib/python2.7/dist-packages/autoware_camera_lidar_calibrator-1.12.0.egg-info
[4.059s] Writing /home/autoware/Autoware/install/autoware_camera_lidar_calibrator/lib/python2.7/dist-packages/autoware_camera_lidar_calibrator-1.12.0.egg-info
[4.059s] -- Up-to-date: /home/autoware/Autoware/install/autoware_camera_lidar_calibrator/lib/autoware_camera_lidar_calibrator/cameracalibrator.py
[4.059s] -- Up-to-date: /home/autoware/Autoware/install/autoware_camera_lidar_calibrator/lib/autoware_camera_lidar_calibrator/cameracheck.py
[4.059s] -- Up-to-date: /home/autoware/Autoware/install/autoware_camera_lidar_calibrator/lib/autoware_camera_lidar_calibrator/tarfile_calibration.py
[4.059s] -- Up-to-date: /home/autoware/Autoware/install/autoware_camera_lidar_calibrator/lib/autoware_camera_lidar_calibrator/autoware_camera_lidar_calibration_node
[4.059s] -- Up-to-date: /home/autoware/Autoware/install/autoware_camera_lidar_calibrator/share/autoware_camera_lidar_calibrator/launch
[4.059s] -- Up-to-date: /home/autoware/Autoware/install/autoware_camera_lidar_calibrator/share/autoware_camera_lidar_calibrator/launch/camera_lidar_calibration.launch
[4.059s] -- Up-to-date: /home/autoware/Autoware/install/autoware_camera_lidar_calibrator/share/autoware_camera_lidar_calibrator/docs
[4.060s] -- Up-to-date: /home/autoware/Autoware/install/autoware_camera_lidar_calibrator/share/autoware_camera_lidar_calibrator/docs/camera_lidar_calibration.jpg
[4.060s] -- Up-to-date: /home/autoware/Autoware/install/autoware_camera_lidar_calibrator/share/autoware_camera_lidar_calibrator/docs/autoware_logo.jpg
[4.060s] -- Up-to-date: /home/autoware/Autoware/install/autoware_camera_lidar_calibrator/share/autoware_camera_lidar_calibrator/docs/camera_calibration.jpg
[4.229s] Invoked command in '/home/autoware/Autoware/build/autoware_camera_lidar_calibrator' returned '0': CMAKE_PREFIX_PATH=/home/autoware/Autoware/install/autoware_msgs:/home/autoware/Autoware/install/autoware_build_flags:${CMAKE_PREFIX_PATH} PKG_CONFIG_PATH=/home/autoware/Autoware/install/autoware_msgs/lib/x86_64-linux-gnu/pkgconfig:/home/autoware/Autoware/install/autoware_msgs/lib/pkgconfig:/home/autoware/Autoware/install/autoware_build_flags/lib/x86_64-linux-gnu/pkgconfig:/home/autoware/Autoware/install/autoware_build_flags/lib/pkgconfig:${PKG_CONFIG_PATH} PYTHONPATH=/home/autoware/Autoware/install/autoware_msgs/lib/python2.7/dist-packages:${PYTHONPATH} ROS_PACKAGE_PATH=/home/autoware/Autoware/install/autoware_msgs/share:/home/autoware/Autoware/install/autoware_build_flags/share:${ROS_PACKAGE_PATH} /usr/bin/cmake --build /home/autoware/Autoware/build/autoware_camera_lidar_calibrator --target install -- -j32 -l32
