[0.386s] Invoking command in '/home/autoware/Autoware/build/autoware_bag_tools': /usr/bin/cmake --build /home/autoware/Autoware/build/autoware_bag_tools -- -j32 -l32
[0.736s] [  0%] Built target nmea_msgs_generate_messages_eus
[0.736s] [  0%] Built target roscpp_generate_messages_lisp
[0.736s] [  0%] Built target rosgraph_msgs_generate_messages_lisp
[0.736s] [  0%] Built target rosgraph_msgs_generate_messages_nodejs
[0.736s] [  0%] Built target std_srvs_generate_messages_py
[0.736s] [  0%] Built target nmea_msgs_generate_messages_lisp
[0.736s] [  0%] Built target rosgraph_msgs_generate_messages_py
[0.737s] [  0%] Built target roscpp_generate_messages_eus
[0.737s] [  0%] Built target roscpp_generate_messages_cpp
[0.737s] [  0%] Built target nmea_msgs_generate_messages_py
[0.737s] [  0%] Built target std_srvs_generate_messages_cpp
[0.737s] [  0%] Built target std_msgs_generate_messages_eus
[0.737s] [  0%] Built target std_srvs_generate_messages_lisp
[0.737s] [  0%] Built target std_msgs_generate_messages_cpp
[0.737s] [  0%] Built target std_msgs_generate_messages_nodejs
[0.738s] [  0%] Built target std_srvs_generate_messages_nodejs
[0.738s] [  0%] Built target rosgraph_msgs_generate_messages_eus
[0.738s] [  0%] Built target rosgraph_msgs_generate_messages_cpp
[0.738s] [  0%] Built target nmea_msgs_generate_messages_nodejs
[0.738s] [  0%] Built target std_msgs_generate_messages_lisp
[0.738s] [  0%] Built target topic_tools_generate_messages_cpp
[0.738s] [  0%] Built target topic_tools_generate_messages_nodejs
[0.738s] [  0%] Built target roscpp_generate_messages_nodejs
[0.738s] [  0%] Built target std_msgs_generate_messages_py
[0.739s] [  0%] Built target topic_tools_generate_messages_eus
[0.742s] [  0%] Built target nmea_msgs_generate_messages_cpp
[0.742s] [  0%] Built target roscpp_generate_messages_py
[0.742s] [  0%] Built target topic_tools_generate_messages_py
[0.815s] [  0%] Built target topic_tools_generate_messages_lisp
[0.815s] [  0%] Built target std_srvs_generate_messages_eus
[0.848s] [100%] Built target nmea2kml
[0.868s] Invoked command in '/home/autoware/Autoware/build/autoware_bag_tools' returned '0': /usr/bin/cmake --build /home/autoware/Autoware/build/autoware_bag_tools -- -j32 -l32
[1.014s] Invoking command in '/home/autoware/Autoware/build/autoware_bag_tools': /usr/bin/cmake --build /home/autoware/Autoware/build/autoware_bag_tools --target tests -- -j32 -l32
[1.134s] Built target tests
[1.171s] Invoked command in '/home/autoware/Autoware/build/autoware_bag_tools' returned '0': /usr/bin/cmake --build /home/autoware/Autoware/build/autoware_bag_tools --target tests -- -j32 -l32
[1.414s] Invoking command in '/home/autoware/Autoware/build/autoware_bag_tools': /usr/bin/cmake --build /home/autoware/Autoware/build/autoware_bag_tools --target install -- -j32 -l32
[1.804s] [  0%] Built target topic_tools_generate_messages_py
[1.804s] [  0%] Built target nmea_msgs_generate_messages_nodejs
[1.804s] [  0%] Built target std_srvs_generate_messages_lisp
[1.804s] [  0%] Built target nmea_msgs_generate_messages_lisp
[1.804s] [  0%] Built target nmea_msgs_generate_messages_py
[1.805s] [  0%] Built target rosgraph_msgs_generate_messages_py
[1.806s] [  0%] Built target std_msgs_generate_messages_py
[1.807s] [  0%] Built target std_msgs_generate_messages_cpp
[1.807s] [  0%] Built target roscpp_generate_messages_eus
[1.807s] [  0%] Built target std_msgs_generate_messages_lisp
[1.807s] [  0%] Built target roscpp_generate_messages_lisp
[1.807s] [  0%] Built target nmea_msgs_generate_messages_cpp
[1.808s] [  0%] Built target std_srvs_generate_messages_eus
[1.808s] [  0%] Built target rosgraph_msgs_generate_messages_lisp
[1.808s] [  0%] Built target topic_tools_generate_messages_lisp
[1.808s] [  0%] Built target rosgraph_msgs_generate_messages_eus
[1.808s] [  0%] Built target topic_tools_generate_messages_eus
[1.808s] [  0%] Built target roscpp_generate_messages_nodejs
[1.808s] [  0%] Built target std_srvs_generate_messages_nodejs
[1.809s] [  0%] Built target roscpp_generate_messages_cpp
[1.809s] [  0%] Built target rosgraph_msgs_generate_messages_cpp
[1.809s] [  0%] Built target nmea_msgs_generate_messages_eus
[1.810s] [  0%] Built target rosgraph_msgs_generate_messages_nodejs
[1.810s] [  0%] Built target std_msgs_generate_messages_eus
[1.810s] [  0%] Built target std_srvs_generate_messages_cpp
[1.810s] [  0%] Built target std_msgs_generate_messages_nodejs
[1.811s] [  0%] Built target std_srvs_generate_messages_py
[1.811s] [  0%] Built target topic_tools_generate_messages_nodejs
[1.811s] [  0%] Built target roscpp_generate_messages_py
[1.811s] [  0%] Built target topic_tools_generate_messages_cpp
[1.812s] [100%] Built target nmea2kml
[1.812s] Install the project...
[1.812s] -- Install configuration: "Release"
[1.812s] -- Up-to-date: /home/autoware/Autoware/install/autoware_bag_tools/lib/pkgconfig/autoware_bag_tools.pc
[1.813s] -- Up-to-date: /home/autoware/Autoware/install/autoware_bag_tools/share/autoware_bag_tools/cmake/autoware_bag_toolsConfig.cmake
[1.813s] -- Up-to-date: /home/autoware/Autoware/install/autoware_bag_tools/share/autoware_bag_tools/cmake/autoware_bag_toolsConfig-version.cmake
[1.814s] -- Up-to-date: /home/autoware/Autoware/install/autoware_bag_tools/share/autoware_bag_tools/package.xml
[1.814s] -- Up-to-date: /home/autoware/Autoware/install/autoware_bag_tools/lib/autoware_bag_tools/change_frame_id.py
[1.814s] -- Up-to-date: /home/autoware/Autoware/install/autoware_bag_tools/lib/autoware_bag_tools/replace_msg_time_with_hdr.py
[1.815s] -- Up-to-date: /home/autoware/Autoware/install/autoware_bag_tools/lib/autoware_bag_tools/nmea2kml
[2.084s] Invoked command in '/home/autoware/Autoware/build/autoware_bag_tools' returned '0': /usr/bin/cmake --build /home/autoware/Autoware/build/autoware_bag_tools --target install -- -j32 -l32
