Determining if the pthread_create exist failed with the following output:
Change Dir: /home/autoware/Autoware/build/pos_db/CMakeFiles/CMakeTmp

Run Build Command:"/usr/bin/make" "cmTC_76547/fast"
/usr/bin/make -f CMakeFiles/cmTC_76547.dir/build.make CMakeFiles/cmTC_76547.dir/build
make[1]: Entering directory '/home/autoware/Autoware/build/pos_db/CMakeFiles/CMakeTmp'
Building C object CMakeFiles/cmTC_76547.dir/CheckSymbolExists.c.o
/usr/bin/cc    -o CMakeFiles/cmTC_76547.dir/CheckSymbolExists.c.o   -c /home/autoware/Autoware/build/pos_db/CMakeFiles/CMakeTmp/CheckSymbolExists.c
Linking C executable cmTC_76547
/usr/bin/cmake -E cmake_link_script CMakeFiles/cmTC_76547.dir/link.txt --verbose=1
/usr/bin/cc      -rdynamic CMakeFiles/cmTC_76547.dir/CheckSymbolExists.c.o  -o cmTC_76547 
CMakeFiles/cmTC_76547.dir/CheckSymbolExists.c.o: In function `main':
CheckSymbolExists.c:(.text+0x1b): undefined reference to `pthread_create'
collect2: error: ld returned 1 exit status
CMakeFiles/cmTC_76547.dir/build.make:97: recipe for target 'cmTC_76547' failed
make[1]: *** [cmTC_76547] Error 1
make[1]: Leaving directory '/home/autoware/Autoware/build/pos_db/CMakeFiles/CMakeTmp'
Makefile:126: recipe for target 'cmTC_76547/fast' failed
make: *** [cmTC_76547/fast] Error 2

File /home/autoware/Autoware/build/pos_db/CMakeFiles/CMakeTmp/CheckSymbolExists.c:
/* */
#include <pthread.h>

int main(int argc, char** argv)
{
  (void)argv;
#ifndef pthread_create
  return ((int*)(&pthread_create))[argc];
#else
  (void)argc;
  return 0;
#endif
}

Determining if the function pthread_create exists in the pthreads failed with the following output:
Change Dir: /home/autoware/Autoware/build/pos_db/CMakeFiles/CMakeTmp

Run Build Command:"/usr/bin/make" "cmTC_968da/fast"
/usr/bin/make -f CMakeFiles/cmTC_968da.dir/build.make CMakeFiles/cmTC_968da.dir/build
make[1]: Entering directory '/home/autoware/Autoware/build/pos_db/CMakeFiles/CMakeTmp'
Building C object CMakeFiles/cmTC_968da.dir/CheckFunctionExists.c.o
/usr/bin/cc   -DCHECK_FUNCTION_EXISTS=pthread_create   -o CMakeFiles/cmTC_968da.dir/CheckFunctionExists.c.o   -c /usr/share/cmake-3.10/Modules/CheckFunctionExists.c
Linking C executable cmTC_968da
/usr/bin/cmake -E cmake_link_script CMakeFiles/cmTC_968da.dir/link.txt --verbose=1
/usr/bin/cc  -DCHECK_FUNCTION_EXISTS=pthread_create    -rdynamic CMakeFiles/cmTC_968da.dir/CheckFunctionExists.c.o  -o cmTC_968da -lpthreads 
/usr/bin/ld: cannot find -lpthreads
collect2: error: ld returned 1 exit status
CMakeFiles/cmTC_968da.dir/build.make:97: recipe for target 'cmTC_968da' failed
make[1]: *** [cmTC_968da] Error 1
make[1]: Leaving directory '/home/autoware/Autoware/build/pos_db/CMakeFiles/CMakeTmp'
Makefile:126: recipe for target 'cmTC_968da/fast' failed
make: *** [cmTC_968da/fast] Error 2


