[  0%] Built target std_srvs_generate_messages_py
[  0%] Built target dynamic_reconfigure_generate_messages_py
[  0%] Built target std_srvs_generate_messages_lisp
[  0%] Built target vector_map_msgs_generate_messages_eus
[  0%] Built target tf2_msgs_generate_messages_eus
[  0%] Built target bond_generate_messages_lisp
[  0%] Built target vector_map_msgs_generate_messages_cpp
[  0%] Built target bond_generate_messages_cpp
[  0%] Built target nodelet_generate_messages_nodejs
[  0%] Built target bond_generate_messages_py
[  0%] Built target dynamic_reconfigure_generate_messages_nodejs
[  0%] Built target topic_tools_generate_messages_nodejs
[  0%] Built target vector_map_msgs_generate_messages_py
[  0%] Built target topic_tools_generate_messages_cpp
[  0%] Built target vector_map_msgs_generate_messages_nodejs
[  0%] Built target topic_tools_generate_messages_eus
[  0%] Built target std_srvs_generate_messages_nodejs
[  0%] Built target nodelet_generate_messages_eus
[  0%] Built target nodelet_generate_messages_cpp
[  0%] Built target dynamic_reconfigure_generate_messages_lisp
[  0%] Built target tf2_msgs_generate_messages_nodejs
[  0%] Built target visualization_msgs_generate_messages_eus
[  0%] Built target geometry_msgs_generate_messages_py
[  0%] Built target dynamic_reconfigure_generate_messages_eus
[  0%] Built target visualization_msgs_generate_messages_py
[  0%] Built target pcl_ros_gencfg
[  0%] Built target autoware_lanelet2_msgs_generate_messages_lisp
[  0%] Built target bond_generate_messages_eus
[  0%] Built target visualization_msgs_generate_messages_nodejs
[  0%] Built target topic_tools_generate_messages_lisp
[  0%] Built target autoware_msgs_generate_messages_lisp
[  0%] Built target geometry_msgs_generate_messages_eus
[  0%] Built target autoware_system_msgs_generate_messages_cpp
[  0%] Built target autoware_lanelet2_msgs_generate_messages_eus
[  0%] Built target geometry_msgs_generate_messages_lisp
[  0%] Built target jsk_recognition_msgs_generate_messages_cpp
[  0%] Built target autoware_lanelet2_msgs_generate_messages_cpp
[  0%] Built target autoware_msgs_generate_messages_eus
[  0%] Built target autoware_msgs_generate_messages_cpp
[  0%] Built target rosgraph_msgs_generate_messages_cpp
[  0%] Built target rosgraph_msgs_generate_messages_lisp
[  0%] Built target std_msgs_generate_messages_py
[  0%] Built target autoware_system_msgs_generate_messages_eus
[  0%] Built target std_srvs_generate_messages_cpp
[  0%] Built target rosgraph_msgs_generate_messages_eus
[  0%] Built target std_msgs_generate_messages_cpp
[  0%] Built target sensor_msgs_generate_messages_lisp
[  0%] Built target tf2_msgs_generate_messages_cpp
[  0%] Built target jsk_recognition_msgs_generate_messages_eus
[  0%] Built target nodelet_generate_messages_lisp
[  0%] Built target autoware_msgs_generate_messages_py
[  0%] Built target topic_tools_generate_messages_py
[  0%] Built target autoware_system_msgs_generate_messages_lisp
[  0%] Built target actionlib_msgs_generate_messages_nodejs
[  0%] Built target dynamic_reconfigure_gencfg
[  0%] Built target nodelet_topic_tools_gencfg
[  0%] Built target vector_map_msgs_generate_messages_lisp
[  0%] Built target jsk_footstep_msgs_generate_messages_py
[  0%] Built target bond_generate_messages_nodejs
[  0%] Built target tf2_msgs_generate_messages_lisp
[  0%] Built target rosgraph_msgs_generate_messages_py
[  0%] Built target autoware_config_msgs_generate_messages_py
[  0%] Built target roscpp_generate_messages_eus
[  0%] Built target visualization_msgs_generate_messages_lisp
[  0%] Built target actionlib_msgs_generate_messages_eus
[  0%] Built target autoware_config_msgs_generate_messages_cpp
[  0%] Built target autoware_config_msgs_generate_messages_eus
[  0%] Built target geometry_msgs_generate_messages_nodejs
[  0%] Built target std_msgs_generate_messages_eus
[  0%] Built target rosgraph_msgs_generate_messages_nodejs
[  0%] Built target std_msgs_generate_messages_lisp
[  0%] Built target autoware_msgs_generate_messages_nodejs
[  0%] Built target jsk_recognition_msgs_generate_messages_lisp
[  0%] Built target roscpp_generate_messages_nodejs
[  0%] Built target autoware_config_msgs_generate_messages_lisp
[  0%] Built target std_msgs_generate_messages_nodejs
[  0%] Built target jsk_recognition_msgs_generate_messages_py
[  0%] Built target sensor_msgs_generate_messages_cpp
[  0%] Built target autoware_system_msgs_generate_messages_py
[  0%] Built target sensor_msgs_generate_messages_eus
[  0%] Built target actionlib_generate_messages_cpp
[  0%] Built target sensor_msgs_generate_messages_nodejs
[  0%] Built target sensor_msgs_generate_messages_py
[  0%] Built target dynamic_reconfigure_generate_messages_cpp
[  0%] Built target roscpp_generate_messages_cpp
[  0%] Built target tf_generate_messages_py
[  0%] Built target nodelet_generate_messages_py
[  0%] Built target pcl_msgs_generate_messages_eus
[  0%] Built target actionlib_msgs_generate_messages_py
[  0%] Built target pcl_msgs_generate_messages_nodejs
[  0%] Built target pcl_msgs_generate_messages_cpp
[  0%] Built target jsk_footstep_msgs_generate_messages_eus
[  0%] Built target autoware_system_msgs_generate_messages_nodejs
[  0%] Built target jsk_footstep_msgs_generate_messages_nodejs
[  0%] Built target jsk_footstep_msgs_generate_messages_lisp
[  0%] Built target actionlib_generate_messages_nodejs
[  0%] Built target pcl_msgs_generate_messages_lisp
[  0%] Built target actionlib_msgs_generate_messages_lisp
[  0%] Built target jsk_footstep_msgs_generate_messages_cpp
[  0%] Built target tf_generate_messages_cpp
[  0%] Built target tf_generate_messages_eus
[  0%] Built target autoware_config_msgs_generate_messages_nodejs
[  0%] Built target tf_generate_messages_nodejs
[  0%] Built target actionlib_msgs_generate_messages_cpp
[  0%] Built target std_srvs_generate_messages_eus
[  0%] Built target tf_generate_messages_lisp
[  0%] Built target autoware_lanelet2_msgs_generate_messages_py
[  0%] Built target jsk_recognition_msgs_generate_messages_nodejs
[  0%] Built target autoware_lanelet2_msgs_generate_messages_nodejs
[  0%] Built target roscpp_generate_messages_py
[  0%] Built target pcl_msgs_generate_messages_py
[  0%] Built target roscpp_generate_messages_lisp
[  0%] Built target geometry_msgs_generate_messages_cpp
[  0%] Built target actionlib_generate_messages_lisp
[  0%] Built target actionlib_generate_messages_eus
[  0%] Built target tf2_msgs_generate_messages_py
[  0%] Built target actionlib_generate_messages_py
[  0%] Built target visualization_msgs_generate_messages_cpp
[35m[1mScanning dependencies of target velocity_set_lanelet2[0m
[ 23%] Built target astar_avoid
[ 61%] Built target velocity_set
[ 69%] [32mBuilding CXX object CMakeFiles/velocity_set_lanelet2.dir/src/velocity_set_lanelet2/velocity_set_lanelet2.cpp.o[0m
[01m[K/home/autoware/Autoware/src/autoware/core_planning/waypoint_planner/src/velocity_set_lanelet2/velocity_set_lanelet2.cpp:[m[K In function ‘[01m[KEControl pointsDetection(const pcl::PointCloud<pcl::PointXYZ>&, int, int, const Lane&, const ConstLanelets&, const VelocitySetInfo&, int*, ObstaclePoints*)[m[K’:
[01m[K/home/autoware/Autoware/src/autoware/core_planning/waypoint_planner/src/velocity_set_lanelet2/velocity_set_lanelet2.cpp:376:5:[m[K [01;31m[Kerror: [m[Kexpected ‘[01m[K}[m[K’ before ‘[01m[Kelse[m[K’
     [01;31m[Kelse[m[K if (obstacle_type == EObstacleType::ON_WAYPOINTS || obstacle_type == EObstacleType::ON_CROSSWALK)
     [01;31m[K^~~~[m[K
[01m[K/home/autoware/Autoware/src/autoware/core_planning/waypoint_planner/src/velocity_set_lanelet2/velocity_set_lanelet2.cpp:379:5:[m[K [01;31m[Kerror: [m[K‘[01m[Kelse[m[K’ without a previous ‘[01m[Kif[m[K’
     [01;31m[Kelse[m[K if (obstacle_type == EObstacleType::STOPLINE)
     [01;31m[K^~~~[m[K
[01m[K/home/autoware/Autoware/src/autoware/core_planning/waypoint_planner/src/velocity_set_lanelet2/velocity_set_lanelet2.cpp:382:5:[m[K [01;31m[Kerror: [m[K‘[01m[Kelse[m[K’ without a previous ‘[01m[Kif[m[K’
     [01;31m[Kelse[m[K
     [01;31m[K^~~~[m[K
[01m[K/home/autoware/Autoware/src/autoware/core_planning/waypoint_planner/src/velocity_set_lanelet2/velocity_set_lanelet2.cpp:[m[K At global scope:
[01m[K/home/autoware/Autoware/src/autoware/core_planning/waypoint_planner/src/velocity_set_lanelet2/velocity_set_lanelet2.cpp:388:32:[m[K [01;31m[Kerror: [m[K‘[01m[Kpoints[m[K’ was not declared in this scope
       detectDecelerateObstacle([01;31m[Kpoints[m[K, closest_waypoint, lane, vs_info.getStopRange(), vs_info.getDecelerationRange(),
                                [01;31m[K^~~~~~[m[K
[01m[K/home/autoware/Autoware/src/autoware/core_planning/waypoint_planner/src/velocity_set_lanelet2/velocity_set_lanelet2.cpp:388:32:[m[K [01;36m[Knote: [m[Ksuggested alternative: ‘[01m[Kprintf[m[K’
       detectDecelerateObstacle([01;36m[Kpoints[m[K, closest_waypoint, lane, vs_info.getStopRange(), vs_info.getDecelerationRange(),
                                [01;36m[K^~~~~~[m[K
                                [32m[Kprintf[m[K
[01m[K/home/autoware/Autoware/src/autoware/core_planning/waypoint_planner/src/velocity_set_lanelet2/velocity_set_lanelet2.cpp:388:40:[m[K [01;31m[Kerror: [m[K‘[01m[Kclosest_waypoint[m[K’ was not declared in this scope
       detectDecelerateObstacle(points, [01;31m[Kclosest_waypoint[m[K, lane, vs_info.getStopRange(), vs_info.getDecelerationRange(),
                                        [01;31m[K^~~~~~~~~~~~~~~~[m[K
[01m[K/home/autoware/Autoware/src/autoware/core_planning/waypoint_planner/src/velocity_set_lanelet2/velocity_set_lanelet2.cpp:388:40:[m[K [01;36m[Knote: [m[Ksuggested alternative: ‘[01m[KgetClosestWaypoint[m[K’
       detectDecelerateObstacle(points, [01;36m[Kclosest_waypoint[m[K, lane, vs_info.getStopRange(), vs_info.getDecelerationRange(),
                                        [01;36m[K^~~~~~~~~~~~~~~~[m[K
                                        [32m[KgetClosestWaypoint[m[K
[01m[K/home/autoware/Autoware/src/autoware/core_planning/waypoint_planner/src/velocity_set_lanelet2/velocity_set_lanelet2.cpp:388:58:[m[K [01;31m[Kerror: [m[K‘[01m[Klane[m[K’ was not declared in this scope
       detectDecelerateObstacle(points, closest_waypoint, [01;31m[Klane[m[K, vs_info.getStopRange(), vs_info.getDecelerationRange(),
                                                          [01;31m[K^~~~[m[K
[01m[K/home/autoware/Autoware/src/autoware/core_planning/waypoint_planner/src/velocity_set_lanelet2/velocity_set_lanelet2.cpp:388:58:[m[K [01;36m[Knote: [m[Ksuggested alternative: ‘[01m[Ktanq[m[K’
       detectDecelerateObstacle(points, closest_waypoint, [01;36m[Klane[m[K, vs_info.getStopRange(), vs_info.getDecelerationRange(),
                                                          [01;36m[K^~~~[m[K
                                                          [32m[Ktanq[m[K
[01m[K/home/autoware/Autoware/src/autoware/core_planning/waypoint_planner/src/velocity_set_lanelet2/velocity_set_lanelet2.cpp:388:64:[m[K [01;31m[Kerror: [m[K‘[01m[Kvs_info[m[K’ was not declared in this scope
       detectDecelerateObstacle(points, closest_waypoint, lane, [01;31m[Kvs_info[m[K.getStopRange(), vs_info.getDecelerationRange(),
                                                                [01;31m[K^~~~~~~[m[K
[01m[K/home/autoware/Autoware/src/autoware/core_planning/waypoint_planner/src/velocity_set_lanelet2/velocity_set_lanelet2.cpp:388:64:[m[K [01;36m[Knote: [m[Ksuggested alternative: ‘[01m[Kisinfq[m[K’
       detectDecelerateObstacle(points, closest_waypoint, lane, [01;36m[Kvs_info[m[K.getStopRange(), vs_info.getDecelerationRange(),
                                                                [01;36m[K^~~~~~~[m[K
                                                                [32m[Kisinfq[m[K
[01m[K/home/autoware/Autoware/src/autoware/core_planning/waypoint_planner/src/velocity_set_lanelet2/velocity_set_lanelet2.cpp:388:88:[m[K [01;31m[Kerror: [m[K‘[01m[Kvs_info[m[K’ was not declared in this scope
       detectDecelerateObstacle(points, closest_waypoint, lane, vs_info.getStopRange(), [01;31m[Kvs_info[m[K.getDecelerationRange(),
                                                                                        [01;31m[K^~~~~~~[m[K
[01m[K/home/autoware/Autoware/src/autoware/core_planning/waypoint_planner/src/velocity_set_lanelet2/velocity_set_lanelet2.cpp:388:88:[m[K [01;36m[Knote: [m[Ksuggested alternative: ‘[01m[Kisinfq[m[K’
       detectDecelerateObstacle(points, closest_waypoint, lane, vs_info.getStopRange(), [01;36m[Kvs_info[m[K.getDecelerationRange(),
                                                                                        [01;36m[K^~~~~~~[m[K
                                                                                        [32m[Kisinfq[m[K
[01m[K/home/autoware/Autoware/src/autoware/core_planning/waypoint_planner/src/velocity_set_lanelet2/velocity_set_lanelet2.cpp:389:32:[m[K [01;31m[Kerror: [m[K‘[01m[Kvs_info[m[K’ was not declared in this scope
                                [01;31m[Kvs_info[m[K.getPointsThreshold(), vs_info.getLocalizerPose(), obstacle_points);
                                [01;31m[K^~~~~~~[m[K
[01m[K/home/autoware/Autoware/src/autoware/core_planning/waypoint_planner/src/velocity_set_lanelet2/velocity_set_lanelet2.cpp:389:32:[m[K [01;36m[Knote: [m[Ksuggested alternative: ‘[01m[Kisinfq[m[K’
                                [01;36m[Kvs_info[m[K.getPointsThreshold(), vs_info.getLocalizerPose(), obstacle_points);
                                [01;36m[K^~~~~~~[m[K
                                [32m[Kisinfq[m[K
[01m[K/home/autoware/Autoware/src/autoware/core_planning/waypoint_planner/src/velocity_set_lanelet2/velocity_set_lanelet2.cpp:389:62:[m[K [01;31m[Kerror: [m[K‘[01m[Kvs_info[m[K’ was not declared in this scope
                                vs_info.getPointsThreshold(), [01;31m[Kvs_info[m[K.getLocalizerPose(), obstacle_points);
                                                              [01;31m[K^~~~~~~[m[K
[01m[K/home/autoware/Autoware/src/autoware/core_planning/waypoint_planner/src/velocity_set_lanelet2/velocity_set_lanelet2.cpp:389:62:[m[K [01;36m[Knote: [m[Ksuggested alternative: ‘[01m[Kisinfq[m[K’
                                vs_info.getPointsThreshold(), [01;36m[Kvs_info[m[K.getLocalizerPose(), obstacle_points);
                                                              [01;36m[K^~~~~~~[m[K
                                                              [32m[Kisinfq[m[K
[01m[K/home/autoware/Autoware/src/autoware/core_planning/waypoint_planner/src/velocity_set_lanelet2/velocity_set_lanelet2.cpp:389:90:[m[K [01;31m[Kerror: [m[K‘[01m[Kobstacle_points[m[K’ was not declared in this scope
                                vs_info.getPointsThreshold(), vs_info.getLocalizerPose(), [01;31m[Kobstacle_points[m[K);
                                                                                          [01;31m[K^~~~~~~~~~~~~~~[m[K
[01m[K/home/autoware/Autoware/src/autoware/core_planning/waypoint_planner/src/velocity_set_lanelet2/velocity_set_lanelet2.cpp:389:90:[m[K [01;36m[Knote: [m[Ksuggested alternative: ‘[01m[KObstaclePoints[m[K’
                                vs_info.getPointsThreshold(), vs_info.getLocalizerPose(), [01;36m[Kobstacle_points[m[K);
                                                                                          [01;36m[K^~~~~~~~~~~~~~~[m[K
                                                                                          [32m[KObstaclePoints[m[K
In file included from [01m[K/opt/ros/melodic/include/ros/ros.h:40:0[m[K,
                 from [01m[K/home/autoware/Autoware/src/autoware/core_planning/waypoint_planner/src/velocity_set_lanelet2/velocity_set_lanelet2.cpp:17[m[K:
[01m[K/home/autoware/Autoware/src/autoware/core_planning/waypoint_planner/src/velocity_set_lanelet2/velocity_set_lanelet2.cpp:391:3:[m[K [01;31m[Kerror: [m[Kexpected unqualified-id before ‘[01m[Kdo[m[K’
   [01;31m[KR[m[KOS_INFO("Decelerate obstacle waypoint : %d", decelerate_obstacle_waypoint);
   [01;31m[K^[m[K
[01m[K/home/autoware/Autoware/src/autoware/core_planning/waypoint_planner/src/velocity_set_lanelet2/velocity_set_lanelet2.cpp:391:3:[m[K [01;31m[Kerror: [m[Kexpected unqualified-id before ‘[01m[Kwhile[m[K’
   [01;31m[KR[m[KOS_INFO("Decelerate obstacle waypoint : %d", decelerate_obstacle_waypoint);
   [01;31m[K^[m[K
[01m[K/home/autoware/Autoware/src/autoware/core_planning/waypoint_planner/src/velocity_set_lanelet2/velocity_set_lanelet2.cpp:393:3:[m[K [01;31m[Kerror: [m[Kexpected unqualified-id before ‘[01m[Kif[m[K’
   [01;31m[Kif[m[K (stop_obstacle_waypoint < 0)
   [01;31m[K^~[m[K
[01m[K/home/autoware/Autoware/src/autoware/core_planning/waypoint_planner/src/velocity_set_lanelet2/velocity_set_lanelet2.cpp:401:3:[m[K [01;31m[Kerror: [m[Kexpected unqualified-id before ‘[01m[Kif[m[K’
   [01;31m[Kif[m[K (decelerate_obstacle_waypoint < 0)
   [01;31m[K^~[m[K
[01m[K/home/autoware/Autoware/src/autoware/core_planning/waypoint_planner/src/velocity_set_lanelet2/velocity_set_lanelet2.cpp:410:24:[m[K [01;31m[Kerror: [m[K‘[01m[Klane[m[K’ was not declared in this scope
       getPlaneDistance([01;31m[Klane[m[K.waypoints[0].pose.pose.position, lane.waypoints[1].pose.pose.position);
                        [01;31m[K^~~~[m[K
[01m[K/home/autoware/Autoware/src/autoware/core_planning/waypoint_planner/src/velocity_set_lanelet2/velocity_set_lanelet2.cpp:410:24:[m[K [01;36m[Knote: [m[Ksuggested alternative: ‘[01m[Ktanq[m[K’
       getPlaneDistance([01;36m[Klane[m[K.waypoints[0].pose.pose.position, lane.waypoints[1].pose.pose.position);
                        [01;36m[K^~~~[m[K
                        [32m[Ktanq[m[K
[01m[K/home/autoware/Autoware/src/autoware/core_planning/waypoint_planner/src/velocity_set_lanelet2/velocity_set_lanelet2.cpp:410:62:[m[K [01;31m[Kerror: [m[K‘[01m[Klane[m[K’ was not declared in this scope
       getPlaneDistance(lane.waypoints[0].pose.pose.position, [01;31m[Klane[m[K.waypoints[1].pose.pose.position);
                                                              [01;31m[K^~~~[m[K
[01m[K/home/autoware/Autoware/src/autoware/core_planning/waypoint_planner/src/velocity_set_lanelet2/velocity_set_lanelet2.cpp:410:62:[m[K [01;36m[Knote: [m[Ksuggested alternative: ‘[01m[Ktanq[m[K’
       getPlaneDistance(lane.waypoints[0].pose.pose.position, [01;36m[Klane[m[K.waypoints[1].pose.pose.position);
                                                              [01;36m[K^~~~[m[K
                                                              [32m[Ktanq[m[K
[01m[K/home/autoware/Autoware/src/autoware/core_planning/waypoint_planner/src/velocity_set_lanelet2/velocity_set_lanelet2.cpp:414:3:[m[K [01;31m[Kerror: [m[Kexpected unqualified-id before ‘[01m[Kif[m[K’
   [01;31m[Kif[m[K (stop_obstacle_waypoint - decelerate_obstacle_waypoint > stop_decelerate_threshold)
   [01;31m[K^~[m[K
[01m[K/home/autoware/Autoware/src/autoware/core_planning/waypoint_planner/src/velocity_set_lanelet2/velocity_set_lanelet2.cpp:420:3:[m[K [01;31m[Kerror: [m[Kexpected unqualified-id before ‘[01m[Kelse[m[K’
   [01;31m[Kelse[m[K
   [01;31m[K^~~~[m[K
[01m[K/home/autoware/Autoware/src/autoware/core_planning/waypoint_planner/src/velocity_set_lanelet2/velocity_set_lanelet2.cpp:426:1:[m[K [01;31m[Kerror: [m[Kexpected declaration before ‘[01m[K}[m[K’ token
 [01;31m[K}[m[K
 [01;31m[K^[m[K
[01m[K/home/autoware/Autoware/src/autoware/core_planning/waypoint_planner/src/velocity_set_lanelet2/velocity_set_lanelet2.cpp:46:13:[m[K [01;35m[Kwarning: [m[K‘[01m[Kg_loaded_lanelet_map[m[K’ defined but not used [[01;35m[K-Wunused-variable[m[K]
 static bool [01;35m[Kg_loaded_lanelet_map[m[K;
             [01;35m[K^~~~~~~~~~~~~~~~~~~~[m[K
CMakeFiles/velocity_set_lanelet2.dir/build.make:62: recipe for target 'CMakeFiles/velocity_set_lanelet2.dir/src/velocity_set_lanelet2/velocity_set_lanelet2.cpp.o' failed
make[2]: *** [CMakeFiles/velocity_set_lanelet2.dir/src/velocity_set_lanelet2/velocity_set_lanelet2.cpp.o] Error 1
CMakeFiles/Makefile2:248: recipe for target 'CMakeFiles/velocity_set_lanelet2.dir/all' failed
make[1]: *** [CMakeFiles/velocity_set_lanelet2.dir/all] Error 2
Makefile:140: recipe for target 'all' failed
make: *** [all] Error 2
