[0.623s] Invoking command in '/home/autoware/Autoware/build/autoware_connector': CMAKE_PREFIX_PATH=/home/autoware/Autoware/install/autoware_msgs:/home/autoware/Autoware/install/autoware_can_msgs:/home/autoware/Autoware/install/autoware_build_flags:${CMAKE_PREFIX_PATH} PKG_CONFIG_PATH=/home/autoware/Autoware/install/autoware_msgs/lib/x86_64-linux-gnu/pkgconfig:/home/autoware/Autoware/install/autoware_msgs/lib/pkgconfig:/home/autoware/Autoware/install/autoware_can_msgs/lib/x86_64-linux-gnu/pkgconfig:/home/autoware/Autoware/install/autoware_can_msgs/lib/pkgconfig:/home/autoware/Autoware/install/autoware_build_flags/lib/x86_64-linux-gnu/pkgconfig:/home/autoware/Autoware/install/autoware_build_flags/lib/pkgconfig:${PKG_CONFIG_PATH} PYTHONPATH=/home/autoware/Autoware/install/autoware_msgs/lib/python2.7/dist-packages:/home/autoware/Autoware/install/autoware_can_msgs/lib/python2.7/dist-packages:${PYTHONPATH} ROS_PACKAGE_PATH=/home/autoware/Autoware/install/autoware_msgs/share:/home/autoware/Autoware/install/autoware_can_msgs/share:/home/autoware/Autoware/install/autoware_build_flags/share:${ROS_PACKAGE_PATH} /usr/bin/cmake --build /home/autoware/Autoware/build/autoware_connector -- -j32 -l32
[1.038s] [  0%] Built target jsk_recognition_msgs_generate_messages_lisp
[1.038s] [  0%] Built target nav_msgs_generate_messages_nodejs
[1.038s] [  0%] Built target autoware_can_msgs_generate_messages_py
[1.038s] [  0%] Built target pcl_msgs_generate_messages_cpp
[1.038s] [  0%] Built target geometry_msgs_generate_messages_py
[1.038s] [  0%] Built target tf2_msgs_generate_messages_cpp
[1.038s] [  0%] Built target autoware_msgs_generate_messages_eus
[1.038s] [  0%] Built target sensor_msgs_generate_messages_nodejs
[1.038s] [  0%] Built target actionlib_msgs_generate_messages_nodejs
[1.039s] [  0%] Built target autoware_can_msgs_generate_messages_cpp
[1.039s] [  0%] Built target tf_generate_messages_py
[1.039s] [  0%] Built target jsk_recognition_msgs_generate_messages_eus
[1.039s] [  0%] Built target jsk_recognition_msgs_generate_messages_cpp
[1.039s] [  0%] Built target jsk_recognition_msgs_generate_messages_py
[1.039s] [  0%] Built target autoware_msgs_generate_messages_lisp
[1.039s] [  0%] Built target std_msgs_generate_messages_py
[1.039s] [  0%] Built target std_msgs_generate_messages_cpp
[1.039s] [  0%] Built target rosgraph_msgs_generate_messages_eus
[1.040s] [  0%] Built target autoware_msgs_generate_messages_nodejs
[1.040s] [  0%] Built target sensor_msgs_generate_messages_py
[1.040s] [  0%] Built target autoware_can_msgs_generate_messages_nodejs
[1.040s] [  0%] Built target tf2_msgs_generate_messages_nodejs
[1.040s] [  0%] Built target autoware_msgs_generate_messages_py
[1.040s] [  0%] Built target jsk_footstep_msgs_generate_messages_py
[1.040s] [  0%] Built target actionlib_generate_messages_cpp
[1.040s] [  0%] Built target autoware_can_msgs_generate_messages_lisp
[1.040s] [  0%] Built target geometry_msgs_generate_messages_nodejs
[1.040s] [  0%] Built target geometry_msgs_generate_messages_lisp
[1.040s] [  0%] Built target std_msgs_generate_messages_eus
[1.040s] [  0%] Built target jsk_footstep_msgs_generate_messages_nodejs
[1.040s] [  0%] Built target roscpp_generate_messages_cpp
[1.041s] [  0%] Built target sensor_msgs_generate_messages_lisp
[1.041s] [  0%] Built target geometry_msgs_generate_messages_eus
[1.041s] [  0%] Built target tf2_msgs_generate_messages_lisp
[1.041s] [  0%] Built target roscpp_generate_messages_nodejs
[1.041s] [  0%] Built target std_msgs_generate_messages_nodejs
[1.041s] [  0%] Built target jsk_recognition_msgs_generate_messages_nodejs
[1.041s] [  0%] Built target nav_msgs_generate_messages_cpp
[1.184s] [  0%] Built target nav_msgs_generate_messages_lisp
[1.184s] [  0%] Built target sensor_msgs_generate_messages_cpp
[1.184s] [  0%] Built target actionlib_msgs_generate_messages_py
[1.184s] [  0%] Built target autoware_msgs_generate_messages_cpp
[1.184s] [  0%] Built target roscpp_generate_messages_lisp
[1.184s] [  0%] Built target actionlib_msgs_generate_messages_lisp
[1.184s] [  0%] Built target rosgraph_msgs_generate_messages_cpp
[1.184s] [  0%] Built target autoware_can_msgs_generate_messages_eus
[1.185s] [  0%] Built target std_msgs_generate_messages_lisp
[1.185s] [  0%] Built target jsk_footstep_msgs_generate_messages_eus
[1.185s] [  0%] Built target jsk_footstep_msgs_generate_messages_lisp
[1.185s] [  0%] Built target rosgraph_msgs_generate_messages_nodejs
[1.185s] [  0%] Built target pcl_msgs_generate_messages_eus
[1.185s] [  0%] Built target sensor_msgs_generate_messages_eus
[1.185s] [  0%] Built target actionlib_msgs_generate_messages_eus
[1.185s] [  0%] Built target actionlib_generate_messages_eus
[1.185s] [  0%] Built target rosgraph_msgs_generate_messages_py
[1.185s] [  0%] Built target tf_generate_messages_lisp
[1.185s] [  0%] Built target roscpp_generate_messages_eus
[1.185s] [  0%] Built target actionlib_generate_messages_nodejs
[1.186s] [  0%] Built target jsk_footstep_msgs_generate_messages_cpp
[1.186s] [  0%] Built target pcl_msgs_generate_messages_lisp
[1.186s] [  0%] Built target rosgraph_msgs_generate_messages_lisp
[1.186s] [  0%] Built target roscpp_generate_messages_py
[1.186s] [  0%] Built target tf_generate_messages_eus
[1.186s] [  0%] Built target actionlib_msgs_generate_messages_cpp
[1.186s] [  0%] Built target pcl_msgs_generate_messages_py
[1.186s] [  0%] Built target nav_msgs_generate_messages_eus
[1.186s] [  0%] Built target tf2_msgs_generate_messages_eus
[1.186s] [  0%] Built target pcl_msgs_generate_messages_nodejs
[1.186s] [  0%] Built target geometry_msgs_generate_messages_cpp
[1.187s] [  0%] Built target tf_generate_messages_nodejs
[1.187s] [  0%] Built target tf2_msgs_generate_messages_py
[1.187s] [  0%] Built target actionlib_generate_messages_py
[1.187s] [  0%] Built target tf_generate_messages_cpp
[1.187s] [  0%] Built target actionlib_generate_messages_lisp
[1.187s] [  0%] Built target nav_msgs_generate_messages_py
[1.319s] [ 50%] Built target can_status_translator
[1.605s] [100%] Built target can_odometry
[1.675s] Invoked command in '/home/autoware/Autoware/build/autoware_connector' returned '0': CMAKE_PREFIX_PATH=/home/autoware/Autoware/install/autoware_msgs:/home/autoware/Autoware/install/autoware_can_msgs:/home/autoware/Autoware/install/autoware_build_flags:${CMAKE_PREFIX_PATH} PKG_CONFIG_PATH=/home/autoware/Autoware/install/autoware_msgs/lib/x86_64-linux-gnu/pkgconfig:/home/autoware/Autoware/install/autoware_msgs/lib/pkgconfig:/home/autoware/Autoware/install/autoware_can_msgs/lib/x86_64-linux-gnu/pkgconfig:/home/autoware/Autoware/install/autoware_can_msgs/lib/pkgconfig:/home/autoware/Autoware/install/autoware_build_flags/lib/x86_64-linux-gnu/pkgconfig:/home/autoware/Autoware/install/autoware_build_flags/lib/pkgconfig:${PKG_CONFIG_PATH} PYTHONPATH=/home/autoware/Autoware/install/autoware_msgs/lib/python2.7/dist-packages:/home/autoware/Autoware/install/autoware_can_msgs/lib/python2.7/dist-packages:${PYTHONPATH} ROS_PACKAGE_PATH=/home/autoware/Autoware/install/autoware_msgs/share:/home/autoware/Autoware/install/autoware_can_msgs/share:/home/autoware/Autoware/install/autoware_build_flags/share:${ROS_PACKAGE_PATH} /usr/bin/cmake --build /home/autoware/Autoware/build/autoware_connector -- -j32 -l32
[2.540s] Invoking command in '/home/autoware/Autoware/build/autoware_connector': CMAKE_PREFIX_PATH=/home/autoware/Autoware/install/autoware_msgs:/home/autoware/Autoware/install/autoware_can_msgs:/home/autoware/Autoware/install/autoware_build_flags:${CMAKE_PREFIX_PATH} PKG_CONFIG_PATH=/home/autoware/Autoware/install/autoware_msgs/lib/x86_64-linux-gnu/pkgconfig:/home/autoware/Autoware/install/autoware_msgs/lib/pkgconfig:/home/autoware/Autoware/install/autoware_can_msgs/lib/x86_64-linux-gnu/pkgconfig:/home/autoware/Autoware/install/autoware_can_msgs/lib/pkgconfig:/home/autoware/Autoware/install/autoware_build_flags/lib/x86_64-linux-gnu/pkgconfig:/home/autoware/Autoware/install/autoware_build_flags/lib/pkgconfig:${PKG_CONFIG_PATH} PYTHONPATH=/home/autoware/Autoware/install/autoware_msgs/lib/python2.7/dist-packages:/home/autoware/Autoware/install/autoware_can_msgs/lib/python2.7/dist-packages:${PYTHONPATH} ROS_PACKAGE_PATH=/home/autoware/Autoware/install/autoware_msgs/share:/home/autoware/Autoware/install/autoware_can_msgs/share:/home/autoware/Autoware/install/autoware_build_flags/share:${ROS_PACKAGE_PATH} /usr/bin/cmake --build /home/autoware/Autoware/build/autoware_connector --target tests -- -j32 -l32
[2.823s] Built target tests
[2.849s] Invoked command in '/home/autoware/Autoware/build/autoware_connector' returned '0': CMAKE_PREFIX_PATH=/home/autoware/Autoware/install/autoware_msgs:/home/autoware/Autoware/install/autoware_can_msgs:/home/autoware/Autoware/install/autoware_build_flags:${CMAKE_PREFIX_PATH} PKG_CONFIG_PATH=/home/autoware/Autoware/install/autoware_msgs/lib/x86_64-linux-gnu/pkgconfig:/home/autoware/Autoware/install/autoware_msgs/lib/pkgconfig:/home/autoware/Autoware/install/autoware_can_msgs/lib/x86_64-linux-gnu/pkgconfig:/home/autoware/Autoware/install/autoware_can_msgs/lib/pkgconfig:/home/autoware/Autoware/install/autoware_build_flags/lib/x86_64-linux-gnu/pkgconfig:/home/autoware/Autoware/install/autoware_build_flags/lib/pkgconfig:${PKG_CONFIG_PATH} PYTHONPATH=/home/autoware/Autoware/install/autoware_msgs/lib/python2.7/dist-packages:/home/autoware/Autoware/install/autoware_can_msgs/lib/python2.7/dist-packages:${PYTHONPATH} ROS_PACKAGE_PATH=/home/autoware/Autoware/install/autoware_msgs/share:/home/autoware/Autoware/install/autoware_can_msgs/share:/home/autoware/Autoware/install/autoware_build_flags/share:${ROS_PACKAGE_PATH} /usr/bin/cmake --build /home/autoware/Autoware/build/autoware_connector --target tests -- -j32 -l32
[3.184s] Invoking command in '/home/autoware/Autoware/build/autoware_connector': CMAKE_PREFIX_PATH=/home/autoware/Autoware/install/autoware_msgs:/home/autoware/Autoware/install/autoware_can_msgs:/home/autoware/Autoware/install/autoware_build_flags:${CMAKE_PREFIX_PATH} PKG_CONFIG_PATH=/home/autoware/Autoware/install/autoware_msgs/lib/x86_64-linux-gnu/pkgconfig:/home/autoware/Autoware/install/autoware_msgs/lib/pkgconfig:/home/autoware/Autoware/install/autoware_can_msgs/lib/x86_64-linux-gnu/pkgconfig:/home/autoware/Autoware/install/autoware_can_msgs/lib/pkgconfig:/home/autoware/Autoware/install/autoware_build_flags/lib/x86_64-linux-gnu/pkgconfig:/home/autoware/Autoware/install/autoware_build_flags/lib/pkgconfig:${PKG_CONFIG_PATH} PYTHONPATH=/home/autoware/Autoware/install/autoware_msgs/lib/python2.7/dist-packages:/home/autoware/Autoware/install/autoware_can_msgs/lib/python2.7/dist-packages:${PYTHONPATH} ROS_PACKAGE_PATH=/home/autoware/Autoware/install/autoware_msgs/share:/home/autoware/Autoware/install/autoware_can_msgs/share:/home/autoware/Autoware/install/autoware_build_flags/share:${ROS_PACKAGE_PATH} /usr/bin/cmake --build /home/autoware/Autoware/build/autoware_connector --target install -- -j32 -l32
[3.511s] [  0%] Built target autoware_can_msgs_generate_messages_cpp
[3.511s] [  0%] Built target tf2_msgs_generate_messages_lisp
[3.511s] [  0%] Built target tf_generate_messages_py
[3.511s] [  0%] Built target geometry_msgs_generate_messages_lisp
[3.511s] [  0%] Built target jsk_recognition_msgs_generate_messages_eus
[3.511s] [  0%] Built target jsk_recognition_msgs_generate_messages_lisp
[3.512s] [  0%] Built target rosgraph_msgs_generate_messages_eus
[3.512s] [  0%] Built target actionlib_msgs_generate_messages_nodejs
[3.512s] [  0%] Built target autoware_can_msgs_generate_messages_py
[3.512s] [  0%] Built target pcl_msgs_generate_messages_cpp
[3.512s] [  0%] Built target tf2_msgs_generate_messages_nodejs
[3.512s] [  0%] Built target autoware_can_msgs_generate_messages_lisp
[3.512s] [  0%] Built target autoware_can_msgs_generate_messages_nodejs
[3.512s] [  0%] Built target jsk_footstep_msgs_generate_messages_py
[3.512s] [  0%] Built target std_msgs_generate_messages_cpp
[3.512s] [  0%] Built target jsk_recognition_msgs_generate_messages_cpp
[3.512s] [  0%] Built target std_msgs_generate_messages_py
[3.513s] [  0%] Built target autoware_msgs_generate_messages_eus
[3.513s] [  0%] Built target nav_msgs_generate_messages_nodejs
[3.513s] [  0%] Built target sensor_msgs_generate_messages_nodejs
[3.513s] [  0%] Built target autoware_msgs_generate_messages_nodejs
[3.513s] [  0%] Built target tf2_msgs_generate_messages_cpp
[3.513s] [  0%] Built target geometry_msgs_generate_messages_eus
[3.513s] [  0%] Built target sensor_msgs_generate_messages_py
[3.513s] [  0%] Built target roscpp_generate_messages_cpp
[3.610s] [  0%] Built target autoware_msgs_generate_messages_py
[3.611s] [  0%] Built target geometry_msgs_generate_messages_nodejs
[3.611s] [  0%] Built target std_msgs_generate_messages_eus
[3.611s] [  0%] Built target jsk_recognition_msgs_generate_messages_py
[3.611s] [  0%] Built target actionlib_generate_messages_cpp
[3.611s] [  0%] Built target sensor_msgs_generate_messages_cpp
[3.611s] [  0%] Built target geometry_msgs_generate_messages_py
[3.611s] [  0%] Built target nav_msgs_generate_messages_lisp
[3.611s] [  0%] Built target sensor_msgs_generate_messages_eus
[3.611s] [  0%] Built target rosgraph_msgs_generate_messages_py
[3.611s] [  0%] Built target roscpp_generate_messages_nodejs
[3.611s] [  0%] Built target autoware_msgs_generate_messages_lisp
[3.612s] [  0%] Built target pcl_msgs_generate_messages_nodejs
[3.612s] [  0%] Built target jsk_footstep_msgs_generate_messages_nodejs
[3.612s] [  0%] Built target actionlib_msgs_generate_messages_lisp
[3.612s] [  0%] Built target std_msgs_generate_messages_nodejs
[3.637s] [  0%] Built target jsk_footstep_msgs_generate_messages_eus
[3.638s] [  0%] Built target actionlib_msgs_generate_messages_py
[3.638s] [  0%] Built target jsk_footstep_msgs_generate_messages_lisp
[3.638s] [  0%] Built target pcl_msgs_generate_messages_eus
[3.638s] [  0%] Built target rosgraph_msgs_generate_messages_cpp
[3.638s] [  0%] Built target std_msgs_generate_messages_lisp
[3.638s] [  0%] Built target autoware_msgs_generate_messages_cpp
[3.638s] [  0%] Built target roscpp_generate_messages_eus
[3.638s] [  0%] Built target sensor_msgs_generate_messages_lisp
[3.639s] [  0%] Built target rosgraph_msgs_generate_messages_nodejs
[3.639s] [  0%] Built target actionlib_msgs_generate_messages_eus
[3.639s] [  0%] Built target jsk_recognition_msgs_generate_messages_nodejs
[3.640s] [  0%] Built target nav_msgs_generate_messages_cpp
[3.641s] [  0%] Built target tf_generate_messages_cpp
[3.641s] [  0%] Built target roscpp_generate_messages_lisp
[3.641s] [  0%] Built target roscpp_generate_messages_py
[3.641s] [  0%] Built target actionlib_generate_messages_nodejs
[3.641s] [  0%] Built target jsk_footstep_msgs_generate_messages_cpp
[3.641s] [  0%] Built target tf_generate_messages_eus
[3.642s] [  0%] Built target actionlib_msgs_generate_messages_cpp
[3.642s] [  0%] Built target autoware_can_msgs_generate_messages_eus
[3.642s] [  0%] Built target pcl_msgs_generate_messages_py
[3.642s] [  0%] Built target geometry_msgs_generate_messages_cpp
[3.642s] [  0%] Built target rosgraph_msgs_generate_messages_lisp
[3.642s] [  0%] Built target pcl_msgs_generate_messages_lisp
[3.642s] [  0%] Built target tf_generate_messages_nodejs
[3.642s] [  0%] Built target tf_generate_messages_lisp
[3.674s] [  0%] Built target actionlib_generate_messages_lisp
[3.674s] [  0%] Built target actionlib_generate_messages_py
[3.674s] [  0%] Built target tf2_msgs_generate_messages_eus
[3.674s] [  0%] Built target nav_msgs_generate_messages_py
[3.674s] [  0%] Built target actionlib_generate_messages_eus
[3.674s] [  0%] Built target nav_msgs_generate_messages_eus
[3.674s] [  0%] Built target tf2_msgs_generate_messages_py
[3.780s] [ 50%] Built target can_odometry
[3.780s] [100%] Built target can_status_translator
[3.860s] Install the project...
[3.860s] -- Install configuration: "Release"
[3.860s] -- Up-to-date: /home/autoware/Autoware/install/autoware_connector/lib/pkgconfig/autoware_connector.pc
[3.860s] -- Up-to-date: /home/autoware/Autoware/install/autoware_connector/share/autoware_connector/cmake/autoware_connectorConfig.cmake
[3.860s] -- Up-to-date: /home/autoware/Autoware/install/autoware_connector/share/autoware_connector/cmake/autoware_connectorConfig-version.cmake
[3.860s] -- Up-to-date: /home/autoware/Autoware/install/autoware_connector/share/autoware_connector/package.xml
[3.860s] -- Up-to-date: /home/autoware/Autoware/install/autoware_connector/lib/autoware_connector/can_status_translator
[3.860s] -- Up-to-date: /home/autoware/Autoware/install/autoware_connector/lib/autoware_connector/can_odometry
[3.860s] -- Up-to-date: /home/autoware/Autoware/install/autoware_connector/share/autoware_connector/launch
[3.860s] -- Up-to-date: /home/autoware/Autoware/install/autoware_connector/share/autoware_connector/launch/can2odom.launch
[3.861s] -- Up-to-date: /home/autoware/Autoware/install/autoware_connector/share/autoware_connector/launch/vel_pose_connect.launch
[3.997s] Invoked command in '/home/autoware/Autoware/build/autoware_connector' returned '0': CMAKE_PREFIX_PATH=/home/autoware/Autoware/install/autoware_msgs:/home/autoware/Autoware/install/autoware_can_msgs:/home/autoware/Autoware/install/autoware_build_flags:${CMAKE_PREFIX_PATH} PKG_CONFIG_PATH=/home/autoware/Autoware/install/autoware_msgs/lib/x86_64-linux-gnu/pkgconfig:/home/autoware/Autoware/install/autoware_msgs/lib/pkgconfig:/home/autoware/Autoware/install/autoware_can_msgs/lib/x86_64-linux-gnu/pkgconfig:/home/autoware/Autoware/install/autoware_can_msgs/lib/pkgconfig:/home/autoware/Autoware/install/autoware_build_flags/lib/x86_64-linux-gnu/pkgconfig:/home/autoware/Autoware/install/autoware_build_flags/lib/pkgconfig:${PKG_CONFIG_PATH} PYTHONPATH=/home/autoware/Autoware/install/autoware_msgs/lib/python2.7/dist-packages:/home/autoware/Autoware/install/autoware_can_msgs/lib/python2.7/dist-packages:${PYTHONPATH} ROS_PACKAGE_PATH=/home/autoware/Autoware/install/autoware_msgs/share:/home/autoware/Autoware/install/autoware_can_msgs/share:/home/autoware/Autoware/install/autoware_build_flags/share:${ROS_PACKAGE_PATH} /usr/bin/cmake --build /home/autoware/Autoware/build/autoware_connector --target install -- -j32 -l32
