[0.088s] Invoking command in '/home/autoware/Autoware/build/ff_waypoint_follower': CMAKE_PREFIX_PATH=/home/autoware/Autoware/install/op_simu:/home/autoware/Autoware/install/op_planner:/home/autoware/Autoware/install/op_utility:/home/autoware/Autoware/install/map_file:/home/autoware/Autoware/install/vector_map_server:/home/autoware/Autoware/install/libwaypoint_follower:/home/autoware/Autoware/install/lanelet2_extension:/home/autoware/Autoware/install/vector_map:/home/autoware/Autoware/install/amathutils_lib:/home/autoware/Autoware/install/vector_map_msgs:/home/autoware/Autoware/install/autoware_msgs:/home/autoware/Autoware/install/autoware_lanelet2_msgs:/home/autoware/Autoware/install/autoware_build_flags:${CMAKE_PREFIX_PATH} LD_LIBRARY_PATH=/home/autoware/Autoware/install/op_simu/lib:/home/autoware/Autoware/install/op_planner/lib:/home/autoware/Autoware/install/op_utility/lib:/home/autoware/Autoware/install/map_file/lib:/home/autoware/Autoware/install/libwaypoint_follower/lib:/home/autoware/Autoware/install/lanelet2_extension/lib:/home/autoware/Autoware/install/vector_map/lib:/home/autoware/Autoware/install/amathutils_lib/lib:${LD_LIBRARY_PATH} PKG_CONFIG_PATH=/home/autoware/Autoware/install/op_simu/lib/x86_64-linux-gnu/pkgconfig:/home/autoware/Autoware/install/op_simu/lib/pkgconfig:/home/autoware/Autoware/install/op_planner/lib/x86_64-linux-gnu/pkgconfig:/home/autoware/Autoware/install/op_planner/lib/pkgconfig:/home/autoware/Autoware/install/op_utility/lib/x86_64-linux-gnu/pkgconfig:/home/autoware/Autoware/install/op_utility/lib/pkgconfig:/home/autoware/Autoware/install/map_file/lib/x86_64-linux-gnu/pkgconfig:/home/autoware/Autoware/install/map_file/lib/pkgconfig:/home/autoware/Autoware/install/vector_map_server/lib/x86_64-linux-gnu/pkgconfig:/home/autoware/Autoware/install/vector_map_server/lib/pkgconfig:/home/autoware/Autoware/install/libwaypoint_follower/lib/x86_64-linux-gnu/pkgconfig:/home/autoware/Autoware/install/libwaypoint_follower/lib/pkgconfig:/home/autoware/Autoware/install/lanelet2_extension/lib/x86_64-linux-gnu/pkgconfig:/home/autoware/Autoware/install/lanelet2_extension/lib/pkgconfig:/home/autoware/Autoware/install/vector_map/lib/x86_64-linux-gnu/pkgconfig:/home/autoware/Autoware/install/vector_map/lib/pkgconfig:/home/autoware/Autoware/install/amathutils_lib/lib/x86_64-linux-gnu/pkgconfig:/home/autoware/Autoware/install/amathutils_lib/lib/pkgconfig:/home/autoware/Autoware/install/vector_map_msgs/lib/x86_64-linux-gnu/pkgconfig:/home/autoware/Autoware/install/vector_map_msgs/lib/pkgconfig:/home/autoware/Autoware/install/autoware_msgs/lib/x86_64-linux-gnu/pkgconfig:/home/autoware/Autoware/install/autoware_msgs/lib/pkgconfig:/home/autoware/Autoware/install/autoware_lanelet2_msgs/lib/x86_64-linux-gnu/pkgconfig:/home/autoware/Autoware/install/autoware_lanelet2_msgs/lib/pkgconfig:/home/autoware/Autoware/install/autoware_build_flags/lib/x86_64-linux-gnu/pkgconfig:/home/autoware/Autoware/install/autoware_build_flags/lib/pkgconfig:${PKG_CONFIG_PATH} PYTHONPATH=/home/autoware/Autoware/install/vector_map_server/lib/python2.7/dist-packages:/home/autoware/Autoware/install/vector_map_msgs/lib/python2.7/dist-packages:/home/autoware/Autoware/install/autoware_msgs/lib/python2.7/dist-packages:/home/autoware/Autoware/install/autoware_lanelet2_msgs/lib/python2.7/dist-packages:${PYTHONPATH} ROS_PACKAGE_PATH=/home/autoware/Autoware/install/op_simu/share:/home/autoware/Autoware/install/op_planner/share:/home/autoware/Autoware/install/op_utility/share:/home/autoware/Autoware/install/map_file/share:/home/autoware/Autoware/install/vector_map_server/share:/home/autoware/Autoware/install/libwaypoint_follower/share:/home/autoware/Autoware/install/lanelet2_extension/share:/home/autoware/Autoware/install/vector_map/share:/home/autoware/Autoware/install/amathutils_lib/share:/home/autoware/Autoware/install/vector_map_msgs/share:/home/autoware/Autoware/install/autoware_msgs/share:/home/autoware/Autoware/install/autoware_lanelet2_msgs/share:/home/autoware/Autoware/install/autoware_build_flags/share:${ROS_PACKAGE_PATH} /usr/bin/cmake --build /home/autoware/Autoware/build/ff_waypoint_follower -- -j32 -l32
[0.277s] [  0%] Built target jsk_recognition_msgs_generate_messages_py
[0.277s] [  0%] Built target rosgraph_msgs_generate_messages_eus
[0.277s] [  0%] Built target geometry_msgs_generate_messages_py
[0.278s] [  0%] Built target roscpp_generate_messages_cpp
[0.281s] [  0%] Built target vector_map_msgs_generate_messages_nodejs
[0.289s] [  0%] Built target actionlib_msgs_generate_messages_nodejs
[0.289s] [  0%] Built target tf2_msgs_generate_messages_cpp
[0.289s] [  0%] Built target tf_generate_messages_py
[0.290s] [  0%] Built target autoware_msgs_generate_messages_py
[0.294s] [  0%] Built target sensor_msgs_generate_messages_py
[0.302s] [  0%] Built target jsk_recognition_msgs_generate_messages_lisp
[0.302s] [  0%] Built target sensor_msgs_generate_messages_lisp
[0.306s] [  0%] Built target visualization_msgs_generate_messages_nodejs
[0.306s] [  0%] Built target vector_map_msgs_generate_messages_py
[0.309s] [  0%] Built target std_msgs_generate_messages_py
[0.311s] [  0%] Built target vector_map_server_generate_messages_nodejs
[0.314s] [  0%] Built target vector_map_msgs_generate_messages_lisp
[0.335s] [  0%] Built target rosgraph_msgs_generate_messages_cpp
[0.335s] [  0%] Built target sensor_msgs_generate_messages_eus
[0.342s] [  0%] Built target pcl_msgs_generate_messages_nodejs
[0.349s] [  0%] Built target actionlib_generate_messages_cpp
[0.368s] [  0%] Built target vector_map_msgs_generate_messages_eus
[0.368s] [  0%] Built target vector_map_server_generate_messages_eus
[0.370s] [  0%] Built target _catkin_empty_exported_target
[0.373s] [  0%] Built target sensor_msgs_generate_messages_cpp
[0.382s] [  0%] Built target jsk_footstep_msgs_generate_messages_py
[0.382s] [  0%] Built target sensor_msgs_generate_messages_nodejs
[0.391s] [  0%] Built target std_msgs_generate_messages_cpp
[0.392s] [  0%] Built target std_msgs_generate_messages_nodejs
[0.394s] [  0%] Built target jsk_recognition_msgs_generate_messages_eus
[0.396s] [  0%] Built target geometry_msgs_generate_messages_lisp
[0.409s] [  0%] Built target autoware_msgs_generate_messages_lisp
[0.417s] [  0%] Built target std_msgs_generate_messages_lisp
[0.418s] [  0%] Built target pcl_msgs_generate_messages_eus
[0.418s] [  0%] Built target autoware_msgs_generate_messages_cpp
[0.429s] [  0%] Built target visualization_msgs_generate_messages_lisp
[0.429s] [  0%] Built target geometry_msgs_generate_messages_nodejs
[0.433s] [  0%] Built target geometry_msgs_generate_messages_eus
[0.451s] [  0%] Built target actionlib_msgs_generate_messages_py
[0.467s] [  0%] Built target pcl_msgs_generate_messages_cpp
[0.468s] [  0%] Built target tf_generate_messages_nodejs
[0.489s] [  0%] Built target autoware_msgs_generate_messages_nodejs
[0.525s] [  0%] Built target jsk_footstep_msgs_generate_messages_eus
[0.525s] [  0%] Built target roscpp_generate_messages_eus
[0.525s] [  0%] Built target roscpp_generate_messages_py
[0.525s] [  0%] Built target actionlib_msgs_generate_messages_lisp
[0.526s] [  0%] Built target jsk_recognition_msgs_generate_messages_cpp
[0.526s] [  0%] Built target rosgraph_msgs_generate_messages_py
[0.526s] [  0%] Built target std_msgs_generate_messages_eus
[0.526s] [  0%] Built target tf_generate_messages_eus
[0.526s] [  0%] Built target roscpp_generate_messages_nodejs
[0.526s] [  0%] Built target autoware_msgs_generate_messages_eus
[0.527s] [  0%] Built target jsk_footstep_msgs_generate_messages_cpp
[0.528s] [  0%] Built target vector_map_server_generate_messages_lisp
[0.531s] [  0%] Built target vector_map_server_generate_messages_py
[0.531s] [  0%] Built target jsk_footstep_msgs_generate_messages_nodejs
[0.534s] [  0%] Built target jsk_footstep_msgs_generate_messages_lisp
[0.535s] [  0%] Built target actionlib_msgs_generate_messages_eus
[0.539s] [  0%] Built target actionlib_generate_messages_lisp
[0.543s] [  0%] Built target jsk_recognition_msgs_generate_messages_nodejs
[0.544s] [  0%] Built target geometry_msgs_generate_messages_cpp
[0.544s] [  0%] Built target pcl_msgs_generate_messages_lisp
[0.549s] [  0%] Built target actionlib_generate_messages_eus
[0.553s] [  0%] Built target rosgraph_msgs_generate_messages_nodejs
[0.574s] [  0%] Built target rosgraph_msgs_generate_messages_lisp
[0.583s] [  0%] Built target tf_generate_messages_lisp
[0.601s] [  0%] Built target pcl_msgs_generate_messages_py
[0.602s] [  0%] Built target roscpp_generate_messages_lisp
[0.605s] [  0%] Built target actionlib_msgs_generate_messages_cpp
[0.608s] [  0%] Built target vector_map_server_generate_messages_cpp
[0.612s] [  0%] Built target tf2_msgs_generate_messages_py
[0.615s] [  0%] Built target tf2_msgs_generate_messages_nodejs
[0.623s] [  0%] Built target tf2_msgs_generate_messages_lisp
[0.623s] [  0%] Built target tf2_msgs_generate_messages_eus
[0.628s] [  0%] Built target actionlib_generate_messages_nodejs
[0.628s] [  0%] Built target actionlib_generate_messages_py
[0.631s] [  0%] Built target visualization_msgs_generate_messages_eus
[0.633s] [  0%] Built target visualization_msgs_generate_messages_cpp
[0.635s] [  0%] Built target vector_map_msgs_generate_messages_cpp
[0.636s] [  0%] Built target tf_generate_messages_cpp
[0.653s] [  0%] Built target visualization_msgs_generate_messages_py
[0.705s] [100%] Built target ff_waypoint_follower
[0.718s] Invoked command in '/home/autoware/Autoware/build/ff_waypoint_follower' returned '0': CMAKE_PREFIX_PATH=/home/autoware/Autoware/install/op_simu:/home/autoware/Autoware/install/op_planner:/home/autoware/Autoware/install/op_utility:/home/autoware/Autoware/install/map_file:/home/autoware/Autoware/install/vector_map_server:/home/autoware/Autoware/install/libwaypoint_follower:/home/autoware/Autoware/install/lanelet2_extension:/home/autoware/Autoware/install/vector_map:/home/autoware/Autoware/install/amathutils_lib:/home/autoware/Autoware/install/vector_map_msgs:/home/autoware/Autoware/install/autoware_msgs:/home/autoware/Autoware/install/autoware_lanelet2_msgs:/home/autoware/Autoware/install/autoware_build_flags:${CMAKE_PREFIX_PATH} LD_LIBRARY_PATH=/home/autoware/Autoware/install/op_simu/lib:/home/autoware/Autoware/install/op_planner/lib:/home/autoware/Autoware/install/op_utility/lib:/home/autoware/Autoware/install/map_file/lib:/home/autoware/Autoware/install/libwaypoint_follower/lib:/home/autoware/Autoware/install/lanelet2_extension/lib:/home/autoware/Autoware/install/vector_map/lib:/home/autoware/Autoware/install/amathutils_lib/lib:${LD_LIBRARY_PATH} PKG_CONFIG_PATH=/home/autoware/Autoware/install/op_simu/lib/x86_64-linux-gnu/pkgconfig:/home/autoware/Autoware/install/op_simu/lib/pkgconfig:/home/autoware/Autoware/install/op_planner/lib/x86_64-linux-gnu/pkgconfig:/home/autoware/Autoware/install/op_planner/lib/pkgconfig:/home/autoware/Autoware/install/op_utility/lib/x86_64-linux-gnu/pkgconfig:/home/autoware/Autoware/install/op_utility/lib/pkgconfig:/home/autoware/Autoware/install/map_file/lib/x86_64-linux-gnu/pkgconfig:/home/autoware/Autoware/install/map_file/lib/pkgconfig:/home/autoware/Autoware/install/vector_map_server/lib/x86_64-linux-gnu/pkgconfig:/home/autoware/Autoware/install/vector_map_server/lib/pkgconfig:/home/autoware/Autoware/install/libwaypoint_follower/lib/x86_64-linux-gnu/pkgconfig:/home/autoware/Autoware/install/libwaypoint_follower/lib/pkgconfig:/home/autoware/Autoware/install/lanelet2_extension/lib/x86_64-linux-gnu/pkgconfig:/home/autoware/Autoware/install/lanelet2_extension/lib/pkgconfig:/home/autoware/Autoware/install/vector_map/lib/x86_64-linux-gnu/pkgconfig:/home/autoware/Autoware/install/vector_map/lib/pkgconfig:/home/autoware/Autoware/install/amathutils_lib/lib/x86_64-linux-gnu/pkgconfig:/home/autoware/Autoware/install/amathutils_lib/lib/pkgconfig:/home/autoware/Autoware/install/vector_map_msgs/lib/x86_64-linux-gnu/pkgconfig:/home/autoware/Autoware/install/vector_map_msgs/lib/pkgconfig:/home/autoware/Autoware/install/autoware_msgs/lib/x86_64-linux-gnu/pkgconfig:/home/autoware/Autoware/install/autoware_msgs/lib/pkgconfig:/home/autoware/Autoware/install/autoware_lanelet2_msgs/lib/x86_64-linux-gnu/pkgconfig:/home/autoware/Autoware/install/autoware_lanelet2_msgs/lib/pkgconfig:/home/autoware/Autoware/install/autoware_build_flags/lib/x86_64-linux-gnu/pkgconfig:/home/autoware/Autoware/install/autoware_build_flags/lib/pkgconfig:${PKG_CONFIG_PATH} PYTHONPATH=/home/autoware/Autoware/install/vector_map_server/lib/python2.7/dist-packages:/home/autoware/Autoware/install/vector_map_msgs/lib/python2.7/dist-packages:/home/autoware/Autoware/install/autoware_msgs/lib/python2.7/dist-packages:/home/autoware/Autoware/install/autoware_lanelet2_msgs/lib/python2.7/dist-packages:${PYTHONPATH} ROS_PACKAGE_PATH=/home/autoware/Autoware/install/op_simu/share:/home/autoware/Autoware/install/op_planner/share:/home/autoware/Autoware/install/op_utility/share:/home/autoware/Autoware/install/map_file/share:/home/autoware/Autoware/install/vector_map_server/share:/home/autoware/Autoware/install/libwaypoint_follower/share:/home/autoware/Autoware/install/lanelet2_extension/share:/home/autoware/Autoware/install/vector_map/share:/home/autoware/Autoware/install/amathutils_lib/share:/home/autoware/Autoware/install/vector_map_msgs/share:/home/autoware/Autoware/install/autoware_msgs/share:/home/autoware/Autoware/install/autoware_lanelet2_msgs/share:/home/autoware/Autoware/install/autoware_build_flags/share:${ROS_PACKAGE_PATH} /usr/bin/cmake --build /home/autoware/Autoware/build/ff_waypoint_follower -- -j32 -l32
[0.977s] Invoking command in '/home/autoware/Autoware/build/ff_waypoint_follower': CMAKE_PREFIX_PATH=/home/autoware/Autoware/install/op_simu:/home/autoware/Autoware/install/op_planner:/home/autoware/Autoware/install/op_utility:/home/autoware/Autoware/install/map_file:/home/autoware/Autoware/install/vector_map_server:/home/autoware/Autoware/install/libwaypoint_follower:/home/autoware/Autoware/install/lanelet2_extension:/home/autoware/Autoware/install/vector_map:/home/autoware/Autoware/install/amathutils_lib:/home/autoware/Autoware/install/vector_map_msgs:/home/autoware/Autoware/install/autoware_msgs:/home/autoware/Autoware/install/autoware_lanelet2_msgs:/home/autoware/Autoware/install/autoware_build_flags:${CMAKE_PREFIX_PATH} LD_LIBRARY_PATH=/home/autoware/Autoware/install/op_simu/lib:/home/autoware/Autoware/install/op_planner/lib:/home/autoware/Autoware/install/op_utility/lib:/home/autoware/Autoware/install/map_file/lib:/home/autoware/Autoware/install/libwaypoint_follower/lib:/home/autoware/Autoware/install/lanelet2_extension/lib:/home/autoware/Autoware/install/vector_map/lib:/home/autoware/Autoware/install/amathutils_lib/lib:${LD_LIBRARY_PATH} PKG_CONFIG_PATH=/home/autoware/Autoware/install/op_simu/lib/x86_64-linux-gnu/pkgconfig:/home/autoware/Autoware/install/op_simu/lib/pkgconfig:/home/autoware/Autoware/install/op_planner/lib/x86_64-linux-gnu/pkgconfig:/home/autoware/Autoware/install/op_planner/lib/pkgconfig:/home/autoware/Autoware/install/op_utility/lib/x86_64-linux-gnu/pkgconfig:/home/autoware/Autoware/install/op_utility/lib/pkgconfig:/home/autoware/Autoware/install/map_file/lib/x86_64-linux-gnu/pkgconfig:/home/autoware/Autoware/install/map_file/lib/pkgconfig:/home/autoware/Autoware/install/vector_map_server/lib/x86_64-linux-gnu/pkgconfig:/home/autoware/Autoware/install/vector_map_server/lib/pkgconfig:/home/autoware/Autoware/install/libwaypoint_follower/lib/x86_64-linux-gnu/pkgconfig:/home/autoware/Autoware/install/libwaypoint_follower/lib/pkgconfig:/home/autoware/Autoware/install/lanelet2_extension/lib/x86_64-linux-gnu/pkgconfig:/home/autoware/Autoware/install/lanelet2_extension/lib/pkgconfig:/home/autoware/Autoware/install/vector_map/lib/x86_64-linux-gnu/pkgconfig:/home/autoware/Autoware/install/vector_map/lib/pkgconfig:/home/autoware/Autoware/install/amathutils_lib/lib/x86_64-linux-gnu/pkgconfig:/home/autoware/Autoware/install/amathutils_lib/lib/pkgconfig:/home/autoware/Autoware/install/vector_map_msgs/lib/x86_64-linux-gnu/pkgconfig:/home/autoware/Autoware/install/vector_map_msgs/lib/pkgconfig:/home/autoware/Autoware/install/autoware_msgs/lib/x86_64-linux-gnu/pkgconfig:/home/autoware/Autoware/install/autoware_msgs/lib/pkgconfig:/home/autoware/Autoware/install/autoware_lanelet2_msgs/lib/x86_64-linux-gnu/pkgconfig:/home/autoware/Autoware/install/autoware_lanelet2_msgs/lib/pkgconfig:/home/autoware/Autoware/install/autoware_build_flags/lib/x86_64-linux-gnu/pkgconfig:/home/autoware/Autoware/install/autoware_build_flags/lib/pkgconfig:${PKG_CONFIG_PATH} PYTHONPATH=/home/autoware/Autoware/install/vector_map_server/lib/python2.7/dist-packages:/home/autoware/Autoware/install/vector_map_msgs/lib/python2.7/dist-packages:/home/autoware/Autoware/install/autoware_msgs/lib/python2.7/dist-packages:/home/autoware/Autoware/install/autoware_lanelet2_msgs/lib/python2.7/dist-packages:${PYTHONPATH} ROS_PACKAGE_PATH=/home/autoware/Autoware/install/op_simu/share:/home/autoware/Autoware/install/op_planner/share:/home/autoware/Autoware/install/op_utility/share:/home/autoware/Autoware/install/map_file/share:/home/autoware/Autoware/install/vector_map_server/share:/home/autoware/Autoware/install/libwaypoint_follower/share:/home/autoware/Autoware/install/lanelet2_extension/share:/home/autoware/Autoware/install/vector_map/share:/home/autoware/Autoware/install/amathutils_lib/share:/home/autoware/Autoware/install/vector_map_msgs/share:/home/autoware/Autoware/install/autoware_msgs/share:/home/autoware/Autoware/install/autoware_lanelet2_msgs/share:/home/autoware/Autoware/install/autoware_build_flags/share:${ROS_PACKAGE_PATH} /usr/bin/cmake --build /home/autoware/Autoware/build/ff_waypoint_follower --target tests -- -j32 -l32
[1.060s] Built target tests
[1.076s] Invoked command in '/home/autoware/Autoware/build/ff_waypoint_follower' returned '0': CMAKE_PREFIX_PATH=/home/autoware/Autoware/install/op_simu:/home/autoware/Autoware/install/op_planner:/home/autoware/Autoware/install/op_utility:/home/autoware/Autoware/install/map_file:/home/autoware/Autoware/install/vector_map_server:/home/autoware/Autoware/install/libwaypoint_follower:/home/autoware/Autoware/install/lanelet2_extension:/home/autoware/Autoware/install/vector_map:/home/autoware/Autoware/install/amathutils_lib:/home/autoware/Autoware/install/vector_map_msgs:/home/autoware/Autoware/install/autoware_msgs:/home/autoware/Autoware/install/autoware_lanelet2_msgs:/home/autoware/Autoware/install/autoware_build_flags:${CMAKE_PREFIX_PATH} LD_LIBRARY_PATH=/home/autoware/Autoware/install/op_simu/lib:/home/autoware/Autoware/install/op_planner/lib:/home/autoware/Autoware/install/op_utility/lib:/home/autoware/Autoware/install/map_file/lib:/home/autoware/Autoware/install/libwaypoint_follower/lib:/home/autoware/Autoware/install/lanelet2_extension/lib:/home/autoware/Autoware/install/vector_map/lib:/home/autoware/Autoware/install/amathutils_lib/lib:${LD_LIBRARY_PATH} PKG_CONFIG_PATH=/home/autoware/Autoware/install/op_simu/lib/x86_64-linux-gnu/pkgconfig:/home/autoware/Autoware/install/op_simu/lib/pkgconfig:/home/autoware/Autoware/install/op_planner/lib/x86_64-linux-gnu/pkgconfig:/home/autoware/Autoware/install/op_planner/lib/pkgconfig:/home/autoware/Autoware/install/op_utility/lib/x86_64-linux-gnu/pkgconfig:/home/autoware/Autoware/install/op_utility/lib/pkgconfig:/home/autoware/Autoware/install/map_file/lib/x86_64-linux-gnu/pkgconfig:/home/autoware/Autoware/install/map_file/lib/pkgconfig:/home/autoware/Autoware/install/vector_map_server/lib/x86_64-linux-gnu/pkgconfig:/home/autoware/Autoware/install/vector_map_server/lib/pkgconfig:/home/autoware/Autoware/install/libwaypoint_follower/lib/x86_64-linux-gnu/pkgconfig:/home/autoware/Autoware/install/libwaypoint_follower/lib/pkgconfig:/home/autoware/Autoware/install/lanelet2_extension/lib/x86_64-linux-gnu/pkgconfig:/home/autoware/Autoware/install/lanelet2_extension/lib/pkgconfig:/home/autoware/Autoware/install/vector_map/lib/x86_64-linux-gnu/pkgconfig:/home/autoware/Autoware/install/vector_map/lib/pkgconfig:/home/autoware/Autoware/install/amathutils_lib/lib/x86_64-linux-gnu/pkgconfig:/home/autoware/Autoware/install/amathutils_lib/lib/pkgconfig:/home/autoware/Autoware/install/vector_map_msgs/lib/x86_64-linux-gnu/pkgconfig:/home/autoware/Autoware/install/vector_map_msgs/lib/pkgconfig:/home/autoware/Autoware/install/autoware_msgs/lib/x86_64-linux-gnu/pkgconfig:/home/autoware/Autoware/install/autoware_msgs/lib/pkgconfig:/home/autoware/Autoware/install/autoware_lanelet2_msgs/lib/x86_64-linux-gnu/pkgconfig:/home/autoware/Autoware/install/autoware_lanelet2_msgs/lib/pkgconfig:/home/autoware/Autoware/install/autoware_build_flags/lib/x86_64-linux-gnu/pkgconfig:/home/autoware/Autoware/install/autoware_build_flags/lib/pkgconfig:${PKG_CONFIG_PATH} PYTHONPATH=/home/autoware/Autoware/install/vector_map_server/lib/python2.7/dist-packages:/home/autoware/Autoware/install/vector_map_msgs/lib/python2.7/dist-packages:/home/autoware/Autoware/install/autoware_msgs/lib/python2.7/dist-packages:/home/autoware/Autoware/install/autoware_lanelet2_msgs/lib/python2.7/dist-packages:${PYTHONPATH} ROS_PACKAGE_PATH=/home/autoware/Autoware/install/op_simu/share:/home/autoware/Autoware/install/op_planner/share:/home/autoware/Autoware/install/op_utility/share:/home/autoware/Autoware/install/map_file/share:/home/autoware/Autoware/install/vector_map_server/share:/home/autoware/Autoware/install/libwaypoint_follower/share:/home/autoware/Autoware/install/lanelet2_extension/share:/home/autoware/Autoware/install/vector_map/share:/home/autoware/Autoware/install/amathutils_lib/share:/home/autoware/Autoware/install/vector_map_msgs/share:/home/autoware/Autoware/install/autoware_msgs/share:/home/autoware/Autoware/install/autoware_lanelet2_msgs/share:/home/autoware/Autoware/install/autoware_build_flags/share:${ROS_PACKAGE_PATH} /usr/bin/cmake --build /home/autoware/Autoware/build/ff_waypoint_follower --target tests -- -j32 -l32
[1.163s] Invoking command in '/home/autoware/Autoware/build/ff_waypoint_follower': CMAKE_PREFIX_PATH=/home/autoware/Autoware/install/op_simu:/home/autoware/Autoware/install/op_planner:/home/autoware/Autoware/install/op_utility:/home/autoware/Autoware/install/map_file:/home/autoware/Autoware/install/vector_map_server:/home/autoware/Autoware/install/libwaypoint_follower:/home/autoware/Autoware/install/lanelet2_extension:/home/autoware/Autoware/install/vector_map:/home/autoware/Autoware/install/amathutils_lib:/home/autoware/Autoware/install/vector_map_msgs:/home/autoware/Autoware/install/autoware_msgs:/home/autoware/Autoware/install/autoware_lanelet2_msgs:/home/autoware/Autoware/install/autoware_build_flags:${CMAKE_PREFIX_PATH} LD_LIBRARY_PATH=/home/autoware/Autoware/install/op_simu/lib:/home/autoware/Autoware/install/op_planner/lib:/home/autoware/Autoware/install/op_utility/lib:/home/autoware/Autoware/install/map_file/lib:/home/autoware/Autoware/install/libwaypoint_follower/lib:/home/autoware/Autoware/install/lanelet2_extension/lib:/home/autoware/Autoware/install/vector_map/lib:/home/autoware/Autoware/install/amathutils_lib/lib:${LD_LIBRARY_PATH} PKG_CONFIG_PATH=/home/autoware/Autoware/install/op_simu/lib/x86_64-linux-gnu/pkgconfig:/home/autoware/Autoware/install/op_simu/lib/pkgconfig:/home/autoware/Autoware/install/op_planner/lib/x86_64-linux-gnu/pkgconfig:/home/autoware/Autoware/install/op_planner/lib/pkgconfig:/home/autoware/Autoware/install/op_utility/lib/x86_64-linux-gnu/pkgconfig:/home/autoware/Autoware/install/op_utility/lib/pkgconfig:/home/autoware/Autoware/install/map_file/lib/x86_64-linux-gnu/pkgconfig:/home/autoware/Autoware/install/map_file/lib/pkgconfig:/home/autoware/Autoware/install/vector_map_server/lib/x86_64-linux-gnu/pkgconfig:/home/autoware/Autoware/install/vector_map_server/lib/pkgconfig:/home/autoware/Autoware/install/libwaypoint_follower/lib/x86_64-linux-gnu/pkgconfig:/home/autoware/Autoware/install/libwaypoint_follower/lib/pkgconfig:/home/autoware/Autoware/install/lanelet2_extension/lib/x86_64-linux-gnu/pkgconfig:/home/autoware/Autoware/install/lanelet2_extension/lib/pkgconfig:/home/autoware/Autoware/install/vector_map/lib/x86_64-linux-gnu/pkgconfig:/home/autoware/Autoware/install/vector_map/lib/pkgconfig:/home/autoware/Autoware/install/amathutils_lib/lib/x86_64-linux-gnu/pkgconfig:/home/autoware/Autoware/install/amathutils_lib/lib/pkgconfig:/home/autoware/Autoware/install/vector_map_msgs/lib/x86_64-linux-gnu/pkgconfig:/home/autoware/Autoware/install/vector_map_msgs/lib/pkgconfig:/home/autoware/Autoware/install/autoware_msgs/lib/x86_64-linux-gnu/pkgconfig:/home/autoware/Autoware/install/autoware_msgs/lib/pkgconfig:/home/autoware/Autoware/install/autoware_lanelet2_msgs/lib/x86_64-linux-gnu/pkgconfig:/home/autoware/Autoware/install/autoware_lanelet2_msgs/lib/pkgconfig:/home/autoware/Autoware/install/autoware_build_flags/lib/x86_64-linux-gnu/pkgconfig:/home/autoware/Autoware/install/autoware_build_flags/lib/pkgconfig:${PKG_CONFIG_PATH} PYTHONPATH=/home/autoware/Autoware/install/vector_map_server/lib/python2.7/dist-packages:/home/autoware/Autoware/install/vector_map_msgs/lib/python2.7/dist-packages:/home/autoware/Autoware/install/autoware_msgs/lib/python2.7/dist-packages:/home/autoware/Autoware/install/autoware_lanelet2_msgs/lib/python2.7/dist-packages:${PYTHONPATH} ROS_PACKAGE_PATH=/home/autoware/Autoware/install/op_simu/share:/home/autoware/Autoware/install/op_planner/share:/home/autoware/Autoware/install/op_utility/share:/home/autoware/Autoware/install/map_file/share:/home/autoware/Autoware/install/vector_map_server/share:/home/autoware/Autoware/install/libwaypoint_follower/share:/home/autoware/Autoware/install/lanelet2_extension/share:/home/autoware/Autoware/install/vector_map/share:/home/autoware/Autoware/install/amathutils_lib/share:/home/autoware/Autoware/install/vector_map_msgs/share:/home/autoware/Autoware/install/autoware_msgs/share:/home/autoware/Autoware/install/autoware_lanelet2_msgs/share:/home/autoware/Autoware/install/autoware_build_flags/share:${ROS_PACKAGE_PATH} /usr/bin/cmake --build /home/autoware/Autoware/build/ff_waypoint_follower --target install -- -j32 -l32
[1.290s] [  0%] Built target vector_map_server_generate_messages_nodejs
[1.290s] [  0%] Built target vector_map_msgs_generate_messages_eus
[1.290s] [  0%] Built target sensor_msgs_generate_messages_nodejs
[1.290s] [  0%] Built target vector_map_msgs_generate_messages_py
[1.290s] [  0%] Built target geometry_msgs_generate_messages_py
[1.290s] [  0%] Built target vector_map_server_generate_messages_eus
[1.290s] [  0%] Built target roscpp_generate_messages_cpp
[1.290s] [  0%] Built target vector_map_msgs_generate_messages_nodejs
[1.291s] [  0%] Built target rosgraph_msgs_generate_messages_eus
[1.291s] [  0%] Built target vector_map_msgs_generate_messages_lisp
[1.291s] [  0%] Built target autoware_msgs_generate_messages_py
[1.291s] [  0%] Built target tf2_msgs_generate_messages_cpp
[1.291s] [  0%] Built target pcl_msgs_generate_messages_eus
[1.291s] [  0%] Built target autoware_msgs_generate_messages_cpp
[1.291s] [  0%] Built target jsk_recognition_msgs_generate_messages_eus
[1.291s] [  0%] Built target std_msgs_generate_messages_nodejs
[1.293s] [  0%] Built target pcl_msgs_generate_messages_nodejs
[1.293s] [  0%] Built target sensor_msgs_generate_messages_py
[1.293s] [  0%] Built target tf_generate_messages_py
[1.294s] [  0%] Built target jsk_recognition_msgs_generate_messages_lisp
[1.294s] [  0%] Built target std_msgs_generate_messages_py
[1.294s] [  0%] Built target sensor_msgs_generate_messages_lisp
[1.294s] [  0%] Built target visualization_msgs_generate_messages_nodejs
[1.294s] [  0%] Built target sensor_msgs_generate_messages_cpp
[1.294s] [  0%] Built target jsk_footstep_msgs_generate_messages_py
[1.294s] [  0%] Built target sensor_msgs_generate_messages_eus
[1.296s] [  0%] Built target rosgraph_msgs_generate_messages_cpp
[1.296s] [  0%] Built target std_msgs_generate_messages_cpp
[1.296s] [  0%] Built target actionlib_msgs_generate_messages_nodejs
[1.296s] [  0%] Built target _catkin_empty_exported_target
[1.297s] [  0%] Built target jsk_recognition_msgs_generate_messages_py
[1.297s] [  0%] Built target actionlib_generate_messages_cpp
[1.314s] [  0%] Built target roscpp_generate_messages_nodejs
[1.314s] [  0%] Built target std_msgs_generate_messages_lisp
[1.314s] [  0%] Built target geometry_msgs_generate_messages_eus
[1.314s] [  0%] Built target geometry_msgs_generate_messages_nodejs
[1.314s] [  0%] Built target pcl_msgs_generate_messages_cpp
[1.314s] [  0%] Built target actionlib_msgs_generate_messages_py
[1.314s] [  0%] Built target visualization_msgs_generate_messages_lisp
[1.314s] [  0%] Built target autoware_msgs_generate_messages_nodejs
[1.315s] [  0%] Built target autoware_msgs_generate_messages_lisp
[1.315s] [  0%] Built target jsk_recognition_msgs_generate_messages_cpp
[1.315s] [  0%] Built target geometry_msgs_generate_messages_lisp
[1.315s] [  0%] Built target std_msgs_generate_messages_eus
[1.315s] [  0%] Built target rosgraph_msgs_generate_messages_nodejs
[1.315s] [  0%] Built target roscpp_generate_messages_py
[1.315s] [  0%] Built target autoware_msgs_generate_messages_eus
[1.315s] [  0%] Built target actionlib_msgs_generate_messages_cpp
[1.315s] [  0%] Built target jsk_footstep_msgs_generate_messages_cpp
[1.315s] [  0%] Built target roscpp_generate_messages_lisp
[1.315s] [  0%] Built target roscpp_generate_messages_eus
[1.315s] [  0%] Built target jsk_footstep_msgs_generate_messages_eus
[1.317s] [  0%] Built target tf_generate_messages_nodejs
[1.317s] [  0%] Built target tf_generate_messages_lisp
[1.320s] [  0%] Built target jsk_footstep_msgs_generate_messages_lisp
[1.320s] [  0%] Built target actionlib_msgs_generate_messages_eus
[1.320s] [  0%] Built target actionlib_msgs_generate_messages_lisp
[1.320s] [  0%] Built target jsk_recognition_msgs_generate_messages_nodejs
[1.320s] [  0%] Built target tf_generate_messages_eus
[1.320s] [  0%] Built target vector_map_server_generate_messages_lisp
[1.322s] [  0%] Built target jsk_footstep_msgs_generate_messages_nodejs
[1.322s] [  0%] Built target rosgraph_msgs_generate_messages_py
[1.322s] [  0%] Built target rosgraph_msgs_generate_messages_lisp
[1.322s] [  0%] Built target vector_map_server_generate_messages_py
[1.346s] [  0%] Built target tf2_msgs_generate_messages_py
[1.346s] [  0%] Built target actionlib_generate_messages_nodejs
[1.346s] [  0%] Built target pcl_msgs_generate_messages_py
[1.346s] [  0%] Built target geometry_msgs_generate_messages_cpp
[1.347s] [  0%] Built target actionlib_generate_messages_lisp
[1.347s] [  0%] Built target tf_generate_messages_cpp
[1.347s] [  0%] Built target actionlib_generate_messages_eus
[1.347s] [  0%] Built target tf2_msgs_generate_messages_nodejs
[1.347s] [  0%] Built target actionlib_generate_messages_py
[1.347s] [  0%] Built target visualization_msgs_generate_messages_cpp
[1.347s] [  0%] Built target vector_map_server_generate_messages_cpp
[1.347s] [  0%] Built target pcl_msgs_generate_messages_lisp
[1.348s] [  0%] Built target vector_map_msgs_generate_messages_cpp
[1.348s] [  0%] Built target tf2_msgs_generate_messages_eus
[1.349s] [  0%] Built target visualization_msgs_generate_messages_eus
[1.350s] [  0%] Built target tf2_msgs_generate_messages_lisp
[1.355s] [  0%] Built target visualization_msgs_generate_messages_py
[1.427s] [100%] Built target ff_waypoint_follower
[1.712s] Install the project...
[1.816s] -- Install configuration: "Release"
[1.816s] -- Up-to-date: /home/autoware/Autoware/install/ff_waypoint_follower/lib/pkgconfig/ff_waypoint_follower.pc
[1.827s] -- Up-to-date: /home/autoware/Autoware/install/ff_waypoint_follower/share/ff_waypoint_follower/cmake/ff_waypoint_followerConfig.cmake
[1.828s] -- Up-to-date: /home/autoware/Autoware/install/ff_waypoint_follower/share/ff_waypoint_follower/cmake/ff_waypoint_followerConfig-version.cmake
[1.830s] -- Up-to-date: /home/autoware/Autoware/install/ff_waypoint_follower/share/ff_waypoint_follower/package.xml
[1.831s] -- Up-to-date: /home/autoware/Autoware/install/ff_waypoint_follower/lib/ff_waypoint_follower/ff_waypoint_follower
[1.837s] -- Up-to-date: /home/autoware/Autoware/install/ff_waypoint_follower/share/ff_waypoint_follower/launch
[1.838s] -- Up-to-date: /home/autoware/Autoware/install/ff_waypoint_follower/share/ff_waypoint_follower/launch/ffwaypointfollower_robot.launch
[1.839s] -- Up-to-date: /home/autoware/Autoware/install/ff_waypoint_follower/share/ff_waypoint_follower/launch/ffwaypointfollower_car.launch
[1.840s] -- Up-to-date: /home/autoware/Autoware/install/ff_waypoint_follower/share/ff_waypoint_follower/params
[1.841s] -- Up-to-date: /home/autoware/Autoware/install/ff_waypoint_follower/share/ff_waypoint_follower/params/config.yaml
[1.847s] Invoked command in '/home/autoware/Autoware/build/ff_waypoint_follower' returned '0': CMAKE_PREFIX_PATH=/home/autoware/Autoware/install/op_simu:/home/autoware/Autoware/install/op_planner:/home/autoware/Autoware/install/op_utility:/home/autoware/Autoware/install/map_file:/home/autoware/Autoware/install/vector_map_server:/home/autoware/Autoware/install/libwaypoint_follower:/home/autoware/Autoware/install/lanelet2_extension:/home/autoware/Autoware/install/vector_map:/home/autoware/Autoware/install/amathutils_lib:/home/autoware/Autoware/install/vector_map_msgs:/home/autoware/Autoware/install/autoware_msgs:/home/autoware/Autoware/install/autoware_lanelet2_msgs:/home/autoware/Autoware/install/autoware_build_flags:${CMAKE_PREFIX_PATH} LD_LIBRARY_PATH=/home/autoware/Autoware/install/op_simu/lib:/home/autoware/Autoware/install/op_planner/lib:/home/autoware/Autoware/install/op_utility/lib:/home/autoware/Autoware/install/map_file/lib:/home/autoware/Autoware/install/libwaypoint_follower/lib:/home/autoware/Autoware/install/lanelet2_extension/lib:/home/autoware/Autoware/install/vector_map/lib:/home/autoware/Autoware/install/amathutils_lib/lib:${LD_LIBRARY_PATH} PKG_CONFIG_PATH=/home/autoware/Autoware/install/op_simu/lib/x86_64-linux-gnu/pkgconfig:/home/autoware/Autoware/install/op_simu/lib/pkgconfig:/home/autoware/Autoware/install/op_planner/lib/x86_64-linux-gnu/pkgconfig:/home/autoware/Autoware/install/op_planner/lib/pkgconfig:/home/autoware/Autoware/install/op_utility/lib/x86_64-linux-gnu/pkgconfig:/home/autoware/Autoware/install/op_utility/lib/pkgconfig:/home/autoware/Autoware/install/map_file/lib/x86_64-linux-gnu/pkgconfig:/home/autoware/Autoware/install/map_file/lib/pkgconfig:/home/autoware/Autoware/install/vector_map_server/lib/x86_64-linux-gnu/pkgconfig:/home/autoware/Autoware/install/vector_map_server/lib/pkgconfig:/home/autoware/Autoware/install/libwaypoint_follower/lib/x86_64-linux-gnu/pkgconfig:/home/autoware/Autoware/install/libwaypoint_follower/lib/pkgconfig:/home/autoware/Autoware/install/lanelet2_extension/lib/x86_64-linux-gnu/pkgconfig:/home/autoware/Autoware/install/lanelet2_extension/lib/pkgconfig:/home/autoware/Autoware/install/vector_map/lib/x86_64-linux-gnu/pkgconfig:/home/autoware/Autoware/install/vector_map/lib/pkgconfig:/home/autoware/Autoware/install/amathutils_lib/lib/x86_64-linux-gnu/pkgconfig:/home/autoware/Autoware/install/amathutils_lib/lib/pkgconfig:/home/autoware/Autoware/install/vector_map_msgs/lib/x86_64-linux-gnu/pkgconfig:/home/autoware/Autoware/install/vector_map_msgs/lib/pkgconfig:/home/autoware/Autoware/install/autoware_msgs/lib/x86_64-linux-gnu/pkgconfig:/home/autoware/Autoware/install/autoware_msgs/lib/pkgconfig:/home/autoware/Autoware/install/autoware_lanelet2_msgs/lib/x86_64-linux-gnu/pkgconfig:/home/autoware/Autoware/install/autoware_lanelet2_msgs/lib/pkgconfig:/home/autoware/Autoware/install/autoware_build_flags/lib/x86_64-linux-gnu/pkgconfig:/home/autoware/Autoware/install/autoware_build_flags/lib/pkgconfig:${PKG_CONFIG_PATH} PYTHONPATH=/home/autoware/Autoware/install/vector_map_server/lib/python2.7/dist-packages:/home/autoware/Autoware/install/vector_map_msgs/lib/python2.7/dist-packages:/home/autoware/Autoware/install/autoware_msgs/lib/python2.7/dist-packages:/home/autoware/Autoware/install/autoware_lanelet2_msgs/lib/python2.7/dist-packages:${PYTHONPATH} ROS_PACKAGE_PATH=/home/autoware/Autoware/install/op_simu/share:/home/autoware/Autoware/install/op_planner/share:/home/autoware/Autoware/install/op_utility/share:/home/autoware/Autoware/install/map_file/share:/home/autoware/Autoware/install/vector_map_server/share:/home/autoware/Autoware/install/libwaypoint_follower/share:/home/autoware/Autoware/install/lanelet2_extension/share:/home/autoware/Autoware/install/vector_map/share:/home/autoware/Autoware/install/amathutils_lib/share:/home/autoware/Autoware/install/vector_map_msgs/share:/home/autoware/Autoware/install/autoware_msgs/share:/home/autoware/Autoware/install/autoware_lanelet2_msgs/share:/home/autoware/Autoware/install/autoware_build_flags/share:${ROS_PACKAGE_PATH} /usr/bin/cmake --build /home/autoware/Autoware/build/ff_waypoint_follower --target install -- -j32 -l32
