[0.239s] Invoking command in '/home/autoware/Autoware/build/ros_observer': /usr/bin/cmake --build /home/autoware/Autoware/build/ros_observer -- -j32 -l32
[0.816s] [  0%] Built target rosgraph_msgs_generate_messages_lisp
[0.816s] [  0%] Built target roscpp_generate_messages_nodejs
[0.816s] [  0%] Built target roscpp_generate_messages_py
[0.817s] [  0%] Built target std_msgs_generate_messages_eus
[0.817s] [  0%] Built target std_msgs_generate_messages_nodejs
[0.817s] [  0%] Built target rosgraph_msgs_generate_messages_cpp
[0.817s] [  0%] Built target roscpp_generate_messages_cpp
[0.817s] [  0%] Built target std_msgs_generate_messages_cpp
[0.817s] [  0%] Built target rosgraph_msgs_generate_messages_py
[0.817s] [  0%] Built target std_msgs_generate_messages_lisp
[0.817s] [  0%] Built target rosgraph_msgs_generate_messages_eus
[0.817s] [  0%] Built target rosgraph_msgs_generate_messages_nodejs
[0.818s] [  0%] Built target std_msgs_generate_messages_py
[0.818s] [  0%] Built target roscpp_generate_messages_eus
[0.818s] [  0%] Built target roscpp_generate_messages_lisp
[0.818s] [ 50%] Built target ros_observer
[0.818s] [100%] Built target lib_ros_observer
[0.846s] Invoked command in '/home/autoware/Autoware/build/ros_observer' returned '0': /usr/bin/cmake --build /home/autoware/Autoware/build/ros_observer -- -j32 -l32
[1.034s] Invoking command in '/home/autoware/Autoware/build/ros_observer': /usr/bin/cmake --build /home/autoware/Autoware/build/ros_observer --target tests -- -j32 -l32
[1.152s] [  0%] Built target rosgraph_msgs_generate_messages_lisp
[1.152s] [  0%] Built target rosgraph_msgs_generate_messages_nodejs
[1.152s] [  0%] Built target rosgraph_msgs_generate_messages_py
[1.152s] [ 33%] Built target gtest
[1.152s] [ 33%] Built target std_msgs_generate_messages_py
[1.153s] [ 33%] Built target rosgraph_msgs_generate_messages_eus
[1.153s] [ 33%] Built target roscpp_generate_messages_lisp
[1.153s] [ 33%] Built target std_msgs_generate_messages_nodejs
[1.153s] [ 33%] Built target roscpp_generate_messages_eus
[1.153s] [ 33%] Built target roscpp_generate_messages_cpp
[1.153s] [ 33%] Built target std_msgs_generate_messages_lisp
[1.153s] [ 33%] Built target roscpp_generate_messages_nodejs
[1.153s] [ 33%] Built target rosgraph_msgs_generate_messages_cpp
[1.153s] [ 33%] Built target std_msgs_generate_messages_eus
[1.153s] [ 33%] Built target std_msgs_generate_messages_cpp
[1.153s] [ 33%] Built target roscpp_generate_messages_py
[1.190s] [ 66%] Built target lib_ros_observer
[1.231s] [100%] Built target test_ros_observer
[1.250s] [100%] Built target tests
[1.299s] Invoked command in '/home/autoware/Autoware/build/ros_observer' returned '0': /usr/bin/cmake --build /home/autoware/Autoware/build/ros_observer --target tests -- -j32 -l32
[1.623s] Invoking command in '/home/autoware/Autoware/build/ros_observer': /usr/bin/cmake --build /home/autoware/Autoware/build/ros_observer --target install -- -j32 -l32
[1.996s] [  0%] Built target std_msgs_generate_messages_nodejs
[1.999s] [  0%] Built target std_msgs_generate_messages_cpp
[1.999s] [  0%] Built target rosgraph_msgs_generate_messages_nodejs
[1.999s] [  0%] Built target rosgraph_msgs_generate_messages_eus
[2.000s] [  0%] Built target roscpp_generate_messages_cpp
[2.000s] [  0%] Built target roscpp_generate_messages_eus
[2.000s] [  0%] Built target roscpp_generate_messages_py
[2.002s] [  0%] Built target std_msgs_generate_messages_lisp
[2.002s] [  0%] Built target rosgraph_msgs_generate_messages_py
[2.002s] [  0%] Built target std_msgs_generate_messages_py
[2.002s] [  0%] Built target roscpp_generate_messages_nodejs
[2.003s] [  0%] Built target roscpp_generate_messages_lisp
[2.003s] [  0%] Built target std_msgs_generate_messages_eus
[2.003s] [  0%] Built target rosgraph_msgs_generate_messages_lisp
[2.005s] [  0%] Built target rosgraph_msgs_generate_messages_cpp
[2.008s] [ 50%] Built target lib_ros_observer
[2.008s] [100%] Built target ros_observer
[2.009s] Install the project...
[2.009s] -- Install configuration: "Release"
[2.009s] -- Up-to-date: /home/autoware/Autoware/install/ros_observer/lib/pkgconfig/ros_observer.pc
[2.009s] -- Up-to-date: /home/autoware/Autoware/install/ros_observer/share/ros_observer/cmake/ros_observerConfig.cmake
[2.009s] -- Up-to-date: /home/autoware/Autoware/install/ros_observer/share/ros_observer/cmake/ros_observerConfig-version.cmake
[2.011s] -- Up-to-date: /home/autoware/Autoware/install/ros_observer/share/ros_observer/package.xml
[2.012s] -- Up-to-date: /home/autoware/Autoware/install/ros_observer/include/ros_observer
[2.012s] -- Up-to-date: /home/autoware/Autoware/install/ros_observer/include/ros_observer/ros_observer.h
[2.012s] -- Up-to-date: /home/autoware/Autoware/install/ros_observer/include/ros_observer/lib_ros_observer.h
[2.012s] -- Up-to-date: /home/autoware/Autoware/install/ros_observer/lib/ros_observer/ros_observer
[2.012s] -- Up-to-date: /home/autoware/Autoware/install/ros_observer/lib/liblib_ros_observer.so
[2.012s] -- Up-to-date: /home/autoware/Autoware/install/ros_observer/share/ros_observer/launch
[2.014s] -- Up-to-date: /home/autoware/Autoware/install/ros_observer/share/ros_observer/launch/test.launch
[2.014s] -- Up-to-date: /home/autoware/Autoware/install/ros_observer/share/ros_observer/launch/ros_observer.launch
[2.357s] Invoked command in '/home/autoware/Autoware/build/ros_observer' returned '0': /usr/bin/cmake --build /home/autoware/Autoware/build/ros_observer --target install -- -j32 -l32
