[0.326s] Invoking command in '/home/autoware/Autoware/build/pure_pursuit': CMAKE_PREFIX_PATH=/home/autoware/Autoware/install/libwaypoint_follower:/home/autoware/Autoware/install/autoware_health_checker:/home/autoware/Autoware/install/amathutils_lib:/home/autoware/Autoware/install/ros_observer:/home/autoware/Autoware/install/autoware_system_msgs:/home/autoware/Autoware/install/autoware_msgs:/home/autoware/Autoware/install/autoware_config_msgs:/home/autoware/Autoware/install/autoware_build_flags:${CMAKE_PREFIX_PATH} LD_LIBRARY_PATH=/home/autoware/Autoware/install/libwaypoint_follower/lib:/home/autoware/Autoware/install/autoware_health_checker/lib:/home/autoware/Autoware/install/amathutils_lib/lib:/home/autoware/Autoware/install/ros_observer/lib:${LD_LIBRARY_PATH} PKG_CONFIG_PATH=/home/autoware/Autoware/install/libwaypoint_follower/lib/x86_64-linux-gnu/pkgconfig:/home/autoware/Autoware/install/libwaypoint_follower/lib/pkgconfig:/home/autoware/Autoware/install/autoware_health_checker/lib/x86_64-linux-gnu/pkgconfig:/home/autoware/Autoware/install/autoware_health_checker/lib/pkgconfig:/home/autoware/Autoware/install/amathutils_lib/lib/x86_64-linux-gnu/pkgconfig:/home/autoware/Autoware/install/amathutils_lib/lib/pkgconfig:/home/autoware/Autoware/install/ros_observer/lib/x86_64-linux-gnu/pkgconfig:/home/autoware/Autoware/install/ros_observer/lib/pkgconfig:/home/autoware/Autoware/install/autoware_system_msgs/lib/x86_64-linux-gnu/pkgconfig:/home/autoware/Autoware/install/autoware_system_msgs/lib/pkgconfig:/home/autoware/Autoware/install/autoware_msgs/lib/x86_64-linux-gnu/pkgconfig:/home/autoware/Autoware/install/autoware_msgs/lib/pkgconfig:/home/autoware/Autoware/install/autoware_config_msgs/lib/x86_64-linux-gnu/pkgconfig:/home/autoware/Autoware/install/autoware_config_msgs/lib/pkgconfig:/home/autoware/Autoware/install/autoware_build_flags/lib/x86_64-linux-gnu/pkgconfig:/home/autoware/Autoware/install/autoware_build_flags/lib/pkgconfig:${PKG_CONFIG_PATH} PYTHONPATH=/home/autoware/Autoware/install/autoware_system_msgs/lib/python2.7/dist-packages:/home/autoware/Autoware/install/autoware_msgs/lib/python2.7/dist-packages:/home/autoware/Autoware/install/autoware_config_msgs/lib/python2.7/dist-packages:${PYTHONPATH} ROS_PACKAGE_PATH=/home/autoware/Autoware/install/libwaypoint_follower/share:/home/autoware/Autoware/install/autoware_health_checker/share:/home/autoware/Autoware/install/amathutils_lib/share:/home/autoware/Autoware/install/ros_observer/share:/home/autoware/Autoware/install/autoware_system_msgs/share:/home/autoware/Autoware/install/autoware_msgs/share:/home/autoware/Autoware/install/autoware_config_msgs/share:/home/autoware/Autoware/install/autoware_build_flags/share:${ROS_PACKAGE_PATH} /usr/bin/cmake --build /home/autoware/Autoware/build/pure_pursuit -- -j32 -l32
[0.666s] [  0%] Built target sensor_msgs_generate_messages_nodejs
[0.666s] [  0%] Built target autoware_config_msgs_generate_messages_lisp
[0.666s] [  0%] Built target std_msgs_generate_messages_py
[0.666s] [  0%] Built target sensor_msgs_generate_messages_cpp
[0.666s] [  0%] Built target roscpp_generate_messages_cpp
[0.666s] [  0%] Built target jsk_recognition_msgs_generate_messages_py
[0.666s] [  0%] Built target sensor_msgs_generate_messages_lisp
[0.667s] [  0%] Built target sensor_msgs_generate_messages_py
[0.667s] [  0%] Built target roscpp_generate_messages_nodejs
[0.667s] [  0%] Built target actionlib_generate_messages_cpp
[0.667s] [  0%] Built target sensor_msgs_generate_messages_eus
[0.667s] [  0%] Built target autoware_system_msgs_generate_messages_py
[0.667s] [  0%] Built target autoware_system_msgs_generate_messages_lisp
[0.667s] [  0%] Built target jsk_footstep_msgs_generate_messages_py
[0.667s] [  0%] Built target tf2_msgs_generate_messages_cpp
[0.667s] [  0%] Built target jsk_recognition_msgs_generate_messages_eus
[0.667s] [  0%] Built target tf_generate_messages_py
[0.667s] [  0%] Built target geometry_msgs_generate_messages_eus
[0.667s] [  0%] Built target pcl_msgs_generate_messages_nodejs
[0.667s] [  0%] Built target autoware_system_msgs_generate_messages_cpp
[0.668s] [  0%] Built target autoware_msgs_generate_messages_py
[0.668s] [  0%] Built target jsk_recognition_msgs_generate_messages_lisp
[0.668s] [  0%] Built target autoware_msgs_generate_messages_cpp
[0.668s] [  0%] Built target actionlib_msgs_generate_messages_nodejs
[0.668s] [  0%] Built target geometry_msgs_generate_messages_nodejs
[0.668s] [  0%] Built target rosgraph_msgs_generate_messages_eus
[0.668s] [  0%] Built target _catkin_empty_exported_target
[0.668s] [  0%] Built target actionlib_msgs_generate_messages_py
[0.668s] [  0%] Built target jsk_footstep_msgs_generate_messages_eus
[0.668s] [  0%] Built target std_msgs_generate_messages_cpp
[0.673s] [  0%] Built target pcl_msgs_generate_messages_eus
[0.673s] [  0%] Built target std_msgs_generate_messages_nodejs
[0.673s] [  0%] Built target geometry_msgs_generate_messages_py
[0.674s] [  0%] Built target rosgraph_msgs_generate_messages_cpp
[0.674s] [  0%] Built target roscpp_generate_messages_py
[0.674s] [  0%] Built target autoware_msgs_generate_messages_nodejs
[0.674s] [  0%] Built target pcl_msgs_generate_messages_cpp
[0.674s] [  0%] Built target std_msgs_generate_messages_lisp
[0.674s] [  0%] Built target jsk_recognition_msgs_generate_messages_cpp
[0.674s] [  0%] Built target autoware_system_msgs_generate_messages_nodejs
[0.674s] [  0%] Built target autoware_msgs_generate_messages_eus
[0.674s] [  0%] Built target autoware_msgs_generate_messages_lisp
[0.674s] [  0%] Built target actionlib_msgs_generate_messages_lisp
[0.675s] [  0%] Built target geometry_msgs_generate_messages_lisp
[0.676s] [  0%] Built target roscpp_generate_messages_lisp
[0.676s] [  0%] Built target std_msgs_generate_messages_eus
[0.676s] [  0%] Built target jsk_recognition_msgs_generate_messages_nodejs
[0.689s] [  0%] Built target actionlib_msgs_generate_messages_cpp
[0.689s] [  0%] Built target rosgraph_msgs_generate_messages_lisp
[0.689s] [  0%] Built target tf_generate_messages_nodejs
[0.695s] [  0%] Built target pcl_msgs_generate_messages_py
[0.702s] [  0%] Built target geometry_msgs_generate_messages_cpp
[0.709s] [  0%] Built target tf2_msgs_generate_messages_eus
[0.728s] [  0%] Built target autoware_system_msgs_generate_messages_eus
[0.734s] [  0%] Built target autoware_config_msgs_generate_messages_nodejs
[0.736s] [  0%] Built target actionlib_generate_messages_eus
[0.737s] [  0%] Built target rosgraph_msgs_generate_messages_nodejs
[0.737s] [  0%] Built target jsk_footstep_msgs_generate_messages_lisp
[0.738s] [  0%] Built target autoware_config_msgs_generate_messages_eus
[0.740s] [  0%] Built target jsk_footstep_msgs_generate_messages_cpp
[0.744s] [  0%] Built target autoware_config_msgs_generate_messages_py
[0.753s] [  0%] Built target tf_generate_messages_eus
[0.754s] [  0%] Built target autoware_config_msgs_generate_messages_cpp
[0.765s] [  0%] Built target roscpp_generate_messages_eus
[0.765s] [  0%] Built target jsk_footstep_msgs_generate_messages_nodejs
[0.769s] [  0%] Built target actionlib_msgs_generate_messages_eus
[0.774s] [  0%] Built target tf_generate_messages_lisp
[0.779s] [  0%] Built target rosgraph_msgs_generate_messages_py
[0.784s] [  0%] Built target tf_generate_messages_cpp
[0.802s] [  0%] Built target tf2_msgs_generate_messages_lisp
[0.807s] [  0%] Built target actionlib_generate_messages_lisp
[0.847s] [  0%] Built target pcl_msgs_generate_messages_lisp
[0.903s] [  0%] Built target tf2_msgs_generate_messages_nodejs
[0.918s] [  0%] Built target tf2_msgs_generate_messages_py
[0.927s] [  0%] Built target actionlib_generate_messages_nodejs
[0.983s] [  0%] Built target actionlib_generate_messages_py
[1.524s] [100%] Built target pure_pursuit
[1.548s] Invoked command in '/home/autoware/Autoware/build/pure_pursuit' returned '0': CMAKE_PREFIX_PATH=/home/autoware/Autoware/install/libwaypoint_follower:/home/autoware/Autoware/install/autoware_health_checker:/home/autoware/Autoware/install/amathutils_lib:/home/autoware/Autoware/install/ros_observer:/home/autoware/Autoware/install/autoware_system_msgs:/home/autoware/Autoware/install/autoware_msgs:/home/autoware/Autoware/install/autoware_config_msgs:/home/autoware/Autoware/install/autoware_build_flags:${CMAKE_PREFIX_PATH} LD_LIBRARY_PATH=/home/autoware/Autoware/install/libwaypoint_follower/lib:/home/autoware/Autoware/install/autoware_health_checker/lib:/home/autoware/Autoware/install/amathutils_lib/lib:/home/autoware/Autoware/install/ros_observer/lib:${LD_LIBRARY_PATH} PKG_CONFIG_PATH=/home/autoware/Autoware/install/libwaypoint_follower/lib/x86_64-linux-gnu/pkgconfig:/home/autoware/Autoware/install/libwaypoint_follower/lib/pkgconfig:/home/autoware/Autoware/install/autoware_health_checker/lib/x86_64-linux-gnu/pkgconfig:/home/autoware/Autoware/install/autoware_health_checker/lib/pkgconfig:/home/autoware/Autoware/install/amathutils_lib/lib/x86_64-linux-gnu/pkgconfig:/home/autoware/Autoware/install/amathutils_lib/lib/pkgconfig:/home/autoware/Autoware/install/ros_observer/lib/x86_64-linux-gnu/pkgconfig:/home/autoware/Autoware/install/ros_observer/lib/pkgconfig:/home/autoware/Autoware/install/autoware_system_msgs/lib/x86_64-linux-gnu/pkgconfig:/home/autoware/Autoware/install/autoware_system_msgs/lib/pkgconfig:/home/autoware/Autoware/install/autoware_msgs/lib/x86_64-linux-gnu/pkgconfig:/home/autoware/Autoware/install/autoware_msgs/lib/pkgconfig:/home/autoware/Autoware/install/autoware_config_msgs/lib/x86_64-linux-gnu/pkgconfig:/home/autoware/Autoware/install/autoware_config_msgs/lib/pkgconfig:/home/autoware/Autoware/install/autoware_build_flags/lib/x86_64-linux-gnu/pkgconfig:/home/autoware/Autoware/install/autoware_build_flags/lib/pkgconfig:${PKG_CONFIG_PATH} PYTHONPATH=/home/autoware/Autoware/install/autoware_system_msgs/lib/python2.7/dist-packages:/home/autoware/Autoware/install/autoware_msgs/lib/python2.7/dist-packages:/home/autoware/Autoware/install/autoware_config_msgs/lib/python2.7/dist-packages:${PYTHONPATH} ROS_PACKAGE_PATH=/home/autoware/Autoware/install/libwaypoint_follower/share:/home/autoware/Autoware/install/autoware_health_checker/share:/home/autoware/Autoware/install/amathutils_lib/share:/home/autoware/Autoware/install/ros_observer/share:/home/autoware/Autoware/install/autoware_system_msgs/share:/home/autoware/Autoware/install/autoware_msgs/share:/home/autoware/Autoware/install/autoware_config_msgs/share:/home/autoware/Autoware/install/autoware_build_flags/share:${ROS_PACKAGE_PATH} /usr/bin/cmake --build /home/autoware/Autoware/build/pure_pursuit -- -j32 -l32
[1.997s] Invoking command in '/home/autoware/Autoware/build/pure_pursuit': CMAKE_PREFIX_PATH=/home/autoware/Autoware/install/libwaypoint_follower:/home/autoware/Autoware/install/autoware_health_checker:/home/autoware/Autoware/install/amathutils_lib:/home/autoware/Autoware/install/ros_observer:/home/autoware/Autoware/install/autoware_system_msgs:/home/autoware/Autoware/install/autoware_msgs:/home/autoware/Autoware/install/autoware_config_msgs:/home/autoware/Autoware/install/autoware_build_flags:${CMAKE_PREFIX_PATH} LD_LIBRARY_PATH=/home/autoware/Autoware/install/libwaypoint_follower/lib:/home/autoware/Autoware/install/autoware_health_checker/lib:/home/autoware/Autoware/install/amathutils_lib/lib:/home/autoware/Autoware/install/ros_observer/lib:${LD_LIBRARY_PATH} PKG_CONFIG_PATH=/home/autoware/Autoware/install/libwaypoint_follower/lib/x86_64-linux-gnu/pkgconfig:/home/autoware/Autoware/install/libwaypoint_follower/lib/pkgconfig:/home/autoware/Autoware/install/autoware_health_checker/lib/x86_64-linux-gnu/pkgconfig:/home/autoware/Autoware/install/autoware_health_checker/lib/pkgconfig:/home/autoware/Autoware/install/amathutils_lib/lib/x86_64-linux-gnu/pkgconfig:/home/autoware/Autoware/install/amathutils_lib/lib/pkgconfig:/home/autoware/Autoware/install/ros_observer/lib/x86_64-linux-gnu/pkgconfig:/home/autoware/Autoware/install/ros_observer/lib/pkgconfig:/home/autoware/Autoware/install/autoware_system_msgs/lib/x86_64-linux-gnu/pkgconfig:/home/autoware/Autoware/install/autoware_system_msgs/lib/pkgconfig:/home/autoware/Autoware/install/autoware_msgs/lib/x86_64-linux-gnu/pkgconfig:/home/autoware/Autoware/install/autoware_msgs/lib/pkgconfig:/home/autoware/Autoware/install/autoware_config_msgs/lib/x86_64-linux-gnu/pkgconfig:/home/autoware/Autoware/install/autoware_config_msgs/lib/pkgconfig:/home/autoware/Autoware/install/autoware_build_flags/lib/x86_64-linux-gnu/pkgconfig:/home/autoware/Autoware/install/autoware_build_flags/lib/pkgconfig:${PKG_CONFIG_PATH} PYTHONPATH=/home/autoware/Autoware/install/autoware_system_msgs/lib/python2.7/dist-packages:/home/autoware/Autoware/install/autoware_msgs/lib/python2.7/dist-packages:/home/autoware/Autoware/install/autoware_config_msgs/lib/python2.7/dist-packages:${PYTHONPATH} ROS_PACKAGE_PATH=/home/autoware/Autoware/install/libwaypoint_follower/share:/home/autoware/Autoware/install/autoware_health_checker/share:/home/autoware/Autoware/install/amathutils_lib/share:/home/autoware/Autoware/install/ros_observer/share:/home/autoware/Autoware/install/autoware_system_msgs/share:/home/autoware/Autoware/install/autoware_msgs/share:/home/autoware/Autoware/install/autoware_config_msgs/share:/home/autoware/Autoware/install/autoware_build_flags/share:${ROS_PACKAGE_PATH} /usr/bin/cmake --build /home/autoware/Autoware/build/pure_pursuit --target tests -- -j32 -l32
[2.166s] [  0%] Built target actionlib_generate_messages_cpp
[2.166s] [  0%] Built target jsk_footstep_msgs_generate_messages_py
[2.166s] [  0%] Built target sensor_msgs_generate_messages_cpp
[2.167s] [  0%] Built target actionlib_msgs_generate_messages_nodejs
[2.167s] [  0%] Built target autoware_system_msgs_generate_messages_py
[2.173s] [  0%] Built target geometry_msgs_generate_messages_py
[2.177s] [  0%] Built target std_msgs_generate_messages_cpp
[2.177s] [  0%] Built target sensor_msgs_generate_messages_py
[2.178s] [  0%] Built target roscpp_generate_messages_nodejs
[2.181s] [  0%] Built target std_msgs_generate_messages_nodejs
[2.184s] [  0%] Built target geometry_msgs_generate_messages_eus
[2.188s] [  0%] Built target jsk_recognition_msgs_generate_messages_lisp
[2.188s] [  0%] Built target autoware_msgs_generate_messages_py
[2.206s] [  0%] Built target rosgraph_msgs_generate_messages_eus
[2.206s] [  0%] Built target autoware_system_msgs_generate_messages_lisp
[2.206s] [  0%] Built target rosgraph_msgs_generate_messages_cpp
[2.206s] [  0%] Built target tf_generate_messages_py
[2.206s] [ 28%] Built target gtest
[2.206s] [ 28%] Built target pcl_msgs_generate_messages_nodejs
[2.206s] [ 28%] Built target roscpp_generate_messages_cpp
[2.206s] [ 28%] Built target std_msgs_generate_messages_lisp
[2.211s] [ 28%] Built target std_msgs_generate_messages_py
[2.213s] [ 28%] Built target sensor_msgs_generate_messages_eus
[2.214s] [ 28%] Built target tf2_msgs_generate_messages_cpp
[2.215s] [ 28%] Built target sensor_msgs_generate_messages_nodejs
[2.217s] [ 28%] Built target autoware_msgs_generate_messages_cpp
[2.224s] [ 28%] Built target _catkin_empty_exported_target
[2.232s] [ 28%] Built target autoware_system_msgs_generate_messages_cpp
[2.236s] [ 28%] Built target geometry_msgs_generate_messages_nodejs
[2.242s] [ 28%] Built target geometry_msgs_generate_messages_lisp
[2.247s] [ 28%] Built target jsk_recognition_msgs_generate_messages_py
[2.250s] [ 28%] Built target jsk_recognition_msgs_generate_messages_eus
[2.257s] [ 28%] Built target jsk_footstep_msgs_generate_messages_eus
[2.258s] [ 28%] Built target actionlib_msgs_generate_messages_py
[2.262s] [ 28%] Built target jsk_recognition_msgs_generate_messages_cpp
[2.265s] [ 28%] Built target autoware_msgs_generate_messages_nodejs
[2.265s] [ 28%] Built target autoware_system_msgs_generate_messages_nodejs
[2.266s] [ 28%] Built target tf_generate_messages_eus
[2.266s] [ 28%] Built target pcl_msgs_generate_messages_eus
[2.271s] [ 28%] Built target sensor_msgs_generate_messages_lisp
[2.272s] [ 28%] Built target tf_generate_messages_lisp
[2.275s] [ 28%] Built target autoware_config_msgs_generate_messages_eus
[2.276s] [ 28%] Built target tf_generate_messages_nodejs
[2.276s] [ 28%] Built target std_msgs_generate_messages_eus
[2.286s] [ 28%] Built target autoware_msgs_generate_messages_eus
[2.289s] [ 28%] Built target pcl_msgs_generate_messages_cpp
[2.290s] [ 28%] Built target jsk_footstep_msgs_generate_messages_nodejs
[2.292s] [ 28%] Built target actionlib_msgs_generate_messages_cpp
[2.293s] [ 28%] Built target jsk_recognition_msgs_generate_messages_nodejs
[2.295s] [ 28%] Built target autoware_config_msgs_generate_messages_nodejs
[2.296s] [ 28%] Built target jsk_footstep_msgs_generate_messages_lisp
[2.300s] [ 28%] Built target rosgraph_msgs_generate_messages_py
[2.308s] [ 28%] Built target jsk_footstep_msgs_generate_messages_cpp
[2.314s] [ 28%] Built target rosgraph_msgs_generate_messages_nodejs
[2.325s] [ 28%] Built target pcl_msgs_generate_messages_lisp
[2.362s] [ 28%] Built target roscpp_generate_messages_lisp
[2.362s] [ 28%] Built target roscpp_generate_messages_py
[2.362s] [ 28%] Built target roscpp_generate_messages_eus
[2.362s] [ 28%] Built target actionlib_generate_messages_eus
[2.362s] [ 28%] Built target autoware_msgs_generate_messages_lisp
[2.362s] [ 28%] Built target tf2_msgs_generate_messages_lisp
[2.362s] [ 28%] Built target actionlib_msgs_generate_messages_eus
[2.362s] [ 28%] Built target actionlib_msgs_generate_messages_lisp
[2.364s] [ 28%] Built target actionlib_generate_messages_lisp
[2.370s] [ 28%] Built target autoware_config_msgs_generate_messages_py
[2.370s] [ 28%] Built target rosgraph_msgs_generate_messages_lisp
[2.377s] [ 28%] Built target tf2_msgs_generate_messages_nodejs
[2.380s] [ 28%] Built target geometry_msgs_generate_messages_cpp
[2.386s] [ 28%] Built target tf_generate_messages_cpp
[2.396s] [ 28%] Built target tf2_msgs_generate_messages_py
[2.398s] [ 28%] Built target tf2_msgs_generate_messages_eus
[2.399s] [ 28%] Built target actionlib_generate_messages_nodejs
[2.469s] [ 28%] Built target pcl_msgs_generate_messages_py
[2.469s] [ 28%] Built target actionlib_generate_messages_py
[2.469s] [ 28%] Built target autoware_config_msgs_generate_messages_lisp
[2.469s] [ 28%] Built target autoware_system_msgs_generate_messages_eus
[2.475s] [ 28%] Built target autoware_config_msgs_generate_messages_cpp
[2.586s] [100%] Built target test-pure_pursuit
[2.663s] [100%] Built target tests
[2.700s] Invoked command in '/home/autoware/Autoware/build/pure_pursuit' returned '0': CMAKE_PREFIX_PATH=/home/autoware/Autoware/install/libwaypoint_follower:/home/autoware/Autoware/install/autoware_health_checker:/home/autoware/Autoware/install/amathutils_lib:/home/autoware/Autoware/install/ros_observer:/home/autoware/Autoware/install/autoware_system_msgs:/home/autoware/Autoware/install/autoware_msgs:/home/autoware/Autoware/install/autoware_config_msgs:/home/autoware/Autoware/install/autoware_build_flags:${CMAKE_PREFIX_PATH} LD_LIBRARY_PATH=/home/autoware/Autoware/install/libwaypoint_follower/lib:/home/autoware/Autoware/install/autoware_health_checker/lib:/home/autoware/Autoware/install/amathutils_lib/lib:/home/autoware/Autoware/install/ros_observer/lib:${LD_LIBRARY_PATH} PKG_CONFIG_PATH=/home/autoware/Autoware/install/libwaypoint_follower/lib/x86_64-linux-gnu/pkgconfig:/home/autoware/Autoware/install/libwaypoint_follower/lib/pkgconfig:/home/autoware/Autoware/install/autoware_health_checker/lib/x86_64-linux-gnu/pkgconfig:/home/autoware/Autoware/install/autoware_health_checker/lib/pkgconfig:/home/autoware/Autoware/install/amathutils_lib/lib/x86_64-linux-gnu/pkgconfig:/home/autoware/Autoware/install/amathutils_lib/lib/pkgconfig:/home/autoware/Autoware/install/ros_observer/lib/x86_64-linux-gnu/pkgconfig:/home/autoware/Autoware/install/ros_observer/lib/pkgconfig:/home/autoware/Autoware/install/autoware_system_msgs/lib/x86_64-linux-gnu/pkgconfig:/home/autoware/Autoware/install/autoware_system_msgs/lib/pkgconfig:/home/autoware/Autoware/install/autoware_msgs/lib/x86_64-linux-gnu/pkgconfig:/home/autoware/Autoware/install/autoware_msgs/lib/pkgconfig:/home/autoware/Autoware/install/autoware_config_msgs/lib/x86_64-linux-gnu/pkgconfig:/home/autoware/Autoware/install/autoware_config_msgs/lib/pkgconfig:/home/autoware/Autoware/install/autoware_build_flags/lib/x86_64-linux-gnu/pkgconfig:/home/autoware/Autoware/install/autoware_build_flags/lib/pkgconfig:${PKG_CONFIG_PATH} PYTHONPATH=/home/autoware/Autoware/install/autoware_system_msgs/lib/python2.7/dist-packages:/home/autoware/Autoware/install/autoware_msgs/lib/python2.7/dist-packages:/home/autoware/Autoware/install/autoware_config_msgs/lib/python2.7/dist-packages:${PYTHONPATH} ROS_PACKAGE_PATH=/home/autoware/Autoware/install/libwaypoint_follower/share:/home/autoware/Autoware/install/autoware_health_checker/share:/home/autoware/Autoware/install/amathutils_lib/share:/home/autoware/Autoware/install/ros_observer/share:/home/autoware/Autoware/install/autoware_system_msgs/share:/home/autoware/Autoware/install/autoware_msgs/share:/home/autoware/Autoware/install/autoware_config_msgs/share:/home/autoware/Autoware/install/autoware_build_flags/share:${ROS_PACKAGE_PATH} /usr/bin/cmake --build /home/autoware/Autoware/build/pure_pursuit --target tests -- -j32 -l32
[2.944s] Invoking command in '/home/autoware/Autoware/build/pure_pursuit': CMAKE_PREFIX_PATH=/home/autoware/Autoware/install/libwaypoint_follower:/home/autoware/Autoware/install/autoware_health_checker:/home/autoware/Autoware/install/amathutils_lib:/home/autoware/Autoware/install/ros_observer:/home/autoware/Autoware/install/autoware_system_msgs:/home/autoware/Autoware/install/autoware_msgs:/home/autoware/Autoware/install/autoware_config_msgs:/home/autoware/Autoware/install/autoware_build_flags:${CMAKE_PREFIX_PATH} LD_LIBRARY_PATH=/home/autoware/Autoware/install/libwaypoint_follower/lib:/home/autoware/Autoware/install/autoware_health_checker/lib:/home/autoware/Autoware/install/amathutils_lib/lib:/home/autoware/Autoware/install/ros_observer/lib:${LD_LIBRARY_PATH} PKG_CONFIG_PATH=/home/autoware/Autoware/install/libwaypoint_follower/lib/x86_64-linux-gnu/pkgconfig:/home/autoware/Autoware/install/libwaypoint_follower/lib/pkgconfig:/home/autoware/Autoware/install/autoware_health_checker/lib/x86_64-linux-gnu/pkgconfig:/home/autoware/Autoware/install/autoware_health_checker/lib/pkgconfig:/home/autoware/Autoware/install/amathutils_lib/lib/x86_64-linux-gnu/pkgconfig:/home/autoware/Autoware/install/amathutils_lib/lib/pkgconfig:/home/autoware/Autoware/install/ros_observer/lib/x86_64-linux-gnu/pkgconfig:/home/autoware/Autoware/install/ros_observer/lib/pkgconfig:/home/autoware/Autoware/install/autoware_system_msgs/lib/x86_64-linux-gnu/pkgconfig:/home/autoware/Autoware/install/autoware_system_msgs/lib/pkgconfig:/home/autoware/Autoware/install/autoware_msgs/lib/x86_64-linux-gnu/pkgconfig:/home/autoware/Autoware/install/autoware_msgs/lib/pkgconfig:/home/autoware/Autoware/install/autoware_config_msgs/lib/x86_64-linux-gnu/pkgconfig:/home/autoware/Autoware/install/autoware_config_msgs/lib/pkgconfig:/home/autoware/Autoware/install/autoware_build_flags/lib/x86_64-linux-gnu/pkgconfig:/home/autoware/Autoware/install/autoware_build_flags/lib/pkgconfig:${PKG_CONFIG_PATH} PYTHONPATH=/home/autoware/Autoware/install/autoware_system_msgs/lib/python2.7/dist-packages:/home/autoware/Autoware/install/autoware_msgs/lib/python2.7/dist-packages:/home/autoware/Autoware/install/autoware_config_msgs/lib/python2.7/dist-packages:${PYTHONPATH} ROS_PACKAGE_PATH=/home/autoware/Autoware/install/libwaypoint_follower/share:/home/autoware/Autoware/install/autoware_health_checker/share:/home/autoware/Autoware/install/amathutils_lib/share:/home/autoware/Autoware/install/ros_observer/share:/home/autoware/Autoware/install/autoware_system_msgs/share:/home/autoware/Autoware/install/autoware_msgs/share:/home/autoware/Autoware/install/autoware_config_msgs/share:/home/autoware/Autoware/install/autoware_build_flags/share:${ROS_PACKAGE_PATH} /usr/bin/cmake --build /home/autoware/Autoware/build/pure_pursuit --target install -- -j32 -l32
[3.104s] [  0%] Built target autoware_config_msgs_generate_messages_lisp
[3.130s] [  0%] Built target std_msgs_generate_messages_cpp
[3.165s] [  0%] Built target rosgraph_msgs_generate_messages_eus
[3.165s] [  0%] Built target sensor_msgs_generate_messages_eus
[3.165s] [  0%] Built target sensor_msgs_generate_messages_cpp
[3.165s] [  0%] Built target autoware_system_msgs_generate_messages_lisp
[3.165s] [  0%] Built target autoware_system_msgs_generate_messages_cpp
[3.165s] [  0%] Built target rosgraph_msgs_generate_messages_cpp
[3.165s] [  0%] Built target jsk_recognition_msgs_generate_messages_py
[3.165s] [  0%] Built target actionlib_msgs_generate_messages_nodejs
[3.166s] [  0%] Built target tf2_msgs_generate_messages_cpp
[3.166s] [  0%] Built target pcl_msgs_generate_messages_eus
[3.166s] [  0%] Built target geometry_msgs_generate_messages_eus
[3.171s] [  0%] Built target roscpp_generate_messages_cpp
[3.174s] [  0%] Built target pcl_msgs_generate_messages_nodejs
[3.176s] [  0%] Built target geometry_msgs_generate_messages_py
[3.176s] [  0%] Built target autoware_msgs_generate_messages_py
[3.176s] [  0%] Built target std_msgs_generate_messages_lisp
[3.179s] [  0%] Built target sensor_msgs_generate_messages_lisp
[3.180s] [  0%] Built target jsk_recognition_msgs_generate_messages_eus
[3.187s] [  0%] Built target _catkin_empty_exported_target
[3.188s] [  0%] Built target tf_generate_messages_py
[3.191s] [  0%] Built target std_msgs_generate_messages_nodejs
[3.197s] [  0%] Built target actionlib_generate_messages_cpp
[3.198s] [  0%] Built target sensor_msgs_generate_messages_nodejs
[3.199s] [  0%] Built target autoware_msgs_generate_messages_cpp
[3.200s] [  0%] Built target autoware_system_msgs_generate_messages_py
[3.202s] [  0%] Built target roscpp_generate_messages_nodejs
[3.204s] [  0%] Built target geometry_msgs_generate_messages_nodejs
[3.205s] [  0%] Built target jsk_recognition_msgs_generate_messages_lisp
[3.205s] [  0%] Built target std_msgs_generate_messages_py
[3.209s] [  0%] Built target sensor_msgs_generate_messages_py
[3.210s] [  0%] Built target jsk_footstep_msgs_generate_messages_py
[3.227s] [  0%] Built target jsk_recognition_msgs_generate_messages_cpp
[3.235s] [  0%] Built target autoware_msgs_generate_messages_nodejs
[3.258s] [  0%] Built target jsk_footstep_msgs_generate_messages_cpp
[3.259s] [  0%] Built target jsk_recognition_msgs_generate_messages_nodejs
[3.260s] [  0%] Built target actionlib_msgs_generate_messages_cpp
[3.263s] [  0%] Built target pcl_msgs_generate_messages_cpp
[3.264s] [  0%] Built target autoware_config_msgs_generate_messages_nodejs
[3.265s] [  0%] Built target actionlib_msgs_generate_messages_py
[3.268s] [  0%] Built target jsk_footstep_msgs_generate_messages_nodejs
[3.269s] [  0%] Built target roscpp_generate_messages_eus
[3.272s] [  0%] Built target roscpp_generate_messages_lisp
[3.274s] [  0%] Built target autoware_config_msgs_generate_messages_eus
[3.276s] [  0%] Built target rosgraph_msgs_generate_messages_lisp
[3.278s] [  0%] Built target actionlib_msgs_generate_messages_eus
[3.281s] [  0%] Built target geometry_msgs_generate_messages_lisp
[3.282s] [  0%] Built target tf_generate_messages_eus
[3.283s] [  0%] Built target autoware_system_msgs_generate_messages_nodejs
[3.288s] [  0%] Built target std_msgs_generate_messages_eus
[3.288s] [  0%] Built target rosgraph_msgs_generate_messages_nodejs
[3.290s] [  0%] Built target actionlib_msgs_generate_messages_lisp
[3.290s] [  0%] Built target jsk_footstep_msgs_generate_messages_eus
[3.291s] [  0%] Built target autoware_msgs_generate_messages_lisp
[3.292s] [  0%] Built target tf_generate_messages_lisp
[3.293s] [  0%] Built target tf_generate_messages_nodejs
[3.297s] [  0%] Built target actionlib_generate_messages_lisp
[3.300s] [  0%] Built target roscpp_generate_messages_py
[3.301s] [  0%] Built target rosgraph_msgs_generate_messages_py
[3.305s] [  0%] Built target autoware_config_msgs_generate_messages_py
[3.309s] [  0%] Built target autoware_config_msgs_generate_messages_cpp
[3.311s] [  0%] Built target jsk_footstep_msgs_generate_messages_lisp
[3.323s] [  0%] Built target actionlib_generate_messages_eus
[3.323s] [  0%] Built target pcl_msgs_generate_messages_py
[3.325s] [  0%] Built target autoware_msgs_generate_messages_eus
[3.327s] [  0%] Built target tf_generate_messages_cpp
[3.334s] [  0%] Built target tf2_msgs_generate_messages_nodejs
[3.335s] [  0%] Built target geometry_msgs_generate_messages_cpp
[3.337s] [  0%] Built target actionlib_generate_messages_py
[3.339s] [  0%] Built target tf2_msgs_generate_messages_py
[3.343s] [  0%] Built target tf2_msgs_generate_messages_lisp
[3.350s] [  0%] Built target pcl_msgs_generate_messages_lisp
[3.355s] [  0%] Built target autoware_system_msgs_generate_messages_eus
[3.357s] [  0%] Built target tf2_msgs_generate_messages_eus
[3.358s] [  0%] Built target actionlib_generate_messages_nodejs
[3.410s] [100%] Built target pure_pursuit
[3.443s] Install the project...
[3.459s] -- Install configuration: "Release"
[3.460s] -- Up-to-date: /home/autoware/Autoware/install/pure_pursuit/lib/pkgconfig/pure_pursuit.pc
[3.460s] -- Up-to-date: /home/autoware/Autoware/install/pure_pursuit/share/pure_pursuit/cmake/pure_pursuitConfig.cmake
[3.461s] -- Up-to-date: /home/autoware/Autoware/install/pure_pursuit/share/pure_pursuit/cmake/pure_pursuitConfig-version.cmake
[3.462s] -- Up-to-date: /home/autoware/Autoware/install/pure_pursuit/share/pure_pursuit/package.xml
[3.463s] -- Up-to-date: /home/autoware/Autoware/install/pure_pursuit/lib/pure_pursuit/pure_pursuit
[3.476s] -- Up-to-date: /home/autoware/Autoware/install/pure_pursuit/share/pure_pursuit/launch
[3.476s] -- Up-to-date: /home/autoware/Autoware/install/pure_pursuit/share/pure_pursuit/launch/pure_pursuit.launch
[3.481s] Invoked command in '/home/autoware/Autoware/build/pure_pursuit' returned '0': CMAKE_PREFIX_PATH=/home/autoware/Autoware/install/libwaypoint_follower:/home/autoware/Autoware/install/autoware_health_checker:/home/autoware/Autoware/install/amathutils_lib:/home/autoware/Autoware/install/ros_observer:/home/autoware/Autoware/install/autoware_system_msgs:/home/autoware/Autoware/install/autoware_msgs:/home/autoware/Autoware/install/autoware_config_msgs:/home/autoware/Autoware/install/autoware_build_flags:${CMAKE_PREFIX_PATH} LD_LIBRARY_PATH=/home/autoware/Autoware/install/libwaypoint_follower/lib:/home/autoware/Autoware/install/autoware_health_checker/lib:/home/autoware/Autoware/install/amathutils_lib/lib:/home/autoware/Autoware/install/ros_observer/lib:${LD_LIBRARY_PATH} PKG_CONFIG_PATH=/home/autoware/Autoware/install/libwaypoint_follower/lib/x86_64-linux-gnu/pkgconfig:/home/autoware/Autoware/install/libwaypoint_follower/lib/pkgconfig:/home/autoware/Autoware/install/autoware_health_checker/lib/x86_64-linux-gnu/pkgconfig:/home/autoware/Autoware/install/autoware_health_checker/lib/pkgconfig:/home/autoware/Autoware/install/amathutils_lib/lib/x86_64-linux-gnu/pkgconfig:/home/autoware/Autoware/install/amathutils_lib/lib/pkgconfig:/home/autoware/Autoware/install/ros_observer/lib/x86_64-linux-gnu/pkgconfig:/home/autoware/Autoware/install/ros_observer/lib/pkgconfig:/home/autoware/Autoware/install/autoware_system_msgs/lib/x86_64-linux-gnu/pkgconfig:/home/autoware/Autoware/install/autoware_system_msgs/lib/pkgconfig:/home/autoware/Autoware/install/autoware_msgs/lib/x86_64-linux-gnu/pkgconfig:/home/autoware/Autoware/install/autoware_msgs/lib/pkgconfig:/home/autoware/Autoware/install/autoware_config_msgs/lib/x86_64-linux-gnu/pkgconfig:/home/autoware/Autoware/install/autoware_config_msgs/lib/pkgconfig:/home/autoware/Autoware/install/autoware_build_flags/lib/x86_64-linux-gnu/pkgconfig:/home/autoware/Autoware/install/autoware_build_flags/lib/pkgconfig:${PKG_CONFIG_PATH} PYTHONPATH=/home/autoware/Autoware/install/autoware_system_msgs/lib/python2.7/dist-packages:/home/autoware/Autoware/install/autoware_msgs/lib/python2.7/dist-packages:/home/autoware/Autoware/install/autoware_config_msgs/lib/python2.7/dist-packages:${PYTHONPATH} ROS_PACKAGE_PATH=/home/autoware/Autoware/install/libwaypoint_follower/share:/home/autoware/Autoware/install/autoware_health_checker/share:/home/autoware/Autoware/install/amathutils_lib/share:/home/autoware/Autoware/install/ros_observer/share:/home/autoware/Autoware/install/autoware_system_msgs/share:/home/autoware/Autoware/install/autoware_msgs/share:/home/autoware/Autoware/install/autoware_config_msgs/share:/home/autoware/Autoware/install/autoware_build_flags/share:${ROS_PACKAGE_PATH} /usr/bin/cmake --build /home/autoware/Autoware/build/pure_pursuit --target install -- -j32 -l32
