[0.337s] Invoking command in '/home/autoware/Autoware/build/autoware_health_checker': CMAKE_PREFIX_PATH=/home/autoware/Autoware/install/ros_observer:/home/autoware/Autoware/install/autoware_system_msgs:${CMAKE_PREFIX_PATH} LD_LIBRARY_PATH=/home/autoware/Autoware/install/ros_observer/lib:${LD_LIBRARY_PATH} PKG_CONFIG_PATH=/home/autoware/Autoware/install/ros_observer/lib/x86_64-linux-gnu/pkgconfig:/home/autoware/Autoware/install/ros_observer/lib/pkgconfig:/home/autoware/Autoware/install/autoware_system_msgs/lib/x86_64-linux-gnu/pkgconfig:/home/autoware/Autoware/install/autoware_system_msgs/lib/pkgconfig:${PKG_CONFIG_PATH} PYTHONPATH=/home/autoware/Autoware/install/autoware_system_msgs/lib/python2.7/dist-packages:${PYTHONPATH} ROS_PACKAGE_PATH=/home/autoware/Autoware/install/ros_observer/share:/home/autoware/Autoware/install/autoware_system_msgs/share:${ROS_PACKAGE_PATH} /usr/bin/cmake --build /home/autoware/Autoware/build/autoware_health_checker -- -j32 -l32
[0.512s] [  0%] Built target actionlib_generate_messages_py
[0.512s] [  0%] Built target visualization_msgs_generate_messages_eus
[0.512s] [  0%] Built target visualization_msgs_generate_messages_py
[0.512s] [  0%] Built target people_msgs_generate_messages_lisp
[0.512s] [  0%] Built target topic_tools_generate_messages_cpp
[0.512s] [  0%] Built target tf_generate_messages_lisp
[0.513s] [  0%] Built target dynamic_reconfigure_generate_messages_nodejs
[0.513s] [  0%] Built target bond_generate_messages_nodejs
[0.513s] [  0%] Built target nav_msgs_generate_messages_nodejs
[0.513s] [  0%] Built target people_msgs_generate_messages_eus
[0.513s] [  0%] Built target std_srvs_generate_messages_nodejs
[0.513s] [  0%] Built target tf2_msgs_generate_messages_nodejs
[0.513s] [  0%] Built target std_srvs_generate_messages_py
[0.513s] [  0%] Built target std_srvs_generate_messages_lisp
[0.513s] [  0%] Built target people_msgs_generate_messages_cpp
[0.513s] [  0%] Built target visualization_msgs_generate_messages_nodejs
[0.513s] [  0%] Built target tf2_msgs_generate_messages_cpp
[0.513s] [  0%] Built target rviz_generate_messages_cpp
[0.514s] [  0%] Built target topic_tools_generate_messages_nodejs
[0.514s] [  0%] Built target topic_tools_generate_messages_eus
[0.514s] [  0%] Built target map_msgs_generate_messages_cpp
[0.514s] [  0%] Built target visualization_msgs_generate_messages_cpp
[0.514s] [  0%] Built target bond_generate_messages_py
[0.514s] [  0%] Built target tf2_msgs_generate_messages_py
[0.514s] [  0%] Built target actionlib_generate_messages_cpp
[0.514s] [  0%] Built target rviz_generate_messages_eus
[0.514s] [  0%] Built target rviz_generate_messages_py
[0.514s] [  0%] Built target bond_generate_messages_lisp
[0.514s] [  0%] Built target tf_generate_messages_nodejs
[0.515s] [  0%] Built target map_msgs_generate_messages_lisp
[0.515s] [  0%] Built target tf2_msgs_generate_messages_eus
[0.515s] [  0%] Built target nav_msgs_generate_messages_eus
[0.515s] [  0%] Built target nodelet_generate_messages_nodejs
[0.515s] [  0%] Built target tf2_msgs_generate_messages_lisp
[0.515s] [  0%] Built target map_msgs_generate_messages_eus
[0.515s] [  0%] Built target jsk_rviz_plugins_gencfg
[0.515s] [  0%] Built target bond_generate_messages_cpp
[0.515s] [  0%] Built target jsk_hark_msgs_generate_messages_eus
[0.515s] [  0%] Built target nodelet_generate_messages_eus
[0.515s] [  0%] Built target dynamic_reconfigure_generate_messages_py
[0.516s] [  0%] Built target nav_msgs_generate_messages_py
[0.516s] [  0%] Built target rviz_generate_messages_lisp
[0.516s] [  0%] Built target jsk_rviz_plugins_generate_messages_py
[0.516s] [  0%] Built target diagnostic_msgs_generate_messages_nodejs
[0.516s] [  0%] Built target dynamic_reconfigure_gencfg
[0.516s] [  0%] Built target nodelet_generate_messages_cpp
[0.516s] [  0%] Built target nodelet_generate_messages_lisp
[0.516s] [  0%] Built target geometry_msgs_generate_messages_eus
[0.516s] [  0%] Built target bond_generate_messages_eus
[0.516s] [  0%] Built target jsk_rviz_plugins_generate_messages_nodejs
[0.516s] [  0%] Built target rviz_generate_messages_nodejs
[0.516s] [  0%] Built target people_msgs_generate_messages_py
[0.517s] [  0%] Built target dynamic_reconfigure_generate_messages_eus
[0.517s] [  0%] Built target diagnostic_msgs_generate_messages_lisp
[0.517s] [  0%] Built target sensor_msgs_generate_messages_lisp
[0.517s] [  0%] Built target std_msgs_generate_messages_eus
[0.517s] [  0%] Built target autoware_system_msgs_generate_messages_cpp
[0.517s] [  0%] Built target visualization_msgs_generate_messages_lisp
[0.517s] [  0%] Built target std_msgs_generate_messages_py
[0.517s] [  0%] Built target std_srvs_generate_messages_cpp
[0.517s] [  0%] Built target roscpp_generate_messages_py
[0.517s] [  0%] Built target sensor_msgs_generate_messages_eus
[0.517s] [  0%] Built target jsk_hark_msgs_generate_messages_nodejs
[0.517s] [  0%] Built target nav_msgs_generate_messages_cpp
[0.518s] [  0%] Built target map_msgs_generate_messages_nodejs
[0.518s] [  0%] Built target topic_tools_generate_messages_py
[0.553s] [  0%] Built target actionlib_msgs_generate_messages_lisp
[0.554s] [  0%] Built target autoware_system_msgs_generate_messages_nodejs
[0.555s] [  0%] Built target nodelet_topic_tools_gencfg
[0.556s] [  0%] Built target diagnostic_msgs_generate_messages_eus
[0.557s] [  0%] Built target actionlib_msgs_generate_messages_nodejs
[0.557s] [  0%] Built target rosgraph_msgs_generate_messages_lisp
[0.557s] [  0%] Built target std_msgs_generate_messages_cpp
[0.557s] [  0%] Built target sensor_msgs_generate_messages_nodejs
[0.558s] [  0%] Built target jsk_footstep_msgs_generate_messages_py
[0.558s] [  0%] Built target autoware_system_msgs_generate_messages_eus
[0.559s] [  0%] Built target geometry_msgs_generate_messages_nodejs
[0.559s] [  0%] Built target roscpp_generate_messages_cpp
[0.559s] [  0%] Built target roscpp_generate_messages_nodejs
[0.559s] [  0%] Built target actionlib_generate_messages_lisp
[0.559s] [  0%] Built target autoware_system_msgs_generate_messages_lisp
[0.559s] [  0%] Built target std_msgs_generate_messages_lisp
[0.559s] [  0%] Built target autoware_system_msgs_generate_messages_py
[0.559s] [  0%] Built target geometry_msgs_generate_messages_lisp
[0.559s] [  0%] Built target tf_generate_messages_py
[0.560s] [  0%] Built target dynamic_reconfigure_generate_messages_cpp
[0.560s] [  0%] Built target rosgraph_msgs_generate_messages_nodejs
[0.560s] [  0%] Built target jsk_rviz_plugins_generate_messages_cpp
[0.560s] [  0%] Built target geometry_msgs_generate_messages_cpp
[0.562s] [  0%] Built target jsk_rviz_plugins_generate_messages_lisp
[0.563s] [  0%] Built target std_srvs_generate_messages_eus
[0.563s] [  0%] Built target diagnostic_msgs_generate_messages_py
[0.564s] [  0%] Built target rosgraph_msgs_generate_messages_cpp
[0.564s] [  0%] Built target jsk_recognition_msgs_generate_messages_nodejs
[0.565s] [  0%] Built target roscpp_generate_messages_lisp
[0.566s] [  0%] Built target std_msgs_generate_messages_nodejs
[0.567s] [  0%] Built target rosgraph_msgs_generate_messages_eus
[0.567s] [  0%] Built target jsk_recognition_utils_gencfg
[0.569s] [  0%] Built target geometry_msgs_generate_messages_py
[0.570s] [  0%] Built target tf_generate_messages_eus
[0.570s] [  0%] Built target actionlib_msgs_generate_messages_py
[0.570s] [  0%] Built target jsk_hark_msgs_generate_messages_lisp
[0.570s] [  0%] Built target jsk_footstep_msgs_generate_messages_eus
[0.570s] [  0%] Built target jsk_hark_msgs_generate_messages_cpp
[0.570s] [  0%] Built target jsk_hark_msgs_generate_messages_py
[0.570s] [  0%] Built target jsk_footstep_msgs_generate_messages_cpp
[0.571s] [  0%] Built target roscpp_generate_messages_eus
[0.571s] [  0%] Built target actionlib_msgs_generate_messages_cpp
[0.571s] [  0%] Built target pcl_msgs_generate_messages_nodejs
[0.571s] [  0%] Built target nodelet_generate_messages_py
[0.571s] [  0%] Built target jsk_recognition_msgs_generate_messages_cpp
[0.571s] [  0%] Built target nav_msgs_generate_messages_lisp
[0.572s] [  0%] Built target sensor_msgs_generate_messages_cpp
[0.572s] [  0%] Built target topic_tools_generate_messages_lisp
[0.572s] [  0%] Built target jsk_recognition_msgs_generate_messages_lisp
[0.572s] [  0%] Built target actionlib_msgs_generate_messages_eus
[0.572s] [  0%] Built target rosgraph_msgs_generate_messages_py
[0.572s] [  0%] Built target jsk_recognition_msgs_generate_messages_py
[0.573s] [  0%] Built target jsk_recognition_msgs_generate_messages_eus
[0.573s] [  0%] Built target jsk_footstep_msgs_generate_messages_nodejs
[0.573s] [  0%] Built target jsk_footstep_msgs_generate_messages_lisp
[0.573s] [  0%] Built target dynamic_reconfigure_generate_messages_lisp
[0.573s] [  0%] Built target pcl_msgs_generate_messages_cpp
[0.574s] [  0%] Built target pcl_msgs_generate_messages_lisp
[0.574s] [  0%] Built target jsk_rviz_plugins_generate_messages_eus
[0.576s] [  0%] Built target sensor_msgs_generate_messages_py
[0.578s] [  0%] Built target people_msgs_generate_messages_nodejs
[0.579s] [  0%] Built target pcl_msgs_generate_messages_eus
[0.579s] [  0%] Built target tf_generate_messages_cpp
[0.579s] [  0%] Built target diagnostic_msgs_generate_messages_cpp
[0.581s] [  0%] Built target actionlib_generate_messages_nodejs
[0.581s] [  0%] Built target actionlib_generate_messages_eus
[0.582s] [  0%] Built target pcl_msgs_generate_messages_py
[0.582s] [  0%] Built target map_msgs_generate_messages_py
[0.582s] [  0%] Built target pcl_ros_gencfg
[0.637s] [ 20%] Built target health_analyzer
[0.637s] [ 33%] Built target system_status_subscriber
[0.637s] [ 73%] Built target health_checker
[0.673s] [100%] Built target health_aggregator
[0.726s] Invoked command in '/home/autoware/Autoware/build/autoware_health_checker' returned '0': CMAKE_PREFIX_PATH=/home/autoware/Autoware/install/ros_observer:/home/autoware/Autoware/install/autoware_system_msgs:${CMAKE_PREFIX_PATH} LD_LIBRARY_PATH=/home/autoware/Autoware/install/ros_observer/lib:${LD_LIBRARY_PATH} PKG_CONFIG_PATH=/home/autoware/Autoware/install/ros_observer/lib/x86_64-linux-gnu/pkgconfig:/home/autoware/Autoware/install/ros_observer/lib/pkgconfig:/home/autoware/Autoware/install/autoware_system_msgs/lib/x86_64-linux-gnu/pkgconfig:/home/autoware/Autoware/install/autoware_system_msgs/lib/pkgconfig:${PKG_CONFIG_PATH} PYTHONPATH=/home/autoware/Autoware/install/autoware_system_msgs/lib/python2.7/dist-packages:${PYTHONPATH} ROS_PACKAGE_PATH=/home/autoware/Autoware/install/ros_observer/share:/home/autoware/Autoware/install/autoware_system_msgs/share:${ROS_PACKAGE_PATH} /usr/bin/cmake --build /home/autoware/Autoware/build/autoware_health_checker -- -j32 -l32
[1.203s] Invoking command in '/home/autoware/Autoware/build/autoware_health_checker': CMAKE_PREFIX_PATH=/home/autoware/Autoware/install/ros_observer:/home/autoware/Autoware/install/autoware_system_msgs:${CMAKE_PREFIX_PATH} LD_LIBRARY_PATH=/home/autoware/Autoware/install/ros_observer/lib:${LD_LIBRARY_PATH} PKG_CONFIG_PATH=/home/autoware/Autoware/install/ros_observer/lib/x86_64-linux-gnu/pkgconfig:/home/autoware/Autoware/install/ros_observer/lib/pkgconfig:/home/autoware/Autoware/install/autoware_system_msgs/lib/x86_64-linux-gnu/pkgconfig:/home/autoware/Autoware/install/autoware_system_msgs/lib/pkgconfig:${PKG_CONFIG_PATH} PYTHONPATH=/home/autoware/Autoware/install/autoware_system_msgs/lib/python2.7/dist-packages:${PYTHONPATH} ROS_PACKAGE_PATH=/home/autoware/Autoware/install/ros_observer/share:/home/autoware/Autoware/install/autoware_system_msgs/share:${ROS_PACKAGE_PATH} /usr/bin/cmake --build /home/autoware/Autoware/build/autoware_health_checker --target tests -- -j32 -l32
[1.517s] [ 22%] Built target gtest
[1.517s] [100%] Built target test-autoware_health_checker
[1.517s] [100%] Built target tests
[1.776s] Invoked command in '/home/autoware/Autoware/build/autoware_health_checker' returned '0': CMAKE_PREFIX_PATH=/home/autoware/Autoware/install/ros_observer:/home/autoware/Autoware/install/autoware_system_msgs:${CMAKE_PREFIX_PATH} LD_LIBRARY_PATH=/home/autoware/Autoware/install/ros_observer/lib:${LD_LIBRARY_PATH} PKG_CONFIG_PATH=/home/autoware/Autoware/install/ros_observer/lib/x86_64-linux-gnu/pkgconfig:/home/autoware/Autoware/install/ros_observer/lib/pkgconfig:/home/autoware/Autoware/install/autoware_system_msgs/lib/x86_64-linux-gnu/pkgconfig:/home/autoware/Autoware/install/autoware_system_msgs/lib/pkgconfig:${PKG_CONFIG_PATH} PYTHONPATH=/home/autoware/Autoware/install/autoware_system_msgs/lib/python2.7/dist-packages:${PYTHONPATH} ROS_PACKAGE_PATH=/home/autoware/Autoware/install/ros_observer/share:/home/autoware/Autoware/install/autoware_system_msgs/share:${ROS_PACKAGE_PATH} /usr/bin/cmake --build /home/autoware/Autoware/build/autoware_health_checker --target tests -- -j32 -l32
[2.319s] Invoking command in '/home/autoware/Autoware/build/autoware_health_checker': CMAKE_PREFIX_PATH=/home/autoware/Autoware/install/ros_observer:/home/autoware/Autoware/install/autoware_system_msgs:${CMAKE_PREFIX_PATH} LD_LIBRARY_PATH=/home/autoware/Autoware/install/ros_observer/lib:${LD_LIBRARY_PATH} PKG_CONFIG_PATH=/home/autoware/Autoware/install/ros_observer/lib/x86_64-linux-gnu/pkgconfig:/home/autoware/Autoware/install/ros_observer/lib/pkgconfig:/home/autoware/Autoware/install/autoware_system_msgs/lib/x86_64-linux-gnu/pkgconfig:/home/autoware/Autoware/install/autoware_system_msgs/lib/pkgconfig:${PKG_CONFIG_PATH} PYTHONPATH=/home/autoware/Autoware/install/autoware_system_msgs/lib/python2.7/dist-packages:${PYTHONPATH} ROS_PACKAGE_PATH=/home/autoware/Autoware/install/ros_observer/share:/home/autoware/Autoware/install/autoware_system_msgs/share:${ROS_PACKAGE_PATH} /usr/bin/cmake --build /home/autoware/Autoware/build/autoware_health_checker --target install -- -j32 -l32
[2.795s] [  0%] Built target std_srvs_generate_messages_nodejs
[2.795s] [  0%] Built target nav_msgs_generate_messages_nodejs
[2.795s] [  0%] Built target dynamic_reconfigure_generate_messages_nodejs
[2.795s] [  0%] Built target tf2_msgs_generate_messages_py
[2.795s] [  0%] Built target actionlib_generate_messages_cpp
[2.795s] [  0%] Built target people_msgs_generate_messages_lisp
[2.795s] [  0%] Built target bond_generate_messages_py
[2.795s] [  0%] Built target bond_generate_messages_lisp
[2.795s] [  0%] Built target tf_generate_messages_nodejs
[2.795s] [  0%] Built target actionlib_generate_messages_py
[2.795s] [  0%] Built target std_srvs_generate_messages_py
[2.796s] [  0%] Built target topic_tools_generate_messages_cpp
[2.796s] [  0%] Built target tf2_msgs_generate_messages_cpp
[2.796s] [  0%] Built target people_msgs_generate_messages_eus
[2.796s] [  0%] Built target rviz_generate_messages_eus
[2.796s] [  0%] Built target tf2_msgs_generate_messages_eus
[2.796s] [  0%] Built target visualization_msgs_generate_messages_eus
[2.796s] [  0%] Built target nav_msgs_generate_messages_eus
[2.796s] [  0%] Built target map_msgs_generate_messages_lisp
[2.796s] [  0%] Built target tf2_msgs_generate_messages_nodejs
[3.017s] [  0%] Built target rviz_generate_messages_py
[3.017s] [  0%] Built target topic_tools_generate_messages_eus
[3.018s] [  0%] Built target topic_tools_generate_messages_nodejs
[3.018s] [  0%] Built target nodelet_generate_messages_cpp
[3.018s] [  0%] Built target map_msgs_generate_messages_cpp
[3.018s] [  0%] Built target visualization_msgs_generate_messages_py
[3.018s] [  0%] Built target visualization_msgs_generate_messages_nodejs
[3.018s] [  0%] Built target std_srvs_generate_messages_lisp
[3.018s] [  0%] Built target bond_generate_messages_nodejs
[3.018s] [  0%] Built target tf_generate_messages_lisp
[3.018s] [  0%] Built target people_msgs_generate_messages_cpp
[3.018s] [  0%] Built target rviz_generate_messages_cpp
[3.018s] [  0%] Built target nodelet_generate_messages_eus
[3.018s] [  0%] Built target visualization_msgs_generate_messages_cpp
[3.019s] [  0%] Built target visualization_msgs_generate_messages_lisp
[3.019s] [  0%] Built target map_msgs_generate_messages_eus
[3.019s] [  0%] Built target nodelet_generate_messages_nodejs
[3.019s] [  0%] Built target tf2_msgs_generate_messages_lisp
[3.019s] [  0%] Built target bond_generate_messages_eus
[3.074s] [  0%] Built target bond_generate_messages_cpp
[3.074s] [  0%] Built target jsk_rviz_plugins_gencfg
[3.074s] [  0%] Built target rviz_generate_messages_nodejs
[3.074s] [  0%] Built target jsk_rviz_plugins_generate_messages_nodejs
[3.074s] [  0%] Built target rviz_generate_messages_lisp
[3.074s] [  0%] Built target jsk_hark_msgs_generate_messages_eus
[3.074s] [  0%] Built target nav_msgs_generate_messages_py
[3.074s] [  0%] Built target jsk_hark_msgs_generate_messages_nodejs
[3.074s] [  0%] Built target dynamic_reconfigure_gencfg
[3.074s] [  0%] Built target diagnostic_msgs_generate_messages_lisp
[3.074s] [  0%] Built target jsk_rviz_plugins_generate_messages_py
[3.075s] [  0%] Built target actionlib_msgs_generate_messages_nodejs
[3.075s] [  0%] Built target std_msgs_generate_messages_eus
[3.075s] [  0%] Built target sensor_msgs_generate_messages_eus
[3.075s] [  0%] Built target roscpp_generate_messages_py
[3.075s] [  0%] Built target topic_tools_generate_messages_py
[3.075s] [  0%] Built target dynamic_reconfigure_generate_messages_eus
[3.075s] [  0%] Built target nodelet_generate_messages_lisp
[3.075s] [  0%] Built target std_srvs_generate_messages_cpp
[3.075s] [  0%] Built target jsk_footstep_msgs_generate_messages_py
[3.075s] [  0%] Built target diagnostic_msgs_generate_messages_eus
[3.075s] [  0%] Built target actionlib_msgs_generate_messages_lisp
[3.075s] [  0%] Built target std_msgs_generate_messages_py
[3.146s] [  0%] Built target std_msgs_generate_messages_lisp
[3.146s] [  0%] Built target autoware_system_msgs_generate_messages_eus
[3.146s] [  0%] Built target roscpp_generate_messages_nodejs
[3.146s] [  0%] Built target people_msgs_generate_messages_py
[3.146s] [  0%] Built target map_msgs_generate_messages_nodejs
[3.146s] [  0%] Built target autoware_system_msgs_generate_messages_nodejs
[3.181s] [  0%] Built target dynamic_reconfigure_generate_messages_py
[3.181s] [  0%] Built target diagnostic_msgs_generate_messages_py
[3.181s] [  0%] Built target rosgraph_msgs_generate_messages_lisp
[3.182s] [  0%] Built target tf_generate_messages_py
[3.182s] [  0%] Built target geometry_msgs_generate_messages_eus
[3.182s] [  0%] Built target autoware_system_msgs_generate_messages_cpp
[3.182s] [  0%] Built target autoware_system_msgs_generate_messages_lisp
[3.182s] [  0%] Built target nodelet_topic_tools_gencfg
[3.182s] [  0%] Built target diagnostic_msgs_generate_messages_nodejs
[3.236s] [  0%] Built target dynamic_reconfigure_generate_messages_cpp
[3.236s] [  0%] Built target nav_msgs_generate_messages_cpp
[3.236s] [  0%] Built target geometry_msgs_generate_messages_lisp
[3.236s] [  0%] Built target rosgraph_msgs_generate_messages_cpp
[3.236s] [  0%] Built target geometry_msgs_generate_messages_nodejs
[3.236s] [  0%] Built target sensor_msgs_generate_messages_nodejs
[3.236s] [  0%] Built target rosgraph_msgs_generate_messages_eus
[3.236s] [  0%] Built target std_msgs_generate_messages_cpp
[3.236s] [  0%] Built target autoware_system_msgs_generate_messages_py
[3.251s] [  0%] Built target jsk_rviz_plugins_generate_messages_lisp
[3.251s] [  0%] Built target roscpp_generate_messages_cpp
[3.251s] [  0%] Built target actionlib_generate_messages_lisp
[3.384s] [  0%] Built target sensor_msgs_generate_messages_lisp
[3.384s] [  0%] Built target actionlib_msgs_generate_messages_py
[3.384s] [  0%] Built target jsk_recognition_msgs_generate_messages_nodejs
[3.384s] [  0%] Built target jsk_rviz_plugins_generate_messages_cpp
[3.384s] [  0%] Built target jsk_recognition_utils_gencfg
[3.384s] [  0%] Built target pcl_msgs_generate_messages_nodejs
[3.384s] [  0%] Built target jsk_recognition_msgs_generate_messages_eus
[3.384s] [  0%] Built target jsk_hark_msgs_generate_messages_cpp
[3.384s] [  0%] Built target jsk_footstep_msgs_generate_messages_nodejs
[3.384s] [  0%] Built target std_srvs_generate_messages_eus
[3.385s] [  0%] Built target jsk_hark_msgs_generate_messages_py
[3.385s] [  0%] Built target tf_generate_messages_eus
[3.385s] [  0%] Built target roscpp_generate_messages_lisp
[3.385s] [  0%] Built target std_msgs_generate_messages_nodejs
[3.385s] [  0%] Built target jsk_footstep_msgs_generate_messages_eus
[3.385s] [  0%] Built target jsk_hark_msgs_generate_messages_lisp
[3.385s] [  0%] Built target geometry_msgs_generate_messages_cpp
[3.411s] [  0%] Built target roscpp_generate_messages_eus
[3.411s] [  0%] Built target sensor_msgs_generate_messages_py
[3.411s] [  0%] Built target jsk_footstep_msgs_generate_messages_cpp
[3.412s] [  0%] Built target jsk_recognition_msgs_generate_messages_cpp
[3.413s] [  0%] Built target tf_generate_messages_cpp
[3.413s] [  0%] Built target nav_msgs_generate_messages_lisp
[3.413s] [  0%] Built target rosgraph_msgs_generate_messages_py
[3.413s] [  0%] Built target nodelet_generate_messages_py
[3.414s] [  0%] Built target topic_tools_generate_messages_lisp
[3.422s] [  0%] Built target actionlib_msgs_generate_messages_eus
[3.422s] [  0%] Built target jsk_recognition_msgs_generate_messages_lisp
[3.424s] [  0%] Built target sensor_msgs_generate_messages_cpp
[3.424s] [  0%] Built target rosgraph_msgs_generate_messages_nodejs
[3.430s] [  0%] Built target pcl_msgs_generate_messages_eus
[3.432s] [  0%] Built target pcl_msgs_generate_messages_cpp
[3.433s] [  0%] Built target dynamic_reconfigure_generate_messages_lisp
[3.444s] [  0%] Built target actionlib_generate_messages_nodejs
[3.455s] [  0%] Built target pcl_msgs_generate_messages_lisp
[3.464s] [  0%] Built target diagnostic_msgs_generate_messages_cpp
[3.465s] [  0%] Built target geometry_msgs_generate_messages_py
[3.468s] [  0%] Built target pcl_msgs_generate_messages_py
[3.483s] [  0%] Built target jsk_footstep_msgs_generate_messages_lisp
[3.500s] [  0%] Built target jsk_recognition_msgs_generate_messages_py
[3.500s] [  0%] Built target actionlib_generate_messages_eus
[3.508s] [  0%] Built target pcl_ros_gencfg
[3.516s] [  0%] Built target map_msgs_generate_messages_py
[3.564s] [  0%] Built target actionlib_msgs_generate_messages_cpp
[3.565s] [  0%] Built target people_msgs_generate_messages_nodejs
[3.565s] [  0%] Built target jsk_rviz_plugins_generate_messages_eus
[3.749s] [ 20%] Built target health_analyzer
[3.762s] [ 33%] Built target system_status_subscriber
[3.828s] [ 73%] Built target health_checker
[3.879s] [100%] Built target health_aggregator
[3.923s] Install the project...
[3.924s] -- Install configuration: "Release"
[3.924s] -- Up-to-date: /home/autoware/Autoware/install/autoware_health_checker/lib/pkgconfig/autoware_health_checker.pc
[3.924s] -- Up-to-date: /home/autoware/Autoware/install/autoware_health_checker/share/autoware_health_checker/cmake/autoware_health_checkerConfig.cmake
[3.925s] -- Up-to-date: /home/autoware/Autoware/install/autoware_health_checker/share/autoware_health_checker/cmake/autoware_health_checkerConfig-version.cmake
[3.925s] -- Up-to-date: /home/autoware/Autoware/install/autoware_health_checker/share/autoware_health_checker/package.xml
[3.925s] -- Up-to-date: /home/autoware/Autoware/install/autoware_health_checker/lib/autoware_health_checker/health_aggregator
[3.932s] -- Up-to-date: /home/autoware/Autoware/install/autoware_health_checker/lib/autoware_health_checker/health_analyzer
[3.932s] -- Up-to-date: /home/autoware/Autoware/install/autoware_health_checker/include/autoware_health_checker
[3.933s] -- Up-to-date: /home/autoware/Autoware/install/autoware_health_checker/include/autoware_health_checker/health_aggregator
[3.933s] -- Up-to-date: /home/autoware/Autoware/install/autoware_health_checker/include/autoware_health_checker/health_aggregator/health_aggregator.h
[3.936s] -- Up-to-date: /home/autoware/Autoware/install/autoware_health_checker/include/autoware_health_checker/health_aggregator/status_monitor.h
[3.937s] -- Up-to-date: /home/autoware/Autoware/install/autoware_health_checker/include/autoware_health_checker/health_checker
[3.937s] -- Up-to-date: /home/autoware/Autoware/install/autoware_health_checker/include/autoware_health_checker/health_checker/rate_checker.h
[3.937s] -- Up-to-date: /home/autoware/Autoware/install/autoware_health_checker/include/autoware_health_checker/health_checker/param_manager.h
[3.937s] -- Up-to-date: /home/autoware/Autoware/install/autoware_health_checker/include/autoware_health_checker/health_checker/value_manager.h
[3.937s] -- Up-to-date: /home/autoware/Autoware/install/autoware_health_checker/include/autoware_health_checker/health_checker/diag_buffer.h
[3.938s] -- Up-to-date: /home/autoware/Autoware/install/autoware_health_checker/include/autoware_health_checker/health_checker/health_checker.h
[3.938s] -- Up-to-date: /home/autoware/Autoware/install/autoware_health_checker/include/autoware_health_checker/constants.h
[3.939s] -- Up-to-date: /home/autoware/Autoware/install/autoware_health_checker/include/autoware_health_checker/system_status_subscriber
[3.939s] -- Up-to-date: /home/autoware/Autoware/install/autoware_health_checker/include/autoware_health_checker/system_status_subscriber/system_status_subscriber.h
[3.939s] -- Up-to-date: /home/autoware/Autoware/install/autoware_health_checker/include/autoware_health_checker/health_analyzer
[3.939s] -- Up-to-date: /home/autoware/Autoware/install/autoware_health_checker/include/autoware_health_checker/health_analyzer/health_analyzer.h
[3.939s] -- Up-to-date: /home/autoware/Autoware/install/autoware_health_checker/lib/libhealth_checker.so
[3.940s] -- Up-to-date: /home/autoware/Autoware/install/autoware_health_checker/lib/libsystem_status_subscriber.so
[3.940s] -- Up-to-date: /home/autoware/Autoware/install/autoware_health_checker/share/autoware_health_checker/launch
[3.940s] -- Up-to-date: /home/autoware/Autoware/install/autoware_health_checker/share/autoware_health_checker/launch/health_checker.launch
[3.940s] -- Up-to-date: /home/autoware/Autoware/install/autoware_health_checker/share/autoware_health_checker/launch/health_analyzer.launch
[3.941s] -- Up-to-date: /home/autoware/Autoware/install/autoware_health_checker/share/autoware_health_checker/config
[3.941s] -- Up-to-date: /home/autoware/Autoware/install/autoware_health_checker/share/autoware_health_checker/config/README.md
[4.113s] Invoked command in '/home/autoware/Autoware/build/autoware_health_checker' returned '0': CMAKE_PREFIX_PATH=/home/autoware/Autoware/install/ros_observer:/home/autoware/Autoware/install/autoware_system_msgs:${CMAKE_PREFIX_PATH} LD_LIBRARY_PATH=/home/autoware/Autoware/install/ros_observer/lib:${LD_LIBRARY_PATH} PKG_CONFIG_PATH=/home/autoware/Autoware/install/ros_observer/lib/x86_64-linux-gnu/pkgconfig:/home/autoware/Autoware/install/ros_observer/lib/pkgconfig:/home/autoware/Autoware/install/autoware_system_msgs/lib/x86_64-linux-gnu/pkgconfig:/home/autoware/Autoware/install/autoware_system_msgs/lib/pkgconfig:${PKG_CONFIG_PATH} PYTHONPATH=/home/autoware/Autoware/install/autoware_system_msgs/lib/python2.7/dist-packages:${PYTHONPATH} ROS_PACKAGE_PATH=/home/autoware/Autoware/install/ros_observer/share:/home/autoware/Autoware/install/autoware_system_msgs/share:${ROS_PACKAGE_PATH} /usr/bin/cmake --build /home/autoware/Autoware/build/autoware_health_checker --target install -- -j32 -l32
