[0.000000] (-) TimerEvent: {}
[0.000297] (-) JobUnselected: {'identifier': 'adi_driver'}
[0.000400] (-) JobUnselected: {'identifier': 'amathutils_lib'}
[0.000463] (-) JobUnselected: {'identifier': 'as'}
[0.000522] (-) JobUnselected: {'identifier': 'astar_search'}
[0.000576] (-) JobUnselected: {'identifier': 'autoware_bag_tools'}
[0.000630] (-) JobUnselected: {'identifier': 'autoware_build_flags'}
[0.000684] (-) JobUnselected: {'identifier': 'autoware_camera_lidar_calibrator'}
[0.000738] (-) JobUnselected: {'identifier': 'autoware_can_msgs'}
[0.000792] (-) JobUnselected: {'identifier': 'autoware_config_msgs'}
[0.000846] (-) JobUnselected: {'identifier': 'autoware_connector'}
[0.000900] (-) JobUnselected: {'identifier': 'autoware_driveworks_gmsl_interface'}
[0.000953] (-) JobUnselected: {'identifier': 'autoware_driveworks_interface'}
[0.001007] (-) JobUnselected: {'identifier': 'autoware_external_msgs'}
[0.001061] (-) JobUnselected: {'identifier': 'autoware_health_checker'}
[0.001115] (-) JobUnselected: {'identifier': 'autoware_lanelet2_msgs'}
[0.001165] (-) JobUnselected: {'identifier': 'autoware_launcher'}
[0.001219] (-) JobUnselected: {'identifier': 'autoware_launcher_rviz'}
[0.001273] (-) JobUnselected: {'identifier': 'autoware_map_msgs'}
[0.001327] (-) JobUnselected: {'identifier': 'autoware_msgs'}
[0.001381] (-) JobUnselected: {'identifier': 'autoware_pointgrey_drivers'}
[0.001435] (-) JobUnselected: {'identifier': 'autoware_quickstart_examples'}
[0.001493] (-) JobUnselected: {'identifier': 'autoware_rviz_plugins'}
[0.001543] (-) JobUnselected: {'identifier': 'autoware_system_msgs'}
[0.001592] (-) JobUnselected: {'identifier': 'calibration_publisher'}
[0.001642] (-) JobUnselected: {'identifier': 'carla_autoware_bridge'}
[0.001691] (-) JobUnselected: {'identifier': 'citysim'}
[0.001745] (-) JobUnselected: {'identifier': 'costmap_generator'}
[0.001795] (-) JobUnselected: {'identifier': 'custom_msgs'}
[0.001844] (-) JobUnselected: {'identifier': 'data_preprocessor'}
[0.001889] (-) JobUnselected: {'identifier': 'decision_maker'}
[0.001943] (-) JobUnselected: {'identifier': 'decision_maker_panel'}
[0.001993] (-) JobUnselected: {'identifier': 'detected_objects_visualizer'}
[0.002047] (-) JobUnselected: {'identifier': 'dp_planner'}
[0.002101] (-) JobUnselected: {'identifier': 'ds4'}
[0.002150] (-) JobUnselected: {'identifier': 'ds4_driver'}
[0.002204] (-) JobUnselected: {'identifier': 'ds4_msgs'}
[0.002258] (-) JobUnselected: {'identifier': 'ekf_localizer'}
[0.002312] (-) JobUnselected: {'identifier': 'emergency_handler'}
[0.002366] (-) JobUnselected: {'identifier': 'fastvirtualscan'}
[0.002420] (-) JobUnselected: {'identifier': 'ff_waypoint_follower'}
[0.002474] (-) JobUnselected: {'identifier': 'freespace_planner'}
[0.002523] (-) JobUnselected: {'identifier': 'garmin'}
[0.002573] (-) JobUnselected: {'identifier': 'gazebo_camera_description'}
[0.002622] (-) JobUnselected: {'identifier': 'gazebo_imu_description'}
[0.002676] (-) JobUnselected: {'identifier': 'gazebo_world_description'}
[0.002730] (-) JobUnselected: {'identifier': 'glviewer'}
[0.002780] (-) JobUnselected: {'identifier': 'gnss'}
[0.002834] (-) JobUnselected: {'identifier': 'gnss_localizer'}
[0.002888] (-) JobUnselected: {'identifier': 'graph_tools'}
[0.002937] (-) JobUnselected: {'identifier': 'hokuyo'}
[0.002982] (-) JobUnselected: {'identifier': 'image_processor'}
[0.003032] (-) JobUnselected: {'identifier': 'imm_ukf_pda_track'}
[0.003081] (-) JobUnselected: {'identifier': 'integrated_viewer'}
[0.003126] (-) JobUnselected: {'identifier': 'javad_navsat_driver'}
[0.003171] (-) JobUnselected: {'identifier': 'kitti_box_publisher'}
[0.003221] (-) JobUnselected: {'identifier': 'kitti_launch'}
[0.003270] (-) JobUnselected: {'identifier': 'kitti_player'}
[0.003324] (-) JobUnselected: {'identifier': 'kvaser'}
[0.003373] (-) JobUnselected: {'identifier': 'lane_planner'}
[0.003427] (-) JobUnselected: {'identifier': 'lanelet2_extension'}
[0.003481] (-) JobUnselected: {'identifier': 'lanelet_aisan_converter'}
[0.003531] (-) JobUnselected: {'identifier': 'lattice_planner'}
[0.003594] (-) JobUnselected: {'identifier': 'lgsvl_simulator_bridge'}
[0.003648] (-) JobUnselected: {'identifier': 'libvectormap'}
[0.003697] (-) JobUnselected: {'identifier': 'libwaypoint_follower'}
[0.003751] (-) JobUnselected: {'identifier': 'lidar_apollo_cnn_seg_detect'}
[0.003805] (-) JobUnselected: {'identifier': 'lidar_euclidean_cluster_detect'}
[0.003855] (-) JobUnselected: {'identifier': 'lidar_fake_perception'}
[0.003904] (-) JobUnselected: {'identifier': 'lidar_kf_contour_track'}
[0.003949] (-) JobUnselected: {'identifier': 'lidar_localizer'}
[0.004002] (-) JobUnselected: {'identifier': 'lidar_naive_l_shape_detect'}
[0.004052] (-) JobUnselected: {'identifier': 'lidar_point_pillars'}
[0.004106] (-) JobUnselected: {'identifier': 'lidar_shape_estimation'}
[0.004155] (-) JobUnselected: {'identifier': 'log_tools'}
[0.004205] (-) JobUnselected: {'identifier': 'map_file'}
[0.004277] (-) JobUnselected: {'identifier': 'map_tf_generator'}
[0.004326] (-) JobUnselected: {'identifier': 'map_tools'}
[0.004380] (-) JobUnselected: {'identifier': 'marker_downsampler'}
[0.004430] (-) JobUnselected: {'identifier': 'memsic_imu'}
[0.004479] (-) JobUnselected: {'identifier': 'microstrain_driver'}
[0.004529] (-) JobUnselected: {'identifier': 'mpc_follower'}
[0.004574] (-) JobUnselected: {'identifier': 'mqtt_socket'}
[0.004623] (-) JobUnselected: {'identifier': 'multi_lidar_calibrator'}
[0.004677] (-) JobUnselected: {'identifier': 'naive_motion_predict'}
[0.004727] (-) JobUnselected: {'identifier': 'ndt_cpu'}
[0.004790] (-) JobUnselected: {'identifier': 'ndt_gpu'}
[0.004844] (-) JobUnselected: {'identifier': 'ndt_tku'}
[0.004893] (-) JobUnselected: {'identifier': 'nmea_navsat'}
[0.004943] (-) JobUnselected: {'identifier': 'obj_db'}
[0.004992] (-) JobUnselected: {'identifier': 'object_map'}
[0.005042] (-) JobUnselected: {'identifier': 'oculus_socket'}
[0.005091] (-) JobUnselected: {'identifier': 'op_global_planner'}
[0.005140] (-) JobUnselected: {'identifier': 'op_local_planner'}
[0.005190] (-) JobUnselected: {'identifier': 'op_planner'}
[0.005239] (-) JobUnselected: {'identifier': 'op_ros_helpers'}
[0.005293] (-) JobUnselected: {'identifier': 'op_simu'}
[0.005343] (-) JobUnselected: {'identifier': 'op_simulation_package'}
[0.005392] (-) JobUnselected: {'identifier': 'op_utilities'}
[0.005442] (-) JobUnselected: {'identifier': 'op_utility'}
[0.005496] (-) JobUnselected: {'identifier': 'pc2_downsampler'}
[0.005550] (-) JobUnselected: {'identifier': 'pcl_omp_registration'}
[0.005604] (-) JobUnselected: {'identifier': 'pixel_cloud_fusion'}
[0.005667] (-) JobUnselected: {'identifier': 'points2image'}
[0.005721] (-) JobUnselected: {'identifier': 'points_downsampler'}
[0.005770] (-) JobUnselected: {'identifier': 'points_preprocessor'}
[0.005824] (-) JobUnselected: {'identifier': 'pos_db'}
[0.005878] (-) JobUnselected: {'identifier': 'pure_pursuit'}
[0.005928] (-) JobUnselected: {'identifier': 'range_vision_fusion'}
[0.005977] (-) JobUnselected: {'identifier': 'road_occupancy_processor'}
[0.006031] (-) JobUnselected: {'identifier': 'roi_object_filter'}
[0.006081] (-) JobUnselected: {'identifier': 'ros_observer'}
[0.006135] (-) JobUnselected: {'identifier': 'rosbag_controller'}
[0.006184] (-) JobUnselected: {'identifier': 'rosinterface'}
[0.006234] (-) JobUnselected: {'identifier': 'runtime_manager'}
[0.006283] (-) JobUnselected: {'identifier': 'sick_ldmrs_description'}
[0.006333] (-) JobUnselected: {'identifier': 'sick_ldmrs_driver'}
[0.006382] (-) JobUnselected: {'identifier': 'sick_ldmrs_laser'}
[0.006436] (-) JobUnselected: {'identifier': 'sick_ldmrs_msgs'}
[0.006490] (-) JobUnselected: {'identifier': 'sick_ldmrs_tools'}
[0.006544] (-) JobUnselected: {'identifier': 'sick_lms5xx'}
[0.006594] (-) JobUnselected: {'identifier': 'sound_player'}
[0.006647] (-) JobUnselected: {'identifier': 'state_machine_lib'}
[0.006697] (-) JobUnselected: {'identifier': 'tablet_socket'}
[0.006751] (-) JobUnselected: {'identifier': 'tablet_socket_msgs'}
[0.006800] (-) JobUnselected: {'identifier': 'trafficlight_recognizer'}
[0.006854] (-) JobUnselected: {'identifier': 'twist2odom'}
[0.006913] (-) JobUnselected: {'identifier': 'twist_filter'}
[0.006967] (-) JobUnselected: {'identifier': 'twist_gate'}
[0.007016] (-) JobUnselected: {'identifier': 'twist_generator'}
[0.007061] (-) JobUnselected: {'identifier': 'udon_socket'}
[0.007111] (-) JobUnselected: {'identifier': 'vectacam'}
[0.007160] (-) JobUnselected: {'identifier': 'vector_map'}
[0.007214] (-) JobUnselected: {'identifier': 'vector_map_msgs'}
[0.007268] (-) JobUnselected: {'identifier': 'vector_map_server'}
[0.007318] (-) JobUnselected: {'identifier': 'vehicle_description'}
[0.007367] (-) JobUnselected: {'identifier': 'vehicle_engage_panel'}
[0.007417] (-) JobUnselected: {'identifier': 'vehicle_gazebo_simulation_interface'}
[0.007466] (-) JobUnselected: {'identifier': 'vehicle_gazebo_simulation_launcher'}
[0.007515] (-) JobUnselected: {'identifier': 'vehicle_model'}
[0.007565] (-) JobUnselected: {'identifier': 'vehicle_sim_model'}
[0.007614] (-) JobUnselected: {'identifier': 'vehicle_socket'}
[0.007664] (-) JobUnselected: {'identifier': 'vel_pose_diff_checker'}
[0.007713] (-) JobUnselected: {'identifier': 'vision_beyond_track'}
[0.007767] (-) JobUnselected: {'identifier': 'vision_darknet_detect'}
[0.007817] (-) JobUnselected: {'identifier': 'vision_lane_detect'}
[0.007871] (-) JobUnselected: {'identifier': 'vision_segment_enet_detect'}
[0.007920] (-) JobUnselected: {'identifier': 'vision_ssd_detect'}
[0.007974] (-) JobUnselected: {'identifier': 'vlg22c_cam'}
[0.008024] (-) JobUnselected: {'identifier': 'way_planner'}
[0.008069] (-) JobUnselected: {'identifier': 'waypoint_maker'}
[0.008114] (-) JobUnselected: {'identifier': 'waypoint_planner'}
[0.008159] (-) JobUnselected: {'identifier': 'wf_simulator'}
[0.008208] (-) JobUnselected: {'identifier': 'xsens_driver'}
[0.008285] (-) JobUnselected: {'identifier': 'ymc'}
[0.008339] (-) EventReactorShutdown: {}
