[0.434s] Invoking command in '/home/autoware/Autoware/build/vel_pose_diff_checker': CMAKE_PREFIX_PATH=/home/autoware/Autoware/install/autoware_health_checker:/home/autoware/Autoware/install/amathutils_lib:/home/autoware/Autoware/install/ros_observer:/home/autoware/Autoware/install/autoware_system_msgs:/home/autoware/Autoware/install/autoware_msgs:/home/autoware/Autoware/install/autoware_build_flags:${CMAKE_PREFIX_PATH} LD_LIBRARY_PATH=/home/autoware/Autoware/install/autoware_health_checker/lib:/home/autoware/Autoware/install/amathutils_lib/lib:/home/autoware/Autoware/install/ros_observer/lib:${LD_LIBRARY_PATH} PKG_CONFIG_PATH=/home/autoware/Autoware/install/autoware_health_checker/lib/x86_64-linux-gnu/pkgconfig:/home/autoware/Autoware/install/autoware_health_checker/lib/pkgconfig:/home/autoware/Autoware/install/amathutils_lib/lib/x86_64-linux-gnu/pkgconfig:/home/autoware/Autoware/install/amathutils_lib/lib/pkgconfig:/home/autoware/Autoware/install/ros_observer/lib/x86_64-linux-gnu/pkgconfig:/home/autoware/Autoware/install/ros_observer/lib/pkgconfig:/home/autoware/Autoware/install/autoware_system_msgs/lib/x86_64-linux-gnu/pkgconfig:/home/autoware/Autoware/install/autoware_system_msgs/lib/pkgconfig:/home/autoware/Autoware/install/autoware_msgs/lib/x86_64-linux-gnu/pkgconfig:/home/autoware/Autoware/install/autoware_msgs/lib/pkgconfig:/home/autoware/Autoware/install/autoware_build_flags/lib/x86_64-linux-gnu/pkgconfig:/home/autoware/Autoware/install/autoware_build_flags/lib/pkgconfig:${PKG_CONFIG_PATH} PYTHONPATH=/home/autoware/Autoware/install/autoware_system_msgs/lib/python2.7/dist-packages:/home/autoware/Autoware/install/autoware_msgs/lib/python2.7/dist-packages:${PYTHONPATH} ROS_PACKAGE_PATH=/home/autoware/Autoware/install/autoware_health_checker/share:/home/autoware/Autoware/install/amathutils_lib/share:/home/autoware/Autoware/install/ros_observer/share:/home/autoware/Autoware/install/autoware_system_msgs/share:/home/autoware/Autoware/install/autoware_msgs/share:/home/autoware/Autoware/install/autoware_build_flags/share:${ROS_PACKAGE_PATH} /usr/bin/cmake --build /home/autoware/Autoware/build/vel_pose_diff_checker -- -j32 -l32
[0.675s] [  0%] Built target std_msgs_generate_messages_lisp
[0.675s] [  0%] Built target jsk_recognition_msgs_generate_messages_eus
[0.675s] [  0%] Built target sensor_msgs_generate_messages_cpp
[0.675s] [  0%] Built target autoware_msgs_generate_messages_py
[0.675s] [  0%] Built target sensor_msgs_generate_messages_eus
[0.675s] [  0%] Built target jsk_recognition_msgs_generate_messages_lisp
[0.676s] [  0%] Built target tf2_msgs_generate_messages_cpp
[0.676s] [  0%] Built target roscpp_generate_messages_cpp
[0.676s] [  0%] Built target geometry_msgs_generate_messages_py
[0.676s] [  0%] Built target std_msgs_generate_messages_cpp
[0.676s] [  0%] Built target autoware_msgs_generate_messages_cpp
[0.676s] [  0%] Built target std_msgs_generate_messages_nodejs
[0.676s] [  0%] Built target roscpp_generate_messages_nodejs
[0.676s] [  0%] Built target jsk_recognition_msgs_generate_messages_py
[0.676s] [  0%] Built target rosgraph_msgs_generate_messages_cpp
[0.676s] [  0%] Built target autoware_system_msgs_generate_messages_py
[0.676s] [  0%] Built target geometry_msgs_generate_messages_eus
[0.676s] [  0%] Built target actionlib_msgs_generate_messages_nodejs
[0.677s] [  0%] Built target sensor_msgs_generate_messages_py
[0.677s] [  0%] Built target _catkin_empty_exported_target
[0.677s] [  0%] Built target geometry_msgs_generate_messages_lisp
[0.677s] [  0%] Built target sensor_msgs_generate_messages_lisp
[0.677s] [  0%] Built target autoware_system_msgs_generate_messages_cpp
[0.677s] [  0%] Built target jsk_footstep_msgs_generate_messages_py
[0.677s] [  0%] Built target tf_generate_messages_py
[0.677s] [  0%] Built target actionlib_generate_messages_cpp
[0.677s] [  0%] Built target geometry_msgs_generate_messages_nodejs
[0.677s] [  0%] Built target pcl_msgs_generate_messages_nodejs
[0.681s] [  0%] Built target pcl_msgs_generate_messages_eus
[0.681s] [  0%] Built target std_msgs_generate_messages_py
[0.681s] [  0%] Built target pcl_msgs_generate_messages_cpp
[0.682s] [  0%] Built target rosgraph_msgs_generate_messages_eus
[0.682s] [  0%] Built target autoware_msgs_generate_messages_nodejs
[0.682s] [  0%] Built target autoware_msgs_generate_messages_eus
[0.682s] [  0%] Built target std_msgs_generate_messages_eus
[0.682s] [  0%] Built target jsk_recognition_msgs_generate_messages_cpp
[0.683s] [  0%] Built target autoware_msgs_generate_messages_lisp
[0.683s] [  0%] Built target actionlib_msgs_generate_messages_py
[0.686s] [  0%] Built target tf_generate_messages_lisp
[0.686s] [  0%] Built target actionlib_msgs_generate_messages_lisp
[0.686s] [  0%] Built target jsk_footstep_msgs_generate_messages_cpp
[0.687s] [  0%] Built target jsk_footstep_msgs_generate_messages_nodejs
[0.687s] [  0%] Built target rosgraph_msgs_generate_messages_nodejs
[0.687s] [  0%] Built target roscpp_generate_messages_lisp
[0.687s] [  0%] Built target actionlib_msgs_generate_messages_cpp
[0.687s] [  0%] Built target pcl_msgs_generate_messages_lisp
[0.687s] [  0%] Built target roscpp_generate_messages_py
[0.687s] [  0%] Built target jsk_footstep_msgs_generate_messages_eus
[0.687s] [  0%] Built target tf_generate_messages_cpp
[0.687s] [  0%] Built target tf_generate_messages_nodejs
[0.687s] [  0%] Built target rosgraph_msgs_generate_messages_lisp
[0.687s] [  0%] Built target actionlib_msgs_generate_messages_eus
[0.687s] [  0%] Built target actionlib_generate_messages_lisp
[0.688s] [  0%] Built target roscpp_generate_messages_eus
[0.688s] [  0%] Built target actionlib_generate_messages_nodejs
[0.688s] [  0%] Built target jsk_footstep_msgs_generate_messages_lisp
[0.688s] [  0%] Built target autoware_system_msgs_generate_messages_nodejs
[0.688s] [  0%] Built target jsk_recognition_msgs_generate_messages_nodejs
[0.720s] [  0%] Built target rosgraph_msgs_generate_messages_py
[0.720s] [  0%] Built target autoware_system_msgs_generate_messages_eus
[0.720s] [  0%] Built target pcl_msgs_generate_messages_py
[0.744s] [  0%] Built target actionlib_generate_messages_eus
[0.745s] [  0%] Built target tf_generate_messages_eus
[0.745s] [  0%] Built target actionlib_generate_messages_py
[0.745s] [  0%] Built target tf2_msgs_generate_messages_lisp
[0.745s] [  0%] Built target autoware_system_msgs_generate_messages_lisp
[0.746s] [  0%] Built target tf2_msgs_generate_messages_nodejs
[0.746s] [  0%] Built target geometry_msgs_generate_messages_cpp
[0.747s] [  0%] Built target sensor_msgs_generate_messages_nodejs
[0.747s] [  0%] Built target tf2_msgs_generate_messages_py
[0.747s] [  0%] Built target tf2_msgs_generate_messages_eus
[0.760s] [100%] Built target vel_pose_diff_checker
[0.976s] Invoked command in '/home/autoware/Autoware/build/vel_pose_diff_checker' returned '0': CMAKE_PREFIX_PATH=/home/autoware/Autoware/install/autoware_health_checker:/home/autoware/Autoware/install/amathutils_lib:/home/autoware/Autoware/install/ros_observer:/home/autoware/Autoware/install/autoware_system_msgs:/home/autoware/Autoware/install/autoware_msgs:/home/autoware/Autoware/install/autoware_build_flags:${CMAKE_PREFIX_PATH} LD_LIBRARY_PATH=/home/autoware/Autoware/install/autoware_health_checker/lib:/home/autoware/Autoware/install/amathutils_lib/lib:/home/autoware/Autoware/install/ros_observer/lib:${LD_LIBRARY_PATH} PKG_CONFIG_PATH=/home/autoware/Autoware/install/autoware_health_checker/lib/x86_64-linux-gnu/pkgconfig:/home/autoware/Autoware/install/autoware_health_checker/lib/pkgconfig:/home/autoware/Autoware/install/amathutils_lib/lib/x86_64-linux-gnu/pkgconfig:/home/autoware/Autoware/install/amathutils_lib/lib/pkgconfig:/home/autoware/Autoware/install/ros_observer/lib/x86_64-linux-gnu/pkgconfig:/home/autoware/Autoware/install/ros_observer/lib/pkgconfig:/home/autoware/Autoware/install/autoware_system_msgs/lib/x86_64-linux-gnu/pkgconfig:/home/autoware/Autoware/install/autoware_system_msgs/lib/pkgconfig:/home/autoware/Autoware/install/autoware_msgs/lib/x86_64-linux-gnu/pkgconfig:/home/autoware/Autoware/install/autoware_msgs/lib/pkgconfig:/home/autoware/Autoware/install/autoware_build_flags/lib/x86_64-linux-gnu/pkgconfig:/home/autoware/Autoware/install/autoware_build_flags/lib/pkgconfig:${PKG_CONFIG_PATH} PYTHONPATH=/home/autoware/Autoware/install/autoware_system_msgs/lib/python2.7/dist-packages:/home/autoware/Autoware/install/autoware_msgs/lib/python2.7/dist-packages:${PYTHONPATH} ROS_PACKAGE_PATH=/home/autoware/Autoware/install/autoware_health_checker/share:/home/autoware/Autoware/install/amathutils_lib/share:/home/autoware/Autoware/install/ros_observer/share:/home/autoware/Autoware/install/autoware_system_msgs/share:/home/autoware/Autoware/install/autoware_msgs/share:/home/autoware/Autoware/install/autoware_build_flags/share:${ROS_PACKAGE_PATH} /usr/bin/cmake --build /home/autoware/Autoware/build/vel_pose_diff_checker -- -j32 -l32
[1.976s] Invoking command in '/home/autoware/Autoware/build/vel_pose_diff_checker': CMAKE_PREFIX_PATH=/home/autoware/Autoware/install/autoware_health_checker:/home/autoware/Autoware/install/amathutils_lib:/home/autoware/Autoware/install/ros_observer:/home/autoware/Autoware/install/autoware_system_msgs:/home/autoware/Autoware/install/autoware_msgs:/home/autoware/Autoware/install/autoware_build_flags:${CMAKE_PREFIX_PATH} LD_LIBRARY_PATH=/home/autoware/Autoware/install/autoware_health_checker/lib:/home/autoware/Autoware/install/amathutils_lib/lib:/home/autoware/Autoware/install/ros_observer/lib:${LD_LIBRARY_PATH} PKG_CONFIG_PATH=/home/autoware/Autoware/install/autoware_health_checker/lib/x86_64-linux-gnu/pkgconfig:/home/autoware/Autoware/install/autoware_health_checker/lib/pkgconfig:/home/autoware/Autoware/install/amathutils_lib/lib/x86_64-linux-gnu/pkgconfig:/home/autoware/Autoware/install/amathutils_lib/lib/pkgconfig:/home/autoware/Autoware/install/ros_observer/lib/x86_64-linux-gnu/pkgconfig:/home/autoware/Autoware/install/ros_observer/lib/pkgconfig:/home/autoware/Autoware/install/autoware_system_msgs/lib/x86_64-linux-gnu/pkgconfig:/home/autoware/Autoware/install/autoware_system_msgs/lib/pkgconfig:/home/autoware/Autoware/install/autoware_msgs/lib/x86_64-linux-gnu/pkgconfig:/home/autoware/Autoware/install/autoware_msgs/lib/pkgconfig:/home/autoware/Autoware/install/autoware_build_flags/lib/x86_64-linux-gnu/pkgconfig:/home/autoware/Autoware/install/autoware_build_flags/lib/pkgconfig:${PKG_CONFIG_PATH} PYTHONPATH=/home/autoware/Autoware/install/autoware_system_msgs/lib/python2.7/dist-packages:/home/autoware/Autoware/install/autoware_msgs/lib/python2.7/dist-packages:${PYTHONPATH} ROS_PACKAGE_PATH=/home/autoware/Autoware/install/autoware_health_checker/share:/home/autoware/Autoware/install/amathutils_lib/share:/home/autoware/Autoware/install/ros_observer/share:/home/autoware/Autoware/install/autoware_system_msgs/share:/home/autoware/Autoware/install/autoware_msgs/share:/home/autoware/Autoware/install/autoware_build_flags/share:${ROS_PACKAGE_PATH} /usr/bin/cmake --build /home/autoware/Autoware/build/vel_pose_diff_checker --target tests -- -j32 -l32
[2.322s] [ 33%] Built target gtest
[2.561s] [100%] Built target vel_pose_diff_checker-test
[3.185s] [100%] Built target tests
[3.207s] Invoked command in '/home/autoware/Autoware/build/vel_pose_diff_checker' returned '0': CMAKE_PREFIX_PATH=/home/autoware/Autoware/install/autoware_health_checker:/home/autoware/Autoware/install/amathutils_lib:/home/autoware/Autoware/install/ros_observer:/home/autoware/Autoware/install/autoware_system_msgs:/home/autoware/Autoware/install/autoware_msgs:/home/autoware/Autoware/install/autoware_build_flags:${CMAKE_PREFIX_PATH} LD_LIBRARY_PATH=/home/autoware/Autoware/install/autoware_health_checker/lib:/home/autoware/Autoware/install/amathutils_lib/lib:/home/autoware/Autoware/install/ros_observer/lib:${LD_LIBRARY_PATH} PKG_CONFIG_PATH=/home/autoware/Autoware/install/autoware_health_checker/lib/x86_64-linux-gnu/pkgconfig:/home/autoware/Autoware/install/autoware_health_checker/lib/pkgconfig:/home/autoware/Autoware/install/amathutils_lib/lib/x86_64-linux-gnu/pkgconfig:/home/autoware/Autoware/install/amathutils_lib/lib/pkgconfig:/home/autoware/Autoware/install/ros_observer/lib/x86_64-linux-gnu/pkgconfig:/home/autoware/Autoware/install/ros_observer/lib/pkgconfig:/home/autoware/Autoware/install/autoware_system_msgs/lib/x86_64-linux-gnu/pkgconfig:/home/autoware/Autoware/install/autoware_system_msgs/lib/pkgconfig:/home/autoware/Autoware/install/autoware_msgs/lib/x86_64-linux-gnu/pkgconfig:/home/autoware/Autoware/install/autoware_msgs/lib/pkgconfig:/home/autoware/Autoware/install/autoware_build_flags/lib/x86_64-linux-gnu/pkgconfig:/home/autoware/Autoware/install/autoware_build_flags/lib/pkgconfig:${PKG_CONFIG_PATH} PYTHONPATH=/home/autoware/Autoware/install/autoware_system_msgs/lib/python2.7/dist-packages:/home/autoware/Autoware/install/autoware_msgs/lib/python2.7/dist-packages:${PYTHONPATH} ROS_PACKAGE_PATH=/home/autoware/Autoware/install/autoware_health_checker/share:/home/autoware/Autoware/install/amathutils_lib/share:/home/autoware/Autoware/install/ros_observer/share:/home/autoware/Autoware/install/autoware_system_msgs/share:/home/autoware/Autoware/install/autoware_msgs/share:/home/autoware/Autoware/install/autoware_build_flags/share:${ROS_PACKAGE_PATH} /usr/bin/cmake --build /home/autoware/Autoware/build/vel_pose_diff_checker --target tests -- -j32 -l32
[3.612s] Invoking command in '/home/autoware/Autoware/build/vel_pose_diff_checker': CMAKE_PREFIX_PATH=/home/autoware/Autoware/install/autoware_health_checker:/home/autoware/Autoware/install/amathutils_lib:/home/autoware/Autoware/install/ros_observer:/home/autoware/Autoware/install/autoware_system_msgs:/home/autoware/Autoware/install/autoware_msgs:/home/autoware/Autoware/install/autoware_build_flags:${CMAKE_PREFIX_PATH} LD_LIBRARY_PATH=/home/autoware/Autoware/install/autoware_health_checker/lib:/home/autoware/Autoware/install/amathutils_lib/lib:/home/autoware/Autoware/install/ros_observer/lib:${LD_LIBRARY_PATH} PKG_CONFIG_PATH=/home/autoware/Autoware/install/autoware_health_checker/lib/x86_64-linux-gnu/pkgconfig:/home/autoware/Autoware/install/autoware_health_checker/lib/pkgconfig:/home/autoware/Autoware/install/amathutils_lib/lib/x86_64-linux-gnu/pkgconfig:/home/autoware/Autoware/install/amathutils_lib/lib/pkgconfig:/home/autoware/Autoware/install/ros_observer/lib/x86_64-linux-gnu/pkgconfig:/home/autoware/Autoware/install/ros_observer/lib/pkgconfig:/home/autoware/Autoware/install/autoware_system_msgs/lib/x86_64-linux-gnu/pkgconfig:/home/autoware/Autoware/install/autoware_system_msgs/lib/pkgconfig:/home/autoware/Autoware/install/autoware_msgs/lib/x86_64-linux-gnu/pkgconfig:/home/autoware/Autoware/install/autoware_msgs/lib/pkgconfig:/home/autoware/Autoware/install/autoware_build_flags/lib/x86_64-linux-gnu/pkgconfig:/home/autoware/Autoware/install/autoware_build_flags/lib/pkgconfig:${PKG_CONFIG_PATH} PYTHONPATH=/home/autoware/Autoware/install/autoware_system_msgs/lib/python2.7/dist-packages:/home/autoware/Autoware/install/autoware_msgs/lib/python2.7/dist-packages:${PYTHONPATH} ROS_PACKAGE_PATH=/home/autoware/Autoware/install/autoware_health_checker/share:/home/autoware/Autoware/install/amathutils_lib/share:/home/autoware/Autoware/install/ros_observer/share:/home/autoware/Autoware/install/autoware_system_msgs/share:/home/autoware/Autoware/install/autoware_msgs/share:/home/autoware/Autoware/install/autoware_build_flags/share:${ROS_PACKAGE_PATH} /usr/bin/cmake --build /home/autoware/Autoware/build/vel_pose_diff_checker --target install -- -j32 -l32
[3.772s] [  0%] Built target jsk_recognition_msgs_generate_messages_py
[3.772s] [  0%] Built target roscpp_generate_messages_cpp
[3.772s] [  0%] Built target geometry_msgs_generate_messages_py
[3.772s] [  0%] Built target autoware_system_msgs_generate_messages_py
[3.772s] [  0%] Built target roscpp_generate_messages_nodejs
[3.772s] [  0%] Built target jsk_recognition_msgs_generate_messages_lisp
[3.772s] [  0%] Built target pcl_msgs_generate_messages_nodejs
[3.772s] [  0%] Built target std_msgs_generate_messages_py
[3.772s] [  0%] Built target pcl_msgs_generate_messages_eus
[3.772s] [  0%] Built target pcl_msgs_generate_messages_cpp
[3.773s] [  0%] Built target actionlib_generate_messages_cpp
[3.774s] [  0%] Built target sensor_msgs_generate_messages_cpp
[3.774s] [  0%] Built target tf_generate_messages_py
[3.774s] [  0%] Built target autoware_msgs_generate_messages_py
[3.774s] [  0%] Built target rosgraph_msgs_generate_messages_cpp
[3.774s] [  0%] Built target sensor_msgs_generate_messages_py
[3.774s] [  0%] Built target autoware_msgs_generate_messages_cpp
[3.774s] [  0%] Built target jsk_recognition_msgs_generate_messages_eus
[3.774s] [  0%] Built target actionlib_msgs_generate_messages_nodejs
[3.774s] [  0%] Built target tf2_msgs_generate_messages_cpp
[3.774s] [  0%] Built target autoware_system_msgs_generate_messages_cpp
[3.774s] [  0%] Built target geometry_msgs_generate_messages_nodejs
[3.776s] [  0%] Built target rosgraph_msgs_generate_messages_eus
[3.776s] [  0%] Built target std_msgs_generate_messages_cpp
[3.776s] [  0%] Built target std_msgs_generate_messages_lisp
[3.778s] [  0%] Built target sensor_msgs_generate_messages_eus
[3.780s] [  0%] Built target jsk_footstep_msgs_generate_messages_py
[3.780s] [  0%] Built target _catkin_empty_exported_target
[3.782s] [  0%] Built target geometry_msgs_generate_messages_lisp
[3.790s] [  0%] Built target std_msgs_generate_messages_nodejs
[3.827s] [  0%] Built target sensor_msgs_generate_messages_lisp
[3.827s] [  0%] Built target geometry_msgs_generate_messages_eus
[3.827s] [  0%] Built target jsk_recognition_msgs_generate_messages_cpp
[3.828s] [  0%] Built target autoware_msgs_generate_messages_eus
[3.832s] [  0%] Built target std_msgs_generate_messages_eus
[3.832s] [  0%] Built target jsk_recognition_msgs_generate_messages_nodejs
[3.840s] [  0%] Built target actionlib_msgs_generate_messages_py
[3.842s] [  0%] Built target actionlib_msgs_generate_messages_lisp
[3.848s] [  0%] Built target tf_generate_messages_lisp
[3.849s] [  0%] Built target jsk_footstep_msgs_generate_messages_lisp
[3.849s] [  0%] Built target autoware_msgs_generate_messages_nodejs
[3.850s] [  0%] Built target roscpp_generate_messages_py
[3.868s] [  0%] Built target jsk_footstep_msgs_generate_messages_nodejs
[3.868s] [  0%] Built target tf_generate_messages_nodejs
[3.868s] [  0%] Built target tf2_msgs_generate_messages_eus
[3.868s] [  0%] Built target roscpp_generate_messages_eus
[3.869s] [  0%] Built target rosgraph_msgs_generate_messages_py
[3.869s] [  0%] Built target autoware_msgs_generate_messages_lisp
[3.869s] [  0%] Built target tf_generate_messages_cpp
[3.869s] [  0%] Built target pcl_msgs_generate_messages_lisp
[3.869s] [  0%] Built target rosgraph_msgs_generate_messages_lisp
[3.876s] [  0%] Built target jsk_footstep_msgs_generate_messages_eus
[3.877s] [  0%] Built target autoware_system_msgs_generate_messages_eus
[3.878s] [  0%] Built target roscpp_generate_messages_lisp
[3.884s] [  0%] Built target rosgraph_msgs_generate_messages_nodejs
[3.886s] [  0%] Built target actionlib_generate_messages_eus
[3.887s] [  0%] Built target tf_generate_messages_eus
[3.887s] [  0%] Built target actionlib_msgs_generate_messages_eus
[3.893s] [  0%] Built target jsk_footstep_msgs_generate_messages_cpp
[3.895s] [  0%] Built target pcl_msgs_generate_messages_py
[3.898s] [  0%] Built target actionlib_msgs_generate_messages_cpp
[3.901s] [  0%] Built target tf2_msgs_generate_messages_lisp
[3.901s] [  0%] Built target actionlib_generate_messages_lisp
[3.901s] [  0%] Built target geometry_msgs_generate_messages_cpp
[3.904s] [  0%] Built target autoware_system_msgs_generate_messages_nodejs
[3.911s] [  0%] Built target actionlib_generate_messages_py
[3.920s] [  0%] Built target actionlib_generate_messages_nodejs
[3.950s] [  0%] Built target tf2_msgs_generate_messages_py
[3.951s] [  0%] Built target autoware_system_msgs_generate_messages_lisp
[3.957s] [  0%] Built target tf2_msgs_generate_messages_nodejs
[3.975s] [  0%] Built target sensor_msgs_generate_messages_nodejs
[4.138s] [100%] Built target vel_pose_diff_checker
[4.212s] Install the project...
[4.235s] -- Install configuration: "Release"
[4.235s] -- Up-to-date: /home/autoware/Autoware/install/vel_pose_diff_checker/lib/pkgconfig/vel_pose_diff_checker.pc
[4.237s] -- Up-to-date: /home/autoware/Autoware/install/vel_pose_diff_checker/share/vel_pose_diff_checker/cmake/vel_pose_diff_checkerConfig.cmake
[4.238s] -- Up-to-date: /home/autoware/Autoware/install/vel_pose_diff_checker/share/vel_pose_diff_checker/cmake/vel_pose_diff_checkerConfig-version.cmake
[4.239s] -- Up-to-date: /home/autoware/Autoware/install/vel_pose_diff_checker/share/vel_pose_diff_checker/package.xml
[4.240s] -- Up-to-date: /home/autoware/Autoware/install/vel_pose_diff_checker/lib/vel_pose_diff_checker/vel_pose_diff_checker
[4.241s] -- Up-to-date: /home/autoware/Autoware/install/vel_pose_diff_checker/share/vel_pose_diff_checker/launch
[4.241s] -- Up-to-date: /home/autoware/Autoware/install/vel_pose_diff_checker/share/vel_pose_diff_checker/launch/vel_pose_diff_checker.launch
[4.242s] -- Up-to-date: /home/autoware/Autoware/install/vel_pose_diff_checker/share/vel_pose_diff_checker/config
[4.242s] -- Up-to-date: /home/autoware/Autoware/install/vel_pose_diff_checker/share/vel_pose_diff_checker/config/health_checker.yaml
[4.256s] Invoked command in '/home/autoware/Autoware/build/vel_pose_diff_checker' returned '0': CMAKE_PREFIX_PATH=/home/autoware/Autoware/install/autoware_health_checker:/home/autoware/Autoware/install/amathutils_lib:/home/autoware/Autoware/install/ros_observer:/home/autoware/Autoware/install/autoware_system_msgs:/home/autoware/Autoware/install/autoware_msgs:/home/autoware/Autoware/install/autoware_build_flags:${CMAKE_PREFIX_PATH} LD_LIBRARY_PATH=/home/autoware/Autoware/install/autoware_health_checker/lib:/home/autoware/Autoware/install/amathutils_lib/lib:/home/autoware/Autoware/install/ros_observer/lib:${LD_LIBRARY_PATH} PKG_CONFIG_PATH=/home/autoware/Autoware/install/autoware_health_checker/lib/x86_64-linux-gnu/pkgconfig:/home/autoware/Autoware/install/autoware_health_checker/lib/pkgconfig:/home/autoware/Autoware/install/amathutils_lib/lib/x86_64-linux-gnu/pkgconfig:/home/autoware/Autoware/install/amathutils_lib/lib/pkgconfig:/home/autoware/Autoware/install/ros_observer/lib/x86_64-linux-gnu/pkgconfig:/home/autoware/Autoware/install/ros_observer/lib/pkgconfig:/home/autoware/Autoware/install/autoware_system_msgs/lib/x86_64-linux-gnu/pkgconfig:/home/autoware/Autoware/install/autoware_system_msgs/lib/pkgconfig:/home/autoware/Autoware/install/autoware_msgs/lib/x86_64-linux-gnu/pkgconfig:/home/autoware/Autoware/install/autoware_msgs/lib/pkgconfig:/home/autoware/Autoware/install/autoware_build_flags/lib/x86_64-linux-gnu/pkgconfig:/home/autoware/Autoware/install/autoware_build_flags/lib/pkgconfig:${PKG_CONFIG_PATH} PYTHONPATH=/home/autoware/Autoware/install/autoware_system_msgs/lib/python2.7/dist-packages:/home/autoware/Autoware/install/autoware_msgs/lib/python2.7/dist-packages:${PYTHONPATH} ROS_PACKAGE_PATH=/home/autoware/Autoware/install/autoware_health_checker/share:/home/autoware/Autoware/install/amathutils_lib/share:/home/autoware/Autoware/install/ros_observer/share:/home/autoware/Autoware/install/autoware_system_msgs/share:/home/autoware/Autoware/install/autoware_msgs/share:/home/autoware/Autoware/install/autoware_build_flags/share:${ROS_PACKAGE_PATH} /usr/bin/cmake --build /home/autoware/Autoware/build/vel_pose_diff_checker --target install -- -j32 -l32
