-- CUDA compilation status: ON.
-- Using CATKIN_DEVEL_PREFIX: /home/autoware/Autoware/build/detected_objects_visualizer/devel
-- Using CMAKE_PREFIX_PATH: /home/autoware/Autoware/install/autoware_msgs;/home/autoware/Autoware/install/autoware_build_flags;/home/autoware/Autoware/install/ymc;/home/autoware/Autoware/install/xsens_driver;/home/autoware/Autoware/install/wf_simulator;/home/autoware/Autoware/install/lattice_planner;/home/autoware/Autoware/install/waypoint_planner;/home/autoware/Autoware/install/waypoint_maker;/home/autoware/Autoware/install/way_planner;/home/autoware/Autoware/install/vlg22c_cam;/home/autoware/Autoware/install/vision_ssd_detect;/home/autoware/Autoware/install/vision_segment_enet_detect;/home/autoware/Autoware/install/vision_lane_detect;/home/autoware/Autoware/install/vision_darknet_detect;/home/autoware/Autoware/install/vision_beyond_track;/home/autoware/Autoware/install/vel_pose_diff_checker;/home/autoware/Autoware/install/vehicle_socket;/home/autoware/Autoware/install/vehicle_sim_model;/home/autoware/Autoware/install/vehicle_model;/home/autoware/Autoware/install/vehicle_gazebo_simulation_launcher;/home/autoware/Autoware/install/vehicle_gazebo_simulation_interface;/home/autoware/Autoware/install/vehicle_engage_panel;/home/autoware/Autoware/install/vehicle_description;/home/autoware/Autoware/install/trafficlight_recognizer;/home/autoware/Autoware/install/op_utilities;/home/autoware/Autoware/install/op_simulation_package;/home/autoware/Autoware/install/op_local_planner;/home/autoware/Autoware/install/op_global_planner;/home/autoware/Autoware/install/lidar_kf_contour_track;/home/autoware/Autoware/install/op_ros_helpers;/home/autoware/Autoware/install/ff_waypoint_follower;/home/autoware/Autoware/install/dp_planner;/home/autoware/Autoware/install/op_simu;/home/autoware/Autoware/install/op_planner;/home/autoware/Autoware/install/op_utility;/home/autoware/Autoware/install/lidar_euclidean_cluster_detect;/home/autoware/Autoware/install/vector_map_server;/home/autoware/Autoware/install/road_occupancy_processor;/home/autoware/Autoware/install/costmap_generator;/home/autoware/Autoware/install/object_map;/home/autoware/Autoware/install/naive_motion_predict;/home/autoware/Autoware/install/lanelet_aisan_converter;/home/autoware/Autoware/install/map_file;/home/autoware/Autoware/install/libvectormap;/home/autoware/Autoware/install/lane_planner;/home/autoware/Autoware/install/imm_ukf_pda_track;/home/autoware/Autoware/install/decision_maker;/home/autoware/Autoware/install/vector_map;/home/autoware/Autoware/install/vector_map_msgs;/home/autoware/Autoware/install/vectacam;/home/autoware/Autoware/install/udon_socket;/home/autoware/Autoware/install/twist_generator;/home/autoware/Autoware/install/twist_gate;/home/autoware/Autoware/install/twist_filter;/home/autoware/Autoware/install/twist2odom;/home/autoware/Autoware/install/tablet_socket;/home/autoware/Autoware/install/runtime_manager;/home/autoware/Autoware/install/mqtt_socket;/home/autoware/Autoware/install/tablet_socket_msgs;/home/autoware/Autoware/install/state_machine_lib;/home/autoware/Autoware/install/sound_player;/home/autoware/Autoware/install/sick_lms5xx;/home/autoware/Autoware/install/sick_ldmrs_tools;/home/autoware/Autoware/install/sick_ldmrs_driver;/home/autoware/Autoware/install/sick_ldmrs_msgs;/home/autoware/Autoware/install/sick_ldmrs_description;/home/autoware/Autoware/install/points2image;/home/autoware/Autoware/install/rosinterface;/home/autoware/Autoware/install/rosbag_controller;/home/autoware/Autoware/install/pure_pursuit;/home/autoware/Autoware/install/points_preprocessor;/home/autoware/Autoware/install/mpc_follower;/home/autoware/Autoware/install/lidar_localizer;/home/autoware/Autoware/install/emergency_handler;/home/autoware/Autoware/install/autoware_health_checker;/home/autoware/Autoware/install/as;/home/autoware/Autoware/install/ros_observer;/home/autoware/Autoware/install/roi_object_filter;/home/autoware/Autoware/install/range_vision_fusion;/home/autoware/Autoware/install/pos_db;/home/autoware/Autoware/install/points_downsampler;/home/autoware/Autoware/install/pixel_cloud_fusion;/home/autoware/Autoware/install/pcl_omp_registration;/home/autoware/Autoware/install/pc2_downsampler;/home/autoware/Autoware/install/oculus_socket;/home/autoware/Autoware/install/obj_db;/home/autoware/Autoware/install/nmea_navsat;/home/autoware/Autoware/install/ndt_tku;/home/autoware/Autoware/install/ndt_gpu;/home/autoware/Autoware/install/ndt_cpu;/home/autoware/Autoware/install/multi_lidar_calibrator;/home/autoware/Autoware/install/microstrain_driver;/home/autoware/Autoware/install/memsic_imu;/home/autoware/Autoware/install/marker_downsampler;/home/autoware/Autoware/install/map_tools;/home/autoware/Autoware/install/map_tf_generator;/home/autoware/Autoware/install/log_tools;/home/autoware/Autoware/install/lidar_shape_estimation;/home/autoware/Autoware/install/lidar_point_pillars;/home/autoware/Autoware/install/lidar_naive_l_shape_detect;/home/autoware/Autoware/install/lidar_fake_perception;/home/autoware/Autoware/install/lidar_apollo_cnn_seg_detect;/home/autoware/Autoware/install/libwaypoint_follower;/home/autoware/Autoware/install/lgsvl_simulator_bridge;/home/autoware/Autoware/install/lanelet2_extension;/home/autoware/Autoware/install/kvaser;/home/autoware/Autoware/install/kitti_launch;/home/autoware/Autoware/install/kitti_player;/home/autoware/Autoware/install/kitti_box_publisher;/home/autoware/Autoware/install/javad_navsat_driver;/home/autoware/Autoware/install/integrated_viewer;/home/autoware/Autoware/install/image_processor;/home/autoware/Autoware/install/hokuyo;/home/autoware/Autoware/install/graph_tools;/home/autoware/Autoware/install/gnss_localizer;/home/autoware/Autoware/install/gnss;/home/autoware/Autoware/install/glviewer;/home/autoware/Autoware/install/gazebo_world_description;/home/autoware/Autoware/install/gazebo_imu_description;/home/autoware/Autoware/install/gazebo_camera_description;/home/autoware/Autoware/install/garmin;/home/autoware/Autoware/install/freespace_planner;/home/autoware/Autoware/install/fastvirtualscan;/home/autoware/Autoware/install/ekf_localizer;/home/autoware/Autoware/install/ds4_msgs;/home/autoware/Autoware/install/ds4_driver;/home/autoware/Autoware/install/detected_objects_visualizer;/home/autoware/Autoware/install/decision_maker_panel;/home/autoware/Autoware/install/data_preprocessor;/home/autoware/Autoware/install/custom_msgs;/home/autoware/Autoware/install/carla_autoware_bridge;/home/autoware/Autoware/install/calibration_publisher;/home/autoware/Autoware/install/autoware_system_msgs;/home/autoware/Autoware/install/autoware_rviz_plugins;/home/autoware/Autoware/install/autoware_quickstart_examples;/home/autoware/Autoware/install/autoware_pointgrey_drivers;/home/autoware/Autoware/install/autoware_driveworks_interface;/home/autoware/Autoware/install/autoware_connector;/home/autoware/Autoware/install/autoware_camera_lidar_calibrator;/home/autoware/Autoware/install/astar_search;/home/autoware/Autoware/install/amathutils_lib;/home/autoware/Autoware/install/autoware_map_msgs;/home/autoware/Autoware/install/autoware_launcher_rviz;/home/autoware/Autoware/install/autoware_launcher;/home/autoware/Autoware/install/autoware_lanelet2_msgs;/home/autoware/Autoware/install/autoware_external_msgs;/home/autoware/Autoware/install/autoware_driveworks_gmsl_interface;/home/autoware/Autoware/install/autoware_config_msgs;/home/autoware/Autoware/install/autoware_can_msgs;/home/autoware/Autoware/install/autoware_bag_tools;/home/autoware/Autoware/install/adi_driver;/home/autoware/carla_ws/devel;/opt/ros/melodic
-- This workspace overlays: /home/autoware/Autoware/install/autoware_msgs;/home/autoware/Autoware/install/autoware_build_flags;/home/autoware/Autoware/install/ymc;/home/autoware/Autoware/install/xsens_driver;/home/autoware/Autoware/install/wf_simulator;/home/autoware/Autoware/install/lattice_planner;/home/autoware/Autoware/install/waypoint_planner;/home/autoware/Autoware/install/waypoint_maker;/home/autoware/Autoware/install/way_planner;/home/autoware/Autoware/install/vlg22c_cam;/home/autoware/Autoware/install/vision_ssd_detect;/home/autoware/Autoware/install/vision_segment_enet_detect;/home/autoware/Autoware/install/vision_lane_detect;/home/autoware/Autoware/install/vision_darknet_detect;/home/autoware/Autoware/install/vision_beyond_track;/home/autoware/Autoware/install/vel_pose_diff_checker;/home/autoware/Autoware/install/vehicle_socket;/home/autoware/Autoware/install/vehicle_sim_model;/home/autoware/Autoware/install/vehicle_model;/home/autoware/Autoware/install/vehicle_gazebo_simulation_launcher;/home/autoware/Autoware/install/vehicle_gazebo_simulation_interface;/home/autoware/Autoware/install/vehicle_engage_panel;/home/autoware/Autoware/install/vehicle_description;/home/autoware/Autoware/install/trafficlight_recognizer;/home/autoware/Autoware/install/op_utilities;/home/autoware/Autoware/install/op_simulation_package;/home/autoware/Autoware/install/op_local_planner;/home/autoware/Autoware/install/op_global_planner;/home/autoware/Autoware/install/lidar_kf_contour_track;/home/autoware/Autoware/install/op_ros_helpers;/home/autoware/Autoware/install/ff_waypoint_follower;/home/autoware/Autoware/install/dp_planner;/home/autoware/Autoware/install/op_simu;/home/autoware/Autoware/install/op_planner;/home/autoware/Autoware/install/op_utility;/home/autoware/Autoware/install/lidar_euclidean_cluster_detect;/home/autoware/Autoware/install/vector_map_server;/home/autoware/Autoware/install/road_occupancy_processor;/home/autoware/Autoware/install/costmap_generator;/home/autoware/Autoware/install/object_map;/home/autoware/Autoware/install/naive_motion_predict;/home/autoware/Autoware/install/lanelet_aisan_converter;/home/autoware/Autoware/install/map_file;/home/autoware/Autoware/install/libvectormap;/home/autoware/Autoware/install/lane_planner;/home/autoware/Autoware/install/imm_ukf_pda_track;/home/autoware/Autoware/install/decision_maker;/home/autoware/Autoware/install/vector_map;/home/autoware/Autoware/install/vector_map_msgs;/home/autoware/Autoware/install/vectacam;/home/autoware/Autoware/install/udon_socket;/home/autoware/Autoware/install/twist_generator;/home/autoware/Autoware/install/twist_gate;/home/autoware/Autoware/install/twist_filter;/home/autoware/Autoware/install/twist2odom;/home/autoware/Autoware/install/tablet_socket;/home/autoware/Autoware/install/runtime_manager;/home/autoware/Autoware/install/mqtt_socket;/home/autoware/Autoware/install/tablet_socket_msgs;/home/autoware/Autoware/install/state_machine_lib;/home/autoware/Autoware/install/sound_player;/home/autoware/Autoware/install/sick_lms5xx;/home/autoware/Autoware/install/sick_ldmrs_tools;/home/autoware/Autoware/install/sick_ldmrs_driver;/home/autoware/Autoware/install/sick_ldmrs_msgs;/home/autoware/Autoware/install/sick_ldmrs_description;/home/autoware/Autoware/install/points2image;/home/autoware/Autoware/install/rosinterface;/home/autoware/Autoware/install/rosbag_controller;/home/autoware/Autoware/install/pure_pursuit;/home/autoware/Autoware/install/points_preprocessor;/home/autoware/Autoware/install/mpc_follower;/home/autoware/Autoware/install/lidar_localizer;/home/autoware/Autoware/install/emergency_handler;/home/autoware/Autoware/install/autoware_health_checker;/home/autoware/Autoware/install/as;/home/autoware/Autoware/install/ros_observer;/home/autoware/Autoware/install/roi_object_filter;/home/autoware/Autoware/install/range_vision_fusion;/home/autoware/Autoware/install/pos_db;/home/autoware/Autoware/install/points_downsampler;/home/autoware/Autoware/install/pixel_cloud_fusion;/home/autoware/Autoware/install/pcl_omp_registration;/home/autoware/Autoware/install/pc2_downsampler;/home/autoware/Autoware/install/oculus_socket;/home/autoware/Autoware/install/obj_db;/home/autoware/Autoware/install/nmea_navsat;/home/autoware/Autoware/install/ndt_tku;/home/autoware/Autoware/install/ndt_gpu;/home/autoware/Autoware/install/ndt_cpu;/home/autoware/Autoware/install/multi_lidar_calibrator;/home/autoware/Autoware/install/microstrain_driver;/home/autoware/Autoware/install/memsic_imu;/home/autoware/Autoware/install/marker_downsampler;/home/autoware/Autoware/install/map_tools;/home/autoware/Autoware/install/map_tf_generator;/home/autoware/Autoware/install/log_tools;/home/autoware/Autoware/install/lidar_shape_estimation;/home/autoware/Autoware/install/lidar_point_pillars;/home/autoware/Autoware/install/lidar_naive_l_shape_detect;/home/autoware/Autoware/install/lidar_fake_perception;/home/autoware/Autoware/install/lidar_apollo_cnn_seg_detect;/home/autoware/Autoware/install/libwaypoint_follower;/home/autoware/Autoware/install/lgsvl_simulator_bridge;/home/autoware/Autoware/install/lanelet2_extension;/home/autoware/Autoware/install/kvaser;/home/autoware/Autoware/install/kitti_launch;/home/autoware/Autoware/install/kitti_player;/home/autoware/Autoware/install/kitti_box_publisher;/home/autoware/Autoware/install/javad_navsat_driver;/home/autoware/Autoware/install/integrated_viewer;/home/autoware/Autoware/install/image_processor;/home/autoware/Autoware/install/hokuyo;/home/autoware/Autoware/install/graph_tools;/home/autoware/Autoware/install/gnss_localizer;/home/autoware/Autoware/install/gnss;/home/autoware/Autoware/install/glviewer;/home/autoware/Autoware/install/gazebo_world_description;/home/autoware/Autoware/install/gazebo_imu_description;/home/autoware/Autoware/install/gazebo_camera_description;/home/autoware/Autoware/install/garmin;/home/autoware/Autoware/install/freespace_planner;/home/autoware/Autoware/install/fastvirtualscan;/home/autoware/Autoware/install/ekf_localizer;/home/autoware/Autoware/install/ds4_msgs;/home/autoware/Autoware/install/ds4_driver;/home/autoware/Autoware/install/detected_objects_visualizer;/home/autoware/Autoware/install/decision_maker_panel;/home/autoware/Autoware/install/data_preprocessor;/home/autoware/Autoware/install/custom_msgs;/home/autoware/Autoware/install/carla_autoware_bridge;/home/autoware/Autoware/install/calibration_publisher;/home/autoware/Autoware/install/autoware_system_msgs;/home/autoware/Autoware/install/autoware_rviz_plugins;/home/autoware/Autoware/install/autoware_quickstart_examples;/home/autoware/Autoware/install/autoware_pointgrey_drivers;/home/autoware/Autoware/install/autoware_driveworks_interface;/home/autoware/Autoware/install/autoware_connector;/home/autoware/Autoware/install/autoware_camera_lidar_calibrator;/home/autoware/Autoware/install/astar_search;/home/autoware/Autoware/install/amathutils_lib;/home/autoware/Autoware/install/autoware_map_msgs;/home/autoware/Autoware/install/autoware_launcher_rviz;/home/autoware/Autoware/install/autoware_launcher;/home/autoware/Autoware/install/autoware_lanelet2_msgs;/home/autoware/Autoware/install/autoware_external_msgs;/home/autoware/Autoware/install/autoware_driveworks_gmsl_interface;/home/autoware/Autoware/install/autoware_config_msgs;/home/autoware/Autoware/install/autoware_can_msgs;/home/autoware/Autoware/install/autoware_bag_tools;/home/autoware/Autoware/install/adi_driver;/home/autoware/carla_ws/devel;/opt/ros/melodic
-- Found PythonInterp: /usr/bin/python2 (found suitable version "2.7.17", minimum required is "2") 
-- Using PYTHON_EXECUTABLE: /usr/bin/python2
-- Using Debian Python package layout
-- Using empy: /usr/bin/empy
-- Using CATKIN_ENABLE_TESTING: ON
-- Call enable_testing()
-- Using CATKIN_TEST_RESULTS_DIR: /home/autoware/Autoware/build/detected_objects_visualizer/test_results
-- Found gtest sources under '/usr/src/googletest': gtests will be built
-- Found gmock sources under '/usr/src/googletest': gmock will be built
-- Found PythonInterp: /usr/bin/python2 (found version "2.7.17") 
-- Using Python nosetests: /usr/bin/nosetests-2.7
-- catkin 0.7.26
-- BUILD_SHARED_LIBS is on
-- Using these message generators: gencpp;geneus;genlisp;gennodejs;genpy
-- Configuring done
-- Generating done
-- Build files have been written to: /home/autoware/Autoware/build/detected_objects_visualizer
[  0%] Built target rosgraph_msgs_generate_messages_eus
[  0%] Built target rosgraph_msgs_generate_messages_cpp
[  0%] Built target tf2_msgs_generate_messages_cpp
[  0%] Built target geometry_msgs_generate_messages_py
[  0%] Built target sensor_msgs_generate_messages_cpp
[  0%] Built target sensor_msgs_generate_messages_nodejs
[  0%] Built target roscpp_generate_messages_cpp
[  0%] Built target jsk_recognition_msgs_generate_messages_eus
[  0%] Built target sensor_msgs_generate_messages_eus
[  0%] Built target pcl_msgs_generate_messages_eus
[  0%] Built target std_msgs_generate_messages_nodejs
[  0%] Built target visualization_msgs_generate_messages_py
[  0%] Built target autoware_msgs_generate_messages_cpp
[  0%] Built target _catkin_empty_exported_target
[  0%] Built target std_msgs_generate_messages_py
[  0%] Built target actionlib_generate_messages_cpp
[  0%] Built target autoware_msgs_generate_messages_py
[  0%] Built target jsk_recognition_msgs_generate_messages_py
[  0%] Built target jsk_recognition_msgs_generate_messages_lisp
[  0%] Built target pcl_msgs_generate_messages_nodejs
[  0%] Built target visualization_msgs_generate_messages_nodejs
[  0%] Built target std_msgs_generate_messages_cpp
[  0%] Built target tf_generate_messages_py
[  0%] Built target sensor_msgs_generate_messages_lisp
[  0%] Built target jsk_recognition_msgs_generate_messages_cpp
[  0%] Built target sensor_msgs_generate_messages_py
[  0%] Built target geometry_msgs_generate_messages_lisp
[  0%] Built target jsk_footstep_msgs_generate_messages_py
[  0%] Built target std_msgs_generate_messages_lisp
[  0%] Built target geometry_msgs_generate_messages_nodejs
[  0%] Built target geometry_msgs_generate_messages_eus
[  0%] Built target roscpp_generate_messages_nodejs
[  0%] Built target actionlib_msgs_generate_messages_nodejs
[  0%] Built target autoware_msgs_generate_messages_lisp
[  0%] Built target std_msgs_generate_messages_eus
[  0%] Built target visualization_msgs_generate_messages_lisp
[  0%] Built target pcl_msgs_generate_messages_cpp
[  0%] Built target autoware_msgs_generate_messages_eus
[  0%] Built target autoware_msgs_generate_messages_nodejs
[  0%] Built target jsk_footstep_msgs_generate_messages_eus
[  0%] Built target actionlib_msgs_generate_messages_py
[  0%] Built target actionlib_msgs_generate_messages_lisp
[  0%] Built target jsk_footstep_msgs_generate_messages_lisp
[  0%] Built target roscpp_generate_messages_lisp
[  0%] Built target jsk_footstep_msgs_generate_messages_nodejs
[  0%] Built target jsk_footstep_msgs_generate_messages_cpp
[  0%] Built target rosgraph_msgs_generate_messages_nodejs
[  0%] Built target jsk_recognition_msgs_generate_messages_nodejs
[  0%] Built target rosgraph_msgs_generate_messages_lisp
[  0%] Built target rosgraph_msgs_generate_messages_py
[  0%] Built target actionlib_msgs_generate_messages_cpp
[  0%] Built target roscpp_generate_messages_py
[  0%] Built target roscpp_generate_messages_eus
[  0%] Built target tf_generate_messages_eus
[  0%] Built target actionlib_msgs_generate_messages_eus
[  0%] Built target tf_generate_messages_lisp
[  0%] Built target pcl_msgs_generate_messages_py
[  0%] Built target geometry_msgs_generate_messages_cpp
[  0%] Built target actionlib_generate_messages_eus
[  0%] Built target tf_generate_messages_nodejs
[  0%] Built target actionlib_generate_messages_nodejs
[  0%] Built target pcl_msgs_generate_messages_lisp
[  0%] Built target actionlib_generate_messages_lisp
[  0%] Built target tf2_msgs_generate_messages_py
[  0%] Built target tf2_msgs_generate_messages_nodejs
[  0%] Built target tf_generate_messages_cpp
[  0%] Built target actionlib_generate_messages_py
[  0%] Built target tf2_msgs_generate_messages_eus
[  0%] Built target tf2_msgs_generate_messages_lisp
[  0%] Built target visualization_msgs_generate_messages_cpp
[  0%] Built target visualization_msgs_generate_messages_eus
[35m[1mScanning dependencies of target visualize_rects[0m
[ 16%] [32mBuilding CXX object CMakeFiles/visualize_rects.dir/src/visualize_rects_main.cpp.o[0m
[ 33%] [32mBuilding CXX object CMakeFiles/visualize_rects.dir/src/visualize_rects.cpp.o[0m
[ 83%] Built target visualize_detected_objects
In file included from [01m[K/home/autoware/Autoware/src/autoware/visualization/detected_objects_visualizer/src/visualize_rects.cpp:20:0[m[K:
[01m[K/home/autoware/Autoware/src/autoware/visualization/detected_objects_visualizer/include/visualize_rects.h:70:42:[m[K [01;31m[Kerror: [m[K‘[01m[KInt64[m[K’ in namespace ‘[01m[Kstd_msgs[m[K’ does not name a type
   void fit_flag_callback(const std_msgs::[01;31m[KInt64[m[K& fault_msg);
                                          [01;31m[K^~~~~[m[K
[01m[K/home/autoware/Autoware/src/autoware/visualization/detected_objects_visualizer/src/visualize_rects.cpp:[m[K In constructor ‘[01m[KVisualizeRects::VisualizeRects()[m[K’:
[01m[K/home/autoware/Autoware/src/autoware/visualization/detected_objects_visualizer/src/visualize_rects.cpp:34:3:[m[K [01;31m[Kerror: [m[Kexpected initializer before ‘[01m[Kfault_flag_[m[K’
   [01;31m[Kfault_flag_[m[K = 0;
   [01;31m[K^~~~~~~~~~~[m[K
[01m[K/home/autoware/Autoware/src/autoware/visualization/detected_objects_visualizer/src/visualize_rects.cpp:35:3:[m[K [01;31m[Kerror: [m[K‘[01m[Ksubscriber_fit_flag_[m[K’ was not declared in this scope
   [01;31m[Ksubscriber_fit_flag_[m[K = nh.subscribe("fault_flag", 1, &Yolo3DetectorNode::fit_flag_callback, this);
   [01;31m[K^~~~~~~~~~~~~~~~~~~~[m[K
In file included from [01m[K/home/autoware/Autoware/src/autoware/visualization/detected_objects_visualizer/src/visualize_rects_main.cpp:20:0[m[K:
[01m[K/home/autoware/Autoware/src/autoware/visualization/detected_objects_visualizer/include/visualize_rects.h:70:42:[m[K [01;31m[Kerror: [m[K‘[01m[KInt64[m[K’ in namespace ‘[01m[Kstd_msgs[m[K’ does not name a type
   void fit_flag_callback(const std_msgs::[01;31m[KInt64[m[K& fault_msg);
                                          [01;31m[K^~~~~[m[K
[01m[K/home/autoware/Autoware/src/autoware/visualization/detected_objects_visualizer/src/visualize_rects.cpp:35:3:[m[K [01;36m[Knote: [m[Ksuggested alternative: ‘[01m[Ksubscriber_image_[m[K’
   [01;36m[Ksubscriber_fit_flag_[m[K = nh.subscribe("fault_flag", 1, &Yolo3DetectorNode::fit_flag_callback, this);
   [01;36m[K^~~~~~~~~~~~~~~~~~~~[m[K
   [32m[Ksubscriber_image_[m[K
[01m[K/home/autoware/Autoware/src/autoware/visualization/detected_objects_visualizer/src/visualize_rects.cpp:35:57:[m[K [01;31m[Kerror: [m[K‘[01m[KYolo3DetectorNode[m[K’ has not been declared
   subscriber_fit_flag_ = nh.subscribe("fault_flag", 1, &[01;31m[KYolo3DetectorNode[m[K::fit_flag_callback, this);
                                                         [01;31m[K^~~~~~~~~~~~~~~~~[m[K
[01m[K/home/autoware/Autoware/src/autoware/visualization/detected_objects_visualizer/src/visualize_rects.cpp:36:6:[m[K [01;31m[Kerror: [m[Kexpected ‘[01m[K([m[K’ before ‘[01m[Kfault_flag_[m[K’
   if [01;31m[Kfault_flag_[m[K == 0
      [01;31m[K^~~~~~~~~~~[m[K
[01m[K/home/autoware/Autoware/src/autoware/visualization/detected_objects_visualizer/src/visualize_rects.cpp:71:3:[m[K [01;31m[Kerror: [m[K‘[01m[Kelse[m[K’ without a previous ‘[01m[Kif[m[K’
   [01;31m[Kelse[m[K
   [01;31m[K^~~~[m[K
[01m[K/home/autoware/Autoware/src/autoware/visualization/detected_objects_visualizer/src/visualize_rects.cpp:[m[K At global scope:
[01m[K/home/autoware/Autoware/src/autoware/visualization/detected_objects_visualizer/src/visualize_rects.cpp:144:56:[m[K [01;31m[Kerror: [m[K‘[01m[KInt64[m[K’ in namespace ‘[01m[Kstd_msgs[m[K’ does not name a type
 void VisualizeRects::fit_flag_callback(const std_msgs::[01;31m[KInt64[m[K& fault_msg)
                                                        [01;31m[K^~~~~[m[K
[01m[K/home/autoware/Autoware/src/autoware/visualization/detected_objects_visualizer/src/visualize_rects.cpp:[m[K In member function ‘[01m[Kvoid VisualizeRects::fit_flag_callback(const int&)[m[K’:
[01m[K/home/autoware/Autoware/src/autoware/visualization/detected_objects_visualizer/src/visualize_rects.cpp:147:19:[m[K [01;31m[Kerror: [m[Krequest for member ‘[01m[Kdata[m[K’ in ‘[01m[Kfault_msg[m[K’, which is of non-class type ‘[01m[Kconst int[m[K’
     if (fault_msg.[01;31m[Kdata[m[K == 1)
                   [01;31m[K^~~~[m[K
[01m[K/home/autoware/Autoware/src/autoware/visualization/detected_objects_visualizer/src/visualize_rects.cpp:149:9:[m[K [01;31m[Kerror: [m[K‘[01m[Kfault_flag_[m[K’ was not declared in this scope
         [01;31m[Kfault_flag_[m[K = 1;
         [01;31m[K^~~~~~~~~~~[m[K
[01m[K/home/autoware/Autoware/src/autoware/visualization/detected_objects_visualizer/src/visualize_rects.cpp:149:9:[m[K [01;36m[Knote: [m[Ksuggested alternative: ‘[01m[Kfault_msg[m[K’
         [01;36m[Kfault_flag_[m[K = 1;
         [01;36m[K^~~~~~~~~~~[m[K
         [32m[Kfault_msg[m[K
[01m[K/home/autoware/Autoware/src/autoware/visualization/detected_objects_visualizer/src/visualize_rects.cpp:153:9:[m[K [01;31m[Kerror: [m[K‘[01m[Kfault_flag_[m[K’ was not declared in this scope
         [01;31m[Kfault_flag_[m[K = 0;
         [01;31m[K^~~~~~~~~~~[m[K
[01m[K/home/autoware/Autoware/src/autoware/visualization/detected_objects_visualizer/src/visualize_rects.cpp:153:9:[m[K [01;36m[Knote: [m[Ksuggested alternative: ‘[01m[Kfault_msg[m[K’
         [01;36m[Kfault_flag_[m[K = 0;
         [01;36m[K^~~~~~~~~~~[m[K
         [32m[Kfault_msg[m[K
In file included from [01m[K/opt/ros/melodic/include/ros/ros.h:40:0[m[K,
                 from [01m[K/home/autoware/Autoware/src/autoware/visualization/detected_objects_visualizer/include/visualize_rects.h:29[m[K,
                 from [01m[K/home/autoware/Autoware/src/autoware/visualization/detected_objects_visualizer/src/visualize_rects.cpp:20[m[K:
[01m[K/home/autoware/Autoware/src/autoware/visualization/detected_objects_visualizer/src/visualize_rects.cpp:155:27:[m[K [01;31m[Kerror: [m[K‘[01m[Kfault_flag_[m[K’ was not declared in this scope
     ROS_INFO("FLAG : %d", [01;31m[Kf[m[Kault_flag_);
                           [01;31m[K^[m[K
[01m[K/opt/ros/melodic/include/ros/console.h:348:165:[m[K [01;36m[Knote: [m[Kin definition of macro ‘[01m[KROSCONSOLE_PRINT_AT_LOCATION_WITH_FILTER[m[K’
     ::ros::console::print(filter, __rosconsole_define_location__loc.logger_, __rosconsole_define_location__loc.level_, __FILE__, __LINE__, __ROSCONSOLE_FUNCTION__, [01;36m[K__VA_ARGS__[m[K)
                                                                                                                                                                     [01;36m[K^~~~~~~~~~~[m[K
[01m[K/opt/ros/melodic/include/ros/console.h:387:7:[m[K [01;36m[Knote: [m[Kin expansion of macro ‘[01m[KROSCONSOLE_PRINT_AT_LOCATION[m[K’
       [01;36m[KROSCONSOLE_PRINT_AT_LOCATION[m[K(__VA_ARGS__); \
       [01;36m[K^~~~~~~~~~~~~~~~~~~~~~~~~~~~[m[K
[01m[K/opt/ros/melodic/include/ros/console.h:572:35:[m[K [01;36m[Knote: [m[Kin expansion of macro ‘[01m[KROS_LOG_COND[m[K’
 #define ROS_LOG(level, name, ...) [01;36m[KROS_LOG_COND[m[K(true, level, name, __VA_ARGS__)
                                   [01;36m[K^~~~~~~~~~~~[m[K
[01m[K/opt/ros/melodic/include/rosconsole/macros_generated.h:110:23:[m[K [01;36m[Knote: [m[Kin expansion of macro ‘[01m[KROS_LOG[m[K’
 #define ROS_INFO(...) [01;36m[KROS_LOG[m[K(::ros::console::levels::Info, ROSCONSOLE_DEFAULT_NAME, __VA_ARGS__)
                       [01;36m[K^~~~~~~[m[K
[01m[K/home/autoware/Autoware/src/autoware/visualization/detected_objects_visualizer/src/visualize_rects.cpp:155:5:[m[K [01;36m[Knote: [m[Kin expansion of macro ‘[01m[KROS_INFO[m[K’
     [01;36m[KR[m[KOS_INFO("FLAG : %d", fault_flag_);
     [01;36m[K^[m[K
[01m[K/home/autoware/Autoware/src/autoware/visualization/detected_objects_visualizer/src/visualize_rects.cpp:155:27:[m[K [01;36m[Knote: [m[Ksuggested alternative: ‘[01m[Kfault_msg[m[K’
     ROS_INFO("FLAG : %d", [01;36m[Kf[m[Kault_flag_);
                           [01;36m[K^[m[K
[01m[K/opt/ros/melodic/include/ros/console.h:348:165:[m[K [01;36m[Knote: [m[Kin definition of macro ‘[01m[KROSCONSOLE_PRINT_AT_LOCATION_WITH_FILTER[m[K’
     ::ros::console::print(filter, __rosconsole_define_location__loc.logger_, __rosconsole_define_location__loc.level_, __FILE__, __LINE__, __ROSCONSOLE_FUNCTION__, [01;36m[K__VA_ARGS__[m[K)
                                                                                                                                                                     [01;36m[K^~~~~~~~~~~[m[K
[01m[K/opt/ros/melodic/include/ros/console.h:387:7:[m[K [01;36m[Knote: [m[Kin expansion of macro ‘[01m[KROSCONSOLE_PRINT_AT_LOCATION[m[K’
       [01;36m[KROSCONSOLE_PRINT_AT_LOCATION[m[K(__VA_ARGS__); \
       [01;36m[K^~~~~~~~~~~~~~~~~~~~~~~~~~~~[m[K
[01m[K/opt/ros/melodic/include/ros/console.h:572:35:[m[K [01;36m[Knote: [m[Kin expansion of macro ‘[01m[KROS_LOG_COND[m[K’
 #define ROS_LOG(level, name, ...) [01;36m[KROS_LOG_COND[m[K(true, level, name, __VA_ARGS__)
                                   [01;36m[K^~~~~~~~~~~~[m[K
[01m[K/opt/ros/melodic/include/rosconsole/macros_generated.h:110:23:[m[K [01;36m[Knote: [m[Kin expansion of macro ‘[01m[KROS_LOG[m[K’
 #define ROS_INFO(...) [01;36m[KROS_LOG[m[K(::ros::console::levels::Info, ROSCONSOLE_DEFAULT_NAME, __VA_ARGS__)
                       [01;36m[K^~~~~~~[m[K
[01m[K/home/autoware/Autoware/src/autoware/visualization/detected_objects_visualizer/src/visualize_rects.cpp:155:5:[m[K [01;36m[Knote: [m[Kin expansion of macro ‘[01m[KROS_INFO[m[K’
     [01;36m[KR[m[KOS_INFO("FLAG : %d", fault_flag_);
     [01;36m[K^[m[K
CMakeFiles/visualize_rects.dir/build.make:62: recipe for target 'CMakeFiles/visualize_rects.dir/src/visualize_rects_main.cpp.o' failed
make[2]: *** [CMakeFiles/visualize_rects.dir/src/visualize_rects_main.cpp.o] Error 1
make[2]: *** Waiting for unfinished jobs....
CMakeFiles/visualize_rects.dir/build.make:86: recipe for target 'CMakeFiles/visualize_rects.dir/src/visualize_rects.cpp.o' failed
make[2]: *** [CMakeFiles/visualize_rects.dir/src/visualize_rects.cpp.o] Error 1
CMakeFiles/Makefile2:2676: recipe for target 'CMakeFiles/visualize_rects.dir/all' failed
make[1]: *** [CMakeFiles/visualize_rects.dir/all] Error 2
Makefile:140: recipe for target 'all' failed
make: *** [all] Error 2
