[0.258s] Invoking command in '/home/autoware/Autoware/build/lattice_planner': CMAKE_PREFIX_PATH=/home/autoware/Autoware/install/waypoint_planner:/home/autoware/Autoware/install/libwaypoint_follower:/home/autoware/Autoware/install/lanelet2_extension:/home/autoware/Autoware/install/vector_map:/home/autoware/Autoware/install/autoware_health_checker:/home/autoware/Autoware/install/astar_search:/home/autoware/Autoware/install/amathutils_lib:/home/autoware/Autoware/install/vector_map_msgs:/home/autoware/Autoware/install/ros_observer:/home/autoware/Autoware/install/gnss:/home/autoware/Autoware/install/autoware_system_msgs:/home/autoware/Autoware/install/autoware_msgs:/home/autoware/Autoware/install/autoware_lanelet2_msgs:/home/autoware/Autoware/install/autoware_config_msgs:/home/autoware/Autoware/install/autoware_can_msgs:/home/autoware/Autoware/install/autoware_build_flags:${CMAKE_PREFIX_PATH} LD_LIBRARY_PATH=/home/autoware/Autoware/install/libwaypoint_follower/lib:/home/autoware/Autoware/install/lanelet2_extension/lib:/home/autoware/Autoware/install/vector_map/lib:/home/autoware/Autoware/install/autoware_health_checker/lib:/home/autoware/Autoware/install/astar_search/lib:/home/autoware/Autoware/install/amathutils_lib/lib:/home/autoware/Autoware/install/ros_observer/lib:/home/autoware/Autoware/install/gnss/lib:${LD_LIBRARY_PATH} PKG_CONFIG_PATH=/home/autoware/Autoware/install/waypoint_planner/lib/x86_64-linux-gnu/pkgconfig:/home/autoware/Autoware/install/waypoint_planner/lib/pkgconfig:/home/autoware/Autoware/install/libwaypoint_follower/lib/x86_64-linux-gnu/pkgconfig:/home/autoware/Autoware/install/libwaypoint_follower/lib/pkgconfig:/home/autoware/Autoware/install/lanelet2_extension/lib/x86_64-linux-gnu/pkgconfig:/home/autoware/Autoware/install/lanelet2_extension/lib/pkgconfig:/home/autoware/Autoware/install/vector_map/lib/x86_64-linux-gnu/pkgconfig:/home/autoware/Autoware/install/vector_map/lib/pkgconfig:/home/autoware/Autoware/install/autoware_health_checker/lib/x86_64-linux-gnu/pkgconfig:/home/autoware/Autoware/install/autoware_health_checker/lib/pkgconfig:/home/autoware/Autoware/install/astar_search/lib/x86_64-linux-gnu/pkgconfig:/home/autoware/Autoware/install/astar_search/lib/pkgconfig:/home/autoware/Autoware/install/amathutils_lib/lib/x86_64-linux-gnu/pkgconfig:/home/autoware/Autoware/install/amathutils_lib/lib/pkgconfig:/home/autoware/Autoware/install/vector_map_msgs/lib/x86_64-linux-gnu/pkgconfig:/home/autoware/Autoware/install/vector_map_msgs/lib/pkgconfig:/home/autoware/Autoware/install/ros_observer/lib/x86_64-linux-gnu/pkgconfig:/home/autoware/Autoware/install/ros_observer/lib/pkgconfig:/home/autoware/Autoware/install/gnss/lib/x86_64-linux-gnu/pkgconfig:/home/autoware/Autoware/install/gnss/lib/pkgconfig:/home/autoware/Autoware/install/autoware_system_msgs/lib/x86_64-linux-gnu/pkgconfig:/home/autoware/Autoware/install/autoware_system_msgs/lib/pkgconfig:/home/autoware/Autoware/install/autoware_msgs/lib/x86_64-linux-gnu/pkgconfig:/home/autoware/Autoware/install/autoware_msgs/lib/pkgconfig:/home/autoware/Autoware/install/autoware_lanelet2_msgs/lib/x86_64-linux-gnu/pkgconfig:/home/autoware/Autoware/install/autoware_lanelet2_msgs/lib/pkgconfig:/home/autoware/Autoware/install/autoware_config_msgs/lib/x86_64-linux-gnu/pkgconfig:/home/autoware/Autoware/install/autoware_config_msgs/lib/pkgconfig:/home/autoware/Autoware/install/autoware_can_msgs/lib/x86_64-linux-gnu/pkgconfig:/home/autoware/Autoware/install/autoware_can_msgs/lib/pkgconfig:/home/autoware/Autoware/install/autoware_build_flags/lib/x86_64-linux-gnu/pkgconfig:/home/autoware/Autoware/install/autoware_build_flags/lib/pkgconfig:${PKG_CONFIG_PATH} PYTHONPATH=/home/autoware/Autoware/install/vector_map_msgs/lib/python2.7/dist-packages:/home/autoware/Autoware/install/autoware_system_msgs/lib/python2.7/dist-packages:/home/autoware/Autoware/install/autoware_msgs/lib/python2.7/dist-packages:/home/autoware/Autoware/install/autoware_lanelet2_msgs/lib/python2.7/dist-packages:/home/autoware/Autoware/install/autoware_config_msgs/lib/python2.7/dist-packages:/home/autoware/Autoware/install/autoware_can_msgs/lib/python2.7/dist-packages:${PYTHONPATH} ROS_PACKAGE_PATH=/home/autoware/Autoware/install/waypoint_planner/share:/home/autoware/Autoware/install/libwaypoint_follower/share:/home/autoware/Autoware/install/lanelet2_extension/share:/home/autoware/Autoware/install/vector_map/share:/home/autoware/Autoware/install/autoware_health_checker/share:/home/autoware/Autoware/install/astar_search/share:/home/autoware/Autoware/install/amathutils_lib/share:/home/autoware/Autoware/install/vector_map_msgs/share:/home/autoware/Autoware/install/ros_observer/share:/home/autoware/Autoware/install/gnss/share:/home/autoware/Autoware/install/autoware_system_msgs/share:/home/autoware/Autoware/install/autoware_msgs/share:/home/autoware/Autoware/install/autoware_lanelet2_msgs/share:/home/autoware/Autoware/install/autoware_config_msgs/share:/home/autoware/Autoware/install/autoware_can_msgs/share:/home/autoware/Autoware/install/autoware_build_flags/share:${ROS_PACKAGE_PATH} /usr/bin/cmake --build /home/autoware/Autoware/build/lattice_planner -- -j32 -l32
[0.497s] [  0%] Built target bond_generate_messages_cpp
[0.497s] [  0%] Built target nodelet_generate_messages_eus
[0.497s] [  0%] Built target std_srvs_generate_messages_py
[0.498s] [  0%] Built target vector_map_msgs_generate_messages_py
[0.499s] [  0%] Built target vector_map_msgs_generate_messages_eus
[0.499s] [  0%] Built target visualization_msgs_generate_messages_py
[0.499s] [  0%] Built target pcl_ros_gencfg
[0.500s] [  0%] Built target bond_generate_messages_lisp
[0.503s] [  0%] Built target nodelet_generate_messages_cpp
[0.506s] [  0%] Built target std_srvs_generate_messages_nodejs
[0.523s] [  0%] Built target tf2_msgs_generate_messages_lisp
[0.524s] [  0%] Built target topic_tools_generate_messages_eus
[0.525s] [  0%] Built target tf2_msgs_generate_messages_nodejs
[0.525s] [  0%] Built target jsk_recognition_msgs_generate_messages_lisp
[0.535s] [  0%] Built target topic_tools_generate_messages_nodejs
[0.535s] [  9%] Built target visualization_msgs_generate_messages_eus
[0.535s] [ 18%] Built target libtraj_gen
[0.542s] [ 18%] Built target tf2_msgs_generate_messages_cpp
[0.542s] [ 18%] Built target std_srvs_generate_messages_lisp
[0.544s] [ 18%] Built target geometry_msgs_generate_messages_lisp
[0.545s] [ 18%] Built target dynamic_reconfigure_generate_messages_eus
[0.547s] [ 18%] Built target visualization_msgs_generate_messages_nodejs
[0.551s] [ 18%] Built target vector_map_msgs_generate_messages_lisp
[0.559s] [ 18%] Built target dynamic_reconfigure_generate_messages_lisp
[0.562s] [ 18%] Built target bond_generate_messages_eus
[0.562s] [ 18%] Built target vector_map_msgs_generate_messages_nodejs
[0.564s] [ 18%] Built target topic_tools_generate_messages_cpp
[0.566s] [ 18%] Built target vector_map_msgs_generate_messages_cpp
[0.573s] [ 18%] Built target jsk_recognition_msgs_generate_messages_eus
[0.582s] [ 18%] Built target geometry_msgs_generate_messages_eus
[0.582s] [ 18%] Built target jsk_recognition_msgs_generate_messages_cpp
[0.582s] [ 18%] Built target rosgraph_msgs_generate_messages_eus
[0.587s] [ 18%] Built target nodelet_generate_messages_nodejs
[0.593s] [ 18%] Built target autoware_msgs_generate_messages_cpp
[0.607s] [ 18%] Built target bond_generate_messages_py
[0.623s] [ 18%] Built target std_srvs_generate_messages_cpp
[0.628s] [ 18%] Built target sensor_msgs_generate_messages_lisp
[0.638s] [ 18%] Built target autoware_config_msgs_generate_messages_eus
[0.641s] [ 18%] Built target rosgraph_msgs_generate_messages_cpp
[0.653s] [ 18%] Built target jsk_recognition_msgs_generate_messages_py
[0.655s] [ 18%] Built target autoware_config_msgs_generate_messages_lisp
[0.655s] [ 18%] Built target autoware_can_msgs_generate_messages_nodejs
[0.657s] [ 18%] Built target nodelet_generate_messages_lisp
[0.667s] [ 18%] Built target topic_tools_generate_messages_lisp
[0.668s] [ 18%] Built target autoware_msgs_generate_messages_eus
[0.670s] [ 18%] Built target std_msgs_generate_messages_cpp
[0.674s] [ 18%] Built target actionlib_msgs_generate_messages_nodejs
[0.675s] [ 18%] Built target jsk_footstep_msgs_generate_messages_py
[0.675s] [ 18%] Built target autoware_can_msgs_generate_messages_lisp
[0.678s] [ 18%] Built target autoware_can_msgs_generate_messages_cpp
[0.678s] [ 18%] Built target autoware_msgs_generate_messages_lisp
[0.681s] [ 18%] Built target roscpp_generate_messages_eus
[0.681s] [ 18%] Built target dynamic_reconfigure_generate_messages_py
[0.685s] [ 18%] Built target autoware_msgs_generate_messages_nodejs
[0.687s] [ 18%] Built target visualization_msgs_generate_messages_lisp
[0.688s] [ 18%] Built target std_msgs_generate_messages_py
[0.698s] [ 18%] Built target nodelet_topic_tools_gencfg
[0.701s] [ 18%] Built target autoware_msgs_generate_messages_py
[0.702s] [ 18%] Built target rosgraph_msgs_generate_messages_py
[0.704s] [ 18%] Built target std_msgs_generate_messages_eus
[0.705s] [ 18%] Built target topic_tools_generate_messages_py
[0.714s] [ 18%] Built target autoware_can_msgs_generate_messages_py
[0.717s] [ 18%] Built target geometry_msgs_generate_messages_nodejs
[0.721s] [ 18%] Built target bond_generate_messages_nodejs
[0.727s] [ 18%] Built target actionlib_msgs_generate_messages_eus
[0.730s] [ 18%] Built target std_msgs_generate_messages_lisp
[0.731s] [ 18%] Built target roscpp_generate_messages_nodejs
[0.732s] [ 18%] Built target geometry_msgs_generate_messages_py
[0.739s] [ 18%] Built target autoware_config_msgs_generate_messages_py
[0.745s] [ 18%] Built target autoware_can_msgs_generate_messages_eus
[0.762s] [ 18%] Built target nodelet_generate_messages_py
[0.766s] [ 18%] Built target sensor_msgs_generate_messages_py
[0.766s] [ 18%] Built target std_msgs_generate_messages_nodejs
[0.767s] [ 18%] Built target roscpp_generate_messages_cpp
[0.771s] [ 18%] Built target actionlib_msgs_generate_messages_py
[0.773s] [ 18%] Built target sensor_msgs_generate_messages_cpp
[0.774s] [ 18%] Built target actionlib_generate_messages_cpp
[0.777s] [ 18%] Built target pcl_msgs_generate_messages_nodejs
[0.782s] [ 18%] Built target pcl_msgs_generate_messages_lisp
[0.782s] [ 18%] Built target actionlib_generate_messages_nodejs
[0.783s] [ 18%] Built target pcl_msgs_generate_messages_cpp
[0.784s] [ 18%] Built target dynamic_reconfigure_generate_messages_nodejs
[0.788s] [ 18%] Built target sensor_msgs_generate_messages_eus
[0.796s] [ 18%] Built target jsk_footstep_msgs_generate_messages_eus
[0.798s] [ 18%] Built target sensor_msgs_generate_messages_nodejs
[0.800s] [ 18%] Built target tf_generate_messages_eus
[0.802s] [ 18%] Built target tf_generate_messages_nodejs
[0.803s] [ 18%] Built target dynamic_reconfigure_generate_messages_cpp
[0.803s] [ 18%] Built target pcl_msgs_generate_messages_eus
[0.808s] [ 18%] Built target tf_generate_messages_py
[0.816s] [ 18%] Built target jsk_recognition_msgs_generate_messages_nodejs
[0.816s] [ 18%] Built target jsk_footstep_msgs_generate_messages_lisp
[0.817s] [ 18%] Built target actionlib_msgs_generate_messages_cpp
[0.818s] [ 18%] Built target tf_generate_messages_cpp
[0.820s] [ 18%] Built target jsk_footstep_msgs_generate_messages_cpp
[0.821s] [ 18%] Built target jsk_footstep_msgs_generate_messages_nodejs
[0.823s] [ 18%] Built target geometry_msgs_generate_messages_cpp
[0.824s] [ 18%] Built target roscpp_generate_messages_lisp
[0.824s] [ 18%] Built target tf_generate_messages_lisp
[0.827s] [ 18%] Built target std_srvs_generate_messages_eus
[0.827s] [ 18%] Built target rosgraph_msgs_generate_messages_lisp
[0.828s] [ 18%] Built target autoware_config_msgs_generate_messages_nodejs
[0.831s] [ 18%] Built target actionlib_msgs_generate_messages_lisp
[0.832s] [ 18%] Built target pcl_msgs_generate_messages_py
[0.833s] [ 18%] Built target roscpp_generate_messages_py
[0.834s] [ 18%] Built target rosgraph_msgs_generate_messages_nodejs
[0.834s] [ 18%] Built target tf2_msgs_generate_messages_py
[0.834s] [ 18%] Built target actionlib_generate_messages_eus
[0.836s] [ 18%] Built target actionlib_generate_messages_py
[0.836s] [ 18%] Built target actionlib_generate_messages_lisp
[0.837s] [ 18%] Built target visualization_msgs_generate_messages_cpp
[0.840s] [ 18%] Built target tf2_msgs_generate_messages_eus
[0.843s] [ 18%] Built target autoware_config_msgs_generate_messages_cpp
[0.844s] [ 18%] Built target dynamic_reconfigure_gencfg
[0.884s] [ 36%] Built target path_select
[0.886s] [ 54%] Built target lattice_twist_convert
[0.886s] [ 72%] Built target lattice_trajectory_gen
[0.898s] [100%] Built target lattice_velocity_set
[0.910s] Invoked command in '/home/autoware/Autoware/build/lattice_planner' returned '0': CMAKE_PREFIX_PATH=/home/autoware/Autoware/install/waypoint_planner:/home/autoware/Autoware/install/libwaypoint_follower:/home/autoware/Autoware/install/lanelet2_extension:/home/autoware/Autoware/install/vector_map:/home/autoware/Autoware/install/autoware_health_checker:/home/autoware/Autoware/install/astar_search:/home/autoware/Autoware/install/amathutils_lib:/home/autoware/Autoware/install/vector_map_msgs:/home/autoware/Autoware/install/ros_observer:/home/autoware/Autoware/install/gnss:/home/autoware/Autoware/install/autoware_system_msgs:/home/autoware/Autoware/install/autoware_msgs:/home/autoware/Autoware/install/autoware_lanelet2_msgs:/home/autoware/Autoware/install/autoware_config_msgs:/home/autoware/Autoware/install/autoware_can_msgs:/home/autoware/Autoware/install/autoware_build_flags:${CMAKE_PREFIX_PATH} LD_LIBRARY_PATH=/home/autoware/Autoware/install/libwaypoint_follower/lib:/home/autoware/Autoware/install/lanelet2_extension/lib:/home/autoware/Autoware/install/vector_map/lib:/home/autoware/Autoware/install/autoware_health_checker/lib:/home/autoware/Autoware/install/astar_search/lib:/home/autoware/Autoware/install/amathutils_lib/lib:/home/autoware/Autoware/install/ros_observer/lib:/home/autoware/Autoware/install/gnss/lib:${LD_LIBRARY_PATH} PKG_CONFIG_PATH=/home/autoware/Autoware/install/waypoint_planner/lib/x86_64-linux-gnu/pkgconfig:/home/autoware/Autoware/install/waypoint_planner/lib/pkgconfig:/home/autoware/Autoware/install/libwaypoint_follower/lib/x86_64-linux-gnu/pkgconfig:/home/autoware/Autoware/install/libwaypoint_follower/lib/pkgconfig:/home/autoware/Autoware/install/lanelet2_extension/lib/x86_64-linux-gnu/pkgconfig:/home/autoware/Autoware/install/lanelet2_extension/lib/pkgconfig:/home/autoware/Autoware/install/vector_map/lib/x86_64-linux-gnu/pkgconfig:/home/autoware/Autoware/install/vector_map/lib/pkgconfig:/home/autoware/Autoware/install/autoware_health_checker/lib/x86_64-linux-gnu/pkgconfig:/home/autoware/Autoware/install/autoware_health_checker/lib/pkgconfig:/home/autoware/Autoware/install/astar_search/lib/x86_64-linux-gnu/pkgconfig:/home/autoware/Autoware/install/astar_search/lib/pkgconfig:/home/autoware/Autoware/install/amathutils_lib/lib/x86_64-linux-gnu/pkgconfig:/home/autoware/Autoware/install/amathutils_lib/lib/pkgconfig:/home/autoware/Autoware/install/vector_map_msgs/lib/x86_64-linux-gnu/pkgconfig:/home/autoware/Autoware/install/vector_map_msgs/lib/pkgconfig:/home/autoware/Autoware/install/ros_observer/lib/x86_64-linux-gnu/pkgconfig:/home/autoware/Autoware/install/ros_observer/lib/pkgconfig:/home/autoware/Autoware/install/gnss/lib/x86_64-linux-gnu/pkgconfig:/home/autoware/Autoware/install/gnss/lib/pkgconfig:/home/autoware/Autoware/install/autoware_system_msgs/lib/x86_64-linux-gnu/pkgconfig:/home/autoware/Autoware/install/autoware_system_msgs/lib/pkgconfig:/home/autoware/Autoware/install/autoware_msgs/lib/x86_64-linux-gnu/pkgconfig:/home/autoware/Autoware/install/autoware_msgs/lib/pkgconfig:/home/autoware/Autoware/install/autoware_lanelet2_msgs/lib/x86_64-linux-gnu/pkgconfig:/home/autoware/Autoware/install/autoware_lanelet2_msgs/lib/pkgconfig:/home/autoware/Autoware/install/autoware_config_msgs/lib/x86_64-linux-gnu/pkgconfig:/home/autoware/Autoware/install/autoware_config_msgs/lib/pkgconfig:/home/autoware/Autoware/install/autoware_can_msgs/lib/x86_64-linux-gnu/pkgconfig:/home/autoware/Autoware/install/autoware_can_msgs/lib/pkgconfig:/home/autoware/Autoware/install/autoware_build_flags/lib/x86_64-linux-gnu/pkgconfig:/home/autoware/Autoware/install/autoware_build_flags/lib/pkgconfig:${PKG_CONFIG_PATH} PYTHONPATH=/home/autoware/Autoware/install/vector_map_msgs/lib/python2.7/dist-packages:/home/autoware/Autoware/install/autoware_system_msgs/lib/python2.7/dist-packages:/home/autoware/Autoware/install/autoware_msgs/lib/python2.7/dist-packages:/home/autoware/Autoware/install/autoware_lanelet2_msgs/lib/python2.7/dist-packages:/home/autoware/Autoware/install/autoware_config_msgs/lib/python2.7/dist-packages:/home/autoware/Autoware/install/autoware_can_msgs/lib/python2.7/dist-packages:${PYTHONPATH} ROS_PACKAGE_PATH=/home/autoware/Autoware/install/waypoint_planner/share:/home/autoware/Autoware/install/libwaypoint_follower/share:/home/autoware/Autoware/install/lanelet2_extension/share:/home/autoware/Autoware/install/vector_map/share:/home/autoware/Autoware/install/autoware_health_checker/share:/home/autoware/Autoware/install/astar_search/share:/home/autoware/Autoware/install/amathutils_lib/share:/home/autoware/Autoware/install/vector_map_msgs/share:/home/autoware/Autoware/install/ros_observer/share:/home/autoware/Autoware/install/gnss/share:/home/autoware/Autoware/install/autoware_system_msgs/share:/home/autoware/Autoware/install/autoware_msgs/share:/home/autoware/Autoware/install/autoware_lanelet2_msgs/share:/home/autoware/Autoware/install/autoware_config_msgs/share:/home/autoware/Autoware/install/autoware_can_msgs/share:/home/autoware/Autoware/install/autoware_build_flags/share:${ROS_PACKAGE_PATH} /usr/bin/cmake --build /home/autoware/Autoware/build/lattice_planner -- -j32 -l32
[1.050s] Invoking command in '/home/autoware/Autoware/build/lattice_planner': CMAKE_PREFIX_PATH=/home/autoware/Autoware/install/waypoint_planner:/home/autoware/Autoware/install/libwaypoint_follower:/home/autoware/Autoware/install/lanelet2_extension:/home/autoware/Autoware/install/vector_map:/home/autoware/Autoware/install/autoware_health_checker:/home/autoware/Autoware/install/astar_search:/home/autoware/Autoware/install/amathutils_lib:/home/autoware/Autoware/install/vector_map_msgs:/home/autoware/Autoware/install/ros_observer:/home/autoware/Autoware/install/gnss:/home/autoware/Autoware/install/autoware_system_msgs:/home/autoware/Autoware/install/autoware_msgs:/home/autoware/Autoware/install/autoware_lanelet2_msgs:/home/autoware/Autoware/install/autoware_config_msgs:/home/autoware/Autoware/install/autoware_can_msgs:/home/autoware/Autoware/install/autoware_build_flags:${CMAKE_PREFIX_PATH} LD_LIBRARY_PATH=/home/autoware/Autoware/install/libwaypoint_follower/lib:/home/autoware/Autoware/install/lanelet2_extension/lib:/home/autoware/Autoware/install/vector_map/lib:/home/autoware/Autoware/install/autoware_health_checker/lib:/home/autoware/Autoware/install/astar_search/lib:/home/autoware/Autoware/install/amathutils_lib/lib:/home/autoware/Autoware/install/ros_observer/lib:/home/autoware/Autoware/install/gnss/lib:${LD_LIBRARY_PATH} PKG_CONFIG_PATH=/home/autoware/Autoware/install/waypoint_planner/lib/x86_64-linux-gnu/pkgconfig:/home/autoware/Autoware/install/waypoint_planner/lib/pkgconfig:/home/autoware/Autoware/install/libwaypoint_follower/lib/x86_64-linux-gnu/pkgconfig:/home/autoware/Autoware/install/libwaypoint_follower/lib/pkgconfig:/home/autoware/Autoware/install/lanelet2_extension/lib/x86_64-linux-gnu/pkgconfig:/home/autoware/Autoware/install/lanelet2_extension/lib/pkgconfig:/home/autoware/Autoware/install/vector_map/lib/x86_64-linux-gnu/pkgconfig:/home/autoware/Autoware/install/vector_map/lib/pkgconfig:/home/autoware/Autoware/install/autoware_health_checker/lib/x86_64-linux-gnu/pkgconfig:/home/autoware/Autoware/install/autoware_health_checker/lib/pkgconfig:/home/autoware/Autoware/install/astar_search/lib/x86_64-linux-gnu/pkgconfig:/home/autoware/Autoware/install/astar_search/lib/pkgconfig:/home/autoware/Autoware/install/amathutils_lib/lib/x86_64-linux-gnu/pkgconfig:/home/autoware/Autoware/install/amathutils_lib/lib/pkgconfig:/home/autoware/Autoware/install/vector_map_msgs/lib/x86_64-linux-gnu/pkgconfig:/home/autoware/Autoware/install/vector_map_msgs/lib/pkgconfig:/home/autoware/Autoware/install/ros_observer/lib/x86_64-linux-gnu/pkgconfig:/home/autoware/Autoware/install/ros_observer/lib/pkgconfig:/home/autoware/Autoware/install/gnss/lib/x86_64-linux-gnu/pkgconfig:/home/autoware/Autoware/install/gnss/lib/pkgconfig:/home/autoware/Autoware/install/autoware_system_msgs/lib/x86_64-linux-gnu/pkgconfig:/home/autoware/Autoware/install/autoware_system_msgs/lib/pkgconfig:/home/autoware/Autoware/install/autoware_msgs/lib/x86_64-linux-gnu/pkgconfig:/home/autoware/Autoware/install/autoware_msgs/lib/pkgconfig:/home/autoware/Autoware/install/autoware_lanelet2_msgs/lib/x86_64-linux-gnu/pkgconfig:/home/autoware/Autoware/install/autoware_lanelet2_msgs/lib/pkgconfig:/home/autoware/Autoware/install/autoware_config_msgs/lib/x86_64-linux-gnu/pkgconfig:/home/autoware/Autoware/install/autoware_config_msgs/lib/pkgconfig:/home/autoware/Autoware/install/autoware_can_msgs/lib/x86_64-linux-gnu/pkgconfig:/home/autoware/Autoware/install/autoware_can_msgs/lib/pkgconfig:/home/autoware/Autoware/install/autoware_build_flags/lib/x86_64-linux-gnu/pkgconfig:/home/autoware/Autoware/install/autoware_build_flags/lib/pkgconfig:${PKG_CONFIG_PATH} PYTHONPATH=/home/autoware/Autoware/install/vector_map_msgs/lib/python2.7/dist-packages:/home/autoware/Autoware/install/autoware_system_msgs/lib/python2.7/dist-packages:/home/autoware/Autoware/install/autoware_msgs/lib/python2.7/dist-packages:/home/autoware/Autoware/install/autoware_lanelet2_msgs/lib/python2.7/dist-packages:/home/autoware/Autoware/install/autoware_config_msgs/lib/python2.7/dist-packages:/home/autoware/Autoware/install/autoware_can_msgs/lib/python2.7/dist-packages:${PYTHONPATH} ROS_PACKAGE_PATH=/home/autoware/Autoware/install/waypoint_planner/share:/home/autoware/Autoware/install/libwaypoint_follower/share:/home/autoware/Autoware/install/lanelet2_extension/share:/home/autoware/Autoware/install/vector_map/share:/home/autoware/Autoware/install/autoware_health_checker/share:/home/autoware/Autoware/install/astar_search/share:/home/autoware/Autoware/install/amathutils_lib/share:/home/autoware/Autoware/install/vector_map_msgs/share:/home/autoware/Autoware/install/ros_observer/share:/home/autoware/Autoware/install/gnss/share:/home/autoware/Autoware/install/autoware_system_msgs/share:/home/autoware/Autoware/install/autoware_msgs/share:/home/autoware/Autoware/install/autoware_lanelet2_msgs/share:/home/autoware/Autoware/install/autoware_config_msgs/share:/home/autoware/Autoware/install/autoware_can_msgs/share:/home/autoware/Autoware/install/autoware_build_flags/share:${ROS_PACKAGE_PATH} /usr/bin/cmake --build /home/autoware/Autoware/build/lattice_planner --target tests -- -j32 -l32
[1.208s] Built target tests
[1.233s] Invoked command in '/home/autoware/Autoware/build/lattice_planner' returned '0': CMAKE_PREFIX_PATH=/home/autoware/Autoware/install/waypoint_planner:/home/autoware/Autoware/install/libwaypoint_follower:/home/autoware/Autoware/install/lanelet2_extension:/home/autoware/Autoware/install/vector_map:/home/autoware/Autoware/install/autoware_health_checker:/home/autoware/Autoware/install/astar_search:/home/autoware/Autoware/install/amathutils_lib:/home/autoware/Autoware/install/vector_map_msgs:/home/autoware/Autoware/install/ros_observer:/home/autoware/Autoware/install/gnss:/home/autoware/Autoware/install/autoware_system_msgs:/home/autoware/Autoware/install/autoware_msgs:/home/autoware/Autoware/install/autoware_lanelet2_msgs:/home/autoware/Autoware/install/autoware_config_msgs:/home/autoware/Autoware/install/autoware_can_msgs:/home/autoware/Autoware/install/autoware_build_flags:${CMAKE_PREFIX_PATH} LD_LIBRARY_PATH=/home/autoware/Autoware/install/libwaypoint_follower/lib:/home/autoware/Autoware/install/lanelet2_extension/lib:/home/autoware/Autoware/install/vector_map/lib:/home/autoware/Autoware/install/autoware_health_checker/lib:/home/autoware/Autoware/install/astar_search/lib:/home/autoware/Autoware/install/amathutils_lib/lib:/home/autoware/Autoware/install/ros_observer/lib:/home/autoware/Autoware/install/gnss/lib:${LD_LIBRARY_PATH} PKG_CONFIG_PATH=/home/autoware/Autoware/install/waypoint_planner/lib/x86_64-linux-gnu/pkgconfig:/home/autoware/Autoware/install/waypoint_planner/lib/pkgconfig:/home/autoware/Autoware/install/libwaypoint_follower/lib/x86_64-linux-gnu/pkgconfig:/home/autoware/Autoware/install/libwaypoint_follower/lib/pkgconfig:/home/autoware/Autoware/install/lanelet2_extension/lib/x86_64-linux-gnu/pkgconfig:/home/autoware/Autoware/install/lanelet2_extension/lib/pkgconfig:/home/autoware/Autoware/install/vector_map/lib/x86_64-linux-gnu/pkgconfig:/home/autoware/Autoware/install/vector_map/lib/pkgconfig:/home/autoware/Autoware/install/autoware_health_checker/lib/x86_64-linux-gnu/pkgconfig:/home/autoware/Autoware/install/autoware_health_checker/lib/pkgconfig:/home/autoware/Autoware/install/astar_search/lib/x86_64-linux-gnu/pkgconfig:/home/autoware/Autoware/install/astar_search/lib/pkgconfig:/home/autoware/Autoware/install/amathutils_lib/lib/x86_64-linux-gnu/pkgconfig:/home/autoware/Autoware/install/amathutils_lib/lib/pkgconfig:/home/autoware/Autoware/install/vector_map_msgs/lib/x86_64-linux-gnu/pkgconfig:/home/autoware/Autoware/install/vector_map_msgs/lib/pkgconfig:/home/autoware/Autoware/install/ros_observer/lib/x86_64-linux-gnu/pkgconfig:/home/autoware/Autoware/install/ros_observer/lib/pkgconfig:/home/autoware/Autoware/install/gnss/lib/x86_64-linux-gnu/pkgconfig:/home/autoware/Autoware/install/gnss/lib/pkgconfig:/home/autoware/Autoware/install/autoware_system_msgs/lib/x86_64-linux-gnu/pkgconfig:/home/autoware/Autoware/install/autoware_system_msgs/lib/pkgconfig:/home/autoware/Autoware/install/autoware_msgs/lib/x86_64-linux-gnu/pkgconfig:/home/autoware/Autoware/install/autoware_msgs/lib/pkgconfig:/home/autoware/Autoware/install/autoware_lanelet2_msgs/lib/x86_64-linux-gnu/pkgconfig:/home/autoware/Autoware/install/autoware_lanelet2_msgs/lib/pkgconfig:/home/autoware/Autoware/install/autoware_config_msgs/lib/x86_64-linux-gnu/pkgconfig:/home/autoware/Autoware/install/autoware_config_msgs/lib/pkgconfig:/home/autoware/Autoware/install/autoware_can_msgs/lib/x86_64-linux-gnu/pkgconfig:/home/autoware/Autoware/install/autoware_can_msgs/lib/pkgconfig:/home/autoware/Autoware/install/autoware_build_flags/lib/x86_64-linux-gnu/pkgconfig:/home/autoware/Autoware/install/autoware_build_flags/lib/pkgconfig:${PKG_CONFIG_PATH} PYTHONPATH=/home/autoware/Autoware/install/vector_map_msgs/lib/python2.7/dist-packages:/home/autoware/Autoware/install/autoware_system_msgs/lib/python2.7/dist-packages:/home/autoware/Autoware/install/autoware_msgs/lib/python2.7/dist-packages:/home/autoware/Autoware/install/autoware_lanelet2_msgs/lib/python2.7/dist-packages:/home/autoware/Autoware/install/autoware_config_msgs/lib/python2.7/dist-packages:/home/autoware/Autoware/install/autoware_can_msgs/lib/python2.7/dist-packages:${PYTHONPATH} ROS_PACKAGE_PATH=/home/autoware/Autoware/install/waypoint_planner/share:/home/autoware/Autoware/install/libwaypoint_follower/share:/home/autoware/Autoware/install/lanelet2_extension/share:/home/autoware/Autoware/install/vector_map/share:/home/autoware/Autoware/install/autoware_health_checker/share:/home/autoware/Autoware/install/astar_search/share:/home/autoware/Autoware/install/amathutils_lib/share:/home/autoware/Autoware/install/vector_map_msgs/share:/home/autoware/Autoware/install/ros_observer/share:/home/autoware/Autoware/install/gnss/share:/home/autoware/Autoware/install/autoware_system_msgs/share:/home/autoware/Autoware/install/autoware_msgs/share:/home/autoware/Autoware/install/autoware_lanelet2_msgs/share:/home/autoware/Autoware/install/autoware_config_msgs/share:/home/autoware/Autoware/install/autoware_can_msgs/share:/home/autoware/Autoware/install/autoware_build_flags/share:${ROS_PACKAGE_PATH} /usr/bin/cmake --build /home/autoware/Autoware/build/lattice_planner --target tests -- -j32 -l32
[1.496s] Invoking command in '/home/autoware/Autoware/build/lattice_planner': CMAKE_PREFIX_PATH=/home/autoware/Autoware/install/waypoint_planner:/home/autoware/Autoware/install/libwaypoint_follower:/home/autoware/Autoware/install/lanelet2_extension:/home/autoware/Autoware/install/vector_map:/home/autoware/Autoware/install/autoware_health_checker:/home/autoware/Autoware/install/astar_search:/home/autoware/Autoware/install/amathutils_lib:/home/autoware/Autoware/install/vector_map_msgs:/home/autoware/Autoware/install/ros_observer:/home/autoware/Autoware/install/gnss:/home/autoware/Autoware/install/autoware_system_msgs:/home/autoware/Autoware/install/autoware_msgs:/home/autoware/Autoware/install/autoware_lanelet2_msgs:/home/autoware/Autoware/install/autoware_config_msgs:/home/autoware/Autoware/install/autoware_can_msgs:/home/autoware/Autoware/install/autoware_build_flags:${CMAKE_PREFIX_PATH} LD_LIBRARY_PATH=/home/autoware/Autoware/install/libwaypoint_follower/lib:/home/autoware/Autoware/install/lanelet2_extension/lib:/home/autoware/Autoware/install/vector_map/lib:/home/autoware/Autoware/install/autoware_health_checker/lib:/home/autoware/Autoware/install/astar_search/lib:/home/autoware/Autoware/install/amathutils_lib/lib:/home/autoware/Autoware/install/ros_observer/lib:/home/autoware/Autoware/install/gnss/lib:${LD_LIBRARY_PATH} PKG_CONFIG_PATH=/home/autoware/Autoware/install/waypoint_planner/lib/x86_64-linux-gnu/pkgconfig:/home/autoware/Autoware/install/waypoint_planner/lib/pkgconfig:/home/autoware/Autoware/install/libwaypoint_follower/lib/x86_64-linux-gnu/pkgconfig:/home/autoware/Autoware/install/libwaypoint_follower/lib/pkgconfig:/home/autoware/Autoware/install/lanelet2_extension/lib/x86_64-linux-gnu/pkgconfig:/home/autoware/Autoware/install/lanelet2_extension/lib/pkgconfig:/home/autoware/Autoware/install/vector_map/lib/x86_64-linux-gnu/pkgconfig:/home/autoware/Autoware/install/vector_map/lib/pkgconfig:/home/autoware/Autoware/install/autoware_health_checker/lib/x86_64-linux-gnu/pkgconfig:/home/autoware/Autoware/install/autoware_health_checker/lib/pkgconfig:/home/autoware/Autoware/install/astar_search/lib/x86_64-linux-gnu/pkgconfig:/home/autoware/Autoware/install/astar_search/lib/pkgconfig:/home/autoware/Autoware/install/amathutils_lib/lib/x86_64-linux-gnu/pkgconfig:/home/autoware/Autoware/install/amathutils_lib/lib/pkgconfig:/home/autoware/Autoware/install/vector_map_msgs/lib/x86_64-linux-gnu/pkgconfig:/home/autoware/Autoware/install/vector_map_msgs/lib/pkgconfig:/home/autoware/Autoware/install/ros_observer/lib/x86_64-linux-gnu/pkgconfig:/home/autoware/Autoware/install/ros_observer/lib/pkgconfig:/home/autoware/Autoware/install/gnss/lib/x86_64-linux-gnu/pkgconfig:/home/autoware/Autoware/install/gnss/lib/pkgconfig:/home/autoware/Autoware/install/autoware_system_msgs/lib/x86_64-linux-gnu/pkgconfig:/home/autoware/Autoware/install/autoware_system_msgs/lib/pkgconfig:/home/autoware/Autoware/install/autoware_msgs/lib/x86_64-linux-gnu/pkgconfig:/home/autoware/Autoware/install/autoware_msgs/lib/pkgconfig:/home/autoware/Autoware/install/autoware_lanelet2_msgs/lib/x86_64-linux-gnu/pkgconfig:/home/autoware/Autoware/install/autoware_lanelet2_msgs/lib/pkgconfig:/home/autoware/Autoware/install/autoware_config_msgs/lib/x86_64-linux-gnu/pkgconfig:/home/autoware/Autoware/install/autoware_config_msgs/lib/pkgconfig:/home/autoware/Autoware/install/autoware_can_msgs/lib/x86_64-linux-gnu/pkgconfig:/home/autoware/Autoware/install/autoware_can_msgs/lib/pkgconfig:/home/autoware/Autoware/install/autoware_build_flags/lib/x86_64-linux-gnu/pkgconfig:/home/autoware/Autoware/install/autoware_build_flags/lib/pkgconfig:${PKG_CONFIG_PATH} PYTHONPATH=/home/autoware/Autoware/install/vector_map_msgs/lib/python2.7/dist-packages:/home/autoware/Autoware/install/autoware_system_msgs/lib/python2.7/dist-packages:/home/autoware/Autoware/install/autoware_msgs/lib/python2.7/dist-packages:/home/autoware/Autoware/install/autoware_lanelet2_msgs/lib/python2.7/dist-packages:/home/autoware/Autoware/install/autoware_config_msgs/lib/python2.7/dist-packages:/home/autoware/Autoware/install/autoware_can_msgs/lib/python2.7/dist-packages:${PYTHONPATH} ROS_PACKAGE_PATH=/home/autoware/Autoware/install/waypoint_planner/share:/home/autoware/Autoware/install/libwaypoint_follower/share:/home/autoware/Autoware/install/lanelet2_extension/share:/home/autoware/Autoware/install/vector_map/share:/home/autoware/Autoware/install/autoware_health_checker/share:/home/autoware/Autoware/install/astar_search/share:/home/autoware/Autoware/install/amathutils_lib/share:/home/autoware/Autoware/install/vector_map_msgs/share:/home/autoware/Autoware/install/ros_observer/share:/home/autoware/Autoware/install/gnss/share:/home/autoware/Autoware/install/autoware_system_msgs/share:/home/autoware/Autoware/install/autoware_msgs/share:/home/autoware/Autoware/install/autoware_lanelet2_msgs/share:/home/autoware/Autoware/install/autoware_config_msgs/share:/home/autoware/Autoware/install/autoware_can_msgs/share:/home/autoware/Autoware/install/autoware_build_flags/share:${ROS_PACKAGE_PATH} /usr/bin/cmake --build /home/autoware/Autoware/build/lattice_planner --target install -- -j32 -l32
[1.665s] [  0%] Built target visualization_msgs_generate_messages_eus
[1.667s] [  0%] Built target dynamic_reconfigure_generate_messages_lisp
[1.668s] [  0%] Built target topic_tools_generate_messages_eus
[1.669s] [  0%] Built target nodelet_generate_messages_nodejs
[1.675s] [  0%] Built target nodelet_generate_messages_cpp
[1.683s] [  0%] Built target std_srvs_generate_messages_nodejs
[1.683s] [  0%] Built target tf2_msgs_generate_messages_lisp
[1.698s] [  0%] Built target rosgraph_msgs_generate_messages_eus
[1.699s] [  0%] Built target vector_map_msgs_generate_messages_nodejs
[1.699s] [  0%] Built target std_srvs_generate_messages_lisp
[1.701s] [  0%] Built target bond_generate_messages_lisp
[1.705s] [  0%] Built target vector_map_msgs_generate_messages_py
[1.706s] [  0%] Built target visualization_msgs_generate_messages_py
[1.707s] [  0%] Built target geometry_msgs_generate_messages_lisp
[1.708s] [  0%] Built target tf2_msgs_generate_messages_nodejs
[1.708s] [  0%] Built target bond_generate_messages_eus
[1.709s] [  0%] Built target bond_generate_messages_py
[1.709s] [  0%] Built target bond_generate_messages_cpp
[1.715s] [  0%] Built target nodelet_generate_messages_eus
[1.715s] [  0%] Built target std_srvs_generate_messages_py
[1.720s] [  0%] Built target visualization_msgs_generate_messages_nodejs
[1.720s] [  0%] Built target topic_tools_generate_messages_cpp
[1.727s] [  0%] Built target topic_tools_generate_messages_nodejs
[1.728s] [  0%] Built target jsk_recognition_msgs_generate_messages_lisp
[1.728s] [  0%] Built target vector_map_msgs_generate_messages_lisp
[1.730s] [  0%] Built target pcl_ros_gencfg
[1.736s] [  0%] Built target dynamic_reconfigure_generate_messages_eus
[1.738s] [  0%] Built target vector_map_msgs_generate_messages_eus
[1.755s] [  0%] Built target autoware_msgs_generate_messages_lisp
[1.755s] [ 18%] Built target libtraj_gen
[1.760s] [ 18%] Built target tf2_msgs_generate_messages_cpp
[1.775s] [ 18%] Built target topic_tools_generate_messages_lisp
[1.793s] [ 18%] Built target geometry_msgs_generate_messages_eus
[1.795s] [ 18%] Built target jsk_recognition_msgs_generate_messages_eus
[1.798s] [ 18%] Built target std_msgs_generate_messages_cpp
[1.819s] [ 18%] Built target std_msgs_generate_messages_py
[1.835s] [ 18%] Built target autoware_config_msgs_generate_messages_lisp
[1.837s] [ 18%] Built target jsk_recognition_msgs_generate_messages_py
[1.841s] [ 18%] Built target autoware_msgs_generate_messages_eus
[1.844s] [ 18%] Built target autoware_msgs_generate_messages_py
[1.849s] [ 18%] Built target autoware_can_msgs_generate_messages_nodejs
[1.850s] [ 18%] Built target vector_map_msgs_generate_messages_cpp
[1.864s] [ 18%] Built target actionlib_msgs_generate_messages_nodejs
[1.864s] [ 18%] Built target std_srvs_generate_messages_cpp
[1.873s] [ 18%] Built target geometry_msgs_generate_messages_nodejs
[1.874s] [ 18%] Built target autoware_can_msgs_generate_messages_lisp
[1.879s] [ 18%] Built target rosgraph_msgs_generate_messages_cpp
[1.881s] [ 18%] Built target autoware_config_msgs_generate_messages_eus
[1.887s] [ 18%] Built target jsk_footstep_msgs_generate_messages_py
[1.889s] [ 18%] Built target visualization_msgs_generate_messages_lisp
[1.894s] [ 18%] Built target geometry_msgs_generate_messages_py
[1.899s] [ 18%] Built target dynamic_reconfigure_generate_messages_py
[1.905s] [ 18%] Built target bond_generate_messages_nodejs
[1.913s] [ 18%] Built target autoware_msgs_generate_messages_nodejs
[1.949s] [ 18%] Built target dynamic_reconfigure_generate_messages_nodejs
[1.949s] [ 18%] Built target autoware_config_msgs_generate_messages_py
[1.950s] [ 18%] Built target std_msgs_generate_messages_eus
[1.950s] [ 18%] Built target autoware_can_msgs_generate_messages_cpp
[1.950s] [ 18%] Built target sensor_msgs_generate_messages_lisp
[1.950s] [ 18%] Built target autoware_msgs_generate_messages_cpp
[1.950s] [ 18%] Built target jsk_recognition_msgs_generate_messages_cpp
[1.952s] [ 18%] Built target topic_tools_generate_messages_py
[1.954s] [ 18%] Built target sensor_msgs_generate_messages_eus
[1.958s] [ 18%] Built target roscpp_generate_messages_eus
[1.959s] [ 18%] Built target actionlib_msgs_generate_messages_eus
[1.959s] [ 18%] Built target nodelet_generate_messages_lisp
[1.965s] [ 18%] Built target nodelet_topic_tools_gencfg
[1.969s] [ 18%] Built target roscpp_generate_messages_nodejs
[1.977s] [ 18%] Built target nodelet_generate_messages_py
[1.983s] [ 18%] Built target autoware_can_msgs_generate_messages_eus
[1.987s] [ 18%] Built target actionlib_generate_messages_cpp
[1.989s] [ 18%] Built target dynamic_reconfigure_generate_messages_cpp
[1.994s] [ 18%] Built target rosgraph_msgs_generate_messages_py
[1.996s] [ 18%] Built target sensor_msgs_generate_messages_nodejs
[1.998s] [ 18%] Built target autoware_can_msgs_generate_messages_py
[2.001s] [ 18%] Built target sensor_msgs_generate_messages_py
[2.007s] [ 18%] Built target tf_generate_messages_py
[2.010s] [ 18%] Built target std_msgs_generate_messages_nodejs
[2.016s] [ 18%] Built target pcl_msgs_generate_messages_cpp
[2.018s] [ 18%] Built target roscpp_generate_messages_cpp
[2.024s] [ 18%] Built target sensor_msgs_generate_messages_cpp
[2.025s] [ 18%] Built target pcl_msgs_generate_messages_nodejs
[2.028s] [ 18%] Built target jsk_footstep_msgs_generate_messages_lisp
[2.035s] [ 18%] Built target pcl_msgs_generate_messages_lisp
[2.036s] [ 18%] Built target std_msgs_generate_messages_lisp
[2.038s] [ 18%] Built target actionlib_msgs_generate_messages_cpp
[2.040s] [ 18%] Built target actionlib_msgs_generate_messages_lisp
[2.044s] [ 18%] Built target tf_generate_messages_eus
[2.044s] [ 18%] Built target autoware_config_msgs_generate_messages_nodejs
[2.046s] [ 18%] Built target actionlib_generate_messages_nodejs
[2.046s] [ 18%] Built target tf_generate_messages_cpp
[2.050s] [ 18%] Built target pcl_msgs_generate_messages_eus
[2.051s] [ 18%] Built target jsk_footstep_msgs_generate_messages_cpp
[2.054s] [ 18%] Built target std_srvs_generate_messages_eus
[2.057s] [ 18%] Built target geometry_msgs_generate_messages_cpp
[2.058s] [ 18%] Built target actionlib_msgs_generate_messages_py
[2.059s] [ 18%] Built target tf_generate_messages_lisp
[2.060s] [ 18%] Built target jsk_recognition_msgs_generate_messages_nodejs
[2.064s] [ 18%] Built target jsk_footstep_msgs_generate_messages_nodejs
[2.067s] [ 18%] Built target autoware_config_msgs_generate_messages_cpp
[2.070s] [ 18%] Built target roscpp_generate_messages_py
[2.071s] [ 18%] Built target jsk_footstep_msgs_generate_messages_eus
[2.072s] [ 18%] Built target tf2_msgs_generate_messages_py
[2.075s] [ 18%] Built target tf_generate_messages_nodejs
[2.076s] [ 18%] Built target roscpp_generate_messages_lisp
[2.080s] [ 18%] Built target rosgraph_msgs_generate_messages_nodejs
[2.080s] [ 18%] Built target pcl_msgs_generate_messages_py
[2.081s] [ 18%] Built target actionlib_generate_messages_eus
[2.082s] [ 18%] Built target rosgraph_msgs_generate_messages_lisp
[2.084s] [ 18%] Built target actionlib_generate_messages_lisp
[2.087s] [ 18%] Built target actionlib_generate_messages_py
[2.090s] [ 18%] Built target dynamic_reconfigure_gencfg
[2.090s] [ 18%] Built target visualization_msgs_generate_messages_cpp
[2.093s] [ 18%] Built target tf2_msgs_generate_messages_eus
[2.130s] [ 36%] Built target path_select
[2.132s] [ 54%] Built target lattice_trajectory_gen
[2.136s] [ 72%] Built target lattice_twist_convert
[2.153s] [100%] Built target lattice_velocity_set
[2.207s] Install the project...
[2.232s] -- Install configuration: "Release"
[2.232s] -- Up-to-date: /home/autoware/Autoware/install/lattice_planner/lib/pkgconfig/lattice_planner.pc
[2.232s] -- Up-to-date: /home/autoware/Autoware/install/lattice_planner/share/lattice_planner/cmake/lattice_plannerConfig.cmake
[2.232s] -- Up-to-date: /home/autoware/Autoware/install/lattice_planner/share/lattice_planner/cmake/lattice_plannerConfig-version.cmake
[2.233s] -- Up-to-date: /home/autoware/Autoware/install/lattice_planner/share/lattice_planner/package.xml
[2.233s] -- Up-to-date: /home/autoware/Autoware/install/lattice_planner/lib/liblibtraj_gen.so
[2.233s] -- Up-to-date: /home/autoware/Autoware/install/lattice_planner/lib/lattice_planner/lattice_trajectory_gen
[2.237s] -- Up-to-date: /home/autoware/Autoware/install/lattice_planner/lib/lattice_planner/lattice_twist_convert
[2.240s] -- Up-to-date: /home/autoware/Autoware/install/lattice_planner/lib/lattice_planner/lattice_velocity_set
[2.252s] -- Up-to-date: /home/autoware/Autoware/install/lattice_planner/lib/lattice_planner/path_select
[2.255s] -- Up-to-date: /home/autoware/Autoware/install/lattice_planner/share/lattice_planner/launch
[2.256s] -- Up-to-date: /home/autoware/Autoware/install/lattice_planner/share/lattice_planner/launch/lattice_trajectory_gen.launch
[2.256s] -- Up-to-date: /home/autoware/Autoware/install/lattice_planner/share/lattice_planner/launch/lattice_velocity_set.launch
[2.262s] Invoked command in '/home/autoware/Autoware/build/lattice_planner' returned '0': CMAKE_PREFIX_PATH=/home/autoware/Autoware/install/waypoint_planner:/home/autoware/Autoware/install/libwaypoint_follower:/home/autoware/Autoware/install/lanelet2_extension:/home/autoware/Autoware/install/vector_map:/home/autoware/Autoware/install/autoware_health_checker:/home/autoware/Autoware/install/astar_search:/home/autoware/Autoware/install/amathutils_lib:/home/autoware/Autoware/install/vector_map_msgs:/home/autoware/Autoware/install/ros_observer:/home/autoware/Autoware/install/gnss:/home/autoware/Autoware/install/autoware_system_msgs:/home/autoware/Autoware/install/autoware_msgs:/home/autoware/Autoware/install/autoware_lanelet2_msgs:/home/autoware/Autoware/install/autoware_config_msgs:/home/autoware/Autoware/install/autoware_can_msgs:/home/autoware/Autoware/install/autoware_build_flags:${CMAKE_PREFIX_PATH} LD_LIBRARY_PATH=/home/autoware/Autoware/install/libwaypoint_follower/lib:/home/autoware/Autoware/install/lanelet2_extension/lib:/home/autoware/Autoware/install/vector_map/lib:/home/autoware/Autoware/install/autoware_health_checker/lib:/home/autoware/Autoware/install/astar_search/lib:/home/autoware/Autoware/install/amathutils_lib/lib:/home/autoware/Autoware/install/ros_observer/lib:/home/autoware/Autoware/install/gnss/lib:${LD_LIBRARY_PATH} PKG_CONFIG_PATH=/home/autoware/Autoware/install/waypoint_planner/lib/x86_64-linux-gnu/pkgconfig:/home/autoware/Autoware/install/waypoint_planner/lib/pkgconfig:/home/autoware/Autoware/install/libwaypoint_follower/lib/x86_64-linux-gnu/pkgconfig:/home/autoware/Autoware/install/libwaypoint_follower/lib/pkgconfig:/home/autoware/Autoware/install/lanelet2_extension/lib/x86_64-linux-gnu/pkgconfig:/home/autoware/Autoware/install/lanelet2_extension/lib/pkgconfig:/home/autoware/Autoware/install/vector_map/lib/x86_64-linux-gnu/pkgconfig:/home/autoware/Autoware/install/vector_map/lib/pkgconfig:/home/autoware/Autoware/install/autoware_health_checker/lib/x86_64-linux-gnu/pkgconfig:/home/autoware/Autoware/install/autoware_health_checker/lib/pkgconfig:/home/autoware/Autoware/install/astar_search/lib/x86_64-linux-gnu/pkgconfig:/home/autoware/Autoware/install/astar_search/lib/pkgconfig:/home/autoware/Autoware/install/amathutils_lib/lib/x86_64-linux-gnu/pkgconfig:/home/autoware/Autoware/install/amathutils_lib/lib/pkgconfig:/home/autoware/Autoware/install/vector_map_msgs/lib/x86_64-linux-gnu/pkgconfig:/home/autoware/Autoware/install/vector_map_msgs/lib/pkgconfig:/home/autoware/Autoware/install/ros_observer/lib/x86_64-linux-gnu/pkgconfig:/home/autoware/Autoware/install/ros_observer/lib/pkgconfig:/home/autoware/Autoware/install/gnss/lib/x86_64-linux-gnu/pkgconfig:/home/autoware/Autoware/install/gnss/lib/pkgconfig:/home/autoware/Autoware/install/autoware_system_msgs/lib/x86_64-linux-gnu/pkgconfig:/home/autoware/Autoware/install/autoware_system_msgs/lib/pkgconfig:/home/autoware/Autoware/install/autoware_msgs/lib/x86_64-linux-gnu/pkgconfig:/home/autoware/Autoware/install/autoware_msgs/lib/pkgconfig:/home/autoware/Autoware/install/autoware_lanelet2_msgs/lib/x86_64-linux-gnu/pkgconfig:/home/autoware/Autoware/install/autoware_lanelet2_msgs/lib/pkgconfig:/home/autoware/Autoware/install/autoware_config_msgs/lib/x86_64-linux-gnu/pkgconfig:/home/autoware/Autoware/install/autoware_config_msgs/lib/pkgconfig:/home/autoware/Autoware/install/autoware_can_msgs/lib/x86_64-linux-gnu/pkgconfig:/home/autoware/Autoware/install/autoware_can_msgs/lib/pkgconfig:/home/autoware/Autoware/install/autoware_build_flags/lib/x86_64-linux-gnu/pkgconfig:/home/autoware/Autoware/install/autoware_build_flags/lib/pkgconfig:${PKG_CONFIG_PATH} PYTHONPATH=/home/autoware/Autoware/install/vector_map_msgs/lib/python2.7/dist-packages:/home/autoware/Autoware/install/autoware_system_msgs/lib/python2.7/dist-packages:/home/autoware/Autoware/install/autoware_msgs/lib/python2.7/dist-packages:/home/autoware/Autoware/install/autoware_lanelet2_msgs/lib/python2.7/dist-packages:/home/autoware/Autoware/install/autoware_config_msgs/lib/python2.7/dist-packages:/home/autoware/Autoware/install/autoware_can_msgs/lib/python2.7/dist-packages:${PYTHONPATH} ROS_PACKAGE_PATH=/home/autoware/Autoware/install/waypoint_planner/share:/home/autoware/Autoware/install/libwaypoint_follower/share:/home/autoware/Autoware/install/lanelet2_extension/share:/home/autoware/Autoware/install/vector_map/share:/home/autoware/Autoware/install/autoware_health_checker/share:/home/autoware/Autoware/install/astar_search/share:/home/autoware/Autoware/install/amathutils_lib/share:/home/autoware/Autoware/install/vector_map_msgs/share:/home/autoware/Autoware/install/ros_observer/share:/home/autoware/Autoware/install/gnss/share:/home/autoware/Autoware/install/autoware_system_msgs/share:/home/autoware/Autoware/install/autoware_msgs/share:/home/autoware/Autoware/install/autoware_lanelet2_msgs/share:/home/autoware/Autoware/install/autoware_config_msgs/share:/home/autoware/Autoware/install/autoware_can_msgs/share:/home/autoware/Autoware/install/autoware_build_flags/share:${ROS_PACKAGE_PATH} /usr/bin/cmake --build /home/autoware/Autoware/build/lattice_planner --target install -- -j32 -l32
