[0.447s] Invoking command in '/home/autoware/Autoware/build/autoware_launcher_rviz': CMAKE_PREFIX_PATH=/home/autoware/Autoware/install/autoware_build_flags:${CMAKE_PREFIX_PATH} PKG_CONFIG_PATH=/home/autoware/Autoware/install/autoware_build_flags/lib/x86_64-linux-gnu/pkgconfig:/home/autoware/Autoware/install/autoware_build_flags/lib/pkgconfig:${PKG_CONFIG_PATH} ROS_PACKAGE_PATH=/home/autoware/Autoware/install/autoware_build_flags/share:${ROS_PACKAGE_PATH} /usr/bin/cmake --build /home/autoware/Autoware/build/autoware_launcher_rviz -- -j32 -l32
[0.630s] [100%] Built target autoware_launcher_rviz
[0.720s] Invoked command in '/home/autoware/Autoware/build/autoware_launcher_rviz' returned '0': CMAKE_PREFIX_PATH=/home/autoware/Autoware/install/autoware_build_flags:${CMAKE_PREFIX_PATH} PKG_CONFIG_PATH=/home/autoware/Autoware/install/autoware_build_flags/lib/x86_64-linux-gnu/pkgconfig:/home/autoware/Autoware/install/autoware_build_flags/lib/pkgconfig:${PKG_CONFIG_PATH} ROS_PACKAGE_PATH=/home/autoware/Autoware/install/autoware_build_flags/share:${ROS_PACKAGE_PATH} /usr/bin/cmake --build /home/autoware/Autoware/build/autoware_launcher_rviz -- -j32 -l32
[0.955s] Invoking command in '/home/autoware/Autoware/build/autoware_launcher_rviz': CMAKE_PREFIX_PATH=/home/autoware/Autoware/install/autoware_build_flags:${CMAKE_PREFIX_PATH} PKG_CONFIG_PATH=/home/autoware/Autoware/install/autoware_build_flags/lib/x86_64-linux-gnu/pkgconfig:/home/autoware/Autoware/install/autoware_build_flags/lib/pkgconfig:${PKG_CONFIG_PATH} ROS_PACKAGE_PATH=/home/autoware/Autoware/install/autoware_build_flags/share:${ROS_PACKAGE_PATH} /usr/bin/cmake --build /home/autoware/Autoware/build/autoware_launcher_rviz --target tests -- -j32 -l32
[1.095s] Built target tests
[1.187s] Invoked command in '/home/autoware/Autoware/build/autoware_launcher_rviz' returned '0': CMAKE_PREFIX_PATH=/home/autoware/Autoware/install/autoware_build_flags:${CMAKE_PREFIX_PATH} PKG_CONFIG_PATH=/home/autoware/Autoware/install/autoware_build_flags/lib/x86_64-linux-gnu/pkgconfig:/home/autoware/Autoware/install/autoware_build_flags/lib/pkgconfig:${PKG_CONFIG_PATH} ROS_PACKAGE_PATH=/home/autoware/Autoware/install/autoware_build_flags/share:${ROS_PACKAGE_PATH} /usr/bin/cmake --build /home/autoware/Autoware/build/autoware_launcher_rviz --target tests -- -j32 -l32
[1.413s] Invoking command in '/home/autoware/Autoware/build/autoware_launcher_rviz': CMAKE_PREFIX_PATH=/home/autoware/Autoware/install/autoware_build_flags:${CMAKE_PREFIX_PATH} PKG_CONFIG_PATH=/home/autoware/Autoware/install/autoware_build_flags/lib/x86_64-linux-gnu/pkgconfig:/home/autoware/Autoware/install/autoware_build_flags/lib/pkgconfig:${PKG_CONFIG_PATH} ROS_PACKAGE_PATH=/home/autoware/Autoware/install/autoware_build_flags/share:${ROS_PACKAGE_PATH} /usr/bin/cmake --build /home/autoware/Autoware/build/autoware_launcher_rviz --target install -- -j32 -l32
[1.719s] [100%] Built target autoware_launcher_rviz
[1.719s] Install the project...
[1.722s] -- Install configuration: "Release"
[1.722s] -- Up-to-date: /home/autoware/Autoware/install/autoware_launcher_rviz/lib/pkgconfig/autoware_launcher_rviz.pc
[1.723s] -- Up-to-date: /home/autoware/Autoware/install/autoware_launcher_rviz/share/autoware_launcher_rviz/cmake/autoware_launcher_rvizConfig.cmake
[1.724s] -- Up-to-date: /home/autoware/Autoware/install/autoware_launcher_rviz/share/autoware_launcher_rviz/cmake/autoware_launcher_rvizConfig-version.cmake
[1.727s] -- Up-to-date: /home/autoware/Autoware/install/autoware_launcher_rviz/share/autoware_launcher_rviz/package.xml
[1.727s] -- Up-to-date: /home/autoware/Autoware/install/autoware_launcher_rviz/lib/libautoware_launcher_rviz.so
[1.727s] -- Up-to-date: /home/autoware/Autoware/install/autoware_launcher_rviz/share/autoware_launcher_rviz/plugin_description.xml
[1.728s] -- Up-to-date: /home/autoware/Autoware/install/autoware_launcher_rviz/share/autoware_launcher_rviz/icons/icons
[1.728s] -- Up-to-date: /home/autoware/Autoware/install/autoware_launcher_rviz/share/autoware_launcher_rviz/icons/icons/classes
[1.730s] -- Up-to-date: /home/autoware/Autoware/install/autoware_launcher_rviz/share/autoware_launcher_rviz/icons/icons/classes/ModulePanel.png
[1.950s] Invoked command in '/home/autoware/Autoware/build/autoware_launcher_rviz' returned '0': CMAKE_PREFIX_PATH=/home/autoware/Autoware/install/autoware_build_flags:${CMAKE_PREFIX_PATH} PKG_CONFIG_PATH=/home/autoware/Autoware/install/autoware_build_flags/lib/x86_64-linux-gnu/pkgconfig:/home/autoware/Autoware/install/autoware_build_flags/lib/pkgconfig:${PKG_CONFIG_PATH} ROS_PACKAGE_PATH=/home/autoware/Autoware/install/autoware_build_flags/share:${ROS_PACKAGE_PATH} /usr/bin/cmake --build /home/autoware/Autoware/build/autoware_launcher_rviz --target install -- -j32 -l32
