[  0%] Built target vector_map_msgs_generate_messages_eus
[  0%] Built target std_srvs_generate_messages_py
[  0%] Built target topic_tools_generate_messages_cpp
[  0%] Built target std_srvs_generate_messages_nodejs
[  0%] Built target vector_map_msgs_generate_messages_py
[  0%] Built target tf2_msgs_generate_messages_eus
[  0%] Built target nodelet_generate_messages_nodejs
[  0%] Built target std_srvs_generate_messages_lisp
[  0%] Built target topic_tools_generate_messages_eus
[  0%] Built target nodelet_generate_messages_cpp
[  0%] Built target bond_generate_messages_cpp
[  0%] Built target bond_generate_messages_lisp
[  0%] Built target dynamic_reconfigure_generate_messages_lisp
[  0%] Built target dynamic_reconfigure_generate_messages_py
[  0%] Built target bond_generate_messages_py
[  0%] Built target vector_map_msgs_generate_messages_nodejs
[  0%] Built target vector_map_msgs_generate_messages_cpp
[  0%] Built target nodelet_generate_messages_eus
[  0%] Built target topic_tools_generate_messages_nodejs
[  0%] Built target dynamic_reconfigure_generate_messages_nodejs
[  0%] Built target visualization_msgs_generate_messages_nodejs
[  0%] Built target autoware_lanelet2_msgs_generate_messages_eus
[  0%] Built target dynamic_reconfigure_generate_messages_eus
[  0%] Built target geometry_msgs_generate_messages_py
[  0%] Built target visualization_msgs_generate_messages_py
[  0%] Built target pcl_ros_gencfg
[  0%] Built target autoware_lanelet2_msgs_generate_messages_lisp
[  0%] Built target bond_generate_messages_eus
[  0%] Built target tf2_msgs_generate_messages_nodejs
[  0%] Built target autoware_lanelet2_msgs_generate_messages_cpp
[  0%] Built target visualization_msgs_generate_messages_eus
[  0%] Built target topic_tools_generate_messages_lisp
[  0%] Built target geometry_msgs_generate_messages_lisp
[  0%] Built target autoware_system_msgs_generate_messages_cpp
[  0%] Built target geometry_msgs_generate_messages_eus
[  0%] Built target autoware_msgs_generate_messages_lisp
[  0%] Built target jsk_recognition_msgs_generate_messages_cpp
[  0%] Built target autoware_msgs_generate_messages_cpp
[  0%] Built target autoware_msgs_generate_messages_eus
[  0%] Built target rosgraph_msgs_generate_messages_cpp
[  0%] Built target autoware_system_msgs_generate_messages_eus
[  0%] Built target rosgraph_msgs_generate_messages_lisp
[  0%] Built target rosgraph_msgs_generate_messages_eus
[  0%] Built target sensor_msgs_generate_messages_lisp
[  0%] Built target nodelet_generate_messages_lisp
[  0%] Built target jsk_recognition_msgs_generate_messages_eus
[  0%] Built target tf2_msgs_generate_messages_cpp
[  0%] Built target jsk_footstep_msgs_generate_messages_py
[  0%] Built target std_srvs_generate_messages_cpp
[  0%] Built target std_msgs_generate_messages_cpp
[  0%] Built target autoware_msgs_generate_messages_py
[  0%] Built target std_msgs_generate_messages_py
[  0%] Built target actionlib_msgs_generate_messages_nodejs
[  0%] Built target nodelet_topic_tools_gencfg
[  0%] Built target topic_tools_generate_messages_py
[  0%] Built target vector_map_msgs_generate_messages_lisp
[  0%] Built target autoware_system_msgs_generate_messages_lisp
[  0%] Built target bond_generate_messages_nodejs
[  0%] Built target dynamic_reconfigure_gencfg
[  0%] Built target tf2_msgs_generate_messages_lisp
[  0%] Built target autoware_config_msgs_generate_messages_py
[  0%] Built target rosgraph_msgs_generate_messages_py
[  0%] Built target actionlib_msgs_generate_messages_eus
[  0%] Built target autoware_config_msgs_generate_messages_eus
[  0%] Built target std_msgs_generate_messages_eus
[  0%] Built target roscpp_generate_messages_nodejs
[  0%] Built target roscpp_generate_messages_eus
[  0%] Built target visualization_msgs_generate_messages_lisp
[  0%] Built target rosgraph_msgs_generate_messages_nodejs
[  0%] Built target std_msgs_generate_messages_lisp
[  0%] Built target autoware_config_msgs_generate_messages_lisp
[  0%] Built target geometry_msgs_generate_messages_nodejs
[  0%] Built target autoware_config_msgs_generate_messages_cpp
[  0%] Built target autoware_msgs_generate_messages_nodejs
[  0%] Built target std_msgs_generate_messages_nodejs
[  0%] Built target jsk_recognition_msgs_generate_messages_py
[  0%] Built target jsk_recognition_msgs_generate_messages_lisp
[  0%] Built target sensor_msgs_generate_messages_cpp
[  0%] Built target sensor_msgs_generate_messages_eus
[  0%] Built target autoware_system_msgs_generate_messages_py
[  0%] Built target actionlib_generate_messages_cpp
[  0%] Built target roscpp_generate_messages_cpp
[  0%] Built target sensor_msgs_generate_messages_nodejs
[  0%] Built target pcl_msgs_generate_messages_eus
[  0%] Built target sensor_msgs_generate_messages_py
[  0%] Built target dynamic_reconfigure_generate_messages_cpp
[  0%] Built target pcl_msgs_generate_messages_cpp
[  0%] Built target jsk_footstep_msgs_generate_messages_eus
[  0%] Built target actionlib_msgs_generate_messages_py
[  0%] Built target pcl_msgs_generate_messages_nodejs
[  0%] Built target nodelet_generate_messages_py
[  0%] Built target tf_generate_messages_py
[  0%] Built target jsk_footstep_msgs_generate_messages_lisp
[  0%] Built target jsk_footstep_msgs_generate_messages_nodejs
[  0%] Built target autoware_system_msgs_generate_messages_nodejs
[  0%] Built target pcl_msgs_generate_messages_lisp
[  0%] Built target actionlib_msgs_generate_messages_lisp
[  0%] Built target tf_generate_messages_cpp
[  0%] Built target actionlib_generate_messages_nodejs
[  0%] Built target jsk_footstep_msgs_generate_messages_cpp
[  0%] Built target tf_generate_messages_eus
[  0%] Built target tf_generate_messages_nodejs
[  0%] Built target actionlib_msgs_generate_messages_cpp
[  0%] Built target autoware_config_msgs_generate_messages_nodejs
[  0%] Built target tf_generate_messages_lisp
[  0%] Built target jsk_recognition_msgs_generate_messages_nodejs
[  0%] Built target autoware_lanelet2_msgs_generate_messages_py
[  0%] Built target roscpp_generate_messages_lisp
[  0%] Built target std_srvs_generate_messages_eus
[  0%] Built target actionlib_generate_messages_eus
[  0%] Built target pcl_msgs_generate_messages_py
[  0%] Built target roscpp_generate_messages_py
[  0%] Built target autoware_lanelet2_msgs_generate_messages_nodejs
[  0%] Built target geometry_msgs_generate_messages_cpp
[  0%] Built target actionlib_generate_messages_lisp
[  0%] Built target tf2_msgs_generate_messages_py
[  0%] Built target visualization_msgs_generate_messages_cpp
[  0%] Built target actionlib_generate_messages_py
[35m[1mScanning dependencies of target velocity_set_lanelet2[0m
[35m[1mScanning dependencies of target velocity_set[0m
[ 23%] Built target astar_avoid
[ 30%] [32mBuilding CXX object CMakeFiles/velocity_set_lanelet2.dir/src/velocity_set/velocity_set_info.cpp.o[0m
[ 38%] [32mBuilding CXX object CMakeFiles/velocity_set.dir/src/velocity_set/velocity_set_info.cpp.o[0m
In file included from [01m[K/home/autoware/Autoware/src/autoware/core_planning/waypoint_planner/src/velocity_set/velocity_set_info.cpp:17:0[m[K:
[01m[K/home/autoware/Autoware/src/autoware/core_planning/waypoint_planner/include/waypoint_planner/velocity_set/velocity_set_info.h:[m[K In constructor ‘[01m[KVelocitySetInfo::VelocitySetInfo()[m[K’:
[01m[K/home/autoware/Autoware/src/autoware/core_planning/waypoint_planner/include/waypoint_planner/velocity_set/velocity_set_info.h:53:8:[m[K [01;35m[Kwarning: [m[K‘[01m[KVelocitySetInfo::set_pose_[m[K’ will be initialized after [[01;35m[K-Wreorder[m[K]
   bool [01;35m[Kset_pose_[m[K;
        [01;35m[K^~~~~~~~~[m[K
[01m[K/home/autoware/Autoware/src/autoware/core_planning/waypoint_planner/include/waypoint_planner/velocity_set/velocity_set_info.h:45:8:[m[K [01;35m[Kwarning: [m[K  ‘[01m[Kint VelocitySetInfo::wpidx_detectionResultByOtherNodes_[m[K’ [[01;35m[K-Wreorder[m[K]
   int  [01;35m[Kwpidx_detectionResultByOtherNodes_[m[K; // waypoints index@finalwaypoints
        [01;35m[K^~~~~~~~~~~~~~~~~~~~~~~~~~~~~~~~~~[m[K
[01m[K/home/autoware/Autoware/src/autoware/core_planning/waypoint_planner/src/velocity_set/velocity_set_info.cpp:27:1:[m[K [01;35m[Kwarning: [m[K  when initialized here [[01;35m[K-Wreorder[m[K]
 [01;35m[KVelocitySetInfo[m[K::VelocitySetInfo()
 [01;35m[K^~~~~~~~~~~~~~~[m[K
In file included from [01m[K/home/autoware/Autoware/src/autoware/core_planning/waypoint_planner/src/velocity_set/velocity_set_info.cpp:17:0[m[K:
[01m[K/home/autoware/Autoware/src/autoware/core_planning/waypoint_planner/include/waypoint_planner/velocity_set/velocity_set_info.h:[m[K In constructor ‘[01m[KVelocitySetInfo::VelocitySetInfo()[m[K’:
[01m[K/home/autoware/Autoware/src/autoware/core_planning/waypoint_planner/include/waypoint_planner/velocity_set/velocity_set_info.h:53:8:[m[K [01;35m[Kwarning: [m[K‘[01m[KVelocitySetInfo::set_pose_[m[K’ will be initialized after [[01;35m[K-Wreorder[m[K]
   bool [01;35m[Kset_pose_[m[K;
        [01;35m[K^~~~~~~~~[m[K
[01m[K/home/autoware/Autoware/src/autoware/core_planning/waypoint_planner/include/waypoint_planner/velocity_set/velocity_set_info.h:45:8:[m[K [01;35m[Kwarning: [m[K  ‘[01m[Kint VelocitySetInfo::wpidx_detectionResultByOtherNodes_[m[K’ [[01;35m[K-Wreorder[m[K]
   int  [01;35m[Kwpidx_detectionResultByOtherNodes_[m[K; // waypoints index@finalwaypoints
        [01;35m[K^~~~~~~~~~~~~~~~~~~~~~~~~~~~~~~~~~[m[K
[01m[K/home/autoware/Autoware/src/autoware/core_planning/waypoint_planner/src/velocity_set/velocity_set_info.cpp:27:1:[m[K [01;35m[Kwarning: [m[K  when initialized here [[01;35m[K-Wreorder[m[K]
 [01;35m[KVelocitySetInfo[m[K::VelocitySetInfo()
 [01;35m[K^~~~~~~~~~~~~~~[m[K
[ 46%] [32m[1mLinking CXX executable devel/lib/waypoint_planner/velocity_set_lanelet2[0m
[ 53%] [32m[1mLinking CXX executable devel/lib/waypoint_planner/velocity_set[0m
[ 76%] Built target velocity_set
[100%] Built target velocity_set_lanelet2
Built target tests
[  0%] Built target vector_map_msgs_generate_messages_py
[  0%] Built target tf2_msgs_generate_messages_eus
[  0%] Built target bond_generate_messages_cpp
[  0%] Built target std_srvs_generate_messages_lisp
[  0%] Built target vector_map_msgs_generate_messages_cpp
[  0%] Built target nodelet_generate_messages_cpp
[  0%] Built target dynamic_reconfigure_generate_messages_py
[  0%] Built target vector_map_msgs_generate_messages_nodejs
[  0%] Built target std_srvs_generate_messages_nodejs
[  0%] Built target vector_map_msgs_generate_messages_eus
[  0%] Built target nodelet_generate_messages_eus
[  0%] Built target nodelet_generate_messages_nodejs
[  0%] Built target topic_tools_generate_messages_cpp
[  0%] Built target std_srvs_generate_messages_py
[  0%] Built target topic_tools_generate_messages_nodejs
[  0%] Built target bond_generate_messages_py
[  0%] Built target dynamic_reconfigure_generate_messages_nodejs
[  0%] Built target topic_tools_generate_messages_eus
[  0%] Built target bond_generate_messages_lisp
[  0%] Built target dynamic_reconfigure_generate_messages_lisp
[  0%] Built target dynamic_reconfigure_generate_messages_eus
[  0%] Built target bond_generate_messages_eus
[  0%] Built target visualization_msgs_generate_messages_nodejs
[  0%] Built target visualization_msgs_generate_messages_eus
[  0%] Built target geometry_msgs_generate_messages_lisp
[  0%] Built target visualization_msgs_generate_messages_py
[  0%] Built target pcl_ros_gencfg
[  0%] Built target autoware_lanelet2_msgs_generate_messages_cpp
[  0%] Built target autoware_lanelet2_msgs_generate_messages_eus
[  0%] Built target geometry_msgs_generate_messages_py
[  0%] Built target jsk_recognition_msgs_generate_messages_cpp
[  0%] Built target geometry_msgs_generate_messages_eus
[  0%] Built target autoware_system_msgs_generate_messages_cpp
[  0%] Built target autoware_lanelet2_msgs_generate_messages_lisp
[  0%] Built target tf2_msgs_generate_messages_nodejs
[  0%] Built target topic_tools_generate_messages_lisp
[  0%] Built target autoware_msgs_generate_messages_cpp
[  0%] Built target autoware_msgs_generate_messages_lisp
[  0%] Built target autoware_msgs_generate_messages_eus
[  0%] Built target rosgraph_msgs_generate_messages_cpp
[  0%] Built target sensor_msgs_generate_messages_lisp
[  0%] Built target rosgraph_msgs_generate_messages_lisp
[  0%] Built target std_srvs_generate_messages_cpp
[  0%] Built target tf2_msgs_generate_messages_cpp
[  0%] Built target std_msgs_generate_messages_cpp
[  0%] Built target std_msgs_generate_messages_py
[  0%] Built target autoware_msgs_generate_messages_py
[  0%] Built target autoware_system_msgs_generate_messages_eus
[  0%] Built target nodelet_generate_messages_lisp
[  0%] Built target jsk_recognition_msgs_generate_messages_eus
[  0%] Built target nodelet_topic_tools_gencfg
[  0%] Built target rosgraph_msgs_generate_messages_eus
[  0%] Built target topic_tools_generate_messages_py
[  0%] Built target vector_map_msgs_generate_messages_lisp
[  0%] Built target jsk_footstep_msgs_generate_messages_py
[  0%] Built target autoware_system_msgs_generate_messages_lisp
[  0%] Built target actionlib_msgs_generate_messages_nodejs
[  0%] Built target dynamic_reconfigure_gencfg
[  0%] Built target tf2_msgs_generate_messages_lisp
[  0%] Built target bond_generate_messages_nodejs
[  0%] Built target autoware_config_msgs_generate_messages_py
[  0%] Built target roscpp_generate_messages_eus
[  0%] Built target autoware_config_msgs_generate_messages_cpp
[  0%] Built target rosgraph_msgs_generate_messages_py
[  0%] Built target visualization_msgs_generate_messages_lisp
[  0%] Built target actionlib_msgs_generate_messages_eus
[  0%] Built target autoware_config_msgs_generate_messages_eus
[  0%] Built target geometry_msgs_generate_messages_nodejs
[  0%] Built target autoware_msgs_generate_messages_nodejs
[  0%] Built target std_msgs_generate_messages_eus
[  0%] Built target rosgraph_msgs_generate_messages_nodejs
[  0%] Built target autoware_config_msgs_generate_messages_lisp
[  0%] Built target roscpp_generate_messages_nodejs
[  0%] Built target jsk_recognition_msgs_generate_messages_lisp
[  0%] Built target sensor_msgs_generate_messages_cpp
[  0%] Built target std_msgs_generate_messages_lisp
[  0%] Built target std_msgs_generate_messages_nodejs
[  0%] Built target sensor_msgs_generate_messages_eus
[  0%] Built target jsk_recognition_msgs_generate_messages_py
[  0%] Built target autoware_system_msgs_generate_messages_py
[  0%] Built target sensor_msgs_generate_messages_nodejs
[  0%] Built target roscpp_generate_messages_cpp
[  0%] Built target actionlib_generate_messages_cpp
[  0%] Built target sensor_msgs_generate_messages_py
[  0%] Built target pcl_msgs_generate_messages_eus
[  0%] Built target dynamic_reconfigure_generate_messages_cpp
[  0%] Built target tf_generate_messages_py
[  0%] Built target nodelet_generate_messages_py
[  0%] Built target pcl_msgs_generate_messages_nodejs
[  0%] Built target jsk_footstep_msgs_generate_messages_eus
[  0%] Built target pcl_msgs_generate_messages_cpp
[  0%] Built target actionlib_msgs_generate_messages_py
[  0%] Built target jsk_footstep_msgs_generate_messages_lisp
[  0%] Built target jsk_footstep_msgs_generate_messages_nodejs
[  0%] Built target autoware_system_msgs_generate_messages_nodejs
[  0%] Built target actionlib_generate_messages_nodejs
[  0%] Built target pcl_msgs_generate_messages_lisp
[  0%] Built target actionlib_msgs_generate_messages_lisp
[  0%] Built target tf_generate_messages_cpp
[  0%] Built target jsk_footstep_msgs_generate_messages_cpp
[  0%] Built target actionlib_msgs_generate_messages_cpp
[  0%] Built target autoware_config_msgs_generate_messages_nodejs
[  0%] Built target autoware_lanelet2_msgs_generate_messages_py
[  0%] Built target tf_generate_messages_nodejs
[  0%] Built target roscpp_generate_messages_lisp
[  0%] Built target tf_generate_messages_lisp
[  0%] Built target tf_generate_messages_eus
[  0%] Built target jsk_recognition_msgs_generate_messages_nodejs
[  0%] Built target autoware_lanelet2_msgs_generate_messages_nodejs
[  0%] Built target std_srvs_generate_messages_eus
[  0%] Built target pcl_msgs_generate_messages_py
[  0%] Built target roscpp_generate_messages_py
[  0%] Built target geometry_msgs_generate_messages_cpp
[  0%] Built target tf2_msgs_generate_messages_py
[  0%] Built target actionlib_generate_messages_eus
[  0%] Built target visualization_msgs_generate_messages_cpp
[  0%] Built target actionlib_generate_messages_lisp
[  0%] Built target actionlib_generate_messages_py
[ 23%] Built target astar_avoid
[ 61%] Built target velocity_set_lanelet2
[100%] Built target velocity_set
[36mInstall the project...[0m
-- Install configuration: "Release"
-- Up-to-date: /home/autoware/Autoware/install/waypoint_planner/lib/pkgconfig/waypoint_planner.pc
-- Up-to-date: /home/autoware/Autoware/install/waypoint_planner/share/waypoint_planner/cmake/waypoint_plannerConfig.cmake
-- Up-to-date: /home/autoware/Autoware/install/waypoint_planner/share/waypoint_planner/cmake/waypoint_plannerConfig-version.cmake
-- Up-to-date: /home/autoware/Autoware/install/waypoint_planner/share/waypoint_planner/package.xml
-- Up-to-date: /home/autoware/Autoware/install/waypoint_planner/lib/waypoint_planner/astar_avoid
-- Installing: /home/autoware/Autoware/install/waypoint_planner/lib/waypoint_planner/velocity_set
-- Set runtime path of "/home/autoware/Autoware/install/waypoint_planner/lib/waypoint_planner/velocity_set" to ""
-- Installing: /home/autoware/Autoware/install/waypoint_planner/lib/waypoint_planner/velocity_set_lanelet2
-- Set runtime path of "/home/autoware/Autoware/install/waypoint_planner/lib/waypoint_planner/velocity_set_lanelet2" to ""
-- Up-to-date: /home/autoware/Autoware/install/waypoint_planner/share/waypoint_planner/launch
-- Up-to-date: /home/autoware/Autoware/install/waypoint_planner/share/waypoint_planner/launch/velocity_set_option.launch
-- Up-to-date: /home/autoware/Autoware/install/waypoint_planner/share/waypoint_planner/launch/astar_avoid.launch
-- Up-to-date: /home/autoware/Autoware/install/waypoint_planner/share/waypoint_planner/launch/velocity_set.launch
-- Up-to-date: /home/autoware/Autoware/install/waypoint_planner/share/waypoint_planner/launch/velocity_set_lanelet2.launch
