[0.280s] Invoking command in '/home/autoware/Autoware/build/waypoint_planner': CMAKE_PREFIX_PATH=/home/autoware/Autoware/install/libwaypoint_follower:/home/autoware/Autoware/install/lanelet2_extension:/home/autoware/Autoware/install/vector_map:/home/autoware/Autoware/install/autoware_health_checker:/home/autoware/Autoware/install/astar_search:/home/autoware/Autoware/install/amathutils_lib:/home/autoware/Autoware/install/vector_map_msgs:/home/autoware/Autoware/install/ros_observer:/home/autoware/Autoware/install/autoware_system_msgs:/home/autoware/Autoware/install/autoware_msgs:/home/autoware/Autoware/install/autoware_lanelet2_msgs:/home/autoware/Autoware/install/autoware_config_msgs:/home/autoware/Autoware/install/autoware_build_flags:${CMAKE_PREFIX_PATH} LD_LIBRARY_PATH=/home/autoware/Autoware/install/libwaypoint_follower/lib:/home/autoware/Autoware/install/lanelet2_extension/lib:/home/autoware/Autoware/install/vector_map/lib:/home/autoware/Autoware/install/autoware_health_checker/lib:/home/autoware/Autoware/install/astar_search/lib:/home/autoware/Autoware/install/amathutils_lib/lib:/home/autoware/Autoware/install/ros_observer/lib:${LD_LIBRARY_PATH} PKG_CONFIG_PATH=/home/autoware/Autoware/install/libwaypoint_follower/lib/x86_64-linux-gnu/pkgconfig:/home/autoware/Autoware/install/libwaypoint_follower/lib/pkgconfig:/home/autoware/Autoware/install/lanelet2_extension/lib/x86_64-linux-gnu/pkgconfig:/home/autoware/Autoware/install/lanelet2_extension/lib/pkgconfig:/home/autoware/Autoware/install/vector_map/lib/x86_64-linux-gnu/pkgconfig:/home/autoware/Autoware/install/vector_map/lib/pkgconfig:/home/autoware/Autoware/install/autoware_health_checker/lib/x86_64-linux-gnu/pkgconfig:/home/autoware/Autoware/install/autoware_health_checker/lib/pkgconfig:/home/autoware/Autoware/install/astar_search/lib/x86_64-linux-gnu/pkgconfig:/home/autoware/Autoware/install/astar_search/lib/pkgconfig:/home/autoware/Autoware/install/amathutils_lib/lib/x86_64-linux-gnu/pkgconfig:/home/autoware/Autoware/install/amathutils_lib/lib/pkgconfig:/home/autoware/Autoware/install/vector_map_msgs/lib/x86_64-linux-gnu/pkgconfig:/home/autoware/Autoware/install/vector_map_msgs/lib/pkgconfig:/home/autoware/Autoware/install/ros_observer/lib/x86_64-linux-gnu/pkgconfig:/home/autoware/Autoware/install/ros_observer/lib/pkgconfig:/home/autoware/Autoware/install/autoware_system_msgs/lib/x86_64-linux-gnu/pkgconfig:/home/autoware/Autoware/install/autoware_system_msgs/lib/pkgconfig:/home/autoware/Autoware/install/autoware_msgs/lib/x86_64-linux-gnu/pkgconfig:/home/autoware/Autoware/install/autoware_msgs/lib/pkgconfig:/home/autoware/Autoware/install/autoware_lanelet2_msgs/lib/x86_64-linux-gnu/pkgconfig:/home/autoware/Autoware/install/autoware_lanelet2_msgs/lib/pkgconfig:/home/autoware/Autoware/install/autoware_config_msgs/lib/x86_64-linux-gnu/pkgconfig:/home/autoware/Autoware/install/autoware_config_msgs/lib/pkgconfig:/home/autoware/Autoware/install/autoware_build_flags/lib/x86_64-linux-gnu/pkgconfig:/home/autoware/Autoware/install/autoware_build_flags/lib/pkgconfig:${PKG_CONFIG_PATH} PYTHONPATH=/home/autoware/Autoware/install/vector_map_msgs/lib/python2.7/dist-packages:/home/autoware/Autoware/install/autoware_system_msgs/lib/python2.7/dist-packages:/home/autoware/Autoware/install/autoware_msgs/lib/python2.7/dist-packages:/home/autoware/Autoware/install/autoware_lanelet2_msgs/lib/python2.7/dist-packages:/home/autoware/Autoware/install/autoware_config_msgs/lib/python2.7/dist-packages:${PYTHONPATH} ROS_PACKAGE_PATH=/home/autoware/Autoware/install/libwaypoint_follower/share:/home/autoware/Autoware/install/lanelet2_extension/share:/home/autoware/Autoware/install/vector_map/share:/home/autoware/Autoware/install/autoware_health_checker/share:/home/autoware/Autoware/install/astar_search/share:/home/autoware/Autoware/install/amathutils_lib/share:/home/autoware/Autoware/install/vector_map_msgs/share:/home/autoware/Autoware/install/ros_observer/share:/home/autoware/Autoware/install/autoware_system_msgs/share:/home/autoware/Autoware/install/autoware_msgs/share:/home/autoware/Autoware/install/autoware_lanelet2_msgs/share:/home/autoware/Autoware/install/autoware_config_msgs/share:/home/autoware/Autoware/install/autoware_build_flags/share:${ROS_PACKAGE_PATH} /usr/bin/cmake --build /home/autoware/Autoware/build/waypoint_planner -- -j32 -l32
[0.834s] [  0%] Built target dynamic_reconfigure_generate_messages_py
[0.841s] [  0%] Built target bond_generate_messages_eus
[0.858s] [  0%] Built target nodelet_generate_messages_eus
[0.877s] [  0%] Built target visualization_msgs_generate_messages_nodejs
[0.889s] [  0%] Built target vector_map_msgs_generate_messages_nodejs
[0.898s] [  0%] Built target geometry_msgs_generate_messages_lisp
[0.898s] [  0%] Built target vector_map_msgs_generate_messages_py
[0.904s] [  0%] Built target bond_generate_messages_cpp
[0.909s] [  0%] Built target dynamic_reconfigure_generate_messages_eus
[0.910s] [  0%] Built target std_srvs_generate_messages_nodejs
[0.911s] [  0%] Built target std_srvs_generate_messages_lisp
[0.920s] [  0%] Built target topic_tools_generate_messages_cpp
[0.925s] [  0%] Built target topic_tools_generate_messages_nodejs
[0.941s] [  0%] Built target nodelet_generate_messages_cpp
[0.949s] [  0%] Built target nodelet_generate_messages_nodejs
[0.954s] [  0%] Built target visualization_msgs_generate_messages_eus
[0.958s] [  0%] Built target dynamic_reconfigure_generate_messages_lisp
[0.962s] [  0%] Built target autoware_lanelet2_msgs_generate_messages_cpp
[0.966s] [  0%] Built target vector_map_msgs_generate_messages_cpp
[0.978s] [  0%] Built target bond_generate_messages_py
[0.985s] [  0%] Built target tf2_msgs_generate_messages_eus
[1.010s] [  0%] Built target geometry_msgs_generate_messages_py
[1.027s] [  0%] Built target autoware_msgs_generate_messages_cpp
[1.039s] [  0%] Built target topic_tools_generate_messages_eus
[1.093s] [  0%] Built target tf2_msgs_generate_messages_nodejs
[1.093s] [  0%] Built target autoware_lanelet2_msgs_generate_messages_lisp
[1.349s] [  0%] Built target dynamic_reconfigure_generate_messages_nodejs
[1.349s] [  0%] Built target rosgraph_msgs_generate_messages_lisp
[1.349s] [  0%] Built target geometry_msgs_generate_messages_eus
[1.350s] [  0%] Built target autoware_lanelet2_msgs_generate_messages_eus
[1.350s] [  0%] Built target bond_generate_messages_lisp
[1.350s] [  0%] Built target pcl_ros_gencfg
[1.350s] [  0%] Built target vector_map_msgs_generate_messages_eus
[1.350s] [  0%] Built target autoware_system_msgs_generate_messages_cpp
[1.350s] [  0%] Built target autoware_system_msgs_generate_messages_eus
[1.350s] [  0%] Built target rosgraph_msgs_generate_messages_eus
[1.350s] [  0%] Built target tf2_msgs_generate_messages_cpp
[1.350s] [  0%] Built target std_msgs_generate_messages_py
[1.350s] [  0%] Built target nodelet_generate_messages_lisp
[1.350s] [  0%] Built target visualization_msgs_generate_messages_py
[1.350s] [  0%] Built target topic_tools_generate_messages_lisp
[1.351s] [  0%] Built target sensor_msgs_generate_messages_lisp
[1.351s] [  0%] Built target std_srvs_generate_messages_py
[1.351s] [  0%] Built target autoware_system_msgs_generate_messages_lisp
[1.351s] [  0%] Built target autoware_msgs_generate_messages_py
[1.351s] [  0%] Built target autoware_msgs_generate_messages_lisp
[1.351s] [  0%] Built target jsk_recognition_msgs_generate_messages_eus
[1.351s] [  0%] Built target topic_tools_generate_messages_py
[1.386s] [  0%] Built target dynamic_reconfigure_gencfg
[1.387s] [  0%] Built target jsk_footstep_msgs_generate_messages_py
[1.387s] [  0%] Built target autoware_config_msgs_generate_messages_cpp
[1.387s] [  0%] Built target nodelet_topic_tools_gencfg
[1.413s] [  0%] Built target vector_map_msgs_generate_messages_lisp
[1.413s] [  0%] Built target std_msgs_generate_messages_cpp
[1.413s] [  0%] Built target rosgraph_msgs_generate_messages_cpp
[1.413s] [  0%] Built target actionlib_msgs_generate_messages_nodejs
[1.413s] [  0%] Built target roscpp_generate_messages_eus
[1.413s] [  0%] Built target autoware_config_msgs_generate_messages_py
[1.414s] [  0%] Built target std_srvs_generate_messages_cpp
[1.414s] [  0%] Built target rosgraph_msgs_generate_messages_nodejs
[1.414s] [  0%] Built target autoware_msgs_generate_messages_eus
[1.414s] [  0%] Built target actionlib_msgs_generate_messages_eus
[1.418s] [  0%] Built target std_msgs_generate_messages_eus
[1.418s] [  0%] Built target tf2_msgs_generate_messages_lisp
[1.420s] [  0%] Built target visualization_msgs_generate_messages_lisp
[1.420s] [  0%] Built target geometry_msgs_generate_messages_nodejs
[1.420s] [  0%] Built target bond_generate_messages_nodejs
[1.420s] [  0%] Built target autoware_config_msgs_generate_messages_eus
[1.421s] [  0%] Built target autoware_msgs_generate_messages_nodejs
[1.450s] [  0%] Built target rosgraph_msgs_generate_messages_py
[1.450s] [  0%] Built target jsk_recognition_msgs_generate_messages_lisp
[1.451s] [  0%] Built target std_msgs_generate_messages_nodejs
[1.452s] [  0%] Built target jsk_recognition_msgs_generate_messages_cpp
[1.452s] [  0%] Built target nodelet_generate_messages_py
[1.452s] [  0%] Built target jsk_recognition_msgs_generate_messages_py
[1.453s] [  0%] Built target autoware_config_msgs_generate_messages_lisp
[1.453s] [  0%] Built target roscpp_generate_messages_nodejs
[1.455s] [  0%] Built target sensor_msgs_generate_messages_eus
[1.455s] [  0%] Built target roscpp_generate_messages_cpp
[1.455s] [  0%] Built target actionlib_generate_messages_cpp
[1.457s] [  0%] Built target dynamic_reconfigure_generate_messages_cpp
[1.459s] [  0%] Built target std_msgs_generate_messages_lisp
[1.461s] [  0%] Built target autoware_system_msgs_generate_messages_py
[1.466s] [  0%] Built target tf_generate_messages_py
[1.472s] [  0%] Built target jsk_footstep_msgs_generate_messages_nodejs
[1.491s] [  0%] Built target jsk_footstep_msgs_generate_messages_eus
[1.491s] [  0%] Built target pcl_msgs_generate_messages_cpp
[1.491s] [  0%] Built target pcl_msgs_generate_messages_lisp
[1.491s] [  0%] Built target actionlib_msgs_generate_messages_py
[1.491s] [  0%] Built target pcl_msgs_generate_messages_eus
[1.491s] [  0%] Built target sensor_msgs_generate_messages_nodejs
[1.491s] [  0%] Built target actionlib_msgs_generate_messages_lisp
[1.492s] [  0%] Built target std_srvs_generate_messages_eus
[1.493s] [  0%] Built target sensor_msgs_generate_messages_py
[1.499s] [  0%] Built target sensor_msgs_generate_messages_cpp
[1.500s] [  0%] Built target autoware_lanelet2_msgs_generate_messages_py
[1.503s] [  0%] Built target autoware_system_msgs_generate_messages_nodejs
[1.504s] [  0%] Built target tf_generate_messages_nodejs
[1.506s] [  0%] Built target autoware_lanelet2_msgs_generate_messages_nodejs
[1.513s] [  0%] Built target pcl_msgs_generate_messages_nodejs
[1.517s] [  0%] Built target actionlib_msgs_generate_messages_cpp
[1.518s] [  0%] Built target jsk_footstep_msgs_generate_messages_cpp
[1.522s] [  0%] Built target jsk_footstep_msgs_generate_messages_lisp
[1.523s] [  0%] Built target roscpp_generate_messages_lisp
[1.523s] [  0%] Built target autoware_config_msgs_generate_messages_nodejs
[1.536s] [  0%] Built target actionlib_generate_messages_nodejs
[1.540s] [  0%] Built target tf_generate_messages_cpp
[1.542s] [  0%] Built target tf_generate_messages_lisp
[1.544s] [  0%] Built target jsk_recognition_msgs_generate_messages_nodejs
[1.546s] [  0%] Built target pcl_msgs_generate_messages_py
[1.555s] [  0%] Built target actionlib_generate_messages_lisp
[1.590s] [  0%] Built target roscpp_generate_messages_py
[1.590s] [  0%] Built target actionlib_generate_messages_eus
[1.590s] [  0%] Built target tf_generate_messages_eus
[1.590s] [  0%] Built target geometry_msgs_generate_messages_cpp
[1.591s] [  0%] Built target visualization_msgs_generate_messages_cpp
[1.592s] [  0%] Built target actionlib_generate_messages_py
[1.626s] [  0%] Built target tf2_msgs_generate_messages_py
[1.696s] [ 23%] Built target astar_avoid
[1.707s] [ 61%] Built target velocity_set_lanelet2
[1.707s] [100%] Built target velocity_set
[1.746s] Invoked command in '/home/autoware/Autoware/build/waypoint_planner' returned '0': CMAKE_PREFIX_PATH=/home/autoware/Autoware/install/libwaypoint_follower:/home/autoware/Autoware/install/lanelet2_extension:/home/autoware/Autoware/install/vector_map:/home/autoware/Autoware/install/autoware_health_checker:/home/autoware/Autoware/install/astar_search:/home/autoware/Autoware/install/amathutils_lib:/home/autoware/Autoware/install/vector_map_msgs:/home/autoware/Autoware/install/ros_observer:/home/autoware/Autoware/install/autoware_system_msgs:/home/autoware/Autoware/install/autoware_msgs:/home/autoware/Autoware/install/autoware_lanelet2_msgs:/home/autoware/Autoware/install/autoware_config_msgs:/home/autoware/Autoware/install/autoware_build_flags:${CMAKE_PREFIX_PATH} LD_LIBRARY_PATH=/home/autoware/Autoware/install/libwaypoint_follower/lib:/home/autoware/Autoware/install/lanelet2_extension/lib:/home/autoware/Autoware/install/vector_map/lib:/home/autoware/Autoware/install/autoware_health_checker/lib:/home/autoware/Autoware/install/astar_search/lib:/home/autoware/Autoware/install/amathutils_lib/lib:/home/autoware/Autoware/install/ros_observer/lib:${LD_LIBRARY_PATH} PKG_CONFIG_PATH=/home/autoware/Autoware/install/libwaypoint_follower/lib/x86_64-linux-gnu/pkgconfig:/home/autoware/Autoware/install/libwaypoint_follower/lib/pkgconfig:/home/autoware/Autoware/install/lanelet2_extension/lib/x86_64-linux-gnu/pkgconfig:/home/autoware/Autoware/install/lanelet2_extension/lib/pkgconfig:/home/autoware/Autoware/install/vector_map/lib/x86_64-linux-gnu/pkgconfig:/home/autoware/Autoware/install/vector_map/lib/pkgconfig:/home/autoware/Autoware/install/autoware_health_checker/lib/x86_64-linux-gnu/pkgconfig:/home/autoware/Autoware/install/autoware_health_checker/lib/pkgconfig:/home/autoware/Autoware/install/astar_search/lib/x86_64-linux-gnu/pkgconfig:/home/autoware/Autoware/install/astar_search/lib/pkgconfig:/home/autoware/Autoware/install/amathutils_lib/lib/x86_64-linux-gnu/pkgconfig:/home/autoware/Autoware/install/amathutils_lib/lib/pkgconfig:/home/autoware/Autoware/install/vector_map_msgs/lib/x86_64-linux-gnu/pkgconfig:/home/autoware/Autoware/install/vector_map_msgs/lib/pkgconfig:/home/autoware/Autoware/install/ros_observer/lib/x86_64-linux-gnu/pkgconfig:/home/autoware/Autoware/install/ros_observer/lib/pkgconfig:/home/autoware/Autoware/install/autoware_system_msgs/lib/x86_64-linux-gnu/pkgconfig:/home/autoware/Autoware/install/autoware_system_msgs/lib/pkgconfig:/home/autoware/Autoware/install/autoware_msgs/lib/x86_64-linux-gnu/pkgconfig:/home/autoware/Autoware/install/autoware_msgs/lib/pkgconfig:/home/autoware/Autoware/install/autoware_lanelet2_msgs/lib/x86_64-linux-gnu/pkgconfig:/home/autoware/Autoware/install/autoware_lanelet2_msgs/lib/pkgconfig:/home/autoware/Autoware/install/autoware_config_msgs/lib/x86_64-linux-gnu/pkgconfig:/home/autoware/Autoware/install/autoware_config_msgs/lib/pkgconfig:/home/autoware/Autoware/install/autoware_build_flags/lib/x86_64-linux-gnu/pkgconfig:/home/autoware/Autoware/install/autoware_build_flags/lib/pkgconfig:${PKG_CONFIG_PATH} PYTHONPATH=/home/autoware/Autoware/install/vector_map_msgs/lib/python2.7/dist-packages:/home/autoware/Autoware/install/autoware_system_msgs/lib/python2.7/dist-packages:/home/autoware/Autoware/install/autoware_msgs/lib/python2.7/dist-packages:/home/autoware/Autoware/install/autoware_lanelet2_msgs/lib/python2.7/dist-packages:/home/autoware/Autoware/install/autoware_config_msgs/lib/python2.7/dist-packages:${PYTHONPATH} ROS_PACKAGE_PATH=/home/autoware/Autoware/install/libwaypoint_follower/share:/home/autoware/Autoware/install/lanelet2_extension/share:/home/autoware/Autoware/install/vector_map/share:/home/autoware/Autoware/install/autoware_health_checker/share:/home/autoware/Autoware/install/astar_search/share:/home/autoware/Autoware/install/amathutils_lib/share:/home/autoware/Autoware/install/vector_map_msgs/share:/home/autoware/Autoware/install/ros_observer/share:/home/autoware/Autoware/install/autoware_system_msgs/share:/home/autoware/Autoware/install/autoware_msgs/share:/home/autoware/Autoware/install/autoware_lanelet2_msgs/share:/home/autoware/Autoware/install/autoware_config_msgs/share:/home/autoware/Autoware/install/autoware_build_flags/share:${ROS_PACKAGE_PATH} /usr/bin/cmake --build /home/autoware/Autoware/build/waypoint_planner -- -j32 -l32
[2.603s] Invoking command in '/home/autoware/Autoware/build/waypoint_planner': CMAKE_PREFIX_PATH=/home/autoware/Autoware/install/libwaypoint_follower:/home/autoware/Autoware/install/lanelet2_extension:/home/autoware/Autoware/install/vector_map:/home/autoware/Autoware/install/autoware_health_checker:/home/autoware/Autoware/install/astar_search:/home/autoware/Autoware/install/amathutils_lib:/home/autoware/Autoware/install/vector_map_msgs:/home/autoware/Autoware/install/ros_observer:/home/autoware/Autoware/install/autoware_system_msgs:/home/autoware/Autoware/install/autoware_msgs:/home/autoware/Autoware/install/autoware_lanelet2_msgs:/home/autoware/Autoware/install/autoware_config_msgs:/home/autoware/Autoware/install/autoware_build_flags:${CMAKE_PREFIX_PATH} LD_LIBRARY_PATH=/home/autoware/Autoware/install/libwaypoint_follower/lib:/home/autoware/Autoware/install/lanelet2_extension/lib:/home/autoware/Autoware/install/vector_map/lib:/home/autoware/Autoware/install/autoware_health_checker/lib:/home/autoware/Autoware/install/astar_search/lib:/home/autoware/Autoware/install/amathutils_lib/lib:/home/autoware/Autoware/install/ros_observer/lib:${LD_LIBRARY_PATH} PKG_CONFIG_PATH=/home/autoware/Autoware/install/libwaypoint_follower/lib/x86_64-linux-gnu/pkgconfig:/home/autoware/Autoware/install/libwaypoint_follower/lib/pkgconfig:/home/autoware/Autoware/install/lanelet2_extension/lib/x86_64-linux-gnu/pkgconfig:/home/autoware/Autoware/install/lanelet2_extension/lib/pkgconfig:/home/autoware/Autoware/install/vector_map/lib/x86_64-linux-gnu/pkgconfig:/home/autoware/Autoware/install/vector_map/lib/pkgconfig:/home/autoware/Autoware/install/autoware_health_checker/lib/x86_64-linux-gnu/pkgconfig:/home/autoware/Autoware/install/autoware_health_checker/lib/pkgconfig:/home/autoware/Autoware/install/astar_search/lib/x86_64-linux-gnu/pkgconfig:/home/autoware/Autoware/install/astar_search/lib/pkgconfig:/home/autoware/Autoware/install/amathutils_lib/lib/x86_64-linux-gnu/pkgconfig:/home/autoware/Autoware/install/amathutils_lib/lib/pkgconfig:/home/autoware/Autoware/install/vector_map_msgs/lib/x86_64-linux-gnu/pkgconfig:/home/autoware/Autoware/install/vector_map_msgs/lib/pkgconfig:/home/autoware/Autoware/install/ros_observer/lib/x86_64-linux-gnu/pkgconfig:/home/autoware/Autoware/install/ros_observer/lib/pkgconfig:/home/autoware/Autoware/install/autoware_system_msgs/lib/x86_64-linux-gnu/pkgconfig:/home/autoware/Autoware/install/autoware_system_msgs/lib/pkgconfig:/home/autoware/Autoware/install/autoware_msgs/lib/x86_64-linux-gnu/pkgconfig:/home/autoware/Autoware/install/autoware_msgs/lib/pkgconfig:/home/autoware/Autoware/install/autoware_lanelet2_msgs/lib/x86_64-linux-gnu/pkgconfig:/home/autoware/Autoware/install/autoware_lanelet2_msgs/lib/pkgconfig:/home/autoware/Autoware/install/autoware_config_msgs/lib/x86_64-linux-gnu/pkgconfig:/home/autoware/Autoware/install/autoware_config_msgs/lib/pkgconfig:/home/autoware/Autoware/install/autoware_build_flags/lib/x86_64-linux-gnu/pkgconfig:/home/autoware/Autoware/install/autoware_build_flags/lib/pkgconfig:${PKG_CONFIG_PATH} PYTHONPATH=/home/autoware/Autoware/install/vector_map_msgs/lib/python2.7/dist-packages:/home/autoware/Autoware/install/autoware_system_msgs/lib/python2.7/dist-packages:/home/autoware/Autoware/install/autoware_msgs/lib/python2.7/dist-packages:/home/autoware/Autoware/install/autoware_lanelet2_msgs/lib/python2.7/dist-packages:/home/autoware/Autoware/install/autoware_config_msgs/lib/python2.7/dist-packages:${PYTHONPATH} ROS_PACKAGE_PATH=/home/autoware/Autoware/install/libwaypoint_follower/share:/home/autoware/Autoware/install/lanelet2_extension/share:/home/autoware/Autoware/install/vector_map/share:/home/autoware/Autoware/install/autoware_health_checker/share:/home/autoware/Autoware/install/astar_search/share:/home/autoware/Autoware/install/amathutils_lib/share:/home/autoware/Autoware/install/vector_map_msgs/share:/home/autoware/Autoware/install/ros_observer/share:/home/autoware/Autoware/install/autoware_system_msgs/share:/home/autoware/Autoware/install/autoware_msgs/share:/home/autoware/Autoware/install/autoware_lanelet2_msgs/share:/home/autoware/Autoware/install/autoware_config_msgs/share:/home/autoware/Autoware/install/autoware_build_flags/share:${ROS_PACKAGE_PATH} /usr/bin/cmake --build /home/autoware/Autoware/build/waypoint_planner --target tests -- -j32 -l32
[2.757s] Built target tests
[2.783s] Invoked command in '/home/autoware/Autoware/build/waypoint_planner' returned '0': CMAKE_PREFIX_PATH=/home/autoware/Autoware/install/libwaypoint_follower:/home/autoware/Autoware/install/lanelet2_extension:/home/autoware/Autoware/install/vector_map:/home/autoware/Autoware/install/autoware_health_checker:/home/autoware/Autoware/install/astar_search:/home/autoware/Autoware/install/amathutils_lib:/home/autoware/Autoware/install/vector_map_msgs:/home/autoware/Autoware/install/ros_observer:/home/autoware/Autoware/install/autoware_system_msgs:/home/autoware/Autoware/install/autoware_msgs:/home/autoware/Autoware/install/autoware_lanelet2_msgs:/home/autoware/Autoware/install/autoware_config_msgs:/home/autoware/Autoware/install/autoware_build_flags:${CMAKE_PREFIX_PATH} LD_LIBRARY_PATH=/home/autoware/Autoware/install/libwaypoint_follower/lib:/home/autoware/Autoware/install/lanelet2_extension/lib:/home/autoware/Autoware/install/vector_map/lib:/home/autoware/Autoware/install/autoware_health_checker/lib:/home/autoware/Autoware/install/astar_search/lib:/home/autoware/Autoware/install/amathutils_lib/lib:/home/autoware/Autoware/install/ros_observer/lib:${LD_LIBRARY_PATH} PKG_CONFIG_PATH=/home/autoware/Autoware/install/libwaypoint_follower/lib/x86_64-linux-gnu/pkgconfig:/home/autoware/Autoware/install/libwaypoint_follower/lib/pkgconfig:/home/autoware/Autoware/install/lanelet2_extension/lib/x86_64-linux-gnu/pkgconfig:/home/autoware/Autoware/install/lanelet2_extension/lib/pkgconfig:/home/autoware/Autoware/install/vector_map/lib/x86_64-linux-gnu/pkgconfig:/home/autoware/Autoware/install/vector_map/lib/pkgconfig:/home/autoware/Autoware/install/autoware_health_checker/lib/x86_64-linux-gnu/pkgconfig:/home/autoware/Autoware/install/autoware_health_checker/lib/pkgconfig:/home/autoware/Autoware/install/astar_search/lib/x86_64-linux-gnu/pkgconfig:/home/autoware/Autoware/install/astar_search/lib/pkgconfig:/home/autoware/Autoware/install/amathutils_lib/lib/x86_64-linux-gnu/pkgconfig:/home/autoware/Autoware/install/amathutils_lib/lib/pkgconfig:/home/autoware/Autoware/install/vector_map_msgs/lib/x86_64-linux-gnu/pkgconfig:/home/autoware/Autoware/install/vector_map_msgs/lib/pkgconfig:/home/autoware/Autoware/install/ros_observer/lib/x86_64-linux-gnu/pkgconfig:/home/autoware/Autoware/install/ros_observer/lib/pkgconfig:/home/autoware/Autoware/install/autoware_system_msgs/lib/x86_64-linux-gnu/pkgconfig:/home/autoware/Autoware/install/autoware_system_msgs/lib/pkgconfig:/home/autoware/Autoware/install/autoware_msgs/lib/x86_64-linux-gnu/pkgconfig:/home/autoware/Autoware/install/autoware_msgs/lib/pkgconfig:/home/autoware/Autoware/install/autoware_lanelet2_msgs/lib/x86_64-linux-gnu/pkgconfig:/home/autoware/Autoware/install/autoware_lanelet2_msgs/lib/pkgconfig:/home/autoware/Autoware/install/autoware_config_msgs/lib/x86_64-linux-gnu/pkgconfig:/home/autoware/Autoware/install/autoware_config_msgs/lib/pkgconfig:/home/autoware/Autoware/install/autoware_build_flags/lib/x86_64-linux-gnu/pkgconfig:/home/autoware/Autoware/install/autoware_build_flags/lib/pkgconfig:${PKG_CONFIG_PATH} PYTHONPATH=/home/autoware/Autoware/install/vector_map_msgs/lib/python2.7/dist-packages:/home/autoware/Autoware/install/autoware_system_msgs/lib/python2.7/dist-packages:/home/autoware/Autoware/install/autoware_msgs/lib/python2.7/dist-packages:/home/autoware/Autoware/install/autoware_lanelet2_msgs/lib/python2.7/dist-packages:/home/autoware/Autoware/install/autoware_config_msgs/lib/python2.7/dist-packages:${PYTHONPATH} ROS_PACKAGE_PATH=/home/autoware/Autoware/install/libwaypoint_follower/share:/home/autoware/Autoware/install/lanelet2_extension/share:/home/autoware/Autoware/install/vector_map/share:/home/autoware/Autoware/install/autoware_health_checker/share:/home/autoware/Autoware/install/astar_search/share:/home/autoware/Autoware/install/amathutils_lib/share:/home/autoware/Autoware/install/vector_map_msgs/share:/home/autoware/Autoware/install/ros_observer/share:/home/autoware/Autoware/install/autoware_system_msgs/share:/home/autoware/Autoware/install/autoware_msgs/share:/home/autoware/Autoware/install/autoware_lanelet2_msgs/share:/home/autoware/Autoware/install/autoware_config_msgs/share:/home/autoware/Autoware/install/autoware_build_flags/share:${ROS_PACKAGE_PATH} /usr/bin/cmake --build /home/autoware/Autoware/build/waypoint_planner --target tests -- -j32 -l32
[3.435s] Invoking command in '/home/autoware/Autoware/build/waypoint_planner': CMAKE_PREFIX_PATH=/home/autoware/Autoware/install/libwaypoint_follower:/home/autoware/Autoware/install/lanelet2_extension:/home/autoware/Autoware/install/vector_map:/home/autoware/Autoware/install/autoware_health_checker:/home/autoware/Autoware/install/astar_search:/home/autoware/Autoware/install/amathutils_lib:/home/autoware/Autoware/install/vector_map_msgs:/home/autoware/Autoware/install/ros_observer:/home/autoware/Autoware/install/autoware_system_msgs:/home/autoware/Autoware/install/autoware_msgs:/home/autoware/Autoware/install/autoware_lanelet2_msgs:/home/autoware/Autoware/install/autoware_config_msgs:/home/autoware/Autoware/install/autoware_build_flags:${CMAKE_PREFIX_PATH} LD_LIBRARY_PATH=/home/autoware/Autoware/install/libwaypoint_follower/lib:/home/autoware/Autoware/install/lanelet2_extension/lib:/home/autoware/Autoware/install/vector_map/lib:/home/autoware/Autoware/install/autoware_health_checker/lib:/home/autoware/Autoware/install/astar_search/lib:/home/autoware/Autoware/install/amathutils_lib/lib:/home/autoware/Autoware/install/ros_observer/lib:${LD_LIBRARY_PATH} PKG_CONFIG_PATH=/home/autoware/Autoware/install/libwaypoint_follower/lib/x86_64-linux-gnu/pkgconfig:/home/autoware/Autoware/install/libwaypoint_follower/lib/pkgconfig:/home/autoware/Autoware/install/lanelet2_extension/lib/x86_64-linux-gnu/pkgconfig:/home/autoware/Autoware/install/lanelet2_extension/lib/pkgconfig:/home/autoware/Autoware/install/vector_map/lib/x86_64-linux-gnu/pkgconfig:/home/autoware/Autoware/install/vector_map/lib/pkgconfig:/home/autoware/Autoware/install/autoware_health_checker/lib/x86_64-linux-gnu/pkgconfig:/home/autoware/Autoware/install/autoware_health_checker/lib/pkgconfig:/home/autoware/Autoware/install/astar_search/lib/x86_64-linux-gnu/pkgconfig:/home/autoware/Autoware/install/astar_search/lib/pkgconfig:/home/autoware/Autoware/install/amathutils_lib/lib/x86_64-linux-gnu/pkgconfig:/home/autoware/Autoware/install/amathutils_lib/lib/pkgconfig:/home/autoware/Autoware/install/vector_map_msgs/lib/x86_64-linux-gnu/pkgconfig:/home/autoware/Autoware/install/vector_map_msgs/lib/pkgconfig:/home/autoware/Autoware/install/ros_observer/lib/x86_64-linux-gnu/pkgconfig:/home/autoware/Autoware/install/ros_observer/lib/pkgconfig:/home/autoware/Autoware/install/autoware_system_msgs/lib/x86_64-linux-gnu/pkgconfig:/home/autoware/Autoware/install/autoware_system_msgs/lib/pkgconfig:/home/autoware/Autoware/install/autoware_msgs/lib/x86_64-linux-gnu/pkgconfig:/home/autoware/Autoware/install/autoware_msgs/lib/pkgconfig:/home/autoware/Autoware/install/autoware_lanelet2_msgs/lib/x86_64-linux-gnu/pkgconfig:/home/autoware/Autoware/install/autoware_lanelet2_msgs/lib/pkgconfig:/home/autoware/Autoware/install/autoware_config_msgs/lib/x86_64-linux-gnu/pkgconfig:/home/autoware/Autoware/install/autoware_config_msgs/lib/pkgconfig:/home/autoware/Autoware/install/autoware_build_flags/lib/x86_64-linux-gnu/pkgconfig:/home/autoware/Autoware/install/autoware_build_flags/lib/pkgconfig:${PKG_CONFIG_PATH} PYTHONPATH=/home/autoware/Autoware/install/vector_map_msgs/lib/python2.7/dist-packages:/home/autoware/Autoware/install/autoware_system_msgs/lib/python2.7/dist-packages:/home/autoware/Autoware/install/autoware_msgs/lib/python2.7/dist-packages:/home/autoware/Autoware/install/autoware_lanelet2_msgs/lib/python2.7/dist-packages:/home/autoware/Autoware/install/autoware_config_msgs/lib/python2.7/dist-packages:${PYTHONPATH} ROS_PACKAGE_PATH=/home/autoware/Autoware/install/libwaypoint_follower/share:/home/autoware/Autoware/install/lanelet2_extension/share:/home/autoware/Autoware/install/vector_map/share:/home/autoware/Autoware/install/autoware_health_checker/share:/home/autoware/Autoware/install/astar_search/share:/home/autoware/Autoware/install/amathutils_lib/share:/home/autoware/Autoware/install/vector_map_msgs/share:/home/autoware/Autoware/install/ros_observer/share:/home/autoware/Autoware/install/autoware_system_msgs/share:/home/autoware/Autoware/install/autoware_msgs/share:/home/autoware/Autoware/install/autoware_lanelet2_msgs/share:/home/autoware/Autoware/install/autoware_config_msgs/share:/home/autoware/Autoware/install/autoware_build_flags/share:${ROS_PACKAGE_PATH} /usr/bin/cmake --build /home/autoware/Autoware/build/waypoint_planner --target install -- -j32 -l32
[3.601s] [  0%] Built target std_srvs_generate_messages_py
[3.609s] [  0%] Built target topic_tools_generate_messages_cpp
[3.628s] [  0%] Built target bond_generate_messages_py
[3.628s] [  0%] Built target dynamic_reconfigure_generate_messages_nodejs
[3.628s] [  0%] Built target nodelet_generate_messages_eus
[3.629s] [  0%] Built target nodelet_generate_messages_nodejs
[3.629s] [  0%] Built target geometry_msgs_generate_messages_lisp
[3.634s] [  0%] Built target bond_generate_messages_lisp
[3.634s] [  0%] Built target autoware_lanelet2_msgs_generate_messages_cpp
[3.644s] [  0%] Built target std_srvs_generate_messages_nodejs
[3.645s] [  0%] Built target vector_map_msgs_generate_messages_nodejs
[3.645s] [  0%] Built target visualization_msgs_generate_messages_nodejs
[3.645s] [  0%] Built target tf2_msgs_generate_messages_nodejs
[3.645s] [  0%] Built target vector_map_msgs_generate_messages_cpp
[3.645s] [  0%] Built target bond_generate_messages_eus
[3.646s] [  0%] Built target bond_generate_messages_cpp
[3.649s] [  0%] Built target std_srvs_generate_messages_lisp
[3.649s] [  0%] Built target dynamic_reconfigure_generate_messages_eus
[3.649s] [  0%] Built target vector_map_msgs_generate_messages_py
[3.649s] [  0%] Built target dynamic_reconfigure_generate_messages_lisp
[3.649s] [  0%] Built target autoware_lanelet2_msgs_generate_messages_lisp
[3.651s] [  0%] Built target pcl_ros_gencfg
[3.652s] [  0%] Built target dynamic_reconfigure_generate_messages_py
[3.653s] [  0%] Built target tf2_msgs_generate_messages_eus
[3.656s] [  0%] Built target topic_tools_generate_messages_eus
[3.657s] [  0%] Built target geometry_msgs_generate_messages_py
[3.657s] [  0%] Built target visualization_msgs_generate_messages_py
[3.657s] [  0%] Built target autoware_lanelet2_msgs_generate_messages_eus
[3.667s] [  0%] Built target nodelet_generate_messages_cpp
[3.667s] [  0%] Built target topic_tools_generate_messages_nodejs
[3.669s] [  0%] Built target visualization_msgs_generate_messages_eus
[3.672s] [  0%] Built target geometry_msgs_generate_messages_eus
[3.672s] [  0%] Built target autoware_system_msgs_generate_messages_cpp
[3.676s] [  0%] Built target vector_map_msgs_generate_messages_eus
[3.704s] [  0%] Built target tf2_msgs_generate_messages_cpp
[3.706s] [  0%] Built target autoware_msgs_generate_messages_cpp
[3.708s] [  0%] Built target std_srvs_generate_messages_cpp
[3.710s] [  0%] Built target nodelet_generate_messages_lisp
[3.712s] [  0%] Built target rosgraph_msgs_generate_messages_eus
[3.712s] [  0%] Built target std_msgs_generate_messages_py
[3.713s] [  0%] Built target autoware_system_msgs_generate_messages_eus
[3.714s] [  0%] Built target sensor_msgs_generate_messages_lisp
[3.714s] [  0%] Built target autoware_system_msgs_generate_messages_lisp
[3.715s] [  0%] Built target jsk_recognition_msgs_generate_messages_cpp
[3.715s] [  0%] Built target autoware_msgs_generate_messages_py
[3.717s] [  0%] Built target topic_tools_generate_messages_lisp
[3.717s] [  0%] Built target autoware_msgs_generate_messages_lisp
[3.719s] [  0%] Built target rosgraph_msgs_generate_messages_cpp
[3.720s] [  0%] Built target tf2_msgs_generate_messages_lisp
[3.722s] [  0%] Built target autoware_config_msgs_generate_messages_py
[3.723s] [  0%] Built target std_msgs_generate_messages_cpp
[3.724s] [  0%] Built target jsk_footstep_msgs_generate_messages_py
[3.729s] [  0%] Built target dynamic_reconfigure_gencfg
[3.729s] [  0%] Built target actionlib_msgs_generate_messages_eus
[3.733s] [  0%] Built target autoware_msgs_generate_messages_eus
[3.734s] [  0%] Built target topic_tools_generate_messages_py
[3.738s] [  0%] Built target vector_map_msgs_generate_messages_lisp
[3.741s] [  0%] Built target rosgraph_msgs_generate_messages_lisp
[3.743s] [  0%] Built target jsk_recognition_msgs_generate_messages_eus
[3.743s] [  0%] Built target nodelet_topic_tools_gencfg
[3.743s] [  0%] Built target bond_generate_messages_nodejs
[3.748s] [  0%] Built target autoware_config_msgs_generate_messages_cpp
[3.748s] [  0%] Built target actionlib_msgs_generate_messages_nodejs
[3.763s] [  0%] Built target roscpp_generate_messages_eus
[3.770s] [  0%] Built target rosgraph_msgs_generate_messages_nodejs
[3.771s] [  0%] Built target jsk_recognition_msgs_generate_messages_lisp
[3.772s] [  0%] Built target sensor_msgs_generate_messages_cpp
[3.784s] [  0%] Built target autoware_msgs_generate_messages_nodejs
[3.790s] [  0%] Built target jsk_recognition_msgs_generate_messages_py
[3.795s] [  0%] Built target std_msgs_generate_messages_lisp
[3.795s] [  0%] Built target std_msgs_generate_messages_eus
[3.797s] [  0%] Built target roscpp_generate_messages_cpp
[3.799s] [  0%] Built target visualization_msgs_generate_messages_lisp
[3.800s] [  0%] Built target rosgraph_msgs_generate_messages_py
[3.808s] [  0%] Built target nodelet_generate_messages_py
[3.810s] [  0%] Built target autoware_config_msgs_generate_messages_lisp
[3.810s] [  0%] Built target std_msgs_generate_messages_nodejs
[3.815s] [  0%] Built target geometry_msgs_generate_messages_nodejs
[3.818s] [  0%] Built target sensor_msgs_generate_messages_nodejs
[3.819s] [  0%] Built target sensor_msgs_generate_messages_eus
[3.820s] [  0%] Built target autoware_config_msgs_generate_messages_eus
[3.820s] [  0%] Built target sensor_msgs_generate_messages_py
[3.821s] [  0%] Built target pcl_msgs_generate_messages_cpp
[3.822s] [  0%] Built target jsk_footstep_msgs_generate_messages_lisp
[3.823s] [  0%] Built target actionlib_msgs_generate_messages_lisp
[3.824s] [  0%] Built target roscpp_generate_messages_nodejs
[3.825s] [  0%] Built target autoware_system_msgs_generate_messages_py
[3.828s] [  0%] Built target actionlib_generate_messages_cpp
[3.828s] [  0%] Built target jsk_footstep_msgs_generate_messages_eus
[3.832s] [  0%] Built target autoware_system_msgs_generate_messages_nodejs
[3.834s] [  0%] Built target pcl_msgs_generate_messages_eus
[3.837s] [  0%] Built target dynamic_reconfigure_generate_messages_cpp
[3.837s] [  0%] Built target tf_generate_messages_py
[3.838s] [  0%] Built target pcl_msgs_generate_messages_nodejs
[3.840s] [  0%] Built target actionlib_msgs_generate_messages_py
[3.853s] [  0%] Built target actionlib_msgs_generate_messages_cpp
[3.863s] [  0%] Built target tf_generate_messages_cpp
[3.863s] [  0%] Built target tf_generate_messages_lisp
[3.864s] [  0%] Built target jsk_footstep_msgs_generate_messages_nodejs
[3.865s] [  0%] Built target pcl_msgs_generate_messages_lisp
[3.871s] [  0%] Built target actionlib_generate_messages_lisp
[3.876s] [  0%] Built target jsk_footstep_msgs_generate_messages_cpp
[3.877s] [  0%] Built target roscpp_generate_messages_lisp
[3.877s] [  0%] Built target std_srvs_generate_messages_eus
[3.878s] [  0%] Built target jsk_recognition_msgs_generate_messages_nodejs
[3.879s] [  0%] Built target autoware_lanelet2_msgs_generate_messages_py
[3.882s] [  0%] Built target geometry_msgs_generate_messages_cpp
[3.884s] [  0%] Built target tf_generate_messages_nodejs
[3.886s] [  0%] Built target actionlib_generate_messages_nodejs
[3.886s] [  0%] Built target tf_generate_messages_eus
[3.890s] [  0%] Built target autoware_config_msgs_generate_messages_nodejs
[3.893s] [  0%] Built target tf2_msgs_generate_messages_py
[3.893s] [  0%] Built target visualization_msgs_generate_messages_cpp
[3.896s] [  0%] Built target autoware_lanelet2_msgs_generate_messages_nodejs
[3.897s] [  0%] Built target pcl_msgs_generate_messages_py
[3.897s] [  0%] Built target actionlib_generate_messages_eus
[3.898s] [  0%] Built target actionlib_generate_messages_py
[3.900s] [  0%] Built target roscpp_generate_messages_py
[3.984s] [ 23%] Built target astar_avoid
[3.984s] [ 76%] Built target velocity_set_lanelet2
[3.985s] [100%] Built target velocity_set
[4.033s] Install the project...
[4.033s] -- Install configuration: "Release"
[4.034s] -- Up-to-date: /home/autoware/Autoware/install/waypoint_planner/lib/pkgconfig/waypoint_planner.pc
[4.034s] -- Up-to-date: /home/autoware/Autoware/install/waypoint_planner/share/waypoint_planner/cmake/waypoint_plannerConfig.cmake
[4.034s] -- Up-to-date: /home/autoware/Autoware/install/waypoint_planner/share/waypoint_planner/cmake/waypoint_plannerConfig-version.cmake
[4.035s] -- Up-to-date: /home/autoware/Autoware/install/waypoint_planner/share/waypoint_planner/package.xml
[4.037s] -- Up-to-date: /home/autoware/Autoware/install/waypoint_planner/lib/waypoint_planner/astar_avoid
[4.046s] -- Up-to-date: /home/autoware/Autoware/install/waypoint_planner/lib/waypoint_planner/velocity_set
[4.053s] -- Up-to-date: /home/autoware/Autoware/install/waypoint_planner/lib/waypoint_planner/velocity_set_lanelet2
[4.059s] -- Up-to-date: /home/autoware/Autoware/install/waypoint_planner/share/waypoint_planner/launch
[4.059s] -- Up-to-date: /home/autoware/Autoware/install/waypoint_planner/share/waypoint_planner/launch/astar_avoid.launch
[4.059s] -- Up-to-date: /home/autoware/Autoware/install/waypoint_planner/share/waypoint_planner/launch/velocity_set.launch
[4.060s] -- Up-to-date: /home/autoware/Autoware/install/waypoint_planner/share/waypoint_planner/launch/velocity_set_lanelet2.launch
[4.060s] -- Up-to-date: /home/autoware/Autoware/install/waypoint_planner/share/waypoint_planner/launch/velocity_set_option.launch
[4.064s] Invoked command in '/home/autoware/Autoware/build/waypoint_planner' returned '0': CMAKE_PREFIX_PATH=/home/autoware/Autoware/install/libwaypoint_follower:/home/autoware/Autoware/install/lanelet2_extension:/home/autoware/Autoware/install/vector_map:/home/autoware/Autoware/install/autoware_health_checker:/home/autoware/Autoware/install/astar_search:/home/autoware/Autoware/install/amathutils_lib:/home/autoware/Autoware/install/vector_map_msgs:/home/autoware/Autoware/install/ros_observer:/home/autoware/Autoware/install/autoware_system_msgs:/home/autoware/Autoware/install/autoware_msgs:/home/autoware/Autoware/install/autoware_lanelet2_msgs:/home/autoware/Autoware/install/autoware_config_msgs:/home/autoware/Autoware/install/autoware_build_flags:${CMAKE_PREFIX_PATH} LD_LIBRARY_PATH=/home/autoware/Autoware/install/libwaypoint_follower/lib:/home/autoware/Autoware/install/lanelet2_extension/lib:/home/autoware/Autoware/install/vector_map/lib:/home/autoware/Autoware/install/autoware_health_checker/lib:/home/autoware/Autoware/install/astar_search/lib:/home/autoware/Autoware/install/amathutils_lib/lib:/home/autoware/Autoware/install/ros_observer/lib:${LD_LIBRARY_PATH} PKG_CONFIG_PATH=/home/autoware/Autoware/install/libwaypoint_follower/lib/x86_64-linux-gnu/pkgconfig:/home/autoware/Autoware/install/libwaypoint_follower/lib/pkgconfig:/home/autoware/Autoware/install/lanelet2_extension/lib/x86_64-linux-gnu/pkgconfig:/home/autoware/Autoware/install/lanelet2_extension/lib/pkgconfig:/home/autoware/Autoware/install/vector_map/lib/x86_64-linux-gnu/pkgconfig:/home/autoware/Autoware/install/vector_map/lib/pkgconfig:/home/autoware/Autoware/install/autoware_health_checker/lib/x86_64-linux-gnu/pkgconfig:/home/autoware/Autoware/install/autoware_health_checker/lib/pkgconfig:/home/autoware/Autoware/install/astar_search/lib/x86_64-linux-gnu/pkgconfig:/home/autoware/Autoware/install/astar_search/lib/pkgconfig:/home/autoware/Autoware/install/amathutils_lib/lib/x86_64-linux-gnu/pkgconfig:/home/autoware/Autoware/install/amathutils_lib/lib/pkgconfig:/home/autoware/Autoware/install/vector_map_msgs/lib/x86_64-linux-gnu/pkgconfig:/home/autoware/Autoware/install/vector_map_msgs/lib/pkgconfig:/home/autoware/Autoware/install/ros_observer/lib/x86_64-linux-gnu/pkgconfig:/home/autoware/Autoware/install/ros_observer/lib/pkgconfig:/home/autoware/Autoware/install/autoware_system_msgs/lib/x86_64-linux-gnu/pkgconfig:/home/autoware/Autoware/install/autoware_system_msgs/lib/pkgconfig:/home/autoware/Autoware/install/autoware_msgs/lib/x86_64-linux-gnu/pkgconfig:/home/autoware/Autoware/install/autoware_msgs/lib/pkgconfig:/home/autoware/Autoware/install/autoware_lanelet2_msgs/lib/x86_64-linux-gnu/pkgconfig:/home/autoware/Autoware/install/autoware_lanelet2_msgs/lib/pkgconfig:/home/autoware/Autoware/install/autoware_config_msgs/lib/x86_64-linux-gnu/pkgconfig:/home/autoware/Autoware/install/autoware_config_msgs/lib/pkgconfig:/home/autoware/Autoware/install/autoware_build_flags/lib/x86_64-linux-gnu/pkgconfig:/home/autoware/Autoware/install/autoware_build_flags/lib/pkgconfig:${PKG_CONFIG_PATH} PYTHONPATH=/home/autoware/Autoware/install/vector_map_msgs/lib/python2.7/dist-packages:/home/autoware/Autoware/install/autoware_system_msgs/lib/python2.7/dist-packages:/home/autoware/Autoware/install/autoware_msgs/lib/python2.7/dist-packages:/home/autoware/Autoware/install/autoware_lanelet2_msgs/lib/python2.7/dist-packages:/home/autoware/Autoware/install/autoware_config_msgs/lib/python2.7/dist-packages:${PYTHONPATH} ROS_PACKAGE_PATH=/home/autoware/Autoware/install/libwaypoint_follower/share:/home/autoware/Autoware/install/lanelet2_extension/share:/home/autoware/Autoware/install/vector_map/share:/home/autoware/Autoware/install/autoware_health_checker/share:/home/autoware/Autoware/install/astar_search/share:/home/autoware/Autoware/install/amathutils_lib/share:/home/autoware/Autoware/install/vector_map_msgs/share:/home/autoware/Autoware/install/ros_observer/share:/home/autoware/Autoware/install/autoware_system_msgs/share:/home/autoware/Autoware/install/autoware_msgs/share:/home/autoware/Autoware/install/autoware_lanelet2_msgs/share:/home/autoware/Autoware/install/autoware_config_msgs/share:/home/autoware/Autoware/install/autoware_build_flags/share:${ROS_PACKAGE_PATH} /usr/bin/cmake --build /home/autoware/Autoware/build/waypoint_planner --target install -- -j32 -l32
