[0.237s] Invoking command in '/home/autoware/Autoware/build/autoware_system_msgs': /usr/bin/cmake --build /home/autoware/Autoware/build/autoware_system_msgs -- -j32 -l32
[0.812s] [  0%] Built target rosgraph_msgs_generate_messages_lisp
[0.812s] [  0%] Built target std_msgs_generate_messages_lisp
[0.813s] [  0%] Built target rosgraph_msgs_generate_messages_cpp
[0.813s] [  0%] Built target std_msgs_generate_messages_py
[0.813s] [  0%] Built target rosgraph_msgs_generate_messages_eus
[0.813s] [  0%] Built target std_msgs_generate_messages_cpp
[0.813s] [  0%] Built target rosgraph_msgs_generate_messages_py
[0.813s] [  0%] Built target rosgraph_msgs_generate_messages_nodejs
[0.813s] [  0%] Built target std_msgs_generate_messages_nodejs
[0.813s] [  0%] Built target std_msgs_generate_messages_eus
[0.813s] [  0%] Built target _autoware_system_msgs_generate_messages_check_deps_DiagnosticStatusArray
[0.813s] [  0%] Built target _autoware_system_msgs_generate_messages_check_deps_SystemStatus
[0.814s] [  0%] Built target _autoware_system_msgs_generate_messages_check_deps_DiagnosticStatus
[0.814s] [  0%] Built target _autoware_system_msgs_generate_messages_check_deps_HardwareStatus
[0.814s] [  0%] Built target _autoware_system_msgs_generate_messages_check_deps_NodeStatus
[0.814s] [ 22%] Built target autoware_system_msgs_generate_messages_eus
[0.814s] [ 40%] Built target autoware_system_msgs_generate_messages_cpp
[0.814s] [ 62%] Built target autoware_system_msgs_generate_messages_py
[0.814s] [ 81%] Built target autoware_system_msgs_generate_messages_nodejs
[0.814s] [100%] Built target autoware_system_msgs_generate_messages_lisp
[0.928s] [100%] Built target autoware_system_msgs_generate_messages
[0.949s] Invoked command in '/home/autoware/Autoware/build/autoware_system_msgs' returned '0': /usr/bin/cmake --build /home/autoware/Autoware/build/autoware_system_msgs -- -j32 -l32
[1.087s] Invoking command in '/home/autoware/Autoware/build/autoware_system_msgs': /usr/bin/cmake --build /home/autoware/Autoware/build/autoware_system_msgs --target tests -- -j32 -l32
[1.188s] Built target tests
[1.245s] Invoked command in '/home/autoware/Autoware/build/autoware_system_msgs' returned '0': /usr/bin/cmake --build /home/autoware/Autoware/build/autoware_system_msgs --target tests -- -j32 -l32
[1.382s] Invoking command in '/home/autoware/Autoware/build/autoware_system_msgs': /usr/bin/cmake --build /home/autoware/Autoware/build/autoware_system_msgs --target install -- -j32 -l32
[1.681s] [  0%] Built target rosgraph_msgs_generate_messages_py
[1.681s] [  0%] Built target std_msgs_generate_messages_cpp
[1.681s] [  0%] Built target std_msgs_generate_messages_nodejs
[1.681s] [  0%] Built target rosgraph_msgs_generate_messages_cpp
[1.681s] [  0%] Built target rosgraph_msgs_generate_messages_eus
[1.682s] [  0%] Built target std_msgs_generate_messages_eus
[1.682s] [  0%] Built target std_msgs_generate_messages_lisp
[1.682s] [  0%] Built target std_msgs_generate_messages_py
[1.682s] [  0%] Built target rosgraph_msgs_generate_messages_lisp
[1.682s] [  0%] Built target rosgraph_msgs_generate_messages_nodejs
[1.682s] [  0%] Built target _autoware_system_msgs_generate_messages_check_deps_DiagnosticStatusArray
[1.682s] [  0%] Built target _autoware_system_msgs_generate_messages_check_deps_HardwareStatus
[1.682s] [  0%] Built target _autoware_system_msgs_generate_messages_check_deps_DiagnosticStatus
[1.682s] [  0%] Built target _autoware_system_msgs_generate_messages_check_deps_SystemStatus
[1.682s] [  0%] Built target _autoware_system_msgs_generate_messages_check_deps_NodeStatus
[1.682s] [ 22%] Built target autoware_system_msgs_generate_messages_py
[1.682s] [ 40%] Built target autoware_system_msgs_generate_messages_nodejs
[1.682s] [ 62%] Built target autoware_system_msgs_generate_messages_eus
[1.683s] [ 81%] Built target autoware_system_msgs_generate_messages_lisp
[1.683s] [100%] Built target autoware_system_msgs_generate_messages_cpp
[1.752s] [100%] Built target autoware_system_msgs_generate_messages
[1.752s] Install the project...
[1.752s] -- Install configuration: "Release"
[1.752s] -- Up-to-date: /home/autoware/Autoware/install/autoware_system_msgs/share/autoware_system_msgs/msg/DiagnosticStatus.msg
[1.752s] -- Up-to-date: /home/autoware/Autoware/install/autoware_system_msgs/share/autoware_system_msgs/msg/DiagnosticStatusArray.msg
[1.753s] -- Up-to-date: /home/autoware/Autoware/install/autoware_system_msgs/share/autoware_system_msgs/msg/HardwareStatus.msg
[1.753s] -- Up-to-date: /home/autoware/Autoware/install/autoware_system_msgs/share/autoware_system_msgs/msg/NodeStatus.msg
[1.753s] -- Up-to-date: /home/autoware/Autoware/install/autoware_system_msgs/share/autoware_system_msgs/msg/SystemStatus.msg
[1.753s] -- Up-to-date: /home/autoware/Autoware/install/autoware_system_msgs/share/autoware_system_msgs/cmake/autoware_system_msgs-msg-paths.cmake
[1.753s] -- Up-to-date: /home/autoware/Autoware/install/autoware_system_msgs/include/autoware_system_msgs
[1.753s] -- Up-to-date: /home/autoware/Autoware/install/autoware_system_msgs/include/autoware_system_msgs/DiagnosticStatus.h
[1.755s] -- Up-to-date: /home/autoware/Autoware/install/autoware_system_msgs/include/autoware_system_msgs/DiagnosticStatusArray.h
[1.755s] -- Up-to-date: /home/autoware/Autoware/install/autoware_system_msgs/include/autoware_system_msgs/SystemStatus.h
[1.756s] -- Up-to-date: /home/autoware/Autoware/install/autoware_system_msgs/include/autoware_system_msgs/NodeStatus.h
[1.756s] -- Up-to-date: /home/autoware/Autoware/install/autoware_system_msgs/include/autoware_system_msgs/HardwareStatus.h
[1.756s] -- Up-to-date: /home/autoware/Autoware/install/autoware_system_msgs/share/roseus/ros/autoware_system_msgs
[1.756s] -- Up-to-date: /home/autoware/Autoware/install/autoware_system_msgs/share/roseus/ros/autoware_system_msgs/manifest.l
[1.757s] -- Up-to-date: /home/autoware/Autoware/install/autoware_system_msgs/share/roseus/ros/autoware_system_msgs/msg
[1.758s] -- Up-to-date: /home/autoware/Autoware/install/autoware_system_msgs/share/roseus/ros/autoware_system_msgs/msg/DiagnosticStatusArray.l
[1.758s] -- Up-to-date: /home/autoware/Autoware/install/autoware_system_msgs/share/roseus/ros/autoware_system_msgs/msg/SystemStatus.l
[1.758s] -- Up-to-date: /home/autoware/Autoware/install/autoware_system_msgs/share/roseus/ros/autoware_system_msgs/msg/HardwareStatus.l
[1.758s] -- Up-to-date: /home/autoware/Autoware/install/autoware_system_msgs/share/roseus/ros/autoware_system_msgs/msg/DiagnosticStatus.l
[1.761s] -- Up-to-date: /home/autoware/Autoware/install/autoware_system_msgs/share/roseus/ros/autoware_system_msgs/msg/NodeStatus.l
[1.761s] -- Up-to-date: /home/autoware/Autoware/install/autoware_system_msgs/share/common-lisp/ros/autoware_system_msgs
[1.762s] -- Up-to-date: /home/autoware/Autoware/install/autoware_system_msgs/share/common-lisp/ros/autoware_system_msgs/msg
[1.762s] -- Up-to-date: /home/autoware/Autoware/install/autoware_system_msgs/share/common-lisp/ros/autoware_system_msgs/msg/_package.lisp
[1.762s] -- Up-to-date: /home/autoware/Autoware/install/autoware_system_msgs/share/common-lisp/ros/autoware_system_msgs/msg/_package_HardwareStatus.lisp
[1.764s] -- Up-to-date: /home/autoware/Autoware/install/autoware_system_msgs/share/common-lisp/ros/autoware_system_msgs/msg/DiagnosticStatus.lisp
[1.764s] -- Up-to-date: /home/autoware/Autoware/install/autoware_system_msgs/share/common-lisp/ros/autoware_system_msgs/msg/autoware_system_msgs-msg.asd
[1.765s] -- Up-to-date: /home/autoware/Autoware/install/autoware_system_msgs/share/common-lisp/ros/autoware_system_msgs/msg/DiagnosticStatusArray.lisp
[1.768s] -- Up-to-date: /home/autoware/Autoware/install/autoware_system_msgs/share/common-lisp/ros/autoware_system_msgs/msg/_package_SystemStatus.lisp
[1.768s] -- Up-to-date: /home/autoware/Autoware/install/autoware_system_msgs/share/common-lisp/ros/autoware_system_msgs/msg/HardwareStatus.lisp
[1.768s] -- Up-to-date: /home/autoware/Autoware/install/autoware_system_msgs/share/common-lisp/ros/autoware_system_msgs/msg/_package_NodeStatus.lisp
[1.768s] -- Up-to-date: /home/autoware/Autoware/install/autoware_system_msgs/share/common-lisp/ros/autoware_system_msgs/msg/SystemStatus.lisp
[1.888s] -- Up-to-date: /home/autoware/Autoware/install/autoware_system_msgs/share/common-lisp/ros/autoware_system_msgs/msg/_package_DiagnosticStatusArray.lisp
[1.888s] -- Up-to-date: /home/autoware/Autoware/install/autoware_system_msgs/share/common-lisp/ros/autoware_system_msgs/msg/NodeStatus.lisp
[1.888s] -- Up-to-date: /home/autoware/Autoware/install/autoware_system_msgs/share/common-lisp/ros/autoware_system_msgs/msg/_package_DiagnosticStatus.lisp
[1.888s] -- Up-to-date: /home/autoware/Autoware/install/autoware_system_msgs/share/gennodejs/ros/autoware_system_msgs
[1.889s] -- Up-to-date: /home/autoware/Autoware/install/autoware_system_msgs/share/gennodejs/ros/autoware_system_msgs/msg
[1.889s] -- Up-to-date: /home/autoware/Autoware/install/autoware_system_msgs/share/gennodejs/ros/autoware_system_msgs/msg/DiagnosticStatus.js
[1.889s] -- Up-to-date: /home/autoware/Autoware/install/autoware_system_msgs/share/gennodejs/ros/autoware_system_msgs/msg/NodeStatus.js
[1.889s] -- Up-to-date: /home/autoware/Autoware/install/autoware_system_msgs/share/gennodejs/ros/autoware_system_msgs/msg/DiagnosticStatusArray.js
[1.890s] -- Up-to-date: /home/autoware/Autoware/install/autoware_system_msgs/share/gennodejs/ros/autoware_system_msgs/msg/HardwareStatus.js
[1.890s] -- Up-to-date: /home/autoware/Autoware/install/autoware_system_msgs/share/gennodejs/ros/autoware_system_msgs/msg/SystemStatus.js
[1.890s] -- Up-to-date: /home/autoware/Autoware/install/autoware_system_msgs/share/gennodejs/ros/autoware_system_msgs/msg/_index.js
[1.890s] -- Up-to-date: /home/autoware/Autoware/install/autoware_system_msgs/share/gennodejs/ros/autoware_system_msgs/_index.js
[1.891s] Listing /home/autoware/Autoware/build/autoware_system_msgs/devel/lib/python2.7/dist-packages/autoware_system_msgs ...
[1.891s] Listing /home/autoware/Autoware/build/autoware_system_msgs/devel/lib/python2.7/dist-packages/autoware_system_msgs/msg ...
[1.891s] -- Up-to-date: /home/autoware/Autoware/install/autoware_system_msgs/lib/python2.7/dist-packages/autoware_system_msgs
[1.891s] -- Up-to-date: /home/autoware/Autoware/install/autoware_system_msgs/lib/python2.7/dist-packages/autoware_system_msgs/__init__.py
[1.891s] -- Up-to-date: /home/autoware/Autoware/install/autoware_system_msgs/lib/python2.7/dist-packages/autoware_system_msgs/msg
[1.892s] -- Up-to-date: /home/autoware/Autoware/install/autoware_system_msgs/lib/python2.7/dist-packages/autoware_system_msgs/msg/_DiagnosticStatusArray.pyc
[1.892s] -- Up-to-date: /home/autoware/Autoware/install/autoware_system_msgs/lib/python2.7/dist-packages/autoware_system_msgs/msg/__init__.py
[1.892s] -- Up-to-date: /home/autoware/Autoware/install/autoware_system_msgs/lib/python2.7/dist-packages/autoware_system_msgs/msg/_NodeStatus.py
[1.892s] -- Up-to-date: /home/autoware/Autoware/install/autoware_system_msgs/lib/python2.7/dist-packages/autoware_system_msgs/msg/_SystemStatus.py
[1.892s] -- Up-to-date: /home/autoware/Autoware/install/autoware_system_msgs/lib/python2.7/dist-packages/autoware_system_msgs/msg/_SystemStatus.pyc
[1.893s] -- Up-to-date: /home/autoware/Autoware/install/autoware_system_msgs/lib/python2.7/dist-packages/autoware_system_msgs/msg/_DiagnosticStatus.pyc
[1.893s] -- Up-to-date: /home/autoware/Autoware/install/autoware_system_msgs/lib/python2.7/dist-packages/autoware_system_msgs/msg/_HardwareStatus.pyc
[1.893s] -- Up-to-date: /home/autoware/Autoware/install/autoware_system_msgs/lib/python2.7/dist-packages/autoware_system_msgs/msg/_DiagnosticStatus.py
[1.893s] -- Up-to-date: /home/autoware/Autoware/install/autoware_system_msgs/lib/python2.7/dist-packages/autoware_system_msgs/msg/__init__.pyc
[1.893s] -- Up-to-date: /home/autoware/Autoware/install/autoware_system_msgs/lib/python2.7/dist-packages/autoware_system_msgs/msg/_NodeStatus.pyc
[1.893s] -- Up-to-date: /home/autoware/Autoware/install/autoware_system_msgs/lib/python2.7/dist-packages/autoware_system_msgs/msg/_DiagnosticStatusArray.py
[1.894s] -- Up-to-date: /home/autoware/Autoware/install/autoware_system_msgs/lib/python2.7/dist-packages/autoware_system_msgs/msg/_HardwareStatus.py
[1.894s] -- Up-to-date: /home/autoware/Autoware/install/autoware_system_msgs/lib/python2.7/dist-packages/autoware_system_msgs/__init__.pyc
[1.894s] -- Up-to-date: /home/autoware/Autoware/install/autoware_system_msgs/lib/pkgconfig/autoware_system_msgs.pc
[1.895s] -- Up-to-date: /home/autoware/Autoware/install/autoware_system_msgs/share/autoware_system_msgs/cmake/autoware_system_msgs-msg-extras.cmake
[1.895s] -- Up-to-date: /home/autoware/Autoware/install/autoware_system_msgs/share/autoware_system_msgs/cmake/autoware_system_msgsConfig.cmake
[1.895s] -- Up-to-date: /home/autoware/Autoware/install/autoware_system_msgs/share/autoware_system_msgs/cmake/autoware_system_msgsConfig-version.cmake
[1.895s] -- Up-to-date: /home/autoware/Autoware/install/autoware_system_msgs/share/autoware_system_msgs/package.xml
[2.173s] Invoked command in '/home/autoware/Autoware/build/autoware_system_msgs' returned '0': /usr/bin/cmake --build /home/autoware/Autoware/build/autoware_system_msgs --target install -- -j32 -l32
