[0.492s] Invoking command in '/home/autoware/Autoware/build/vehicle_gazebo_simulation_interface': CMAKE_PREFIX_PATH=/home/autoware/Autoware/install/autoware_msgs:/home/autoware/Autoware/install/autoware_build_flags:${CMAKE_PREFIX_PATH} PKG_CONFIG_PATH=/home/autoware/Autoware/install/autoware_msgs/lib/x86_64-linux-gnu/pkgconfig:/home/autoware/Autoware/install/autoware_msgs/lib/pkgconfig:/home/autoware/Autoware/install/autoware_build_flags/lib/x86_64-linux-gnu/pkgconfig:/home/autoware/Autoware/install/autoware_build_flags/lib/pkgconfig:${PKG_CONFIG_PATH} PYTHONPATH=/home/autoware/Autoware/install/autoware_msgs/lib/python2.7/dist-packages:${PYTHONPATH} ROS_PACKAGE_PATH=/home/autoware/Autoware/install/autoware_msgs/share:/home/autoware/Autoware/install/autoware_build_flags/share:${ROS_PACKAGE_PATH} /usr/bin/cmake --build /home/autoware/Autoware/build/vehicle_gazebo_simulation_interface -- -j32 -l32
[0.931s] [  0%] Built target actionlib_generate_messages_eus
[0.931s] [  0%] Built target std_msgs_generate_messages_nodejs
[0.931s] [  0%] Built target roscpp_generate_messages_cpp
[0.932s] [  0%] Built target actionlib_generate_messages_cpp
[0.932s] [  0%] Built target pcl_msgs_generate_messages_cpp
[0.932s] [  0%] Built target geometry_msgs_generate_messages_eus
[0.932s] [  0%] Built target jsk_recognition_msgs_generate_messages_lisp
[0.932s] [  0%] Built target std_msgs_generate_messages_lisp
[0.932s] [  0%] Built target geometry_msgs_generate_messages_py
[0.933s] [  0%] Built target geometry_msgs_generate_messages_lisp
[0.933s] [  0%] Built target jsk_recognition_msgs_generate_messages_py
[0.933s] [  0%] Built target geometry_msgs_generate_messages_cpp
[0.933s] [  0%] Built target autoware_msgs_generate_messages_cpp
[0.933s] [  0%] Built target sensor_msgs_generate_messages_cpp
[0.933s] [  0%] Built target actionlib_generate_messages_lisp
[0.933s] [  0%] Built target geometry_msgs_generate_messages_nodejs
[0.933s] [  0%] Built target sensor_msgs_generate_messages_eus
[0.933s] [  0%] Built target sensor_msgs_generate_messages_lisp
[0.933s] [  0%] Built target pcl_msgs_generate_messages_nodejs
[0.933s] [  0%] Built target tf2_msgs_generate_messages_cpp
[0.933s] [  0%] Built target sensor_msgs_generate_messages_nodejs
[0.934s] [  0%] Built target autoware_msgs_generate_messages_py
[0.934s] [  0%] Built target std_msgs_generate_messages_cpp
[0.934s] [  0%] Built target actionlib_msgs_generate_messages_nodejs
[0.934s] [  0%] Built target std_msgs_generate_messages_py
[0.934s] [  0%] Built target gazebo_msgs_generate_messages_cpp
[0.934s] [  0%] Built target jsk_recognition_msgs_generate_messages_eus
[0.934s] [  0%] Built target sensor_msgs_generate_messages_py
[0.934s] [  0%] Built target trajectory_msgs_generate_messages_nodejs
[0.934s] [  0%] Built target jsk_footstep_msgs_generate_messages_py
[0.934s] [  0%] Built target roscpp_generate_messages_nodejs
[0.934s] [  0%] Built target pcl_msgs_generate_messages_eus
[0.934s] [  0%] Built target jsk_recognition_msgs_generate_messages_cpp
[0.935s] [  0%] Built target gazebo_msgs_generate_messages_py
[0.943s] [  0%] Built target autoware_msgs_generate_messages_nodejs
[0.943s] [  0%] Built target autoware_msgs_generate_messages_lisp
[0.943s] [  0%] Built target std_msgs_generate_messages_eus
[0.943s] [  0%] Built target roscpp_generate_messages_py
[0.943s] [  0%] Built target rosgraph_msgs_generate_messages_cpp
[0.943s] [  0%] Built target jsk_recognition_msgs_generate_messages_nodejs
[0.943s] [  0%] Built target pcl_msgs_generate_messages_lisp
[0.944s] [  0%] Built target jsk_footstep_msgs_generate_messages_lisp
[0.944s] [  0%] Built target gazebo_msgs_generate_messages_nodejs
[0.944s] [  0%] Built target actionlib_msgs_generate_messages_cpp
[0.944s] [  0%] Built target jsk_footstep_msgs_generate_messages_nodejs
[0.944s] [  0%] Built target actionlib_msgs_generate_messages_py
[0.944s] [  0%] Built target jsk_footstep_msgs_generate_messages_cpp
[0.944s] [  0%] Built target rosgraph_msgs_generate_messages_eus
[0.944s] [  0%] Built target actionlib_generate_messages_nodejs
[0.944s] [  0%] Built target trajectory_msgs_generate_messages_py
[0.944s] [  0%] Built target autoware_msgs_generate_messages_eus
[0.944s] [  0%] Built target std_srvs_generate_messages_lisp
[0.945s] [  0%] Built target std_srvs_generate_messages_cpp
[0.945s] [  0%] Built target jsk_footstep_msgs_generate_messages_eus
[0.945s] [  0%] Built target _catkin_empty_exported_target
[0.945s] [  0%] Built target gazebo_msgs_generate_messages_eus
[0.945s] [  0%] Built target actionlib_msgs_generate_messages_lisp
[0.945s] [  0%] Built target roscpp_generate_messages_lisp
[0.945s] [  0%] Built target trajectory_msgs_generate_messages_cpp
[1.097s] [  0%] Built target actionlib_msgs_generate_messages_eus
[1.097s] [  0%] Built target trajectory_msgs_generate_messages_lisp
[1.097s] [  0%] Built target std_srvs_generate_messages_py
[1.097s] [  0%] Built target tf2_msgs_generate_messages_lisp
[1.097s] [  0%] Built target actionlib_generate_messages_py
[1.097s] [  0%] Built target trajectory_msgs_generate_messages_eus
[1.097s] [  0%] Built target rosgraph_msgs_generate_messages_py
[1.097s] [  0%] Built target gazebo_msgs_generate_messages_lisp
[1.097s] [  0%] Built target std_srvs_generate_messages_eus
[1.097s] [  0%] Built target std_srvs_generate_messages_nodejs
[1.097s] [  0%] Built target rosgraph_msgs_generate_messages_lisp
[1.098s] [  0%] Built target tf2_msgs_generate_messages_nodejs
[1.098s] [  0%] Built target tf2_msgs_generate_messages_eus
[1.098s] [  0%] Built target roscpp_generate_messages_eus
[1.098s] [  0%] Built target rosgraph_msgs_generate_messages_nodejs
[1.098s] [  0%] Built target pcl_msgs_generate_messages_py
[1.098s] [  0%] Built target tf2_msgs_generate_messages_py
[1.472s] [ 50%] Built target vehicle_gazebo_info_publisher
[1.472s] [100%] Built target vehicle_gazebo_input_subscriber
[1.656s] Invoked command in '/home/autoware/Autoware/build/vehicle_gazebo_simulation_interface' returned '0': CMAKE_PREFIX_PATH=/home/autoware/Autoware/install/autoware_msgs:/home/autoware/Autoware/install/autoware_build_flags:${CMAKE_PREFIX_PATH} PKG_CONFIG_PATH=/home/autoware/Autoware/install/autoware_msgs/lib/x86_64-linux-gnu/pkgconfig:/home/autoware/Autoware/install/autoware_msgs/lib/pkgconfig:/home/autoware/Autoware/install/autoware_build_flags/lib/x86_64-linux-gnu/pkgconfig:/home/autoware/Autoware/install/autoware_build_flags/lib/pkgconfig:${PKG_CONFIG_PATH} PYTHONPATH=/home/autoware/Autoware/install/autoware_msgs/lib/python2.7/dist-packages:${PYTHONPATH} ROS_PACKAGE_PATH=/home/autoware/Autoware/install/autoware_msgs/share:/home/autoware/Autoware/install/autoware_build_flags/share:${ROS_PACKAGE_PATH} /usr/bin/cmake --build /home/autoware/Autoware/build/vehicle_gazebo_simulation_interface -- -j32 -l32
[2.246s] Invoking command in '/home/autoware/Autoware/build/vehicle_gazebo_simulation_interface': CMAKE_PREFIX_PATH=/home/autoware/Autoware/install/autoware_msgs:/home/autoware/Autoware/install/autoware_build_flags:${CMAKE_PREFIX_PATH} PKG_CONFIG_PATH=/home/autoware/Autoware/install/autoware_msgs/lib/x86_64-linux-gnu/pkgconfig:/home/autoware/Autoware/install/autoware_msgs/lib/pkgconfig:/home/autoware/Autoware/install/autoware_build_flags/lib/x86_64-linux-gnu/pkgconfig:/home/autoware/Autoware/install/autoware_build_flags/lib/pkgconfig:${PKG_CONFIG_PATH} PYTHONPATH=/home/autoware/Autoware/install/autoware_msgs/lib/python2.7/dist-packages:${PYTHONPATH} ROS_PACKAGE_PATH=/home/autoware/Autoware/install/autoware_msgs/share:/home/autoware/Autoware/install/autoware_build_flags/share:${ROS_PACKAGE_PATH} /usr/bin/cmake --build /home/autoware/Autoware/build/vehicle_gazebo_simulation_interface --target tests -- -j32 -l32
[2.511s] Built target tests
[2.614s] Invoked command in '/home/autoware/Autoware/build/vehicle_gazebo_simulation_interface' returned '0': CMAKE_PREFIX_PATH=/home/autoware/Autoware/install/autoware_msgs:/home/autoware/Autoware/install/autoware_build_flags:${CMAKE_PREFIX_PATH} PKG_CONFIG_PATH=/home/autoware/Autoware/install/autoware_msgs/lib/x86_64-linux-gnu/pkgconfig:/home/autoware/Autoware/install/autoware_msgs/lib/pkgconfig:/home/autoware/Autoware/install/autoware_build_flags/lib/x86_64-linux-gnu/pkgconfig:/home/autoware/Autoware/install/autoware_build_flags/lib/pkgconfig:${PKG_CONFIG_PATH} PYTHONPATH=/home/autoware/Autoware/install/autoware_msgs/lib/python2.7/dist-packages:${PYTHONPATH} ROS_PACKAGE_PATH=/home/autoware/Autoware/install/autoware_msgs/share:/home/autoware/Autoware/install/autoware_build_flags/share:${ROS_PACKAGE_PATH} /usr/bin/cmake --build /home/autoware/Autoware/build/vehicle_gazebo_simulation_interface --target tests -- -j32 -l32
[3.471s] Invoking command in '/home/autoware/Autoware/build/vehicle_gazebo_simulation_interface': CMAKE_PREFIX_PATH=/home/autoware/Autoware/install/autoware_msgs:/home/autoware/Autoware/install/autoware_build_flags:${CMAKE_PREFIX_PATH} PKG_CONFIG_PATH=/home/autoware/Autoware/install/autoware_msgs/lib/x86_64-linux-gnu/pkgconfig:/home/autoware/Autoware/install/autoware_msgs/lib/pkgconfig:/home/autoware/Autoware/install/autoware_build_flags/lib/x86_64-linux-gnu/pkgconfig:/home/autoware/Autoware/install/autoware_build_flags/lib/pkgconfig:${PKG_CONFIG_PATH} PYTHONPATH=/home/autoware/Autoware/install/autoware_msgs/lib/python2.7/dist-packages:${PYTHONPATH} ROS_PACKAGE_PATH=/home/autoware/Autoware/install/autoware_msgs/share:/home/autoware/Autoware/install/autoware_build_flags/share:${ROS_PACKAGE_PATH} /usr/bin/cmake --build /home/autoware/Autoware/build/vehicle_gazebo_simulation_interface --target install -- -j32 -l32
[3.799s] [  0%] Built target tf2_msgs_generate_messages_cpp
[3.799s] [  0%] Built target geometry_msgs_generate_messages_cpp
[3.799s] [  0%] Built target autoware_msgs_generate_messages_py
[3.799s] [  0%] Built target std_msgs_generate_messages_lisp
[3.799s] [  0%] Built target roscpp_generate_messages_nodejs
[3.799s] [  0%] Built target sensor_msgs_generate_messages_eus
[3.799s] [  0%] Built target pcl_msgs_generate_messages_eus
[3.799s] [  0%] Built target pcl_msgs_generate_messages_cpp
[3.799s] [  0%] Built target roscpp_generate_messages_cpp
[3.835s] [  0%] Built target std_msgs_generate_messages_cpp
[3.835s] [  0%] Built target sensor_msgs_generate_messages_lisp
[3.835s] [  0%] Built target actionlib_generate_messages_lisp
[3.835s] [  0%] Built target actionlib_generate_messages_eus
[3.835s] [  0%] Built target sensor_msgs_generate_messages_cpp
[3.835s] [  0%] Built target sensor_msgs_generate_messages_nodejs
[3.836s] [  0%] Built target jsk_recognition_msgs_generate_messages_eus
[3.836s] [  0%] Built target rosgraph_msgs_generate_messages_cpp
[3.836s] [  0%] Built target geometry_msgs_generate_messages_py
[3.836s] [  0%] Built target actionlib_msgs_generate_messages_nodejs
[3.836s] [  0%] Built target jsk_footstep_msgs_generate_messages_py
[3.836s] [  0%] Built target gazebo_msgs_generate_messages_cpp
[3.836s] [  0%] Built target geometry_msgs_generate_messages_nodejs
[3.836s] [  0%] Built target std_msgs_generate_messages_nodejs
[3.836s] [  0%] Built target std_msgs_generate_messages_py
[3.836s] [  0%] Built target actionlib_generate_messages_cpp
[3.836s] [  0%] Built target pcl_msgs_generate_messages_nodejs
[3.836s] [  0%] Built target geometry_msgs_generate_messages_eus
[3.837s] [  0%] Built target sensor_msgs_generate_messages_py
[3.837s] [  0%] Built target jsk_recognition_msgs_generate_messages_lisp
[3.837s] [  0%] Built target pcl_msgs_generate_messages_lisp
[3.837s] [  0%] Built target actionlib_generate_messages_nodejs
[3.837s] [  0%] Built target autoware_msgs_generate_messages_cpp
[3.837s] [  0%] Built target geometry_msgs_generate_messages_lisp
[3.837s] [  0%] Built target jsk_footstep_msgs_generate_messages_eus
[3.837s] [  0%] Built target jsk_recognition_msgs_generate_messages_py
[3.837s] [  0%] Built target autoware_msgs_generate_messages_eus
[3.837s] [  0%] Built target jsk_footstep_msgs_generate_messages_cpp
[3.837s] [  0%] Built target std_msgs_generate_messages_eus
[3.837s] [  0%] Built target actionlib_msgs_generate_messages_py
[3.837s] [  0%] Built target trajectory_msgs_generate_messages_nodejs
[3.898s] [  0%] Built target gazebo_msgs_generate_messages_py
[3.898s] [  0%] Built target trajectory_msgs_generate_messages_py
[3.898s] [  0%] Built target autoware_msgs_generate_messages_nodejs
[3.898s] [  0%] Built target trajectory_msgs_generate_messages_cpp
[3.898s] [  0%] Built target jsk_recognition_msgs_generate_messages_cpp
[3.898s] [  0%] Built target autoware_msgs_generate_messages_lisp
[3.899s] [  0%] Built target jsk_footstep_msgs_generate_messages_nodejs
[3.899s] [  0%] Built target std_srvs_generate_messages_nodejs
[3.899s] [  0%] Built target gazebo_msgs_generate_messages_lisp
[3.899s] [  0%] Built target rosgraph_msgs_generate_messages_eus
[3.899s] [  0%] Built target actionlib_msgs_generate_messages_cpp
[3.899s] [  0%] Built target trajectory_msgs_generate_messages_eus
[3.899s] [  0%] Built target gazebo_msgs_generate_messages_nodejs
[3.899s] [  0%] Built target actionlib_msgs_generate_messages_lisp
[3.899s] [  0%] Built target _catkin_empty_exported_target
[3.899s] [  0%] Built target gazebo_msgs_generate_messages_eus
[3.899s] [  0%] Built target roscpp_generate_messages_lisp
[3.925s] [  0%] Built target jsk_footstep_msgs_generate_messages_lisp
[3.925s] [  0%] Built target std_srvs_generate_messages_cpp
[3.925s] [  0%] Built target jsk_recognition_msgs_generate_messages_nodejs
[3.925s] [  0%] Built target rosgraph_msgs_generate_messages_nodejs
[3.925s] [  0%] Built target actionlib_msgs_generate_messages_eus
[3.925s] [  0%] Built target rosgraph_msgs_generate_messages_py
[3.925s] [  0%] Built target tf2_msgs_generate_messages_lisp
[3.925s] [  0%] Built target actionlib_generate_messages_py
[3.925s] [  0%] Built target rosgraph_msgs_generate_messages_lisp
[3.925s] [  0%] Built target std_srvs_generate_messages_lisp
[3.925s] [  0%] Built target roscpp_generate_messages_eus
[3.925s] [  0%] Built target tf2_msgs_generate_messages_nodejs
[3.946s] [  0%] Built target roscpp_generate_messages_py
[3.946s] [  0%] Built target tf2_msgs_generate_messages_eus
[3.947s] [  0%] Built target trajectory_msgs_generate_messages_lisp
[3.947s] [  0%] Built target std_srvs_generate_messages_py
[3.947s] [  0%] Built target tf2_msgs_generate_messages_py
[3.957s] [  0%] Built target std_srvs_generate_messages_eus
[4.010s] [  0%] Built target pcl_msgs_generate_messages_py
[4.162s] [ 50%] Built target vehicle_gazebo_input_subscriber
[4.199s] [100%] Built target vehicle_gazebo_info_publisher
[4.293s] Install the project...
[4.412s] -- Install configuration: "Release"
[4.412s] -- Up-to-date: /home/autoware/Autoware/install/vehicle_gazebo_simulation_interface/lib/pkgconfig/vehicle_gazebo_simulation_interface.pc
[4.412s] -- Up-to-date: /home/autoware/Autoware/install/vehicle_gazebo_simulation_interface/share/vehicle_gazebo_simulation_interface/cmake/vehicle_gazebo_simulation_interfaceConfig.cmake
[4.421s] -- Up-to-date: /home/autoware/Autoware/install/vehicle_gazebo_simulation_interface/share/vehicle_gazebo_simulation_interface/cmake/vehicle_gazebo_simulation_interfaceConfig-version.cmake
[4.421s] -- Up-to-date: /home/autoware/Autoware/install/vehicle_gazebo_simulation_interface/share/vehicle_gazebo_simulation_interface/package.xml
[4.421s] -- Up-to-date: /home/autoware/Autoware/install/vehicle_gazebo_simulation_interface/lib/vehicle_gazebo_simulation_interface/vehicle_gazebo_input_subscriber
[4.421s] -- Up-to-date: /home/autoware/Autoware/install/vehicle_gazebo_simulation_interface/lib/vehicle_gazebo_simulation_interface/vehicle_gazebo_info_publisher
[4.487s] Invoked command in '/home/autoware/Autoware/build/vehicle_gazebo_simulation_interface' returned '0': CMAKE_PREFIX_PATH=/home/autoware/Autoware/install/autoware_msgs:/home/autoware/Autoware/install/autoware_build_flags:${CMAKE_PREFIX_PATH} PKG_CONFIG_PATH=/home/autoware/Autoware/install/autoware_msgs/lib/x86_64-linux-gnu/pkgconfig:/home/autoware/Autoware/install/autoware_msgs/lib/pkgconfig:/home/autoware/Autoware/install/autoware_build_flags/lib/x86_64-linux-gnu/pkgconfig:/home/autoware/Autoware/install/autoware_build_flags/lib/pkgconfig:${PKG_CONFIG_PATH} PYTHONPATH=/home/autoware/Autoware/install/autoware_msgs/lib/python2.7/dist-packages:${PYTHONPATH} ROS_PACKAGE_PATH=/home/autoware/Autoware/install/autoware_msgs/share:/home/autoware/Autoware/install/autoware_build_flags/share:${ROS_PACKAGE_PATH} /usr/bin/cmake --build /home/autoware/Autoware/build/vehicle_gazebo_simulation_interface --target install -- -j32 -l32
