Determining if the pthread_create exist failed with the following output:
Change Dir: /home/autoware/Autoware/build/op_planner/CMakeFiles/CMakeTmp

Run Build Command:"/usr/bin/make" "cmTC_cc25d/fast"
/usr/bin/make -f CMakeFiles/cmTC_cc25d.dir/build.make CMakeFiles/cmTC_cc25d.dir/build
make[1]: Entering directory '/home/autoware/Autoware/build/op_planner/CMakeFiles/CMakeTmp'
Building C object CMakeFiles/cmTC_cc25d.dir/CheckSymbolExists.c.o
/usr/bin/cc    -o CMakeFiles/cmTC_cc25d.dir/CheckSymbolExists.c.o   -c /home/autoware/Autoware/build/op_planner/CMakeFiles/CMakeTmp/CheckSymbolExists.c
Linking C executable cmTC_cc25d
/usr/bin/cmake -E cmake_link_script CMakeFiles/cmTC_cc25d.dir/link.txt --verbose=1
/usr/bin/cc      -rdynamic CMakeFiles/cmTC_cc25d.dir/CheckSymbolExists.c.o  -o cmTC_cc25d 
CMakeFiles/cmTC_cc25d.dir/CheckSymbolExists.c.o: In function `main':
CheckSymbolExists.c:(.text+0x1b): undefined reference to `pthread_create'
collect2: error: ld returned 1 exit status
CMakeFiles/cmTC_cc25d.dir/build.make:97: recipe for target 'cmTC_cc25d' failed
make[1]: *** [cmTC_cc25d] Error 1
make[1]: Leaving directory '/home/autoware/Autoware/build/op_planner/CMakeFiles/CMakeTmp'
Makefile:126: recipe for target 'cmTC_cc25d/fast' failed
make: *** [cmTC_cc25d/fast] Error 2

File /home/autoware/Autoware/build/op_planner/CMakeFiles/CMakeTmp/CheckSymbolExists.c:
/* */
#include <pthread.h>

int main(int argc, char** argv)
{
  (void)argv;
#ifndef pthread_create
  return ((int*)(&pthread_create))[argc];
#else
  (void)argc;
  return 0;
#endif
}

Determining if the function pthread_create exists in the pthreads failed with the following output:
Change Dir: /home/autoware/Autoware/build/op_planner/CMakeFiles/CMakeTmp

Run Build Command:"/usr/bin/make" "cmTC_3964c/fast"
/usr/bin/make -f CMakeFiles/cmTC_3964c.dir/build.make CMakeFiles/cmTC_3964c.dir/build
make[1]: Entering directory '/home/autoware/Autoware/build/op_planner/CMakeFiles/CMakeTmp'
Building C object CMakeFiles/cmTC_3964c.dir/CheckFunctionExists.c.o
/usr/bin/cc   -DCHECK_FUNCTION_EXISTS=pthread_create   -o CMakeFiles/cmTC_3964c.dir/CheckFunctionExists.c.o   -c /usr/share/cmake-3.10/Modules/CheckFunctionExists.c
Linking C executable cmTC_3964c
/usr/bin/cmake -E cmake_link_script CMakeFiles/cmTC_3964c.dir/link.txt --verbose=1
/usr/bin/cc  -DCHECK_FUNCTION_EXISTS=pthread_create    -rdynamic CMakeFiles/cmTC_3964c.dir/CheckFunctionExists.c.o  -o cmTC_3964c -lpthreads 
/usr/bin/ld: cannot find -lpthreads
collect2: error: ld returned 1 exit status
CMakeFiles/cmTC_3964c.dir/build.make:97: recipe for target 'cmTC_3964c' failed
make[1]: *** [cmTC_3964c] Error 1
make[1]: Leaving directory '/home/autoware/Autoware/build/op_planner/CMakeFiles/CMakeTmp'
Makefile:126: recipe for target 'cmTC_3964c/fast' failed
make: *** [cmTC_3964c/fast] Error 2


