[0.092s] Invoking command in '/home/autoware/Autoware/build/op_global_planner': CMAKE_PREFIX_PATH=/home/autoware/Autoware/install/op_ros_helpers:/home/autoware/Autoware/install/op_simu:/home/autoware/Autoware/install/op_planner:/home/autoware/Autoware/install/op_utility:/home/autoware/Autoware/install/map_file:/home/autoware/Autoware/install/vector_map_server:/home/autoware/Autoware/install/libwaypoint_follower:/home/autoware/Autoware/install/lanelet2_extension:/home/autoware/Autoware/install/vector_map:/home/autoware/Autoware/install/amathutils_lib:/home/autoware/Autoware/install/vector_map_msgs:/home/autoware/Autoware/install/autoware_msgs:/home/autoware/Autoware/install/autoware_lanelet2_msgs:/home/autoware/Autoware/install/autoware_can_msgs:/home/autoware/Autoware/install/autoware_build_flags:${CMAKE_PREFIX_PATH} LD_LIBRARY_PATH=/home/autoware/Autoware/install/op_ros_helpers/lib:/home/autoware/Autoware/install/op_simu/lib:/home/autoware/Autoware/install/op_planner/lib:/home/autoware/Autoware/install/op_utility/lib:/home/autoware/Autoware/install/map_file/lib:/home/autoware/Autoware/install/libwaypoint_follower/lib:/home/autoware/Autoware/install/lanelet2_extension/lib:/home/autoware/Autoware/install/vector_map/lib:/home/autoware/Autoware/install/amathutils_lib/lib:${LD_LIBRARY_PATH} PKG_CONFIG_PATH=/home/autoware/Autoware/install/op_ros_helpers/lib/x86_64-linux-gnu/pkgconfig:/home/autoware/Autoware/install/op_ros_helpers/lib/pkgconfig:/home/autoware/Autoware/install/op_simu/lib/x86_64-linux-gnu/pkgconfig:/home/autoware/Autoware/install/op_simu/lib/pkgconfig:/home/autoware/Autoware/install/op_planner/lib/x86_64-linux-gnu/pkgconfig:/home/autoware/Autoware/install/op_planner/lib/pkgconfig:/home/autoware/Autoware/install/op_utility/lib/x86_64-linux-gnu/pkgconfig:/home/autoware/Autoware/install/op_utility/lib/pkgconfig:/home/autoware/Autoware/install/map_file/lib/x86_64-linux-gnu/pkgconfig:/home/autoware/Autoware/install/map_file/lib/pkgconfig:/home/autoware/Autoware/install/vector_map_server/lib/x86_64-linux-gnu/pkgconfig:/home/autoware/Autoware/install/vector_map_server/lib/pkgconfig:/home/autoware/Autoware/install/libwaypoint_follower/lib/x86_64-linux-gnu/pkgconfig:/home/autoware/Autoware/install/libwaypoint_follower/lib/pkgconfig:/home/autoware/Autoware/install/lanelet2_extension/lib/x86_64-linux-gnu/pkgconfig:/home/autoware/Autoware/install/lanelet2_extension/lib/pkgconfig:/home/autoware/Autoware/install/vector_map/lib/x86_64-linux-gnu/pkgconfig:/home/autoware/Autoware/install/vector_map/lib/pkgconfig:/home/autoware/Autoware/install/amathutils_lib/lib/x86_64-linux-gnu/pkgconfig:/home/autoware/Autoware/install/amathutils_lib/lib/pkgconfig:/home/autoware/Autoware/install/vector_map_msgs/lib/x86_64-linux-gnu/pkgconfig:/home/autoware/Autoware/install/vector_map_msgs/lib/pkgconfig:/home/autoware/Autoware/install/autoware_msgs/lib/x86_64-linux-gnu/pkgconfig:/home/autoware/Autoware/install/autoware_msgs/lib/pkgconfig:/home/autoware/Autoware/install/autoware_lanelet2_msgs/lib/x86_64-linux-gnu/pkgconfig:/home/autoware/Autoware/install/autoware_lanelet2_msgs/lib/pkgconfig:/home/autoware/Autoware/install/autoware_can_msgs/lib/x86_64-linux-gnu/pkgconfig:/home/autoware/Autoware/install/autoware_can_msgs/lib/pkgconfig:/home/autoware/Autoware/install/autoware_build_flags/lib/x86_64-linux-gnu/pkgconfig:/home/autoware/Autoware/install/autoware_build_flags/lib/pkgconfig:${PKG_CONFIG_PATH} PYTHONPATH=/home/autoware/Autoware/install/vector_map_server/lib/python2.7/dist-packages:/home/autoware/Autoware/install/vector_map_msgs/lib/python2.7/dist-packages:/home/autoware/Autoware/install/autoware_msgs/lib/python2.7/dist-packages:/home/autoware/Autoware/install/autoware_lanelet2_msgs/lib/python2.7/dist-packages:/home/autoware/Autoware/install/autoware_can_msgs/lib/python2.7/dist-packages:${PYTHONPATH} ROS_PACKAGE_PATH=/home/autoware/Autoware/install/op_ros_helpers/share:/home/autoware/Autoware/install/op_simu/share:/home/autoware/Autoware/install/op_planner/share:/home/autoware/Autoware/install/op_utility/share:/home/autoware/Autoware/install/map_file/share:/home/autoware/Autoware/install/vector_map_server/share:/home/autoware/Autoware/install/libwaypoint_follower/share:/home/autoware/Autoware/install/lanelet2_extension/share:/home/autoware/Autoware/install/vector_map/share:/home/autoware/Autoware/install/amathutils_lib/share:/home/autoware/Autoware/install/vector_map_msgs/share:/home/autoware/Autoware/install/autoware_msgs/share:/home/autoware/Autoware/install/autoware_lanelet2_msgs/share:/home/autoware/Autoware/install/autoware_can_msgs/share:/home/autoware/Autoware/install/autoware_build_flags/share:${ROS_PACKAGE_PATH} /usr/bin/cmake --build /home/autoware/Autoware/build/op_global_planner -- -j32 -l32
[0.254s] [  0%] Built target std_srvs_generate_messages_py
[0.275s] [  0%] Built target topic_tools_generate_messages_eus
[0.278s] [  0%] Built target visualization_msgs_generate_messages_py
[0.279s] [  0%] Built target nodelet_generate_messages_nodejs
[0.279s] [  0%] Built target vector_map_server_generate_messages_nodejs
[0.299s] [  0%] Built target visualization_msgs_generate_messages_eus
[0.312s] [  0%] Built target bond_generate_messages_cpp
[0.325s] [  0%] Built target pcl_msgs_generate_messages_eus
[0.327s] [  0%] Built target vector_map_msgs_generate_messages_eus
[0.345s] [  0%] Built target vector_map_server_generate_messages_eus
[0.362s] [  0%] Built target vector_map_server_generate_messages_cpp
[0.365s] [  0%] Built target bond_generate_messages_eus
[0.375s] [  0%] Built target actionlib_generate_messages_cpp
[0.376s] [  0%] Built target dynamic_reconfigure_generate_messages_eus
[0.378s] [  0%] Built target bond_generate_messages_nodejs
[0.382s] [  0%] Built target pcl_ros_gencfg
[0.389s] [  0%] Built target dynamic_reconfigure_generate_messages_lisp
[0.390s] [  0%] Built target nodelet_generate_messages_eus
[0.393s] [  0%] Built target bond_generate_messages_lisp
[0.401s] [  0%] Built target std_srvs_generate_messages_nodejs
[0.408s] [  0%] Built target roscpp_generate_messages_cpp
[0.409s] [  0%] Built target vector_map_msgs_generate_messages_py
[0.420s] [  0%] Built target topic_tools_generate_messages_cpp
[0.422s] [  0%] Built target geometry_msgs_generate_messages_py
[0.423s] [  0%] Built target nodelet_generate_messages_cpp
[0.428s] [  0%] Built target topic_tools_generate_messages_nodejs
[0.436s] [  0%] Built target bond_generate_messages_py
[0.461s] [  0%] Built target std_srvs_generate_messages_lisp
[0.467s] [  0%] Built target vector_map_msgs_generate_messages_nodejs
[0.469s] [  0%] Built target visualization_msgs_generate_messages_nodejs
[0.481s] [  0%] Built target rosgraph_msgs_generate_messages_eus
[0.489s] [  0%] Built target dynamic_reconfigure_generate_messages_py
[0.491s] [  0%] Built target std_srvs_generate_messages_cpp
[0.495s] [  0%] Built target sensor_msgs_generate_messages_nodejs
[0.500s] [  0%] Built target pcl_msgs_generate_messages_cpp
[0.519s] [  0%] Built target jsk_recognition_msgs_generate_messages_eus
[0.519s] [  0%] Built target autoware_can_msgs_generate_messages_cpp
[0.524s] [  0%] Built target tf2_msgs_generate_messages_cpp
[0.525s] [  0%] Built target sensor_msgs_generate_messages_lisp
[0.580s] [  0%] Built target geometry_msgs_generate_messages_eus
[0.666s] [  0%] Built target geometry_msgs_generate_messages_lisp
[0.666s] [  0%] Built target nodelet_generate_messages_py
[0.666s] [  0%] Built target nodelet_topic_tools_gencfg
[0.666s] [  0%] Built target topic_tools_generate_messages_lisp
[0.666s] [  0%] Built target geometry_msgs_generate_messages_nodejs
[0.666s] [  0%] Built target autoware_can_msgs_generate_messages_nodejs
[0.666s] [  0%] Built target jsk_recognition_msgs_generate_messages_py
[0.666s] [  0%] Built target jsk_recognition_msgs_generate_messages_lisp
[0.666s] [  0%] Built target dynamic_reconfigure_generate_messages_cpp
[0.669s] [  0%] Built target topic_tools_generate_messages_py
[0.674s] [  0%] Built target pcl_msgs_generate_messages_nodejs
[0.674s] [  0%] Built target sensor_msgs_generate_messages_eus
[0.691s] [  0%] Built target visualization_msgs_generate_messages_lisp
[0.703s] [  0%] Built target jsk_recognition_msgs_generate_messages_cpp
[0.707s] [  0%] Built target jsk_footstep_msgs_generate_messages_py
[0.709s] [  0%] Built target std_msgs_generate_messages_cpp
[0.716s] [  0%] Built target std_msgs_generate_messages_lisp
[0.717s] [  0%] Built target sensor_msgs_generate_messages_cpp
[0.723s] [  0%] Built target autoware_can_msgs_generate_messages_lisp
[0.756s] [  0%] Built target tf_generate_messages_py
[0.757s] [  0%] Built target autoware_msgs_generate_messages_py
[0.762s] [  0%] Built target actionlib_msgs_generate_messages_nodejs
[0.763s] [  0%] Built target jsk_footstep_msgs_generate_messages_eus
[0.765s] [  0%] Built target dynamic_reconfigure_generate_messages_nodejs
[0.778s] [  0%] Built target std_msgs_generate_messages_nodejs
[0.786s] [  0%] Built target std_msgs_generate_messages_eus
[0.788s] [  0%] Built target sensor_msgs_generate_messages_py
[0.793s] [  0%] Built target roscpp_generate_messages_nodejs
[0.810s] [  0%] Built target nodelet_generate_messages_lisp
[0.816s] [  0%] Built target autoware_can_msgs_generate_messages_py
[0.829s] [  0%] Built target actionlib_msgs_generate_messages_py
[0.834s] [  0%] Built target autoware_msgs_generate_messages_lisp
[0.834s] [  0%] Built target jsk_footstep_msgs_generate_messages_lisp
[0.848s] [  0%] Built target vector_map_server_generate_messages_lisp
[0.867s] [  0%] Built target actionlib_msgs_generate_messages_cpp
[0.875s] [  0%] Built target actionlib_msgs_generate_messages_lisp
[0.875s] [  0%] Built target tf_generate_messages_nodejs
[0.878s] [  0%] Built target autoware_msgs_generate_messages_nodejs
[0.891s] [  0%] Built target tf_generate_messages_eus
[0.893s] [  0%] Built target std_msgs_generate_messages_py
[0.906s] [  0%] Built target tf_generate_messages_cpp
[0.912s] [  0%] Built target pcl_msgs_generate_messages_lisp
[0.915s] [  0%] Built target autoware_msgs_generate_messages_eus
[0.918s] [  0%] Built target actionlib_generate_messages_nodejs
[0.935s] [  0%] Built target jsk_footstep_msgs_generate_messages_nodejs
[0.937s] [  0%] Built target tf_generate_messages_lisp
[0.938s] [  0%] Built target rosgraph_msgs_generate_messages_nodejs
[0.938s] [  0%] Built target roscpp_generate_messages_lisp
[0.939s] [  0%] Built target jsk_footstep_msgs_generate_messages_cpp
[0.949s] [  0%] Built target rosgraph_msgs_generate_messages_cpp
[0.950s] [  0%] Built target jsk_recognition_msgs_generate_messages_nodejs
[0.954s] [  0%] Built target autoware_msgs_generate_messages_cpp
[0.965s] [  0%] Built target vector_map_server_generate_messages_py
[0.965s] [  0%] Built target rosgraph_msgs_generate_messages_lisp
[0.966s] [  0%] Built target visualization_msgs_generate_messages_cpp
[0.967s] [  0%] Built target roscpp_generate_messages_py
[0.975s] [  0%] Built target vector_map_msgs_generate_messages_lisp
[0.982s] [  0%] Built target autoware_can_msgs_generate_messages_eus
[0.987s] [  0%] Built target actionlib_msgs_generate_messages_eus
[0.995s] [  0%] Built target rosgraph_msgs_generate_messages_py
[0.995s] [  0%] Built target tf2_msgs_generate_messages_eus
[1.000s] [  0%] Built target roscpp_generate_messages_eus
[1.007s] [  0%] Built target std_srvs_generate_messages_eus
[1.010s] [  0%] Built target geometry_msgs_generate_messages_cpp
[1.012s] [  0%] Built target actionlib_generate_messages_eus
[1.013s] [  0%] Built target tf2_msgs_generate_messages_py
[1.015s] [  0%] Built target pcl_msgs_generate_messages_py
[1.017s] [  0%] Built target tf2_msgs_generate_messages_nodejs
[1.020s] [  0%] Built target tf2_msgs_generate_messages_lisp
[1.021s] [  0%] Built target actionlib_generate_messages_lisp
[1.026s] [  0%] Built target dynamic_reconfigure_gencfg
[1.034s] [  0%] Built target actionlib_generate_messages_py
[1.044s] [  0%] Built target vector_map_msgs_generate_messages_cpp
[1.095s] [100%] Built target op_global_planner
[1.102s] Invoked command in '/home/autoware/Autoware/build/op_global_planner' returned '0': CMAKE_PREFIX_PATH=/home/autoware/Autoware/install/op_ros_helpers:/home/autoware/Autoware/install/op_simu:/home/autoware/Autoware/install/op_planner:/home/autoware/Autoware/install/op_utility:/home/autoware/Autoware/install/map_file:/home/autoware/Autoware/install/vector_map_server:/home/autoware/Autoware/install/libwaypoint_follower:/home/autoware/Autoware/install/lanelet2_extension:/home/autoware/Autoware/install/vector_map:/home/autoware/Autoware/install/amathutils_lib:/home/autoware/Autoware/install/vector_map_msgs:/home/autoware/Autoware/install/autoware_msgs:/home/autoware/Autoware/install/autoware_lanelet2_msgs:/home/autoware/Autoware/install/autoware_can_msgs:/home/autoware/Autoware/install/autoware_build_flags:${CMAKE_PREFIX_PATH} LD_LIBRARY_PATH=/home/autoware/Autoware/install/op_ros_helpers/lib:/home/autoware/Autoware/install/op_simu/lib:/home/autoware/Autoware/install/op_planner/lib:/home/autoware/Autoware/install/op_utility/lib:/home/autoware/Autoware/install/map_file/lib:/home/autoware/Autoware/install/libwaypoint_follower/lib:/home/autoware/Autoware/install/lanelet2_extension/lib:/home/autoware/Autoware/install/vector_map/lib:/home/autoware/Autoware/install/amathutils_lib/lib:${LD_LIBRARY_PATH} PKG_CONFIG_PATH=/home/autoware/Autoware/install/op_ros_helpers/lib/x86_64-linux-gnu/pkgconfig:/home/autoware/Autoware/install/op_ros_helpers/lib/pkgconfig:/home/autoware/Autoware/install/op_simu/lib/x86_64-linux-gnu/pkgconfig:/home/autoware/Autoware/install/op_simu/lib/pkgconfig:/home/autoware/Autoware/install/op_planner/lib/x86_64-linux-gnu/pkgconfig:/home/autoware/Autoware/install/op_planner/lib/pkgconfig:/home/autoware/Autoware/install/op_utility/lib/x86_64-linux-gnu/pkgconfig:/home/autoware/Autoware/install/op_utility/lib/pkgconfig:/home/autoware/Autoware/install/map_file/lib/x86_64-linux-gnu/pkgconfig:/home/autoware/Autoware/install/map_file/lib/pkgconfig:/home/autoware/Autoware/install/vector_map_server/lib/x86_64-linux-gnu/pkgconfig:/home/autoware/Autoware/install/vector_map_server/lib/pkgconfig:/home/autoware/Autoware/install/libwaypoint_follower/lib/x86_64-linux-gnu/pkgconfig:/home/autoware/Autoware/install/libwaypoint_follower/lib/pkgconfig:/home/autoware/Autoware/install/lanelet2_extension/lib/x86_64-linux-gnu/pkgconfig:/home/autoware/Autoware/install/lanelet2_extension/lib/pkgconfig:/home/autoware/Autoware/install/vector_map/lib/x86_64-linux-gnu/pkgconfig:/home/autoware/Autoware/install/vector_map/lib/pkgconfig:/home/autoware/Autoware/install/amathutils_lib/lib/x86_64-linux-gnu/pkgconfig:/home/autoware/Autoware/install/amathutils_lib/lib/pkgconfig:/home/autoware/Autoware/install/vector_map_msgs/lib/x86_64-linux-gnu/pkgconfig:/home/autoware/Autoware/install/vector_map_msgs/lib/pkgconfig:/home/autoware/Autoware/install/autoware_msgs/lib/x86_64-linux-gnu/pkgconfig:/home/autoware/Autoware/install/autoware_msgs/lib/pkgconfig:/home/autoware/Autoware/install/autoware_lanelet2_msgs/lib/x86_64-linux-gnu/pkgconfig:/home/autoware/Autoware/install/autoware_lanelet2_msgs/lib/pkgconfig:/home/autoware/Autoware/install/autoware_can_msgs/lib/x86_64-linux-gnu/pkgconfig:/home/autoware/Autoware/install/autoware_can_msgs/lib/pkgconfig:/home/autoware/Autoware/install/autoware_build_flags/lib/x86_64-linux-gnu/pkgconfig:/home/autoware/Autoware/install/autoware_build_flags/lib/pkgconfig:${PKG_CONFIG_PATH} PYTHONPATH=/home/autoware/Autoware/install/vector_map_server/lib/python2.7/dist-packages:/home/autoware/Autoware/install/vector_map_msgs/lib/python2.7/dist-packages:/home/autoware/Autoware/install/autoware_msgs/lib/python2.7/dist-packages:/home/autoware/Autoware/install/autoware_lanelet2_msgs/lib/python2.7/dist-packages:/home/autoware/Autoware/install/autoware_can_msgs/lib/python2.7/dist-packages:${PYTHONPATH} ROS_PACKAGE_PATH=/home/autoware/Autoware/install/op_ros_helpers/share:/home/autoware/Autoware/install/op_simu/share:/home/autoware/Autoware/install/op_planner/share:/home/autoware/Autoware/install/op_utility/share:/home/autoware/Autoware/install/map_file/share:/home/autoware/Autoware/install/vector_map_server/share:/home/autoware/Autoware/install/libwaypoint_follower/share:/home/autoware/Autoware/install/lanelet2_extension/share:/home/autoware/Autoware/install/vector_map/share:/home/autoware/Autoware/install/amathutils_lib/share:/home/autoware/Autoware/install/vector_map_msgs/share:/home/autoware/Autoware/install/autoware_msgs/share:/home/autoware/Autoware/install/autoware_lanelet2_msgs/share:/home/autoware/Autoware/install/autoware_can_msgs/share:/home/autoware/Autoware/install/autoware_build_flags/share:${ROS_PACKAGE_PATH} /usr/bin/cmake --build /home/autoware/Autoware/build/op_global_planner -- -j32 -l32
[1.225s] Invoking command in '/home/autoware/Autoware/build/op_global_planner': CMAKE_PREFIX_PATH=/home/autoware/Autoware/install/op_ros_helpers:/home/autoware/Autoware/install/op_simu:/home/autoware/Autoware/install/op_planner:/home/autoware/Autoware/install/op_utility:/home/autoware/Autoware/install/map_file:/home/autoware/Autoware/install/vector_map_server:/home/autoware/Autoware/install/libwaypoint_follower:/home/autoware/Autoware/install/lanelet2_extension:/home/autoware/Autoware/install/vector_map:/home/autoware/Autoware/install/amathutils_lib:/home/autoware/Autoware/install/vector_map_msgs:/home/autoware/Autoware/install/autoware_msgs:/home/autoware/Autoware/install/autoware_lanelet2_msgs:/home/autoware/Autoware/install/autoware_can_msgs:/home/autoware/Autoware/install/autoware_build_flags:${CMAKE_PREFIX_PATH} LD_LIBRARY_PATH=/home/autoware/Autoware/install/op_ros_helpers/lib:/home/autoware/Autoware/install/op_simu/lib:/home/autoware/Autoware/install/op_planner/lib:/home/autoware/Autoware/install/op_utility/lib:/home/autoware/Autoware/install/map_file/lib:/home/autoware/Autoware/install/libwaypoint_follower/lib:/home/autoware/Autoware/install/lanelet2_extension/lib:/home/autoware/Autoware/install/vector_map/lib:/home/autoware/Autoware/install/amathutils_lib/lib:${LD_LIBRARY_PATH} PKG_CONFIG_PATH=/home/autoware/Autoware/install/op_ros_helpers/lib/x86_64-linux-gnu/pkgconfig:/home/autoware/Autoware/install/op_ros_helpers/lib/pkgconfig:/home/autoware/Autoware/install/op_simu/lib/x86_64-linux-gnu/pkgconfig:/home/autoware/Autoware/install/op_simu/lib/pkgconfig:/home/autoware/Autoware/install/op_planner/lib/x86_64-linux-gnu/pkgconfig:/home/autoware/Autoware/install/op_planner/lib/pkgconfig:/home/autoware/Autoware/install/op_utility/lib/x86_64-linux-gnu/pkgconfig:/home/autoware/Autoware/install/op_utility/lib/pkgconfig:/home/autoware/Autoware/install/map_file/lib/x86_64-linux-gnu/pkgconfig:/home/autoware/Autoware/install/map_file/lib/pkgconfig:/home/autoware/Autoware/install/vector_map_server/lib/x86_64-linux-gnu/pkgconfig:/home/autoware/Autoware/install/vector_map_server/lib/pkgconfig:/home/autoware/Autoware/install/libwaypoint_follower/lib/x86_64-linux-gnu/pkgconfig:/home/autoware/Autoware/install/libwaypoint_follower/lib/pkgconfig:/home/autoware/Autoware/install/lanelet2_extension/lib/x86_64-linux-gnu/pkgconfig:/home/autoware/Autoware/install/lanelet2_extension/lib/pkgconfig:/home/autoware/Autoware/install/vector_map/lib/x86_64-linux-gnu/pkgconfig:/home/autoware/Autoware/install/vector_map/lib/pkgconfig:/home/autoware/Autoware/install/amathutils_lib/lib/x86_64-linux-gnu/pkgconfig:/home/autoware/Autoware/install/amathutils_lib/lib/pkgconfig:/home/autoware/Autoware/install/vector_map_msgs/lib/x86_64-linux-gnu/pkgconfig:/home/autoware/Autoware/install/vector_map_msgs/lib/pkgconfig:/home/autoware/Autoware/install/autoware_msgs/lib/x86_64-linux-gnu/pkgconfig:/home/autoware/Autoware/install/autoware_msgs/lib/pkgconfig:/home/autoware/Autoware/install/autoware_lanelet2_msgs/lib/x86_64-linux-gnu/pkgconfig:/home/autoware/Autoware/install/autoware_lanelet2_msgs/lib/pkgconfig:/home/autoware/Autoware/install/autoware_can_msgs/lib/x86_64-linux-gnu/pkgconfig:/home/autoware/Autoware/install/autoware_can_msgs/lib/pkgconfig:/home/autoware/Autoware/install/autoware_build_flags/lib/x86_64-linux-gnu/pkgconfig:/home/autoware/Autoware/install/autoware_build_flags/lib/pkgconfig:${PKG_CONFIG_PATH} PYTHONPATH=/home/autoware/Autoware/install/vector_map_server/lib/python2.7/dist-packages:/home/autoware/Autoware/install/vector_map_msgs/lib/python2.7/dist-packages:/home/autoware/Autoware/install/autoware_msgs/lib/python2.7/dist-packages:/home/autoware/Autoware/install/autoware_lanelet2_msgs/lib/python2.7/dist-packages:/home/autoware/Autoware/install/autoware_can_msgs/lib/python2.7/dist-packages:${PYTHONPATH} ROS_PACKAGE_PATH=/home/autoware/Autoware/install/op_ros_helpers/share:/home/autoware/Autoware/install/op_simu/share:/home/autoware/Autoware/install/op_planner/share:/home/autoware/Autoware/install/op_utility/share:/home/autoware/Autoware/install/map_file/share:/home/autoware/Autoware/install/vector_map_server/share:/home/autoware/Autoware/install/libwaypoint_follower/share:/home/autoware/Autoware/install/lanelet2_extension/share:/home/autoware/Autoware/install/vector_map/share:/home/autoware/Autoware/install/amathutils_lib/share:/home/autoware/Autoware/install/vector_map_msgs/share:/home/autoware/Autoware/install/autoware_msgs/share:/home/autoware/Autoware/install/autoware_lanelet2_msgs/share:/home/autoware/Autoware/install/autoware_can_msgs/share:/home/autoware/Autoware/install/autoware_build_flags/share:${ROS_PACKAGE_PATH} /usr/bin/cmake --build /home/autoware/Autoware/build/op_global_planner --target tests -- -j32 -l32
[1.318s] Built target tests
[1.334s] Invoked command in '/home/autoware/Autoware/build/op_global_planner' returned '0': CMAKE_PREFIX_PATH=/home/autoware/Autoware/install/op_ros_helpers:/home/autoware/Autoware/install/op_simu:/home/autoware/Autoware/install/op_planner:/home/autoware/Autoware/install/op_utility:/home/autoware/Autoware/install/map_file:/home/autoware/Autoware/install/vector_map_server:/home/autoware/Autoware/install/libwaypoint_follower:/home/autoware/Autoware/install/lanelet2_extension:/home/autoware/Autoware/install/vector_map:/home/autoware/Autoware/install/amathutils_lib:/home/autoware/Autoware/install/vector_map_msgs:/home/autoware/Autoware/install/autoware_msgs:/home/autoware/Autoware/install/autoware_lanelet2_msgs:/home/autoware/Autoware/install/autoware_can_msgs:/home/autoware/Autoware/install/autoware_build_flags:${CMAKE_PREFIX_PATH} LD_LIBRARY_PATH=/home/autoware/Autoware/install/op_ros_helpers/lib:/home/autoware/Autoware/install/op_simu/lib:/home/autoware/Autoware/install/op_planner/lib:/home/autoware/Autoware/install/op_utility/lib:/home/autoware/Autoware/install/map_file/lib:/home/autoware/Autoware/install/libwaypoint_follower/lib:/home/autoware/Autoware/install/lanelet2_extension/lib:/home/autoware/Autoware/install/vector_map/lib:/home/autoware/Autoware/install/amathutils_lib/lib:${LD_LIBRARY_PATH} PKG_CONFIG_PATH=/home/autoware/Autoware/install/op_ros_helpers/lib/x86_64-linux-gnu/pkgconfig:/home/autoware/Autoware/install/op_ros_helpers/lib/pkgconfig:/home/autoware/Autoware/install/op_simu/lib/x86_64-linux-gnu/pkgconfig:/home/autoware/Autoware/install/op_simu/lib/pkgconfig:/home/autoware/Autoware/install/op_planner/lib/x86_64-linux-gnu/pkgconfig:/home/autoware/Autoware/install/op_planner/lib/pkgconfig:/home/autoware/Autoware/install/op_utility/lib/x86_64-linux-gnu/pkgconfig:/home/autoware/Autoware/install/op_utility/lib/pkgconfig:/home/autoware/Autoware/install/map_file/lib/x86_64-linux-gnu/pkgconfig:/home/autoware/Autoware/install/map_file/lib/pkgconfig:/home/autoware/Autoware/install/vector_map_server/lib/x86_64-linux-gnu/pkgconfig:/home/autoware/Autoware/install/vector_map_server/lib/pkgconfig:/home/autoware/Autoware/install/libwaypoint_follower/lib/x86_64-linux-gnu/pkgconfig:/home/autoware/Autoware/install/libwaypoint_follower/lib/pkgconfig:/home/autoware/Autoware/install/lanelet2_extension/lib/x86_64-linux-gnu/pkgconfig:/home/autoware/Autoware/install/lanelet2_extension/lib/pkgconfig:/home/autoware/Autoware/install/vector_map/lib/x86_64-linux-gnu/pkgconfig:/home/autoware/Autoware/install/vector_map/lib/pkgconfig:/home/autoware/Autoware/install/amathutils_lib/lib/x86_64-linux-gnu/pkgconfig:/home/autoware/Autoware/install/amathutils_lib/lib/pkgconfig:/home/autoware/Autoware/install/vector_map_msgs/lib/x86_64-linux-gnu/pkgconfig:/home/autoware/Autoware/install/vector_map_msgs/lib/pkgconfig:/home/autoware/Autoware/install/autoware_msgs/lib/x86_64-linux-gnu/pkgconfig:/home/autoware/Autoware/install/autoware_msgs/lib/pkgconfig:/home/autoware/Autoware/install/autoware_lanelet2_msgs/lib/x86_64-linux-gnu/pkgconfig:/home/autoware/Autoware/install/autoware_lanelet2_msgs/lib/pkgconfig:/home/autoware/Autoware/install/autoware_can_msgs/lib/x86_64-linux-gnu/pkgconfig:/home/autoware/Autoware/install/autoware_can_msgs/lib/pkgconfig:/home/autoware/Autoware/install/autoware_build_flags/lib/x86_64-linux-gnu/pkgconfig:/home/autoware/Autoware/install/autoware_build_flags/lib/pkgconfig:${PKG_CONFIG_PATH} PYTHONPATH=/home/autoware/Autoware/install/vector_map_server/lib/python2.7/dist-packages:/home/autoware/Autoware/install/vector_map_msgs/lib/python2.7/dist-packages:/home/autoware/Autoware/install/autoware_msgs/lib/python2.7/dist-packages:/home/autoware/Autoware/install/autoware_lanelet2_msgs/lib/python2.7/dist-packages:/home/autoware/Autoware/install/autoware_can_msgs/lib/python2.7/dist-packages:${PYTHONPATH} ROS_PACKAGE_PATH=/home/autoware/Autoware/install/op_ros_helpers/share:/home/autoware/Autoware/install/op_simu/share:/home/autoware/Autoware/install/op_planner/share:/home/autoware/Autoware/install/op_utility/share:/home/autoware/Autoware/install/map_file/share:/home/autoware/Autoware/install/vector_map_server/share:/home/autoware/Autoware/install/libwaypoint_follower/share:/home/autoware/Autoware/install/lanelet2_extension/share:/home/autoware/Autoware/install/vector_map/share:/home/autoware/Autoware/install/amathutils_lib/share:/home/autoware/Autoware/install/vector_map_msgs/share:/home/autoware/Autoware/install/autoware_msgs/share:/home/autoware/Autoware/install/autoware_lanelet2_msgs/share:/home/autoware/Autoware/install/autoware_can_msgs/share:/home/autoware/Autoware/install/autoware_build_flags/share:${ROS_PACKAGE_PATH} /usr/bin/cmake --build /home/autoware/Autoware/build/op_global_planner --target tests -- -j32 -l32
[1.463s] Invoking command in '/home/autoware/Autoware/build/op_global_planner': CMAKE_PREFIX_PATH=/home/autoware/Autoware/install/op_ros_helpers:/home/autoware/Autoware/install/op_simu:/home/autoware/Autoware/install/op_planner:/home/autoware/Autoware/install/op_utility:/home/autoware/Autoware/install/map_file:/home/autoware/Autoware/install/vector_map_server:/home/autoware/Autoware/install/libwaypoint_follower:/home/autoware/Autoware/install/lanelet2_extension:/home/autoware/Autoware/install/vector_map:/home/autoware/Autoware/install/amathutils_lib:/home/autoware/Autoware/install/vector_map_msgs:/home/autoware/Autoware/install/autoware_msgs:/home/autoware/Autoware/install/autoware_lanelet2_msgs:/home/autoware/Autoware/install/autoware_can_msgs:/home/autoware/Autoware/install/autoware_build_flags:${CMAKE_PREFIX_PATH} LD_LIBRARY_PATH=/home/autoware/Autoware/install/op_ros_helpers/lib:/home/autoware/Autoware/install/op_simu/lib:/home/autoware/Autoware/install/op_planner/lib:/home/autoware/Autoware/install/op_utility/lib:/home/autoware/Autoware/install/map_file/lib:/home/autoware/Autoware/install/libwaypoint_follower/lib:/home/autoware/Autoware/install/lanelet2_extension/lib:/home/autoware/Autoware/install/vector_map/lib:/home/autoware/Autoware/install/amathutils_lib/lib:${LD_LIBRARY_PATH} PKG_CONFIG_PATH=/home/autoware/Autoware/install/op_ros_helpers/lib/x86_64-linux-gnu/pkgconfig:/home/autoware/Autoware/install/op_ros_helpers/lib/pkgconfig:/home/autoware/Autoware/install/op_simu/lib/x86_64-linux-gnu/pkgconfig:/home/autoware/Autoware/install/op_simu/lib/pkgconfig:/home/autoware/Autoware/install/op_planner/lib/x86_64-linux-gnu/pkgconfig:/home/autoware/Autoware/install/op_planner/lib/pkgconfig:/home/autoware/Autoware/install/op_utility/lib/x86_64-linux-gnu/pkgconfig:/home/autoware/Autoware/install/op_utility/lib/pkgconfig:/home/autoware/Autoware/install/map_file/lib/x86_64-linux-gnu/pkgconfig:/home/autoware/Autoware/install/map_file/lib/pkgconfig:/home/autoware/Autoware/install/vector_map_server/lib/x86_64-linux-gnu/pkgconfig:/home/autoware/Autoware/install/vector_map_server/lib/pkgconfig:/home/autoware/Autoware/install/libwaypoint_follower/lib/x86_64-linux-gnu/pkgconfig:/home/autoware/Autoware/install/libwaypoint_follower/lib/pkgconfig:/home/autoware/Autoware/install/lanelet2_extension/lib/x86_64-linux-gnu/pkgconfig:/home/autoware/Autoware/install/lanelet2_extension/lib/pkgconfig:/home/autoware/Autoware/install/vector_map/lib/x86_64-linux-gnu/pkgconfig:/home/autoware/Autoware/install/vector_map/lib/pkgconfig:/home/autoware/Autoware/install/amathutils_lib/lib/x86_64-linux-gnu/pkgconfig:/home/autoware/Autoware/install/amathutils_lib/lib/pkgconfig:/home/autoware/Autoware/install/vector_map_msgs/lib/x86_64-linux-gnu/pkgconfig:/home/autoware/Autoware/install/vector_map_msgs/lib/pkgconfig:/home/autoware/Autoware/install/autoware_msgs/lib/x86_64-linux-gnu/pkgconfig:/home/autoware/Autoware/install/autoware_msgs/lib/pkgconfig:/home/autoware/Autoware/install/autoware_lanelet2_msgs/lib/x86_64-linux-gnu/pkgconfig:/home/autoware/Autoware/install/autoware_lanelet2_msgs/lib/pkgconfig:/home/autoware/Autoware/install/autoware_can_msgs/lib/x86_64-linux-gnu/pkgconfig:/home/autoware/Autoware/install/autoware_can_msgs/lib/pkgconfig:/home/autoware/Autoware/install/autoware_build_flags/lib/x86_64-linux-gnu/pkgconfig:/home/autoware/Autoware/install/autoware_build_flags/lib/pkgconfig:${PKG_CONFIG_PATH} PYTHONPATH=/home/autoware/Autoware/install/vector_map_server/lib/python2.7/dist-packages:/home/autoware/Autoware/install/vector_map_msgs/lib/python2.7/dist-packages:/home/autoware/Autoware/install/autoware_msgs/lib/python2.7/dist-packages:/home/autoware/Autoware/install/autoware_lanelet2_msgs/lib/python2.7/dist-packages:/home/autoware/Autoware/install/autoware_can_msgs/lib/python2.7/dist-packages:${PYTHONPATH} ROS_PACKAGE_PATH=/home/autoware/Autoware/install/op_ros_helpers/share:/home/autoware/Autoware/install/op_simu/share:/home/autoware/Autoware/install/op_planner/share:/home/autoware/Autoware/install/op_utility/share:/home/autoware/Autoware/install/map_file/share:/home/autoware/Autoware/install/vector_map_server/share:/home/autoware/Autoware/install/libwaypoint_follower/share:/home/autoware/Autoware/install/lanelet2_extension/share:/home/autoware/Autoware/install/vector_map/share:/home/autoware/Autoware/install/amathutils_lib/share:/home/autoware/Autoware/install/vector_map_msgs/share:/home/autoware/Autoware/install/autoware_msgs/share:/home/autoware/Autoware/install/autoware_lanelet2_msgs/share:/home/autoware/Autoware/install/autoware_can_msgs/share:/home/autoware/Autoware/install/autoware_build_flags/share:${ROS_PACKAGE_PATH} /usr/bin/cmake --build /home/autoware/Autoware/build/op_global_planner --target install -- -j32 -l32
[1.616s] [  0%] Built target vector_map_msgs_generate_messages_eus
[1.639s] [  0%] Built target vector_map_server_generate_messages_eus
[1.643s] [  0%] Built target geometry_msgs_generate_messages_py
[1.652s] [  0%] Built target std_srvs_generate_messages_lisp
[1.653s] [  0%] Built target bond_generate_messages_py
[1.659s] [  0%] Built target topic_tools_generate_messages_nodejs
[1.659s] [  0%] Built target sensor_msgs_generate_messages_nodejs
[1.670s] [  0%] Built target rosgraph_msgs_generate_messages_eus
[1.671s] [  0%] Built target pcl_msgs_generate_messages_eus
[1.671s] [  0%] Built target bond_generate_messages_lisp
[1.671s] [  0%] Built target actionlib_generate_messages_cpp
[1.672s] [  0%] Built target dynamic_reconfigure_generate_messages_lisp
[1.676s] [  0%] Built target vector_map_server_generate_messages_nodejs
[1.677s] [  0%] Built target nodelet_generate_messages_nodejs
[1.679s] [  0%] Built target bond_generate_messages_nodejs
[1.679s] [  0%] Built target vector_map_msgs_generate_messages_nodejs
[1.685s] [  0%] Built target pcl_ros_gencfg
[1.685s] [  0%] Built target visualization_msgs_generate_messages_nodejs
[1.685s] [  0%] Built target topic_tools_generate_messages_eus
[1.686s] [  0%] Built target roscpp_generate_messages_cpp
[1.688s] [  0%] Built target bond_generate_messages_cpp
[1.691s] [  0%] Built target dynamic_reconfigure_generate_messages_eus
[1.692s] [  0%] Built target std_srvs_generate_messages_nodejs
[1.692s] [  0%] Built target vector_map_msgs_generate_messages_py
[1.698s] [  0%] Built target bond_generate_messages_eus
[1.704s] [  0%] Built target vector_map_server_generate_messages_cpp
[1.707s] [  0%] Built target nodelet_generate_messages_cpp
[1.708s] [  0%] Built target nodelet_generate_messages_eus
[1.708s] [  0%] Built target topic_tools_generate_messages_cpp
[1.709s] [  0%] Built target visualization_msgs_generate_messages_py
[1.714s] [  0%] Built target pcl_msgs_generate_messages_cpp
[1.719s] [  0%] Built target std_srvs_generate_messages_py
[1.723s] [  0%] Built target visualization_msgs_generate_messages_eus
[1.729s] [  0%] Built target jsk_recognition_msgs_generate_messages_lisp
[1.734s] [  0%] Built target std_srvs_generate_messages_cpp
[1.737s] [  0%] Built target jsk_recognition_msgs_generate_messages_eus
[1.746s] [  0%] Built target sensor_msgs_generate_messages_lisp
[1.751s] [  0%] Built target tf2_msgs_generate_messages_cpp
[1.756s] [  0%] Built target geometry_msgs_generate_messages_lisp
[1.760s] [  0%] Built target topic_tools_generate_messages_lisp
[1.760s] [  0%] Built target autoware_can_msgs_generate_messages_nodejs
[1.760s] [  0%] Built target pcl_msgs_generate_messages_nodejs
[1.765s] [  0%] Built target jsk_recognition_msgs_generate_messages_cpp
[1.769s] [  0%] Built target nodelet_generate_messages_py
[1.771s] [  0%] Built target tf_generate_messages_py
[1.771s] [  0%] Built target geometry_msgs_generate_messages_eus
[1.773s] [  0%] Built target jsk_recognition_msgs_generate_messages_py
[1.774s] [  0%] Built target autoware_can_msgs_generate_messages_cpp
[1.777s] [  0%] Built target sensor_msgs_generate_messages_py
[1.777s] [  0%] Built target nodelet_topic_tools_gencfg
[1.778s] [  0%] Built target autoware_can_msgs_generate_messages_lisp
[1.779s] [  0%] Built target jsk_footstep_msgs_generate_messages_py
[1.783s] [  0%] Built target topic_tools_generate_messages_py
[1.784s] [  0%] Built target actionlib_msgs_generate_messages_nodejs
[1.785s] [  0%] Built target std_msgs_generate_messages_cpp
[1.787s] [  0%] Built target geometry_msgs_generate_messages_nodejs
[1.791s] [  0%] Built target dynamic_reconfigure_generate_messages_py
[1.792s] [  0%] Built target visualization_msgs_generate_messages_lisp
[1.798s] [  0%] Built target dynamic_reconfigure_generate_messages_cpp
[1.798s] [  0%] Built target dynamic_reconfigure_generate_messages_nodejs
[1.800s] [  0%] Built target std_msgs_generate_messages_eus
[1.801s] [  0%] Built target autoware_can_msgs_generate_messages_py
[1.813s] [  0%] Built target std_msgs_generate_messages_lisp
[1.824s] [  0%] Built target std_msgs_generate_messages_py
[1.832s] [  0%] Built target sensor_msgs_generate_messages_eus
[1.840s] [  0%] Built target roscpp_generate_messages_nodejs
[1.845s] [  0%] Built target autoware_msgs_generate_messages_py
[1.846s] [  0%] Built target sensor_msgs_generate_messages_cpp
[1.854s] [  0%] Built target std_msgs_generate_messages_nodejs
[1.857s] [  0%] Built target jsk_footstep_msgs_generate_messages_nodejs
[1.861s] [  0%] Built target actionlib_msgs_generate_messages_cpp
[1.863s] [  0%] Built target autoware_msgs_generate_messages_eus
[1.875s] [  0%] Built target actionlib_msgs_generate_messages_lisp
[1.881s] [  0%] Built target autoware_msgs_generate_messages_cpp
[1.883s] [  0%] Built target autoware_msgs_generate_messages_lisp
[1.886s] [  0%] Built target rosgraph_msgs_generate_messages_cpp
[1.886s] [  0%] Built target nodelet_generate_messages_lisp
[1.887s] [  0%] Built target jsk_recognition_msgs_generate_messages_nodejs
[1.890s] [  0%] Built target actionlib_generate_messages_nodejs
[1.892s] [  0%] Built target vector_map_msgs_generate_messages_lisp
[1.895s] [  0%] Built target jsk_footstep_msgs_generate_messages_eus
[1.896s] [  0%] Built target tf_generate_messages_lisp
[1.904s] [  0%] Built target roscpp_generate_messages_lisp
[1.905s] [  0%] Built target tf_generate_messages_cpp
[1.907s] [  0%] Built target rosgraph_msgs_generate_messages_lisp
[1.907s] [  0%] Built target vector_map_server_generate_messages_lisp
[1.907s] [  0%] Built target actionlib_msgs_generate_messages_py
[1.908s] [  0%] Built target vector_map_server_generate_messages_py
[1.909s] [  0%] Built target jsk_footstep_msgs_generate_messages_cpp
[1.910s] [  0%] Built target tf_generate_messages_nodejs
[1.911s] [  0%] Built target tf_generate_messages_eus
[1.911s] [  0%] Built target jsk_footstep_msgs_generate_messages_lisp
[1.918s] [  0%] Built target autoware_msgs_generate_messages_nodejs
[1.919s] [  0%] Built target rosgraph_msgs_generate_messages_nodejs
[1.919s] [  0%] Built target roscpp_generate_messages_py
[1.921s] [  0%] Built target pcl_msgs_generate_messages_lisp
[1.930s] [  0%] Built target roscpp_generate_messages_eus
[1.936s] [  0%] Built target autoware_can_msgs_generate_messages_eus
[1.939s] [  0%] Built target pcl_msgs_generate_messages_py
[1.943s] [  0%] Built target std_srvs_generate_messages_eus
[1.953s] [  0%] Built target actionlib_msgs_generate_messages_eus
[1.953s] [  0%] Built target visualization_msgs_generate_messages_cpp
[1.954s] [  0%] Built target geometry_msgs_generate_messages_cpp
[1.955s] [  0%] Built target tf2_msgs_generate_messages_eus
[1.955s] [  0%] Built target actionlib_generate_messages_lisp
[1.961s] [  0%] Built target dynamic_reconfigure_gencfg
[1.964s] [  0%] Built target rosgraph_msgs_generate_messages_py
[1.965s] [  0%] Built target tf2_msgs_generate_messages_lisp
[1.966s] [  0%] Built target actionlib_generate_messages_eus
[1.974s] [  0%] Built target tf2_msgs_generate_messages_nodejs
[1.985s] [  0%] Built target tf2_msgs_generate_messages_py
[1.985s] [  0%] Built target vector_map_msgs_generate_messages_cpp
[1.985s] [  0%] Built target actionlib_generate_messages_py
[2.083s] [100%] Built target op_global_planner
[2.122s] Install the project...
[2.138s] -- Install configuration: "Release"
[2.138s] -- Up-to-date: /home/autoware/Autoware/install/op_global_planner/lib/pkgconfig/op_global_planner.pc
[2.139s] -- Up-to-date: /home/autoware/Autoware/install/op_global_planner/share/op_global_planner/cmake/op_global_plannerConfig.cmake
[2.140s] -- Up-to-date: /home/autoware/Autoware/install/op_global_planner/share/op_global_planner/cmake/op_global_plannerConfig-version.cmake
[2.141s] -- Up-to-date: /home/autoware/Autoware/install/op_global_planner/share/op_global_planner/package.xml
[2.143s] -- Up-to-date: /home/autoware/Autoware/install/op_global_planner/lib/op_global_planner/op_global_planner
[2.145s] -- Up-to-date: /home/autoware/Autoware/install/op_global_planner/share/op_global_planner/launch
[2.145s] -- Up-to-date: /home/autoware/Autoware/install/op_global_planner/share/op_global_planner/launch/op_global_planner.launch
[2.153s] Invoked command in '/home/autoware/Autoware/build/op_global_planner' returned '0': CMAKE_PREFIX_PATH=/home/autoware/Autoware/install/op_ros_helpers:/home/autoware/Autoware/install/op_simu:/home/autoware/Autoware/install/op_planner:/home/autoware/Autoware/install/op_utility:/home/autoware/Autoware/install/map_file:/home/autoware/Autoware/install/vector_map_server:/home/autoware/Autoware/install/libwaypoint_follower:/home/autoware/Autoware/install/lanelet2_extension:/home/autoware/Autoware/install/vector_map:/home/autoware/Autoware/install/amathutils_lib:/home/autoware/Autoware/install/vector_map_msgs:/home/autoware/Autoware/install/autoware_msgs:/home/autoware/Autoware/install/autoware_lanelet2_msgs:/home/autoware/Autoware/install/autoware_can_msgs:/home/autoware/Autoware/install/autoware_build_flags:${CMAKE_PREFIX_PATH} LD_LIBRARY_PATH=/home/autoware/Autoware/install/op_ros_helpers/lib:/home/autoware/Autoware/install/op_simu/lib:/home/autoware/Autoware/install/op_planner/lib:/home/autoware/Autoware/install/op_utility/lib:/home/autoware/Autoware/install/map_file/lib:/home/autoware/Autoware/install/libwaypoint_follower/lib:/home/autoware/Autoware/install/lanelet2_extension/lib:/home/autoware/Autoware/install/vector_map/lib:/home/autoware/Autoware/install/amathutils_lib/lib:${LD_LIBRARY_PATH} PKG_CONFIG_PATH=/home/autoware/Autoware/install/op_ros_helpers/lib/x86_64-linux-gnu/pkgconfig:/home/autoware/Autoware/install/op_ros_helpers/lib/pkgconfig:/home/autoware/Autoware/install/op_simu/lib/x86_64-linux-gnu/pkgconfig:/home/autoware/Autoware/install/op_simu/lib/pkgconfig:/home/autoware/Autoware/install/op_planner/lib/x86_64-linux-gnu/pkgconfig:/home/autoware/Autoware/install/op_planner/lib/pkgconfig:/home/autoware/Autoware/install/op_utility/lib/x86_64-linux-gnu/pkgconfig:/home/autoware/Autoware/install/op_utility/lib/pkgconfig:/home/autoware/Autoware/install/map_file/lib/x86_64-linux-gnu/pkgconfig:/home/autoware/Autoware/install/map_file/lib/pkgconfig:/home/autoware/Autoware/install/vector_map_server/lib/x86_64-linux-gnu/pkgconfig:/home/autoware/Autoware/install/vector_map_server/lib/pkgconfig:/home/autoware/Autoware/install/libwaypoint_follower/lib/x86_64-linux-gnu/pkgconfig:/home/autoware/Autoware/install/libwaypoint_follower/lib/pkgconfig:/home/autoware/Autoware/install/lanelet2_extension/lib/x86_64-linux-gnu/pkgconfig:/home/autoware/Autoware/install/lanelet2_extension/lib/pkgconfig:/home/autoware/Autoware/install/vector_map/lib/x86_64-linux-gnu/pkgconfig:/home/autoware/Autoware/install/vector_map/lib/pkgconfig:/home/autoware/Autoware/install/amathutils_lib/lib/x86_64-linux-gnu/pkgconfig:/home/autoware/Autoware/install/amathutils_lib/lib/pkgconfig:/home/autoware/Autoware/install/vector_map_msgs/lib/x86_64-linux-gnu/pkgconfig:/home/autoware/Autoware/install/vector_map_msgs/lib/pkgconfig:/home/autoware/Autoware/install/autoware_msgs/lib/x86_64-linux-gnu/pkgconfig:/home/autoware/Autoware/install/autoware_msgs/lib/pkgconfig:/home/autoware/Autoware/install/autoware_lanelet2_msgs/lib/x86_64-linux-gnu/pkgconfig:/home/autoware/Autoware/install/autoware_lanelet2_msgs/lib/pkgconfig:/home/autoware/Autoware/install/autoware_can_msgs/lib/x86_64-linux-gnu/pkgconfig:/home/autoware/Autoware/install/autoware_can_msgs/lib/pkgconfig:/home/autoware/Autoware/install/autoware_build_flags/lib/x86_64-linux-gnu/pkgconfig:/home/autoware/Autoware/install/autoware_build_flags/lib/pkgconfig:${PKG_CONFIG_PATH} PYTHONPATH=/home/autoware/Autoware/install/vector_map_server/lib/python2.7/dist-packages:/home/autoware/Autoware/install/vector_map_msgs/lib/python2.7/dist-packages:/home/autoware/Autoware/install/autoware_msgs/lib/python2.7/dist-packages:/home/autoware/Autoware/install/autoware_lanelet2_msgs/lib/python2.7/dist-packages:/home/autoware/Autoware/install/autoware_can_msgs/lib/python2.7/dist-packages:${PYTHONPATH} ROS_PACKAGE_PATH=/home/autoware/Autoware/install/op_ros_helpers/share:/home/autoware/Autoware/install/op_simu/share:/home/autoware/Autoware/install/op_planner/share:/home/autoware/Autoware/install/op_utility/share:/home/autoware/Autoware/install/map_file/share:/home/autoware/Autoware/install/vector_map_server/share:/home/autoware/Autoware/install/libwaypoint_follower/share:/home/autoware/Autoware/install/lanelet2_extension/share:/home/autoware/Autoware/install/vector_map/share:/home/autoware/Autoware/install/amathutils_lib/share:/home/autoware/Autoware/install/vector_map_msgs/share:/home/autoware/Autoware/install/autoware_msgs/share:/home/autoware/Autoware/install/autoware_lanelet2_msgs/share:/home/autoware/Autoware/install/autoware_can_msgs/share:/home/autoware/Autoware/install/autoware_build_flags/share:${ROS_PACKAGE_PATH} /usr/bin/cmake --build /home/autoware/Autoware/build/op_global_planner --target install -- -j32 -l32
