Determining if the pthread_create exist failed with the following output:
Change Dir: /home/autoware/Autoware/build/libvectormap/CMakeFiles/CMakeTmp

Run Build Command:"/usr/bin/make" "cmTC_72696/fast"
/usr/bin/make -f CMakeFiles/cmTC_72696.dir/build.make CMakeFiles/cmTC_72696.dir/build
make[1]: Entering directory '/home/autoware/Autoware/build/libvectormap/CMakeFiles/CMakeTmp'
Building C object CMakeFiles/cmTC_72696.dir/CheckSymbolExists.c.o
/usr/bin/cc    -o CMakeFiles/cmTC_72696.dir/CheckSymbolExists.c.o   -c /home/autoware/Autoware/build/libvectormap/CMakeFiles/CMakeTmp/CheckSymbolExists.c
Linking C executable cmTC_72696
/usr/bin/cmake -E cmake_link_script CMakeFiles/cmTC_72696.dir/link.txt --verbose=1
/usr/bin/cc      -rdynamic CMakeFiles/cmTC_72696.dir/CheckSymbolExists.c.o  -o cmTC_72696 
CMakeFiles/cmTC_72696.dir/CheckSymbolExists.c.o: In function `main':
CheckSymbolExists.c:(.text+0x1b): undefined reference to `pthread_create'
collect2: error: ld returned 1 exit status
CMakeFiles/cmTC_72696.dir/build.make:97: recipe for target 'cmTC_72696' failed
make[1]: *** [cmTC_72696] Error 1
make[1]: Leaving directory '/home/autoware/Autoware/build/libvectormap/CMakeFiles/CMakeTmp'
Makefile:126: recipe for target 'cmTC_72696/fast' failed
make: *** [cmTC_72696/fast] Error 2

File /home/autoware/Autoware/build/libvectormap/CMakeFiles/CMakeTmp/CheckSymbolExists.c:
/* */
#include <pthread.h>

int main(int argc, char** argv)
{
  (void)argv;
#ifndef pthread_create
  return ((int*)(&pthread_create))[argc];
#else
  (void)argc;
  return 0;
#endif
}

Determining if the function pthread_create exists in the pthreads failed with the following output:
Change Dir: /home/autoware/Autoware/build/libvectormap/CMakeFiles/CMakeTmp

Run Build Command:"/usr/bin/make" "cmTC_c7ffe/fast"
/usr/bin/make -f CMakeFiles/cmTC_c7ffe.dir/build.make CMakeFiles/cmTC_c7ffe.dir/build
make[1]: Entering directory '/home/autoware/Autoware/build/libvectormap/CMakeFiles/CMakeTmp'
Building C object CMakeFiles/cmTC_c7ffe.dir/CheckFunctionExists.c.o
/usr/bin/cc   -DCHECK_FUNCTION_EXISTS=pthread_create   -o CMakeFiles/cmTC_c7ffe.dir/CheckFunctionExists.c.o   -c /usr/share/cmake-3.10/Modules/CheckFunctionExists.c
Linking C executable cmTC_c7ffe
/usr/bin/cmake -E cmake_link_script CMakeFiles/cmTC_c7ffe.dir/link.txt --verbose=1
/usr/bin/cc  -DCHECK_FUNCTION_EXISTS=pthread_create    -rdynamic CMakeFiles/cmTC_c7ffe.dir/CheckFunctionExists.c.o  -o cmTC_c7ffe -lpthreads 
/usr/bin/ld: cannot find -lpthreads
collect2: error: ld returned 1 exit status
CMakeFiles/cmTC_c7ffe.dir/build.make:97: recipe for target 'cmTC_c7ffe' failed
make[1]: *** [cmTC_c7ffe] Error 1
make[1]: Leaving directory '/home/autoware/Autoware/build/libvectormap/CMakeFiles/CMakeTmp'
Makefile:126: recipe for target 'cmTC_c7ffe/fast' failed
make: *** [cmTC_c7ffe/fast] Error 2


