[0.294s] Invoking command in '/home/autoware/Autoware/build/trafficlight_recognizer': CMAKE_PREFIX_PATH=/home/autoware/Autoware/install/vector_map_server:/home/autoware/Autoware/install/libvectormap:/home/autoware/Autoware/install/lanelet2_extension:/home/autoware/Autoware/install/vector_map:/home/autoware/Autoware/install/amathutils_lib:/home/autoware/Autoware/install/vector_map_msgs:/home/autoware/Autoware/install/autoware_msgs:/home/autoware/Autoware/install/autoware_lanelet2_msgs:/home/autoware/Autoware/install/autoware_build_flags:${CMAKE_PREFIX_PATH} LD_LIBRARY_PATH=/home/autoware/Autoware/install/lanelet2_extension/lib:/home/autoware/Autoware/install/vector_map/lib:/home/autoware/Autoware/install/amathutils_lib/lib:${LD_LIBRARY_PATH} PKG_CONFIG_PATH=/home/autoware/Autoware/install/vector_map_server/lib/x86_64-linux-gnu/pkgconfig:/home/autoware/Autoware/install/vector_map_server/lib/pkgconfig:/home/autoware/Autoware/install/libvectormap/lib/x86_64-linux-gnu/pkgconfig:/home/autoware/Autoware/install/libvectormap/lib/pkgconfig:/home/autoware/Autoware/install/lanelet2_extension/lib/x86_64-linux-gnu/pkgconfig:/home/autoware/Autoware/install/lanelet2_extension/lib/pkgconfig:/home/autoware/Autoware/install/vector_map/lib/x86_64-linux-gnu/pkgconfig:/home/autoware/Autoware/install/vector_map/lib/pkgconfig:/home/autoware/Autoware/install/amathutils_lib/lib/x86_64-linux-gnu/pkgconfig:/home/autoware/Autoware/install/amathutils_lib/lib/pkgconfig:/home/autoware/Autoware/install/vector_map_msgs/lib/x86_64-linux-gnu/pkgconfig:/home/autoware/Autoware/install/vector_map_msgs/lib/pkgconfig:/home/autoware/Autoware/install/autoware_msgs/lib/x86_64-linux-gnu/pkgconfig:/home/autoware/Autoware/install/autoware_msgs/lib/pkgconfig:/home/autoware/Autoware/install/autoware_lanelet2_msgs/lib/x86_64-linux-gnu/pkgconfig:/home/autoware/Autoware/install/autoware_lanelet2_msgs/lib/pkgconfig:/home/autoware/Autoware/install/autoware_build_flags/lib/x86_64-linux-gnu/pkgconfig:/home/autoware/Autoware/install/autoware_build_flags/lib/pkgconfig:${PKG_CONFIG_PATH} PYTHONPATH=/home/autoware/Autoware/install/vector_map_server/lib/python2.7/dist-packages:/home/autoware/Autoware/install/vector_map_msgs/lib/python2.7/dist-packages:/home/autoware/Autoware/install/autoware_msgs/lib/python2.7/dist-packages:/home/autoware/Autoware/install/autoware_lanelet2_msgs/lib/python2.7/dist-packages:${PYTHONPATH} ROS_PACKAGE_PATH=/home/autoware/Autoware/install/vector_map_server/share:/home/autoware/Autoware/install/libvectormap/share:/home/autoware/Autoware/install/lanelet2_extension/share:/home/autoware/Autoware/install/vector_map/share:/home/autoware/Autoware/install/amathutils_lib/share:/home/autoware/Autoware/install/vector_map_msgs/share:/home/autoware/Autoware/install/autoware_msgs/share:/home/autoware/Autoware/install/autoware_lanelet2_msgs/share:/home/autoware/Autoware/install/autoware_build_flags/share:${ROS_PACKAGE_PATH} /usr/bin/cmake --build /home/autoware/Autoware/build/trafficlight_recognizer -- -j32 -l32
[0.539s] [  0%] Built target pcl_msgs_generate_messages_eus
[0.559s] [  0%] Built target autoware_lanelet2_msgs_generate_messages_nodejs
[0.564s] [  0%] Built target autoware_msgs_generate_messages_py
[0.593s] [  0%] Built target sensor_msgs_generate_messages_nodejs
[0.608s] [  0%] Built target autoware_msgs_generate_messages_cpp
[0.609s] [  0%] Built target vector_map_msgs_generate_messages_nodejs
[0.612s] [  2%] Automatic MOC, UIC and RCC for target label_maker
[0.622s] [  2%] Built target vector_map_msgs_generate_messages_lisp
[0.625s] [  2%] Built target sensor_msgs_generate_messages_eus
[0.638s] [  2%] Built target jsk_recognition_msgs_generate_messages_py
[0.640s] [  2%] Built target jsk_recognition_msgs_generate_messages_eus
[0.654s] [  2%] Built target actionlib_generate_messages_cpp
[0.660s] [  2%] Built target rosgraph_msgs_generate_messages_cpp
[0.684s] [  2%] Built target std_msgs_generate_messages_nodejs
[0.684s] [  2%] Built target vector_map_msgs_generate_messages_py
[0.685s] [  2%] Built target pcl_msgs_generate_messages_nodejs
[0.685s] [  2%] Built target visualization_msgs_generate_messages_py
[0.685s] [  2%] Built target roscpp_generate_messages_cpp
[0.685s] [  2%] Built target visualization_msgs_generate_messages_nodejs
[0.697s] [  2%] Built target visualization_msgs_generate_messages_eus
[0.698s] [  2%] Built target jsk_recognition_msgs_generate_messages_lisp
[0.700s] [  2%] Built target vector_map_msgs_generate_messages_cpp
[0.704s] [  2%] Built target vector_map_msgs_generate_messages_eus
[0.707s] [  2%] Built target _catkin_empty_exported_target
[0.709s] [  2%] Built target vector_map_server_generate_messages_cpp
[0.733s] [  2%] Built target vector_map_server_generate_messages_eus
[0.733s] [  2%] Built target vector_map_server_generate_messages_nodejs
[0.759s] [  2%] Built target rosgraph_msgs_generate_messages_eus
[0.770s] [  2%] Built target std_msgs_generate_messages_py
[0.777s] [  2%] Built target sensor_msgs_generate_messages_lisp
[0.785s] [  2%] Built target sensor_msgs_generate_messages_py
[0.793s] [  2%] Built target roscpp_generate_messages_nodejs
[0.828s] [  2%] Built target label_maker_autogen
[0.832s] [  2%] Built target geometry_msgs_generate_messages_nodejs
[0.835s] [  2%] Built target tf_generate_messages_py
[0.844s] [  2%] Built target jsk_footstep_msgs_generate_messages_py
[0.847s] [  2%] Built target std_msgs_generate_messages_cpp
[0.851s] [  2%] Built target geometry_msgs_generate_messages_lisp
[0.865s] [  2%] Built target autoware_msgs_generate_messages_nodejs
[0.865s] [  2%] Built target actionlib_msgs_generate_messages_nodejs
[0.875s] [  2%] Built target vector_map_server_generate_messages_lisp
[0.892s] [  2%] Built target jsk_footstep_msgs_generate_messages_eus
[0.902s] [  2%] Built target sensor_msgs_generate_messages_cpp
[0.954s] [  2%] Built target geometry_msgs_generate_messages_eus
[0.967s] [  2%] Built target jsk_footstep_msgs_generate_messages_cpp
[0.969s] [  2%] Built target std_msgs_generate_messages_lisp
[0.981s] [  2%] Built target tf_generate_messages_nodejs
[0.988s] [  2%] Built target visualization_msgs_generate_messages_lisp
[1.003s] [  2%] Built target jsk_footstep_msgs_generate_messages_lisp
[1.010s] [  2%] Built target autoware_msgs_generate_messages_eus
[1.018s] [  2%] Built target autoware_msgs_generate_messages_lisp
[1.069s] [  2%] Built target actionlib_msgs_generate_messages_py
[1.069s] [  2%] Built target tf2_msgs_generate_messages_cpp
[1.069s] [  2%] Built target pcl_msgs_generate_messages_cpp
[1.069s] [  2%] Built target jsk_recognition_msgs_generate_messages_nodejs
[1.069s] [  2%] Built target rosgraph_msgs_generate_messages_nodejs
[1.273s] [  2%] Built target actionlib_msgs_generate_messages_cpp
[1.273s] [  2%] Built target geometry_msgs_generate_messages_py
[1.357s] [  2%] Built target jsk_footstep_msgs_generate_messages_nodejs
[1.358s] [  2%] Built target autoware_lanelet2_msgs_generate_messages_cpp
[1.359s] [  2%] Built target tf_generate_messages_eus
[1.359s] [  2%] Built target jsk_recognition_msgs_generate_messages_cpp
[1.359s] [  2%] Built target roscpp_generate_messages_lisp
[1.359s] [  2%] Built target roscpp_generate_messages_eus
[1.360s] [  2%] Built target std_msgs_generate_messages_eus
[1.360s] [  2%] Built target rosgraph_msgs_generate_messages_lisp
[1.360s] [  2%] Built target visualization_msgs_generate_messages_cpp
[1.360s] [  2%] Built target tf_generate_messages_lisp
[1.360s] [  2%] Built target pcl_msgs_generate_messages_lisp
[1.360s] [  2%] Built target actionlib_generate_messages_lisp
[1.361s] [  2%] Built target roscpp_generate_messages_py
[1.361s] [  2%] Built target tf_generate_messages_cpp
[1.361s] [  2%] Built target actionlib_msgs_generate_messages_eus
[1.361s] [  2%] Built target rosgraph_msgs_generate_messages_py
[1.361s] [  2%] Built target actionlib_generate_messages_eus
[1.361s] [  2%] Built target tf2_msgs_generate_messages_nodejs
[1.361s] [  2%] Built target tf2_msgs_generate_messages_eus
[1.362s] [  2%] Built target geometry_msgs_generate_messages_cpp
[1.362s] [  2%] Built target actionlib_generate_messages_nodejs
[1.362s] [  2%] Built target autoware_lanelet2_msgs_generate_messages_py
[1.362s] [  2%] Built target autoware_lanelet2_msgs_generate_messages_eus
[1.384s] [  2%] Built target actionlib_msgs_generate_messages_lisp
[1.389s] [  2%] Built target vector_map_server_generate_messages_py
[1.389s] [  2%] Built target actionlib_generate_messages_py
[1.427s] [  2%] Built target tf2_msgs_generate_messages_lisp
[1.427s] [  2%] Built target pcl_msgs_generate_messages_py
[1.427s] [  2%] Built target tf2_msgs_generate_messages_py
[1.428s] [ 19%] Built target label_maker
[1.431s] [ 19%] Built target autoware_lanelet2_msgs_generate_messages_lisp
[1.470s] [ 21%] Automatic MOC, UIC and RCC for target tlr_tuner
[1.496s] [ 24%] Automatic MOC, UIC and RCC for target libcontext
[1.504s] [ 26%] Automatic MOC, UIC and RCC for target feat_proj
[1.569s] [ 26%] Built target tlr_tuner_autogen
[1.569s] [ 26%] Built target libcontext_autogen
[1.569s] [ 29%] Automatic MOC, UIC and RCC for target tl_switch
[1.570s] [ 31%] Automatic MOC, UIC and RCC for target feat_proj_lanelet2
[1.602s] [ 31%] Built target feat_proj_autogen
[1.602s] [ 31%] Built target tl_switch_autogen
[1.617s] [ 46%] Built target tlr_tuner
[1.620s] [ 53%] Built target libcontext
[1.628s] [ 53%] Built target feat_proj_lanelet2_autogen
[1.656s] [ 56%] Automatic MOC, UIC and RCC for target roi_extractor
[1.656s] [ 58%] Automatic MOC, UIC and RCC for target region_tlr
[1.656s] [ 65%] Built target feat_proj
[1.656s] [ 73%] Built target tl_switch
[1.715s] [ 73%] Built target region_tlr_autogen
[1.716s] [ 73%] Built target roi_extractor_autogen
[1.716s] [ 82%] Built target feat_proj_lanelet2
[1.741s] [ 92%] Built target region_tlr
[1.741s] [100%] Built target roi_extractor
[1.769s] Invoked command in '/home/autoware/Autoware/build/trafficlight_recognizer' returned '0': CMAKE_PREFIX_PATH=/home/autoware/Autoware/install/vector_map_server:/home/autoware/Autoware/install/libvectormap:/home/autoware/Autoware/install/lanelet2_extension:/home/autoware/Autoware/install/vector_map:/home/autoware/Autoware/install/amathutils_lib:/home/autoware/Autoware/install/vector_map_msgs:/home/autoware/Autoware/install/autoware_msgs:/home/autoware/Autoware/install/autoware_lanelet2_msgs:/home/autoware/Autoware/install/autoware_build_flags:${CMAKE_PREFIX_PATH} LD_LIBRARY_PATH=/home/autoware/Autoware/install/lanelet2_extension/lib:/home/autoware/Autoware/install/vector_map/lib:/home/autoware/Autoware/install/amathutils_lib/lib:${LD_LIBRARY_PATH} PKG_CONFIG_PATH=/home/autoware/Autoware/install/vector_map_server/lib/x86_64-linux-gnu/pkgconfig:/home/autoware/Autoware/install/vector_map_server/lib/pkgconfig:/home/autoware/Autoware/install/libvectormap/lib/x86_64-linux-gnu/pkgconfig:/home/autoware/Autoware/install/libvectormap/lib/pkgconfig:/home/autoware/Autoware/install/lanelet2_extension/lib/x86_64-linux-gnu/pkgconfig:/home/autoware/Autoware/install/lanelet2_extension/lib/pkgconfig:/home/autoware/Autoware/install/vector_map/lib/x86_64-linux-gnu/pkgconfig:/home/autoware/Autoware/install/vector_map/lib/pkgconfig:/home/autoware/Autoware/install/amathutils_lib/lib/x86_64-linux-gnu/pkgconfig:/home/autoware/Autoware/install/amathutils_lib/lib/pkgconfig:/home/autoware/Autoware/install/vector_map_msgs/lib/x86_64-linux-gnu/pkgconfig:/home/autoware/Autoware/install/vector_map_msgs/lib/pkgconfig:/home/autoware/Autoware/install/autoware_msgs/lib/x86_64-linux-gnu/pkgconfig:/home/autoware/Autoware/install/autoware_msgs/lib/pkgconfig:/home/autoware/Autoware/install/autoware_lanelet2_msgs/lib/x86_64-linux-gnu/pkgconfig:/home/autoware/Autoware/install/autoware_lanelet2_msgs/lib/pkgconfig:/home/autoware/Autoware/install/autoware_build_flags/lib/x86_64-linux-gnu/pkgconfig:/home/autoware/Autoware/install/autoware_build_flags/lib/pkgconfig:${PKG_CONFIG_PATH} PYTHONPATH=/home/autoware/Autoware/install/vector_map_server/lib/python2.7/dist-packages:/home/autoware/Autoware/install/vector_map_msgs/lib/python2.7/dist-packages:/home/autoware/Autoware/install/autoware_msgs/lib/python2.7/dist-packages:/home/autoware/Autoware/install/autoware_lanelet2_msgs/lib/python2.7/dist-packages:${PYTHONPATH} ROS_PACKAGE_PATH=/home/autoware/Autoware/install/vector_map_server/share:/home/autoware/Autoware/install/libvectormap/share:/home/autoware/Autoware/install/lanelet2_extension/share:/home/autoware/Autoware/install/vector_map/share:/home/autoware/Autoware/install/amathutils_lib/share:/home/autoware/Autoware/install/vector_map_msgs/share:/home/autoware/Autoware/install/autoware_msgs/share:/home/autoware/Autoware/install/autoware_lanelet2_msgs/share:/home/autoware/Autoware/install/autoware_build_flags/share:${ROS_PACKAGE_PATH} /usr/bin/cmake --build /home/autoware/Autoware/build/trafficlight_recognizer -- -j32 -l32
[2.707s] Invoking command in '/home/autoware/Autoware/build/trafficlight_recognizer': CMAKE_PREFIX_PATH=/home/autoware/Autoware/install/vector_map_server:/home/autoware/Autoware/install/libvectormap:/home/autoware/Autoware/install/lanelet2_extension:/home/autoware/Autoware/install/vector_map:/home/autoware/Autoware/install/amathutils_lib:/home/autoware/Autoware/install/vector_map_msgs:/home/autoware/Autoware/install/autoware_msgs:/home/autoware/Autoware/install/autoware_lanelet2_msgs:/home/autoware/Autoware/install/autoware_build_flags:${CMAKE_PREFIX_PATH} LD_LIBRARY_PATH=/home/autoware/Autoware/install/lanelet2_extension/lib:/home/autoware/Autoware/install/vector_map/lib:/home/autoware/Autoware/install/amathutils_lib/lib:${LD_LIBRARY_PATH} PKG_CONFIG_PATH=/home/autoware/Autoware/install/vector_map_server/lib/x86_64-linux-gnu/pkgconfig:/home/autoware/Autoware/install/vector_map_server/lib/pkgconfig:/home/autoware/Autoware/install/libvectormap/lib/x86_64-linux-gnu/pkgconfig:/home/autoware/Autoware/install/libvectormap/lib/pkgconfig:/home/autoware/Autoware/install/lanelet2_extension/lib/x86_64-linux-gnu/pkgconfig:/home/autoware/Autoware/install/lanelet2_extension/lib/pkgconfig:/home/autoware/Autoware/install/vector_map/lib/x86_64-linux-gnu/pkgconfig:/home/autoware/Autoware/install/vector_map/lib/pkgconfig:/home/autoware/Autoware/install/amathutils_lib/lib/x86_64-linux-gnu/pkgconfig:/home/autoware/Autoware/install/amathutils_lib/lib/pkgconfig:/home/autoware/Autoware/install/vector_map_msgs/lib/x86_64-linux-gnu/pkgconfig:/home/autoware/Autoware/install/vector_map_msgs/lib/pkgconfig:/home/autoware/Autoware/install/autoware_msgs/lib/x86_64-linux-gnu/pkgconfig:/home/autoware/Autoware/install/autoware_msgs/lib/pkgconfig:/home/autoware/Autoware/install/autoware_lanelet2_msgs/lib/x86_64-linux-gnu/pkgconfig:/home/autoware/Autoware/install/autoware_lanelet2_msgs/lib/pkgconfig:/home/autoware/Autoware/install/autoware_build_flags/lib/x86_64-linux-gnu/pkgconfig:/home/autoware/Autoware/install/autoware_build_flags/lib/pkgconfig:${PKG_CONFIG_PATH} PYTHONPATH=/home/autoware/Autoware/install/vector_map_server/lib/python2.7/dist-packages:/home/autoware/Autoware/install/vector_map_msgs/lib/python2.7/dist-packages:/home/autoware/Autoware/install/autoware_msgs/lib/python2.7/dist-packages:/home/autoware/Autoware/install/autoware_lanelet2_msgs/lib/python2.7/dist-packages:${PYTHONPATH} ROS_PACKAGE_PATH=/home/autoware/Autoware/install/vector_map_server/share:/home/autoware/Autoware/install/libvectormap/share:/home/autoware/Autoware/install/lanelet2_extension/share:/home/autoware/Autoware/install/vector_map/share:/home/autoware/Autoware/install/amathutils_lib/share:/home/autoware/Autoware/install/vector_map_msgs/share:/home/autoware/Autoware/install/autoware_msgs/share:/home/autoware/Autoware/install/autoware_lanelet2_msgs/share:/home/autoware/Autoware/install/autoware_build_flags/share:${ROS_PACKAGE_PATH} /usr/bin/cmake --build /home/autoware/Autoware/build/trafficlight_recognizer --target tests -- -j32 -l32
[2.842s] [  0%] Built target vector_map_msgs_generate_messages_nodejs
[2.851s] [  0%] Built target vector_map_server_generate_messages_nodejs
[2.853s] [  0%] Built target visualization_msgs_generate_messages_py
[2.853s] [  0%] Built target sensor_msgs_generate_messages_cpp
[2.858s] [  0%] Built target sensor_msgs_generate_messages_nodejs
[2.858s] [  0%] Built target std_msgs_generate_messages_nodejs
[2.858s] [  0%] Built target jsk_recognition_msgs_generate_messages_lisp
[2.858s] [  0%] Built target _catkin_empty_exported_target
[2.858s] [  0%] Built target sensor_msgs_generate_messages_eus
[2.858s] [  0%] Built target sensor_msgs_generate_messages_py
[2.858s] [  0%] Built target vector_map_msgs_generate_messages_lisp
[2.858s] [  0%] Built target rosgraph_msgs_generate_messages_cpp
[2.860s] [  0%] Built target rosgraph_msgs_generate_messages_eus
[2.861s] [  0%] Built target vector_map_msgs_generate_messages_py
[2.861s] [  0%] Built target jsk_recognition_msgs_generate_messages_eus
[2.862s] [  0%] Built target vector_map_msgs_generate_messages_eus
[2.864s] [  0%] Built target pcl_msgs_generate_messages_nodejs
[2.866s] [  0%] Built target roscpp_generate_messages_cpp
[2.867s] [  0%] Built target pcl_msgs_generate_messages_eus
[2.868s] [  0%] Built target vector_map_server_generate_messages_cpp
[2.869s] [  0%] Built target jsk_recognition_msgs_generate_messages_py
[2.871s] [  0%] Built target vector_map_msgs_generate_messages_cpp
[2.873s] [  0%] Built target tf2_msgs_generate_messages_cpp
[2.874s] [ 28%] Built target gtest
[2.875s] [ 28%] Built target autoware_msgs_generate_messages_py
[2.877s] [ 28%] Built target visualization_msgs_generate_messages_eus
[2.877s] [ 28%] Built target visualization_msgs_generate_messages_nodejs
[2.882s] [ 28%] Built target autoware_msgs_generate_messages_cpp
[2.889s] [ 28%] Built target sensor_msgs_generate_messages_lisp
[2.891s] [ 28%] Built target actionlib_generate_messages_cpp
[2.894s] [ 28%] Built target vector_map_server_generate_messages_eus
[2.899s] [ 28%] Built target jsk_recognition_msgs_generate_messages_cpp
[2.900s] [ 28%] Built target tf_generate_messages_py
[2.908s] [ 28%] Built target std_msgs_generate_messages_cpp
[2.916s] [ 28%] Built target geometry_msgs_generate_messages_eus
[2.917s] [ 28%] Built target std_msgs_generate_messages_py
[2.931s] [ 28%] Built target jsk_footstep_msgs_generate_messages_py
[2.931s] [ 28%] Built target actionlib_msgs_generate_messages_nodejs
[2.931s] [ 28%] Built target geometry_msgs_generate_messages_lisp
[2.931s] [ 28%] Built target jsk_footstep_msgs_generate_messages_cpp
[2.931s] [ 28%] Built target pcl_msgs_generate_messages_cpp
[2.931s] [ 28%] Built target std_msgs_generate_messages_lisp
[2.931s] [ 28%] Built target std_msgs_generate_messages_eus
[2.932s] [ 28%] Built target tf_generate_messages_lisp
[2.932s] [ 28%] Built target actionlib_msgs_generate_messages_py
[2.935s] [ 28%] Built target actionlib_msgs_generate_messages_cpp
[2.935s] [ 28%] Built target autoware_msgs_generate_messages_lisp
[2.941s] [ 28%] Built target jsk_footstep_msgs_generate_messages_eus
[2.942s] [ 28%] Built target geometry_msgs_generate_messages_py
[2.943s] [ 28%] Built target visualization_msgs_generate_messages_lisp
[2.944s] [ 28%] Built target vector_map_server_generate_messages_lisp
[2.944s] [ 28%] Built target geometry_msgs_generate_messages_nodejs
[2.947s] [ 28%] Built target jsk_footstep_msgs_generate_messages_lisp
[2.951s] [ 28%] Built target tf_generate_messages_eus
[2.961s] [ 28%] Built target actionlib_msgs_generate_messages_lisp
[2.963s] [ 28%] Built target autoware_lanelet2_msgs_generate_messages_cpp
[3.001s] [ 28%] Built target tf_generate_messages_nodejs
[3.002s] [ 28%] Built target roscpp_generate_messages_nodejs
[3.002s] [ 28%] Built target jsk_footstep_msgs_generate_messages_nodejs
[3.002s] [ 28%] Built target autoware_msgs_generate_messages_eus
[3.002s] [ 28%] Built target rosgraph_msgs_generate_messages_py
[3.002s] [ 28%] Built target rosgraph_msgs_generate_messages_lisp
[3.002s] [ 28%] Built target autoware_msgs_generate_messages_nodejs
[3.002s] [ 28%] Built target autoware_lanelet2_msgs_generate_messages_py
[3.002s] [ 28%] Built target jsk_recognition_msgs_generate_messages_nodejs
[3.015s] [ 28%] Built target roscpp_generate_messages_lisp
[3.017s] [ 28%] Built target roscpp_generate_messages_eus
[3.018s] [ 28%] Built target tf_generate_messages_cpp
[3.018s] [ 28%] Built target actionlib_generate_messages_nodejs
[3.033s] [ 28%] Built target pcl_msgs_generate_messages_py
[3.033s] [ 28%] Built target actionlib_generate_messages_py
[3.034s] [ 28%] Built target tf2_msgs_generate_messages_nodejs
[3.039s] [ 28%] Built target geometry_msgs_generate_messages_cpp
[3.044s] [ 28%] Built target tf2_msgs_generate_messages_eus
[3.045s] [ 28%] Built target rosgraph_msgs_generate_messages_nodejs
[3.046s] [ 28%] Built target tf2_msgs_generate_messages_py
[3.048s] [ 28%] Built target pcl_msgs_generate_messages_lisp
[3.056s] [ 28%] Built target tf2_msgs_generate_messages_lisp
[3.056s] [ 28%] Built target visualization_msgs_generate_messages_cpp
[3.062s] [ 28%] Built target autoware_lanelet2_msgs_generate_messages_nodejs
[3.070s] [ 28%] Built target autoware_lanelet2_msgs_generate_messages_lisp
[3.071s] [ 28%] Built target actionlib_generate_messages_eus
[3.072s] [ 28%] Built target vector_map_server_generate_messages_py
[3.072s] [ 28%] Built target roscpp_generate_messages_py
[3.076s] [ 28%] Built target actionlib_msgs_generate_messages_eus
[3.080s] [ 28%] Built target actionlib_generate_messages_lisp
[3.080s] [ 28%] Built target autoware_lanelet2_msgs_generate_messages_eus
[3.161s] [ 42%] Automatic MOC, UIC and RCC for target test-feat_proj_lanelet2
[3.199s] [ 42%] Built target test-feat_proj_lanelet2_autogen
[3.264s] [100%] Built target test-feat_proj_lanelet2
[3.290s] [100%] Built target tests
[3.308s] Invoked command in '/home/autoware/Autoware/build/trafficlight_recognizer' returned '0': CMAKE_PREFIX_PATH=/home/autoware/Autoware/install/vector_map_server:/home/autoware/Autoware/install/libvectormap:/home/autoware/Autoware/install/lanelet2_extension:/home/autoware/Autoware/install/vector_map:/home/autoware/Autoware/install/amathutils_lib:/home/autoware/Autoware/install/vector_map_msgs:/home/autoware/Autoware/install/autoware_msgs:/home/autoware/Autoware/install/autoware_lanelet2_msgs:/home/autoware/Autoware/install/autoware_build_flags:${CMAKE_PREFIX_PATH} LD_LIBRARY_PATH=/home/autoware/Autoware/install/lanelet2_extension/lib:/home/autoware/Autoware/install/vector_map/lib:/home/autoware/Autoware/install/amathutils_lib/lib:${LD_LIBRARY_PATH} PKG_CONFIG_PATH=/home/autoware/Autoware/install/vector_map_server/lib/x86_64-linux-gnu/pkgconfig:/home/autoware/Autoware/install/vector_map_server/lib/pkgconfig:/home/autoware/Autoware/install/libvectormap/lib/x86_64-linux-gnu/pkgconfig:/home/autoware/Autoware/install/libvectormap/lib/pkgconfig:/home/autoware/Autoware/install/lanelet2_extension/lib/x86_64-linux-gnu/pkgconfig:/home/autoware/Autoware/install/lanelet2_extension/lib/pkgconfig:/home/autoware/Autoware/install/vector_map/lib/x86_64-linux-gnu/pkgconfig:/home/autoware/Autoware/install/vector_map/lib/pkgconfig:/home/autoware/Autoware/install/amathutils_lib/lib/x86_64-linux-gnu/pkgconfig:/home/autoware/Autoware/install/amathutils_lib/lib/pkgconfig:/home/autoware/Autoware/install/vector_map_msgs/lib/x86_64-linux-gnu/pkgconfig:/home/autoware/Autoware/install/vector_map_msgs/lib/pkgconfig:/home/autoware/Autoware/install/autoware_msgs/lib/x86_64-linux-gnu/pkgconfig:/home/autoware/Autoware/install/autoware_msgs/lib/pkgconfig:/home/autoware/Autoware/install/autoware_lanelet2_msgs/lib/x86_64-linux-gnu/pkgconfig:/home/autoware/Autoware/install/autoware_lanelet2_msgs/lib/pkgconfig:/home/autoware/Autoware/install/autoware_build_flags/lib/x86_64-linux-gnu/pkgconfig:/home/autoware/Autoware/install/autoware_build_flags/lib/pkgconfig:${PKG_CONFIG_PATH} PYTHONPATH=/home/autoware/Autoware/install/vector_map_server/lib/python2.7/dist-packages:/home/autoware/Autoware/install/vector_map_msgs/lib/python2.7/dist-packages:/home/autoware/Autoware/install/autoware_msgs/lib/python2.7/dist-packages:/home/autoware/Autoware/install/autoware_lanelet2_msgs/lib/python2.7/dist-packages:${PYTHONPATH} ROS_PACKAGE_PATH=/home/autoware/Autoware/install/vector_map_server/share:/home/autoware/Autoware/install/libvectormap/share:/home/autoware/Autoware/install/lanelet2_extension/share:/home/autoware/Autoware/install/vector_map/share:/home/autoware/Autoware/install/amathutils_lib/share:/home/autoware/Autoware/install/vector_map_msgs/share:/home/autoware/Autoware/install/autoware_msgs/share:/home/autoware/Autoware/install/autoware_lanelet2_msgs/share:/home/autoware/Autoware/install/autoware_build_flags/share:${ROS_PACKAGE_PATH} /usr/bin/cmake --build /home/autoware/Autoware/build/trafficlight_recognizer --target tests -- -j32 -l32
[4.015s] Invoking command in '/home/autoware/Autoware/build/trafficlight_recognizer': CMAKE_PREFIX_PATH=/home/autoware/Autoware/install/vector_map_server:/home/autoware/Autoware/install/libvectormap:/home/autoware/Autoware/install/lanelet2_extension:/home/autoware/Autoware/install/vector_map:/home/autoware/Autoware/install/amathutils_lib:/home/autoware/Autoware/install/vector_map_msgs:/home/autoware/Autoware/install/autoware_msgs:/home/autoware/Autoware/install/autoware_lanelet2_msgs:/home/autoware/Autoware/install/autoware_build_flags:${CMAKE_PREFIX_PATH} LD_LIBRARY_PATH=/home/autoware/Autoware/install/lanelet2_extension/lib:/home/autoware/Autoware/install/vector_map/lib:/home/autoware/Autoware/install/amathutils_lib/lib:${LD_LIBRARY_PATH} PKG_CONFIG_PATH=/home/autoware/Autoware/install/vector_map_server/lib/x86_64-linux-gnu/pkgconfig:/home/autoware/Autoware/install/vector_map_server/lib/pkgconfig:/home/autoware/Autoware/install/libvectormap/lib/x86_64-linux-gnu/pkgconfig:/home/autoware/Autoware/install/libvectormap/lib/pkgconfig:/home/autoware/Autoware/install/lanelet2_extension/lib/x86_64-linux-gnu/pkgconfig:/home/autoware/Autoware/install/lanelet2_extension/lib/pkgconfig:/home/autoware/Autoware/install/vector_map/lib/x86_64-linux-gnu/pkgconfig:/home/autoware/Autoware/install/vector_map/lib/pkgconfig:/home/autoware/Autoware/install/amathutils_lib/lib/x86_64-linux-gnu/pkgconfig:/home/autoware/Autoware/install/amathutils_lib/lib/pkgconfig:/home/autoware/Autoware/install/vector_map_msgs/lib/x86_64-linux-gnu/pkgconfig:/home/autoware/Autoware/install/vector_map_msgs/lib/pkgconfig:/home/autoware/Autoware/install/autoware_msgs/lib/x86_64-linux-gnu/pkgconfig:/home/autoware/Autoware/install/autoware_msgs/lib/pkgconfig:/home/autoware/Autoware/install/autoware_lanelet2_msgs/lib/x86_64-linux-gnu/pkgconfig:/home/autoware/Autoware/install/autoware_lanelet2_msgs/lib/pkgconfig:/home/autoware/Autoware/install/autoware_build_flags/lib/x86_64-linux-gnu/pkgconfig:/home/autoware/Autoware/install/autoware_build_flags/lib/pkgconfig:${PKG_CONFIG_PATH} PYTHONPATH=/home/autoware/Autoware/install/vector_map_server/lib/python2.7/dist-packages:/home/autoware/Autoware/install/vector_map_msgs/lib/python2.7/dist-packages:/home/autoware/Autoware/install/autoware_msgs/lib/python2.7/dist-packages:/home/autoware/Autoware/install/autoware_lanelet2_msgs/lib/python2.7/dist-packages:${PYTHONPATH} ROS_PACKAGE_PATH=/home/autoware/Autoware/install/vector_map_server/share:/home/autoware/Autoware/install/libvectormap/share:/home/autoware/Autoware/install/lanelet2_extension/share:/home/autoware/Autoware/install/vector_map/share:/home/autoware/Autoware/install/amathutils_lib/share:/home/autoware/Autoware/install/vector_map_msgs/share:/home/autoware/Autoware/install/autoware_msgs/share:/home/autoware/Autoware/install/autoware_lanelet2_msgs/share:/home/autoware/Autoware/install/autoware_build_flags/share:${ROS_PACKAGE_PATH} /usr/bin/cmake --build /home/autoware/Autoware/build/trafficlight_recognizer --target install -- -j32 -l32
[4.198s] [  0%] Built target autoware_lanelet2_msgs_generate_messages_nodejs
[4.198s] [  0%] Built target visualization_msgs_generate_messages_nodejs
[4.198s] [  0%] Built target vector_map_msgs_generate_messages_eus
[4.198s] [  0%] Built target vector_map_msgs_generate_messages_nodejs
[4.198s] [  0%] Built target actionlib_generate_messages_cpp
[4.198s] [  0%] Built target _catkin_empty_exported_target
[4.200s] [  0%] Built target sensor_msgs_generate_messages_nodejs
[4.200s] [  0%] Built target autoware_msgs_generate_messages_cpp
[4.200s] [  0%] Built target sensor_msgs_generate_messages_lisp
[4.200s] [  0%] Built target jsk_recognition_msgs_generate_messages_lisp
[4.200s] [  0%] Built target rosgraph_msgs_generate_messages_eus
[4.200s] [  0%] Built target rosgraph_msgs_generate_messages_cpp
[4.200s] [  0%] Built target vector_map_msgs_generate_messages_lisp
[4.200s] [  0%] Built target visualization_msgs_generate_messages_py
[4.200s] [  0%] Built target visualization_msgs_generate_messages_eus
[4.200s] [  0%] Built target jsk_recognition_msgs_generate_messages_eus
[4.200s] [  2%] Automatic MOC, UIC and RCC for target label_maker
[4.200s] [  2%] Built target autoware_msgs_generate_messages_py
[4.201s] [  2%] Built target jsk_recognition_msgs_generate_messages_py
[4.201s] [  2%] Built target vector_map_msgs_generate_messages_cpp
[4.201s] [  2%] Built target vector_map_msgs_generate_messages_py
[4.201s] [  2%] Built target vector_map_server_generate_messages_nodejs
[4.201s] [  2%] Built target vector_map_server_generate_messages_eus
[4.201s] [  2%] Built target pcl_msgs_generate_messages_nodejs
[4.201s] [  2%] Built target roscpp_generate_messages_cpp
[4.201s] [  2%] Built target tf2_msgs_generate_messages_cpp
[4.203s] [  2%] Built target std_msgs_generate_messages_nodejs
[4.204s] [  2%] Built target std_msgs_generate_messages_py
[4.206s] [  2%] Built target pcl_msgs_generate_messages_eus
[4.214s] [  2%] Built target actionlib_msgs_generate_messages_nodejs
[4.214s] [  2%] Built target std_msgs_generate_messages_cpp
[4.235s] [  2%] Built target sensor_msgs_generate_messages_cpp
[4.239s] [  2%] Built target geometry_msgs_generate_messages_nodejs
[4.259s] [  2%] Built target tf_generate_messages_py
[4.259s] [  2%] Built target vector_map_server_generate_messages_cpp
[4.261s] [  2%] Built target std_msgs_generate_messages_lisp
[4.272s] [  2%] Built target jsk_recognition_msgs_generate_messages_cpp
[4.272s] [  2%] Built target actionlib_msgs_generate_messages_lisp
[4.272s] [  2%] Built target jsk_footstep_msgs_generate_messages_eus
[4.285s] [  2%] Built target visualization_msgs_generate_messages_lisp
[4.285s] [  2%] Built target label_maker_autogen
[4.286s] [  2%] Built target roscpp_generate_messages_nodejs
[4.286s] [  2%] Built target jsk_footstep_msgs_generate_messages_py
[4.292s] [  2%] Built target geometry_msgs_generate_messages_eus
[4.295s] [  2%] Built target jsk_footstep_msgs_generate_messages_cpp
[4.296s] [  2%] Built target actionlib_msgs_generate_messages_py
[4.300s] [  2%] Built target jsk_recognition_msgs_generate_messages_nodejs
[4.304s] [  2%] Built target sensor_msgs_generate_messages_py
[4.304s] [  2%] Built target sensor_msgs_generate_messages_eus
[4.306s] [  2%] Built target geometry_msgs_generate_messages_lisp
[4.306s] [  2%] Built target autoware_msgs_generate_messages_eus
[4.307s] [  2%] Built target autoware_lanelet2_msgs_generate_messages_cpp
[4.308s] [  2%] Built target jsk_footstep_msgs_generate_messages_nodejs
[4.328s] [  2%] Built target actionlib_msgs_generate_messages_cpp
[4.329s] [  2%] Built target geometry_msgs_generate_messages_py
[4.329s] [  2%] Built target autoware_msgs_generate_messages_lisp
[4.329s] [  2%] Built target tf_generate_messages_lisp
[4.330s] [  2%] Built target tf_generate_messages_eus
[4.330s] [  2%] Built target vector_map_server_generate_messages_lisp
[4.332s] [  2%] Built target roscpp_generate_messages_lisp
[4.333s] [  2%] Built target pcl_msgs_generate_messages_cpp
[4.344s] [  2%] Built target rosgraph_msgs_generate_messages_lisp
[4.346s] [  2%] Built target rosgraph_msgs_generate_messages_nodejs
[4.346s] [  2%] Built target autoware_lanelet2_msgs_generate_messages_py
[4.346s] [  2%] Built target jsk_footstep_msgs_generate_messages_lisp
[4.350s] [  2%] Built target std_msgs_generate_messages_eus
[4.352s] [  2%] Built target actionlib_msgs_generate_messages_eus
[4.379s] [  2%] Built target roscpp_generate_messages_eus
[4.379s] [  2%] Built target autoware_msgs_generate_messages_nodejs
[4.379s] [  2%] Built target vector_map_server_generate_messages_py
[4.379s] [  2%] Built target tf_generate_messages_nodejs
[4.385s] [  2%] Built target actionlib_generate_messages_py
[4.390s] [  2%] Built target tf2_msgs_generate_messages_py
[4.390s] [  2%] Built target autoware_lanelet2_msgs_generate_messages_eus
[4.392s] [  2%] Built target visualization_msgs_generate_messages_cpp
[4.394s] [  2%] Built target actionlib_generate_messages_nodejs
[4.396s] [  2%] Built target tf2_msgs_generate_messages_eus
[4.398s] [  2%] Built target rosgraph_msgs_generate_messages_py
[4.399s] [  2%] Built target autoware_lanelet2_msgs_generate_messages_lisp
[4.401s] [  2%] Built target actionlib_generate_messages_eus
[4.402s] [  2%] Built target actionlib_generate_messages_lisp
[4.408s] [  2%] Built target pcl_msgs_generate_messages_py
[4.408s] [  2%] Built target tf2_msgs_generate_messages_lisp
[4.414s] [  2%] Built target geometry_msgs_generate_messages_cpp
[4.414s] [  2%] Built target roscpp_generate_messages_py
[4.415s] [  2%] Built target tf_generate_messages_cpp
[4.416s] [  2%] Built target tf2_msgs_generate_messages_nodejs
[4.431s] [  2%] Built target pcl_msgs_generate_messages_lisp
[4.503s] [ 19%] Built target label_maker
[4.508s] [ 21%] Automatic MOC, UIC and RCC for target tl_switch
[4.514s] [ 24%] Automatic MOC, UIC and RCC for target tlr_tuner
[4.524s] [ 26%] Automatic MOC, UIC and RCC for target feat_proj
[4.558s] [ 29%] Automatic MOC, UIC and RCC for target feat_proj_lanelet2
[4.559s] [ 31%] Automatic MOC, UIC and RCC for target libcontext
[4.596s] [ 31%] Built target feat_proj_autogen
[4.606s] [ 31%] Built target tlr_tuner_autogen
[4.627s] [ 31%] Built target tl_switch_autogen
[4.656s] [ 31%] Built target feat_proj_lanelet2_autogen
[4.666s] [ 31%] Built target libcontext_autogen
[4.764s] [ 39%] Built target tl_switch
[4.764s] [ 46%] Built target feat_proj
[4.776s] [ 60%] Built target tlr_tuner
[4.785s] [ 70%] Built target feat_proj_lanelet2
[4.789s] [ 78%] Built target libcontext
[4.882s] [ 80%] Automatic MOC, UIC and RCC for target region_tlr
[4.885s] [ 82%] Automatic MOC, UIC and RCC for target roi_extractor
[4.905s] [ 82%] Built target region_tlr_autogen
[4.915s] [ 82%] Built target roi_extractor_autogen
[4.942s] [ 90%] Built target roi_extractor
[4.944s] [100%] Built target region_tlr
[4.974s] Install the project...
[4.986s] -- Install configuration: "Release"
[4.987s] -- Up-to-date: /home/autoware/Autoware/install/trafficlight_recognizer/lib/pkgconfig/trafficlight_recognizer.pc
[4.988s] -- Up-to-date: /home/autoware/Autoware/install/trafficlight_recognizer/share/trafficlight_recognizer/cmake/trafficlight_recognizerConfig.cmake
[4.989s] -- Up-to-date: /home/autoware/Autoware/install/trafficlight_recognizer/share/trafficlight_recognizer/cmake/trafficlight_recognizerConfig-version.cmake
[4.989s] -- Up-to-date: /home/autoware/Autoware/install/trafficlight_recognizer/share/trafficlight_recognizer/package.xml
[4.990s] -- Up-to-date: /home/autoware/Autoware/install/trafficlight_recognizer/lib/trafficlight_recognizer/region_tlr
[4.992s] -- Up-to-date: /home/autoware/Autoware/install/trafficlight_recognizer/lib/trafficlight_recognizer/feat_proj
[4.993s] -- Up-to-date: /home/autoware/Autoware/install/trafficlight_recognizer/lib/trafficlight_recognizer/tlr_tuner
[4.995s] -- Up-to-date: /home/autoware/Autoware/install/trafficlight_recognizer/lib/trafficlight_recognizer/feat_proj_lanelet2
[4.997s] -- Up-to-date: /home/autoware/Autoware/install/trafficlight_recognizer/lib/trafficlight_recognizer/roi_extractor
[4.998s] -- Up-to-date: /home/autoware/Autoware/install/trafficlight_recognizer/lib/trafficlight_recognizer/label_maker
[5.000s] -- Up-to-date: /home/autoware/Autoware/install/trafficlight_recognizer/lib/liblibcontext.so
[5.000s] -- Up-to-date: /home/autoware/Autoware/install/trafficlight_recognizer/lib/trafficlight_recognizer/tl_switch
[5.001s] -- Up-to-date: /home/autoware/Autoware/install/trafficlight_recognizer/include/trafficlight_recognizer/include
[5.002s] -- Up-to-date: /home/autoware/Autoware/install/trafficlight_recognizer/include/trafficlight_recognizer/include/trafficlight_recognizer
[5.002s] -- Up-to-date: /home/autoware/Autoware/install/trafficlight_recognizer/include/trafficlight_recognizer/include/trafficlight_recognizer/region_tlr_ssd
[5.002s] -- Up-to-date: /home/autoware/Autoware/install/trafficlight_recognizer/include/trafficlight_recognizer/include/trafficlight_recognizer/region_tlr_ssd/traffic_light_recognizer.h
[5.003s] -- Up-to-date: /home/autoware/Autoware/install/trafficlight_recognizer/include/trafficlight_recognizer/include/trafficlight_recognizer/region_tlr_ssd/region_tlr_ssd.h
[5.004s] -- Up-to-date: /home/autoware/Autoware/install/trafficlight_recognizer/include/trafficlight_recognizer/include/trafficlight_recognizer/feat_proj_lanelet2
[5.004s] -- Up-to-date: /home/autoware/Autoware/install/trafficlight_recognizer/include/trafficlight_recognizer/include/trafficlight_recognizer/feat_proj_lanelet2/feat_proj_lanelet2_core.h
[5.005s] -- Up-to-date: /home/autoware/Autoware/install/trafficlight_recognizer/include/trafficlight_recognizer/include/trafficlight_recognizer/roi_extractor
[5.005s] -- Up-to-date: /home/autoware/Autoware/install/trafficlight_recognizer/include/trafficlight_recognizer/include/trafficlight_recognizer/roi_extractor/roi_extractor.h
[5.006s] -- Up-to-date: /home/autoware/Autoware/install/trafficlight_recognizer/include/trafficlight_recognizer/include/trafficlight_recognizer/tlr_tuner
[5.006s] -- Up-to-date: /home/autoware/Autoware/install/trafficlight_recognizer/include/trafficlight_recognizer/include/trafficlight_recognizer/tlr_tuner/tuner_body.h
[5.007s] -- Up-to-date: /home/autoware/Autoware/install/trafficlight_recognizer/include/trafficlight_recognizer/include/trafficlight_recognizer/tlr_tuner/mainwindow.h
[5.027s] -- Up-to-date: /home/autoware/Autoware/install/trafficlight_recognizer/include/trafficlight_recognizer/include/trafficlight_recognizer/rate.h
[5.027s] -- Up-to-date: /home/autoware/Autoware/install/trafficlight_recognizer/include/trafficlight_recognizer/include/trafficlight_recognizer/label_maker
[5.027s] -- Up-to-date: /home/autoware/Autoware/install/trafficlight_recognizer/include/trafficlight_recognizer/include/trafficlight_recognizer/label_maker/custom_graphics_view.h
[5.027s] -- Up-to-date: /home/autoware/Autoware/install/trafficlight_recognizer/include/trafficlight_recognizer/include/trafficlight_recognizer/label_maker/label_maker_gui.h
[5.028s] -- Up-to-date: /home/autoware/Autoware/install/trafficlight_recognizer/include/trafficlight_recognizer/include/trafficlight_recognizer/label_maker/file_system_operator.h
[5.030s] -- Up-to-date: /home/autoware/Autoware/install/trafficlight_recognizer/include/trafficlight_recognizer/include/trafficlight_recognizer/traffic_light.h
[5.030s] -- Up-to-date: /home/autoware/Autoware/install/trafficlight_recognizer/include/trafficlight_recognizer/include/trafficlight_recognizer/region_tlr_mxnet
[5.031s] -- Up-to-date: /home/autoware/Autoware/install/trafficlight_recognizer/include/trafficlight_recognizer/include/trafficlight_recognizer/region_tlr_mxnet/region_tlr_mxnet.h
[5.031s] -- Up-to-date: /home/autoware/Autoware/install/trafficlight_recognizer/include/trafficlight_recognizer/include/trafficlight_recognizer/region_tlr_mxnet/mxnet_traffic_light_recognizer.h
[5.031s] -- Up-to-date: /home/autoware/Autoware/install/trafficlight_recognizer/include/trafficlight_recognizer/include/trafficlight_recognizer/context.h
[5.031s] -- Up-to-date: /home/autoware/Autoware/install/trafficlight_recognizer/include/trafficlight_recognizer/include/trafficlight_recognizer/region_tlr
[5.032s] -- Up-to-date: /home/autoware/Autoware/install/trafficlight_recognizer/include/trafficlight_recognizer/include/trafficlight_recognizer/region_tlr/traffic_light_detector.h
[5.032s] -- Up-to-date: /home/autoware/Autoware/install/trafficlight_recognizer/include/trafficlight_recognizer/include/trafficlight_recognizer/region_tlr/region_tlr.h
[5.032s] -- Up-to-date: /home/autoware/Autoware/install/trafficlight_recognizer/share/trafficlight_recognizer/launch
[5.032s] -- Up-to-date: /home/autoware/Autoware/install/trafficlight_recognizer/share/trafficlight_recognizer/launch/roi_extractor.launch
[5.032s] -- Up-to-date: /home/autoware/Autoware/install/trafficlight_recognizer/share/trafficlight_recognizer/launch/feat_proj_lanelet2.launch
[5.033s] -- Up-to-date: /home/autoware/Autoware/install/trafficlight_recognizer/share/trafficlight_recognizer/launch/feat_proj_option.launch
[5.033s] -- Up-to-date: /home/autoware/Autoware/install/trafficlight_recognizer/share/trafficlight_recognizer/launch/traffic_light_recognition_mxnet.launch
[5.033s] -- Up-to-date: /home/autoware/Autoware/install/trafficlight_recognizer/share/trafficlight_recognizer/launch/traffic_light_recognition_ssd.launch
[5.034s] -- Up-to-date: /home/autoware/Autoware/install/trafficlight_recognizer/share/trafficlight_recognizer/launch/traffic_light_recognition.launch
[5.034s] -- Up-to-date: /home/autoware/Autoware/install/trafficlight_recognizer/share/trafficlight_recognizer/launch/feat_proj.launch
[5.036s] Invoked command in '/home/autoware/Autoware/build/trafficlight_recognizer' returned '0': CMAKE_PREFIX_PATH=/home/autoware/Autoware/install/vector_map_server:/home/autoware/Autoware/install/libvectormap:/home/autoware/Autoware/install/lanelet2_extension:/home/autoware/Autoware/install/vector_map:/home/autoware/Autoware/install/amathutils_lib:/home/autoware/Autoware/install/vector_map_msgs:/home/autoware/Autoware/install/autoware_msgs:/home/autoware/Autoware/install/autoware_lanelet2_msgs:/home/autoware/Autoware/install/autoware_build_flags:${CMAKE_PREFIX_PATH} LD_LIBRARY_PATH=/home/autoware/Autoware/install/lanelet2_extension/lib:/home/autoware/Autoware/install/vector_map/lib:/home/autoware/Autoware/install/amathutils_lib/lib:${LD_LIBRARY_PATH} PKG_CONFIG_PATH=/home/autoware/Autoware/install/vector_map_server/lib/x86_64-linux-gnu/pkgconfig:/home/autoware/Autoware/install/vector_map_server/lib/pkgconfig:/home/autoware/Autoware/install/libvectormap/lib/x86_64-linux-gnu/pkgconfig:/home/autoware/Autoware/install/libvectormap/lib/pkgconfig:/home/autoware/Autoware/install/lanelet2_extension/lib/x86_64-linux-gnu/pkgconfig:/home/autoware/Autoware/install/lanelet2_extension/lib/pkgconfig:/home/autoware/Autoware/install/vector_map/lib/x86_64-linux-gnu/pkgconfig:/home/autoware/Autoware/install/vector_map/lib/pkgconfig:/home/autoware/Autoware/install/amathutils_lib/lib/x86_64-linux-gnu/pkgconfig:/home/autoware/Autoware/install/amathutils_lib/lib/pkgconfig:/home/autoware/Autoware/install/vector_map_msgs/lib/x86_64-linux-gnu/pkgconfig:/home/autoware/Autoware/install/vector_map_msgs/lib/pkgconfig:/home/autoware/Autoware/install/autoware_msgs/lib/x86_64-linux-gnu/pkgconfig:/home/autoware/Autoware/install/autoware_msgs/lib/pkgconfig:/home/autoware/Autoware/install/autoware_lanelet2_msgs/lib/x86_64-linux-gnu/pkgconfig:/home/autoware/Autoware/install/autoware_lanelet2_msgs/lib/pkgconfig:/home/autoware/Autoware/install/autoware_build_flags/lib/x86_64-linux-gnu/pkgconfig:/home/autoware/Autoware/install/autoware_build_flags/lib/pkgconfig:${PKG_CONFIG_PATH} PYTHONPATH=/home/autoware/Autoware/install/vector_map_server/lib/python2.7/dist-packages:/home/autoware/Autoware/install/vector_map_msgs/lib/python2.7/dist-packages:/home/autoware/Autoware/install/autoware_msgs/lib/python2.7/dist-packages:/home/autoware/Autoware/install/autoware_lanelet2_msgs/lib/python2.7/dist-packages:${PYTHONPATH} ROS_PACKAGE_PATH=/home/autoware/Autoware/install/vector_map_server/share:/home/autoware/Autoware/install/libvectormap/share:/home/autoware/Autoware/install/lanelet2_extension/share:/home/autoware/Autoware/install/vector_map/share:/home/autoware/Autoware/install/amathutils_lib/share:/home/autoware/Autoware/install/vector_map_msgs/share:/home/autoware/Autoware/install/autoware_msgs/share:/home/autoware/Autoware/install/autoware_lanelet2_msgs/share:/home/autoware/Autoware/install/autoware_build_flags/share:${ROS_PACKAGE_PATH} /usr/bin/cmake --build /home/autoware/Autoware/build/trafficlight_recognizer --target install -- -j32 -l32
