[0.077s] Invoking command in '/home/autoware/Autoware/build/op_utilities': CMAKE_PREFIX_PATH=/home/autoware/Autoware/install/op_ros_helpers:/home/autoware/Autoware/install/op_simu:/home/autoware/Autoware/install/op_planner:/home/autoware/Autoware/install/op_utility:/home/autoware/Autoware/install/map_file:/home/autoware/Autoware/install/vector_map_server:/home/autoware/Autoware/install/libwaypoint_follower:/home/autoware/Autoware/install/lanelet2_extension:/home/autoware/Autoware/install/vector_map:/home/autoware/Autoware/install/amathutils_lib:/home/autoware/Autoware/install/vector_map_msgs:/home/autoware/Autoware/install/autoware_msgs:/home/autoware/Autoware/install/autoware_lanelet2_msgs:/home/autoware/Autoware/install/autoware_build_flags:${CMAKE_PREFIX_PATH} LD_LIBRARY_PATH=/home/autoware/Autoware/install/op_ros_helpers/lib:/home/autoware/Autoware/install/op_simu/lib:/home/autoware/Autoware/install/op_planner/lib:/home/autoware/Autoware/install/op_utility/lib:/home/autoware/Autoware/install/map_file/lib:/home/autoware/Autoware/install/libwaypoint_follower/lib:/home/autoware/Autoware/install/lanelet2_extension/lib:/home/autoware/Autoware/install/vector_map/lib:/home/autoware/Autoware/install/amathutils_lib/lib:${LD_LIBRARY_PATH} PKG_CONFIG_PATH=/home/autoware/Autoware/install/op_ros_helpers/lib/x86_64-linux-gnu/pkgconfig:/home/autoware/Autoware/install/op_ros_helpers/lib/pkgconfig:/home/autoware/Autoware/install/op_simu/lib/x86_64-linux-gnu/pkgconfig:/home/autoware/Autoware/install/op_simu/lib/pkgconfig:/home/autoware/Autoware/install/op_planner/lib/x86_64-linux-gnu/pkgconfig:/home/autoware/Autoware/install/op_planner/lib/pkgconfig:/home/autoware/Autoware/install/op_utility/lib/x86_64-linux-gnu/pkgconfig:/home/autoware/Autoware/install/op_utility/lib/pkgconfig:/home/autoware/Autoware/install/map_file/lib/x86_64-linux-gnu/pkgconfig:/home/autoware/Autoware/install/map_file/lib/pkgconfig:/home/autoware/Autoware/install/vector_map_server/lib/x86_64-linux-gnu/pkgconfig:/home/autoware/Autoware/install/vector_map_server/lib/pkgconfig:/home/autoware/Autoware/install/libwaypoint_follower/lib/x86_64-linux-gnu/pkgconfig:/home/autoware/Autoware/install/libwaypoint_follower/lib/pkgconfig:/home/autoware/Autoware/install/lanelet2_extension/lib/x86_64-linux-gnu/pkgconfig:/home/autoware/Autoware/install/lanelet2_extension/lib/pkgconfig:/home/autoware/Autoware/install/vector_map/lib/x86_64-linux-gnu/pkgconfig:/home/autoware/Autoware/install/vector_map/lib/pkgconfig:/home/autoware/Autoware/install/amathutils_lib/lib/x86_64-linux-gnu/pkgconfig:/home/autoware/Autoware/install/amathutils_lib/lib/pkgconfig:/home/autoware/Autoware/install/vector_map_msgs/lib/x86_64-linux-gnu/pkgconfig:/home/autoware/Autoware/install/vector_map_msgs/lib/pkgconfig:/home/autoware/Autoware/install/autoware_msgs/lib/x86_64-linux-gnu/pkgconfig:/home/autoware/Autoware/install/autoware_msgs/lib/pkgconfig:/home/autoware/Autoware/install/autoware_lanelet2_msgs/lib/x86_64-linux-gnu/pkgconfig:/home/autoware/Autoware/install/autoware_lanelet2_msgs/lib/pkgconfig:/home/autoware/Autoware/install/autoware_build_flags/lib/x86_64-linux-gnu/pkgconfig:/home/autoware/Autoware/install/autoware_build_flags/lib/pkgconfig:${PKG_CONFIG_PATH} PYTHONPATH=/home/autoware/Autoware/install/vector_map_server/lib/python2.7/dist-packages:/home/autoware/Autoware/install/vector_map_msgs/lib/python2.7/dist-packages:/home/autoware/Autoware/install/autoware_msgs/lib/python2.7/dist-packages:/home/autoware/Autoware/install/autoware_lanelet2_msgs/lib/python2.7/dist-packages:${PYTHONPATH} ROS_PACKAGE_PATH=/home/autoware/Autoware/install/op_ros_helpers/share:/home/autoware/Autoware/install/op_simu/share:/home/autoware/Autoware/install/op_planner/share:/home/autoware/Autoware/install/op_utility/share:/home/autoware/Autoware/install/map_file/share:/home/autoware/Autoware/install/vector_map_server/share:/home/autoware/Autoware/install/libwaypoint_follower/share:/home/autoware/Autoware/install/lanelet2_extension/share:/home/autoware/Autoware/install/vector_map/share:/home/autoware/Autoware/install/amathutils_lib/share:/home/autoware/Autoware/install/vector_map_msgs/share:/home/autoware/Autoware/install/autoware_msgs/share:/home/autoware/Autoware/install/autoware_lanelet2_msgs/share:/home/autoware/Autoware/install/autoware_build_flags/share:${ROS_PACKAGE_PATH} /usr/bin/cmake --build /home/autoware/Autoware/build/op_utilities -- -j32 -l32
[0.324s] [  0%] Built target jsk_recognition_msgs_generate_messages_eus
[0.348s] [  0%] Built target topic_tools_generate_messages_cpp
[0.348s] [  0%] Built target tf_generate_messages_nodejs
[0.352s] [  0%] Built target jsk_recognition_msgs_generate_messages_lisp
[0.353s] [  0%] Built target rosgraph_msgs_generate_messages_eus
[0.361s] [  0%] Built target geometry_msgs_generate_messages_py
[0.364s] [  0%] Built target jsk_recognition_msgs_generate_messages_py
[0.379s] [  0%] Built target std_srvs_generate_messages_lisp
[0.389s] [  0%] Built target vector_map_server_generate_messages_nodejs
[0.399s] [ 23%] Built target actionlib_generate_messages_cpp
[0.399s] [ 53%] Built target op_bag_player
[0.400s] [ 53%] Built target autoware_msgs_generate_messages_py
[0.410s] [ 53%] Built target autoware_msgs_generate_messages_cpp
[0.420s] [ 53%] Built target pcl_msgs_generate_messages_eus
[0.447s] [ 53%] Built target std_msgs_generate_messages_nodejs
[0.448s] [ 53%] Built target std_srvs_generate_messages_cpp
[0.448s] [ 53%] Built target vector_map_server_generate_messages_eus
[0.456s] [ 53%] Built target tf_generate_messages_lisp
[0.463s] [ 53%] Built target sensor_msgs_generate_messages_cpp
[0.467s] [ 53%] Built target _catkin_empty_exported_target
[0.471s] [ 53%] Built target sensor_msgs_generate_messages_eus
[0.483s] [ 53%] Built target tf2_msgs_generate_messages_cpp
[0.498s] [ 53%] Built target sensor_msgs_generate_messages_nodejs
[0.535s] [ 53%] Built target visualization_msgs_generate_messages_nodejs
[0.539s] [ 53%] Built target std_srvs_generate_messages_nodejs
[0.546s] [ 53%] Built target rosgraph_msgs_generate_messages_cpp
[0.546s] [ 76%] Built target op_data_logger
[0.550s] [ 76%] Built target std_srvs_generate_messages_py
[0.551s] [ 76%] Built target std_msgs_generate_messages_py
[0.553s] [ 76%] Built target pcl_msgs_generate_messages_nodejs
[0.567s] [ 76%] Built target topic_tools_generate_messages_nodejs
[0.630s] [ 76%] Built target tf_generate_messages_py
[0.630s] [ 76%] Built target topic_tools_generate_messages_eus
[0.630s] [ 76%] Built target sensor_msgs_generate_messages_py
[0.630s] [ 76%] Built target actionlib_msgs_generate_messages_nodejs
[0.630s] [ 76%] Built target std_msgs_generate_messages_cpp
[0.631s] [ 76%] Built target sensor_msgs_generate_messages_lisp
[0.631s] [ 76%] Built target roscpp_generate_messages_nodejs
[0.647s] [ 76%] Built target geometry_msgs_generate_messages_eus
[0.647s] [ 76%] Built target jsk_recognition_msgs_generate_messages_cpp
[0.648s] [ 76%] Built target std_msgs_generate_messages_lisp
[0.655s] [ 76%] Built target geometry_msgs_generate_messages_nodejs
[0.658s] [ 76%] Built target vector_map_msgs_generate_messages_py
[0.689s] [ 76%] Built target pcl_msgs_generate_messages_cpp
[0.695s] [ 76%] Built target actionlib_generate_messages_eus
[0.718s] [ 76%] Built target jsk_footstep_msgs_generate_messages_py
[0.720s] [ 76%] Built target topic_tools_generate_messages_py
[0.722s] [ 76%] Built target tf_generate_messages_eus
[0.731s] [ 76%] Built target geometry_msgs_generate_messages_lisp
[0.732s] [ 76%] Built target vector_map_msgs_generate_messages_lisp
[0.737s] [ 76%] Built target autoware_msgs_generate_messages_nodejs
[0.756s] [ 76%] Built target vector_map_msgs_generate_messages_nodejs
[0.757s] [ 76%] Built target autoware_msgs_generate_messages_lisp
[0.762s] [ 76%] Built target jsk_footstep_msgs_generate_messages_eus
[0.773s] [ 76%] Built target std_msgs_generate_messages_eus
[0.777s] [ 76%] Built target autoware_msgs_generate_messages_eus
[0.790s] [ 76%] Built target jsk_footstep_msgs_generate_messages_nodejs
[0.791s] [ 76%] Built target actionlib_msgs_generate_messages_cpp
[0.796s] [ 76%] Built target actionlib_msgs_generate_messages_py
[0.799s] [ 76%] Built target vector_map_server_generate_messages_lisp
[0.802s] [ 76%] Built target visualization_msgs_generate_messages_lisp
[0.807s] [ 76%] Built target jsk_footstep_msgs_generate_messages_cpp
[0.807s] [ 76%] Built target geometry_msgs_generate_messages_cpp
[0.831s] [ 76%] Built target actionlib_generate_messages_nodejs
[0.835s] [ 76%] Built target topic_tools_generate_messages_lisp
[0.845s] [ 76%] Built target jsk_footstep_msgs_generate_messages_lisp
[0.848s] [ 76%] Built target tf_generate_messages_cpp
[0.867s] [ 76%] Built target pcl_msgs_generate_messages_py
[0.874s] [ 76%] Built target actionlib_msgs_generate_messages_lisp
[0.878s] [ 76%] Built target pcl_msgs_generate_messages_lisp
[0.881s] [ 76%] Built target actionlib_msgs_generate_messages_eus
[0.889s] [ 76%] Built target roscpp_generate_messages_lisp
[0.890s] [ 76%] Built target roscpp_generate_messages_py
[0.892s] [ 76%] Built target std_srvs_generate_messages_eus
[0.895s] [ 76%] Built target jsk_recognition_msgs_generate_messages_nodejs
[0.918s] [ 76%] Built target tf2_msgs_generate_messages_nodejs
[0.924s] [ 76%] Built target vector_map_server_generate_messages_py
[0.931s] [ 76%] Built target rosgraph_msgs_generate_messages_nodejs
[0.932s] [ 76%] Built target tf2_msgs_generate_messages_lisp
[0.932s] [ 76%] Built target rosgraph_msgs_generate_messages_lisp
[0.935s] [ 76%] Built target tf2_msgs_generate_messages_py
[0.941s] [ 76%] Built target tf2_msgs_generate_messages_eus
[0.947s] [ 76%] Built target actionlib_generate_messages_lisp
[0.947s] [ 76%] Built target vector_map_msgs_generate_messages_cpp
[0.950s] [ 76%] Built target roscpp_generate_messages_eus
[0.963s] [ 76%] Built target rosgraph_msgs_generate_messages_py
[0.965s] [ 76%] Built target vector_map_server_generate_messages_cpp
[0.972s] [ 76%] Built target visualization_msgs_generate_messages_eus
[0.978s] [ 76%] Built target visualization_msgs_generate_messages_cpp
[0.984s] [ 76%] Built target roscpp_generate_messages_cpp
[0.987s] [ 76%] Built target vector_map_msgs_generate_messages_eus
[0.988s] [ 76%] Built target actionlib_generate_messages_py
[0.993s] [ 76%] Built target visualization_msgs_generate_messages_py
[1.038s] [100%] Built target op_pose2tf
[1.051s] Invoked command in '/home/autoware/Autoware/build/op_utilities' returned '0': CMAKE_PREFIX_PATH=/home/autoware/Autoware/install/op_ros_helpers:/home/autoware/Autoware/install/op_simu:/home/autoware/Autoware/install/op_planner:/home/autoware/Autoware/install/op_utility:/home/autoware/Autoware/install/map_file:/home/autoware/Autoware/install/vector_map_server:/home/autoware/Autoware/install/libwaypoint_follower:/home/autoware/Autoware/install/lanelet2_extension:/home/autoware/Autoware/install/vector_map:/home/autoware/Autoware/install/amathutils_lib:/home/autoware/Autoware/install/vector_map_msgs:/home/autoware/Autoware/install/autoware_msgs:/home/autoware/Autoware/install/autoware_lanelet2_msgs:/home/autoware/Autoware/install/autoware_build_flags:${CMAKE_PREFIX_PATH} LD_LIBRARY_PATH=/home/autoware/Autoware/install/op_ros_helpers/lib:/home/autoware/Autoware/install/op_simu/lib:/home/autoware/Autoware/install/op_planner/lib:/home/autoware/Autoware/install/op_utility/lib:/home/autoware/Autoware/install/map_file/lib:/home/autoware/Autoware/install/libwaypoint_follower/lib:/home/autoware/Autoware/install/lanelet2_extension/lib:/home/autoware/Autoware/install/vector_map/lib:/home/autoware/Autoware/install/amathutils_lib/lib:${LD_LIBRARY_PATH} PKG_CONFIG_PATH=/home/autoware/Autoware/install/op_ros_helpers/lib/x86_64-linux-gnu/pkgconfig:/home/autoware/Autoware/install/op_ros_helpers/lib/pkgconfig:/home/autoware/Autoware/install/op_simu/lib/x86_64-linux-gnu/pkgconfig:/home/autoware/Autoware/install/op_simu/lib/pkgconfig:/home/autoware/Autoware/install/op_planner/lib/x86_64-linux-gnu/pkgconfig:/home/autoware/Autoware/install/op_planner/lib/pkgconfig:/home/autoware/Autoware/install/op_utility/lib/x86_64-linux-gnu/pkgconfig:/home/autoware/Autoware/install/op_utility/lib/pkgconfig:/home/autoware/Autoware/install/map_file/lib/x86_64-linux-gnu/pkgconfig:/home/autoware/Autoware/install/map_file/lib/pkgconfig:/home/autoware/Autoware/install/vector_map_server/lib/x86_64-linux-gnu/pkgconfig:/home/autoware/Autoware/install/vector_map_server/lib/pkgconfig:/home/autoware/Autoware/install/libwaypoint_follower/lib/x86_64-linux-gnu/pkgconfig:/home/autoware/Autoware/install/libwaypoint_follower/lib/pkgconfig:/home/autoware/Autoware/install/lanelet2_extension/lib/x86_64-linux-gnu/pkgconfig:/home/autoware/Autoware/install/lanelet2_extension/lib/pkgconfig:/home/autoware/Autoware/install/vector_map/lib/x86_64-linux-gnu/pkgconfig:/home/autoware/Autoware/install/vector_map/lib/pkgconfig:/home/autoware/Autoware/install/amathutils_lib/lib/x86_64-linux-gnu/pkgconfig:/home/autoware/Autoware/install/amathutils_lib/lib/pkgconfig:/home/autoware/Autoware/install/vector_map_msgs/lib/x86_64-linux-gnu/pkgconfig:/home/autoware/Autoware/install/vector_map_msgs/lib/pkgconfig:/home/autoware/Autoware/install/autoware_msgs/lib/x86_64-linux-gnu/pkgconfig:/home/autoware/Autoware/install/autoware_msgs/lib/pkgconfig:/home/autoware/Autoware/install/autoware_lanelet2_msgs/lib/x86_64-linux-gnu/pkgconfig:/home/autoware/Autoware/install/autoware_lanelet2_msgs/lib/pkgconfig:/home/autoware/Autoware/install/autoware_build_flags/lib/x86_64-linux-gnu/pkgconfig:/home/autoware/Autoware/install/autoware_build_flags/lib/pkgconfig:${PKG_CONFIG_PATH} PYTHONPATH=/home/autoware/Autoware/install/vector_map_server/lib/python2.7/dist-packages:/home/autoware/Autoware/install/vector_map_msgs/lib/python2.7/dist-packages:/home/autoware/Autoware/install/autoware_msgs/lib/python2.7/dist-packages:/home/autoware/Autoware/install/autoware_lanelet2_msgs/lib/python2.7/dist-packages:${PYTHONPATH} ROS_PACKAGE_PATH=/home/autoware/Autoware/install/op_ros_helpers/share:/home/autoware/Autoware/install/op_simu/share:/home/autoware/Autoware/install/op_planner/share:/home/autoware/Autoware/install/op_utility/share:/home/autoware/Autoware/install/map_file/share:/home/autoware/Autoware/install/vector_map_server/share:/home/autoware/Autoware/install/libwaypoint_follower/share:/home/autoware/Autoware/install/lanelet2_extension/share:/home/autoware/Autoware/install/vector_map/share:/home/autoware/Autoware/install/amathutils_lib/share:/home/autoware/Autoware/install/vector_map_msgs/share:/home/autoware/Autoware/install/autoware_msgs/share:/home/autoware/Autoware/install/autoware_lanelet2_msgs/share:/home/autoware/Autoware/install/autoware_build_flags/share:${ROS_PACKAGE_PATH} /usr/bin/cmake --build /home/autoware/Autoware/build/op_utilities -- -j32 -l32
[1.178s] Invoking command in '/home/autoware/Autoware/build/op_utilities': CMAKE_PREFIX_PATH=/home/autoware/Autoware/install/op_ros_helpers:/home/autoware/Autoware/install/op_simu:/home/autoware/Autoware/install/op_planner:/home/autoware/Autoware/install/op_utility:/home/autoware/Autoware/install/map_file:/home/autoware/Autoware/install/vector_map_server:/home/autoware/Autoware/install/libwaypoint_follower:/home/autoware/Autoware/install/lanelet2_extension:/home/autoware/Autoware/install/vector_map:/home/autoware/Autoware/install/amathutils_lib:/home/autoware/Autoware/install/vector_map_msgs:/home/autoware/Autoware/install/autoware_msgs:/home/autoware/Autoware/install/autoware_lanelet2_msgs:/home/autoware/Autoware/install/autoware_build_flags:${CMAKE_PREFIX_PATH} LD_LIBRARY_PATH=/home/autoware/Autoware/install/op_ros_helpers/lib:/home/autoware/Autoware/install/op_simu/lib:/home/autoware/Autoware/install/op_planner/lib:/home/autoware/Autoware/install/op_utility/lib:/home/autoware/Autoware/install/map_file/lib:/home/autoware/Autoware/install/libwaypoint_follower/lib:/home/autoware/Autoware/install/lanelet2_extension/lib:/home/autoware/Autoware/install/vector_map/lib:/home/autoware/Autoware/install/amathutils_lib/lib:${LD_LIBRARY_PATH} PKG_CONFIG_PATH=/home/autoware/Autoware/install/op_ros_helpers/lib/x86_64-linux-gnu/pkgconfig:/home/autoware/Autoware/install/op_ros_helpers/lib/pkgconfig:/home/autoware/Autoware/install/op_simu/lib/x86_64-linux-gnu/pkgconfig:/home/autoware/Autoware/install/op_simu/lib/pkgconfig:/home/autoware/Autoware/install/op_planner/lib/x86_64-linux-gnu/pkgconfig:/home/autoware/Autoware/install/op_planner/lib/pkgconfig:/home/autoware/Autoware/install/op_utility/lib/x86_64-linux-gnu/pkgconfig:/home/autoware/Autoware/install/op_utility/lib/pkgconfig:/home/autoware/Autoware/install/map_file/lib/x86_64-linux-gnu/pkgconfig:/home/autoware/Autoware/install/map_file/lib/pkgconfig:/home/autoware/Autoware/install/vector_map_server/lib/x86_64-linux-gnu/pkgconfig:/home/autoware/Autoware/install/vector_map_server/lib/pkgconfig:/home/autoware/Autoware/install/libwaypoint_follower/lib/x86_64-linux-gnu/pkgconfig:/home/autoware/Autoware/install/libwaypoint_follower/lib/pkgconfig:/home/autoware/Autoware/install/lanelet2_extension/lib/x86_64-linux-gnu/pkgconfig:/home/autoware/Autoware/install/lanelet2_extension/lib/pkgconfig:/home/autoware/Autoware/install/vector_map/lib/x86_64-linux-gnu/pkgconfig:/home/autoware/Autoware/install/vector_map/lib/pkgconfig:/home/autoware/Autoware/install/amathutils_lib/lib/x86_64-linux-gnu/pkgconfig:/home/autoware/Autoware/install/amathutils_lib/lib/pkgconfig:/home/autoware/Autoware/install/vector_map_msgs/lib/x86_64-linux-gnu/pkgconfig:/home/autoware/Autoware/install/vector_map_msgs/lib/pkgconfig:/home/autoware/Autoware/install/autoware_msgs/lib/x86_64-linux-gnu/pkgconfig:/home/autoware/Autoware/install/autoware_msgs/lib/pkgconfig:/home/autoware/Autoware/install/autoware_lanelet2_msgs/lib/x86_64-linux-gnu/pkgconfig:/home/autoware/Autoware/install/autoware_lanelet2_msgs/lib/pkgconfig:/home/autoware/Autoware/install/autoware_build_flags/lib/x86_64-linux-gnu/pkgconfig:/home/autoware/Autoware/install/autoware_build_flags/lib/pkgconfig:${PKG_CONFIG_PATH} PYTHONPATH=/home/autoware/Autoware/install/vector_map_server/lib/python2.7/dist-packages:/home/autoware/Autoware/install/vector_map_msgs/lib/python2.7/dist-packages:/home/autoware/Autoware/install/autoware_msgs/lib/python2.7/dist-packages:/home/autoware/Autoware/install/autoware_lanelet2_msgs/lib/python2.7/dist-packages:${PYTHONPATH} ROS_PACKAGE_PATH=/home/autoware/Autoware/install/op_ros_helpers/share:/home/autoware/Autoware/install/op_simu/share:/home/autoware/Autoware/install/op_planner/share:/home/autoware/Autoware/install/op_utility/share:/home/autoware/Autoware/install/map_file/share:/home/autoware/Autoware/install/vector_map_server/share:/home/autoware/Autoware/install/libwaypoint_follower/share:/home/autoware/Autoware/install/lanelet2_extension/share:/home/autoware/Autoware/install/vector_map/share:/home/autoware/Autoware/install/amathutils_lib/share:/home/autoware/Autoware/install/vector_map_msgs/share:/home/autoware/Autoware/install/autoware_msgs/share:/home/autoware/Autoware/install/autoware_lanelet2_msgs/share:/home/autoware/Autoware/install/autoware_build_flags/share:${ROS_PACKAGE_PATH} /usr/bin/cmake --build /home/autoware/Autoware/build/op_utilities --target tests -- -j32 -l32
[1.269s] Built target tests
[1.285s] Invoked command in '/home/autoware/Autoware/build/op_utilities' returned '0': CMAKE_PREFIX_PATH=/home/autoware/Autoware/install/op_ros_helpers:/home/autoware/Autoware/install/op_simu:/home/autoware/Autoware/install/op_planner:/home/autoware/Autoware/install/op_utility:/home/autoware/Autoware/install/map_file:/home/autoware/Autoware/install/vector_map_server:/home/autoware/Autoware/install/libwaypoint_follower:/home/autoware/Autoware/install/lanelet2_extension:/home/autoware/Autoware/install/vector_map:/home/autoware/Autoware/install/amathutils_lib:/home/autoware/Autoware/install/vector_map_msgs:/home/autoware/Autoware/install/autoware_msgs:/home/autoware/Autoware/install/autoware_lanelet2_msgs:/home/autoware/Autoware/install/autoware_build_flags:${CMAKE_PREFIX_PATH} LD_LIBRARY_PATH=/home/autoware/Autoware/install/op_ros_helpers/lib:/home/autoware/Autoware/install/op_simu/lib:/home/autoware/Autoware/install/op_planner/lib:/home/autoware/Autoware/install/op_utility/lib:/home/autoware/Autoware/install/map_file/lib:/home/autoware/Autoware/install/libwaypoint_follower/lib:/home/autoware/Autoware/install/lanelet2_extension/lib:/home/autoware/Autoware/install/vector_map/lib:/home/autoware/Autoware/install/amathutils_lib/lib:${LD_LIBRARY_PATH} PKG_CONFIG_PATH=/home/autoware/Autoware/install/op_ros_helpers/lib/x86_64-linux-gnu/pkgconfig:/home/autoware/Autoware/install/op_ros_helpers/lib/pkgconfig:/home/autoware/Autoware/install/op_simu/lib/x86_64-linux-gnu/pkgconfig:/home/autoware/Autoware/install/op_simu/lib/pkgconfig:/home/autoware/Autoware/install/op_planner/lib/x86_64-linux-gnu/pkgconfig:/home/autoware/Autoware/install/op_planner/lib/pkgconfig:/home/autoware/Autoware/install/op_utility/lib/x86_64-linux-gnu/pkgconfig:/home/autoware/Autoware/install/op_utility/lib/pkgconfig:/home/autoware/Autoware/install/map_file/lib/x86_64-linux-gnu/pkgconfig:/home/autoware/Autoware/install/map_file/lib/pkgconfig:/home/autoware/Autoware/install/vector_map_server/lib/x86_64-linux-gnu/pkgconfig:/home/autoware/Autoware/install/vector_map_server/lib/pkgconfig:/home/autoware/Autoware/install/libwaypoint_follower/lib/x86_64-linux-gnu/pkgconfig:/home/autoware/Autoware/install/libwaypoint_follower/lib/pkgconfig:/home/autoware/Autoware/install/lanelet2_extension/lib/x86_64-linux-gnu/pkgconfig:/home/autoware/Autoware/install/lanelet2_extension/lib/pkgconfig:/home/autoware/Autoware/install/vector_map/lib/x86_64-linux-gnu/pkgconfig:/home/autoware/Autoware/install/vector_map/lib/pkgconfig:/home/autoware/Autoware/install/amathutils_lib/lib/x86_64-linux-gnu/pkgconfig:/home/autoware/Autoware/install/amathutils_lib/lib/pkgconfig:/home/autoware/Autoware/install/vector_map_msgs/lib/x86_64-linux-gnu/pkgconfig:/home/autoware/Autoware/install/vector_map_msgs/lib/pkgconfig:/home/autoware/Autoware/install/autoware_msgs/lib/x86_64-linux-gnu/pkgconfig:/home/autoware/Autoware/install/autoware_msgs/lib/pkgconfig:/home/autoware/Autoware/install/autoware_lanelet2_msgs/lib/x86_64-linux-gnu/pkgconfig:/home/autoware/Autoware/install/autoware_lanelet2_msgs/lib/pkgconfig:/home/autoware/Autoware/install/autoware_build_flags/lib/x86_64-linux-gnu/pkgconfig:/home/autoware/Autoware/install/autoware_build_flags/lib/pkgconfig:${PKG_CONFIG_PATH} PYTHONPATH=/home/autoware/Autoware/install/vector_map_server/lib/python2.7/dist-packages:/home/autoware/Autoware/install/vector_map_msgs/lib/python2.7/dist-packages:/home/autoware/Autoware/install/autoware_msgs/lib/python2.7/dist-packages:/home/autoware/Autoware/install/autoware_lanelet2_msgs/lib/python2.7/dist-packages:${PYTHONPATH} ROS_PACKAGE_PATH=/home/autoware/Autoware/install/op_ros_helpers/share:/home/autoware/Autoware/install/op_simu/share:/home/autoware/Autoware/install/op_planner/share:/home/autoware/Autoware/install/op_utility/share:/home/autoware/Autoware/install/map_file/share:/home/autoware/Autoware/install/vector_map_server/share:/home/autoware/Autoware/install/libwaypoint_follower/share:/home/autoware/Autoware/install/lanelet2_extension/share:/home/autoware/Autoware/install/vector_map/share:/home/autoware/Autoware/install/amathutils_lib/share:/home/autoware/Autoware/install/vector_map_msgs/share:/home/autoware/Autoware/install/autoware_msgs/share:/home/autoware/Autoware/install/autoware_lanelet2_msgs/share:/home/autoware/Autoware/install/autoware_build_flags/share:${ROS_PACKAGE_PATH} /usr/bin/cmake --build /home/autoware/Autoware/build/op_utilities --target tests -- -j32 -l32
[1.409s] Invoking command in '/home/autoware/Autoware/build/op_utilities': CMAKE_PREFIX_PATH=/home/autoware/Autoware/install/op_ros_helpers:/home/autoware/Autoware/install/op_simu:/home/autoware/Autoware/install/op_planner:/home/autoware/Autoware/install/op_utility:/home/autoware/Autoware/install/map_file:/home/autoware/Autoware/install/vector_map_server:/home/autoware/Autoware/install/libwaypoint_follower:/home/autoware/Autoware/install/lanelet2_extension:/home/autoware/Autoware/install/vector_map:/home/autoware/Autoware/install/amathutils_lib:/home/autoware/Autoware/install/vector_map_msgs:/home/autoware/Autoware/install/autoware_msgs:/home/autoware/Autoware/install/autoware_lanelet2_msgs:/home/autoware/Autoware/install/autoware_build_flags:${CMAKE_PREFIX_PATH} LD_LIBRARY_PATH=/home/autoware/Autoware/install/op_ros_helpers/lib:/home/autoware/Autoware/install/op_simu/lib:/home/autoware/Autoware/install/op_planner/lib:/home/autoware/Autoware/install/op_utility/lib:/home/autoware/Autoware/install/map_file/lib:/home/autoware/Autoware/install/libwaypoint_follower/lib:/home/autoware/Autoware/install/lanelet2_extension/lib:/home/autoware/Autoware/install/vector_map/lib:/home/autoware/Autoware/install/amathutils_lib/lib:${LD_LIBRARY_PATH} PKG_CONFIG_PATH=/home/autoware/Autoware/install/op_ros_helpers/lib/x86_64-linux-gnu/pkgconfig:/home/autoware/Autoware/install/op_ros_helpers/lib/pkgconfig:/home/autoware/Autoware/install/op_simu/lib/x86_64-linux-gnu/pkgconfig:/home/autoware/Autoware/install/op_simu/lib/pkgconfig:/home/autoware/Autoware/install/op_planner/lib/x86_64-linux-gnu/pkgconfig:/home/autoware/Autoware/install/op_planner/lib/pkgconfig:/home/autoware/Autoware/install/op_utility/lib/x86_64-linux-gnu/pkgconfig:/home/autoware/Autoware/install/op_utility/lib/pkgconfig:/home/autoware/Autoware/install/map_file/lib/x86_64-linux-gnu/pkgconfig:/home/autoware/Autoware/install/map_file/lib/pkgconfig:/home/autoware/Autoware/install/vector_map_server/lib/x86_64-linux-gnu/pkgconfig:/home/autoware/Autoware/install/vector_map_server/lib/pkgconfig:/home/autoware/Autoware/install/libwaypoint_follower/lib/x86_64-linux-gnu/pkgconfig:/home/autoware/Autoware/install/libwaypoint_follower/lib/pkgconfig:/home/autoware/Autoware/install/lanelet2_extension/lib/x86_64-linux-gnu/pkgconfig:/home/autoware/Autoware/install/lanelet2_extension/lib/pkgconfig:/home/autoware/Autoware/install/vector_map/lib/x86_64-linux-gnu/pkgconfig:/home/autoware/Autoware/install/vector_map/lib/pkgconfig:/home/autoware/Autoware/install/amathutils_lib/lib/x86_64-linux-gnu/pkgconfig:/home/autoware/Autoware/install/amathutils_lib/lib/pkgconfig:/home/autoware/Autoware/install/vector_map_msgs/lib/x86_64-linux-gnu/pkgconfig:/home/autoware/Autoware/install/vector_map_msgs/lib/pkgconfig:/home/autoware/Autoware/install/autoware_msgs/lib/x86_64-linux-gnu/pkgconfig:/home/autoware/Autoware/install/autoware_msgs/lib/pkgconfig:/home/autoware/Autoware/install/autoware_lanelet2_msgs/lib/x86_64-linux-gnu/pkgconfig:/home/autoware/Autoware/install/autoware_lanelet2_msgs/lib/pkgconfig:/home/autoware/Autoware/install/autoware_build_flags/lib/x86_64-linux-gnu/pkgconfig:/home/autoware/Autoware/install/autoware_build_flags/lib/pkgconfig:${PKG_CONFIG_PATH} PYTHONPATH=/home/autoware/Autoware/install/vector_map_server/lib/python2.7/dist-packages:/home/autoware/Autoware/install/vector_map_msgs/lib/python2.7/dist-packages:/home/autoware/Autoware/install/autoware_msgs/lib/python2.7/dist-packages:/home/autoware/Autoware/install/autoware_lanelet2_msgs/lib/python2.7/dist-packages:${PYTHONPATH} ROS_PACKAGE_PATH=/home/autoware/Autoware/install/op_ros_helpers/share:/home/autoware/Autoware/install/op_simu/share:/home/autoware/Autoware/install/op_planner/share:/home/autoware/Autoware/install/op_utility/share:/home/autoware/Autoware/install/map_file/share:/home/autoware/Autoware/install/vector_map_server/share:/home/autoware/Autoware/install/libwaypoint_follower/share:/home/autoware/Autoware/install/lanelet2_extension/share:/home/autoware/Autoware/install/vector_map/share:/home/autoware/Autoware/install/amathutils_lib/share:/home/autoware/Autoware/install/vector_map_msgs/share:/home/autoware/Autoware/install/autoware_msgs/share:/home/autoware/Autoware/install/autoware_lanelet2_msgs/share:/home/autoware/Autoware/install/autoware_build_flags/share:${ROS_PACKAGE_PATH} /usr/bin/cmake --build /home/autoware/Autoware/build/op_utilities --target install -- -j32 -l32
[1.569s] [  0%] Built target std_msgs_generate_messages_py
[1.573s] [  0%] Built target actionlib_generate_messages_cpp
[1.574s] [  0%] Built target jsk_recognition_msgs_generate_messages_lisp
[1.579s] [  0%] Built target geometry_msgs_generate_messages_py
[1.584s] [  0%] Built target sensor_msgs_generate_messages_cpp
[1.584s] [  0%] Built target jsk_recognition_msgs_generate_messages_py
[1.585s] [  0%] Built target topic_tools_generate_messages_eus
[1.589s] [  0%] Built target tf_generate_messages_nodejs
[1.590s] [  0%] Built target std_srvs_generate_messages_py
[1.590s] [  0%] Built target _catkin_empty_exported_target
[1.590s] [  0%] Built target tf2_msgs_generate_messages_cpp
[1.598s] [  0%] Built target autoware_msgs_generate_messages_py
[1.600s] [  0%] Built target vector_map_server_generate_messages_eus
[1.601s] [  0%] Built target pcl_msgs_generate_messages_nodejs
[1.607s] [  0%] Built target std_msgs_generate_messages_nodejs
[1.607s] [  0%] Built target std_srvs_generate_messages_lisp
[1.608s] [  0%] Built target autoware_msgs_generate_messages_cpp
[1.608s] [  0%] Built target jsk_recognition_msgs_generate_messages_eus
[1.610s] [  0%] Built target sensor_msgs_generate_messages_nodejs
[1.611s] [  0%] Built target rosgraph_msgs_generate_messages_eus
[1.618s] [  7%] Built target vector_map_server_generate_messages_nodejs
[1.618s] [ 53%] Built target op_bag_player
[1.619s] [ 53%] Built target rosgraph_msgs_generate_messages_cpp
[1.620s] [ 53%] Built target sensor_msgs_generate_messages_eus
[1.625s] [ 53%] Built target tf_generate_messages_lisp
[1.629s] [ 53%] Built target std_srvs_generate_messages_cpp
[1.636s] [ 53%] Built target pcl_msgs_generate_messages_eus
[1.636s] [ 53%] Built target topic_tools_generate_messages_cpp
[1.636s] [ 53%] Built target topic_tools_generate_messages_nodejs
[1.637s] [ 53%] Built target sensor_msgs_generate_messages_lisp
[1.638s] [ 53%] Built target tf_generate_messages_py
[1.640s] [ 76%] Built target op_data_logger
[1.652s] [ 76%] Built target std_srvs_generate_messages_nodejs
[1.662s] [ 76%] Built target vector_map_msgs_generate_messages_nodejs
[1.679s] [ 76%] Built target visualization_msgs_generate_messages_nodejs
[1.683s] [ 76%] Built target pcl_msgs_generate_messages_cpp
[1.685s] [ 76%] Built target topic_tools_generate_messages_py
[1.686s] [ 76%] Built target actionlib_msgs_generate_messages_nodejs
[1.687s] [ 76%] Built target jsk_footstep_msgs_generate_messages_py
[1.688s] [ 76%] Built target geometry_msgs_generate_messages_lisp
[1.689s] [ 76%] Built target std_msgs_generate_messages_lisp
[1.690s] [ 76%] Built target geometry_msgs_generate_messages_nodejs
[1.695s] [ 76%] Built target sensor_msgs_generate_messages_py
[1.697s] [ 76%] Built target jsk_recognition_msgs_generate_messages_cpp
[1.698s] [ 76%] Built target autoware_msgs_generate_messages_nodejs
[1.703s] [ 76%] Built target jsk_footstep_msgs_generate_messages_lisp
[1.705s] [ 76%] Built target geometry_msgs_generate_messages_eus
[1.708s] [ 76%] Built target std_msgs_generate_messages_eus
[1.712s] [ 76%] Built target vector_map_msgs_generate_messages_py
[1.716s] [ 76%] Built target jsk_footstep_msgs_generate_messages_nodejs
[1.720s] [ 76%] Built target autoware_msgs_generate_messages_lisp
[1.723s] [ 76%] Built target visualization_msgs_generate_messages_lisp
[1.723s] [ 76%] Built target tf_generate_messages_eus
[1.724s] [ 76%] Built target roscpp_generate_messages_nodejs
[1.730s] [ 76%] Built target actionlib_msgs_generate_messages_cpp
[1.731s] [ 76%] Built target topic_tools_generate_messages_lisp
[1.733s] [ 76%] Built target actionlib_msgs_generate_messages_py
[1.735s] [ 76%] Built target std_msgs_generate_messages_cpp
[1.737s] [ 76%] Built target vector_map_msgs_generate_messages_lisp
[1.745s] [ 76%] Built target jsk_footstep_msgs_generate_messages_eus
[1.745s] [ 76%] Built target vector_map_server_generate_messages_lisp
[1.750s] [ 76%] Built target autoware_msgs_generate_messages_eus
[1.751s] [ 76%] Built target geometry_msgs_generate_messages_cpp
[1.753s] [ 76%] Built target pcl_msgs_generate_messages_lisp
[1.754s] [ 76%] Built target jsk_footstep_msgs_generate_messages_cpp
[1.755s] [ 76%] Built target roscpp_generate_messages_py
[1.762s] [ 76%] Built target pcl_msgs_generate_messages_py
[1.763s] [ 76%] Built target actionlib_msgs_generate_messages_lisp
[1.779s] [ 76%] Built target actionlib_generate_messages_eus
[1.781s] [ 76%] Built target std_srvs_generate_messages_eus
[1.786s] [ 76%] Built target rosgraph_msgs_generate_messages_lisp
[1.788s] [ 76%] Built target tf_generate_messages_cpp
[1.794s] [ 76%] Built target actionlib_generate_messages_lisp
[1.798s] [ 76%] Built target vector_map_server_generate_messages_py
[1.798s] [ 76%] Built target tf2_msgs_generate_messages_lisp
[1.803s] [ 76%] Built target actionlib_generate_messages_nodejs
[1.814s] [ 76%] Built target visualization_msgs_generate_messages_cpp
[1.819s] [ 76%] Built target roscpp_generate_messages_eus
[1.819s] [ 76%] Built target actionlib_msgs_generate_messages_eus
[1.824s] [ 76%] Built target rosgraph_msgs_generate_messages_nodejs
[1.828s] [ 76%] Built target tf2_msgs_generate_messages_eus
[1.832s] [ 76%] Built target tf2_msgs_generate_messages_nodejs
[1.839s] [ 76%] Built target visualization_msgs_generate_messages_py
[1.841s] [ 76%] Built target roscpp_generate_messages_lisp
[1.842s] [ 76%] Built target rosgraph_msgs_generate_messages_py
[1.845s] [ 76%] Built target jsk_recognition_msgs_generate_messages_nodejs
[1.856s] [ 76%] Built target actionlib_generate_messages_py
[1.856s] [ 76%] Built target vector_map_msgs_generate_messages_eus
[1.864s] [ 76%] Built target vector_map_server_generate_messages_cpp
[1.875s] [ 76%] Built target tf2_msgs_generate_messages_py
[1.876s] [ 76%] Built target visualization_msgs_generate_messages_eus
[1.878s] [ 76%] Built target vector_map_msgs_generate_messages_cpp
[1.879s] [ 76%] Built target roscpp_generate_messages_cpp
[1.956s] [100%] Built target op_pose2tf
[2.009s] Install the project...
[2.047s] -- Install configuration: "Release"
[2.047s] -- Up-to-date: /home/autoware/Autoware/install/op_utilities/lib/pkgconfig/op_utilities.pc
[2.047s] -- Up-to-date: /home/autoware/Autoware/install/op_utilities/share/op_utilities/cmake/op_utilitiesConfig.cmake
[2.047s] -- Up-to-date: /home/autoware/Autoware/install/op_utilities/share/op_utilities/cmake/op_utilitiesConfig-version.cmake
[2.047s] -- Up-to-date: /home/autoware/Autoware/install/op_utilities/share/op_utilities/package.xml
[2.047s] -- Up-to-date: /home/autoware/Autoware/install/op_utilities/lib/op_utilities/op_pose2tf
[2.047s] -- Up-to-date: /home/autoware/Autoware/install/op_utilities/lib/op_utilities/op_data_logger
[2.047s] -- Up-to-date: /home/autoware/Autoware/install/op_utilities/lib/op_utilities/op_bag_player
[2.048s] -- Up-to-date: /home/autoware/Autoware/install/op_utilities/share/op_utilities/launch
[2.048s] -- Up-to-date: /home/autoware/Autoware/install/op_utilities/share/op_utilities/launch/op_map_converter.launch
[2.048s] -- Up-to-date: /home/autoware/Autoware/install/op_utilities/share/op_utilities/launch/op_bag_player.launch
[2.048s] -- Up-to-date: /home/autoware/Autoware/install/op_utilities/share/op_utilities/launch/op_data_logger.launch
[2.049s] -- Up-to-date: /home/autoware/Autoware/install/op_utilities/share/op_utilities/launch/op_pose2tf.launch
[2.056s] Invoked command in '/home/autoware/Autoware/build/op_utilities' returned '0': CMAKE_PREFIX_PATH=/home/autoware/Autoware/install/op_ros_helpers:/home/autoware/Autoware/install/op_simu:/home/autoware/Autoware/install/op_planner:/home/autoware/Autoware/install/op_utility:/home/autoware/Autoware/install/map_file:/home/autoware/Autoware/install/vector_map_server:/home/autoware/Autoware/install/libwaypoint_follower:/home/autoware/Autoware/install/lanelet2_extension:/home/autoware/Autoware/install/vector_map:/home/autoware/Autoware/install/amathutils_lib:/home/autoware/Autoware/install/vector_map_msgs:/home/autoware/Autoware/install/autoware_msgs:/home/autoware/Autoware/install/autoware_lanelet2_msgs:/home/autoware/Autoware/install/autoware_build_flags:${CMAKE_PREFIX_PATH} LD_LIBRARY_PATH=/home/autoware/Autoware/install/op_ros_helpers/lib:/home/autoware/Autoware/install/op_simu/lib:/home/autoware/Autoware/install/op_planner/lib:/home/autoware/Autoware/install/op_utility/lib:/home/autoware/Autoware/install/map_file/lib:/home/autoware/Autoware/install/libwaypoint_follower/lib:/home/autoware/Autoware/install/lanelet2_extension/lib:/home/autoware/Autoware/install/vector_map/lib:/home/autoware/Autoware/install/amathutils_lib/lib:${LD_LIBRARY_PATH} PKG_CONFIG_PATH=/home/autoware/Autoware/install/op_ros_helpers/lib/x86_64-linux-gnu/pkgconfig:/home/autoware/Autoware/install/op_ros_helpers/lib/pkgconfig:/home/autoware/Autoware/install/op_simu/lib/x86_64-linux-gnu/pkgconfig:/home/autoware/Autoware/install/op_simu/lib/pkgconfig:/home/autoware/Autoware/install/op_planner/lib/x86_64-linux-gnu/pkgconfig:/home/autoware/Autoware/install/op_planner/lib/pkgconfig:/home/autoware/Autoware/install/op_utility/lib/x86_64-linux-gnu/pkgconfig:/home/autoware/Autoware/install/op_utility/lib/pkgconfig:/home/autoware/Autoware/install/map_file/lib/x86_64-linux-gnu/pkgconfig:/home/autoware/Autoware/install/map_file/lib/pkgconfig:/home/autoware/Autoware/install/vector_map_server/lib/x86_64-linux-gnu/pkgconfig:/home/autoware/Autoware/install/vector_map_server/lib/pkgconfig:/home/autoware/Autoware/install/libwaypoint_follower/lib/x86_64-linux-gnu/pkgconfig:/home/autoware/Autoware/install/libwaypoint_follower/lib/pkgconfig:/home/autoware/Autoware/install/lanelet2_extension/lib/x86_64-linux-gnu/pkgconfig:/home/autoware/Autoware/install/lanelet2_extension/lib/pkgconfig:/home/autoware/Autoware/install/vector_map/lib/x86_64-linux-gnu/pkgconfig:/home/autoware/Autoware/install/vector_map/lib/pkgconfig:/home/autoware/Autoware/install/amathutils_lib/lib/x86_64-linux-gnu/pkgconfig:/home/autoware/Autoware/install/amathutils_lib/lib/pkgconfig:/home/autoware/Autoware/install/vector_map_msgs/lib/x86_64-linux-gnu/pkgconfig:/home/autoware/Autoware/install/vector_map_msgs/lib/pkgconfig:/home/autoware/Autoware/install/autoware_msgs/lib/x86_64-linux-gnu/pkgconfig:/home/autoware/Autoware/install/autoware_msgs/lib/pkgconfig:/home/autoware/Autoware/install/autoware_lanelet2_msgs/lib/x86_64-linux-gnu/pkgconfig:/home/autoware/Autoware/install/autoware_lanelet2_msgs/lib/pkgconfig:/home/autoware/Autoware/install/autoware_build_flags/lib/x86_64-linux-gnu/pkgconfig:/home/autoware/Autoware/install/autoware_build_flags/lib/pkgconfig:${PKG_CONFIG_PATH} PYTHONPATH=/home/autoware/Autoware/install/vector_map_server/lib/python2.7/dist-packages:/home/autoware/Autoware/install/vector_map_msgs/lib/python2.7/dist-packages:/home/autoware/Autoware/install/autoware_msgs/lib/python2.7/dist-packages:/home/autoware/Autoware/install/autoware_lanelet2_msgs/lib/python2.7/dist-packages:${PYTHONPATH} ROS_PACKAGE_PATH=/home/autoware/Autoware/install/op_ros_helpers/share:/home/autoware/Autoware/install/op_simu/share:/home/autoware/Autoware/install/op_planner/share:/home/autoware/Autoware/install/op_utility/share:/home/autoware/Autoware/install/map_file/share:/home/autoware/Autoware/install/vector_map_server/share:/home/autoware/Autoware/install/libwaypoint_follower/share:/home/autoware/Autoware/install/lanelet2_extension/share:/home/autoware/Autoware/install/vector_map/share:/home/autoware/Autoware/install/amathutils_lib/share:/home/autoware/Autoware/install/vector_map_msgs/share:/home/autoware/Autoware/install/autoware_msgs/share:/home/autoware/Autoware/install/autoware_lanelet2_msgs/share:/home/autoware/Autoware/install/autoware_build_flags/share:${ROS_PACKAGE_PATH} /usr/bin/cmake --build /home/autoware/Autoware/build/op_utilities --target install -- -j32 -l32
