[0.415s] Invoking command in '/home/autoware/Autoware/build/lidar_localizer': CMAKE_PREFIX_PATH=/home/autoware/Autoware/install/ndt_gpu:/home/autoware/Autoware/install/autoware_health_checker:/home/autoware/Autoware/install/ros_observer:/home/autoware/Autoware/install/pcl_omp_registration:/home/autoware/Autoware/install/ndt_tku:/home/autoware/Autoware/install/ndt_cpu:/home/autoware/Autoware/install/autoware_system_msgs:/home/autoware/Autoware/install/autoware_msgs:/home/autoware/Autoware/install/autoware_config_msgs:/home/autoware/Autoware/install/autoware_build_flags:${CMAKE_PREFIX_PATH} LD_LIBRARY_PATH=/home/autoware/Autoware/install/ndt_gpu/lib:/home/autoware/Autoware/install/autoware_health_checker/lib:/home/autoware/Autoware/install/ros_observer/lib:/home/autoware/Autoware/install/pcl_omp_registration/lib:/home/autoware/Autoware/install/ndt_tku/lib:/home/autoware/Autoware/install/ndt_cpu/lib:${LD_LIBRARY_PATH} PKG_CONFIG_PATH=/home/autoware/Autoware/install/ndt_gpu/lib/x86_64-linux-gnu/pkgconfig:/home/autoware/Autoware/install/ndt_gpu/lib/pkgconfig:/home/autoware/Autoware/install/autoware_health_checker/lib/x86_64-linux-gnu/pkgconfig:/home/autoware/Autoware/install/autoware_health_checker/lib/pkgconfig:/home/autoware/Autoware/install/ros_observer/lib/x86_64-linux-gnu/pkgconfig:/home/autoware/Autoware/install/ros_observer/lib/pkgconfig:/home/autoware/Autoware/install/pcl_omp_registration/lib/x86_64-linux-gnu/pkgconfig:/home/autoware/Autoware/install/pcl_omp_registration/lib/pkgconfig:/home/autoware/Autoware/install/ndt_tku/lib/x86_64-linux-gnu/pkgconfig:/home/autoware/Autoware/install/ndt_tku/lib/pkgconfig:/home/autoware/Autoware/install/ndt_cpu/lib/x86_64-linux-gnu/pkgconfig:/home/autoware/Autoware/install/ndt_cpu/lib/pkgconfig:/home/autoware/Autoware/install/autoware_system_msgs/lib/x86_64-linux-gnu/pkgconfig:/home/autoware/Autoware/install/autoware_system_msgs/lib/pkgconfig:/home/autoware/Autoware/install/autoware_msgs/lib/x86_64-linux-gnu/pkgconfig:/home/autoware/Autoware/install/autoware_msgs/lib/pkgconfig:/home/autoware/Autoware/install/autoware_config_msgs/lib/x86_64-linux-gnu/pkgconfig:/home/autoware/Autoware/install/autoware_config_msgs/lib/pkgconfig:/home/autoware/Autoware/install/autoware_build_flags/lib/x86_64-linux-gnu/pkgconfig:/home/autoware/Autoware/install/autoware_build_flags/lib/pkgconfig:${PKG_CONFIG_PATH} PYTHONPATH=/home/autoware/Autoware/install/autoware_system_msgs/lib/python2.7/dist-packages:/home/autoware/Autoware/install/autoware_msgs/lib/python2.7/dist-packages:/home/autoware/Autoware/install/autoware_config_msgs/lib/python2.7/dist-packages:${PYTHONPATH} ROS_PACKAGE_PATH=/home/autoware/Autoware/install/ndt_gpu/share:/home/autoware/Autoware/install/autoware_health_checker/share:/home/autoware/Autoware/install/ros_observer/share:/home/autoware/Autoware/install/pcl_omp_registration/share:/home/autoware/Autoware/install/ndt_tku/share:/home/autoware/Autoware/install/ndt_cpu/share:/home/autoware/Autoware/install/autoware_system_msgs/share:/home/autoware/Autoware/install/autoware_msgs/share:/home/autoware/Autoware/install/autoware_config_msgs/share:/home/autoware/Autoware/install/autoware_build_flags/share:${ROS_PACKAGE_PATH} /usr/bin/cmake --build /home/autoware/Autoware/build/lidar_localizer -- -j32 -l32
[0.681s] [  0%] Built target actionlib_generate_messages_eus
[0.682s] [  0%] Built target pcl_ros_gencfg
[0.682s] [  0%] Built target jsk_footstep_msgs_generate_messages_lisp
[0.682s] [  0%] Built target jsk_rviz_plugins_generate_messages_eus
[0.682s] [  0%] Built target dynamic_reconfigure_generate_messages_nodejs
[0.682s] [  0%] Built target rviz_generate_messages_nodejs
[0.682s] [  0%] Built target pcl_msgs_generate_messages_cpp
[0.682s] [  0%] Built target nodelet_generate_messages_py
[0.682s] [  0%] Built target velodyne_msgs_generate_messages_cpp
[0.682s] [  0%] Built target tf_generate_messages_eus
[0.683s] [  0%] Built target people_msgs_generate_messages_nodejs
[0.683s] [  0%] Built target velodyne_pointcloud_gencfg
[0.683s] [  0%] Built target nodelet_generate_messages_cpp
[0.683s] [  0%] Built target pcl_msgs_generate_messages_py
[0.683s] [  0%] Built target autoware_config_msgs_generate_messages_lisp
[0.683s] [  0%] Built target actionlib_msgs_generate_messages_py
[0.683s] [  0%] Built target diagnostic_msgs_generate_messages_cpp
[0.683s] [  0%] Built target std_msgs_generate_messages_nodejs
[0.683s] [  0%] Built target actionlib_msgs_generate_messages_lisp
[0.683s] [  0%] Built target jsk_rviz_plugins_generate_messages_nodejs
[0.683s] [  0%] Built target pcl_msgs_generate_messages_eus
[0.683s] [  0%] Built target dynamic_reconfigure_generate_messages_py
[0.684s] [  0%] Built target jsk_footstep_msgs_generate_messages_eus
[0.684s] [  0%] Built target tf_generate_messages_cpp
[0.684s] [  0%] Built target actionlib_msgs_generate_messages_cpp
[0.684s] [  0%] Built target sensor_msgs_generate_messages_py
[0.684s] [  0%] Built target autoware_system_msgs_generate_messages_nodejs
[0.684s] [  0%] Built target std_msgs_generate_messages_lisp
[0.684s] [  0%] Built target jsk_hark_msgs_generate_messages_nodejs
[0.684s] [  0%] Built target jsk_footstep_msgs_generate_messages_cpp
[0.684s] [  0%] Built target actionlib_generate_messages_nodejs
[0.684s] [  0%] Built target jsk_recognition_msgs_generate_messages_py
[0.684s] [  0%] Built target visualization_msgs_generate_messages_lisp
[0.685s] [  0%] Built target sensor_msgs_generate_messages_cpp
[0.685s] [  0%] Built target dynamic_reconfigure_generate_messages_eus
[0.685s] [  0%] Built target sensor_msgs_generate_messages_eus
[0.685s] [  0%] Built target pcl_msgs_generate_messages_lisp
[0.685s] [  0%] Built target actionlib_msgs_generate_messages_eus
[0.685s] [  0%] Built target autoware_msgs_generate_messages_nodejs
[0.685s] [  0%] Built target autoware_config_msgs_generate_messages_py
[0.685s] [  0%] Built target rosgraph_msgs_generate_messages_nodejs
[0.685s] [  0%] Built target jsk_recognition_utils_gencfg
[0.685s] [  0%] Built target jsk_rviz_plugins_gencfg
[0.686s] [  0%] Built target rosgraph_msgs_generate_messages_py
[0.686s] [  0%] Built target bond_generate_messages_nodejs
[0.686s] [  0%] Built target jsk_rviz_plugins_generate_messages_lisp
[0.686s] [  0%] Built target sensor_msgs_generate_messages_nodejs
[0.686s] [  0%] Built target autoware_config_msgs_generate_messages_cpp
[0.686s] [  0%] Built target topic_tools_generate_messages_py
[0.686s] [  0%] Built target rviz_generate_messages_lisp
[0.686s] [  0%] Built target pcl_msgs_generate_messages_nodejs
[0.686s] [  0%] Built target autoware_config_msgs_generate_messages_eus
[0.707s] [  0%] Built target autoware_system_msgs_generate_messages_lisp
[0.707s] [  0%] Built target std_msgs_generate_messages_py
[0.707s] [  0%] Built target map_msgs_generate_messages_nodejs
[0.707s] [  0%] Built target jsk_footstep_msgs_generate_messages_py
[0.707s] [  0%] Built target actionlib_msgs_generate_messages_nodejs
[0.708s] [  0%] Built target nodelet_generate_messages_lisp
[0.708s] [  0%] Built target std_msgs_generate_messages_eus
[0.708s] [  0%] Built target roscpp_generate_messages_eus
[0.708s] [  0%] Built target jsk_rviz_plugins_generate_messages_cpp
[0.708s] [  0%] Built target jsk_recognition_msgs_generate_messages_nodejs
[0.708s] [  0%] Built target rosgraph_msgs_generate_messages_eus
[0.708s] [  0%] Built target autoware_msgs_generate_messages_py
[0.708s] [  0%] Built target sensor_msgs_generate_messages_lisp
[0.708s] [  0%] Built target geometry_msgs_generate_messages_nodejs
[0.708s] [  0%] Built target dynamic_reconfigure_generate_messages_cpp
[0.790s] [  0%] Built target nav_msgs_generate_messages_cpp
[0.790s] [  0%] Built target autoware_system_msgs_generate_messages_eus
[0.791s] [  0%] Built target jsk_recognition_msgs_generate_messages_eus
[0.791s] [  0%] Built target roscpp_generate_messages_lisp
[0.791s] [  0%] Built target rosgraph_msgs_generate_messages_lisp
[0.791s] [  0%] Built target rosgraph_msgs_generate_messages_cpp
[0.791s] [  0%] Built target autoware_config_msgs_generate_messages_nodejs
[0.791s] [  0%] Built target autoware_msgs_generate_messages_eus
[0.791s] [  0%] Built target std_srvs_generate_messages_cpp
[0.791s] [  0%] Built target jsk_hark_msgs_generate_messages_cpp
[0.791s] [  0%] Built target nav_msgs_generate_messages_lisp
[0.791s] [  0%] Built target diagnostic_msgs_generate_messages_lisp
[0.852s] [  0%] Built target std_srvs_generate_messages_eus
[0.854s] [  0%] Built target tf_generate_messages_nodejs
[0.854s] [  0%] Built target autoware_msgs_generate_messages_lisp
[0.854s] [  0%] Built target autoware_msgs_generate_messages_cpp
[0.854s] [  0%] Built target topic_tools_generate_messages_lisp
[0.854s] [  0%] Built target jsk_rviz_plugins_generate_messages_py
[0.854s] [  0%] Built target geometry_msgs_generate_messages_eus
[0.854s] [  0%] Built target jsk_hark_msgs_generate_messages_eus
[0.854s] [  0%] Built target autoware_system_msgs_generate_messages_cpp
[0.854s] [  0%] Built target std_msgs_generate_messages_cpp
[0.854s] [  0%] Built target jsk_hark_msgs_generate_messages_lisp
[0.854s] [  0%] Built target dynamic_reconfigure_gencfg
[0.855s] [  0%] Built target actionlib_generate_messages_lisp
[0.855s] [  0%] Built target jsk_recognition_msgs_generate_messages_lisp
[0.855s] [  0%] Built target roscpp_generate_messages_py
[0.855s] [  0%] Built target geometry_msgs_generate_messages_lisp
[0.855s] [  0%] Built target geometry_msgs_generate_messages_py
[0.855s] [  0%] Built target nodelet_generate_messages_eus
[0.855s] [  0%] Built target roscpp_generate_messages_cpp
[0.855s] [  0%] Built target std_srvs_generate_messages_nodejs
[0.855s] [  0%] Built target nav_msgs_generate_messages_py
[0.855s] [  0%] Built target nodelet_topic_tools_gencfg
[0.855s] [  0%] Built target geometry_msgs_generate_messages_cpp
[0.856s] [  0%] Built target bond_generate_messages_cpp
[0.856s] [  0%] Built target jsk_footstep_msgs_generate_messages_nodejs
[0.856s] [  0%] Built target nodelet_generate_messages_nodejs
[0.856s] [  0%] Built target map_msgs_generate_messages_eus
[0.856s] [  0%] Built target bond_generate_messages_lisp
[0.856s] [  0%] Built target topic_tools_generate_messages_cpp
[0.856s] [  0%] Built target bond_generate_messages_py
[0.856s] [  0%] Built target topic_tools_generate_messages_eus
[0.856s] [  0%] Built target bond_generate_messages_eus
[0.887s] [  0%] Built target std_srvs_generate_messages_py
[0.887s] [  0%] Built target std_srvs_generate_messages_lisp
[0.887s] [  0%] Built target dynamic_reconfigure_generate_messages_lisp
[0.887s] [  0%] Built target tf2_msgs_generate_messages_nodejs
[0.887s] [  0%] Built target tf_generate_messages_lisp
[0.887s] [  0%] Built target tf_generate_messages_py
[0.888s] [  0%] Built target jsk_recognition_msgs_generate_messages_cpp
[0.888s] [  0%] Built target autoware_system_msgs_generate_messages_py
[0.888s] [  0%] Built target actionlib_generate_messages_py
[0.888s] [  0%] Built target tf2_msgs_generate_messages_cpp
[0.888s] [  0%] Built target visualization_msgs_generate_messages_nodejs
[0.888s] [  0%] Built target rviz_generate_messages_py
[0.888s] [  0%] Built target nav_msgs_generate_messages_eus
[0.888s] [  0%] Built target map_msgs_generate_messages_cpp
[0.888s] [  0%] Built target tf2_msgs_generate_messages_py
[0.944s] [  0%] Built target people_msgs_generate_messages_cpp
[0.945s] [  0%] Built target visualization_msgs_generate_messages_eus
[0.945s] [  0%] Built target tf2_msgs_generate_messages_eus
[0.945s] [  0%] Built target people_msgs_generate_messages_eus
[0.945s] [  0%] Built target visualization_msgs_generate_messages_py
[0.945s] [  0%] Built target velodyne_msgs_generate_messages_py
[0.945s] [  0%] Built target visualization_msgs_generate_messages_cpp
[0.945s] [  0%] Built target velodyne_driver_gencfg
[0.945s] [  0%] Built target rviz_generate_messages_eus
[0.945s] [  0%] Built target velodyne_msgs_generate_messages_nodejs
[0.945s] [  0%] Built target topic_tools_generate_messages_nodejs
[0.946s] [  0%] Built target map_msgs_generate_messages_py
[0.946s] [  0%] Built target diagnostic_msgs_generate_messages_eus
[0.946s] [  0%] Built target map_msgs_generate_messages_lisp
[0.946s] [  0%] Built target nav_msgs_generate_messages_nodejs
[0.946s] [  0%] Built target jsk_hark_msgs_generate_messages_py
[0.946s] [  0%] Built target tf2_msgs_generate_messages_lisp
[0.946s] [  0%] Built target diagnostic_msgs_generate_messages_nodejs
[0.946s] [  0%] Built target rviz_generate_messages_cpp
[0.964s] [  0%] Built target roscpp_generate_messages_nodejs
[1.024s] [  0%] Built target diagnostic_msgs_generate_messages_py
[1.024s] [  0%] Built target velodyne_msgs_generate_messages_lisp
[1.025s] [  0%] Built target people_msgs_generate_messages_py
[1.025s] [  0%] Built target people_msgs_generate_messages_lisp
[1.025s] [  0%] Built target velodyne_msgs_generate_messages_eus
[1.025s] [  0%] Built target actionlib_generate_messages_cpp
[1.235s] [ 10%] Built target approximate_ndt_mapping
[1.235s] [ 20%] Built target icp_matching
[1.236s] [ 30%] Built target ndt_matching_monitor_lib
[1.283s] [ 40%] Built target queue_counter
[1.283s] [ 50%] Built target ndt_matching_tku
[1.336s] [ 60%] Built target ndt_matching
[1.336s] [ 70%] Built target ndt_mapping_tku
[1.336s] [ 80%] Built target mapping
[1.336s] [ 90%] Built target ndt_mapping
[1.389s] [100%] Built target ndt_matching_monitor
[1.527s] Invoked command in '/home/autoware/Autoware/build/lidar_localizer' returned '0': CMAKE_PREFIX_PATH=/home/autoware/Autoware/install/ndt_gpu:/home/autoware/Autoware/install/autoware_health_checker:/home/autoware/Autoware/install/ros_observer:/home/autoware/Autoware/install/pcl_omp_registration:/home/autoware/Autoware/install/ndt_tku:/home/autoware/Autoware/install/ndt_cpu:/home/autoware/Autoware/install/autoware_system_msgs:/home/autoware/Autoware/install/autoware_msgs:/home/autoware/Autoware/install/autoware_config_msgs:/home/autoware/Autoware/install/autoware_build_flags:${CMAKE_PREFIX_PATH} LD_LIBRARY_PATH=/home/autoware/Autoware/install/ndt_gpu/lib:/home/autoware/Autoware/install/autoware_health_checker/lib:/home/autoware/Autoware/install/ros_observer/lib:/home/autoware/Autoware/install/pcl_omp_registration/lib:/home/autoware/Autoware/install/ndt_tku/lib:/home/autoware/Autoware/install/ndt_cpu/lib:${LD_LIBRARY_PATH} PKG_CONFIG_PATH=/home/autoware/Autoware/install/ndt_gpu/lib/x86_64-linux-gnu/pkgconfig:/home/autoware/Autoware/install/ndt_gpu/lib/pkgconfig:/home/autoware/Autoware/install/autoware_health_checker/lib/x86_64-linux-gnu/pkgconfig:/home/autoware/Autoware/install/autoware_health_checker/lib/pkgconfig:/home/autoware/Autoware/install/ros_observer/lib/x86_64-linux-gnu/pkgconfig:/home/autoware/Autoware/install/ros_observer/lib/pkgconfig:/home/autoware/Autoware/install/pcl_omp_registration/lib/x86_64-linux-gnu/pkgconfig:/home/autoware/Autoware/install/pcl_omp_registration/lib/pkgconfig:/home/autoware/Autoware/install/ndt_tku/lib/x86_64-linux-gnu/pkgconfig:/home/autoware/Autoware/install/ndt_tku/lib/pkgconfig:/home/autoware/Autoware/install/ndt_cpu/lib/x86_64-linux-gnu/pkgconfig:/home/autoware/Autoware/install/ndt_cpu/lib/pkgconfig:/home/autoware/Autoware/install/autoware_system_msgs/lib/x86_64-linux-gnu/pkgconfig:/home/autoware/Autoware/install/autoware_system_msgs/lib/pkgconfig:/home/autoware/Autoware/install/autoware_msgs/lib/x86_64-linux-gnu/pkgconfig:/home/autoware/Autoware/install/autoware_msgs/lib/pkgconfig:/home/autoware/Autoware/install/autoware_config_msgs/lib/x86_64-linux-gnu/pkgconfig:/home/autoware/Autoware/install/autoware_config_msgs/lib/pkgconfig:/home/autoware/Autoware/install/autoware_build_flags/lib/x86_64-linux-gnu/pkgconfig:/home/autoware/Autoware/install/autoware_build_flags/lib/pkgconfig:${PKG_CONFIG_PATH} PYTHONPATH=/home/autoware/Autoware/install/autoware_system_msgs/lib/python2.7/dist-packages:/home/autoware/Autoware/install/autoware_msgs/lib/python2.7/dist-packages:/home/autoware/Autoware/install/autoware_config_msgs/lib/python2.7/dist-packages:${PYTHONPATH} ROS_PACKAGE_PATH=/home/autoware/Autoware/install/ndt_gpu/share:/home/autoware/Autoware/install/autoware_health_checker/share:/home/autoware/Autoware/install/ros_observer/share:/home/autoware/Autoware/install/pcl_omp_registration/share:/home/autoware/Autoware/install/ndt_tku/share:/home/autoware/Autoware/install/ndt_cpu/share:/home/autoware/Autoware/install/autoware_system_msgs/share:/home/autoware/Autoware/install/autoware_msgs/share:/home/autoware/Autoware/install/autoware_config_msgs/share:/home/autoware/Autoware/install/autoware_build_flags/share:${ROS_PACKAGE_PATH} /usr/bin/cmake --build /home/autoware/Autoware/build/lidar_localizer -- -j32 -l32
[2.250s] Invoking command in '/home/autoware/Autoware/build/lidar_localizer': CMAKE_PREFIX_PATH=/home/autoware/Autoware/install/ndt_gpu:/home/autoware/Autoware/install/autoware_health_checker:/home/autoware/Autoware/install/ros_observer:/home/autoware/Autoware/install/pcl_omp_registration:/home/autoware/Autoware/install/ndt_tku:/home/autoware/Autoware/install/ndt_cpu:/home/autoware/Autoware/install/autoware_system_msgs:/home/autoware/Autoware/install/autoware_msgs:/home/autoware/Autoware/install/autoware_config_msgs:/home/autoware/Autoware/install/autoware_build_flags:${CMAKE_PREFIX_PATH} LD_LIBRARY_PATH=/home/autoware/Autoware/install/ndt_gpu/lib:/home/autoware/Autoware/install/autoware_health_checker/lib:/home/autoware/Autoware/install/ros_observer/lib:/home/autoware/Autoware/install/pcl_omp_registration/lib:/home/autoware/Autoware/install/ndt_tku/lib:/home/autoware/Autoware/install/ndt_cpu/lib:${LD_LIBRARY_PATH} PKG_CONFIG_PATH=/home/autoware/Autoware/install/ndt_gpu/lib/x86_64-linux-gnu/pkgconfig:/home/autoware/Autoware/install/ndt_gpu/lib/pkgconfig:/home/autoware/Autoware/install/autoware_health_checker/lib/x86_64-linux-gnu/pkgconfig:/home/autoware/Autoware/install/autoware_health_checker/lib/pkgconfig:/home/autoware/Autoware/install/ros_observer/lib/x86_64-linux-gnu/pkgconfig:/home/autoware/Autoware/install/ros_observer/lib/pkgconfig:/home/autoware/Autoware/install/pcl_omp_registration/lib/x86_64-linux-gnu/pkgconfig:/home/autoware/Autoware/install/pcl_omp_registration/lib/pkgconfig:/home/autoware/Autoware/install/ndt_tku/lib/x86_64-linux-gnu/pkgconfig:/home/autoware/Autoware/install/ndt_tku/lib/pkgconfig:/home/autoware/Autoware/install/ndt_cpu/lib/x86_64-linux-gnu/pkgconfig:/home/autoware/Autoware/install/ndt_cpu/lib/pkgconfig:/home/autoware/Autoware/install/autoware_system_msgs/lib/x86_64-linux-gnu/pkgconfig:/home/autoware/Autoware/install/autoware_system_msgs/lib/pkgconfig:/home/autoware/Autoware/install/autoware_msgs/lib/x86_64-linux-gnu/pkgconfig:/home/autoware/Autoware/install/autoware_msgs/lib/pkgconfig:/home/autoware/Autoware/install/autoware_config_msgs/lib/x86_64-linux-gnu/pkgconfig:/home/autoware/Autoware/install/autoware_config_msgs/lib/pkgconfig:/home/autoware/Autoware/install/autoware_build_flags/lib/x86_64-linux-gnu/pkgconfig:/home/autoware/Autoware/install/autoware_build_flags/lib/pkgconfig:${PKG_CONFIG_PATH} PYTHONPATH=/home/autoware/Autoware/install/autoware_system_msgs/lib/python2.7/dist-packages:/home/autoware/Autoware/install/autoware_msgs/lib/python2.7/dist-packages:/home/autoware/Autoware/install/autoware_config_msgs/lib/python2.7/dist-packages:${PYTHONPATH} ROS_PACKAGE_PATH=/home/autoware/Autoware/install/ndt_gpu/share:/home/autoware/Autoware/install/autoware_health_checker/share:/home/autoware/Autoware/install/ros_observer/share:/home/autoware/Autoware/install/pcl_omp_registration/share:/home/autoware/Autoware/install/ndt_tku/share:/home/autoware/Autoware/install/ndt_cpu/share:/home/autoware/Autoware/install/autoware_system_msgs/share:/home/autoware/Autoware/install/autoware_msgs/share:/home/autoware/Autoware/install/autoware_config_msgs/share:/home/autoware/Autoware/install/autoware_build_flags/share:${ROS_PACKAGE_PATH} /usr/bin/cmake --build /home/autoware/Autoware/build/lidar_localizer --target tests -- -j32 -l32
[2.724s] [ 50%] Built target gtest
[2.724s] [100%] Built target test_launch_ndt_matching
[2.791s] [100%] Built target tests
[2.838s] Invoked command in '/home/autoware/Autoware/build/lidar_localizer' returned '0': CMAKE_PREFIX_PATH=/home/autoware/Autoware/install/ndt_gpu:/home/autoware/Autoware/install/autoware_health_checker:/home/autoware/Autoware/install/ros_observer:/home/autoware/Autoware/install/pcl_omp_registration:/home/autoware/Autoware/install/ndt_tku:/home/autoware/Autoware/install/ndt_cpu:/home/autoware/Autoware/install/autoware_system_msgs:/home/autoware/Autoware/install/autoware_msgs:/home/autoware/Autoware/install/autoware_config_msgs:/home/autoware/Autoware/install/autoware_build_flags:${CMAKE_PREFIX_PATH} LD_LIBRARY_PATH=/home/autoware/Autoware/install/ndt_gpu/lib:/home/autoware/Autoware/install/autoware_health_checker/lib:/home/autoware/Autoware/install/ros_observer/lib:/home/autoware/Autoware/install/pcl_omp_registration/lib:/home/autoware/Autoware/install/ndt_tku/lib:/home/autoware/Autoware/install/ndt_cpu/lib:${LD_LIBRARY_PATH} PKG_CONFIG_PATH=/home/autoware/Autoware/install/ndt_gpu/lib/x86_64-linux-gnu/pkgconfig:/home/autoware/Autoware/install/ndt_gpu/lib/pkgconfig:/home/autoware/Autoware/install/autoware_health_checker/lib/x86_64-linux-gnu/pkgconfig:/home/autoware/Autoware/install/autoware_health_checker/lib/pkgconfig:/home/autoware/Autoware/install/ros_observer/lib/x86_64-linux-gnu/pkgconfig:/home/autoware/Autoware/install/ros_observer/lib/pkgconfig:/home/autoware/Autoware/install/pcl_omp_registration/lib/x86_64-linux-gnu/pkgconfig:/home/autoware/Autoware/install/pcl_omp_registration/lib/pkgconfig:/home/autoware/Autoware/install/ndt_tku/lib/x86_64-linux-gnu/pkgconfig:/home/autoware/Autoware/install/ndt_tku/lib/pkgconfig:/home/autoware/Autoware/install/ndt_cpu/lib/x86_64-linux-gnu/pkgconfig:/home/autoware/Autoware/install/ndt_cpu/lib/pkgconfig:/home/autoware/Autoware/install/autoware_system_msgs/lib/x86_64-linux-gnu/pkgconfig:/home/autoware/Autoware/install/autoware_system_msgs/lib/pkgconfig:/home/autoware/Autoware/install/autoware_msgs/lib/x86_64-linux-gnu/pkgconfig:/home/autoware/Autoware/install/autoware_msgs/lib/pkgconfig:/home/autoware/Autoware/install/autoware_config_msgs/lib/x86_64-linux-gnu/pkgconfig:/home/autoware/Autoware/install/autoware_config_msgs/lib/pkgconfig:/home/autoware/Autoware/install/autoware_build_flags/lib/x86_64-linux-gnu/pkgconfig:/home/autoware/Autoware/install/autoware_build_flags/lib/pkgconfig:${PKG_CONFIG_PATH} PYTHONPATH=/home/autoware/Autoware/install/autoware_system_msgs/lib/python2.7/dist-packages:/home/autoware/Autoware/install/autoware_msgs/lib/python2.7/dist-packages:/home/autoware/Autoware/install/autoware_config_msgs/lib/python2.7/dist-packages:${PYTHONPATH} ROS_PACKAGE_PATH=/home/autoware/Autoware/install/ndt_gpu/share:/home/autoware/Autoware/install/autoware_health_checker/share:/home/autoware/Autoware/install/ros_observer/share:/home/autoware/Autoware/install/pcl_omp_registration/share:/home/autoware/Autoware/install/ndt_tku/share:/home/autoware/Autoware/install/ndt_cpu/share:/home/autoware/Autoware/install/autoware_system_msgs/share:/home/autoware/Autoware/install/autoware_msgs/share:/home/autoware/Autoware/install/autoware_config_msgs/share:/home/autoware/Autoware/install/autoware_build_flags/share:${ROS_PACKAGE_PATH} /usr/bin/cmake --build /home/autoware/Autoware/build/lidar_localizer --target tests -- -j32 -l32
[4.691s] Invoking command in '/home/autoware/Autoware/build/lidar_localizer': CMAKE_PREFIX_PATH=/home/autoware/Autoware/install/ndt_gpu:/home/autoware/Autoware/install/autoware_health_checker:/home/autoware/Autoware/install/ros_observer:/home/autoware/Autoware/install/pcl_omp_registration:/home/autoware/Autoware/install/ndt_tku:/home/autoware/Autoware/install/ndt_cpu:/home/autoware/Autoware/install/autoware_system_msgs:/home/autoware/Autoware/install/autoware_msgs:/home/autoware/Autoware/install/autoware_config_msgs:/home/autoware/Autoware/install/autoware_build_flags:${CMAKE_PREFIX_PATH} LD_LIBRARY_PATH=/home/autoware/Autoware/install/ndt_gpu/lib:/home/autoware/Autoware/install/autoware_health_checker/lib:/home/autoware/Autoware/install/ros_observer/lib:/home/autoware/Autoware/install/pcl_omp_registration/lib:/home/autoware/Autoware/install/ndt_tku/lib:/home/autoware/Autoware/install/ndt_cpu/lib:${LD_LIBRARY_PATH} PKG_CONFIG_PATH=/home/autoware/Autoware/install/ndt_gpu/lib/x86_64-linux-gnu/pkgconfig:/home/autoware/Autoware/install/ndt_gpu/lib/pkgconfig:/home/autoware/Autoware/install/autoware_health_checker/lib/x86_64-linux-gnu/pkgconfig:/home/autoware/Autoware/install/autoware_health_checker/lib/pkgconfig:/home/autoware/Autoware/install/ros_observer/lib/x86_64-linux-gnu/pkgconfig:/home/autoware/Autoware/install/ros_observer/lib/pkgconfig:/home/autoware/Autoware/install/pcl_omp_registration/lib/x86_64-linux-gnu/pkgconfig:/home/autoware/Autoware/install/pcl_omp_registration/lib/pkgconfig:/home/autoware/Autoware/install/ndt_tku/lib/x86_64-linux-gnu/pkgconfig:/home/autoware/Autoware/install/ndt_tku/lib/pkgconfig:/home/autoware/Autoware/install/ndt_cpu/lib/x86_64-linux-gnu/pkgconfig:/home/autoware/Autoware/install/ndt_cpu/lib/pkgconfig:/home/autoware/Autoware/install/autoware_system_msgs/lib/x86_64-linux-gnu/pkgconfig:/home/autoware/Autoware/install/autoware_system_msgs/lib/pkgconfig:/home/autoware/Autoware/install/autoware_msgs/lib/x86_64-linux-gnu/pkgconfig:/home/autoware/Autoware/install/autoware_msgs/lib/pkgconfig:/home/autoware/Autoware/install/autoware_config_msgs/lib/x86_64-linux-gnu/pkgconfig:/home/autoware/Autoware/install/autoware_config_msgs/lib/pkgconfig:/home/autoware/Autoware/install/autoware_build_flags/lib/x86_64-linux-gnu/pkgconfig:/home/autoware/Autoware/install/autoware_build_flags/lib/pkgconfig:${PKG_CONFIG_PATH} PYTHONPATH=/home/autoware/Autoware/install/autoware_system_msgs/lib/python2.7/dist-packages:/home/autoware/Autoware/install/autoware_msgs/lib/python2.7/dist-packages:/home/autoware/Autoware/install/autoware_config_msgs/lib/python2.7/dist-packages:${PYTHONPATH} ROS_PACKAGE_PATH=/home/autoware/Autoware/install/ndt_gpu/share:/home/autoware/Autoware/install/autoware_health_checker/share:/home/autoware/Autoware/install/ros_observer/share:/home/autoware/Autoware/install/pcl_omp_registration/share:/home/autoware/Autoware/install/ndt_tku/share:/home/autoware/Autoware/install/ndt_cpu/share:/home/autoware/Autoware/install/autoware_system_msgs/share:/home/autoware/Autoware/install/autoware_msgs/share:/home/autoware/Autoware/install/autoware_config_msgs/share:/home/autoware/Autoware/install/autoware_build_flags/share:${ROS_PACKAGE_PATH} /usr/bin/cmake --build /home/autoware/Autoware/build/lidar_localizer --target install -- -j32 -l32
[4.866s] [  0%] Built target nodelet_generate_messages_cpp
[4.892s] [  0%] Built target pcl_msgs_generate_messages_py
[4.894s] [  0%] Built target dynamic_reconfigure_generate_messages_nodejs
[4.896s] [  0%] Built target actionlib_msgs_generate_messages_cpp
[4.970s] [  0%] Built target tf_generate_messages_cpp
[4.970s] [  0%] Built target jsk_rviz_plugins_generate_messages_eus
[4.970s] [  0%] Built target tf_generate_messages_eus
[4.970s] [  0%] Built target pcl_ros_gencfg
[4.970s] [  0%] Built target actionlib_msgs_generate_messages_lisp
[4.970s] [  0%] Built target autoware_config_msgs_generate_messages_lisp
[4.970s] [  0%] Built target jsk_footstep_msgs_generate_messages_lisp
[4.970s] [  0%] Built target velodyne_pointcloud_gencfg
[4.971s] [  0%] Built target actionlib_generate_messages_eus
[4.971s] [  0%] Built target pcl_msgs_generate_messages_lisp
[4.971s] [  0%] Built target diagnostic_msgs_generate_messages_cpp
[4.971s] [  0%] Built target dynamic_reconfigure_generate_messages_py
[4.972s] [  0%] Built target jsk_hark_msgs_generate_messages_nodejs
[4.972s] [  0%] Built target actionlib_generate_messages_nodejs
[4.972s] [  0%] Built target std_msgs_generate_messages_nodejs
[4.972s] [  0%] Built target rviz_generate_messages_nodejs
[4.972s] [  0%] Built target autoware_system_msgs_generate_messages_nodejs
[4.972s] [  0%] Built target pcl_msgs_generate_messages_cpp
[4.972s] [  0%] Built target jsk_footstep_msgs_generate_messages_eus
[4.972s] [  0%] Built target actionlib_msgs_generate_messages_py
[5.001s] [  0%] Built target std_msgs_generate_messages_lisp
[5.001s] [  0%] Built target pcl_msgs_generate_messages_eus
[5.001s] [  0%] Built target sensor_msgs_generate_messages_eus
[5.001s] [  0%] Built target people_msgs_generate_messages_nodejs
[5.001s] [  0%] Built target jsk_rviz_plugins_generate_messages_nodejs
[5.001s] [  0%] Built target sensor_msgs_generate_messages_py
[5.001s] [  0%] Built target sensor_msgs_generate_messages_nodejs
[5.001s] [  0%] Built target jsk_rviz_plugins_gencfg
[5.001s] [  0%] Built target jsk_footstep_msgs_generate_messages_cpp
[5.002s] [  0%] Built target nodelet_generate_messages_py
[5.002s] [  0%] Built target jsk_recognition_msgs_generate_messages_py
[5.002s] [  0%] Built target dynamic_reconfigure_generate_messages_eus
[5.019s] [  0%] Built target velodyne_msgs_generate_messages_cpp
[5.019s] [  0%] Built target rviz_generate_messages_lisp
[5.026s] [  0%] Built target autoware_config_msgs_generate_messages_eus
[5.026s] [  0%] Built target sensor_msgs_generate_messages_cpp
[5.026s] [  0%] Built target autoware_config_msgs_generate_messages_py
[5.027s] [  0%] Built target autoware_config_msgs_generate_messages_cpp
[5.027s] [  0%] Built target autoware_msgs_generate_messages_nodejs
[5.031s] [  0%] Built target bond_generate_messages_nodejs
[5.036s] [  0%] Built target visualization_msgs_generate_messages_lisp
[5.036s] [  0%] Built target rosgraph_msgs_generate_messages_py
[5.040s] [  0%] Built target pcl_msgs_generate_messages_nodejs
[5.041s] [  0%] Built target rosgraph_msgs_generate_messages_nodejs
[5.043s] [  0%] Built target jsk_recognition_utils_gencfg
[5.044s] [  0%] Built target geometry_msgs_generate_messages_nodejs
[5.045s] [  0%] Built target nodelet_generate_messages_lisp
[5.047s] [  0%] Built target actionlib_msgs_generate_messages_eus
[5.055s] [  0%] Built target roscpp_generate_messages_eus
[5.056s] [  0%] Built target autoware_msgs_generate_messages_py
[5.062s] [  0%] Built target actionlib_msgs_generate_messages_nodejs
[5.065s] [  0%] Built target jsk_rviz_plugins_generate_messages_lisp
[5.066s] [  0%] Built target autoware_system_msgs_generate_messages_lisp
[5.067s] [  0%] Built target jsk_rviz_plugins_generate_messages_cpp
[5.079s] [  0%] Built target jsk_recognition_msgs_generate_messages_nodejs
[5.079s] [  0%] Built target topic_tools_generate_messages_py
[5.080s] [  0%] Built target jsk_footstep_msgs_generate_messages_py
[5.108s] [  0%] Built target map_msgs_generate_messages_nodejs
[5.108s] [  0%] Built target jsk_recognition_msgs_generate_messages_eus
[5.108s] [  0%] Built target roscpp_generate_messages_lisp
[5.108s] [  0%] Built target std_msgs_generate_messages_eus
[5.108s] [  0%] Built target jsk_hark_msgs_generate_messages_cpp
[5.108s] [  0%] Built target nav_msgs_generate_messages_cpp
[5.108s] [  0%] Built target sensor_msgs_generate_messages_lisp
[5.109s] [  0%] Built target rosgraph_msgs_generate_messages_lisp
[5.109s] [  0%] Built target nav_msgs_generate_messages_lisp
[5.109s] [  0%] Built target std_srvs_generate_messages_cpp
[5.110s] [  0%] Built target autoware_system_msgs_generate_messages_eus
[5.110s] [  0%] Built target topic_tools_generate_messages_lisp
[5.110s] [  0%] Built target std_msgs_generate_messages_py
[5.110s] [  0%] Built target autoware_msgs_generate_messages_cpp
[5.111s] [  0%] Built target rosgraph_msgs_generate_messages_cpp
[5.115s] [  0%] Built target diagnostic_msgs_generate_messages_lisp
[5.115s] [  0%] Built target autoware_msgs_generate_messages_eus
[5.116s] [  0%] Built target rosgraph_msgs_generate_messages_eus
[5.116s] [  0%] Built target dynamic_reconfigure_generate_messages_cpp
[5.120s] [  0%] Built target std_srvs_generate_messages_eus
[5.120s] [  0%] Built target autoware_config_msgs_generate_messages_nodejs
[5.130s] [  0%] Built target autoware_msgs_generate_messages_lisp
[5.130s] [  0%] Built target autoware_system_msgs_generate_messages_cpp
[5.130s] [  0%] Built target geometry_msgs_generate_messages_eus
[5.130s] [  0%] Built target tf_generate_messages_nodejs
[5.135s] [  0%] Built target jsk_hark_msgs_generate_messages_eus
[5.135s] [  0%] Built target actionlib_generate_messages_lisp
[5.137s] [  0%] Built target std_msgs_generate_messages_cpp
[5.138s] [  0%] Built target jsk_rviz_plugins_generate_messages_py
[5.140s] [  0%] Built target nodelet_topic_tools_gencfg
[5.142s] [  0%] Built target geometry_msgs_generate_messages_cpp
[5.148s] [  0%] Built target geometry_msgs_generate_messages_py
[5.148s] [  0%] Built target jsk_footstep_msgs_generate_messages_nodejs
[5.148s] [  0%] Built target roscpp_generate_messages_cpp
[5.152s] [  0%] Built target jsk_recognition_msgs_generate_messages_lisp
[5.153s] [  0%] Built target jsk_hark_msgs_generate_messages_lisp
[5.155s] [  0%] Built target roscpp_generate_messages_py
[5.156s] [  0%] Built target geometry_msgs_generate_messages_lisp
[5.156s] [  0%] Built target nodelet_generate_messages_eus
[5.159s] [  0%] Built target nav_msgs_generate_messages_py
[5.162s] [  0%] Built target bond_generate_messages_cpp
[5.163s] [  0%] Built target dynamic_reconfigure_gencfg
[5.166s] [  0%] Built target bond_generate_messages_eus
[5.166s] [  0%] Built target map_msgs_generate_messages_eus
[5.167s] [  0%] Built target std_srvs_generate_messages_nodejs
[5.178s] [  0%] Built target bond_generate_messages_lisp
[5.178s] [  0%] Built target std_srvs_generate_messages_lisp
[5.178s] [  0%] Built target topic_tools_generate_messages_cpp
[5.179s] [  0%] Built target autoware_system_msgs_generate_messages_py
[5.179s] [  0%] Built target std_srvs_generate_messages_py
[5.179s] [  0%] Built target tf_generate_messages_lisp
[5.180s] [  0%] Built target nodelet_generate_messages_nodejs
[5.181s] [  0%] Built target topic_tools_generate_messages_nodejs
[5.184s] [  0%] Built target actionlib_generate_messages_py
[5.185s] [  0%] Built target visualization_msgs_generate_messages_cpp
[5.187s] [  0%] Built target topic_tools_generate_messages_eus
[5.187s] [  0%] Built target bond_generate_messages_py
[5.188s] [  0%] Built target tf2_msgs_generate_messages_py
[5.190s] [  0%] Built target map_msgs_generate_messages_cpp
[5.191s] [  0%] Built target nav_msgs_generate_messages_eus
[5.196s] [  0%] Built target tf2_msgs_generate_messages_cpp
[5.201s] [  0%] Built target jsk_recognition_msgs_generate_messages_cpp
[5.201s] [  0%] Built target visualization_msgs_generate_messages_nodejs
[5.201s] [  0%] Built target tf2_msgs_generate_messages_nodejs
[5.201s] [  0%] Built target tf_generate_messages_py
[5.202s] [  0%] Built target tf2_msgs_generate_messages_eus
[5.203s] [  0%] Built target dynamic_reconfigure_generate_messages_lisp
[5.213s] [  0%] Built target rviz_generate_messages_py
[5.214s] [  0%] Built target people_msgs_generate_messages_cpp
[5.214s] [  0%] Built target visualization_msgs_generate_messages_eus
[5.214s] [  0%] Built target people_msgs_generate_messages_eus
[5.214s] [  0%] Built target rviz_generate_messages_eus
[5.220s] [  0%] Built target tf2_msgs_generate_messages_lisp
[5.220s] [  0%] Built target velodyne_msgs_generate_messages_eus
[5.221s] [  0%] Built target people_msgs_generate_messages_lisp
[5.221s] [  0%] Built target visualization_msgs_generate_messages_py
[5.221s] [  0%] Built target map_msgs_generate_messages_lisp
[5.222s] [  0%] Built target velodyne_msgs_generate_messages_lisp
[5.222s] [  0%] Built target velodyne_msgs_generate_messages_py
[5.222s] [  0%] Built target diagnostic_msgs_generate_messages_eus
[5.223s] [  0%] Built target nav_msgs_generate_messages_nodejs
[5.224s] [  0%] Built target rviz_generate_messages_cpp
[5.224s] [  0%] Built target velodyne_driver_gencfg
[5.224s] [  0%] Built target diagnostic_msgs_generate_messages_nodejs
[5.226s] [  0%] Built target velodyne_msgs_generate_messages_nodejs
[5.226s] [  0%] Built target roscpp_generate_messages_nodejs
[5.227s] [  0%] Built target jsk_hark_msgs_generate_messages_py
[5.227s] [  0%] Built target map_msgs_generate_messages_py
[5.228s] [  0%] Built target diagnostic_msgs_generate_messages_py
[5.228s] [  0%] Built target actionlib_generate_messages_cpp
[5.229s] [  0%] Built target people_msgs_generate_messages_py
[5.291s] [ 10%] Built target queue_counter
[5.291s] [ 20%] Built target ndt_matching_tku
[5.321s] [ 30%] Built target mapping
[5.321s] [ 40%] Built target ndt_mapping
[5.322s] [ 50%] Built target ndt_matching
[5.322s] [ 60%] Built target ndt_matching_monitor_lib
[5.322s] [ 70%] Built target approximate_ndt_mapping
[5.322s] [ 80%] Built target ndt_mapping_tku
[5.322s] [ 90%] Built target icp_matching
[5.390s] [100%] Built target ndt_matching_monitor
[5.462s] Install the project...
[5.462s] -- Install configuration: "Release"
[5.462s] -- Up-to-date: /home/autoware/Autoware/install/lidar_localizer/lib/pkgconfig/lidar_localizer.pc
[5.462s] -- Up-to-date: /home/autoware/Autoware/install/lidar_localizer/share/lidar_localizer/cmake/lidar_localizerConfig.cmake
[5.462s] -- Up-to-date: /home/autoware/Autoware/install/lidar_localizer/share/lidar_localizer/cmake/lidar_localizerConfig-version.cmake
[5.462s] -- Up-to-date: /home/autoware/Autoware/install/lidar_localizer/share/lidar_localizer/package.xml
[5.462s] -- Up-to-date: /home/autoware/Autoware/install/lidar_localizer/lib/lidar_localizer/approximate_ndt_mapping
[5.478s] -- Up-to-date: /home/autoware/Autoware/install/lidar_localizer/lib/lidar_localizer/icp_matching
[5.500s] -- Up-to-date: /home/autoware/Autoware/install/lidar_localizer/lib/lidar_localizer/mapping
[5.515s] -- Up-to-date: /home/autoware/Autoware/install/lidar_localizer/lib/lidar_localizer/ndt_mapping
[5.546s] -- Up-to-date: /home/autoware/Autoware/install/lidar_localizer/lib/lidar_localizer/ndt_mapping_tku
[5.557s] -- Up-to-date: /home/autoware/Autoware/install/lidar_localizer/lib/lidar_localizer/ndt_matching
[5.589s] -- Up-to-date: /home/autoware/Autoware/install/lidar_localizer/lib/lidar_localizer/ndt_matching_monitor
[5.598s] -- Up-to-date: /home/autoware/Autoware/install/lidar_localizer/lib/libndt_matching_monitor_lib.so
[5.612s] -- Up-to-date: /home/autoware/Autoware/install/lidar_localizer/lib/lidar_localizer/queue_counter
[5.614s] -- Up-to-date: /home/autoware/Autoware/install/lidar_localizer/share/lidar_localizer/launch
[5.614s] -- Up-to-date: /home/autoware/Autoware/install/lidar_localizer/share/lidar_localizer/launch/ndt_matching.launch
[5.615s] -- Up-to-date: /home/autoware/Autoware/install/lidar_localizer/share/lidar_localizer/launch/ndt_mapping.launch
[5.616s] -- Up-to-date: /home/autoware/Autoware/install/lidar_localizer/share/lidar_localizer/launch/ndt_matching_tku.launch
[5.617s] -- Up-to-date: /home/autoware/Autoware/install/lidar_localizer/share/lidar_localizer/launch/ndt_matching_tku_org.launch
[5.618s] -- Up-to-date: /home/autoware/Autoware/install/lidar_localizer/share/lidar_localizer/launch/ndt_matching_monitor.launch
[5.619s] -- Up-to-date: /home/autoware/Autoware/install/lidar_localizer/share/lidar_localizer/launch/approximate_ndt_mapping.launch
[5.619s] -- Up-to-date: /home/autoware/Autoware/install/lidar_localizer/share/lidar_localizer/launch/icp_matching.launch
[5.620s] -- Up-to-date: /home/autoware/Autoware/install/lidar_localizer/share/lidar_localizer/launch/ndt_mapping_tku.launch
[5.637s] Invoked command in '/home/autoware/Autoware/build/lidar_localizer' returned '0': CMAKE_PREFIX_PATH=/home/autoware/Autoware/install/ndt_gpu:/home/autoware/Autoware/install/autoware_health_checker:/home/autoware/Autoware/install/ros_observer:/home/autoware/Autoware/install/pcl_omp_registration:/home/autoware/Autoware/install/ndt_tku:/home/autoware/Autoware/install/ndt_cpu:/home/autoware/Autoware/install/autoware_system_msgs:/home/autoware/Autoware/install/autoware_msgs:/home/autoware/Autoware/install/autoware_config_msgs:/home/autoware/Autoware/install/autoware_build_flags:${CMAKE_PREFIX_PATH} LD_LIBRARY_PATH=/home/autoware/Autoware/install/ndt_gpu/lib:/home/autoware/Autoware/install/autoware_health_checker/lib:/home/autoware/Autoware/install/ros_observer/lib:/home/autoware/Autoware/install/pcl_omp_registration/lib:/home/autoware/Autoware/install/ndt_tku/lib:/home/autoware/Autoware/install/ndt_cpu/lib:${LD_LIBRARY_PATH} PKG_CONFIG_PATH=/home/autoware/Autoware/install/ndt_gpu/lib/x86_64-linux-gnu/pkgconfig:/home/autoware/Autoware/install/ndt_gpu/lib/pkgconfig:/home/autoware/Autoware/install/autoware_health_checker/lib/x86_64-linux-gnu/pkgconfig:/home/autoware/Autoware/install/autoware_health_checker/lib/pkgconfig:/home/autoware/Autoware/install/ros_observer/lib/x86_64-linux-gnu/pkgconfig:/home/autoware/Autoware/install/ros_observer/lib/pkgconfig:/home/autoware/Autoware/install/pcl_omp_registration/lib/x86_64-linux-gnu/pkgconfig:/home/autoware/Autoware/install/pcl_omp_registration/lib/pkgconfig:/home/autoware/Autoware/install/ndt_tku/lib/x86_64-linux-gnu/pkgconfig:/home/autoware/Autoware/install/ndt_tku/lib/pkgconfig:/home/autoware/Autoware/install/ndt_cpu/lib/x86_64-linux-gnu/pkgconfig:/home/autoware/Autoware/install/ndt_cpu/lib/pkgconfig:/home/autoware/Autoware/install/autoware_system_msgs/lib/x86_64-linux-gnu/pkgconfig:/home/autoware/Autoware/install/autoware_system_msgs/lib/pkgconfig:/home/autoware/Autoware/install/autoware_msgs/lib/x86_64-linux-gnu/pkgconfig:/home/autoware/Autoware/install/autoware_msgs/lib/pkgconfig:/home/autoware/Autoware/install/autoware_config_msgs/lib/x86_64-linux-gnu/pkgconfig:/home/autoware/Autoware/install/autoware_config_msgs/lib/pkgconfig:/home/autoware/Autoware/install/autoware_build_flags/lib/x86_64-linux-gnu/pkgconfig:/home/autoware/Autoware/install/autoware_build_flags/lib/pkgconfig:${PKG_CONFIG_PATH} PYTHONPATH=/home/autoware/Autoware/install/autoware_system_msgs/lib/python2.7/dist-packages:/home/autoware/Autoware/install/autoware_msgs/lib/python2.7/dist-packages:/home/autoware/Autoware/install/autoware_config_msgs/lib/python2.7/dist-packages:${PYTHONPATH} ROS_PACKAGE_PATH=/home/autoware/Autoware/install/ndt_gpu/share:/home/autoware/Autoware/install/autoware_health_checker/share:/home/autoware/Autoware/install/ros_observer/share:/home/autoware/Autoware/install/pcl_omp_registration/share:/home/autoware/Autoware/install/ndt_tku/share:/home/autoware/Autoware/install/ndt_cpu/share:/home/autoware/Autoware/install/autoware_system_msgs/share:/home/autoware/Autoware/install/autoware_msgs/share:/home/autoware/Autoware/install/autoware_config_msgs/share:/home/autoware/Autoware/install/autoware_build_flags/share:${ROS_PACKAGE_PATH} /usr/bin/cmake --build /home/autoware/Autoware/build/lidar_localizer --target install -- -j32 -l32
