[0.579s] Invoking command in '/home/autoware/Autoware/build/astar_search': CMAKE_PREFIX_PATH=/home/autoware/Autoware/install/autoware_msgs:/home/autoware/Autoware/install/autoware_build_flags:${CMAKE_PREFIX_PATH} PKG_CONFIG_PATH=/home/autoware/Autoware/install/autoware_msgs/lib/x86_64-linux-gnu/pkgconfig:/home/autoware/Autoware/install/autoware_msgs/lib/pkgconfig:/home/autoware/Autoware/install/autoware_build_flags/lib/x86_64-linux-gnu/pkgconfig:/home/autoware/Autoware/install/autoware_build_flags/lib/pkgconfig:${PKG_CONFIG_PATH} PYTHONPATH=/home/autoware/Autoware/install/autoware_msgs/lib/python2.7/dist-packages:${PYTHONPATH} ROS_PACKAGE_PATH=/home/autoware/Autoware/install/autoware_msgs/share:/home/autoware/Autoware/install/autoware_build_flags/share:${ROS_PACKAGE_PATH} /usr/bin/cmake --build /home/autoware/Autoware/build/astar_search -- -j32 -l32
[0.921s] [  0%] Built target tf2_msgs_generate_messages_cpp
[0.921s] [  0%] Built target geometry_msgs_generate_messages_py
[0.921s] [  0%] Built target tf2_msgs_generate_messages_py
[0.921s] [  0%] Built target tf2_msgs_generate_messages_nodejs
[0.921s] [  0%] Built target topic_tools_generate_messages_cpp
[0.921s] [  0%] Built target actionlib_generate_messages_py
[0.921s] [  0%] Built target rosgraph_msgs_generate_messages_cpp
[0.921s] [  0%] Built target roscpp_generate_messages_cpp
[0.922s] [  0%] Built target autoware_msgs_generate_messages_cpp
[0.922s] [  0%] Built target bond_generate_messages_lisp
[0.922s] [  0%] Built target actionlib_generate_messages_cpp
[0.922s] [  0%] Built target topic_tools_generate_messages_eus
[0.922s] [  0%] Built target tf_generate_messages_nodejs
[0.922s] [  0%] Built target topic_tools_generate_messages_nodejs
[0.922s] [  0%] Built target nodelet_generate_messages_nodejs
[0.922s] [  0%] Built target std_srvs_generate_messages_lisp
[0.922s] [  0%] Built target tf_generate_messages_lisp
[0.922s] [  0%] Built target pcl_msgs_generate_messages_nodejs
[0.923s] [  0%] Built target pcl_msgs_generate_messages_eus
[0.923s] [  0%] Built target std_msgs_generate_messages_nodejs
[0.923s] [  0%] Built target sensor_msgs_generate_messages_nodejs
[0.923s] [  0%] Built target jsk_recognition_msgs_generate_messages_lisp
[0.923s] [  0%] Built target sensor_msgs_generate_messages_cpp
[0.923s] [  0%] Built target rosgraph_msgs_generate_messages_eus
[0.923s] [  0%] Built target sensor_msgs_generate_messages_eus
[0.923s] [  0%] Built target jsk_recognition_msgs_generate_messages_py
[0.923s] [  0%] Built target dynamic_reconfigure_generate_messages_cpp
[0.923s] [  0%] Built target tf_generate_messages_py
[0.923s] [  0%] Built target std_msgs_generate_messages_py
[0.924s] [  0%] Built target tf2_msgs_generate_messages_eus
[0.924s] [  0%] Built target std_srvs_generate_messages_py
[0.924s] [  0%] Built target jsk_recognition_msgs_generate_messages_eus
[0.924s] [  0%] Built target sensor_msgs_generate_messages_py
[0.924s] [  0%] Built target autoware_msgs_generate_messages_py
[0.925s] [  0%] Built target std_msgs_generate_messages_cpp
[0.925s] [  0%] Built target actionlib_generate_messages_eus
[0.925s] [  0%] Built target std_msgs_generate_messages_lisp
[0.926s] [  0%] Built target actionlib_generate_messages_lisp
[0.927s] [  0%] Built target pcl_msgs_generate_messages_cpp
[0.927s] [  0%] Built target actionlib_generate_messages_nodejs
[0.928s] [  0%] Built target geometry_msgs_generate_messages_eus
[0.928s] [  0%] Built target autoware_msgs_generate_messages_lisp
[0.928s] [  0%] Built target jsk_recognition_msgs_generate_messages_cpp
[0.928s] [  0%] Built target nodelet_generate_messages_py
[0.929s] [  0%] Built target jsk_footstep_msgs_generate_messages_py
[0.929s] [  0%] Built target jsk_footstep_msgs_generate_messages_eus
[0.929s] [  0%] Built target roscpp_generate_messages_nodejs
[0.930s] [  0%] Built target geometry_msgs_generate_messages_lisp
[0.930s] [  0%] Built target nodelet_generate_messages_lisp
[0.930s] [  0%] Built target autoware_msgs_generate_messages_eus
[0.931s] [  0%] Built target geometry_msgs_generate_messages_nodejs
[0.931s] [  0%] Built target autoware_msgs_generate_messages_nodejs
[0.932s] [  0%] Built target topic_tools_generate_messages_lisp
[0.933s] [  0%] Built target geometry_msgs_generate_messages_cpp
[0.933s] [  0%] Built target pcl_msgs_generate_messages_lisp
[0.933s] [  0%] Built target pcl_msgs_generate_messages_py
[0.934s] [  0%] Built target dynamic_reconfigure_generate_messages_lisp
[0.934s] [  0%] Built target tf_generate_messages_eus
[0.934s] [  0%] Built target actionlib_msgs_generate_messages_py
[0.934s] [  0%] Built target jsk_footstep_msgs_generate_messages_nodejs
[0.935s] [  0%] Built target std_msgs_generate_messages_eus
[0.936s] [  0%] Built target tf_generate_messages_cpp
[0.936s] [  0%] Built target sensor_msgs_generate_messages_lisp
[0.936s] [  0%] Built target jsk_footstep_msgs_generate_messages_cpp
[0.936s] [  0%] Built target jsk_footstep_msgs_generate_messages_lisp
[0.936s] [  0%] Built target std_srvs_generate_messages_cpp
[0.936s] [  0%] Built target pcl_ros_gencfg
[0.936s] [  0%] Built target std_srvs_generate_messages_eus
[0.937s] [  0%] Built target actionlib_msgs_generate_messages_lisp
[0.937s] [  0%] Built target bond_generate_messages_eus
[0.937s] [  0%] Built target dynamic_reconfigure_generate_messages_nodejs
[0.937s] [  0%] Built target roscpp_generate_messages_py
[0.937s] [  0%] Built target rosgraph_msgs_generate_messages_nodejs
[0.937s] [  0%] Built target rosgraph_msgs_generate_messages_py
[0.938s] [  0%] Built target rosgraph_msgs_generate_messages_lisp
[0.940s] [  0%] Built target std_srvs_generate_messages_nodejs
[0.940s] [  0%] Built target roscpp_generate_messages_lisp
[0.940s] [  0%] Built target dynamic_reconfigure_gencfg
[0.941s] [  0%] Built target actionlib_msgs_generate_messages_cpp
[0.942s] [  0%] Built target dynamic_reconfigure_generate_messages_eus
[0.942s] [  0%] Built target jsk_recognition_msgs_generate_messages_nodejs
[0.943s] [  0%] Built target nodelet_generate_messages_cpp
[0.943s] [  0%] Built target bond_generate_messages_cpp
[0.943s] [  0%] Built target dynamic_reconfigure_generate_messages_py
[0.943s] [  0%] Built target actionlib_msgs_generate_messages_eus
[0.944s] [  0%] Built target tf2_msgs_generate_messages_lisp
[0.944s] [  0%] Built target roscpp_generate_messages_eus
[0.944s] [  0%] Built target nodelet_generate_messages_eus
[0.946s] [  0%] Built target topic_tools_generate_messages_py
[0.946s] [  0%] Built target bond_generate_messages_nodejs
[0.946s] [  0%] Built target actionlib_msgs_generate_messages_nodejs
[0.946s] [  0%] Built target bond_generate_messages_py
[0.947s] [  0%] Built target _catkin_empty_exported_target
[0.947s] [  0%] Built target nodelet_topic_tools_gencfg
[0.947s] [100%] Built target astar_search
[1.065s] Invoked command in '/home/autoware/Autoware/build/astar_search' returned '0': CMAKE_PREFIX_PATH=/home/autoware/Autoware/install/autoware_msgs:/home/autoware/Autoware/install/autoware_build_flags:${CMAKE_PREFIX_PATH} PKG_CONFIG_PATH=/home/autoware/Autoware/install/autoware_msgs/lib/x86_64-linux-gnu/pkgconfig:/home/autoware/Autoware/install/autoware_msgs/lib/pkgconfig:/home/autoware/Autoware/install/autoware_build_flags/lib/x86_64-linux-gnu/pkgconfig:/home/autoware/Autoware/install/autoware_build_flags/lib/pkgconfig:${PKG_CONFIG_PATH} PYTHONPATH=/home/autoware/Autoware/install/autoware_msgs/lib/python2.7/dist-packages:${PYTHONPATH} ROS_PACKAGE_PATH=/home/autoware/Autoware/install/autoware_msgs/share:/home/autoware/Autoware/install/autoware_build_flags/share:${ROS_PACKAGE_PATH} /usr/bin/cmake --build /home/autoware/Autoware/build/astar_search -- -j32 -l32
[2.772s] Invoking command in '/home/autoware/Autoware/build/astar_search': CMAKE_PREFIX_PATH=/home/autoware/Autoware/install/autoware_msgs:/home/autoware/Autoware/install/autoware_build_flags:${CMAKE_PREFIX_PATH} PKG_CONFIG_PATH=/home/autoware/Autoware/install/autoware_msgs/lib/x86_64-linux-gnu/pkgconfig:/home/autoware/Autoware/install/autoware_msgs/lib/pkgconfig:/home/autoware/Autoware/install/autoware_build_flags/lib/x86_64-linux-gnu/pkgconfig:/home/autoware/Autoware/install/autoware_build_flags/lib/pkgconfig:${PKG_CONFIG_PATH} PYTHONPATH=/home/autoware/Autoware/install/autoware_msgs/lib/python2.7/dist-packages:${PYTHONPATH} ROS_PACKAGE_PATH=/home/autoware/Autoware/install/autoware_msgs/share:/home/autoware/Autoware/install/autoware_build_flags/share:${ROS_PACKAGE_PATH} /usr/bin/cmake --build /home/autoware/Autoware/build/astar_search --target tests -- -j32 -l32
[3.023s] [  0%] Built target roscpp_generate_messages_cpp
[3.023s] [  0%] Built target nodelet_generate_messages_nodejs
[3.023s] [  0%] Built target geometry_msgs_generate_messages_py
[3.023s] [  0%] Built target tf2_msgs_generate_messages_eus
[3.023s] [  0%] Built target dynamic_reconfigure_generate_messages_cpp
[3.024s] [  0%] Built target pcl_msgs_generate_messages_nodejs
[3.024s] [  0%] Built target std_srvs_generate_messages_lisp
[3.024s] [  0%] Built target tf_generate_messages_py
[3.024s] [  0%] Built target pcl_msgs_generate_messages_eus
[3.024s] [  0%] Built target rosgraph_msgs_generate_messages_eus
[3.024s] [  0%] Built target std_srvs_generate_messages_py
[3.024s] [  0%] Built target bond_generate_messages_lisp
[3.024s] [  0%] Built target autoware_msgs_generate_messages_cpp
[3.024s] [  0%] Built target std_msgs_generate_messages_nodejs
[3.024s] [  0%] Built target jsk_recognition_msgs_generate_messages_lisp
[3.024s] [  0%] Built target tf_generate_messages_lisp
[3.024s] [  0%] Built target topic_tools_generate_messages_eus
[3.024s] [ 20%] Built target gtest
[3.025s] [ 20%] Built target rosgraph_msgs_generate_messages_cpp
[3.025s] [ 20%] Built target tf2_msgs_generate_messages_nodejs
[3.025s] [ 20%] Built target sensor_msgs_generate_messages_cpp
[3.025s] [ 20%] Built target tf2_msgs_generate_messages_py
[3.025s] [ 20%] Built target sensor_msgs_generate_messages_eus
[3.025s] [ 20%] Built target sensor_msgs_generate_messages_nodejs
[3.025s] [ 20%] Built target tf_generate_messages_nodejs
[3.025s] [ 20%] Built target actionlib_generate_messages_py
[3.025s] [ 20%] Built target actionlib_generate_messages_cpp
[3.025s] [ 20%] Built target tf2_msgs_generate_messages_cpp
[3.025s] [ 20%] Built target jsk_recognition_msgs_generate_messages_eus
[3.025s] [ 20%] Built target topic_tools_generate_messages_nodejs
[3.026s] [ 20%] Built target topic_tools_generate_messages_cpp
[3.110s] [ 20%] Built target geometry_msgs_generate_messages_eus
[3.111s] [ 20%] Built target sensor_msgs_generate_messages_lisp
[3.111s] [ 20%] Built target jsk_footstep_msgs_generate_messages_py
[3.111s] [ 20%] Built target std_msgs_generate_messages_py
[3.111s] [ 20%] Built target std_msgs_generate_messages_cpp
[3.111s] [ 20%] Built target actionlib_generate_messages_eus
[3.146s] [ 20%] Built target jsk_recognition_msgs_generate_messages_py
[3.147s] [ 20%] Built target geometry_msgs_generate_messages_cpp
[3.147s] [ 20%] Built target geometry_msgs_generate_messages_nodejs
[3.147s] [ 20%] Built target nodelet_generate_messages_py
[3.147s] [ 20%] Built target jsk_recognition_msgs_generate_messages_cpp
[3.147s] [ 20%] Built target actionlib_msgs_generate_messages_py
[3.147s] [ 20%] Built target std_msgs_generate_messages_lisp
[3.147s] [ 20%] Built target autoware_msgs_generate_messages_lisp
[3.147s] [ 20%] Built target pcl_msgs_generate_messages_cpp
[3.148s] [ 20%] Built target dynamic_reconfigure_generate_messages_lisp
[3.148s] [ 20%] Built target autoware_msgs_generate_messages_nodejs
[3.148s] [ 20%] Built target actionlib_generate_messages_lisp
[3.148s] [ 20%] Built target actionlib_generate_messages_nodejs
[3.149s] [ 20%] Built target roscpp_generate_messages_nodejs
[3.149s] [ 20%] Built target autoware_msgs_generate_messages_py
[3.150s] [ 20%] Built target std_msgs_generate_messages_eus
[3.152s] [ 20%] Built target topic_tools_generate_messages_lisp
[3.153s] [ 20%] Built target autoware_msgs_generate_messages_eus
[3.153s] [ 20%] Built target geometry_msgs_generate_messages_lisp
[3.153s] [ 20%] Built target tf_generate_messages_cpp
[3.153s] [ 20%] Built target sensor_msgs_generate_messages_py
[3.155s] [ 20%] Built target pcl_msgs_generate_messages_lisp
[3.155s] [ 20%] Built target jsk_footstep_msgs_generate_messages_eus
[3.156s] [ 20%] Built target jsk_footstep_msgs_generate_messages_lisp
[3.156s] [ 20%] Built target pcl_msgs_generate_messages_py
[3.156s] [ 20%] Built target nodelet_generate_messages_lisp
[3.157s] [ 20%] Built target tf_generate_messages_eus
[3.157s] [ 20%] Built target std_srvs_generate_messages_cpp
[3.157s] [ 20%] Built target dynamic_reconfigure_gencfg
[3.157s] [ 20%] Built target jsk_footstep_msgs_generate_messages_nodejs
[3.157s] [ 20%] Built target std_srvs_generate_messages_eus
[3.157s] [ 20%] Built target dynamic_reconfigure_generate_messages_eus
[3.167s] [ 20%] Built target actionlib_msgs_generate_messages_eus
[3.168s] [ 20%] Built target actionlib_msgs_generate_messages_lisp
[3.168s] [ 20%] Built target roscpp_generate_messages_lisp
[3.168s] [ 20%] Built target topic_tools_generate_messages_py
[3.169s] [ 20%] Built target rosgraph_msgs_generate_messages_lisp
[3.169s] [ 20%] Built target actionlib_msgs_generate_messages_cpp
[3.169s] [ 20%] Built target bond_generate_messages_nodejs
[3.170s] [ 20%] Built target bond_generate_messages_py
[3.170s] [ 20%] Built target pcl_ros_gencfg
[3.170s] [ 20%] Built target rosgraph_msgs_generate_messages_nodejs
[3.170s] [ 20%] Built target jsk_footstep_msgs_generate_messages_cpp
[3.170s] [ 20%] Built target dynamic_reconfigure_generate_messages_py
[3.170s] [ 20%] Built target roscpp_generate_messages_eus
[3.170s] [ 20%] Built target roscpp_generate_messages_py
[3.171s] [ 20%] Built target jsk_recognition_msgs_generate_messages_nodejs
[3.171s] [ 20%] Built target nodelet_generate_messages_cpp
[3.171s] [ 20%] Built target tf2_msgs_generate_messages_lisp
[3.171s] [ 20%] Built target std_srvs_generate_messages_nodejs
[3.171s] [ 20%] Built target actionlib_msgs_generate_messages_nodejs
[3.171s] [ 20%] Built target bond_generate_messages_cpp
[3.171s] [ 20%] Built target rosgraph_msgs_generate_messages_py
[3.171s] [ 20%] Built target dynamic_reconfigure_generate_messages_nodejs
[3.171s] [ 20%] Built target bond_generate_messages_eus
[3.171s] [ 20%] Built target nodelet_generate_messages_eus
[3.172s] [ 20%] Built target _catkin_empty_exported_target
[3.172s] [ 20%] Built target nodelet_topic_tools_gencfg
[3.209s] [ 50%] Built target astar_search
[3.277s] [100%] Built target astar_search-test
[3.277s] [100%] Built target tests
[3.350s] Invoked command in '/home/autoware/Autoware/build/astar_search' returned '0': CMAKE_PREFIX_PATH=/home/autoware/Autoware/install/autoware_msgs:/home/autoware/Autoware/install/autoware_build_flags:${CMAKE_PREFIX_PATH} PKG_CONFIG_PATH=/home/autoware/Autoware/install/autoware_msgs/lib/x86_64-linux-gnu/pkgconfig:/home/autoware/Autoware/install/autoware_msgs/lib/pkgconfig:/home/autoware/Autoware/install/autoware_build_flags/lib/x86_64-linux-gnu/pkgconfig:/home/autoware/Autoware/install/autoware_build_flags/lib/pkgconfig:${PKG_CONFIG_PATH} PYTHONPATH=/home/autoware/Autoware/install/autoware_msgs/lib/python2.7/dist-packages:${PYTHONPATH} ROS_PACKAGE_PATH=/home/autoware/Autoware/install/autoware_msgs/share:/home/autoware/Autoware/install/autoware_build_flags/share:${ROS_PACKAGE_PATH} /usr/bin/cmake --build /home/autoware/Autoware/build/astar_search --target tests -- -j32 -l32
[4.448s] Invoking command in '/home/autoware/Autoware/build/astar_search': CMAKE_PREFIX_PATH=/home/autoware/Autoware/install/autoware_msgs:/home/autoware/Autoware/install/autoware_build_flags:${CMAKE_PREFIX_PATH} PKG_CONFIG_PATH=/home/autoware/Autoware/install/autoware_msgs/lib/x86_64-linux-gnu/pkgconfig:/home/autoware/Autoware/install/autoware_msgs/lib/pkgconfig:/home/autoware/Autoware/install/autoware_build_flags/lib/x86_64-linux-gnu/pkgconfig:/home/autoware/Autoware/install/autoware_build_flags/lib/pkgconfig:${PKG_CONFIG_PATH} PYTHONPATH=/home/autoware/Autoware/install/autoware_msgs/lib/python2.7/dist-packages:${PYTHONPATH} ROS_PACKAGE_PATH=/home/autoware/Autoware/install/autoware_msgs/share:/home/autoware/Autoware/install/autoware_build_flags/share:${ROS_PACKAGE_PATH} /usr/bin/cmake --build /home/autoware/Autoware/build/astar_search --target install -- -j32 -l32
[4.848s] [  0%] Built target sensor_msgs_generate_messages_nodejs
[4.849s] [  0%] Built target tf2_msgs_generate_messages_nodejs
[4.849s] [  0%] Built target topic_tools_generate_messages_eus
[4.849s] [  0%] Built target tf2_msgs_generate_messages_eus
[4.849s] [  0%] Built target tf_generate_messages_nodejs
[4.849s] [  0%] Built target sensor_msgs_generate_messages_cpp
[4.849s] [  0%] Built target tf2_msgs_generate_messages_py
[4.849s] [  0%] Built target tf_generate_messages_lisp
[4.849s] [  0%] Built target autoware_msgs_generate_messages_cpp
[4.849s] [  0%] Built target sensor_msgs_generate_messages_eus
[4.849s] [  0%] Built target actionlib_generate_messages_py
[4.849s] [  0%] Built target rosgraph_msgs_generate_messages_eus
[4.850s] [  0%] Built target geometry_msgs_generate_messages_py
[4.850s] [  0%] Built target jsk_recognition_msgs_generate_messages_py
[4.850s] [  0%] Built target pcl_msgs_generate_messages_eus
[4.850s] [  0%] Built target dynamic_reconfigure_generate_messages_cpp
[4.850s] [  0%] Built target bond_generate_messages_lisp
[4.850s] [  0%] Built target tf_generate_messages_py
[4.850s] [  0%] Built target std_srvs_generate_messages_py
[4.850s] [  0%] Built target std_srvs_generate_messages_lisp
[4.850s] [  0%] Built target tf2_msgs_generate_messages_cpp
[4.850s] [  0%] Built target topic_tools_generate_messages_cpp
[4.850s] [  0%] Built target jsk_recognition_msgs_generate_messages_eus
[4.850s] [  0%] Built target rosgraph_msgs_generate_messages_cpp
[4.851s] [  0%] Built target roscpp_generate_messages_cpp
[4.851s] [  0%] Built target actionlib_generate_messages_cpp
[4.851s] [  0%] Built target topic_tools_generate_messages_nodejs
[4.851s] [  0%] Built target nodelet_generate_messages_nodejs
[4.851s] [  0%] Built target std_msgs_generate_messages_py
[4.851s] [  0%] Built target std_msgs_generate_messages_nodejs
[4.851s] [  0%] Built target jsk_recognition_msgs_generate_messages_lisp
[4.851s] [  0%] Built target std_msgs_generate_messages_lisp
[4.851s] [  0%] Built target pcl_msgs_generate_messages_nodejs
[4.851s] [  0%] Built target sensor_msgs_generate_messages_py
[4.851s] [  0%] Built target jsk_footstep_msgs_generate_messages_py
[4.851s] [  0%] Built target std_msgs_generate_messages_cpp
[4.852s] [  0%] Built target roscpp_generate_messages_nodejs
[4.852s] [  0%] Built target sensor_msgs_generate_messages_lisp
[4.852s] [  0%] Built target actionlib_msgs_generate_messages_py
[4.852s] [  0%] Built target actionlib_generate_messages_lisp
[4.852s] [  0%] Built target geometry_msgs_generate_messages_cpp
[4.852s] [  0%] Built target dynamic_reconfigure_generate_messages_lisp
[4.852s] [  0%] Built target actionlib_generate_messages_nodejs
[4.852s] [  0%] Built target jsk_footstep_msgs_generate_messages_nodejs
[4.852s] [  0%] Built target autoware_msgs_generate_messages_eus
[4.852s] [  0%] Built target pcl_msgs_generate_messages_py
[4.852s] [  0%] Built target autoware_msgs_generate_messages_py
[4.852s] [  0%] Built target actionlib_generate_messages_eus
[4.853s] [  0%] Built target jsk_footstep_msgs_generate_messages_lisp
[4.853s] [  0%] Built target nodelet_generate_messages_lisp
[4.853s] [  0%] Built target autoware_msgs_generate_messages_lisp
[4.853s] [  0%] Built target std_msgs_generate_messages_eus
[4.853s] [  0%] Built target geometry_msgs_generate_messages_lisp
[4.853s] [  0%] Built target geometry_msgs_generate_messages_nodejs
[4.853s] [  0%] Built target topic_tools_generate_messages_lisp
[4.854s] [  0%] Built target autoware_msgs_generate_messages_nodejs
[4.854s] [  0%] Built target jsk_footstep_msgs_generate_messages_eus
[4.854s] [  0%] Built target tf_generate_messages_cpp
[4.854s] [  0%] Built target tf_generate_messages_eus
[4.854s] [  0%] Built target nodelet_generate_messages_py
[4.854s] [  0%] Built target pcl_msgs_generate_messages_cpp
[4.854s] [  0%] Built target pcl_msgs_generate_messages_lisp
[4.854s] [  0%] Built target dynamic_reconfigure_generate_messages_eus
[4.854s] [  0%] Built target geometry_msgs_generate_messages_eus
[4.854s] [  0%] Built target dynamic_reconfigure_gencfg
[4.854s] [  0%] Built target pcl_ros_gencfg
[4.854s] [  0%] Built target dynamic_reconfigure_generate_messages_py
[4.855s] [  0%] Built target actionlib_msgs_generate_messages_lisp
[4.855s] [  0%] Built target jsk_footstep_msgs_generate_messages_cpp
[4.855s] [  0%] Built target actionlib_msgs_generate_messages_cpp
[4.855s] [  0%] Built target tf2_msgs_generate_messages_lisp
[4.855s] [  0%] Built target dynamic_reconfigure_generate_messages_nodejs
[4.855s] [  0%] Built target jsk_recognition_msgs_generate_messages_cpp
[4.855s] [  0%] Built target roscpp_generate_messages_lisp
[4.855s] [  0%] Built target actionlib_msgs_generate_messages_eus
[4.855s] [  0%] Built target std_srvs_generate_messages_eus
[4.855s] [  0%] Built target roscpp_generate_messages_py
[4.855s] [  0%] Built target jsk_recognition_msgs_generate_messages_nodejs
[4.855s] [  0%] Built target nodelet_generate_messages_eus
[4.855s] [  0%] Built target nodelet_topic_tools_gencfg
[4.856s] [  0%] Built target _catkin_empty_exported_target
[4.856s] [  0%] Built target roscpp_generate_messages_eus
[4.856s] [  0%] Built target std_srvs_generate_messages_nodejs
[4.856s] [  0%] Built target rosgraph_msgs_generate_messages_py
[4.856s] [  0%] Built target bond_generate_messages_py
[4.856s] [  0%] Built target bond_generate_messages_cpp
[4.856s] [  0%] Built target std_srvs_generate_messages_cpp
[4.856s] [  0%] Built target bond_generate_messages_nodejs
[4.856s] [  0%] Built target bond_generate_messages_eus
[4.856s] [  0%] Built target nodelet_generate_messages_cpp
[4.856s] [  0%] Built target topic_tools_generate_messages_py
[4.856s] [  0%] Built target rosgraph_msgs_generate_messages_nodejs
[4.856s] [  0%] Built target actionlib_msgs_generate_messages_nodejs
[5.056s] [  0%] Built target rosgraph_msgs_generate_messages_lisp
[5.056s] [100%] Built target astar_search
[5.250s] Install the project...
[5.250s] -- Install configuration: "Release"
[5.250s] -- Up-to-date: /home/autoware/Autoware/install/astar_search/lib/pkgconfig/astar_search.pc
[5.250s] -- Up-to-date: /home/autoware/Autoware/install/astar_search/share/astar_search/cmake/astar_searchConfig.cmake
[5.258s] -- Up-to-date: /home/autoware/Autoware/install/astar_search/share/astar_search/cmake/astar_searchConfig-version.cmake
[5.259s] -- Up-to-date: /home/autoware/Autoware/install/astar_search/share/astar_search/package.xml
[5.259s] -- Up-to-date: /home/autoware/Autoware/install/astar_search/include/astar_search
[5.259s] -- Up-to-date: /home/autoware/Autoware/install/astar_search/include/astar_search/astar_util.h
[5.259s] -- Up-to-date: /home/autoware/Autoware/install/astar_search/include/astar_search/astar_search.h
[5.259s] -- Up-to-date: /home/autoware/Autoware/install/astar_search/lib/libastar_search.so
[5.358s] Invoked command in '/home/autoware/Autoware/build/astar_search' returned '0': CMAKE_PREFIX_PATH=/home/autoware/Autoware/install/autoware_msgs:/home/autoware/Autoware/install/autoware_build_flags:${CMAKE_PREFIX_PATH} PKG_CONFIG_PATH=/home/autoware/Autoware/install/autoware_msgs/lib/x86_64-linux-gnu/pkgconfig:/home/autoware/Autoware/install/autoware_msgs/lib/pkgconfig:/home/autoware/Autoware/install/autoware_build_flags/lib/x86_64-linux-gnu/pkgconfig:/home/autoware/Autoware/install/autoware_build_flags/lib/pkgconfig:${PKG_CONFIG_PATH} PYTHONPATH=/home/autoware/Autoware/install/autoware_msgs/lib/python2.7/dist-packages:${PYTHONPATH} ROS_PACKAGE_PATH=/home/autoware/Autoware/install/autoware_msgs/share:/home/autoware/Autoware/install/autoware_build_flags/share:${ROS_PACKAGE_PATH} /usr/bin/cmake --build /home/autoware/Autoware/build/astar_search --target install -- -j32 -l32
