Determining if the pthread_create exist failed with the following output:
Change Dir: /home/autoware/Autoware/build/object_map/CMakeFiles/CMakeTmp

Run Build Command:"/usr/bin/make" "cmTC_95393/fast"
/usr/bin/make -f CMakeFiles/cmTC_95393.dir/build.make CMakeFiles/cmTC_95393.dir/build
make[1]: Entering directory '/home/autoware/Autoware/build/object_map/CMakeFiles/CMakeTmp'
Building C object CMakeFiles/cmTC_95393.dir/CheckSymbolExists.c.o
/usr/bin/cc    -o CMakeFiles/cmTC_95393.dir/CheckSymbolExists.c.o   -c /home/autoware/Autoware/build/object_map/CMakeFiles/CMakeTmp/CheckSymbolExists.c
Linking C executable cmTC_95393
/usr/bin/cmake -E cmake_link_script CMakeFiles/cmTC_95393.dir/link.txt --verbose=1
/usr/bin/cc      -rdynamic CMakeFiles/cmTC_95393.dir/CheckSymbolExists.c.o  -o cmTC_95393 
CMakeFiles/cmTC_95393.dir/CheckSymbolExists.c.o: In function `main':
CheckSymbolExists.c:(.text+0x1b): undefined reference to `pthread_create'
collect2: error: ld returned 1 exit status
CMakeFiles/cmTC_95393.dir/build.make:97: recipe for target 'cmTC_95393' failed
make[1]: *** [cmTC_95393] Error 1
make[1]: Leaving directory '/home/autoware/Autoware/build/object_map/CMakeFiles/CMakeTmp'
Makefile:126: recipe for target 'cmTC_95393/fast' failed
make: *** [cmTC_95393/fast] Error 2

File /home/autoware/Autoware/build/object_map/CMakeFiles/CMakeTmp/CheckSymbolExists.c:
/* */
#include <pthread.h>

int main(int argc, char** argv)
{
  (void)argv;
#ifndef pthread_create
  return ((int*)(&pthread_create))[argc];
#else
  (void)argc;
  return 0;
#endif
}

Determining if the function pthread_create exists in the pthreads failed with the following output:
Change Dir: /home/autoware/Autoware/build/object_map/CMakeFiles/CMakeTmp

Run Build Command:"/usr/bin/make" "cmTC_f8fcf/fast"
/usr/bin/make -f CMakeFiles/cmTC_f8fcf.dir/build.make CMakeFiles/cmTC_f8fcf.dir/build
make[1]: Entering directory '/home/autoware/Autoware/build/object_map/CMakeFiles/CMakeTmp'
Building C object CMakeFiles/cmTC_f8fcf.dir/CheckFunctionExists.c.o
/usr/bin/cc   -DCHECK_FUNCTION_EXISTS=pthread_create   -o CMakeFiles/cmTC_f8fcf.dir/CheckFunctionExists.c.o   -c /usr/share/cmake-3.10/Modules/CheckFunctionExists.c
Linking C executable cmTC_f8fcf
/usr/bin/cmake -E cmake_link_script CMakeFiles/cmTC_f8fcf.dir/link.txt --verbose=1
/usr/bin/cc  -DCHECK_FUNCTION_EXISTS=pthread_create    -rdynamic CMakeFiles/cmTC_f8fcf.dir/CheckFunctionExists.c.o  -o cmTC_f8fcf -lpthreads 
/usr/bin/ld: cannot find -lpthreads
collect2: error: ld returned 1 exit status
CMakeFiles/cmTC_f8fcf.dir/build.make:97: recipe for target 'cmTC_f8fcf' failed
make[1]: *** [cmTC_f8fcf] Error 1
make[1]: Leaving directory '/home/autoware/Autoware/build/object_map/CMakeFiles/CMakeTmp'
Makefile:126: recipe for target 'cmTC_f8fcf/fast' failed
make: *** [cmTC_f8fcf/fast] Error 2


