[0.180s] Invoking command in '/home/autoware/Autoware/build/libvectormap': CMAKE_PREFIX_PATH=/home/autoware/Autoware/install/vector_map:/home/autoware/Autoware/install/vector_map_msgs:/home/autoware/Autoware/install/autoware_build_flags:${CMAKE_PREFIX_PATH} LD_LIBRARY_PATH=/home/autoware/Autoware/install/vector_map/lib:${LD_LIBRARY_PATH} PKG_CONFIG_PATH=/home/autoware/Autoware/install/vector_map/lib/x86_64-linux-gnu/pkgconfig:/home/autoware/Autoware/install/vector_map/lib/pkgconfig:/home/autoware/Autoware/install/vector_map_msgs/lib/x86_64-linux-gnu/pkgconfig:/home/autoware/Autoware/install/vector_map_msgs/lib/pkgconfig:/home/autoware/Autoware/install/autoware_build_flags/lib/x86_64-linux-gnu/pkgconfig:/home/autoware/Autoware/install/autoware_build_flags/lib/pkgconfig:${PKG_CONFIG_PATH} PYTHONPATH=/home/autoware/Autoware/install/vector_map_msgs/lib/python2.7/dist-packages:${PYTHONPATH} ROS_PACKAGE_PATH=/home/autoware/Autoware/install/vector_map/share:/home/autoware/Autoware/install/vector_map_msgs/share:/home/autoware/Autoware/install/autoware_build_flags/share:${ROS_PACKAGE_PATH} /usr/bin/cmake --build /home/autoware/Autoware/build/libvectormap -- -j32 -l32
[0.306s] [  0%] Built target tf2_msgs_generate_messages_py
[0.306s] [  0%] Built target visualization_msgs_generate_messages_cpp
[0.306s] [  0%] Built target actionlib_generate_messages_lisp
[0.306s] [  0%] Built target vector_map_msgs_generate_messages_eus
[0.306s] [  0%] Built target tf2_msgs_generate_messages_cpp
[0.307s] [  0%] Built target actionlib_msgs_generate_messages_cpp
[0.307s] [  0%] Built target rosgraph_msgs_generate_messages_py
[0.307s] [  0%] Built target actionlib_msgs_generate_messages_lisp
[0.307s] [  0%] Built target visualization_msgs_generate_messages_eus
[0.307s] [  0%] Built target visualization_msgs_generate_messages_py
[0.307s] [  0%] Built target geometry_msgs_generate_messages_cpp
[0.307s] [  0%] Built target actionlib_generate_messages_nodejs
[0.307s] [  0%] Built target actionlib_generate_messages_py
[0.308s] [  0%] Built target vector_map_msgs_generate_messages_cpp
[0.308s] [  0%] Built target roscpp_generate_messages_lisp
[0.308s] [  0%] Built target tf2_msgs_generate_messages_nodejs
[0.308s] [  0%] Built target sensor_msgs_generate_messages_nodejs
[0.308s] [  0%] Built target rosgraph_msgs_generate_messages_nodejs
[0.308s] [  0%] Built target actionlib_msgs_generate_messages_eus
[0.308s] [  0%] Built target tf_generate_messages_nodejs
[0.308s] [  0%] Built target actionlib_generate_messages_eus
[0.309s] [  0%] Built target vector_map_msgs_generate_messages_py
[0.309s] [  0%] Built target geometry_msgs_generate_messages_lisp
[0.309s] [  0%] Built target tf_generate_messages_eus
[0.309s] [  0%] Built target tf2_msgs_generate_messages_lisp
[0.309s] [  0%] Built target tf_generate_messages_lisp
[0.310s] [  0%] Built target actionlib_msgs_generate_messages_py
[0.310s] [  0%] Built target geometry_msgs_generate_messages_py
[0.311s] [  0%] Built target std_msgs_generate_messages_eus
[0.313s] [  0%] Built target vector_map_msgs_generate_messages_lisp
[0.313s] [  0%] Built target roscpp_generate_messages_py
[0.313s] [  0%] Built target tf2_msgs_generate_messages_eus
[0.319s] [  0%] Built target vector_map_msgs_generate_messages_nodejs
[0.319s] [  0%] Built target std_msgs_generate_messages_cpp
[0.319s] [  0%] Built target visualization_msgs_generate_messages_lisp
[0.319s] [  0%] Built target sensor_msgs_generate_messages_cpp
[0.319s] [  0%] Built target rosgraph_msgs_generate_messages_eus
[0.320s] [  0%] Built target visualization_msgs_generate_messages_nodejs
[0.320s] [  0%] Built target sensor_msgs_generate_messages_eus
[0.320s] [  0%] Built target _catkin_empty_exported_target
[0.321s] [  0%] Built target actionlib_msgs_generate_messages_nodejs
[0.321s] [  0%] Built target std_msgs_generate_messages_py
[0.322s] [  0%] Built target sensor_msgs_generate_messages_py
[0.322s] [  0%] Built target tf_generate_messages_cpp
[0.322s] [  0%] Built target std_msgs_generate_messages_lisp
[0.323s] [  0%] Built target rosgraph_msgs_generate_messages_lisp
[0.323s] [  0%] Built target roscpp_generate_messages_nodejs
[0.325s] [  0%] Built target roscpp_generate_messages_eus
[0.326s] [  0%] Built target geometry_msgs_generate_messages_eus
[0.326s] [  0%] Built target geometry_msgs_generate_messages_nodejs
[0.326s] [  0%] Built target std_msgs_generate_messages_nodejs
[0.326s] [  0%] Built target sensor_msgs_generate_messages_lisp
[0.326s] [  0%] Built target tf_generate_messages_py
[0.326s] [  0%] Built target actionlib_generate_messages_cpp
[0.326s] [  0%] Built target rosgraph_msgs_generate_messages_cpp
[0.326s] [  0%] Built target roscpp_generate_messages_cpp
[0.377s] [100%] Built target libvectormap
[0.553s] Invoked command in '/home/autoware/Autoware/build/libvectormap' returned '0': CMAKE_PREFIX_PATH=/home/autoware/Autoware/install/vector_map:/home/autoware/Autoware/install/vector_map_msgs:/home/autoware/Autoware/install/autoware_build_flags:${CMAKE_PREFIX_PATH} LD_LIBRARY_PATH=/home/autoware/Autoware/install/vector_map/lib:${LD_LIBRARY_PATH} PKG_CONFIG_PATH=/home/autoware/Autoware/install/vector_map/lib/x86_64-linux-gnu/pkgconfig:/home/autoware/Autoware/install/vector_map/lib/pkgconfig:/home/autoware/Autoware/install/vector_map_msgs/lib/x86_64-linux-gnu/pkgconfig:/home/autoware/Autoware/install/vector_map_msgs/lib/pkgconfig:/home/autoware/Autoware/install/autoware_build_flags/lib/x86_64-linux-gnu/pkgconfig:/home/autoware/Autoware/install/autoware_build_flags/lib/pkgconfig:${PKG_CONFIG_PATH} PYTHONPATH=/home/autoware/Autoware/install/vector_map_msgs/lib/python2.7/dist-packages:${PYTHONPATH} ROS_PACKAGE_PATH=/home/autoware/Autoware/install/vector_map/share:/home/autoware/Autoware/install/vector_map_msgs/share:/home/autoware/Autoware/install/autoware_build_flags/share:${ROS_PACKAGE_PATH} /usr/bin/cmake --build /home/autoware/Autoware/build/libvectormap -- -j32 -l32
[1.414s] Invoking command in '/home/autoware/Autoware/build/libvectormap': CMAKE_PREFIX_PATH=/home/autoware/Autoware/install/vector_map:/home/autoware/Autoware/install/vector_map_msgs:/home/autoware/Autoware/install/autoware_build_flags:${CMAKE_PREFIX_PATH} LD_LIBRARY_PATH=/home/autoware/Autoware/install/vector_map/lib:${LD_LIBRARY_PATH} PKG_CONFIG_PATH=/home/autoware/Autoware/install/vector_map/lib/x86_64-linux-gnu/pkgconfig:/home/autoware/Autoware/install/vector_map/lib/pkgconfig:/home/autoware/Autoware/install/vector_map_msgs/lib/x86_64-linux-gnu/pkgconfig:/home/autoware/Autoware/install/vector_map_msgs/lib/pkgconfig:/home/autoware/Autoware/install/autoware_build_flags/lib/x86_64-linux-gnu/pkgconfig:/home/autoware/Autoware/install/autoware_build_flags/lib/pkgconfig:${PKG_CONFIG_PATH} PYTHONPATH=/home/autoware/Autoware/install/vector_map_msgs/lib/python2.7/dist-packages:${PYTHONPATH} ROS_PACKAGE_PATH=/home/autoware/Autoware/install/vector_map/share:/home/autoware/Autoware/install/vector_map_msgs/share:/home/autoware/Autoware/install/autoware_build_flags/share:${ROS_PACKAGE_PATH} /usr/bin/cmake --build /home/autoware/Autoware/build/libvectormap --target tests -- -j32 -l32
[1.822s] Built target tests
[2.162s] Invoked command in '/home/autoware/Autoware/build/libvectormap' returned '0': CMAKE_PREFIX_PATH=/home/autoware/Autoware/install/vector_map:/home/autoware/Autoware/install/vector_map_msgs:/home/autoware/Autoware/install/autoware_build_flags:${CMAKE_PREFIX_PATH} LD_LIBRARY_PATH=/home/autoware/Autoware/install/vector_map/lib:${LD_LIBRARY_PATH} PKG_CONFIG_PATH=/home/autoware/Autoware/install/vector_map/lib/x86_64-linux-gnu/pkgconfig:/home/autoware/Autoware/install/vector_map/lib/pkgconfig:/home/autoware/Autoware/install/vector_map_msgs/lib/x86_64-linux-gnu/pkgconfig:/home/autoware/Autoware/install/vector_map_msgs/lib/pkgconfig:/home/autoware/Autoware/install/autoware_build_flags/lib/x86_64-linux-gnu/pkgconfig:/home/autoware/Autoware/install/autoware_build_flags/lib/pkgconfig:${PKG_CONFIG_PATH} PYTHONPATH=/home/autoware/Autoware/install/vector_map_msgs/lib/python2.7/dist-packages:${PYTHONPATH} ROS_PACKAGE_PATH=/home/autoware/Autoware/install/vector_map/share:/home/autoware/Autoware/install/vector_map_msgs/share:/home/autoware/Autoware/install/autoware_build_flags/share:${ROS_PACKAGE_PATH} /usr/bin/cmake --build /home/autoware/Autoware/build/libvectormap --target tests -- -j32 -l32
[3.170s] Invoking command in '/home/autoware/Autoware/build/libvectormap': CMAKE_PREFIX_PATH=/home/autoware/Autoware/install/vector_map:/home/autoware/Autoware/install/vector_map_msgs:/home/autoware/Autoware/install/autoware_build_flags:${CMAKE_PREFIX_PATH} LD_LIBRARY_PATH=/home/autoware/Autoware/install/vector_map/lib:${LD_LIBRARY_PATH} PKG_CONFIG_PATH=/home/autoware/Autoware/install/vector_map/lib/x86_64-linux-gnu/pkgconfig:/home/autoware/Autoware/install/vector_map/lib/pkgconfig:/home/autoware/Autoware/install/vector_map_msgs/lib/x86_64-linux-gnu/pkgconfig:/home/autoware/Autoware/install/vector_map_msgs/lib/pkgconfig:/home/autoware/Autoware/install/autoware_build_flags/lib/x86_64-linux-gnu/pkgconfig:/home/autoware/Autoware/install/autoware_build_flags/lib/pkgconfig:${PKG_CONFIG_PATH} PYTHONPATH=/home/autoware/Autoware/install/vector_map_msgs/lib/python2.7/dist-packages:${PYTHONPATH} ROS_PACKAGE_PATH=/home/autoware/Autoware/install/vector_map/share:/home/autoware/Autoware/install/vector_map_msgs/share:/home/autoware/Autoware/install/autoware_build_flags/share:${ROS_PACKAGE_PATH} /usr/bin/cmake --build /home/autoware/Autoware/build/libvectormap --target install -- -j32 -l32
[3.468s] [  0%] Built target vector_map_msgs_generate_messages_eus
[3.469s] [  0%] Built target tf2_msgs_generate_messages_nodejs
[3.469s] [  0%] Built target vector_map_msgs_generate_messages_cpp
[3.469s] [  0%] Built target tf2_msgs_generate_messages_eus
[3.469s] [  0%] Built target tf2_msgs_generate_messages_py
[3.469s] [  0%] Built target visualization_msgs_generate_messages_py
[3.469s] [  0%] Built target std_msgs_generate_messages_eus
[3.469s] [  0%] Built target actionlib_msgs_generate_messages_cpp
[3.469s] [  0%] Built target tf2_msgs_generate_messages_lisp
[3.469s] [  0%] Built target actionlib_msgs_generate_messages_eus
[3.469s] [  0%] Built target actionlib_generate_messages_nodejs
[3.470s] [  0%] Built target geometry_msgs_generate_messages_py
[3.470s] [  0%] Built target actionlib_msgs_generate_messages_py
[3.470s] [  0%] Built target sensor_msgs_generate_messages_nodejs
[3.470s] [  0%] Built target visualization_msgs_generate_messages_cpp
[3.470s] [  0%] Built target tf2_msgs_generate_messages_cpp
[3.470s] [  0%] Built target rosgraph_msgs_generate_messages_py
[3.470s] [  0%] Built target tf_generate_messages_nodejs
[3.470s] [  0%] Built target roscpp_generate_messages_py
[3.470s] [  0%] Built target rosgraph_msgs_generate_messages_nodejs
[3.470s] [  0%] Built target visualization_msgs_generate_messages_eus
[3.470s] [  0%] Built target geometry_msgs_generate_messages_lisp
[3.470s] [  0%] Built target vector_map_msgs_generate_messages_lisp
[3.471s] [  0%] Built target actionlib_msgs_generate_messages_lisp
[3.471s] [  0%] Built target actionlib_generate_messages_py
[3.471s] [  0%] Built target tf_generate_messages_eus
[3.471s] [  0%] Built target actionlib_generate_messages_lisp
[3.471s] [  0%] Built target tf_generate_messages_lisp
[3.471s] [  0%] Built target actionlib_generate_messages_eus
[3.471s] [  0%] Built target vector_map_msgs_generate_messages_py
[3.471s] [  0%] Built target geometry_msgs_generate_messages_cpp
[3.471s] [  0%] Built target roscpp_generate_messages_lisp
[3.472s] [  0%] Built target vector_map_msgs_generate_messages_nodejs
[3.472s] [  0%] Built target visualization_msgs_generate_messages_nodejs
[3.472s] [  0%] Built target std_msgs_generate_messages_lisp
[3.472s] [  0%] Built target actionlib_msgs_generate_messages_nodejs
[3.472s] [  0%] Built target visualization_msgs_generate_messages_lisp
[3.475s] [  0%] Built target tf_generate_messages_cpp
[3.475s] [  0%] Built target rosgraph_msgs_generate_messages_eus
[3.475s] [  0%] Built target sensor_msgs_generate_messages_cpp
[3.475s] [  0%] Built target std_msgs_generate_messages_cpp
[3.475s] [  0%] Built target geometry_msgs_generate_messages_nodejs
[3.476s] [  0%] Built target roscpp_generate_messages_eus
[3.476s] [  0%] Built target sensor_msgs_generate_messages_eus
[3.476s] [  0%] Built target geometry_msgs_generate_messages_eus
[3.476s] [  0%] Built target rosgraph_msgs_generate_messages_cpp
[3.476s] [  0%] Built target _catkin_empty_exported_target
[3.476s] [  0%] Built target std_msgs_generate_messages_nodejs
[3.476s] [  0%] Built target std_msgs_generate_messages_py
[3.476s] [  0%] Built target sensor_msgs_generate_messages_py
[3.476s] [  0%] Built target roscpp_generate_messages_cpp
[3.476s] [  0%] Built target roscpp_generate_messages_nodejs
[3.477s] [  0%] Built target rosgraph_msgs_generate_messages_lisp
[3.477s] [  0%] Built target sensor_msgs_generate_messages_lisp
[3.477s] [  0%] Built target tf_generate_messages_py
[3.477s] [  0%] Built target actionlib_generate_messages_cpp
[3.516s] [100%] Built target libvectormap
[3.517s] Install the project...
[3.517s] -- Install configuration: "Release"
[3.517s] -- Up-to-date: /home/autoware/Autoware/install/libvectormap/lib/pkgconfig/libvectormap.pc
[3.517s] -- Up-to-date: /home/autoware/Autoware/install/libvectormap/share/libvectormap/cmake/libvectormapConfig.cmake
[3.517s] -- Up-to-date: /home/autoware/Autoware/install/libvectormap/share/libvectormap/cmake/libvectormapConfig-version.cmake
[3.517s] -- Up-to-date: /home/autoware/Autoware/install/libvectormap/share/libvectormap/package.xml
[3.517s] -- Up-to-date: /home/autoware/Autoware/install/libvectormap/lib/liblibvectormap.a
[3.517s] -- Up-to-date: /home/autoware/Autoware/install/libvectormap/include/libvectormap
[3.518s] -- Up-to-date: /home/autoware/Autoware/install/libvectormap/include/libvectormap/Math.h
[3.518s] -- Up-to-date: /home/autoware/Autoware/install/libvectormap/include/libvectormap/vector_map.h
[3.563s] Invoked command in '/home/autoware/Autoware/build/libvectormap' returned '0': CMAKE_PREFIX_PATH=/home/autoware/Autoware/install/vector_map:/home/autoware/Autoware/install/vector_map_msgs:/home/autoware/Autoware/install/autoware_build_flags:${CMAKE_PREFIX_PATH} LD_LIBRARY_PATH=/home/autoware/Autoware/install/vector_map/lib:${LD_LIBRARY_PATH} PKG_CONFIG_PATH=/home/autoware/Autoware/install/vector_map/lib/x86_64-linux-gnu/pkgconfig:/home/autoware/Autoware/install/vector_map/lib/pkgconfig:/home/autoware/Autoware/install/vector_map_msgs/lib/x86_64-linux-gnu/pkgconfig:/home/autoware/Autoware/install/vector_map_msgs/lib/pkgconfig:/home/autoware/Autoware/install/autoware_build_flags/lib/x86_64-linux-gnu/pkgconfig:/home/autoware/Autoware/install/autoware_build_flags/lib/pkgconfig:${PKG_CONFIG_PATH} PYTHONPATH=/home/autoware/Autoware/install/vector_map_msgs/lib/python2.7/dist-packages:${PYTHONPATH} ROS_PACKAGE_PATH=/home/autoware/Autoware/install/vector_map/share:/home/autoware/Autoware/install/vector_map_msgs/share:/home/autoware/Autoware/install/autoware_build_flags/share:${ROS_PACKAGE_PATH} /usr/bin/cmake --build /home/autoware/Autoware/build/libvectormap --target install -- -j32 -l32
