[0.268s] Invoking command in '/home/autoware/Autoware/build/wf_simulator': CMAKE_PREFIX_PATH=/home/autoware/Autoware/install/vehicle_sim_model:/home/autoware/Autoware/install/autoware_health_checker:/home/autoware/Autoware/install/amathutils_lib:/home/autoware/Autoware/install/ros_observer:/home/autoware/Autoware/install/autoware_system_msgs:/home/autoware/Autoware/install/autoware_msgs:/home/autoware/Autoware/install/autoware_build_flags:${CMAKE_PREFIX_PATH} LD_LIBRARY_PATH=/home/autoware/Autoware/install/vehicle_sim_model/lib:/home/autoware/Autoware/install/autoware_health_checker/lib:/home/autoware/Autoware/install/amathutils_lib/lib:/home/autoware/Autoware/install/ros_observer/lib:${LD_LIBRARY_PATH} PKG_CONFIG_PATH=/home/autoware/Autoware/install/vehicle_sim_model/lib/x86_64-linux-gnu/pkgconfig:/home/autoware/Autoware/install/vehicle_sim_model/lib/pkgconfig:/home/autoware/Autoware/install/autoware_health_checker/lib/x86_64-linux-gnu/pkgconfig:/home/autoware/Autoware/install/autoware_health_checker/lib/pkgconfig:/home/autoware/Autoware/install/amathutils_lib/lib/x86_64-linux-gnu/pkgconfig:/home/autoware/Autoware/install/amathutils_lib/lib/pkgconfig:/home/autoware/Autoware/install/ros_observer/lib/x86_64-linux-gnu/pkgconfig:/home/autoware/Autoware/install/ros_observer/lib/pkgconfig:/home/autoware/Autoware/install/autoware_system_msgs/lib/x86_64-linux-gnu/pkgconfig:/home/autoware/Autoware/install/autoware_system_msgs/lib/pkgconfig:/home/autoware/Autoware/install/autoware_msgs/lib/x86_64-linux-gnu/pkgconfig:/home/autoware/Autoware/install/autoware_msgs/lib/pkgconfig:/home/autoware/Autoware/install/autoware_build_flags/lib/x86_64-linux-gnu/pkgconfig:/home/autoware/Autoware/install/autoware_build_flags/lib/pkgconfig:${PKG_CONFIG_PATH} PYTHONPATH=/home/autoware/Autoware/install/autoware_system_msgs/lib/python2.7/dist-packages:/home/autoware/Autoware/install/autoware_msgs/lib/python2.7/dist-packages:${PYTHONPATH} ROS_PACKAGE_PATH=/home/autoware/Autoware/install/vehicle_sim_model/share:/home/autoware/Autoware/install/autoware_health_checker/share:/home/autoware/Autoware/install/amathutils_lib/share:/home/autoware/Autoware/install/ros_observer/share:/home/autoware/Autoware/install/autoware_system_msgs/share:/home/autoware/Autoware/install/autoware_msgs/share:/home/autoware/Autoware/install/autoware_build_flags/share:${ROS_PACKAGE_PATH} /usr/bin/cmake --build /home/autoware/Autoware/build/wf_simulator -- -j32 -l32
[0.671s] [100%] Built target wf_simulator
[0.709s] Invoked command in '/home/autoware/Autoware/build/wf_simulator' returned '0': CMAKE_PREFIX_PATH=/home/autoware/Autoware/install/vehicle_sim_model:/home/autoware/Autoware/install/autoware_health_checker:/home/autoware/Autoware/install/amathutils_lib:/home/autoware/Autoware/install/ros_observer:/home/autoware/Autoware/install/autoware_system_msgs:/home/autoware/Autoware/install/autoware_msgs:/home/autoware/Autoware/install/autoware_build_flags:${CMAKE_PREFIX_PATH} LD_LIBRARY_PATH=/home/autoware/Autoware/install/vehicle_sim_model/lib:/home/autoware/Autoware/install/autoware_health_checker/lib:/home/autoware/Autoware/install/amathutils_lib/lib:/home/autoware/Autoware/install/ros_observer/lib:${LD_LIBRARY_PATH} PKG_CONFIG_PATH=/home/autoware/Autoware/install/vehicle_sim_model/lib/x86_64-linux-gnu/pkgconfig:/home/autoware/Autoware/install/vehicle_sim_model/lib/pkgconfig:/home/autoware/Autoware/install/autoware_health_checker/lib/x86_64-linux-gnu/pkgconfig:/home/autoware/Autoware/install/autoware_health_checker/lib/pkgconfig:/home/autoware/Autoware/install/amathutils_lib/lib/x86_64-linux-gnu/pkgconfig:/home/autoware/Autoware/install/amathutils_lib/lib/pkgconfig:/home/autoware/Autoware/install/ros_observer/lib/x86_64-linux-gnu/pkgconfig:/home/autoware/Autoware/install/ros_observer/lib/pkgconfig:/home/autoware/Autoware/install/autoware_system_msgs/lib/x86_64-linux-gnu/pkgconfig:/home/autoware/Autoware/install/autoware_system_msgs/lib/pkgconfig:/home/autoware/Autoware/install/autoware_msgs/lib/x86_64-linux-gnu/pkgconfig:/home/autoware/Autoware/install/autoware_msgs/lib/pkgconfig:/home/autoware/Autoware/install/autoware_build_flags/lib/x86_64-linux-gnu/pkgconfig:/home/autoware/Autoware/install/autoware_build_flags/lib/pkgconfig:${PKG_CONFIG_PATH} PYTHONPATH=/home/autoware/Autoware/install/autoware_system_msgs/lib/python2.7/dist-packages:/home/autoware/Autoware/install/autoware_msgs/lib/python2.7/dist-packages:${PYTHONPATH} ROS_PACKAGE_PATH=/home/autoware/Autoware/install/vehicle_sim_model/share:/home/autoware/Autoware/install/autoware_health_checker/share:/home/autoware/Autoware/install/amathutils_lib/share:/home/autoware/Autoware/install/ros_observer/share:/home/autoware/Autoware/install/autoware_system_msgs/share:/home/autoware/Autoware/install/autoware_msgs/share:/home/autoware/Autoware/install/autoware_build_flags/share:${ROS_PACKAGE_PATH} /usr/bin/cmake --build /home/autoware/Autoware/build/wf_simulator -- -j32 -l32
[1.474s] Invoking command in '/home/autoware/Autoware/build/wf_simulator': CMAKE_PREFIX_PATH=/home/autoware/Autoware/install/vehicle_sim_model:/home/autoware/Autoware/install/autoware_health_checker:/home/autoware/Autoware/install/amathutils_lib:/home/autoware/Autoware/install/ros_observer:/home/autoware/Autoware/install/autoware_system_msgs:/home/autoware/Autoware/install/autoware_msgs:/home/autoware/Autoware/install/autoware_build_flags:${CMAKE_PREFIX_PATH} LD_LIBRARY_PATH=/home/autoware/Autoware/install/vehicle_sim_model/lib:/home/autoware/Autoware/install/autoware_health_checker/lib:/home/autoware/Autoware/install/amathutils_lib/lib:/home/autoware/Autoware/install/ros_observer/lib:${LD_LIBRARY_PATH} PKG_CONFIG_PATH=/home/autoware/Autoware/install/vehicle_sim_model/lib/x86_64-linux-gnu/pkgconfig:/home/autoware/Autoware/install/vehicle_sim_model/lib/pkgconfig:/home/autoware/Autoware/install/autoware_health_checker/lib/x86_64-linux-gnu/pkgconfig:/home/autoware/Autoware/install/autoware_health_checker/lib/pkgconfig:/home/autoware/Autoware/install/amathutils_lib/lib/x86_64-linux-gnu/pkgconfig:/home/autoware/Autoware/install/amathutils_lib/lib/pkgconfig:/home/autoware/Autoware/install/ros_observer/lib/x86_64-linux-gnu/pkgconfig:/home/autoware/Autoware/install/ros_observer/lib/pkgconfig:/home/autoware/Autoware/install/autoware_system_msgs/lib/x86_64-linux-gnu/pkgconfig:/home/autoware/Autoware/install/autoware_system_msgs/lib/pkgconfig:/home/autoware/Autoware/install/autoware_msgs/lib/x86_64-linux-gnu/pkgconfig:/home/autoware/Autoware/install/autoware_msgs/lib/pkgconfig:/home/autoware/Autoware/install/autoware_build_flags/lib/x86_64-linux-gnu/pkgconfig:/home/autoware/Autoware/install/autoware_build_flags/lib/pkgconfig:${PKG_CONFIG_PATH} PYTHONPATH=/home/autoware/Autoware/install/autoware_system_msgs/lib/python2.7/dist-packages:/home/autoware/Autoware/install/autoware_msgs/lib/python2.7/dist-packages:${PYTHONPATH} ROS_PACKAGE_PATH=/home/autoware/Autoware/install/vehicle_sim_model/share:/home/autoware/Autoware/install/autoware_health_checker/share:/home/autoware/Autoware/install/amathutils_lib/share:/home/autoware/Autoware/install/ros_observer/share:/home/autoware/Autoware/install/autoware_system_msgs/share:/home/autoware/Autoware/install/autoware_msgs/share:/home/autoware/Autoware/install/autoware_build_flags/share:${ROS_PACKAGE_PATH} /usr/bin/cmake --build /home/autoware/Autoware/build/wf_simulator --target tests -- -j32 -l32
[2.033s] [  0%] Built target std_msgs_generate_messages_py
[2.093s] [  0%] Built target _catkin_empty_exported_target
[2.100s] [  0%] Built target tf_generate_messages_py
[2.107s] [  0%] Built target rosgraph_msgs_generate_messages_eus
[2.118s] [  0%] Built target pcl_msgs_generate_messages_nodejs
[2.136s] [  0%] Built target sensor_msgs_generate_messages_lisp
[2.143s] [  0%] Built target tf2_msgs_generate_messages_cpp
[2.153s] [  0%] Built target pcl_msgs_generate_messages_cpp
[2.156s] [  0%] Built target geometry_msgs_generate_messages_eus
[2.161s] [  0%] Built target std_msgs_generate_messages_lisp
[2.180s] [  0%] Built target roscpp_generate_messages_nodejs
[2.235s] [  0%] Built target geometry_msgs_generate_messages_nodejs
[2.235s] [  0%] Built target jsk_footstep_msgs_generate_messages_py
[2.235s] [  0%] Built target autoware_msgs_generate_messages_cpp
[2.235s] [  0%] Built target std_msgs_generate_messages_nodejs
[2.235s] [  0%] Built target geometry_msgs_generate_messages_lisp
[2.243s] [  0%] Built target sensor_msgs_generate_messages_cpp
[2.243s] [  0%] Built target autoware_msgs_generate_messages_py
[2.482s] [  0%] Built target actionlib_generate_messages_cpp
[2.482s] [  0%] Built target pcl_msgs_generate_messages_eus
[2.482s] [  0%] Built target actionlib_msgs_generate_messages_nodejs
[2.482s] [ 33%] Built target gtest
[2.482s] [ 33%] Built target sensor_msgs_generate_messages_py
[2.482s] [ 33%] Built target geometry_msgs_generate_messages_py
[2.482s] [ 33%] Built target std_msgs_generate_messages_cpp
[2.482s] [ 33%] Built target jsk_recognition_msgs_generate_messages_py
[2.483s] [ 33%] Built target jsk_recognition_msgs_generate_messages_cpp
[2.483s] [ 33%] Built target jsk_recognition_msgs_generate_messages_eus
[2.483s] [ 33%] Built target roscpp_generate_messages_cpp
[2.483s] [ 33%] Built target autoware_system_msgs_generate_messages_cpp
[2.483s] [ 33%] Built target actionlib_msgs_generate_messages_lisp
[2.483s] [ 33%] Built target autoware_msgs_generate_messages_lisp
[2.483s] [ 33%] Built target tf_generate_messages_nodejs
[2.483s] [ 33%] Built target autoware_msgs_generate_messages_eus
[2.483s] [ 33%] Built target sensor_msgs_generate_messages_eus
[2.484s] [ 33%] Built target jsk_footstep_msgs_generate_messages_nodejs
[2.484s] [ 33%] Built target jsk_footstep_msgs_generate_messages_lisp
[2.484s] [ 33%] Built target rosgraph_msgs_generate_messages_cpp
[2.484s] [ 33%] Built target autoware_msgs_generate_messages_nodejs
[2.484s] [ 33%] Built target actionlib_generate_messages_nodejs
[2.484s] [ 33%] Built target autoware_system_msgs_generate_messages_nodejs
[2.484s] [ 33%] Built target autoware_system_msgs_generate_messages_lisp
[2.484s] [ 33%] Built target actionlib_msgs_generate_messages_eus
[2.484s] [ 33%] Built target geometry_msgs_generate_messages_cpp
[2.484s] [ 33%] Built target jsk_recognition_msgs_generate_messages_lisp
[2.484s] [ 33%] Built target rosgraph_msgs_generate_messages_nodejs
[2.549s] [ 33%] Built target rosgraph_msgs_generate_messages_py
[2.549s] [ 33%] Built target actionlib_generate_messages_lisp
[2.549s] [ 33%] Built target tf_generate_messages_lisp
[2.549s] [ 33%] Built target std_msgs_generate_messages_eus
[2.549s] [ 33%] Built target jsk_footstep_msgs_generate_messages_eus
[2.549s] [ 33%] Built target rosgraph_msgs_generate_messages_lisp
[2.549s] [ 33%] Built target tf2_msgs_generate_messages_lisp
[2.559s] [ 33%] Built target actionlib_msgs_generate_messages_cpp
[2.560s] [ 33%] Built target tf_generate_messages_eus
[2.560s] [ 33%] Built target jsk_footstep_msgs_generate_messages_cpp
[2.560s] [ 33%] Built target actionlib_generate_messages_eus
[2.560s] [ 33%] Built target tf2_msgs_generate_messages_py
[2.560s] [ 33%] Built target autoware_system_msgs_generate_messages_eus
[2.560s] [ 33%] Built target roscpp_generate_messages_eus
[2.565s] [ 33%] Built target tf_generate_messages_cpp
[2.565s] [ 33%] Built target jsk_recognition_msgs_generate_messages_nodejs
[2.595s] [ 33%] Built target pcl_msgs_generate_messages_lisp
[2.595s] [ 33%] Built target sensor_msgs_generate_messages_nodejs
[2.595s] [ 33%] Built target actionlib_msgs_generate_messages_py
[2.596s] [ 33%] Built target roscpp_generate_messages_lisp
[2.597s] [ 33%] Built target pcl_msgs_generate_messages_py
[2.597s] [ 33%] Built target tf2_msgs_generate_messages_eus
[2.599s] [ 33%] Built target actionlib_generate_messages_py
[2.599s] [ 33%] Built target tf2_msgs_generate_messages_nodejs
[2.601s] [ 33%] Built target roscpp_generate_messages_py
[2.601s] [ 33%] Built target autoware_system_msgs_generate_messages_py
[2.737s] [100%] Built target test-wf_simulator
[2.784s] [100%] Built target tests
[2.802s] Invoked command in '/home/autoware/Autoware/build/wf_simulator' returned '0': CMAKE_PREFIX_PATH=/home/autoware/Autoware/install/vehicle_sim_model:/home/autoware/Autoware/install/autoware_health_checker:/home/autoware/Autoware/install/amathutils_lib:/home/autoware/Autoware/install/ros_observer:/home/autoware/Autoware/install/autoware_system_msgs:/home/autoware/Autoware/install/autoware_msgs:/home/autoware/Autoware/install/autoware_build_flags:${CMAKE_PREFIX_PATH} LD_LIBRARY_PATH=/home/autoware/Autoware/install/vehicle_sim_model/lib:/home/autoware/Autoware/install/autoware_health_checker/lib:/home/autoware/Autoware/install/amathutils_lib/lib:/home/autoware/Autoware/install/ros_observer/lib:${LD_LIBRARY_PATH} PKG_CONFIG_PATH=/home/autoware/Autoware/install/vehicle_sim_model/lib/x86_64-linux-gnu/pkgconfig:/home/autoware/Autoware/install/vehicle_sim_model/lib/pkgconfig:/home/autoware/Autoware/install/autoware_health_checker/lib/x86_64-linux-gnu/pkgconfig:/home/autoware/Autoware/install/autoware_health_checker/lib/pkgconfig:/home/autoware/Autoware/install/amathutils_lib/lib/x86_64-linux-gnu/pkgconfig:/home/autoware/Autoware/install/amathutils_lib/lib/pkgconfig:/home/autoware/Autoware/install/ros_observer/lib/x86_64-linux-gnu/pkgconfig:/home/autoware/Autoware/install/ros_observer/lib/pkgconfig:/home/autoware/Autoware/install/autoware_system_msgs/lib/x86_64-linux-gnu/pkgconfig:/home/autoware/Autoware/install/autoware_system_msgs/lib/pkgconfig:/home/autoware/Autoware/install/autoware_msgs/lib/x86_64-linux-gnu/pkgconfig:/home/autoware/Autoware/install/autoware_msgs/lib/pkgconfig:/home/autoware/Autoware/install/autoware_build_flags/lib/x86_64-linux-gnu/pkgconfig:/home/autoware/Autoware/install/autoware_build_flags/lib/pkgconfig:${PKG_CONFIG_PATH} PYTHONPATH=/home/autoware/Autoware/install/autoware_system_msgs/lib/python2.7/dist-packages:/home/autoware/Autoware/install/autoware_msgs/lib/python2.7/dist-packages:${PYTHONPATH} ROS_PACKAGE_PATH=/home/autoware/Autoware/install/vehicle_sim_model/share:/home/autoware/Autoware/install/autoware_health_checker/share:/home/autoware/Autoware/install/amathutils_lib/share:/home/autoware/Autoware/install/ros_observer/share:/home/autoware/Autoware/install/autoware_system_msgs/share:/home/autoware/Autoware/install/autoware_msgs/share:/home/autoware/Autoware/install/autoware_build_flags/share:${ROS_PACKAGE_PATH} /usr/bin/cmake --build /home/autoware/Autoware/build/wf_simulator --target tests -- -j32 -l32
[3.514s] Invoking command in '/home/autoware/Autoware/build/wf_simulator': CMAKE_PREFIX_PATH=/home/autoware/Autoware/install/vehicle_sim_model:/home/autoware/Autoware/install/autoware_health_checker:/home/autoware/Autoware/install/amathutils_lib:/home/autoware/Autoware/install/ros_observer:/home/autoware/Autoware/install/autoware_system_msgs:/home/autoware/Autoware/install/autoware_msgs:/home/autoware/Autoware/install/autoware_build_flags:${CMAKE_PREFIX_PATH} LD_LIBRARY_PATH=/home/autoware/Autoware/install/vehicle_sim_model/lib:/home/autoware/Autoware/install/autoware_health_checker/lib:/home/autoware/Autoware/install/amathutils_lib/lib:/home/autoware/Autoware/install/ros_observer/lib:${LD_LIBRARY_PATH} PKG_CONFIG_PATH=/home/autoware/Autoware/install/vehicle_sim_model/lib/x86_64-linux-gnu/pkgconfig:/home/autoware/Autoware/install/vehicle_sim_model/lib/pkgconfig:/home/autoware/Autoware/install/autoware_health_checker/lib/x86_64-linux-gnu/pkgconfig:/home/autoware/Autoware/install/autoware_health_checker/lib/pkgconfig:/home/autoware/Autoware/install/amathutils_lib/lib/x86_64-linux-gnu/pkgconfig:/home/autoware/Autoware/install/amathutils_lib/lib/pkgconfig:/home/autoware/Autoware/install/ros_observer/lib/x86_64-linux-gnu/pkgconfig:/home/autoware/Autoware/install/ros_observer/lib/pkgconfig:/home/autoware/Autoware/install/autoware_system_msgs/lib/x86_64-linux-gnu/pkgconfig:/home/autoware/Autoware/install/autoware_system_msgs/lib/pkgconfig:/home/autoware/Autoware/install/autoware_msgs/lib/x86_64-linux-gnu/pkgconfig:/home/autoware/Autoware/install/autoware_msgs/lib/pkgconfig:/home/autoware/Autoware/install/autoware_build_flags/lib/x86_64-linux-gnu/pkgconfig:/home/autoware/Autoware/install/autoware_build_flags/lib/pkgconfig:${PKG_CONFIG_PATH} PYTHONPATH=/home/autoware/Autoware/install/autoware_system_msgs/lib/python2.7/dist-packages:/home/autoware/Autoware/install/autoware_msgs/lib/python2.7/dist-packages:${PYTHONPATH} ROS_PACKAGE_PATH=/home/autoware/Autoware/install/vehicle_sim_model/share:/home/autoware/Autoware/install/autoware_health_checker/share:/home/autoware/Autoware/install/amathutils_lib/share:/home/autoware/Autoware/install/ros_observer/share:/home/autoware/Autoware/install/autoware_system_msgs/share:/home/autoware/Autoware/install/autoware_msgs/share:/home/autoware/Autoware/install/autoware_build_flags/share:${ROS_PACKAGE_PATH} /usr/bin/cmake --build /home/autoware/Autoware/build/wf_simulator --target install -- -j32 -l32
[3.711s] [100%] Built target wf_simulator
[3.739s] Install the project...
[3.751s] -- Install configuration: "Release"
[3.751s] -- Up-to-date: /home/autoware/Autoware/install/wf_simulator/lib/pkgconfig/wf_simulator.pc
[3.752s] -- Up-to-date: /home/autoware/Autoware/install/wf_simulator/share/wf_simulator/cmake/wf_simulatorConfig.cmake
[3.757s] -- Up-to-date: /home/autoware/Autoware/install/wf_simulator/share/wf_simulator/cmake/wf_simulatorConfig-version.cmake
[3.760s] -- Up-to-date: /home/autoware/Autoware/install/wf_simulator/share/wf_simulator/package.xml
[3.760s] -- Up-to-date: /home/autoware/Autoware/install/wf_simulator/lib/wf_simulator/wf_simulator
[3.765s] -- Up-to-date: /home/autoware/Autoware/install/wf_simulator/include/wf_simulator
[3.765s] -- Up-to-date: /home/autoware/Autoware/install/wf_simulator/include/wf_simulator/wf_simulator_core.h
[3.766s] -- Up-to-date: /home/autoware/Autoware/install/wf_simulator/include/wf_simulator/vehicle_model_ros.h
[3.766s] -- Up-to-date: /home/autoware/Autoware/install/wf_simulator/share/wf_simulator/launch
[3.767s] -- Up-to-date: /home/autoware/Autoware/install/wf_simulator/share/wf_simulator/launch/wf_simulator.launch
[3.778s] Invoked command in '/home/autoware/Autoware/build/wf_simulator' returned '0': CMAKE_PREFIX_PATH=/home/autoware/Autoware/install/vehicle_sim_model:/home/autoware/Autoware/install/autoware_health_checker:/home/autoware/Autoware/install/amathutils_lib:/home/autoware/Autoware/install/ros_observer:/home/autoware/Autoware/install/autoware_system_msgs:/home/autoware/Autoware/install/autoware_msgs:/home/autoware/Autoware/install/autoware_build_flags:${CMAKE_PREFIX_PATH} LD_LIBRARY_PATH=/home/autoware/Autoware/install/vehicle_sim_model/lib:/home/autoware/Autoware/install/autoware_health_checker/lib:/home/autoware/Autoware/install/amathutils_lib/lib:/home/autoware/Autoware/install/ros_observer/lib:${LD_LIBRARY_PATH} PKG_CONFIG_PATH=/home/autoware/Autoware/install/vehicle_sim_model/lib/x86_64-linux-gnu/pkgconfig:/home/autoware/Autoware/install/vehicle_sim_model/lib/pkgconfig:/home/autoware/Autoware/install/autoware_health_checker/lib/x86_64-linux-gnu/pkgconfig:/home/autoware/Autoware/install/autoware_health_checker/lib/pkgconfig:/home/autoware/Autoware/install/amathutils_lib/lib/x86_64-linux-gnu/pkgconfig:/home/autoware/Autoware/install/amathutils_lib/lib/pkgconfig:/home/autoware/Autoware/install/ros_observer/lib/x86_64-linux-gnu/pkgconfig:/home/autoware/Autoware/install/ros_observer/lib/pkgconfig:/home/autoware/Autoware/install/autoware_system_msgs/lib/x86_64-linux-gnu/pkgconfig:/home/autoware/Autoware/install/autoware_system_msgs/lib/pkgconfig:/home/autoware/Autoware/install/autoware_msgs/lib/x86_64-linux-gnu/pkgconfig:/home/autoware/Autoware/install/autoware_msgs/lib/pkgconfig:/home/autoware/Autoware/install/autoware_build_flags/lib/x86_64-linux-gnu/pkgconfig:/home/autoware/Autoware/install/autoware_build_flags/lib/pkgconfig:${PKG_CONFIG_PATH} PYTHONPATH=/home/autoware/Autoware/install/autoware_system_msgs/lib/python2.7/dist-packages:/home/autoware/Autoware/install/autoware_msgs/lib/python2.7/dist-packages:${PYTHONPATH} ROS_PACKAGE_PATH=/home/autoware/Autoware/install/vehicle_sim_model/share:/home/autoware/Autoware/install/autoware_health_checker/share:/home/autoware/Autoware/install/amathutils_lib/share:/home/autoware/Autoware/install/ros_observer/share:/home/autoware/Autoware/install/autoware_system_msgs/share:/home/autoware/Autoware/install/autoware_msgs/share:/home/autoware/Autoware/install/autoware_build_flags/share:${ROS_PACKAGE_PATH} /usr/bin/cmake --build /home/autoware/Autoware/build/wf_simulator --target install -- -j32 -l32
