[0.168s] Invoking command in '/home/autoware/Autoware/build/vector_map': CMAKE_PREFIX_PATH=/home/autoware/Autoware/install/vector_map_msgs:/home/autoware/Autoware/install/autoware_build_flags:${CMAKE_PREFIX_PATH} PKG_CONFIG_PATH=/home/autoware/Autoware/install/vector_map_msgs/lib/x86_64-linux-gnu/pkgconfig:/home/autoware/Autoware/install/vector_map_msgs/lib/pkgconfig:/home/autoware/Autoware/install/autoware_build_flags/lib/x86_64-linux-gnu/pkgconfig:/home/autoware/Autoware/install/autoware_build_flags/lib/pkgconfig:${PKG_CONFIG_PATH} PYTHONPATH=/home/autoware/Autoware/install/vector_map_msgs/lib/python2.7/dist-packages:${PYTHONPATH} ROS_PACKAGE_PATH=/home/autoware/Autoware/install/vector_map_msgs/share:/home/autoware/Autoware/install/autoware_build_flags/share:${ROS_PACKAGE_PATH} /usr/bin/cmake --build /home/autoware/Autoware/build/vector_map -- -j32 -l32
[0.287s] [  0%] Built target vector_map_msgs_generate_messages_cpp
[0.288s] [  0%] Built target actionlib_generate_messages_py
[0.288s] [  0%] Built target actionlib_generate_messages_nodejs
[0.288s] [  0%] Built target visualization_msgs_generate_messages_eus
[0.288s] [  0%] Built target vector_map_msgs_generate_messages_eus
[0.288s] [  0%] Built target actionlib_msgs_generate_messages_eus
[0.288s] [  0%] Built target tf2_msgs_generate_messages_eus
[0.288s] [  0%] Built target tf2_msgs_generate_messages_nodejs
[0.288s] [  0%] Built target geometry_msgs_generate_messages_py
[0.288s] [  0%] Built target actionlib_msgs_generate_messages_lisp
[0.288s] [  0%] Built target sensor_msgs_generate_messages_nodejs
[0.288s] [  0%] Built target tf_generate_messages_eus
[0.288s] [  0%] Built target actionlib_generate_messages_eus
[0.289s] [  0%] Built target visualization_msgs_generate_messages_py
[0.289s] [  0%] Built target actionlib_msgs_generate_messages_py
[0.289s] [  0%] Built target visualization_msgs_generate_messages_cpp
[0.289s] [  0%] Built target std_msgs_generate_messages_eus
[0.289s] [  0%] Built target vector_map_msgs_generate_messages_py
[0.289s] [  0%] Built target tf2_msgs_generate_messages_py
[0.289s] [  0%] Built target rosgraph_msgs_generate_messages_py
[0.289s] [  0%] Built target rosgraph_msgs_generate_messages_nodejs
[0.289s] [  0%] Built target roscpp_generate_messages_lisp
[0.289s] [  0%] Built target roscpp_generate_messages_py
[0.289s] [  0%] Built target tf2_msgs_generate_messages_lisp
[0.289s] [  0%] Built target tf_generate_messages_nodejs
[0.289s] [  0%] Built target actionlib_generate_messages_lisp
[0.290s] [  0%] Built target vector_map_msgs_generate_messages_lisp
[0.290s] [  0%] Built target tf2_msgs_generate_messages_cpp
[0.290s] [  0%] Built target tf_generate_messages_lisp
[0.290s] [  0%] Built target geometry_msgs_generate_messages_cpp
[0.290s] [  0%] Built target actionlib_msgs_generate_messages_cpp
[0.290s] [  0%] Built target geometry_msgs_generate_messages_lisp
[0.307s] [  0%] Built target sensor_msgs_generate_messages_cpp
[0.307s] [  0%] Built target actionlib_msgs_generate_messages_nodejs
[0.307s] [  0%] Built target rosgraph_msgs_generate_messages_eus
[0.307s] [  0%] Built target visualization_msgs_generate_messages_lisp
[0.307s] [  0%] Built target rosgraph_msgs_generate_messages_cpp
[0.307s] [  0%] Built target std_msgs_generate_messages_cpp
[0.307s] [  0%] Built target sensor_msgs_generate_messages_eus
[0.307s] [  0%] Built target geometry_msgs_generate_messages_nodejs
[0.308s] [  0%] Built target tf_generate_messages_py
[0.308s] [  0%] Built target tf_generate_messages_cpp
[0.308s] [  0%] Built target vector_map_msgs_generate_messages_nodejs
[0.308s] [  0%] Built target std_msgs_generate_messages_nodejs
[0.308s] [  0%] Built target std_msgs_generate_messages_py
[0.308s] [  0%] Built target _catkin_empty_exported_target
[0.308s] [  0%] Built target sensor_msgs_generate_messages_py
[0.309s] [  0%] Built target rosgraph_msgs_generate_messages_lisp
[0.309s] [  0%] Built target roscpp_generate_messages_cpp
[0.309s] [  0%] Built target visualization_msgs_generate_messages_nodejs
[0.309s] [  0%] Built target std_msgs_generate_messages_lisp
[0.310s] [  0%] Built target geometry_msgs_generate_messages_eus
[0.310s] [  0%] Built target sensor_msgs_generate_messages_lisp
[0.313s] [  0%] Built target actionlib_generate_messages_cpp
[0.313s] [  0%] Built target roscpp_generate_messages_nodejs
[0.314s] [  0%] Built target roscpp_generate_messages_eus
[0.420s] [100%] Built target vector_map
[0.475s] Invoked command in '/home/autoware/Autoware/build/vector_map' returned '0': CMAKE_PREFIX_PATH=/home/autoware/Autoware/install/vector_map_msgs:/home/autoware/Autoware/install/autoware_build_flags:${CMAKE_PREFIX_PATH} PKG_CONFIG_PATH=/home/autoware/Autoware/install/vector_map_msgs/lib/x86_64-linux-gnu/pkgconfig:/home/autoware/Autoware/install/vector_map_msgs/lib/pkgconfig:/home/autoware/Autoware/install/autoware_build_flags/lib/x86_64-linux-gnu/pkgconfig:/home/autoware/Autoware/install/autoware_build_flags/lib/pkgconfig:${PKG_CONFIG_PATH} PYTHONPATH=/home/autoware/Autoware/install/vector_map_msgs/lib/python2.7/dist-packages:${PYTHONPATH} ROS_PACKAGE_PATH=/home/autoware/Autoware/install/vector_map_msgs/share:/home/autoware/Autoware/install/autoware_build_flags/share:${ROS_PACKAGE_PATH} /usr/bin/cmake --build /home/autoware/Autoware/build/vector_map -- -j32 -l32
[0.750s] Invoking command in '/home/autoware/Autoware/build/vector_map': CMAKE_PREFIX_PATH=/home/autoware/Autoware/install/vector_map_msgs:/home/autoware/Autoware/install/autoware_build_flags:${CMAKE_PREFIX_PATH} PKG_CONFIG_PATH=/home/autoware/Autoware/install/vector_map_msgs/lib/x86_64-linux-gnu/pkgconfig:/home/autoware/Autoware/install/vector_map_msgs/lib/pkgconfig:/home/autoware/Autoware/install/autoware_build_flags/lib/x86_64-linux-gnu/pkgconfig:/home/autoware/Autoware/install/autoware_build_flags/lib/pkgconfig:${PKG_CONFIG_PATH} PYTHONPATH=/home/autoware/Autoware/install/vector_map_msgs/lib/python2.7/dist-packages:${PYTHONPATH} ROS_PACKAGE_PATH=/home/autoware/Autoware/install/vector_map_msgs/share:/home/autoware/Autoware/install/autoware_build_flags/share:${ROS_PACKAGE_PATH} /usr/bin/cmake --build /home/autoware/Autoware/build/vector_map --target tests -- -j32 -l32
[1.143s] Built target tests
[1.435s] Invoked command in '/home/autoware/Autoware/build/vector_map' returned '0': CMAKE_PREFIX_PATH=/home/autoware/Autoware/install/vector_map_msgs:/home/autoware/Autoware/install/autoware_build_flags:${CMAKE_PREFIX_PATH} PKG_CONFIG_PATH=/home/autoware/Autoware/install/vector_map_msgs/lib/x86_64-linux-gnu/pkgconfig:/home/autoware/Autoware/install/vector_map_msgs/lib/pkgconfig:/home/autoware/Autoware/install/autoware_build_flags/lib/x86_64-linux-gnu/pkgconfig:/home/autoware/Autoware/install/autoware_build_flags/lib/pkgconfig:${PKG_CONFIG_PATH} PYTHONPATH=/home/autoware/Autoware/install/vector_map_msgs/lib/python2.7/dist-packages:${PYTHONPATH} ROS_PACKAGE_PATH=/home/autoware/Autoware/install/vector_map_msgs/share:/home/autoware/Autoware/install/autoware_build_flags/share:${ROS_PACKAGE_PATH} /usr/bin/cmake --build /home/autoware/Autoware/build/vector_map --target tests -- -j32 -l32
[1.993s] Invoking command in '/home/autoware/Autoware/build/vector_map': CMAKE_PREFIX_PATH=/home/autoware/Autoware/install/vector_map_msgs:/home/autoware/Autoware/install/autoware_build_flags:${CMAKE_PREFIX_PATH} PKG_CONFIG_PATH=/home/autoware/Autoware/install/vector_map_msgs/lib/x86_64-linux-gnu/pkgconfig:/home/autoware/Autoware/install/vector_map_msgs/lib/pkgconfig:/home/autoware/Autoware/install/autoware_build_flags/lib/x86_64-linux-gnu/pkgconfig:/home/autoware/Autoware/install/autoware_build_flags/lib/pkgconfig:${PKG_CONFIG_PATH} PYTHONPATH=/home/autoware/Autoware/install/vector_map_msgs/lib/python2.7/dist-packages:${PYTHONPATH} ROS_PACKAGE_PATH=/home/autoware/Autoware/install/vector_map_msgs/share:/home/autoware/Autoware/install/autoware_build_flags/share:${ROS_PACKAGE_PATH} /usr/bin/cmake --build /home/autoware/Autoware/build/vector_map --target install -- -j32 -l32
[2.558s] [  0%] Built target tf_generate_messages_lisp
[2.558s] [  0%] Built target roscpp_generate_messages_py
[2.558s] [  0%] Built target vector_map_msgs_generate_messages_lisp
[2.558s] [  0%] Built target tf2_msgs_generate_messages_lisp
[2.558s] [  0%] Built target actionlib_generate_messages_nodejs
[2.570s] [  0%] Built target actionlib_generate_messages_eus
[2.571s] [  0%] Built target actionlib_msgs_generate_messages_cpp
[2.571s] [  0%] Built target vector_map_msgs_generate_messages_cpp
[2.571s] [  0%] Built target visualization_msgs_generate_messages_eus
[2.571s] [  0%] Built target geometry_msgs_generate_messages_lisp
[2.571s] [  0%] Built target geometry_msgs_generate_messages_cpp
[2.571s] [  0%] Built target sensor_msgs_generate_messages_nodejs
[2.571s] [  0%] Built target vector_map_msgs_generate_messages_py
[2.571s] [  0%] Built target actionlib_msgs_generate_messages_eus
[2.571s] [  0%] Built target geometry_msgs_generate_messages_py
[2.571s] [  0%] Built target tf2_msgs_generate_messages_py
[2.572s] [  0%] Built target tf2_msgs_generate_messages_nodejs
[2.572s] [  0%] Built target tf2_msgs_generate_messages_eus
[2.572s] [  0%] Built target actionlib_msgs_generate_messages_nodejs
[2.624s] [  0%] Built target visualization_msgs_generate_messages_lisp
[2.624s] [  0%] Built target vector_map_msgs_generate_messages_eus
[2.624s] [  0%] Built target actionlib_generate_messages_py
[2.624s] [  0%] Built target std_msgs_generate_messages_cpp
[2.624s] [  0%] Built target visualization_msgs_generate_messages_cpp
[2.624s] [  0%] Built target tf2_msgs_generate_messages_cpp
[2.624s] [  0%] Built target vector_map_msgs_generate_messages_nodejs
[2.624s] [  0%] Built target _catkin_empty_exported_target
[2.624s] [  0%] Built target sensor_msgs_generate_messages_cpp
[2.624s] [  0%] Built target actionlib_generate_messages_lisp
[2.660s] [  0%] Built target actionlib_msgs_generate_messages_lisp
[2.660s] [  0%] Built target tf_generate_messages_nodejs
[2.660s] [  0%] Built target actionlib_msgs_generate_messages_py
[2.660s] [  0%] Built target sensor_msgs_generate_messages_eus
[2.660s] [  0%] Built target rosgraph_msgs_generate_messages_nodejs
[2.660s] [  0%] Built target visualization_msgs_generate_messages_nodejs
[2.660s] [  0%] Built target roscpp_generate_messages_lisp
[2.661s] [  0%] Built target rosgraph_msgs_generate_messages_eus
[2.712s] [  0%] Built target roscpp_generate_messages_eus
[2.712s] [  0%] Built target std_msgs_generate_messages_lisp
[2.712s] [  0%] Built target visualization_msgs_generate_messages_py
[2.712s] [  0%] Built target std_msgs_generate_messages_eus
[2.728s] [  0%] Built target tf_generate_messages_py
[2.729s] [  0%] Built target sensor_msgs_generate_messages_py
[2.729s] [  0%] Built target sensor_msgs_generate_messages_lisp
[2.729s] [  0%] Built target rosgraph_msgs_generate_messages_py
[2.859s] [  0%] Built target std_msgs_generate_messages_nodejs
[2.859s] [  0%] Built target roscpp_generate_messages_cpp
[2.859s] [  0%] Built target geometry_msgs_generate_messages_nodejs
[2.859s] [  0%] Built target std_msgs_generate_messages_py
[2.860s] [  0%] Built target tf_generate_messages_cpp
[2.860s] [  0%] Built target rosgraph_msgs_generate_messages_cpp
[2.860s] [  0%] Built target rosgraph_msgs_generate_messages_lisp
[2.860s] [  0%] Built target geometry_msgs_generate_messages_eus
[2.860s] [  0%] Built target actionlib_generate_messages_cpp
[2.860s] [  0%] Built target tf_generate_messages_eus
[2.889s] [  0%] Built target roscpp_generate_messages_nodejs
[3.042s] [100%] Built target vector_map
[3.193s] Install the project...
[3.226s] -- Install configuration: "Release"
[3.226s] -- Up-to-date: /home/autoware/Autoware/install/vector_map/lib/pkgconfig/vector_map.pc
[3.227s] -- Up-to-date: /home/autoware/Autoware/install/vector_map/share/vector_map/cmake/vector_mapConfig.cmake
[3.231s] -- Up-to-date: /home/autoware/Autoware/install/vector_map/share/vector_map/cmake/vector_mapConfig-version.cmake
[3.231s] -- Up-to-date: /home/autoware/Autoware/install/vector_map/share/vector_map/package.xml
[3.231s] -- Up-to-date: /home/autoware/Autoware/install/vector_map/include/vector_map
[3.232s] -- Up-to-date: /home/autoware/Autoware/install/vector_map/include/vector_map/vector_map.h
[3.232s] -- Up-to-date: /home/autoware/Autoware/install/vector_map/lib/libvector_map.so
[3.247s] Invoked command in '/home/autoware/Autoware/build/vector_map' returned '0': CMAKE_PREFIX_PATH=/home/autoware/Autoware/install/vector_map_msgs:/home/autoware/Autoware/install/autoware_build_flags:${CMAKE_PREFIX_PATH} PKG_CONFIG_PATH=/home/autoware/Autoware/install/vector_map_msgs/lib/x86_64-linux-gnu/pkgconfig:/home/autoware/Autoware/install/vector_map_msgs/lib/pkgconfig:/home/autoware/Autoware/install/autoware_build_flags/lib/x86_64-linux-gnu/pkgconfig:/home/autoware/Autoware/install/autoware_build_flags/lib/pkgconfig:${PKG_CONFIG_PATH} PYTHONPATH=/home/autoware/Autoware/install/vector_map_msgs/lib/python2.7/dist-packages:${PYTHONPATH} ROS_PACKAGE_PATH=/home/autoware/Autoware/install/vector_map_msgs/share:/home/autoware/Autoware/install/autoware_build_flags/share:${ROS_PACKAGE_PATH} /usr/bin/cmake --build /home/autoware/Autoware/build/vector_map --target install -- -j32 -l32
