[0.220s] Invoking command in '/home/autoware/Autoware/build/lanelet2_extension': CMAKE_PREFIX_PATH=/home/autoware/Autoware/install/amathutils_lib:/home/autoware/Autoware/install/autoware_msgs:/home/autoware/Autoware/install/autoware_lanelet2_msgs:/home/autoware/Autoware/install/autoware_build_flags:${CMAKE_PREFIX_PATH} LD_LIBRARY_PATH=/home/autoware/Autoware/install/amathutils_lib/lib:${LD_LIBRARY_PATH} PKG_CONFIG_PATH=/home/autoware/Autoware/install/amathutils_lib/lib/x86_64-linux-gnu/pkgconfig:/home/autoware/Autoware/install/amathutils_lib/lib/pkgconfig:/home/autoware/Autoware/install/autoware_msgs/lib/x86_64-linux-gnu/pkgconfig:/home/autoware/Autoware/install/autoware_msgs/lib/pkgconfig:/home/autoware/Autoware/install/autoware_lanelet2_msgs/lib/x86_64-linux-gnu/pkgconfig:/home/autoware/Autoware/install/autoware_lanelet2_msgs/lib/pkgconfig:/home/autoware/Autoware/install/autoware_build_flags/lib/x86_64-linux-gnu/pkgconfig:/home/autoware/Autoware/install/autoware_build_flags/lib/pkgconfig:${PKG_CONFIG_PATH} PYTHONPATH=/home/autoware/Autoware/install/autoware_msgs/lib/python2.7/dist-packages:/home/autoware/Autoware/install/autoware_lanelet2_msgs/lib/python2.7/dist-packages:${PYTHONPATH} ROS_PACKAGE_PATH=/home/autoware/Autoware/install/amathutils_lib/share:/home/autoware/Autoware/install/autoware_msgs/share:/home/autoware/Autoware/install/autoware_lanelet2_msgs/share:/home/autoware/Autoware/install/autoware_build_flags/share:${ROS_PACKAGE_PATH} /usr/bin/cmake --build /home/autoware/Autoware/build/lanelet2_extension -- -j32 -l32
[0.680s] [  0%] Built target _catkin_empty_exported_target
[0.680s] [  0%] Built target sensor_msgs_generate_messages_cpp
[0.680s] [  0%] Built target actionlib_msgs_generate_messages_nodejs
[0.680s] [  0%] Built target pcl_msgs_generate_messages_cpp
[0.680s] [  0%] Built target geometry_msgs_generate_messages_eus
[0.680s] [  0%] Built target autoware_msgs_generate_messages_py
[0.680s] [  0%] Built target geometry_msgs_generate_messages_lisp
[0.680s] [  0%] Built target pcl_msgs_generate_messages_nodejs
[0.680s] [  0%] Built target autoware_msgs_generate_messages_cpp
[0.680s] [  0%] Built target rosgraph_msgs_generate_messages_cpp
[0.681s] [  0%] Built target roscpp_generate_messages_nodejs
[0.681s] [  0%] Built target autoware_msgs_generate_messages_eus
[0.682s] [  0%] Built target std_msgs_generate_messages_nodejs
[0.682s] [  0%] Built target geometry_msgs_generate_messages_nodejs
[0.682s] [  0%] Built target autoware_msgs_generate_messages_lisp
[0.682s] [  0%] Built target std_msgs_generate_messages_py
[0.682s] [  0%] Built target std_msgs_generate_messages_cpp
[0.682s] [  0%] Built target jsk_footstep_msgs_generate_messages_lisp
[0.682s] [  0%] Built target std_msgs_generate_messages_lisp
[0.682s] [  0%] Built target autoware_msgs_generate_messages_nodejs
[0.682s] [  0%] Built target sensor_msgs_generate_messages_py
[0.682s] [  0%] Built target jsk_recognition_msgs_generate_messages_py
[0.683s] [  0%] Built target jsk_footstep_msgs_generate_messages_py
[0.683s] [  0%] Built target actionlib_msgs_generate_messages_py
[0.683s] [  0%] Built target jsk_footstep_msgs_generate_messages_eus
[0.683s] [  0%] Built target std_msgs_generate_messages_eus
[0.683s] [  0%] Built target sensor_msgs_generate_messages_eus
[0.683s] [  0%] Built target sensor_msgs_generate_messages_lisp
[0.683s] [  0%] Built target jsk_recognition_msgs_generate_messages_cpp
[0.683s] [  0%] Built target visualization_msgs_generate_messages_lisp
[0.686s] [  0%] Built target jsk_footstep_msgs_generate_messages_nodejs
[0.687s] [  0%] Built target actionlib_msgs_generate_messages_eus
[0.695s] [  0%] Built target tf_generate_messages_eus
[0.695s] [  0%] Built target autoware_lanelet2_msgs_generate_messages_cpp
[0.696s] [  0%] Built target rosgraph_msgs_generate_messages_nodejs
[0.696s] [  0%] Built target actionlib_msgs_generate_messages_lisp
[0.696s] [  0%] Built target roscpp_generate_messages_lisp
[0.696s] [  0%] Built target tf_generate_messages_py
[0.696s] [  0%] Built target tf_generate_messages_nodejs
[0.696s] [  0%] Built target pcl_msgs_generate_messages_lisp
[0.696s] [  0%] Built target jsk_footstep_msgs_generate_messages_cpp
[0.696s] [  0%] Built target actionlib_msgs_generate_messages_cpp
[0.696s] [  0%] Built target tf_generate_messages_lisp
[0.696s] [  0%] Built target pcl_msgs_generate_messages_py
[0.696s] [  0%] Built target actionlib_generate_messages_eus
[0.696s] [  0%] Built target actionlib_generate_messages_lisp
[0.696s] [  0%] Built target roscpp_generate_messages_eus
[0.697s] [  0%] Built target rosgraph_msgs_generate_messages_lisp
[0.697s] [  0%] Built target tf_generate_messages_cpp
[0.697s] [  0%] Built target actionlib_generate_messages_py
[0.697s] [  0%] Built target autoware_lanelet2_msgs_generate_messages_py
[0.697s] [  0%] Built target actionlib_generate_messages_nodejs
[0.697s] [  0%] Built target tf2_msgs_generate_messages_lisp
[0.697s] [  0%] Built target roscpp_generate_messages_py
[0.697s] [  0%] Built target tf2_msgs_generate_messages_eus
[0.697s] [  0%] Built target jsk_recognition_msgs_generate_messages_nodejs
[0.697s] [  0%] Built target tf2_msgs_generate_messages_py
[0.697s] [  0%] Built target rosgraph_msgs_generate_messages_py
[0.697s] [  0%] Built target visualization_msgs_generate_messages_cpp
[0.698s] [  0%] Built target tf2_msgs_generate_messages_nodejs
[0.698s] [  0%] Built target geometry_msgs_generate_messages_cpp
[0.698s] [  0%] Built target roscpp_generate_messages_cpp
[0.698s] [  0%] Built target sensor_msgs_generate_messages_nodejs
[0.703s] [  0%] Built target visualization_msgs_generate_messages_py
[0.703s] [  0%] Built target visualization_msgs_generate_messages_nodejs
[0.704s] [  0%] Built target autoware_lanelet2_msgs_generate_messages_lisp
[0.704s] [  0%] Built target autoware_lanelet2_msgs_generate_messages_nodejs
[0.704s] [  0%] Built target autoware_lanelet2_msgs_generate_messages_eus
[0.704s] [  0%] Built target actionlib_generate_messages_cpp
[0.704s] [  0%] Built target geometry_msgs_generate_messages_py
[0.704s] [  0%] Built target pcl_msgs_generate_messages_eus
[0.754s] [  0%] Built target rosgraph_msgs_generate_messages_eus
[0.754s] [  0%] Built target visualization_msgs_generate_messages_eus
[0.754s] [  0%] Built target tf2_msgs_generate_messages_cpp
[0.786s] [  0%] Built target jsk_recognition_msgs_generate_messages_lisp
[0.786s] [  0%] Built target jsk_recognition_msgs_generate_messages_eus
[0.908s] [ 66%] Built target lanelet2_extension_lib
[0.978s] [ 83%] Built target lanelet2_extension_sample
[0.978s] [100%] Built target autoware_lanelet2_validation
[1.141s] Invoked command in '/home/autoware/Autoware/build/lanelet2_extension' returned '0': CMAKE_PREFIX_PATH=/home/autoware/Autoware/install/amathutils_lib:/home/autoware/Autoware/install/autoware_msgs:/home/autoware/Autoware/install/autoware_lanelet2_msgs:/home/autoware/Autoware/install/autoware_build_flags:${CMAKE_PREFIX_PATH} LD_LIBRARY_PATH=/home/autoware/Autoware/install/amathutils_lib/lib:${LD_LIBRARY_PATH} PKG_CONFIG_PATH=/home/autoware/Autoware/install/amathutils_lib/lib/x86_64-linux-gnu/pkgconfig:/home/autoware/Autoware/install/amathutils_lib/lib/pkgconfig:/home/autoware/Autoware/install/autoware_msgs/lib/x86_64-linux-gnu/pkgconfig:/home/autoware/Autoware/install/autoware_msgs/lib/pkgconfig:/home/autoware/Autoware/install/autoware_lanelet2_msgs/lib/x86_64-linux-gnu/pkgconfig:/home/autoware/Autoware/install/autoware_lanelet2_msgs/lib/pkgconfig:/home/autoware/Autoware/install/autoware_build_flags/lib/x86_64-linux-gnu/pkgconfig:/home/autoware/Autoware/install/autoware_build_flags/lib/pkgconfig:${PKG_CONFIG_PATH} PYTHONPATH=/home/autoware/Autoware/install/autoware_msgs/lib/python2.7/dist-packages:/home/autoware/Autoware/install/autoware_lanelet2_msgs/lib/python2.7/dist-packages:${PYTHONPATH} ROS_PACKAGE_PATH=/home/autoware/Autoware/install/amathutils_lib/share:/home/autoware/Autoware/install/autoware_msgs/share:/home/autoware/Autoware/install/autoware_lanelet2_msgs/share:/home/autoware/Autoware/install/autoware_build_flags/share:${ROS_PACKAGE_PATH} /usr/bin/cmake --build /home/autoware/Autoware/build/lanelet2_extension -- -j32 -l32
[2.085s] Invoking command in '/home/autoware/Autoware/build/lanelet2_extension': CMAKE_PREFIX_PATH=/home/autoware/Autoware/install/amathutils_lib:/home/autoware/Autoware/install/autoware_msgs:/home/autoware/Autoware/install/autoware_lanelet2_msgs:/home/autoware/Autoware/install/autoware_build_flags:${CMAKE_PREFIX_PATH} LD_LIBRARY_PATH=/home/autoware/Autoware/install/amathutils_lib/lib:${LD_LIBRARY_PATH} PKG_CONFIG_PATH=/home/autoware/Autoware/install/amathutils_lib/lib/x86_64-linux-gnu/pkgconfig:/home/autoware/Autoware/install/amathutils_lib/lib/pkgconfig:/home/autoware/Autoware/install/autoware_msgs/lib/x86_64-linux-gnu/pkgconfig:/home/autoware/Autoware/install/autoware_msgs/lib/pkgconfig:/home/autoware/Autoware/install/autoware_lanelet2_msgs/lib/x86_64-linux-gnu/pkgconfig:/home/autoware/Autoware/install/autoware_lanelet2_msgs/lib/pkgconfig:/home/autoware/Autoware/install/autoware_build_flags/lib/x86_64-linux-gnu/pkgconfig:/home/autoware/Autoware/install/autoware_build_flags/lib/pkgconfig:${PKG_CONFIG_PATH} PYTHONPATH=/home/autoware/Autoware/install/autoware_msgs/lib/python2.7/dist-packages:/home/autoware/Autoware/install/autoware_lanelet2_msgs/lib/python2.7/dist-packages:${PYTHONPATH} ROS_PACKAGE_PATH=/home/autoware/Autoware/install/amathutils_lib/share:/home/autoware/Autoware/install/autoware_msgs/share:/home/autoware/Autoware/install/autoware_lanelet2_msgs/share:/home/autoware/Autoware/install/autoware_build_flags/share:${ROS_PACKAGE_PATH} /usr/bin/cmake --build /home/autoware/Autoware/build/lanelet2_extension --target tests -- -j32 -l32
[2.609s] [  0%] Built target _catkin_empty_exported_target
[2.609s] [  0%] Built target pcl_msgs_generate_messages_nodejs
[2.620s] [  0%] Built target autoware_msgs_generate_messages_py
[2.620s] [  0%] Built target tf_generate_messages_py
[2.620s] [  0%] Built target std_msgs_generate_messages_lisp
[2.620s] [  0%] Built target sensor_msgs_generate_messages_cpp
[2.620s] [  0%] Built target jsk_footstep_msgs_generate_messages_nodejs
[2.624s] [  0%] Built target jsk_footstep_msgs_generate_messages_py
[2.625s] [  0%] Built target roscpp_generate_messages_nodejs
[2.625s] [  0%] Built target autoware_msgs_generate_messages_cpp
[2.625s] [  0%] Built target actionlib_msgs_generate_messages_py
[2.625s] [  0%] Built target jsk_recognition_msgs_generate_messages_py
[2.625s] [  0%] Built target std_msgs_generate_messages_eus
[2.625s] [  0%] Built target sensor_msgs_generate_messages_eus
[2.625s] [  0%] Built target std_msgs_generate_messages_cpp
[2.625s] [  0%] Built target autoware_msgs_generate_messages_eus
[2.625s] [  0%] Built target std_msgs_generate_messages_nodejs
[2.626s] [  0%] Built target autoware_msgs_generate_messages_nodejs
[2.626s] [  0%] Built target actionlib_msgs_generate_messages_nodejs
[2.626s] [  0%] Built target std_msgs_generate_messages_py
[2.626s] [  0%] Built target geometry_msgs_generate_messages_eus
[2.626s] [  0%] Built target sensor_msgs_generate_messages_lisp
[2.626s] [  0%] Built target geometry_msgs_generate_messages_lisp
[2.626s] [  0%] Built target visualization_msgs_generate_messages_lisp
[2.626s] [  0%] Built target jsk_footstep_msgs_generate_messages_eus
[2.626s] [  0%] Built target sensor_msgs_generate_messages_py
[2.627s] [  0%] Built target rosgraph_msgs_generate_messages_cpp
[2.627s] [  0%] Built target pcl_msgs_generate_messages_cpp
[2.627s] [  0%] Built target autoware_msgs_generate_messages_lisp
[2.627s] [  0%] Built target geometry_msgs_generate_messages_nodejs
[2.627s] [  0%] Built target jsk_footstep_msgs_generate_messages_lisp
[2.627s] [  0%] Built target actionlib_msgs_generate_messages_lisp
[2.627s] [  0%] Built target jsk_recognition_msgs_generate_messages_cpp
[2.627s] [  0%] Built target tf_generate_messages_eus
[2.628s] [  0%] Built target tf_generate_messages_lisp
[2.628s] [  0%] Built target actionlib_msgs_generate_messages_cpp
[2.628s] [  0%] Built target roscpp_generate_messages_lisp
[2.628s] [  0%] Built target rosgraph_msgs_generate_messages_nodejs
[2.628s] [  0%] Built target actionlib_generate_messages_eus
[2.628s] [  0%] Built target rosgraph_msgs_generate_messages_py
[2.628s] [  0%] Built target actionlib_generate_messages_nodejs
[2.628s] [  0%] Built target tf2_msgs_generate_messages_lisp
[2.628s] [  0%] Built target tf_generate_messages_nodejs
[2.628s] [  0%] Built target jsk_footstep_msgs_generate_messages_cpp
[2.628s] [  0%] Built target actionlib_msgs_generate_messages_eus
[2.628s] [  0%] Built target jsk_recognition_msgs_generate_messages_nodejs
[2.629s] [  0%] Built target roscpp_generate_messages_eus
[2.629s] [  0%] Built target pcl_msgs_generate_messages_py
[2.629s] [  0%] Built target rosgraph_msgs_generate_messages_lisp
[2.629s] [  0%] Built target tf2_msgs_generate_messages_py
[2.630s] [  0%] Built target tf2_msgs_generate_messages_eus
[2.630s] [  0%] Built target autoware_lanelet2_msgs_generate_messages_cpp
[2.630s] [  0%] Built target geometry_msgs_generate_messages_cpp
[2.630s] [  0%] Built target autoware_lanelet2_msgs_generate_messages_py
[2.630s] [  0%] Built target tf2_msgs_generate_messages_nodejs
[2.630s] [  0%] Built target pcl_msgs_generate_messages_lisp
[2.630s] [  0%] Built target actionlib_generate_messages_lisp
[2.630s] [  0%] Built target actionlib_generate_messages_py
[2.630s] [  0%] Built target tf_generate_messages_cpp
[2.630s] [  0%] Built target roscpp_generate_messages_py
[2.631s] [  0%] Built target autoware_lanelet2_msgs_generate_messages_eus
[2.631s] [  0%] Built target visualization_msgs_generate_messages_py
[2.631s] [  0%] Built target visualization_msgs_generate_messages_nodejs
[2.631s] [  0%] Built target autoware_lanelet2_msgs_generate_messages_nodejs
[2.631s] [  0%] Built target geometry_msgs_generate_messages_py
[2.631s] [  0%] Built target visualization_msgs_generate_messages_eus
[2.633s] [  0%] Built target visualization_msgs_generate_messages_cpp
[2.634s] [  0%] Built target autoware_lanelet2_msgs_generate_messages_lisp
[2.634s] [  0%] Built target roscpp_generate_messages_cpp
[2.634s] [  0%] Built target actionlib_generate_messages_cpp
[2.634s] [  0%] Built target pcl_msgs_generate_messages_eus
[2.634s] [  0%] Built target rosgraph_msgs_generate_messages_eus
[2.634s] [  0%] Built target jsk_recognition_msgs_generate_messages_lisp
[2.634s] [  0%] Built target sensor_msgs_generate_messages_nodejs
[2.634s] [  0%] Built target tf2_msgs_generate_messages_cpp
[2.635s] [  0%] Built target jsk_recognition_msgs_generate_messages_eus
[2.635s] [ 10%] Built target gtest
[2.854s] [ 50%] Built target lanelet2_extension_lib
[2.854s] [ 60%] Built target projector-test
[2.855s] [ 70%] Built target query-test
[2.855s] [ 80%] Built target regulatory_elements-test
[2.855s] [ 90%] Built target utilities-test
[2.855s] [100%] Built target message_conversion-test
[2.940s] [100%] Built target tests
[3.061s] Invoked command in '/home/autoware/Autoware/build/lanelet2_extension' returned '0': CMAKE_PREFIX_PATH=/home/autoware/Autoware/install/amathutils_lib:/home/autoware/Autoware/install/autoware_msgs:/home/autoware/Autoware/install/autoware_lanelet2_msgs:/home/autoware/Autoware/install/autoware_build_flags:${CMAKE_PREFIX_PATH} LD_LIBRARY_PATH=/home/autoware/Autoware/install/amathutils_lib/lib:${LD_LIBRARY_PATH} PKG_CONFIG_PATH=/home/autoware/Autoware/install/amathutils_lib/lib/x86_64-linux-gnu/pkgconfig:/home/autoware/Autoware/install/amathutils_lib/lib/pkgconfig:/home/autoware/Autoware/install/autoware_msgs/lib/x86_64-linux-gnu/pkgconfig:/home/autoware/Autoware/install/autoware_msgs/lib/pkgconfig:/home/autoware/Autoware/install/autoware_lanelet2_msgs/lib/x86_64-linux-gnu/pkgconfig:/home/autoware/Autoware/install/autoware_lanelet2_msgs/lib/pkgconfig:/home/autoware/Autoware/install/autoware_build_flags/lib/x86_64-linux-gnu/pkgconfig:/home/autoware/Autoware/install/autoware_build_flags/lib/pkgconfig:${PKG_CONFIG_PATH} PYTHONPATH=/home/autoware/Autoware/install/autoware_msgs/lib/python2.7/dist-packages:/home/autoware/Autoware/install/autoware_lanelet2_msgs/lib/python2.7/dist-packages:${PYTHONPATH} ROS_PACKAGE_PATH=/home/autoware/Autoware/install/amathutils_lib/share:/home/autoware/Autoware/install/autoware_msgs/share:/home/autoware/Autoware/install/autoware_lanelet2_msgs/share:/home/autoware/Autoware/install/autoware_build_flags/share:${ROS_PACKAGE_PATH} /usr/bin/cmake --build /home/autoware/Autoware/build/lanelet2_extension --target tests -- -j32 -l32
[4.241s] Invoking command in '/home/autoware/Autoware/build/lanelet2_extension': CMAKE_PREFIX_PATH=/home/autoware/Autoware/install/amathutils_lib:/home/autoware/Autoware/install/autoware_msgs:/home/autoware/Autoware/install/autoware_lanelet2_msgs:/home/autoware/Autoware/install/autoware_build_flags:${CMAKE_PREFIX_PATH} LD_LIBRARY_PATH=/home/autoware/Autoware/install/amathutils_lib/lib:${LD_LIBRARY_PATH} PKG_CONFIG_PATH=/home/autoware/Autoware/install/amathutils_lib/lib/x86_64-linux-gnu/pkgconfig:/home/autoware/Autoware/install/amathutils_lib/lib/pkgconfig:/home/autoware/Autoware/install/autoware_msgs/lib/x86_64-linux-gnu/pkgconfig:/home/autoware/Autoware/install/autoware_msgs/lib/pkgconfig:/home/autoware/Autoware/install/autoware_lanelet2_msgs/lib/x86_64-linux-gnu/pkgconfig:/home/autoware/Autoware/install/autoware_lanelet2_msgs/lib/pkgconfig:/home/autoware/Autoware/install/autoware_build_flags/lib/x86_64-linux-gnu/pkgconfig:/home/autoware/Autoware/install/autoware_build_flags/lib/pkgconfig:${PKG_CONFIG_PATH} PYTHONPATH=/home/autoware/Autoware/install/autoware_msgs/lib/python2.7/dist-packages:/home/autoware/Autoware/install/autoware_lanelet2_msgs/lib/python2.7/dist-packages:${PYTHONPATH} ROS_PACKAGE_PATH=/home/autoware/Autoware/install/amathutils_lib/share:/home/autoware/Autoware/install/autoware_msgs/share:/home/autoware/Autoware/install/autoware_lanelet2_msgs/share:/home/autoware/Autoware/install/autoware_build_flags/share:${ROS_PACKAGE_PATH} /usr/bin/cmake --build /home/autoware/Autoware/build/lanelet2_extension --target install -- -j32 -l32
[4.584s] [  0%] Built target tf_generate_messages_py
[4.584s] [  0%] Built target jsk_footstep_msgs_generate_messages_lisp
[4.584s] [  0%] Built target autoware_msgs_generate_messages_py
[4.584s] [  0%] Built target sensor_msgs_generate_messages_cpp
[4.585s] [  0%] Built target std_msgs_generate_messages_nodejs
[4.585s] [  0%] Built target jsk_footstep_msgs_generate_messages_py
[4.585s] [  0%] Built target pcl_msgs_generate_messages_cpp
[4.585s] [  0%] Built target autoware_msgs_generate_messages_eus
[4.585s] [  0%] Built target jsk_recognition_msgs_generate_messages_py
[4.585s] [  0%] Built target std_msgs_generate_messages_lisp
[4.585s] [  0%] Built target autoware_msgs_generate_messages_lisp
[4.585s] [  0%] Built target std_msgs_generate_messages_py
[4.585s] [  0%] Built target jsk_recognition_msgs_generate_messages_cpp
[4.585s] [  0%] Built target std_msgs_generate_messages_cpp
[4.585s] [  0%] Built target jsk_footstep_msgs_generate_messages_eus
[4.585s] [  0%] Built target roscpp_generate_messages_nodejs
[4.585s] [  0%] Built target sensor_msgs_generate_messages_eus
[4.586s] [  0%] Built target autoware_msgs_generate_messages_cpp
[4.586s] [  0%] Built target _catkin_empty_exported_target
[4.586s] [  0%] Built target rosgraph_msgs_generate_messages_cpp
[4.586s] [  0%] Built target sensor_msgs_generate_messages_lisp
[4.586s] [  0%] Built target geometry_msgs_generate_messages_nodejs
[4.586s] [  0%] Built target actionlib_msgs_generate_messages_py
[4.586s] [  0%] Built target std_msgs_generate_messages_eus
[4.586s] [  0%] Built target jsk_footstep_msgs_generate_messages_nodejs
[4.587s] [  0%] Built target autoware_msgs_generate_messages_nodejs
[4.587s] [  0%] Built target geometry_msgs_generate_messages_lisp
[4.587s] [  0%] Built target geometry_msgs_generate_messages_eus
[4.587s] [  0%] Built target sensor_msgs_generate_messages_py
[4.587s] [  0%] Built target visualization_msgs_generate_messages_lisp
[4.587s] [  0%] Built target actionlib_msgs_generate_messages_nodejs
[4.587s] [  0%] Built target tf_generate_messages_eus
[4.587s] [  0%] Built target pcl_msgs_generate_messages_nodejs
[4.587s] [  0%] Built target jsk_footstep_msgs_generate_messages_cpp
[4.587s] [  0%] Built target tf_generate_messages_lisp
[4.587s] [  0%] Built target actionlib_msgs_generate_messages_lisp
[4.595s] [  0%] Built target actionlib_msgs_generate_messages_cpp
[4.596s] [  0%] Built target geometry_msgs_generate_messages_cpp
[4.596s] [  0%] Built target pcl_msgs_generate_messages_py
[4.596s] [  0%] Built target actionlib_generate_messages_eus
[4.596s] [  0%] Built target actionlib_msgs_generate_messages_eus
[4.596s] [  0%] Built target tf_generate_messages_nodejs
[4.596s] [  0%] Built target visualization_msgs_generate_messages_cpp
[4.596s] [  0%] Built target autoware_lanelet2_msgs_generate_messages_cpp
[4.596s] [  0%] Built target tf2_msgs_generate_messages_py
[4.596s] [  0%] Built target jsk_recognition_msgs_generate_messages_nodejs
[4.596s] [  0%] Built target roscpp_generate_messages_eus
[4.596s] [  0%] Built target tf_generate_messages_cpp
[4.597s] [  0%] Built target autoware_lanelet2_msgs_generate_messages_py
[4.597s] [  0%] Built target roscpp_generate_messages_lisp
[4.597s] [  0%] Built target actionlib_generate_messages_nodejs
[4.597s] [  0%] Built target actionlib_generate_messages_lisp
[4.597s] [  0%] Built target tf2_msgs_generate_messages_lisp
[4.597s] [  0%] Built target pcl_msgs_generate_messages_lisp
[4.597s] [  0%] Built target autoware_lanelet2_msgs_generate_messages_eus
[4.597s] [  0%] Built target rosgraph_msgs_generate_messages_lisp
[4.597s] [  0%] Built target actionlib_generate_messages_py
[4.597s] [  0%] Built target tf2_msgs_generate_messages_eus
[4.597s] [  0%] Built target roscpp_generate_messages_py
[4.598s] [  0%] Built target visualization_msgs_generate_messages_py
[4.598s] [  0%] Built target geometry_msgs_generate_messages_py
[4.598s] [  0%] Built target rosgraph_msgs_generate_messages_nodejs
[4.598s] [  0%] Built target rosgraph_msgs_generate_messages_py
[4.598s] [  0%] Built target visualization_msgs_generate_messages_nodejs
[4.607s] [  0%] Built target pcl_msgs_generate_messages_eus
[4.608s] [  0%] Built target autoware_lanelet2_msgs_generate_messages_lisp
[4.608s] [  0%] Built target rosgraph_msgs_generate_messages_eus
[4.608s] [  0%] Built target autoware_lanelet2_msgs_generate_messages_nodejs
[4.608s] [  0%] Built target jsk_recognition_msgs_generate_messages_lisp
[4.608s] [  0%] Built target tf2_msgs_generate_messages_nodejs
[4.608s] [  0%] Built target roscpp_generate_messages_cpp
[4.608s] [  0%] Built target tf2_msgs_generate_messages_cpp
[4.608s] [  0%] Built target sensor_msgs_generate_messages_nodejs
[4.608s] [  0%] Built target visualization_msgs_generate_messages_eus
[4.698s] [  0%] Built target actionlib_generate_messages_cpp
[4.737s] [  0%] Built target jsk_recognition_msgs_generate_messages_eus
[4.854s] [ 66%] Built target lanelet2_extension_lib
[4.920s] [ 83%] Built target lanelet2_extension_sample
[5.008s] [100%] Built target autoware_lanelet2_validation
[5.099s] Install the project...
[5.167s] -- Install configuration: "Release"
[5.167s] -- Up-to-date: /home/autoware/Autoware/install/lanelet2_extension/lib/pkgconfig/lanelet2_extension.pc
[5.167s] -- Up-to-date: /home/autoware/Autoware/install/lanelet2_extension/share/lanelet2_extension/cmake/lanelet2_extensionConfig.cmake
[5.167s] -- Up-to-date: /home/autoware/Autoware/install/lanelet2_extension/share/lanelet2_extension/cmake/lanelet2_extensionConfig-version.cmake
[5.167s] -- Up-to-date: /home/autoware/Autoware/install/lanelet2_extension/share/lanelet2_extension/package.xml
[5.167s] -- Up-to-date: /home/autoware/Autoware/install/lanelet2_extension/lib/liblanelet2_extension_lib.so
[5.167s] -- Up-to-date: /home/autoware/Autoware/install/lanelet2_extension/lib/lanelet2_extension/lanelet2_extension_sample
[5.167s] -- Up-to-date: /home/autoware/Autoware/install/lanelet2_extension/lib/lanelet2_extension/autoware_lanelet2_validation
[5.168s] -- Up-to-date: /home/autoware/Autoware/install/lanelet2_extension/include/lanelet2_extension
[5.188s] -- Up-to-date: /home/autoware/Autoware/install/lanelet2_extension/include/lanelet2_extension/visualization
[5.188s] -- Up-to-date: /home/autoware/Autoware/install/lanelet2_extension/include/lanelet2_extension/visualization/visualization.h
[5.189s] -- Up-to-date: /home/autoware/Autoware/install/lanelet2_extension/include/lanelet2_extension/regulatory_elements
[5.189s] -- Up-to-date: /home/autoware/Autoware/install/lanelet2_extension/include/lanelet2_extension/regulatory_elements/autoware_traffic_light.h
[5.189s] -- Up-to-date: /home/autoware/Autoware/install/lanelet2_extension/include/lanelet2_extension/utility
[5.189s] -- Up-to-date: /home/autoware/Autoware/install/lanelet2_extension/include/lanelet2_extension/utility/query.h
[5.189s] -- Up-to-date: /home/autoware/Autoware/install/lanelet2_extension/include/lanelet2_extension/utility/utilities.h
[5.189s] -- Up-to-date: /home/autoware/Autoware/install/lanelet2_extension/include/lanelet2_extension/utility/message_conversion.h
[5.189s] -- Up-to-date: /home/autoware/Autoware/install/lanelet2_extension/include/lanelet2_extension/io
[5.189s] -- Up-to-date: /home/autoware/Autoware/install/lanelet2_extension/include/lanelet2_extension/io/autoware_osm_parser.h
[5.189s] -- Up-to-date: /home/autoware/Autoware/install/lanelet2_extension/include/lanelet2_extension/projection
[5.190s] -- Up-to-date: /home/autoware/Autoware/install/lanelet2_extension/include/lanelet2_extension/projection/mgrs_projector.h
[5.193s] Invoked command in '/home/autoware/Autoware/build/lanelet2_extension' returned '0': CMAKE_PREFIX_PATH=/home/autoware/Autoware/install/amathutils_lib:/home/autoware/Autoware/install/autoware_msgs:/home/autoware/Autoware/install/autoware_lanelet2_msgs:/home/autoware/Autoware/install/autoware_build_flags:${CMAKE_PREFIX_PATH} LD_LIBRARY_PATH=/home/autoware/Autoware/install/amathutils_lib/lib:${LD_LIBRARY_PATH} PKG_CONFIG_PATH=/home/autoware/Autoware/install/amathutils_lib/lib/x86_64-linux-gnu/pkgconfig:/home/autoware/Autoware/install/amathutils_lib/lib/pkgconfig:/home/autoware/Autoware/install/autoware_msgs/lib/x86_64-linux-gnu/pkgconfig:/home/autoware/Autoware/install/autoware_msgs/lib/pkgconfig:/home/autoware/Autoware/install/autoware_lanelet2_msgs/lib/x86_64-linux-gnu/pkgconfig:/home/autoware/Autoware/install/autoware_lanelet2_msgs/lib/pkgconfig:/home/autoware/Autoware/install/autoware_build_flags/lib/x86_64-linux-gnu/pkgconfig:/home/autoware/Autoware/install/autoware_build_flags/lib/pkgconfig:${PKG_CONFIG_PATH} PYTHONPATH=/home/autoware/Autoware/install/autoware_msgs/lib/python2.7/dist-packages:/home/autoware/Autoware/install/autoware_lanelet2_msgs/lib/python2.7/dist-packages:${PYTHONPATH} ROS_PACKAGE_PATH=/home/autoware/Autoware/install/amathutils_lib/share:/home/autoware/Autoware/install/autoware_msgs/share:/home/autoware/Autoware/install/autoware_lanelet2_msgs/share:/home/autoware/Autoware/install/autoware_build_flags/share:${ROS_PACKAGE_PATH} /usr/bin/cmake --build /home/autoware/Autoware/build/lanelet2_extension --target install -- -j32 -l32
