[0.334s] Invoking command in '/home/autoware/Autoware/build/image_processor': CMAKE_PREFIX_PATH=/home/autoware/Autoware/install/autoware_build_flags:${CMAKE_PREFIX_PATH} PKG_CONFIG_PATH=/home/autoware/Autoware/install/autoware_build_flags/lib/x86_64-linux-gnu/pkgconfig:/home/autoware/Autoware/install/autoware_build_flags/lib/pkgconfig:${PKG_CONFIG_PATH} ROS_PACKAGE_PATH=/home/autoware/Autoware/install/autoware_build_flags/share:${ROS_PACKAGE_PATH} /usr/bin/cmake --build /home/autoware/Autoware/build/image_processor -- -j32 -l32
[0.525s] [ 50%] Built target image_rectifier
[0.525s] [100%] Built target image_rotator
[0.574s] Invoked command in '/home/autoware/Autoware/build/image_processor' returned '0': CMAKE_PREFIX_PATH=/home/autoware/Autoware/install/autoware_build_flags:${CMAKE_PREFIX_PATH} PKG_CONFIG_PATH=/home/autoware/Autoware/install/autoware_build_flags/lib/x86_64-linux-gnu/pkgconfig:/home/autoware/Autoware/install/autoware_build_flags/lib/pkgconfig:${PKG_CONFIG_PATH} ROS_PACKAGE_PATH=/home/autoware/Autoware/install/autoware_build_flags/share:${ROS_PACKAGE_PATH} /usr/bin/cmake --build /home/autoware/Autoware/build/image_processor -- -j32 -l32
[0.717s] Invoking command in '/home/autoware/Autoware/build/image_processor': CMAKE_PREFIX_PATH=/home/autoware/Autoware/install/autoware_build_flags:${CMAKE_PREFIX_PATH} PKG_CONFIG_PATH=/home/autoware/Autoware/install/autoware_build_flags/lib/x86_64-linux-gnu/pkgconfig:/home/autoware/Autoware/install/autoware_build_flags/lib/pkgconfig:${PKG_CONFIG_PATH} ROS_PACKAGE_PATH=/home/autoware/Autoware/install/autoware_build_flags/share:${ROS_PACKAGE_PATH} /usr/bin/cmake --build /home/autoware/Autoware/build/image_processor --target tests -- -j32 -l32
[0.902s] Built target tests
[0.957s] Invoked command in '/home/autoware/Autoware/build/image_processor' returned '0': CMAKE_PREFIX_PATH=/home/autoware/Autoware/install/autoware_build_flags:${CMAKE_PREFIX_PATH} PKG_CONFIG_PATH=/home/autoware/Autoware/install/autoware_build_flags/lib/x86_64-linux-gnu/pkgconfig:/home/autoware/Autoware/install/autoware_build_flags/lib/pkgconfig:${PKG_CONFIG_PATH} ROS_PACKAGE_PATH=/home/autoware/Autoware/install/autoware_build_flags/share:${ROS_PACKAGE_PATH} /usr/bin/cmake --build /home/autoware/Autoware/build/image_processor --target tests -- -j32 -l32
[1.152s] Invoking command in '/home/autoware/Autoware/build/image_processor': CMAKE_PREFIX_PATH=/home/autoware/Autoware/install/autoware_build_flags:${CMAKE_PREFIX_PATH} PKG_CONFIG_PATH=/home/autoware/Autoware/install/autoware_build_flags/lib/x86_64-linux-gnu/pkgconfig:/home/autoware/Autoware/install/autoware_build_flags/lib/pkgconfig:${PKG_CONFIG_PATH} ROS_PACKAGE_PATH=/home/autoware/Autoware/install/autoware_build_flags/share:${ROS_PACKAGE_PATH} /usr/bin/cmake --build /home/autoware/Autoware/build/image_processor --target install -- -j32 -l32
[1.472s] [ 50%] Built target image_rotator
[1.472s] [100%] Built target image_rectifier
[1.472s] Install the project...
[1.472s] -- Install configuration: "Release"
[1.472s] -- Up-to-date: /home/autoware/Autoware/install/image_processor/lib/pkgconfig/image_processor.pc
[1.473s] -- Up-to-date: /home/autoware/Autoware/install/image_processor/share/image_processor/cmake/image_processorConfig.cmake
[1.473s] -- Up-to-date: /home/autoware/Autoware/install/image_processor/share/image_processor/cmake/image_processorConfig-version.cmake
[1.473s] -- Up-to-date: /home/autoware/Autoware/install/image_processor/share/image_processor/package.xml
[1.474s] -- Up-to-date: /home/autoware/Autoware/install/image_processor/lib/image_processor/image_rotator
[1.474s] -- Up-to-date: /home/autoware/Autoware/install/image_processor/lib/image_processor/image_rectifier
[1.474s] -- Up-to-date: /home/autoware/Autoware/install/image_processor/share/image_processor/launch/launch
[1.474s] -- Up-to-date: /home/autoware/Autoware/install/image_processor/share/image_processor/launch/launch/image_rectifier.launch
[1.474s] -- Up-to-date: /home/autoware/Autoware/install/image_processor/share/image_processor/launch/launch/image_rectifier_ladybug.launch
[1.475s] -- Up-to-date: /home/autoware/Autoware/install/image_processor/share/image_processor/launch/launch/image_rotator_ladybug.launch
[1.475s] -- Up-to-date: /home/autoware/Autoware/install/image_processor/share/image_processor/launch/launch/image_rotator.launch
[1.663s] Invoked command in '/home/autoware/Autoware/build/image_processor' returned '0': CMAKE_PREFIX_PATH=/home/autoware/Autoware/install/autoware_build_flags:${CMAKE_PREFIX_PATH} PKG_CONFIG_PATH=/home/autoware/Autoware/install/autoware_build_flags/lib/x86_64-linux-gnu/pkgconfig:/home/autoware/Autoware/install/autoware_build_flags/lib/pkgconfig:${PKG_CONFIG_PATH} ROS_PACKAGE_PATH=/home/autoware/Autoware/install/autoware_build_flags/share:${ROS_PACKAGE_PATH} /usr/bin/cmake --build /home/autoware/Autoware/build/image_processor --target install -- -j32 -l32
