[0.192s] Invoking command in '/home/autoware/Autoware/build/waypoint_maker': CMAKE_PREFIX_PATH=/home/autoware/Autoware/install/lane_planner:/home/autoware/Autoware/install/libwaypoint_follower:/home/autoware/Autoware/install/lanelet2_extension:/home/autoware/Autoware/install/vector_map:/home/autoware/Autoware/install/amathutils_lib:/home/autoware/Autoware/install/vector_map_msgs:/home/autoware/Autoware/install/tablet_socket_msgs:/home/autoware/Autoware/install/gnss:/home/autoware/Autoware/install/autoware_msgs:/home/autoware/Autoware/install/autoware_lanelet2_msgs:/home/autoware/Autoware/install/autoware_config_msgs:/home/autoware/Autoware/install/autoware_build_flags:${CMAKE_PREFIX_PATH} LD_LIBRARY_PATH=/home/autoware/Autoware/install/lane_planner/lib:/home/autoware/Autoware/install/libwaypoint_follower/lib:/home/autoware/Autoware/install/lanelet2_extension/lib:/home/autoware/Autoware/install/vector_map/lib:/home/autoware/Autoware/install/amathutils_lib/lib:/home/autoware/Autoware/install/gnss/lib:${LD_LIBRARY_PATH} PKG_CONFIG_PATH=/home/autoware/Autoware/install/lane_planner/lib/x86_64-linux-gnu/pkgconfig:/home/autoware/Autoware/install/lane_planner/lib/pkgconfig:/home/autoware/Autoware/install/libwaypoint_follower/lib/x86_64-linux-gnu/pkgconfig:/home/autoware/Autoware/install/libwaypoint_follower/lib/pkgconfig:/home/autoware/Autoware/install/lanelet2_extension/lib/x86_64-linux-gnu/pkgconfig:/home/autoware/Autoware/install/lanelet2_extension/lib/pkgconfig:/home/autoware/Autoware/install/vector_map/lib/x86_64-linux-gnu/pkgconfig:/home/autoware/Autoware/install/vector_map/lib/pkgconfig:/home/autoware/Autoware/install/amathutils_lib/lib/x86_64-linux-gnu/pkgconfig:/home/autoware/Autoware/install/amathutils_lib/lib/pkgconfig:/home/autoware/Autoware/install/vector_map_msgs/lib/x86_64-linux-gnu/pkgconfig:/home/autoware/Autoware/install/vector_map_msgs/lib/pkgconfig:/home/autoware/Autoware/install/tablet_socket_msgs/lib/x86_64-linux-gnu/pkgconfig:/home/autoware/Autoware/install/tablet_socket_msgs/lib/pkgconfig:/home/autoware/Autoware/install/gnss/lib/x86_64-linux-gnu/pkgconfig:/home/autoware/Autoware/install/gnss/lib/pkgconfig:/home/autoware/Autoware/install/autoware_msgs/lib/x86_64-linux-gnu/pkgconfig:/home/autoware/Autoware/install/autoware_msgs/lib/pkgconfig:/home/autoware/Autoware/install/autoware_lanelet2_msgs/lib/x86_64-linux-gnu/pkgconfig:/home/autoware/Autoware/install/autoware_lanelet2_msgs/lib/pkgconfig:/home/autoware/Autoware/install/autoware_config_msgs/lib/x86_64-linux-gnu/pkgconfig:/home/autoware/Autoware/install/autoware_config_msgs/lib/pkgconfig:/home/autoware/Autoware/install/autoware_build_flags/lib/x86_64-linux-gnu/pkgconfig:/home/autoware/Autoware/install/autoware_build_flags/lib/pkgconfig:${PKG_CONFIG_PATH} PYTHONPATH=/home/autoware/Autoware/install/vector_map_msgs/lib/python2.7/dist-packages:/home/autoware/Autoware/install/tablet_socket_msgs/lib/python2.7/dist-packages:/home/autoware/Autoware/install/autoware_msgs/lib/python2.7/dist-packages:/home/autoware/Autoware/install/autoware_lanelet2_msgs/lib/python2.7/dist-packages:/home/autoware/Autoware/install/autoware_config_msgs/lib/python2.7/dist-packages:${PYTHONPATH} ROS_PACKAGE_PATH=/home/autoware/Autoware/install/lane_planner/share:/home/autoware/Autoware/install/libwaypoint_follower/share:/home/autoware/Autoware/install/lanelet2_extension/share:/home/autoware/Autoware/install/vector_map/share:/home/autoware/Autoware/install/amathutils_lib/share:/home/autoware/Autoware/install/vector_map_msgs/share:/home/autoware/Autoware/install/tablet_socket_msgs/share:/home/autoware/Autoware/install/gnss/share:/home/autoware/Autoware/install/autoware_msgs/share:/home/autoware/Autoware/install/autoware_lanelet2_msgs/share:/home/autoware/Autoware/install/autoware_config_msgs/share:/home/autoware/Autoware/install/autoware_build_flags/share:${ROS_PACKAGE_PATH} /usr/bin/cmake --build /home/autoware/Autoware/build/waypoint_maker -- -j32 -l32
[0.413s] [  0%] Built target vector_map_msgs_generate_messages_cpp
[0.414s] [  0%] Built target autoware_msgs_generate_messages_lisp
[0.424s] [  0%] Built target actionlib_msgs_generate_messages_nodejs
[0.444s] [  0%] Built target jsk_footstep_msgs_generate_messages_nodejs
[0.451s] [  0%] Built target geometry_msgs_generate_messages_nodejs
[0.451s] [  0%] Built target tf_generate_messages_eus
[0.451s] [  0%] Built target visualization_msgs_generate_messages_py
[0.453s] [  0%] Built target autoware_config_msgs_generate_messages_nodejs
[0.455s] [  0%] Built target tf_generate_messages_lisp
[0.462s] [  0%] Built target vector_map_msgs_generate_messages_py
[0.463s] [  0%] Built target geometry_msgs_generate_messages_lisp
[0.464s] [  0%] Built target actionlib_msgs_generate_messages_py
[0.465s] [  0%] Built target geometry_msgs_generate_messages_eus
[0.472s] [  0%] Built target jsk_recognition_msgs_generate_messages_cpp
[0.473s] [  0%] Built target jsk_footstep_msgs_generate_messages_cpp
[0.475s] [  0%] Built target autoware_msgs_generate_messages_eus
[0.479s] [  0%] Built target actionlib_msgs_generate_messages_lisp
[0.480s] [  0%] Built target jsk_footstep_msgs_generate_messages_eus
[0.485s] [  0%] Built target vector_map_msgs_generate_messages_lisp
[0.490s] [  0%] Built target vector_map_msgs_generate_messages_nodejs
[0.492s] [  0%] Built target pcl_msgs_generate_messages_cpp
[0.495s] [  0%] Built target std_msgs_generate_messages_eus
[0.497s] [  0%] Built target visualization_msgs_generate_messages_nodejs
[0.499s] [  0%] Built target visualization_msgs_generate_messages_eus
[0.500s] [  0%] Built target std_msgs_generate_messages_lisp
[0.502s] [  0%] Built target actionlib_msgs_generate_messages_cpp
[0.505s] [  0%] Built target vector_map_msgs_generate_messages_eus
[0.505s] [  0%] Built target jsk_footstep_msgs_generate_messages_lisp
[0.513s] [  0%] Built target autoware_msgs_generate_messages_nodejs
[0.516s] [  0%] Built target visualization_msgs_generate_messages_lisp
[0.520s] [  0%] Built target tf_generate_messages_nodejs
[0.529s] [  0%] Built target jsk_recognition_msgs_generate_messages_nodejs
[0.548s] [  0%] Built target rosgraph_msgs_generate_messages_lisp
[0.557s] [  0%] Built target roscpp_generate_messages_nodejs
[0.559s] [  0%] Built target autoware_config_msgs_generate_messages_eus
[0.568s] [  0%] Built target pcl_msgs_generate_messages_py
[0.569s] [  0%] Built target rosgraph_msgs_generate_messages_nodejs
[0.572s] [  0%] Built target roscpp_generate_messages_lisp
[0.573s] [  0%] Built target actionlib_generate_messages_nodejs
[0.577s] [  0%] Built target actionlib_generate_messages_lisp
[0.578s] [  0%] Built target visualization_msgs_generate_messages_cpp
[0.583s] [  0%] Built target pcl_msgs_generate_messages_lisp
[0.583s] [  0%] Built target roscpp_generate_messages_eus
[0.586s] [  0%] Built target rosgraph_msgs_generate_messages_py
[0.590s] [  0%] Built target autoware_config_msgs_generate_messages_py
[0.590s] [  0%] Built target geometry_msgs_generate_messages_cpp
[0.592s] [  0%] Built target nav_msgs_generate_messages_eus
[0.595s] [  0%] Built target roscpp_generate_messages_py
[0.596s] [  0%] Built target tf_generate_messages_cpp
[0.601s] [  0%] Built target tf2_msgs_generate_messages_py
[0.603s] [  0%] Built target tablet_socket_msgs_generate_messages_eus
[0.609s] [  0%] Built target autoware_config_msgs_generate_messages_lisp
[0.609s] [  0%] Built target actionlib_msgs_generate_messages_eus
[0.609s] [  0%] Built target nav_msgs_generate_messages_py
[0.609s] [  0%] Built target actionlib_generate_messages_py
[0.612s] [  0%] Built target tablet_socket_msgs_generate_messages_cpp
[0.614s] [  0%] Built target tf2_msgs_generate_messages_eus
[0.626s] [  0%] Built target autoware_config_msgs_generate_messages_cpp
[0.626s] [  0%] Built target tf2_msgs_generate_messages_nodejs
[0.629s] [  0%] Built target actionlib_generate_messages_eus
[0.641s] [  0%] Built target actionlib_generate_messages_cpp
[0.642s] [  0%] Built target nav_msgs_generate_messages_cpp
[0.645s] [  0%] Built target tablet_socket_msgs_generate_messages_lisp
[0.650s] [  0%] Built target tf2_msgs_generate_messages_lisp
[0.656s] [  0%] Built target jsk_recognition_msgs_generate_messages_eus
[0.661s] [  0%] Built target sensor_msgs_generate_messages_lisp
[0.666s] [  0%] Built target geometry_msgs_generate_messages_py
[0.673s] [  0%] Built target _catkin_empty_exported_target
[0.676s] [  0%] Built target sensor_msgs_generate_messages_py
[0.680s] [  0%] Built target autoware_msgs_generate_messages_cpp
[0.683s] [  0%] Built target std_msgs_generate_messages_py
[0.684s] [  0%] Built target nav_msgs_generate_messages_nodejs
[0.686s] [  0%] Built target jsk_recognition_msgs_generate_messages_lisp
[0.688s] [  0%] Built target rosgraph_msgs_generate_messages_eus
[0.688s] [  0%] Built target pcl_msgs_generate_messages_eus
[0.689s] [  0%] Built target sensor_msgs_generate_messages_nodejs
[0.689s] [  0%] Built target roscpp_generate_messages_cpp
[0.690s] [  0%] Built target sensor_msgs_generate_messages_eus
[0.690s] [  0%] Built target tf2_msgs_generate_messages_cpp
[0.691s] [  0%] Built target nav_msgs_generate_messages_lisp
[0.693s] [  0%] Built target jsk_footstep_msgs_generate_messages_py
[0.695s] [  0%] Built target std_msgs_generate_messages_nodejs
[0.698s] [  0%] Built target jsk_recognition_msgs_generate_messages_py
[0.700s] [  0%] Built target sensor_msgs_generate_messages_cpp
[0.706s] [  0%] Built target tf_generate_messages_py
[0.707s] [  0%] Built target autoware_msgs_generate_messages_py
[0.709s] [  0%] Built target rosgraph_msgs_generate_messages_cpp
[0.710s] [  0%] Built target pcl_msgs_generate_messages_nodejs
[0.711s] [  0%] Built target tablet_socket_msgs_generate_messages_py
[0.712s] [  0%] Built target tablet_socket_msgs_generate_messages_nodejs
[0.720s] [  0%] Built target std_msgs_generate_messages_cpp
[0.725s] [ 10%] Built target waypoint_clicker
[0.755s] [ 25%] Built target waypoint_replanner
[0.758s] [ 50%] Built target waypoint_loader
[0.759s] [ 50%] Built target waypoint_marker_publisher
[0.759s] [ 70%] Built target waypoint_saver
[0.759s] [ 70%] Built target waypoint_extractor
[0.761s] [ 80%] Built target waypoint_velocity_visualizer
[0.761s] [100%] Built target waypoint_creator
[0.776s] Invoked command in '/home/autoware/Autoware/build/waypoint_maker' returned '0': CMAKE_PREFIX_PATH=/home/autoware/Autoware/install/lane_planner:/home/autoware/Autoware/install/libwaypoint_follower:/home/autoware/Autoware/install/lanelet2_extension:/home/autoware/Autoware/install/vector_map:/home/autoware/Autoware/install/amathutils_lib:/home/autoware/Autoware/install/vector_map_msgs:/home/autoware/Autoware/install/tablet_socket_msgs:/home/autoware/Autoware/install/gnss:/home/autoware/Autoware/install/autoware_msgs:/home/autoware/Autoware/install/autoware_lanelet2_msgs:/home/autoware/Autoware/install/autoware_config_msgs:/home/autoware/Autoware/install/autoware_build_flags:${CMAKE_PREFIX_PATH} LD_LIBRARY_PATH=/home/autoware/Autoware/install/lane_planner/lib:/home/autoware/Autoware/install/libwaypoint_follower/lib:/home/autoware/Autoware/install/lanelet2_extension/lib:/home/autoware/Autoware/install/vector_map/lib:/home/autoware/Autoware/install/amathutils_lib/lib:/home/autoware/Autoware/install/gnss/lib:${LD_LIBRARY_PATH} PKG_CONFIG_PATH=/home/autoware/Autoware/install/lane_planner/lib/x86_64-linux-gnu/pkgconfig:/home/autoware/Autoware/install/lane_planner/lib/pkgconfig:/home/autoware/Autoware/install/libwaypoint_follower/lib/x86_64-linux-gnu/pkgconfig:/home/autoware/Autoware/install/libwaypoint_follower/lib/pkgconfig:/home/autoware/Autoware/install/lanelet2_extension/lib/x86_64-linux-gnu/pkgconfig:/home/autoware/Autoware/install/lanelet2_extension/lib/pkgconfig:/home/autoware/Autoware/install/vector_map/lib/x86_64-linux-gnu/pkgconfig:/home/autoware/Autoware/install/vector_map/lib/pkgconfig:/home/autoware/Autoware/install/amathutils_lib/lib/x86_64-linux-gnu/pkgconfig:/home/autoware/Autoware/install/amathutils_lib/lib/pkgconfig:/home/autoware/Autoware/install/vector_map_msgs/lib/x86_64-linux-gnu/pkgconfig:/home/autoware/Autoware/install/vector_map_msgs/lib/pkgconfig:/home/autoware/Autoware/install/tablet_socket_msgs/lib/x86_64-linux-gnu/pkgconfig:/home/autoware/Autoware/install/tablet_socket_msgs/lib/pkgconfig:/home/autoware/Autoware/install/gnss/lib/x86_64-linux-gnu/pkgconfig:/home/autoware/Autoware/install/gnss/lib/pkgconfig:/home/autoware/Autoware/install/autoware_msgs/lib/x86_64-linux-gnu/pkgconfig:/home/autoware/Autoware/install/autoware_msgs/lib/pkgconfig:/home/autoware/Autoware/install/autoware_lanelet2_msgs/lib/x86_64-linux-gnu/pkgconfig:/home/autoware/Autoware/install/autoware_lanelet2_msgs/lib/pkgconfig:/home/autoware/Autoware/install/autoware_config_msgs/lib/x86_64-linux-gnu/pkgconfig:/home/autoware/Autoware/install/autoware_config_msgs/lib/pkgconfig:/home/autoware/Autoware/install/autoware_build_flags/lib/x86_64-linux-gnu/pkgconfig:/home/autoware/Autoware/install/autoware_build_flags/lib/pkgconfig:${PKG_CONFIG_PATH} PYTHONPATH=/home/autoware/Autoware/install/vector_map_msgs/lib/python2.7/dist-packages:/home/autoware/Autoware/install/tablet_socket_msgs/lib/python2.7/dist-packages:/home/autoware/Autoware/install/autoware_msgs/lib/python2.7/dist-packages:/home/autoware/Autoware/install/autoware_lanelet2_msgs/lib/python2.7/dist-packages:/home/autoware/Autoware/install/autoware_config_msgs/lib/python2.7/dist-packages:${PYTHONPATH} ROS_PACKAGE_PATH=/home/autoware/Autoware/install/lane_planner/share:/home/autoware/Autoware/install/libwaypoint_follower/share:/home/autoware/Autoware/install/lanelet2_extension/share:/home/autoware/Autoware/install/vector_map/share:/home/autoware/Autoware/install/amathutils_lib/share:/home/autoware/Autoware/install/vector_map_msgs/share:/home/autoware/Autoware/install/tablet_socket_msgs/share:/home/autoware/Autoware/install/gnss/share:/home/autoware/Autoware/install/autoware_msgs/share:/home/autoware/Autoware/install/autoware_lanelet2_msgs/share:/home/autoware/Autoware/install/autoware_config_msgs/share:/home/autoware/Autoware/install/autoware_build_flags/share:${ROS_PACKAGE_PATH} /usr/bin/cmake --build /home/autoware/Autoware/build/waypoint_maker -- -j32 -l32
[0.910s] Invoking command in '/home/autoware/Autoware/build/waypoint_maker': CMAKE_PREFIX_PATH=/home/autoware/Autoware/install/lane_planner:/home/autoware/Autoware/install/libwaypoint_follower:/home/autoware/Autoware/install/lanelet2_extension:/home/autoware/Autoware/install/vector_map:/home/autoware/Autoware/install/amathutils_lib:/home/autoware/Autoware/install/vector_map_msgs:/home/autoware/Autoware/install/tablet_socket_msgs:/home/autoware/Autoware/install/gnss:/home/autoware/Autoware/install/autoware_msgs:/home/autoware/Autoware/install/autoware_lanelet2_msgs:/home/autoware/Autoware/install/autoware_config_msgs:/home/autoware/Autoware/install/autoware_build_flags:${CMAKE_PREFIX_PATH} LD_LIBRARY_PATH=/home/autoware/Autoware/install/lane_planner/lib:/home/autoware/Autoware/install/libwaypoint_follower/lib:/home/autoware/Autoware/install/lanelet2_extension/lib:/home/autoware/Autoware/install/vector_map/lib:/home/autoware/Autoware/install/amathutils_lib/lib:/home/autoware/Autoware/install/gnss/lib:${LD_LIBRARY_PATH} PKG_CONFIG_PATH=/home/autoware/Autoware/install/lane_planner/lib/x86_64-linux-gnu/pkgconfig:/home/autoware/Autoware/install/lane_planner/lib/pkgconfig:/home/autoware/Autoware/install/libwaypoint_follower/lib/x86_64-linux-gnu/pkgconfig:/home/autoware/Autoware/install/libwaypoint_follower/lib/pkgconfig:/home/autoware/Autoware/install/lanelet2_extension/lib/x86_64-linux-gnu/pkgconfig:/home/autoware/Autoware/install/lanelet2_extension/lib/pkgconfig:/home/autoware/Autoware/install/vector_map/lib/x86_64-linux-gnu/pkgconfig:/home/autoware/Autoware/install/vector_map/lib/pkgconfig:/home/autoware/Autoware/install/amathutils_lib/lib/x86_64-linux-gnu/pkgconfig:/home/autoware/Autoware/install/amathutils_lib/lib/pkgconfig:/home/autoware/Autoware/install/vector_map_msgs/lib/x86_64-linux-gnu/pkgconfig:/home/autoware/Autoware/install/vector_map_msgs/lib/pkgconfig:/home/autoware/Autoware/install/tablet_socket_msgs/lib/x86_64-linux-gnu/pkgconfig:/home/autoware/Autoware/install/tablet_socket_msgs/lib/pkgconfig:/home/autoware/Autoware/install/gnss/lib/x86_64-linux-gnu/pkgconfig:/home/autoware/Autoware/install/gnss/lib/pkgconfig:/home/autoware/Autoware/install/autoware_msgs/lib/x86_64-linux-gnu/pkgconfig:/home/autoware/Autoware/install/autoware_msgs/lib/pkgconfig:/home/autoware/Autoware/install/autoware_lanelet2_msgs/lib/x86_64-linux-gnu/pkgconfig:/home/autoware/Autoware/install/autoware_lanelet2_msgs/lib/pkgconfig:/home/autoware/Autoware/install/autoware_config_msgs/lib/x86_64-linux-gnu/pkgconfig:/home/autoware/Autoware/install/autoware_config_msgs/lib/pkgconfig:/home/autoware/Autoware/install/autoware_build_flags/lib/x86_64-linux-gnu/pkgconfig:/home/autoware/Autoware/install/autoware_build_flags/lib/pkgconfig:${PKG_CONFIG_PATH} PYTHONPATH=/home/autoware/Autoware/install/vector_map_msgs/lib/python2.7/dist-packages:/home/autoware/Autoware/install/tablet_socket_msgs/lib/python2.7/dist-packages:/home/autoware/Autoware/install/autoware_msgs/lib/python2.7/dist-packages:/home/autoware/Autoware/install/autoware_lanelet2_msgs/lib/python2.7/dist-packages:/home/autoware/Autoware/install/autoware_config_msgs/lib/python2.7/dist-packages:${PYTHONPATH} ROS_PACKAGE_PATH=/home/autoware/Autoware/install/lane_planner/share:/home/autoware/Autoware/install/libwaypoint_follower/share:/home/autoware/Autoware/install/lanelet2_extension/share:/home/autoware/Autoware/install/vector_map/share:/home/autoware/Autoware/install/amathutils_lib/share:/home/autoware/Autoware/install/vector_map_msgs/share:/home/autoware/Autoware/install/tablet_socket_msgs/share:/home/autoware/Autoware/install/gnss/share:/home/autoware/Autoware/install/autoware_msgs/share:/home/autoware/Autoware/install/autoware_lanelet2_msgs/share:/home/autoware/Autoware/install/autoware_config_msgs/share:/home/autoware/Autoware/install/autoware_build_flags/share:${ROS_PACKAGE_PATH} /usr/bin/cmake --build /home/autoware/Autoware/build/waypoint_maker --target tests -- -j32 -l32
[1.034s] Built target tests
[1.057s] Invoked command in '/home/autoware/Autoware/build/waypoint_maker' returned '0': CMAKE_PREFIX_PATH=/home/autoware/Autoware/install/lane_planner:/home/autoware/Autoware/install/libwaypoint_follower:/home/autoware/Autoware/install/lanelet2_extension:/home/autoware/Autoware/install/vector_map:/home/autoware/Autoware/install/amathutils_lib:/home/autoware/Autoware/install/vector_map_msgs:/home/autoware/Autoware/install/tablet_socket_msgs:/home/autoware/Autoware/install/gnss:/home/autoware/Autoware/install/autoware_msgs:/home/autoware/Autoware/install/autoware_lanelet2_msgs:/home/autoware/Autoware/install/autoware_config_msgs:/home/autoware/Autoware/install/autoware_build_flags:${CMAKE_PREFIX_PATH} LD_LIBRARY_PATH=/home/autoware/Autoware/install/lane_planner/lib:/home/autoware/Autoware/install/libwaypoint_follower/lib:/home/autoware/Autoware/install/lanelet2_extension/lib:/home/autoware/Autoware/install/vector_map/lib:/home/autoware/Autoware/install/amathutils_lib/lib:/home/autoware/Autoware/install/gnss/lib:${LD_LIBRARY_PATH} PKG_CONFIG_PATH=/home/autoware/Autoware/install/lane_planner/lib/x86_64-linux-gnu/pkgconfig:/home/autoware/Autoware/install/lane_planner/lib/pkgconfig:/home/autoware/Autoware/install/libwaypoint_follower/lib/x86_64-linux-gnu/pkgconfig:/home/autoware/Autoware/install/libwaypoint_follower/lib/pkgconfig:/home/autoware/Autoware/install/lanelet2_extension/lib/x86_64-linux-gnu/pkgconfig:/home/autoware/Autoware/install/lanelet2_extension/lib/pkgconfig:/home/autoware/Autoware/install/vector_map/lib/x86_64-linux-gnu/pkgconfig:/home/autoware/Autoware/install/vector_map/lib/pkgconfig:/home/autoware/Autoware/install/amathutils_lib/lib/x86_64-linux-gnu/pkgconfig:/home/autoware/Autoware/install/amathutils_lib/lib/pkgconfig:/home/autoware/Autoware/install/vector_map_msgs/lib/x86_64-linux-gnu/pkgconfig:/home/autoware/Autoware/install/vector_map_msgs/lib/pkgconfig:/home/autoware/Autoware/install/tablet_socket_msgs/lib/x86_64-linux-gnu/pkgconfig:/home/autoware/Autoware/install/tablet_socket_msgs/lib/pkgconfig:/home/autoware/Autoware/install/gnss/lib/x86_64-linux-gnu/pkgconfig:/home/autoware/Autoware/install/gnss/lib/pkgconfig:/home/autoware/Autoware/install/autoware_msgs/lib/x86_64-linux-gnu/pkgconfig:/home/autoware/Autoware/install/autoware_msgs/lib/pkgconfig:/home/autoware/Autoware/install/autoware_lanelet2_msgs/lib/x86_64-linux-gnu/pkgconfig:/home/autoware/Autoware/install/autoware_lanelet2_msgs/lib/pkgconfig:/home/autoware/Autoware/install/autoware_config_msgs/lib/x86_64-linux-gnu/pkgconfig:/home/autoware/Autoware/install/autoware_config_msgs/lib/pkgconfig:/home/autoware/Autoware/install/autoware_build_flags/lib/x86_64-linux-gnu/pkgconfig:/home/autoware/Autoware/install/autoware_build_flags/lib/pkgconfig:${PKG_CONFIG_PATH} PYTHONPATH=/home/autoware/Autoware/install/vector_map_msgs/lib/python2.7/dist-packages:/home/autoware/Autoware/install/tablet_socket_msgs/lib/python2.7/dist-packages:/home/autoware/Autoware/install/autoware_msgs/lib/python2.7/dist-packages:/home/autoware/Autoware/install/autoware_lanelet2_msgs/lib/python2.7/dist-packages:/home/autoware/Autoware/install/autoware_config_msgs/lib/python2.7/dist-packages:${PYTHONPATH} ROS_PACKAGE_PATH=/home/autoware/Autoware/install/lane_planner/share:/home/autoware/Autoware/install/libwaypoint_follower/share:/home/autoware/Autoware/install/lanelet2_extension/share:/home/autoware/Autoware/install/vector_map/share:/home/autoware/Autoware/install/amathutils_lib/share:/home/autoware/Autoware/install/vector_map_msgs/share:/home/autoware/Autoware/install/tablet_socket_msgs/share:/home/autoware/Autoware/install/gnss/share:/home/autoware/Autoware/install/autoware_msgs/share:/home/autoware/Autoware/install/autoware_lanelet2_msgs/share:/home/autoware/Autoware/install/autoware_config_msgs/share:/home/autoware/Autoware/install/autoware_build_flags/share:${ROS_PACKAGE_PATH} /usr/bin/cmake --build /home/autoware/Autoware/build/waypoint_maker --target tests -- -j32 -l32
[1.376s] Invoking command in '/home/autoware/Autoware/build/waypoint_maker': CMAKE_PREFIX_PATH=/home/autoware/Autoware/install/lane_planner:/home/autoware/Autoware/install/libwaypoint_follower:/home/autoware/Autoware/install/lanelet2_extension:/home/autoware/Autoware/install/vector_map:/home/autoware/Autoware/install/amathutils_lib:/home/autoware/Autoware/install/vector_map_msgs:/home/autoware/Autoware/install/tablet_socket_msgs:/home/autoware/Autoware/install/gnss:/home/autoware/Autoware/install/autoware_msgs:/home/autoware/Autoware/install/autoware_lanelet2_msgs:/home/autoware/Autoware/install/autoware_config_msgs:/home/autoware/Autoware/install/autoware_build_flags:${CMAKE_PREFIX_PATH} LD_LIBRARY_PATH=/home/autoware/Autoware/install/lane_planner/lib:/home/autoware/Autoware/install/libwaypoint_follower/lib:/home/autoware/Autoware/install/lanelet2_extension/lib:/home/autoware/Autoware/install/vector_map/lib:/home/autoware/Autoware/install/amathutils_lib/lib:/home/autoware/Autoware/install/gnss/lib:${LD_LIBRARY_PATH} PKG_CONFIG_PATH=/home/autoware/Autoware/install/lane_planner/lib/x86_64-linux-gnu/pkgconfig:/home/autoware/Autoware/install/lane_planner/lib/pkgconfig:/home/autoware/Autoware/install/libwaypoint_follower/lib/x86_64-linux-gnu/pkgconfig:/home/autoware/Autoware/install/libwaypoint_follower/lib/pkgconfig:/home/autoware/Autoware/install/lanelet2_extension/lib/x86_64-linux-gnu/pkgconfig:/home/autoware/Autoware/install/lanelet2_extension/lib/pkgconfig:/home/autoware/Autoware/install/vector_map/lib/x86_64-linux-gnu/pkgconfig:/home/autoware/Autoware/install/vector_map/lib/pkgconfig:/home/autoware/Autoware/install/amathutils_lib/lib/x86_64-linux-gnu/pkgconfig:/home/autoware/Autoware/install/amathutils_lib/lib/pkgconfig:/home/autoware/Autoware/install/vector_map_msgs/lib/x86_64-linux-gnu/pkgconfig:/home/autoware/Autoware/install/vector_map_msgs/lib/pkgconfig:/home/autoware/Autoware/install/tablet_socket_msgs/lib/x86_64-linux-gnu/pkgconfig:/home/autoware/Autoware/install/tablet_socket_msgs/lib/pkgconfig:/home/autoware/Autoware/install/gnss/lib/x86_64-linux-gnu/pkgconfig:/home/autoware/Autoware/install/gnss/lib/pkgconfig:/home/autoware/Autoware/install/autoware_msgs/lib/x86_64-linux-gnu/pkgconfig:/home/autoware/Autoware/install/autoware_msgs/lib/pkgconfig:/home/autoware/Autoware/install/autoware_lanelet2_msgs/lib/x86_64-linux-gnu/pkgconfig:/home/autoware/Autoware/install/autoware_lanelet2_msgs/lib/pkgconfig:/home/autoware/Autoware/install/autoware_config_msgs/lib/x86_64-linux-gnu/pkgconfig:/home/autoware/Autoware/install/autoware_config_msgs/lib/pkgconfig:/home/autoware/Autoware/install/autoware_build_flags/lib/x86_64-linux-gnu/pkgconfig:/home/autoware/Autoware/install/autoware_build_flags/lib/pkgconfig:${PKG_CONFIG_PATH} PYTHONPATH=/home/autoware/Autoware/install/vector_map_msgs/lib/python2.7/dist-packages:/home/autoware/Autoware/install/tablet_socket_msgs/lib/python2.7/dist-packages:/home/autoware/Autoware/install/autoware_msgs/lib/python2.7/dist-packages:/home/autoware/Autoware/install/autoware_lanelet2_msgs/lib/python2.7/dist-packages:/home/autoware/Autoware/install/autoware_config_msgs/lib/python2.7/dist-packages:${PYTHONPATH} ROS_PACKAGE_PATH=/home/autoware/Autoware/install/lane_planner/share:/home/autoware/Autoware/install/libwaypoint_follower/share:/home/autoware/Autoware/install/lanelet2_extension/share:/home/autoware/Autoware/install/vector_map/share:/home/autoware/Autoware/install/amathutils_lib/share:/home/autoware/Autoware/install/vector_map_msgs/share:/home/autoware/Autoware/install/tablet_socket_msgs/share:/home/autoware/Autoware/install/gnss/share:/home/autoware/Autoware/install/autoware_msgs/share:/home/autoware/Autoware/install/autoware_lanelet2_msgs/share:/home/autoware/Autoware/install/autoware_config_msgs/share:/home/autoware/Autoware/install/autoware_build_flags/share:${ROS_PACKAGE_PATH} /usr/bin/cmake --build /home/autoware/Autoware/build/waypoint_maker --target install -- -j32 -l32
[1.478s] [  0%] Built target actionlib_msgs_generate_messages_lisp
[1.483s] [  0%] Built target visualization_msgs_generate_messages_nodejs
[1.500s] [  0%] Built target autoware_msgs_generate_messages_lisp
[1.506s] [  0%] Built target vector_map_msgs_generate_messages_lisp
[1.510s] [  0%] Built target actionlib_msgs_generate_messages_nodejs
[1.510s] [  0%] Built target autoware_config_msgs_generate_messages_nodejs
[1.515s] [  0%] Built target geometry_msgs_generate_messages_eus
[1.517s] [  0%] Built target jsk_footstep_msgs_generate_messages_lisp
[1.518s] [  0%] Built target visualization_msgs_generate_messages_eus
[1.518s] [  0%] Built target std_msgs_generate_messages_lisp
[1.521s] [  0%] Built target vector_map_msgs_generate_messages_cpp
[1.539s] [  0%] Built target geometry_msgs_generate_messages_lisp
[1.539s] [  0%] Built target autoware_config_msgs_generate_messages_eus
[1.540s] [  0%] Built target actionlib_msgs_generate_messages_py
[1.542s] [  0%] Built target pcl_msgs_generate_messages_cpp
[1.548s] [  0%] Built target autoware_msgs_generate_messages_eus
[1.552s] [  0%] Built target visualization_msgs_generate_messages_py
[1.553s] [  0%] Built target geometry_msgs_generate_messages_nodejs
[1.554s] [  0%] Built target vector_map_msgs_generate_messages_nodejs
[1.555s] [  0%] Built target tf_generate_messages_lisp
[1.557s] [  0%] Built target std_msgs_generate_messages_eus
[1.561s] [  0%] Built target jsk_footstep_msgs_generate_messages_eus
[1.561s] [  0%] Built target jsk_footstep_msgs_generate_messages_cpp
[1.571s] [  0%] Built target autoware_msgs_generate_messages_nodejs
[1.571s] [  0%] Built target vector_map_msgs_generate_messages_eus
[1.571s] [  0%] Built target vector_map_msgs_generate_messages_py
[1.572s] [  0%] Built target visualization_msgs_generate_messages_lisp
[1.572s] [  0%] Built target tf_generate_messages_eus
[1.603s] [  0%] Built target jsk_recognition_msgs_generate_messages_cpp
[1.604s] [  0%] Built target jsk_footstep_msgs_generate_messages_nodejs
[1.618s] [  0%] Built target actionlib_msgs_generate_messages_eus
[1.619s] [  0%] Built target roscpp_generate_messages_lisp
[1.626s] [  0%] Built target rosgraph_msgs_generate_messages_py
[1.642s] [  0%] Built target jsk_recognition_msgs_generate_messages_nodejs
[1.648s] [  0%] Built target actionlib_msgs_generate_messages_cpp
[1.648s] [  0%] Built target geometry_msgs_generate_messages_cpp
[1.652s] [  0%] Built target pcl_msgs_generate_messages_lisp
[1.653s] [  0%] Built target roscpp_generate_messages_py
[1.655s] [  0%] Built target visualization_msgs_generate_messages_cpp
[1.662s] [  0%] Built target rosgraph_msgs_generate_messages_lisp
[1.665s] [  0%] Built target autoware_config_msgs_generate_messages_cpp
[1.669s] [  0%] Built target pcl_msgs_generate_messages_py
[1.673s] [  0%] Built target roscpp_generate_messages_nodejs
[1.676s] [  0%] Built target autoware_config_msgs_generate_messages_py
[1.683s] [  0%] Built target tf_generate_messages_cpp
[1.684s] [  0%] Built target actionlib_generate_messages_eus
[1.705s] [  0%] Built target tf2_msgs_generate_messages_eus
[1.723s] [  0%] Built target rosgraph_msgs_generate_messages_nodejs
[1.723s] [  0%] Built target actionlib_generate_messages_lisp
[1.730s] [  0%] Built target actionlib_generate_messages_nodejs
[1.730s] [  0%] Built target tablet_socket_msgs_generate_messages_eus
[1.732s] [  0%] Built target sensor_msgs_generate_messages_lisp
[1.740s] [  0%] Built target actionlib_generate_messages_py
[1.743s] [  0%] Built target tf_generate_messages_nodejs
[1.748s] [  0%] Built target sensor_msgs_generate_messages_nodejs
[1.758s] [  0%] Built target roscpp_generate_messages_eus
[1.767s] [  0%] Built target autoware_config_msgs_generate_messages_lisp
[1.767s] [  0%] Built target nav_msgs_generate_messages_cpp
[1.769s] [  0%] Built target tablet_socket_msgs_generate_messages_lisp
[1.772s] [  0%] Built target geometry_msgs_generate_messages_py
[1.779s] [  0%] Built target rosgraph_msgs_generate_messages_eus
[1.780s] [  0%] Built target nav_msgs_generate_messages_eus
[1.788s] [  0%] Built target tf2_msgs_generate_messages_lisp
[1.791s] [  0%] Built target pcl_msgs_generate_messages_eus
[1.837s] [  0%] Built target tf2_msgs_generate_messages_nodejs
[1.837s] [  0%] Built target tf2_msgs_generate_messages_py
[1.837s] [  0%] Built target actionlib_generate_messages_cpp
[1.837s] [  0%] Built target std_msgs_generate_messages_py
[1.837s] [  0%] Built target tf2_msgs_generate_messages_cpp
[1.837s] [  0%] Built target roscpp_generate_messages_cpp
[1.837s] [  0%] Built target tablet_socket_msgs_generate_messages_cpp
[1.837s] [  0%] Built target sensor_msgs_generate_messages_eus
[1.837s] [  0%] Built target jsk_recognition_msgs_generate_messages_lisp
[1.837s] [  0%] Built target nav_msgs_generate_messages_py
[1.843s] [  0%] Built target nav_msgs_generate_messages_nodejs
[1.851s] [  0%] Built target tf_generate_messages_py
[1.855s] [  0%] Built target autoware_msgs_generate_messages_py
[1.858s] [  0%] Built target nav_msgs_generate_messages_lisp
[1.870s] [  0%] Built target _catkin_empty_exported_target
[1.879s] [  0%] Built target std_msgs_generate_messages_nodejs
[1.880s] [  0%] Built target jsk_recognition_msgs_generate_messages_eus
[1.881s] [  0%] Built target rosgraph_msgs_generate_messages_cpp
[1.889s] [  0%] Built target sensor_msgs_generate_messages_cpp
[1.892s] [  0%] Built target pcl_msgs_generate_messages_nodejs
[1.898s] [  0%] Built target jsk_recognition_msgs_generate_messages_py
[1.906s] [  0%] Built target jsk_footstep_msgs_generate_messages_py
[1.909s] [  0%] Built target tablet_socket_msgs_generate_messages_nodejs
[1.909s] [  0%] Built target autoware_msgs_generate_messages_cpp
[1.915s] [  0%] Built target tablet_socket_msgs_generate_messages_py
[1.928s] [  0%] Built target sensor_msgs_generate_messages_py
[1.935s] [  0%] Built target std_msgs_generate_messages_cpp
[1.945s] [ 10%] Built target waypoint_clicker
[1.988s] [ 30%] Built target waypoint_velocity_visualizer
[1.989s] [ 30%] Built target waypoint_saver
[1.990s] [ 40%] Built target waypoint_extractor
[1.991s] [ 60%] Built target waypoint_creator
[1.992s] [ 70%] Built target waypoint_marker_publisher
[1.993s] [ 85%] Built target waypoint_replanner
[1.997s] [100%] Built target waypoint_loader
[2.028s] Install the project...
[2.041s] -- Install configuration: "Release"
[2.041s] -- Up-to-date: /home/autoware/Autoware/install/waypoint_maker/lib/pkgconfig/waypoint_maker.pc
[2.045s] -- Up-to-date: /home/autoware/Autoware/install/waypoint_maker/share/waypoint_maker/cmake/waypoint_makerConfig.cmake
[2.046s] -- Up-to-date: /home/autoware/Autoware/install/waypoint_maker/share/waypoint_maker/cmake/waypoint_makerConfig-version.cmake
[2.047s] -- Up-to-date: /home/autoware/Autoware/install/waypoint_maker/share/waypoint_maker/package.xml
[2.053s] -- Up-to-date: /home/autoware/Autoware/install/waypoint_maker/lib/waypoint_maker/waypoint_loader
[2.053s] -- Up-to-date: /home/autoware/Autoware/install/waypoint_maker/lib/waypoint_maker/waypoint_replanner
[2.059s] -- Up-to-date: /home/autoware/Autoware/install/waypoint_maker/lib/waypoint_maker/waypoint_saver
[2.071s] -- Up-to-date: /home/autoware/Autoware/install/waypoint_maker/lib/waypoint_maker/waypoint_clicker
[2.071s] -- Up-to-date: /home/autoware/Autoware/install/waypoint_maker/lib/waypoint_maker/waypoint_marker_publisher
[2.075s] -- Up-to-date: /home/autoware/Autoware/install/waypoint_maker/lib/waypoint_maker/waypoint_velocity_visualizer
[2.084s] -- Up-to-date: /home/autoware/Autoware/install/waypoint_maker/lib/waypoint_maker/waypoint_extractor
[2.093s] -- Up-to-date: /home/autoware/Autoware/install/waypoint_maker/lib/waypoint_maker/waypoint_creator
[2.093s] -- Up-to-date: /home/autoware/Autoware/install/waypoint_maker/share/waypoint_maker/launch
[2.094s] -- Up-to-date: /home/autoware/Autoware/install/waypoint_maker/share/waypoint_maker/launch/waypoint_loader.launch
[2.094s] -- Up-to-date: /home/autoware/Autoware/install/waypoint_maker/share/waypoint_maker/launch/waypoint_saver.launch
[2.094s] -- Up-to-date: /home/autoware/Autoware/install/waypoint_maker/share/waypoint_maker/launch/waypoint_creator.launch
[2.094s] -- Up-to-date: /home/autoware/Autoware/install/waypoint_maker/share/waypoint_maker/launch/waypoint_velocity_visualizer.launch
[2.103s] Invoked command in '/home/autoware/Autoware/build/waypoint_maker' returned '0': CMAKE_PREFIX_PATH=/home/autoware/Autoware/install/lane_planner:/home/autoware/Autoware/install/libwaypoint_follower:/home/autoware/Autoware/install/lanelet2_extension:/home/autoware/Autoware/install/vector_map:/home/autoware/Autoware/install/amathutils_lib:/home/autoware/Autoware/install/vector_map_msgs:/home/autoware/Autoware/install/tablet_socket_msgs:/home/autoware/Autoware/install/gnss:/home/autoware/Autoware/install/autoware_msgs:/home/autoware/Autoware/install/autoware_lanelet2_msgs:/home/autoware/Autoware/install/autoware_config_msgs:/home/autoware/Autoware/install/autoware_build_flags:${CMAKE_PREFIX_PATH} LD_LIBRARY_PATH=/home/autoware/Autoware/install/lane_planner/lib:/home/autoware/Autoware/install/libwaypoint_follower/lib:/home/autoware/Autoware/install/lanelet2_extension/lib:/home/autoware/Autoware/install/vector_map/lib:/home/autoware/Autoware/install/amathutils_lib/lib:/home/autoware/Autoware/install/gnss/lib:${LD_LIBRARY_PATH} PKG_CONFIG_PATH=/home/autoware/Autoware/install/lane_planner/lib/x86_64-linux-gnu/pkgconfig:/home/autoware/Autoware/install/lane_planner/lib/pkgconfig:/home/autoware/Autoware/install/libwaypoint_follower/lib/x86_64-linux-gnu/pkgconfig:/home/autoware/Autoware/install/libwaypoint_follower/lib/pkgconfig:/home/autoware/Autoware/install/lanelet2_extension/lib/x86_64-linux-gnu/pkgconfig:/home/autoware/Autoware/install/lanelet2_extension/lib/pkgconfig:/home/autoware/Autoware/install/vector_map/lib/x86_64-linux-gnu/pkgconfig:/home/autoware/Autoware/install/vector_map/lib/pkgconfig:/home/autoware/Autoware/install/amathutils_lib/lib/x86_64-linux-gnu/pkgconfig:/home/autoware/Autoware/install/amathutils_lib/lib/pkgconfig:/home/autoware/Autoware/install/vector_map_msgs/lib/x86_64-linux-gnu/pkgconfig:/home/autoware/Autoware/install/vector_map_msgs/lib/pkgconfig:/home/autoware/Autoware/install/tablet_socket_msgs/lib/x86_64-linux-gnu/pkgconfig:/home/autoware/Autoware/install/tablet_socket_msgs/lib/pkgconfig:/home/autoware/Autoware/install/gnss/lib/x86_64-linux-gnu/pkgconfig:/home/autoware/Autoware/install/gnss/lib/pkgconfig:/home/autoware/Autoware/install/autoware_msgs/lib/x86_64-linux-gnu/pkgconfig:/home/autoware/Autoware/install/autoware_msgs/lib/pkgconfig:/home/autoware/Autoware/install/autoware_lanelet2_msgs/lib/x86_64-linux-gnu/pkgconfig:/home/autoware/Autoware/install/autoware_lanelet2_msgs/lib/pkgconfig:/home/autoware/Autoware/install/autoware_config_msgs/lib/x86_64-linux-gnu/pkgconfig:/home/autoware/Autoware/install/autoware_config_msgs/lib/pkgconfig:/home/autoware/Autoware/install/autoware_build_flags/lib/x86_64-linux-gnu/pkgconfig:/home/autoware/Autoware/install/autoware_build_flags/lib/pkgconfig:${PKG_CONFIG_PATH} PYTHONPATH=/home/autoware/Autoware/install/vector_map_msgs/lib/python2.7/dist-packages:/home/autoware/Autoware/install/tablet_socket_msgs/lib/python2.7/dist-packages:/home/autoware/Autoware/install/autoware_msgs/lib/python2.7/dist-packages:/home/autoware/Autoware/install/autoware_lanelet2_msgs/lib/python2.7/dist-packages:/home/autoware/Autoware/install/autoware_config_msgs/lib/python2.7/dist-packages:${PYTHONPATH} ROS_PACKAGE_PATH=/home/autoware/Autoware/install/lane_planner/share:/home/autoware/Autoware/install/libwaypoint_follower/share:/home/autoware/Autoware/install/lanelet2_extension/share:/home/autoware/Autoware/install/vector_map/share:/home/autoware/Autoware/install/amathutils_lib/share:/home/autoware/Autoware/install/vector_map_msgs/share:/home/autoware/Autoware/install/tablet_socket_msgs/share:/home/autoware/Autoware/install/gnss/share:/home/autoware/Autoware/install/autoware_msgs/share:/home/autoware/Autoware/install/autoware_lanelet2_msgs/share:/home/autoware/Autoware/install/autoware_config_msgs/share:/home/autoware/Autoware/install/autoware_build_flags/share:${ROS_PACKAGE_PATH} /usr/bin/cmake --build /home/autoware/Autoware/build/waypoint_maker --target install -- -j32 -l32
