Determining if the pthread_create exist failed with the following output:
Change Dir: /home/autoware/Autoware/build/emergency_handler/CMakeFiles/CMakeTmp

Run Build Command:"/usr/bin/make" "cmTC_4e02b/fast"
/usr/bin/make -f CMakeFiles/cmTC_4e02b.dir/build.make CMakeFiles/cmTC_4e02b.dir/build
make[1]: Entering directory '/home/autoware/Autoware/build/emergency_handler/CMakeFiles/CMakeTmp'
Building C object CMakeFiles/cmTC_4e02b.dir/CheckSymbolExists.c.o
/usr/bin/cc    -o CMakeFiles/cmTC_4e02b.dir/CheckSymbolExists.c.o   -c /home/autoware/Autoware/build/emergency_handler/CMakeFiles/CMakeTmp/CheckSymbolExists.c
Linking C executable cmTC_4e02b
/usr/bin/cmake -E cmake_link_script CMakeFiles/cmTC_4e02b.dir/link.txt --verbose=1
/usr/bin/cc      -rdynamic CMakeFiles/cmTC_4e02b.dir/CheckSymbolExists.c.o  -o cmTC_4e02b 
CMakeFiles/cmTC_4e02b.dir/CheckSymbolExists.c.o: In function `main':
CheckSymbolExists.c:(.text+0x1b): undefined reference to `pthread_create'
collect2: error: ld returned 1 exit status
CMakeFiles/cmTC_4e02b.dir/build.make:97: recipe for target 'cmTC_4e02b' failed
make[1]: *** [cmTC_4e02b] Error 1
make[1]: Leaving directory '/home/autoware/Autoware/build/emergency_handler/CMakeFiles/CMakeTmp'
Makefile:126: recipe for target 'cmTC_4e02b/fast' failed
make: *** [cmTC_4e02b/fast] Error 2

File /home/autoware/Autoware/build/emergency_handler/CMakeFiles/CMakeTmp/CheckSymbolExists.c:
/* */
#include <pthread.h>

int main(int argc, char** argv)
{
  (void)argv;
#ifndef pthread_create
  return ((int*)(&pthread_create))[argc];
#else
  (void)argc;
  return 0;
#endif
}

Determining if the function pthread_create exists in the pthreads failed with the following output:
Change Dir: /home/autoware/Autoware/build/emergency_handler/CMakeFiles/CMakeTmp

Run Build Command:"/usr/bin/make" "cmTC_59264/fast"
/usr/bin/make -f CMakeFiles/cmTC_59264.dir/build.make CMakeFiles/cmTC_59264.dir/build
make[1]: Entering directory '/home/autoware/Autoware/build/emergency_handler/CMakeFiles/CMakeTmp'
Building C object CMakeFiles/cmTC_59264.dir/CheckFunctionExists.c.o
/usr/bin/cc   -DCHECK_FUNCTION_EXISTS=pthread_create   -o CMakeFiles/cmTC_59264.dir/CheckFunctionExists.c.o   -c /usr/share/cmake-3.10/Modules/CheckFunctionExists.c
Linking C executable cmTC_59264
/usr/bin/cmake -E cmake_link_script CMakeFiles/cmTC_59264.dir/link.txt --verbose=1
/usr/bin/cc  -DCHECK_FUNCTION_EXISTS=pthread_create    -rdynamic CMakeFiles/cmTC_59264.dir/CheckFunctionExists.c.o  -o cmTC_59264 -lpthreads 
/usr/bin/ld: cannot find -lpthreads
collect2: error: ld returned 1 exit status
CMakeFiles/cmTC_59264.dir/build.make:97: recipe for target 'cmTC_59264' failed
make[1]: *** [cmTC_59264] Error 1
make[1]: Leaving directory '/home/autoware/Autoware/build/emergency_handler/CMakeFiles/CMakeTmp'
Makefile:126: recipe for target 'cmTC_59264/fast' failed
make: *** [cmTC_59264/fast] Error 2


