[0.681s] Invoking command in '/home/autoware/Autoware/build/range_vision_fusion': CMAKE_PREFIX_PATH=/home/autoware/Autoware/install/autoware_msgs:/home/autoware/Autoware/install/autoware_build_flags:${CMAKE_PREFIX_PATH} PKG_CONFIG_PATH=/home/autoware/Autoware/install/autoware_msgs/lib/x86_64-linux-gnu/pkgconfig:/home/autoware/Autoware/install/autoware_msgs/lib/pkgconfig:/home/autoware/Autoware/install/autoware_build_flags/lib/x86_64-linux-gnu/pkgconfig:/home/autoware/Autoware/install/autoware_build_flags/lib/pkgconfig:${PKG_CONFIG_PATH} PYTHONPATH=/home/autoware/Autoware/install/autoware_msgs/lib/python2.7/dist-packages:${PYTHONPATH} ROS_PACKAGE_PATH=/home/autoware/Autoware/install/autoware_msgs/share:/home/autoware/Autoware/install/autoware_build_flags/share:${ROS_PACKAGE_PATH} /usr/bin/cmake --build /home/autoware/Autoware/build/range_vision_fusion -- -j32 -l32
[1.205s] [  0%] Built target topic_tools_generate_messages_eus
[1.339s] [  0%] Built target jsk_recognition_msgs_generate_messages_eus
[1.339s] [  0%] Built target topic_tools_generate_messages_nodejs
[1.340s] [  0%] Built target jsk_topic_tools_generate_messages_lisp
[1.340s] [  0%] Built target actionlib_generate_messages_cpp
[1.340s] [  0%] Built target jsk_topic_tools_generate_messages_cpp
[1.340s] [  0%] Built target jsk_topic_tools_gencfg
[1.340s] [  0%] Built target std_msgs_generate_messages_nodejs
[1.340s] [  0%] Built target tf2_msgs_generate_messages_cpp
[1.340s] [  0%] Built target std_srvs_generate_messages_py
[1.340s] [  0%] Built target visualization_msgs_generate_messages_py
[1.340s] [  0%] Built target tf_generate_messages_lisp
[1.340s] [  0%] Built target tf2_msgs_generate_messages_nodejs
[1.340s] [  0%] Built target visualization_msgs_generate_messages_eus
[1.340s] [  0%] Built target sensor_msgs_generate_messages_cpp
[1.360s] [  0%] Built target visualization_msgs_generate_messages_nodejs
[1.360s] [  0%] Built target tf_generate_messages_nodejs
[1.360s] [  0%] Built target tf2_msgs_generate_messages_eus
[1.360s] [  0%] Built target topic_tools_generate_messages_cpp
[1.360s] [  0%] Built target pcl_msgs_generate_messages_eus
[1.360s] [  0%] Built target sensor_msgs_generate_messages_eus
[1.360s] [  0%] Built target rosgraph_msgs_generate_messages_eus
[1.366s] [  0%] Built target jsk_topic_tools_generate_messages_py
[1.366s] [  0%] Built target sensor_msgs_generate_messages_lisp
[1.366s] [  0%] Built target actionlib_generate_messages_py
[1.369s] [  0%] Built target geometry_msgs_generate_messages_py
[1.374s] [  0%] Built target jsk_recognition_msgs_generate_messages_lisp
[1.375s] [  0%] Built target std_srvs_generate_messages_lisp
[1.375s] [  0%] Built target roscpp_generate_messages_cpp
[1.381s] [  0%] Built target tf2_msgs_generate_messages_py
[1.396s] [  0%] Built target visualization_msgs_generate_messages_cpp
[1.396s] [  0%] Built target std_srvs_generate_messages_nodejs
[1.400s] [  0%] Built target sensor_msgs_generate_messages_nodejs
[1.407s] [  0%] Built target pcl_msgs_generate_messages_nodejs
[1.426s] [  0%] Built target std_msgs_generate_messages_cpp
[1.427s] [  0%] Built target autoware_msgs_generate_messages_cpp
[1.429s] [  0%] Built target jsk_recognition_msgs_generate_messages_py
[1.437s] [  0%] Built target std_msgs_generate_messages_lisp
[1.442s] [  0%] Built target tf_generate_messages_py
[1.445s] [  0%] Built target std_msgs_generate_messages_py
[1.448s] [  0%] Built target jsk_footstep_msgs_generate_messages_py
[1.450s] [  0%] Built target rosgraph_msgs_generate_messages_cpp
[1.453s] [  0%] Built target bond_generate_messages_lisp
[1.458s] [  0%] Built target geometry_msgs_generate_messages_lisp
[1.459s] [  0%] Built target geometry_msgs_generate_messages_nodejs
[1.460s] [  0%] Built target roscpp_generate_messages_nodejs
[1.461s] [  0%] Built target geometry_msgs_generate_messages_eus
[1.482s] [  0%] Built target autoware_msgs_generate_messages_py
[1.487s] [  0%] Built target sensor_msgs_generate_messages_py
[1.498s] [  0%] Built target geometry_msgs_generate_messages_cpp
[1.498s] [  0%] Built target autoware_msgs_generate_messages_nodejs
[1.516s] [  0%] Built target jsk_recognition_msgs_generate_messages_cpp
[1.517s] [  0%] Built target pcl_msgs_generate_messages_py
[1.517s] [  0%] Built target tf_generate_messages_cpp
[1.518s] [  0%] Built target nodelet_generate_messages_nodejs
[1.522s] [  0%] Built target nodelet_generate_messages_py
[1.523s] [  0%] Built target autoware_msgs_generate_messages_eus
[1.524s] [  0%] Built target dynamic_reconfigure_generate_messages_lisp
[1.545s] [  0%] Built target autoware_msgs_generate_messages_lisp
[1.545s] [  0%] Built target pcl_msgs_generate_messages_lisp
[1.545s] [  0%] Built target actionlib_generate_messages_nodejs
[1.547s] [  0%] Built target nodelet_generate_messages_lisp
[1.560s] [  0%] Built target actionlib_generate_messages_eus
[1.568s] [  0%] Built target actionlib_msgs_generate_messages_py
[1.568s] [  0%] Built target jsk_recognition_msgs_generate_messages_nodejs
[1.581s] [  0%] Built target pcl_msgs_generate_messages_cpp
[1.591s] [  0%] Built target jsk_topic_tools_generate_messages_eus
[1.593s] [  0%] Built target jsk_footstep_msgs_generate_messages_lisp
[1.593s] [  0%] Built target std_msgs_generate_messages_eus
[1.595s] [  0%] Built target actionlib_generate_messages_lisp
[1.615s] [  0%] Built target dynamic_reconfigure_generate_messages_cpp
[1.616s] [  0%] Built target topic_tools_generate_messages_lisp
[1.616s] [  0%] Built target roscpp_generate_messages_lisp
[1.629s] [  0%] Built target jsk_topic_tools_generate_messages_nodejs
[1.630s] [  0%] Built target std_srvs_generate_messages_eus
[1.645s] [  0%] Built target jsk_footstep_msgs_generate_messages_eus
[1.645s] [  0%] Built target rosgraph_msgs_generate_messages_lisp
[1.645s] [  0%] Built target bond_generate_messages_eus
[1.645s] [  0%] Built target roscpp_generate_messages_py
[1.646s] [  0%] Built target visualization_msgs_generate_messages_lisp
[1.651s] [  0%] Built target rosgraph_msgs_generate_messages_py
[1.651s] [  0%] Built target jsk_footstep_msgs_generate_messages_nodejs
[1.652s] [  0%] Built target tf_generate_messages_eus
[1.660s] [  0%] Built target actionlib_msgs_generate_messages_eus
[1.663s] [  0%] Built target jsk_footstep_msgs_generate_messages_cpp
[1.664s] [  0%] Built target roscpp_generate_messages_eus
[1.674s] [  0%] Built target rosgraph_msgs_generate_messages_nodejs
[1.696s] [  0%] Built target std_srvs_generate_messages_cpp
[1.696s] [  0%] Built target dynamic_reconfigure_generate_messages_eus
[1.696s] [  0%] Built target pcl_ros_gencfg
[1.701s] [  0%] Built target actionlib_msgs_generate_messages_cpp
[1.701s] [  0%] Built target jsk_recognition_utils_gencfg
[1.701s] [  0%] Built target nodelet_generate_messages_cpp
[1.703s] [  0%] Built target nodelet_generate_messages_eus
[1.704s] [  0%] Built target tf2_msgs_generate_messages_lisp
[1.704s] [  0%] Built target actionlib_msgs_generate_messages_lisp
[1.706s] [  0%] Built target dynamic_reconfigure_generate_messages_py
[1.707s] [  0%] Built target nodelet_topic_tools_gencfg
[1.708s] [  0%] Built target _catkin_empty_exported_target
[1.715s] [  0%] Built target bond_generate_messages_py
[1.778s] [  0%] Built target dynamic_reconfigure_generate_messages_nodejs
[1.778s] [  0%] Built target dynamic_reconfigure_gencfg
[1.779s] [  0%] Built target actionlib_msgs_generate_messages_nodejs
[1.779s] [  0%] Built target topic_tools_generate_messages_py
[1.779s] [  0%] Built target bond_generate_messages_nodejs
[1.779s] [  0%] Built target bond_generate_messages_cpp
[1.843s] [ 50%] Built target range_vision_fusion_lib
[1.967s] [100%] Built target range_vision_fusion
[2.150s] Invoked command in '/home/autoware/Autoware/build/range_vision_fusion' returned '0': CMAKE_PREFIX_PATH=/home/autoware/Autoware/install/autoware_msgs:/home/autoware/Autoware/install/autoware_build_flags:${CMAKE_PREFIX_PATH} PKG_CONFIG_PATH=/home/autoware/Autoware/install/autoware_msgs/lib/x86_64-linux-gnu/pkgconfig:/home/autoware/Autoware/install/autoware_msgs/lib/pkgconfig:/home/autoware/Autoware/install/autoware_build_flags/lib/x86_64-linux-gnu/pkgconfig:/home/autoware/Autoware/install/autoware_build_flags/lib/pkgconfig:${PKG_CONFIG_PATH} PYTHONPATH=/home/autoware/Autoware/install/autoware_msgs/lib/python2.7/dist-packages:${PYTHONPATH} ROS_PACKAGE_PATH=/home/autoware/Autoware/install/autoware_msgs/share:/home/autoware/Autoware/install/autoware_build_flags/share:${ROS_PACKAGE_PATH} /usr/bin/cmake --build /home/autoware/Autoware/build/range_vision_fusion -- -j32 -l32
[2.424s] Invoking command in '/home/autoware/Autoware/build/range_vision_fusion': CMAKE_PREFIX_PATH=/home/autoware/Autoware/install/autoware_msgs:/home/autoware/Autoware/install/autoware_build_flags:${CMAKE_PREFIX_PATH} PKG_CONFIG_PATH=/home/autoware/Autoware/install/autoware_msgs/lib/x86_64-linux-gnu/pkgconfig:/home/autoware/Autoware/install/autoware_msgs/lib/pkgconfig:/home/autoware/Autoware/install/autoware_build_flags/lib/x86_64-linux-gnu/pkgconfig:/home/autoware/Autoware/install/autoware_build_flags/lib/pkgconfig:${PKG_CONFIG_PATH} PYTHONPATH=/home/autoware/Autoware/install/autoware_msgs/lib/python2.7/dist-packages:${PYTHONPATH} ROS_PACKAGE_PATH=/home/autoware/Autoware/install/autoware_msgs/share:/home/autoware/Autoware/install/autoware_build_flags/share:${ROS_PACKAGE_PATH} /usr/bin/cmake --build /home/autoware/Autoware/build/range_vision_fusion --target tests -- -j32 -l32
[2.757s] Built target tests
[3.011s] Invoked command in '/home/autoware/Autoware/build/range_vision_fusion' returned '0': CMAKE_PREFIX_PATH=/home/autoware/Autoware/install/autoware_msgs:/home/autoware/Autoware/install/autoware_build_flags:${CMAKE_PREFIX_PATH} PKG_CONFIG_PATH=/home/autoware/Autoware/install/autoware_msgs/lib/x86_64-linux-gnu/pkgconfig:/home/autoware/Autoware/install/autoware_msgs/lib/pkgconfig:/home/autoware/Autoware/install/autoware_build_flags/lib/x86_64-linux-gnu/pkgconfig:/home/autoware/Autoware/install/autoware_build_flags/lib/pkgconfig:${PKG_CONFIG_PATH} PYTHONPATH=/home/autoware/Autoware/install/autoware_msgs/lib/python2.7/dist-packages:${PYTHONPATH} ROS_PACKAGE_PATH=/home/autoware/Autoware/install/autoware_msgs/share:/home/autoware/Autoware/install/autoware_build_flags/share:${ROS_PACKAGE_PATH} /usr/bin/cmake --build /home/autoware/Autoware/build/range_vision_fusion --target tests -- -j32 -l32
[3.832s] Invoking command in '/home/autoware/Autoware/build/range_vision_fusion': CMAKE_PREFIX_PATH=/home/autoware/Autoware/install/autoware_msgs:/home/autoware/Autoware/install/autoware_build_flags:${CMAKE_PREFIX_PATH} PKG_CONFIG_PATH=/home/autoware/Autoware/install/autoware_msgs/lib/x86_64-linux-gnu/pkgconfig:/home/autoware/Autoware/install/autoware_msgs/lib/pkgconfig:/home/autoware/Autoware/install/autoware_build_flags/lib/x86_64-linux-gnu/pkgconfig:/home/autoware/Autoware/install/autoware_build_flags/lib/pkgconfig:${PKG_CONFIG_PATH} PYTHONPATH=/home/autoware/Autoware/install/autoware_msgs/lib/python2.7/dist-packages:${PYTHONPATH} ROS_PACKAGE_PATH=/home/autoware/Autoware/install/autoware_msgs/share:/home/autoware/Autoware/install/autoware_build_flags/share:${ROS_PACKAGE_PATH} /usr/bin/cmake --build /home/autoware/Autoware/build/range_vision_fusion --target install -- -j32 -l32
[4.307s] [  0%] Built target geometry_msgs_generate_messages_py
[4.308s] [  0%] Built target pcl_msgs_generate_messages_eus
[4.308s] [  0%] Built target visualization_msgs_generate_messages_eus
[4.308s] [  0%] Built target sensor_msgs_generate_messages_nodejs
[4.308s] [  0%] Built target jsk_topic_tools_gencfg
[4.308s] [  0%] Built target roscpp_generate_messages_cpp
[4.308s] [  0%] Built target std_srvs_generate_messages_lisp
[4.308s] [  0%] Built target jsk_recognition_msgs_generate_messages_lisp
[4.308s] [  0%] Built target tf_generate_messages_nodejs
[4.308s] [  0%] Built target jsk_topic_tools_generate_messages_cpp
[4.309s] [  0%] Built target tf_generate_messages_lisp
[4.309s] [  0%] Built target tf2_msgs_generate_messages_nodejs
[4.309s] [  0%] Built target bond_generate_messages_lisp
[4.309s] [  0%] Built target jsk_topic_tools_generate_messages_lisp
[4.309s] [  0%] Built target topic_tools_generate_messages_nodejs
[4.309s] [  0%] Built target tf2_msgs_generate_messages_eus
[4.309s] [  0%] Built target tf2_msgs_generate_messages_cpp
[4.309s] [  0%] Built target visualization_msgs_generate_messages_py
[4.309s] [  0%] Built target tf2_msgs_generate_messages_py
[4.309s] [  0%] Built target visualization_msgs_generate_messages_cpp
[4.310s] [  0%] Built target actionlib_generate_messages_py
[4.310s] [  0%] Built target jsk_recognition_msgs_generate_messages_eus
[4.310s] [  0%] Built target std_srvs_generate_messages_nodejs
[4.310s] [  0%] Built target topic_tools_generate_messages_eus
[4.310s] [  0%] Built target std_msgs_generate_messages_nodejs
[4.310s] [  0%] Built target actionlib_generate_messages_cpp
[4.310s] [  0%] Built target visualization_msgs_generate_messages_nodejs
[4.310s] [  0%] Built target rosgraph_msgs_generate_messages_eus
[4.310s] [  0%] Built target std_srvs_generate_messages_py
[4.310s] [  0%] Built target jsk_topic_tools_generate_messages_py
[4.310s] [  0%] Built target std_msgs_generate_messages_py
[4.311s] [  0%] Built target topic_tools_generate_messages_cpp
[4.335s] [  0%] Built target sensor_msgs_generate_messages_eus
[4.335s] [  0%] Built target autoware_msgs_generate_messages_cpp
[4.336s] [  0%] Built target pcl_msgs_generate_messages_nodejs
[4.336s] [  0%] Built target dynamic_reconfigure_generate_messages_cpp
[4.336s] [  0%] Built target nodelet_generate_messages_nodejs
[4.336s] [  0%] Built target pcl_msgs_generate_messages_cpp
[4.336s] [  0%] Built target std_msgs_generate_messages_cpp
[4.336s] [  0%] Built target rosgraph_msgs_generate_messages_cpp
[4.336s] [  0%] Built target roscpp_generate_messages_nodejs
[4.337s] [  0%] Built target std_msgs_generate_messages_lisp
[4.337s] [  0%] Built target geometry_msgs_generate_messages_eus
[4.337s] [  0%] Built target sensor_msgs_generate_messages_cpp
[4.337s] [  0%] Built target tf_generate_messages_py
[4.337s] [  0%] Built target jsk_footstep_msgs_generate_messages_py
[4.337s] [  0%] Built target pcl_msgs_generate_messages_py
[4.337s] [  0%] Built target jsk_recognition_msgs_generate_messages_py
[4.337s] [  0%] Built target pcl_msgs_generate_messages_lisp
[4.337s] [  0%] Built target jsk_recognition_msgs_generate_messages_cpp
[4.337s] [  0%] Built target geometry_msgs_generate_messages_cpp
[4.337s] [  0%] Built target autoware_msgs_generate_messages_eus
[4.338s] [  0%] Built target actionlib_generate_messages_eus
[4.338s] [  0%] Built target sensor_msgs_generate_messages_py
[4.338s] [  0%] Built target autoware_msgs_generate_messages_lisp
[4.338s] [  0%] Built target geometry_msgs_generate_messages_lisp
[4.338s] [  0%] Built target sensor_msgs_generate_messages_lisp
[4.338s] [  0%] Built target topic_tools_generate_messages_lisp
[4.338s] [  0%] Built target dynamic_reconfigure_generate_messages_lisp
[4.338s] [  0%] Built target geometry_msgs_generate_messages_nodejs
[4.338s] [  0%] Built target autoware_msgs_generate_messages_py
[4.338s] [  0%] Built target tf_generate_messages_cpp
[4.338s] [  0%] Built target jsk_footstep_msgs_generate_messages_eus
[4.338s] [  0%] Built target jsk_recognition_msgs_generate_messages_nodejs
[4.339s] [  0%] Built target actionlib_generate_messages_nodejs
[4.339s] [  0%] Built target actionlib_generate_messages_lisp
[4.339s] [  0%] Built target jsk_footstep_msgs_generate_messages_cpp
[4.426s] [  0%] Built target actionlib_msgs_generate_messages_py
[4.426s] [  0%] Built target std_msgs_generate_messages_eus
[4.426s] [  0%] Built target jsk_topic_tools_generate_messages_eus
[4.426s] [  0%] Built target std_srvs_generate_messages_eus
[4.426s] [  0%] Built target jsk_footstep_msgs_generate_messages_nodejs
[4.426s] [  0%] Built target actionlib_msgs_generate_messages_cpp
[4.426s] [  0%] Built target visualization_msgs_generate_messages_lisp
[4.426s] [  0%] Built target roscpp_generate_messages_lisp
[4.427s] [  0%] Built target nodelet_generate_messages_py
[4.595s] [  0%] Built target bond_generate_messages_eus
[4.595s] [  0%] Built target jsk_footstep_msgs_generate_messages_lisp
[4.595s] [  0%] Built target actionlib_msgs_generate_messages_lisp
[4.595s] [  0%] Built target autoware_msgs_generate_messages_nodejs
[4.595s] [  0%] Built target tf_generate_messages_eus
[4.595s] [  0%] Built target std_srvs_generate_messages_cpp
[4.595s] [  0%] Built target rosgraph_msgs_generate_messages_nodejs
[4.595s] [  0%] Built target rosgraph_msgs_generate_messages_py
[4.596s] [  0%] Built target roscpp_generate_messages_eus
[4.596s] [  0%] Built target jsk_topic_tools_generate_messages_nodejs
[4.596s] [  0%] Built target dynamic_reconfigure_generate_messages_py
[4.596s] [  0%] Built target nodelet_generate_messages_lisp
[4.596s] [  0%] Built target jsk_recognition_utils_gencfg
[4.596s] [  0%] Built target pcl_ros_gencfg
[4.596s] [  0%] Built target dynamic_reconfigure_generate_messages_nodejs
[4.596s] [  0%] Built target rosgraph_msgs_generate_messages_lisp
[4.596s] [  0%] Built target _catkin_empty_exported_target
[4.596s] [  0%] Built target nodelet_generate_messages_eus
[4.596s] [  0%] Built target actionlib_msgs_generate_messages_nodejs
[4.596s] [  0%] Built target nodelet_topic_tools_gencfg
[4.682s] [  0%] Built target roscpp_generate_messages_py
[4.682s] [  0%] Built target bond_generate_messages_nodejs
[4.682s] [  0%] Built target tf2_msgs_generate_messages_lisp
[4.682s] [  0%] Built target nodelet_generate_messages_cpp
[4.682s] [  0%] Built target bond_generate_messages_py
[4.682s] [  0%] Built target actionlib_msgs_generate_messages_eus
[4.682s] [  0%] Built target dynamic_reconfigure_gencfg
[4.683s] [  0%] Built target bond_generate_messages_cpp
[4.683s] [  0%] Built target dynamic_reconfigure_generate_messages_eus
[4.791s] [  0%] Built target topic_tools_generate_messages_py
[4.954s] [ 50%] Built target range_vision_fusion_lib
[5.024s] [100%] Built target range_vision_fusion
[5.024s] Install the project...
[5.100s] -- Install configuration: "Release"
[5.101s] -- Up-to-date: /home/autoware/Autoware/install/range_vision_fusion/lib/pkgconfig/range_vision_fusion.pc
[5.101s] -- Up-to-date: /home/autoware/Autoware/install/range_vision_fusion/share/range_vision_fusion/cmake/range_vision_fusionConfig.cmake
[5.101s] -- Up-to-date: /home/autoware/Autoware/install/range_vision_fusion/share/range_vision_fusion/cmake/range_vision_fusionConfig-version.cmake
[5.101s] -- Up-to-date: /home/autoware/Autoware/install/range_vision_fusion/share/range_vision_fusion/package.xml
[5.101s] -- Up-to-date: /home/autoware/Autoware/install/range_vision_fusion/lib/range_vision_fusion/range_vision_fusion
[5.101s] -- Up-to-date: /home/autoware/Autoware/install/range_vision_fusion/lib/librange_vision_fusion_lib.so
[5.101s] -- Up-to-date: /home/autoware/Autoware/install/range_vision_fusion/include/range_vision_fusion
[5.101s] -- Up-to-date: /home/autoware/Autoware/install/range_vision_fusion/include/range_vision_fusion/range_vision_fusion.h
[5.101s] -- Up-to-date: /home/autoware/Autoware/install/range_vision_fusion/share/range_vision_fusion/launch
[5.101s] -- Up-to-date: /home/autoware/Autoware/install/range_vision_fusion/share/range_vision_fusion/launch/range_vision_fusion.launch
[5.218s] Invoked command in '/home/autoware/Autoware/build/range_vision_fusion' returned '0': CMAKE_PREFIX_PATH=/home/autoware/Autoware/install/autoware_msgs:/home/autoware/Autoware/install/autoware_build_flags:${CMAKE_PREFIX_PATH} PKG_CONFIG_PATH=/home/autoware/Autoware/install/autoware_msgs/lib/x86_64-linux-gnu/pkgconfig:/home/autoware/Autoware/install/autoware_msgs/lib/pkgconfig:/home/autoware/Autoware/install/autoware_build_flags/lib/x86_64-linux-gnu/pkgconfig:/home/autoware/Autoware/install/autoware_build_flags/lib/pkgconfig:${PKG_CONFIG_PATH} PYTHONPATH=/home/autoware/Autoware/install/autoware_msgs/lib/python2.7/dist-packages:${PYTHONPATH} ROS_PACKAGE_PATH=/home/autoware/Autoware/install/autoware_msgs/share:/home/autoware/Autoware/install/autoware_build_flags/share:${ROS_PACKAGE_PATH} /usr/bin/cmake --build /home/autoware/Autoware/build/range_vision_fusion --target install -- -j32 -l32
