[0.242s] Invoking command in '/home/autoware/Autoware/build/autoware_lanelet2_msgs': /usr/bin/cmake --build /home/autoware/Autoware/build/autoware_lanelet2_msgs -- -j32 -l32
[0.825s] [  0%] Built target std_msgs_generate_messages_py
[0.825s] [  0%] Built target std_msgs_generate_messages_lisp
[0.825s] [  0%] Built target std_msgs_generate_messages_eus
[0.826s] [  0%] Built target std_msgs_generate_messages_cpp
[0.826s] [  0%] Built target std_msgs_generate_messages_nodejs
[0.826s] [  0%] Built target _autoware_lanelet2_msgs_generate_messages_check_deps_MapBin
[0.826s] [ 14%] Built target autoware_lanelet2_msgs_generate_messages_lisp
[0.826s] [ 28%] Built target autoware_lanelet2_msgs_generate_messages_nodejs
[0.826s] [ 57%] Built target autoware_lanelet2_msgs_generate_messages_py
[0.826s] [ 85%] Built target autoware_lanelet2_msgs_generate_messages_eus
[0.826s] [100%] Built target autoware_lanelet2_msgs_generate_messages_cpp
[0.945s] [100%] Built target autoware_lanelet2_msgs_generate_messages
[0.963s] Invoked command in '/home/autoware/Autoware/build/autoware_lanelet2_msgs' returned '0': /usr/bin/cmake --build /home/autoware/Autoware/build/autoware_lanelet2_msgs -- -j32 -l32
[1.094s] Invoking command in '/home/autoware/Autoware/build/autoware_lanelet2_msgs': /usr/bin/cmake --build /home/autoware/Autoware/build/autoware_lanelet2_msgs --target tests -- -j32 -l32
[1.202s] Built target tests
[1.237s] Invoked command in '/home/autoware/Autoware/build/autoware_lanelet2_msgs' returned '0': /usr/bin/cmake --build /home/autoware/Autoware/build/autoware_lanelet2_msgs --target tests -- -j32 -l32
[1.378s] Invoking command in '/home/autoware/Autoware/build/autoware_lanelet2_msgs': /usr/bin/cmake --build /home/autoware/Autoware/build/autoware_lanelet2_msgs --target install -- -j32 -l32
[1.663s] [  0%] Built target std_msgs_generate_messages_lisp
[1.663s] [  0%] Built target std_msgs_generate_messages_cpp
[1.664s] [  0%] Built target std_msgs_generate_messages_nodejs
[1.664s] [  0%] Built target std_msgs_generate_messages_py
[1.664s] [  0%] Built target std_msgs_generate_messages_eus
[1.664s] [  0%] Built target _autoware_lanelet2_msgs_generate_messages_check_deps_MapBin
[1.664s] [ 14%] Built target autoware_lanelet2_msgs_generate_messages_lisp
[1.665s] [ 28%] Built target autoware_lanelet2_msgs_generate_messages_nodejs
[1.665s] [ 85%] Built target autoware_lanelet2_msgs_generate_messages_py
[1.665s] [ 85%] Built target autoware_lanelet2_msgs_generate_messages_eus
[1.666s] [100%] Built target autoware_lanelet2_msgs_generate_messages_cpp
[1.666s] [100%] Built target autoware_lanelet2_msgs_generate_messages
[1.760s] Install the project...
[1.760s] -- Install configuration: "Release"
[1.760s] -- Up-to-date: /home/autoware/Autoware/install/autoware_lanelet2_msgs/share/autoware_lanelet2_msgs/msg/MapBin.msg
[1.760s] -- Up-to-date: /home/autoware/Autoware/install/autoware_lanelet2_msgs/share/autoware_lanelet2_msgs/cmake/autoware_lanelet2_msgs-msg-paths.cmake
[1.760s] -- Up-to-date: /home/autoware/Autoware/install/autoware_lanelet2_msgs/include/autoware_lanelet2_msgs
[1.761s] -- Up-to-date: /home/autoware/Autoware/install/autoware_lanelet2_msgs/include/autoware_lanelet2_msgs/MapBin.h
[1.761s] -- Up-to-date: /home/autoware/Autoware/install/autoware_lanelet2_msgs/share/roseus/ros/autoware_lanelet2_msgs
[1.764s] -- Up-to-date: /home/autoware/Autoware/install/autoware_lanelet2_msgs/share/roseus/ros/autoware_lanelet2_msgs/manifest.l
[1.764s] -- Up-to-date: /home/autoware/Autoware/install/autoware_lanelet2_msgs/share/roseus/ros/autoware_lanelet2_msgs/msg
[1.764s] -- Up-to-date: /home/autoware/Autoware/install/autoware_lanelet2_msgs/share/roseus/ros/autoware_lanelet2_msgs/msg/MapBin.l
[1.765s] -- Up-to-date: /home/autoware/Autoware/install/autoware_lanelet2_msgs/share/common-lisp/ros/autoware_lanelet2_msgs
[1.765s] -- Up-to-date: /home/autoware/Autoware/install/autoware_lanelet2_msgs/share/common-lisp/ros/autoware_lanelet2_msgs/msg
[1.765s] -- Up-to-date: /home/autoware/Autoware/install/autoware_lanelet2_msgs/share/common-lisp/ros/autoware_lanelet2_msgs/msg/_package_MapBin.lisp
[1.766s] -- Up-to-date: /home/autoware/Autoware/install/autoware_lanelet2_msgs/share/common-lisp/ros/autoware_lanelet2_msgs/msg/_package.lisp
[1.768s] -- Up-to-date: /home/autoware/Autoware/install/autoware_lanelet2_msgs/share/common-lisp/ros/autoware_lanelet2_msgs/msg/autoware_lanelet2_msgs-msg.asd
[1.768s] -- Up-to-date: /home/autoware/Autoware/install/autoware_lanelet2_msgs/share/common-lisp/ros/autoware_lanelet2_msgs/msg/MapBin.lisp
[1.768s] -- Up-to-date: /home/autoware/Autoware/install/autoware_lanelet2_msgs/share/gennodejs/ros/autoware_lanelet2_msgs
[1.768s] -- Up-to-date: /home/autoware/Autoware/install/autoware_lanelet2_msgs/share/gennodejs/ros/autoware_lanelet2_msgs/msg
[1.769s] -- Up-to-date: /home/autoware/Autoware/install/autoware_lanelet2_msgs/share/gennodejs/ros/autoware_lanelet2_msgs/msg/MapBin.js
[1.769s] -- Up-to-date: /home/autoware/Autoware/install/autoware_lanelet2_msgs/share/gennodejs/ros/autoware_lanelet2_msgs/msg/_index.js
[1.769s] -- Up-to-date: /home/autoware/Autoware/install/autoware_lanelet2_msgs/share/gennodejs/ros/autoware_lanelet2_msgs/_index.js
[1.769s] Listing /home/autoware/Autoware/build/autoware_lanelet2_msgs/devel/lib/python2.7/dist-packages/autoware_lanelet2_msgs ...
[1.769s] Listing /home/autoware/Autoware/build/autoware_lanelet2_msgs/devel/lib/python2.7/dist-packages/autoware_lanelet2_msgs/msg ...
[1.770s] -- Up-to-date: /home/autoware/Autoware/install/autoware_lanelet2_msgs/lib/python2.7/dist-packages/autoware_lanelet2_msgs
[1.771s] -- Up-to-date: /home/autoware/Autoware/install/autoware_lanelet2_msgs/lib/python2.7/dist-packages/autoware_lanelet2_msgs/__init__.py
[1.771s] -- Up-to-date: /home/autoware/Autoware/install/autoware_lanelet2_msgs/lib/python2.7/dist-packages/autoware_lanelet2_msgs/msg
[1.771s] -- Up-to-date: /home/autoware/Autoware/install/autoware_lanelet2_msgs/lib/python2.7/dist-packages/autoware_lanelet2_msgs/msg/__init__.py
[1.771s] -- Up-to-date: /home/autoware/Autoware/install/autoware_lanelet2_msgs/lib/python2.7/dist-packages/autoware_lanelet2_msgs/msg/_MapBin.pyc
[1.771s] -- Up-to-date: /home/autoware/Autoware/install/autoware_lanelet2_msgs/lib/python2.7/dist-packages/autoware_lanelet2_msgs/msg/__init__.pyc
[1.771s] -- Up-to-date: /home/autoware/Autoware/install/autoware_lanelet2_msgs/lib/python2.7/dist-packages/autoware_lanelet2_msgs/msg/_MapBin.py
[1.771s] -- Up-to-date: /home/autoware/Autoware/install/autoware_lanelet2_msgs/lib/python2.7/dist-packages/autoware_lanelet2_msgs/__init__.pyc
[1.771s] -- Up-to-date: /home/autoware/Autoware/install/autoware_lanelet2_msgs/lib/pkgconfig/autoware_lanelet2_msgs.pc
[1.771s] -- Up-to-date: /home/autoware/Autoware/install/autoware_lanelet2_msgs/share/autoware_lanelet2_msgs/cmake/autoware_lanelet2_msgs-msg-extras.cmake
[1.771s] -- Up-to-date: /home/autoware/Autoware/install/autoware_lanelet2_msgs/share/autoware_lanelet2_msgs/cmake/autoware_lanelet2_msgsConfig.cmake
[1.771s] -- Up-to-date: /home/autoware/Autoware/install/autoware_lanelet2_msgs/share/autoware_lanelet2_msgs/cmake/autoware_lanelet2_msgsConfig-version.cmake
[1.771s] -- Up-to-date: /home/autoware/Autoware/install/autoware_lanelet2_msgs/share/autoware_lanelet2_msgs/package.xml
[1.969s] Invoked command in '/home/autoware/Autoware/build/autoware_lanelet2_msgs' returned '0': /usr/bin/cmake --build /home/autoware/Autoware/build/autoware_lanelet2_msgs --target install -- -j32 -l32
