[0.563s] Invoking command in '/home/autoware/Autoware/build/microstrain_driver': /usr/bin/cmake --build /home/autoware/Autoware/build/microstrain_driver -- -j32 -l32
[0.750s] [ 76%] Built target microstrain_driver
[0.789s] [ 88%] Built target 3dm_gx5_15_node
[0.789s] [100%] Built target 3dm_gx5_45_node
[0.818s] Invoked command in '/home/autoware/Autoware/build/microstrain_driver' returned '0': /usr/bin/cmake --build /home/autoware/Autoware/build/microstrain_driver -- -j32 -l32
[1.041s] Invoking command in '/home/autoware/Autoware/build/microstrain_driver': /usr/bin/cmake --build /home/autoware/Autoware/build/microstrain_driver --target tests -- -j32 -l32
[1.149s] Built target tests
[1.211s] Invoked command in '/home/autoware/Autoware/build/microstrain_driver' returned '0': /usr/bin/cmake --build /home/autoware/Autoware/build/microstrain_driver --target tests -- -j32 -l32
[1.982s] Invoking command in '/home/autoware/Autoware/build/microstrain_driver': /usr/bin/cmake --build /home/autoware/Autoware/build/microstrain_driver --target install -- -j32 -l32
[2.350s] [ 76%] Built target microstrain_driver
[2.350s] [ 88%] Built target 3dm_gx5_15_node
[2.350s] [100%] Built target 3dm_gx5_45_node
[2.350s] Install the project...
[2.350s] -- Install configuration: "Release"
[2.350s] -- Up-to-date: /home/autoware/Autoware/install/microstrain_driver/lib/pkgconfig/microstrain_driver.pc
[2.350s] -- Up-to-date: /home/autoware/Autoware/install/microstrain_driver/share/microstrain_driver/cmake/microstrain_driverConfig.cmake
[2.350s] -- Up-to-date: /home/autoware/Autoware/install/microstrain_driver/share/microstrain_driver/cmake/microstrain_driverConfig-version.cmake
[2.351s] -- Up-to-date: /home/autoware/Autoware/install/microstrain_driver/share/microstrain_driver/package.xml
[2.351s] -- Up-to-date: /home/autoware/Autoware/install/microstrain_driver/lib/libmicrostrain_driver.so
[2.351s] -- Up-to-date: /home/autoware/Autoware/install/microstrain_driver/lib/microstrain_driver/3dm_gx5_15_node
[2.353s] -- Up-to-date: /home/autoware/Autoware/install/microstrain_driver/lib/microstrain_driver/3dm_gx5_45_node
[2.356s] -- Up-to-date: /home/autoware/Autoware/install/microstrain_driver/share/microstrain_driver/launch
[2.357s] -- Up-to-date: /home/autoware/Autoware/install/microstrain_driver/share/microstrain_driver/launch/microstrain.launch
[2.357s] -- Up-to-date: /home/autoware/Autoware/install/microstrain_driver/share/microstrain_driver/launch/3dm_gx5_15.launch
[2.428s] Invoked command in '/home/autoware/Autoware/build/microstrain_driver' returned '0': /usr/bin/cmake --build /home/autoware/Autoware/build/microstrain_driver --target install -- -j32 -l32
