[0.391s] Invoking command in '/home/autoware/Autoware/build/points_preprocessor': CMAKE_PREFIX_PATH=/home/autoware/Autoware/install/autoware_health_checker:/home/autoware/Autoware/install/ros_observer:/home/autoware/Autoware/install/autoware_system_msgs:/home/autoware/Autoware/install/autoware_config_msgs:/home/autoware/Autoware/install/autoware_build_flags:${CMAKE_PREFIX_PATH} LD_LIBRARY_PATH=/home/autoware/Autoware/install/autoware_health_checker/lib:/home/autoware/Autoware/install/ros_observer/lib:${LD_LIBRARY_PATH} PKG_CONFIG_PATH=/home/autoware/Autoware/install/autoware_health_checker/lib/x86_64-linux-gnu/pkgconfig:/home/autoware/Autoware/install/autoware_health_checker/lib/pkgconfig:/home/autoware/Autoware/install/ros_observer/lib/x86_64-linux-gnu/pkgconfig:/home/autoware/Autoware/install/ros_observer/lib/pkgconfig:/home/autoware/Autoware/install/autoware_system_msgs/lib/x86_64-linux-gnu/pkgconfig:/home/autoware/Autoware/install/autoware_system_msgs/lib/pkgconfig:/home/autoware/Autoware/install/autoware_config_msgs/lib/x86_64-linux-gnu/pkgconfig:/home/autoware/Autoware/install/autoware_config_msgs/lib/pkgconfig:/home/autoware/Autoware/install/autoware_build_flags/lib/x86_64-linux-gnu/pkgconfig:/home/autoware/Autoware/install/autoware_build_flags/lib/pkgconfig:${PKG_CONFIG_PATH} PYTHONPATH=/home/autoware/Autoware/install/autoware_system_msgs/lib/python2.7/dist-packages:/home/autoware/Autoware/install/autoware_config_msgs/lib/python2.7/dist-packages:${PYTHONPATH} ROS_PACKAGE_PATH=/home/autoware/Autoware/install/autoware_health_checker/share:/home/autoware/Autoware/install/ros_observer/share:/home/autoware/Autoware/install/autoware_system_msgs/share:/home/autoware/Autoware/install/autoware_config_msgs/share:/home/autoware/Autoware/install/autoware_build_flags/share:${ROS_PACKAGE_PATH} /usr/bin/cmake --build /home/autoware/Autoware/build/points_preprocessor -- -j32 -l32
[0.775s] [  0%] Built target velodyne_pointcloud_gencfg
[0.775s] [  0%] Built target tf2_msgs_generate_messages_eus
[0.775s] [  0%] Built target velodyne_msgs_generate_messages_nodejs
[0.775s] [  0%] Built target sensor_msgs_generate_messages_lisp
[0.775s] [  0%] Built target geometry_msgs_generate_messages_eus
[0.775s] [  0%] Built target topic_tools_generate_messages_cpp
[0.775s] [  0%] Built target tf2_msgs_generate_messages_py
[0.775s] [  0%] Built target roscpp_generate_messages_cpp
[0.775s] [  0%] Built target actionlib_generate_messages_py
[0.886s] [  0%] Built target rosgraph_msgs_generate_messages_cpp
[0.887s] [  0%] Built target velodyne_msgs_generate_messages_py
[0.887s] [  0%] Built target actionlib_msgs_generate_messages_py
[0.887s] [  0%] Built target geometry_msgs_generate_messages_cpp
[0.887s] [  0%] Built target diagnostic_msgs_generate_messages_py
[0.889s] [  0%] Built target diagnostic_msgs_generate_messages_nodejs
[0.889s] [  0%] Built target rosgraph_msgs_generate_messages_lisp
[0.889s] [  0%] Built target geometry_msgs_generate_messages_py
[0.889s] [  0%] Built target pcl_msgs_generate_messages_cpp
[0.889s] [  0%] Built target actionlib_generate_messages_cpp
[0.889s] [  0%] Built target tf2_msgs_generate_messages_nodejs
[0.889s] [  0%] Built target tf2_msgs_generate_messages_cpp
[0.893s] [  0%] Built target velodyne_msgs_generate_messages_eus
[0.893s] [  0%] Built target velodyne_msgs_generate_messages_lisp
[0.893s] [  0%] Built target actionlib_generate_messages_lisp
[0.893s] [  0%] Built target autoware_system_msgs_generate_messages_cpp
[0.893s] [  0%] Built target velodyne_driver_gencfg
[0.894s] [  0%] Built target diagnostic_msgs_generate_messages_lisp
[0.894s] [  0%] Built target diagnostic_msgs_generate_messages_eus
[0.894s] [  0%] Built target tf_generate_messages_nodejs
[0.894s] [  0%] Built target rosgraph_msgs_generate_messages_eus
[0.894s] [  0%] Built target tf_generate_messages_py
[0.894s] [  0%] Built target autoware_system_msgs_generate_messages_eus
[0.935s] [  0%] Built target geometry_msgs_generate_messages_lisp
[0.935s] [  0%] Built target dynamic_reconfigure_generate_messages_lisp
[0.937s] [  0%] Built target velodyne_msgs_generate_messages_cpp
[0.993s] [  0%] Built target autoware_system_msgs_generate_messages_lisp
[0.993s] [  0%] Built target std_msgs_generate_messages_cpp
[0.993s] [  0%] Built target nodelet_generate_messages_py
[0.993s] [  0%] Built target actionlib_msgs_generate_messages_eus
[0.993s] [  0%] Built target dynamic_reconfigure_generate_messages_cpp
[0.993s] [  0%] Built target geometry_msgs_generate_messages_nodejs
[0.993s] [  0%] Built target actionlib_msgs_generate_messages_lisp
[0.993s] [  0%] Built target rosgraph_msgs_generate_messages_nodejs
[0.994s] [  0%] Built target sensor_msgs_generate_messages_nodejs
[0.994s] [  0%] Built target autoware_config_msgs_generate_messages_cpp
[0.994s] [  0%] Built target autoware_system_msgs_generate_messages_nodejs
[0.994s] [  0%] Built target roscpp_generate_messages_nodejs
[0.994s] [  0%] Built target sensor_msgs_generate_messages_eus
[0.994s] [  0%] Built target roscpp_generate_messages_eus
[0.994s] [  0%] Built target topic_tools_generate_messages_eus
[0.994s] [  0%] Built target diagnostic_msgs_generate_messages_cpp
[0.994s] [  0%] Built target autoware_config_msgs_generate_messages_lisp
[0.994s] [  0%] Built target pcl_msgs_generate_messages_eus
[0.994s] [  0%] Built target autoware_config_msgs_generate_messages_eus
[0.994s] [  0%] Built target dynamic_reconfigure_generate_messages_eus
[0.994s] [  0%] Built target sensor_msgs_generate_messages_cpp
[0.995s] [  0%] Built target std_msgs_generate_messages_eus
[0.995s] [  0%] Built target autoware_system_msgs_generate_messages_py
[0.995s] [  0%] Built target std_msgs_generate_messages_nodejs
[1.023s] [  0%] Built target std_msgs_generate_messages_py
[1.023s] [  0%] Built target sensor_msgs_generate_messages_py
[1.023s] [  0%] Built target nodelet_generate_messages_nodejs
[1.023s] [  0%] Built target roscpp_generate_messages_py
[1.024s] [  0%] Built target actionlib_generate_messages_eus
[1.024s] [  0%] Built target bond_generate_messages_lisp
[1.024s] [  0%] Built target tf2_msgs_generate_messages_lisp
[1.046s] [  0%] Built target std_msgs_generate_messages_lisp
[1.046s] [  0%] Built target topic_tools_generate_messages_nodejs
[1.046s] [  0%] Built target dynamic_reconfigure_generate_messages_nodejs
[1.046s] [  0%] Built target std_srvs_generate_messages_eus
[1.046s] [  0%] Built target nodelet_generate_messages_eus
[1.046s] [  0%] Built target roscpp_generate_messages_lisp
[1.047s] [  0%] Built target dynamic_reconfigure_generate_messages_py
[1.047s] [  0%] Built target actionlib_msgs_generate_messages_nodejs
[1.047s] [  0%] Built target bond_generate_messages_py
[1.047s] [  0%] Built target pcl_msgs_generate_messages_nodejs
[1.047s] [  0%] Built target nodelet_topic_tools_gencfg
[1.047s] [  0%] Built target bond_generate_messages_eus
[1.047s] [  0%] Built target rosgraph_msgs_generate_messages_py
[1.142s] [  0%] Built target nodelet_generate_messages_lisp
[1.142s] [  0%] Built target actionlib_msgs_generate_messages_cpp
[1.142s] [  0%] Built target pcl_msgs_generate_messages_py
[1.142s] [  0%] Built target topic_tools_generate_messages_lisp
[1.142s] [  0%] Built target dynamic_reconfigure_gencfg
[1.142s] [  0%] Built target std_srvs_generate_messages_lisp
[1.142s] [  0%] Built target pcl_ros_gencfg
[1.142s] [  0%] Built target std_srvs_generate_messages_py
[1.143s] [  0%] Built target autoware_config_msgs_generate_messages_nodejs
[1.143s] [  0%] Built target std_srvs_generate_messages_cpp
[1.143s] [  0%] Built target std_srvs_generate_messages_nodejs
[1.143s] [  0%] Built target tf_generate_messages_lisp
[1.143s] [  0%] Built target autoware_config_msgs_generate_messages_py
[1.143s] [  0%] Built target bond_generate_messages_cpp
[1.143s] [  0%] Built target actionlib_generate_messages_nodejs
[1.143s] [  0%] Built target pcl_msgs_generate_messages_lisp
[1.144s] [  0%] Built target topic_tools_generate_messages_py
[1.144s] [  0%] Built target nodelet_generate_messages_cpp
[1.144s] [  0%] Built target bond_generate_messages_nodejs
[1.173s] [  0%] Built target tf_generate_messages_cpp
[1.174s] [  0%] Built target tf_generate_messages_eus
[1.208s] [ 14%] Built target space_filter
[1.242s] [ 28%] Built target ring_ground_filter
[1.242s] [ 42%] Built target cloud_transformer
[1.242s] [ 57%] Built target ray_ground_filter_lib
[1.242s] [ 71%] Built target compare_map_filter
[1.242s] [ 85%] Built target points_concat_filter
[1.270s] [100%] Built target ray_ground_filter
[1.554s] Invoked command in '/home/autoware/Autoware/build/points_preprocessor' returned '0': CMAKE_PREFIX_PATH=/home/autoware/Autoware/install/autoware_health_checker:/home/autoware/Autoware/install/ros_observer:/home/autoware/Autoware/install/autoware_system_msgs:/home/autoware/Autoware/install/autoware_config_msgs:/home/autoware/Autoware/install/autoware_build_flags:${CMAKE_PREFIX_PATH} LD_LIBRARY_PATH=/home/autoware/Autoware/install/autoware_health_checker/lib:/home/autoware/Autoware/install/ros_observer/lib:${LD_LIBRARY_PATH} PKG_CONFIG_PATH=/home/autoware/Autoware/install/autoware_health_checker/lib/x86_64-linux-gnu/pkgconfig:/home/autoware/Autoware/install/autoware_health_checker/lib/pkgconfig:/home/autoware/Autoware/install/ros_observer/lib/x86_64-linux-gnu/pkgconfig:/home/autoware/Autoware/install/ros_observer/lib/pkgconfig:/home/autoware/Autoware/install/autoware_system_msgs/lib/x86_64-linux-gnu/pkgconfig:/home/autoware/Autoware/install/autoware_system_msgs/lib/pkgconfig:/home/autoware/Autoware/install/autoware_config_msgs/lib/x86_64-linux-gnu/pkgconfig:/home/autoware/Autoware/install/autoware_config_msgs/lib/pkgconfig:/home/autoware/Autoware/install/autoware_build_flags/lib/x86_64-linux-gnu/pkgconfig:/home/autoware/Autoware/install/autoware_build_flags/lib/pkgconfig:${PKG_CONFIG_PATH} PYTHONPATH=/home/autoware/Autoware/install/autoware_system_msgs/lib/python2.7/dist-packages:/home/autoware/Autoware/install/autoware_config_msgs/lib/python2.7/dist-packages:${PYTHONPATH} ROS_PACKAGE_PATH=/home/autoware/Autoware/install/autoware_health_checker/share:/home/autoware/Autoware/install/ros_observer/share:/home/autoware/Autoware/install/autoware_system_msgs/share:/home/autoware/Autoware/install/autoware_config_msgs/share:/home/autoware/Autoware/install/autoware_build_flags/share:${ROS_PACKAGE_PATH} /usr/bin/cmake --build /home/autoware/Autoware/build/points_preprocessor -- -j32 -l32
[2.639s] Invoking command in '/home/autoware/Autoware/build/points_preprocessor': CMAKE_PREFIX_PATH=/home/autoware/Autoware/install/autoware_health_checker:/home/autoware/Autoware/install/ros_observer:/home/autoware/Autoware/install/autoware_system_msgs:/home/autoware/Autoware/install/autoware_config_msgs:/home/autoware/Autoware/install/autoware_build_flags:${CMAKE_PREFIX_PATH} LD_LIBRARY_PATH=/home/autoware/Autoware/install/autoware_health_checker/lib:/home/autoware/Autoware/install/ros_observer/lib:${LD_LIBRARY_PATH} PKG_CONFIG_PATH=/home/autoware/Autoware/install/autoware_health_checker/lib/x86_64-linux-gnu/pkgconfig:/home/autoware/Autoware/install/autoware_health_checker/lib/pkgconfig:/home/autoware/Autoware/install/ros_observer/lib/x86_64-linux-gnu/pkgconfig:/home/autoware/Autoware/install/ros_observer/lib/pkgconfig:/home/autoware/Autoware/install/autoware_system_msgs/lib/x86_64-linux-gnu/pkgconfig:/home/autoware/Autoware/install/autoware_system_msgs/lib/pkgconfig:/home/autoware/Autoware/install/autoware_config_msgs/lib/x86_64-linux-gnu/pkgconfig:/home/autoware/Autoware/install/autoware_config_msgs/lib/pkgconfig:/home/autoware/Autoware/install/autoware_build_flags/lib/x86_64-linux-gnu/pkgconfig:/home/autoware/Autoware/install/autoware_build_flags/lib/pkgconfig:${PKG_CONFIG_PATH} PYTHONPATH=/home/autoware/Autoware/install/autoware_system_msgs/lib/python2.7/dist-packages:/home/autoware/Autoware/install/autoware_config_msgs/lib/python2.7/dist-packages:${PYTHONPATH} ROS_PACKAGE_PATH=/home/autoware/Autoware/install/autoware_health_checker/share:/home/autoware/Autoware/install/ros_observer/share:/home/autoware/Autoware/install/autoware_system_msgs/share:/home/autoware/Autoware/install/autoware_config_msgs/share:/home/autoware/Autoware/install/autoware_build_flags/share:${ROS_PACKAGE_PATH} /usr/bin/cmake --build /home/autoware/Autoware/build/points_preprocessor --target tests -- -j32 -l32
[3.679s] Built target tests
[3.703s] Invoked command in '/home/autoware/Autoware/build/points_preprocessor' returned '0': CMAKE_PREFIX_PATH=/home/autoware/Autoware/install/autoware_health_checker:/home/autoware/Autoware/install/ros_observer:/home/autoware/Autoware/install/autoware_system_msgs:/home/autoware/Autoware/install/autoware_config_msgs:/home/autoware/Autoware/install/autoware_build_flags:${CMAKE_PREFIX_PATH} LD_LIBRARY_PATH=/home/autoware/Autoware/install/autoware_health_checker/lib:/home/autoware/Autoware/install/ros_observer/lib:${LD_LIBRARY_PATH} PKG_CONFIG_PATH=/home/autoware/Autoware/install/autoware_health_checker/lib/x86_64-linux-gnu/pkgconfig:/home/autoware/Autoware/install/autoware_health_checker/lib/pkgconfig:/home/autoware/Autoware/install/ros_observer/lib/x86_64-linux-gnu/pkgconfig:/home/autoware/Autoware/install/ros_observer/lib/pkgconfig:/home/autoware/Autoware/install/autoware_system_msgs/lib/x86_64-linux-gnu/pkgconfig:/home/autoware/Autoware/install/autoware_system_msgs/lib/pkgconfig:/home/autoware/Autoware/install/autoware_config_msgs/lib/x86_64-linux-gnu/pkgconfig:/home/autoware/Autoware/install/autoware_config_msgs/lib/pkgconfig:/home/autoware/Autoware/install/autoware_build_flags/lib/x86_64-linux-gnu/pkgconfig:/home/autoware/Autoware/install/autoware_build_flags/lib/pkgconfig:${PKG_CONFIG_PATH} PYTHONPATH=/home/autoware/Autoware/install/autoware_system_msgs/lib/python2.7/dist-packages:/home/autoware/Autoware/install/autoware_config_msgs/lib/python2.7/dist-packages:${PYTHONPATH} ROS_PACKAGE_PATH=/home/autoware/Autoware/install/autoware_health_checker/share:/home/autoware/Autoware/install/ros_observer/share:/home/autoware/Autoware/install/autoware_system_msgs/share:/home/autoware/Autoware/install/autoware_config_msgs/share:/home/autoware/Autoware/install/autoware_build_flags/share:${ROS_PACKAGE_PATH} /usr/bin/cmake --build /home/autoware/Autoware/build/points_preprocessor --target tests -- -j32 -l32
[4.257s] Invoking command in '/home/autoware/Autoware/build/points_preprocessor': CMAKE_PREFIX_PATH=/home/autoware/Autoware/install/autoware_health_checker:/home/autoware/Autoware/install/ros_observer:/home/autoware/Autoware/install/autoware_system_msgs:/home/autoware/Autoware/install/autoware_config_msgs:/home/autoware/Autoware/install/autoware_build_flags:${CMAKE_PREFIX_PATH} LD_LIBRARY_PATH=/home/autoware/Autoware/install/autoware_health_checker/lib:/home/autoware/Autoware/install/ros_observer/lib:${LD_LIBRARY_PATH} PKG_CONFIG_PATH=/home/autoware/Autoware/install/autoware_health_checker/lib/x86_64-linux-gnu/pkgconfig:/home/autoware/Autoware/install/autoware_health_checker/lib/pkgconfig:/home/autoware/Autoware/install/ros_observer/lib/x86_64-linux-gnu/pkgconfig:/home/autoware/Autoware/install/ros_observer/lib/pkgconfig:/home/autoware/Autoware/install/autoware_system_msgs/lib/x86_64-linux-gnu/pkgconfig:/home/autoware/Autoware/install/autoware_system_msgs/lib/pkgconfig:/home/autoware/Autoware/install/autoware_config_msgs/lib/x86_64-linux-gnu/pkgconfig:/home/autoware/Autoware/install/autoware_config_msgs/lib/pkgconfig:/home/autoware/Autoware/install/autoware_build_flags/lib/x86_64-linux-gnu/pkgconfig:/home/autoware/Autoware/install/autoware_build_flags/lib/pkgconfig:${PKG_CONFIG_PATH} PYTHONPATH=/home/autoware/Autoware/install/autoware_system_msgs/lib/python2.7/dist-packages:/home/autoware/Autoware/install/autoware_config_msgs/lib/python2.7/dist-packages:${PYTHONPATH} ROS_PACKAGE_PATH=/home/autoware/Autoware/install/autoware_health_checker/share:/home/autoware/Autoware/install/ros_observer/share:/home/autoware/Autoware/install/autoware_system_msgs/share:/home/autoware/Autoware/install/autoware_config_msgs/share:/home/autoware/Autoware/install/autoware_build_flags/share:${ROS_PACKAGE_PATH} /usr/bin/cmake --build /home/autoware/Autoware/build/points_preprocessor --target install -- -j32 -l32
[4.450s] [  0%] Built target tf2_msgs_generate_messages_py
[4.456s] [  0%] Built target tf2_msgs_generate_messages_nodejs
[4.457s] [  0%] Built target tf_generate_messages_nodejs
[4.458s] [  0%] Built target velodyne_msgs_generate_messages_nodejs
[4.461s] [  0%] Built target diagnostic_msgs_generate_messages_eus
[4.462s] [  0%] Built target actionlib_generate_messages_lisp
[4.467s] [  0%] Built target velodyne_msgs_generate_messages_py
[4.471s] [  0%] Built target dynamic_reconfigure_generate_messages_lisp
[4.474s] [  0%] Built target autoware_system_msgs_generate_messages_cpp
[4.514s] [  0%] Built target actionlib_generate_messages_py
[4.514s] [  0%] Built target diagnostic_msgs_generate_messages_lisp
[4.514s] [  0%] Built target velodyne_msgs_generate_messages_eus
[4.514s] [  0%] Built target velodyne_msgs_generate_messages_lisp
[4.514s] [  0%] Built target pcl_msgs_generate_messages_cpp
[4.514s] [  0%] Built target sensor_msgs_generate_messages_lisp
[4.515s] [  0%] Built target geometry_msgs_generate_messages_cpp
[4.515s] [  0%] Built target tf2_msgs_generate_messages_cpp
[4.515s] [  0%] Built target velodyne_driver_gencfg
[4.515s] [  0%] Built target velodyne_pointcloud_gencfg
[4.515s] [  0%] Built target actionlib_msgs_generate_messages_py
[4.515s] [  0%] Built target geometry_msgs_generate_messages_lisp
[4.515s] [  0%] Built target roscpp_generate_messages_cpp
[4.515s] [  0%] Built target geometry_msgs_generate_messages_eus
[4.515s] [  0%] Built target rosgraph_msgs_generate_messages_cpp
[4.515s] [  0%] Built target rosgraph_msgs_generate_messages_lisp
[4.515s] [  0%] Built target actionlib_generate_messages_cpp
[4.515s] [  0%] Built target tf2_msgs_generate_messages_eus
[4.519s] [  0%] Built target diagnostic_msgs_generate_messages_nodejs
[4.520s] [  0%] Built target topic_tools_generate_messages_cpp
[4.527s] [  0%] Built target geometry_msgs_generate_messages_py
[4.541s] [  0%] Built target velodyne_msgs_generate_messages_cpp
[4.542s] [  0%] Built target diagnostic_msgs_generate_messages_py
[4.550s] [  0%] Built target roscpp_generate_messages_eus
[4.551s] [  0%] Built target rosgraph_msgs_generate_messages_eus
[4.556s] [  0%] Built target autoware_system_msgs_generate_messages_eus
[4.562s] [  0%] Built target autoware_system_msgs_generate_messages_lisp
[4.628s] [  0%] Built target sensor_msgs_generate_messages_cpp
[4.628s] [  0%] Built target autoware_config_msgs_generate_messages_cpp
[4.628s] [  0%] Built target actionlib_msgs_generate_messages_lisp
[4.628s] [  0%] Built target tf_generate_messages_py
[4.628s] [  0%] Built target autoware_system_msgs_generate_messages_py
[4.628s] [  0%] Built target autoware_system_msgs_generate_messages_nodejs
[4.628s] [  0%] Built target std_msgs_generate_messages_lisp
[4.629s] [  0%] Built target nodelet_generate_messages_py
[4.629s] [  0%] Built target actionlib_msgs_generate_messages_eus
[4.629s] [  0%] Built target dynamic_reconfigure_generate_messages_eus
[4.631s] [  0%] Built target std_msgs_generate_messages_eus
[4.632s] [  0%] Built target dynamic_reconfigure_generate_messages_cpp
[4.632s] [  0%] Built target std_msgs_generate_messages_cpp
[4.632s] [  0%] Built target rosgraph_msgs_generate_messages_py
[4.632s] [  0%] Built target sensor_msgs_generate_messages_eus
[4.632s] [  0%] Built target roscpp_generate_messages_nodejs
[4.632s] [  0%] Built target geometry_msgs_generate_messages_nodejs
[4.658s] [  0%] Built target bond_generate_messages_lisp
[4.659s] [  0%] Built target pcl_msgs_generate_messages_nodejs
[4.659s] [  0%] Built target sensor_msgs_generate_messages_nodejs
[4.659s] [  0%] Built target std_msgs_generate_messages_py
[4.659s] [  0%] Built target autoware_config_msgs_generate_messages_lisp
[4.659s] [  0%] Built target std_msgs_generate_messages_nodejs
[4.659s] [  0%] Built target rosgraph_msgs_generate_messages_nodejs
[4.659s] [  0%] Built target dynamic_reconfigure_gencfg
[4.659s] [  0%] Built target dynamic_reconfigure_generate_messages_nodejs
[4.659s] [  0%] Built target pcl_msgs_generate_messages_py
[4.659s] [  0%] Built target autoware_config_msgs_generate_messages_eus
[4.659s] [  0%] Built target diagnostic_msgs_generate_messages_cpp
[4.659s] [  0%] Built target sensor_msgs_generate_messages_py
[4.660s] [  0%] Built target nodelet_generate_messages_nodejs
[4.660s] [  0%] Built target topic_tools_generate_messages_eus
[4.660s] [  0%] Built target pcl_msgs_generate_messages_eus
[4.660s] [  0%] Built target roscpp_generate_messages_py
[4.662s] [  0%] Built target topic_tools_generate_messages_nodejs
[4.678s] [  0%] Built target nodelet_generate_messages_cpp
[4.678s] [  0%] Built target pcl_ros_gencfg
[4.684s] [  0%] Built target roscpp_generate_messages_lisp
[4.685s] [  0%] Built target nodelet_generate_messages_lisp
[4.685s] [  0%] Built target tf2_msgs_generate_messages_lisp
[4.687s] [  0%] Built target std_srvs_generate_messages_nodejs
[4.687s] [  0%] Built target actionlib_generate_messages_eus
[4.688s] [  0%] Built target std_srvs_generate_messages_eus
[4.690s] [  0%] Built target dynamic_reconfigure_generate_messages_py
[4.691s] [  0%] Built target bond_generate_messages_py
[4.702s] [  0%] Built target pcl_msgs_generate_messages_lisp
[4.703s] [  0%] Built target autoware_config_msgs_generate_messages_py
[4.712s] [  0%] Built target bond_generate_messages_eus
[4.713s] [  0%] Built target std_srvs_generate_messages_lisp
[4.717s] [  0%] Built target actionlib_msgs_generate_messages_nodejs
[4.719s] [  0%] Built target nodelet_generate_messages_eus
[4.721s] [  0%] Built target tf_generate_messages_lisp
[4.726s] [  0%] Built target std_srvs_generate_messages_py
[4.727s] [  0%] Built target bond_generate_messages_cpp
[4.729s] [  0%] Built target tf_generate_messages_cpp
[4.736s] [  0%] Built target tf_generate_messages_eus
[4.738s] [  0%] Built target topic_tools_generate_messages_py
[4.739s] [  0%] Built target topic_tools_generate_messages_lisp
[4.767s] [  0%] Built target autoware_config_msgs_generate_messages_nodejs
[4.767s] [  0%] Built target actionlib_msgs_generate_messages_cpp
[4.767s] [  0%] Built target bond_generate_messages_nodejs
[4.767s] [  0%] Built target nodelet_topic_tools_gencfg
[4.767s] [  0%] Built target std_srvs_generate_messages_cpp
[4.773s] [  0%] Built target actionlib_generate_messages_nodejs
[4.845s] [ 14%] Built target space_filter
[4.847s] [ 28%] Built target points_concat_filter
[4.860s] [ 57%] Built target compare_map_filter
[4.860s] [ 42%] Built target cloud_transformer
[4.860s] [ 71%] Built target ray_ground_filter_lib
[4.861s] [ 85%] Built target ring_ground_filter
[4.914s] [100%] Built target ray_ground_filter
[4.951s] Install the project...
[4.983s] -- Install configuration: "Release"
[4.983s] -- Up-to-date: /home/autoware/Autoware/install/points_preprocessor/lib/pkgconfig/points_preprocessor.pc
[4.984s] -- Up-to-date: /home/autoware/Autoware/install/points_preprocessor/share/points_preprocessor/cmake/points_preprocessorConfig.cmake
[4.984s] -- Up-to-date: /home/autoware/Autoware/install/points_preprocessor/share/points_preprocessor/cmake/points_preprocessorConfig-version.cmake
[4.984s] -- Up-to-date: /home/autoware/Autoware/install/points_preprocessor/share/points_preprocessor/package.xml
[4.984s] -- Up-to-date: /home/autoware/Autoware/install/points_preprocessor/lib/points_preprocessor/cloud_transformer
[4.985s] -- Up-to-date: /home/autoware/Autoware/install/points_preprocessor/lib/points_preprocessor/points_concat_filter
[5.003s] -- Up-to-date: /home/autoware/Autoware/install/points_preprocessor/lib/libray_ground_filter_lib.so
[5.028s] -- Up-to-date: /home/autoware/Autoware/install/points_preprocessor/lib/points_preprocessor/ray_ground_filter
[5.049s] -- Up-to-date: /home/autoware/Autoware/install/points_preprocessor/lib/points_preprocessor/ring_ground_filter
[5.049s] -- Up-to-date: /home/autoware/Autoware/install/points_preprocessor/lib/points_preprocessor/space_filter
[5.050s] -- Up-to-date: /home/autoware/Autoware/install/points_preprocessor/lib/points_preprocessor/compare_map_filter
[5.067s] -- Up-to-date: /home/autoware/Autoware/install/points_preprocessor/include
[5.068s] -- Up-to-date: /home/autoware/Autoware/install/points_preprocessor/include/gencolors.cpp
[5.071s] -- Up-to-date: /home/autoware/Autoware/install/points_preprocessor/include/points_preprocessor
[5.072s] -- Up-to-date: /home/autoware/Autoware/install/points_preprocessor/include/points_preprocessor/ray_ground_filter
[5.073s] -- Up-to-date: /home/autoware/Autoware/install/points_preprocessor/include/points_preprocessor/ray_ground_filter/ray_ground_filter.h
[5.074s] -- Up-to-date: /home/autoware/Autoware/install/points_preprocessor/share/points_preprocessor/launch
[5.074s] -- Up-to-date: /home/autoware/Autoware/install/points_preprocessor/share/points_preprocessor/launch/compare_map_filter.launch
[5.074s] -- Up-to-date: /home/autoware/Autoware/install/points_preprocessor/share/points_preprocessor/launch/ray_ground_filter.launch
[5.074s] -- Up-to-date: /home/autoware/Autoware/install/points_preprocessor/share/points_preprocessor/launch/points_concat_filter.launch
[5.075s] -- Up-to-date: /home/autoware/Autoware/install/points_preprocessor/share/points_preprocessor/launch/cloud_transformer.launch
[5.075s] -- Up-to-date: /home/autoware/Autoware/install/points_preprocessor/share/points_preprocessor/launch/space_filter.launch
[5.075s] -- Up-to-date: /home/autoware/Autoware/install/points_preprocessor/share/points_preprocessor/launch/ring_ground_filter.launch
[5.080s] Invoked command in '/home/autoware/Autoware/build/points_preprocessor' returned '0': CMAKE_PREFIX_PATH=/home/autoware/Autoware/install/autoware_health_checker:/home/autoware/Autoware/install/ros_observer:/home/autoware/Autoware/install/autoware_system_msgs:/home/autoware/Autoware/install/autoware_config_msgs:/home/autoware/Autoware/install/autoware_build_flags:${CMAKE_PREFIX_PATH} LD_LIBRARY_PATH=/home/autoware/Autoware/install/autoware_health_checker/lib:/home/autoware/Autoware/install/ros_observer/lib:${LD_LIBRARY_PATH} PKG_CONFIG_PATH=/home/autoware/Autoware/install/autoware_health_checker/lib/x86_64-linux-gnu/pkgconfig:/home/autoware/Autoware/install/autoware_health_checker/lib/pkgconfig:/home/autoware/Autoware/install/ros_observer/lib/x86_64-linux-gnu/pkgconfig:/home/autoware/Autoware/install/ros_observer/lib/pkgconfig:/home/autoware/Autoware/install/autoware_system_msgs/lib/x86_64-linux-gnu/pkgconfig:/home/autoware/Autoware/install/autoware_system_msgs/lib/pkgconfig:/home/autoware/Autoware/install/autoware_config_msgs/lib/x86_64-linux-gnu/pkgconfig:/home/autoware/Autoware/install/autoware_config_msgs/lib/pkgconfig:/home/autoware/Autoware/install/autoware_build_flags/lib/x86_64-linux-gnu/pkgconfig:/home/autoware/Autoware/install/autoware_build_flags/lib/pkgconfig:${PKG_CONFIG_PATH} PYTHONPATH=/home/autoware/Autoware/install/autoware_system_msgs/lib/python2.7/dist-packages:/home/autoware/Autoware/install/autoware_config_msgs/lib/python2.7/dist-packages:${PYTHONPATH} ROS_PACKAGE_PATH=/home/autoware/Autoware/install/autoware_health_checker/share:/home/autoware/Autoware/install/ros_observer/share:/home/autoware/Autoware/install/autoware_system_msgs/share:/home/autoware/Autoware/install/autoware_config_msgs/share:/home/autoware/Autoware/install/autoware_build_flags/share:${ROS_PACKAGE_PATH} /usr/bin/cmake --build /home/autoware/Autoware/build/points_preprocessor --target install -- -j32 -l32
